Mplus VERSION 8.7
MUTHEN & MUTHEN
07/14/2023  11:15 PM

INPUT INSTRUCTIONS


  DATA:
  FILE IS data4.dat;

  VARIABLE:   NAMES =
  	    Eth_ID Time Time_between Time_inc
  	    PA_enth NA_irri NA_verv PA_tevr PA_ener
       	    PA_kalm NA_nerv PA_daadk NA_verdr
  	    PA_vrol NA_boos PA_dankb NA_somb PER_att
      	    PER_refl PER_self PER_expr PER_damp
  	    PER_codamp PER_capit Sample age_yr gesl BDI
      	    Measures_valid BDI_anh Anhedonia
   	    BDI_sum PA NA day compliance;

              USEVARIABLES are PER_codamp PA NA Anhedonia BDI_sum;
              MISSING is .;
              within = ;
              between = Anhedonia BDI_sum ;
              cluster = Eth_ID;
              lagged= PA NA(1);
              tinterval=Time_inc (150);


  DEFINE:     CENTER Anhedonia BDI_sum (grandmean);

  ANALYSIS:   type = twolevel random;
              estimator = Bayes;
              biterations=(2000);
  !            bconvergence=0.005;
              thin=2;
              PROCESSORS=16;
  MODEL:
  %WITHIN%
  sPA_PR | PER_codamp on PA&1;
  sNA_PR | PER_codamp on NA&1;
  PA on PA&1@0;
  NA on NA&1@0;
  PER_codamp with PA@0;
  PER_codamp with NA@0;

  %between%
  sPA_PR sNA_PR on Anhedonia BDI_sum;
  PER_codamp on Anhedonia BDI_sum;


  OUTPUT: standardized tech1 tech8 cinterval patterns;
  PLOT: TYPE = PLOT3;



*** WARNING in VARIABLE command
  Note that only the first 8 characters of variable names are used in the output.
  Shorten variable names to avoid any confusion.
*** WARNING in MODEL command
  A y-variable has been declared on the within level but not referred to on
  the between level.  Please check that this is what is intended.  If this is not intended,
  specify the variable as a within variable.  Problem with:  PA
*** WARNING in MODEL command
  A y-variable has been declared on the within level but not referred to on
  the between level.  Please check that this is what is intended.  If this is not intended,
  specify the variable as a within variable.  Problem with:  NA
*** WARNING in PLOT command
  Note that only the first 8 characters of variable names are used in plots.
  If variable names are not unique within the first 8 characters, problems
  may occur.
*** WARNING
  One or more individual-level variables have no variation within a
  cluster for the following clusters.

     Variable   Cluster IDs with no within-cluster variation

      PER_CODA    82 89 71 148 165 127 73 177

*** WARNING
  Data set contains cases with missing on all variables.  Cases that appeared before the first
  case with observed data and that appeared after the last case with observed data were not
  included in the analysis.  Number of deleted cases:  785
   6 WARNING(S) FOUND IN THE INPUT INSTRUCTIONS




SUMMARY OF ANALYSIS

Number of groups                                                 1
Number of observations                                       22024

Number of dependent variables                                    3
Number of independent variables                                  4
Number of continuous latent variables                            2

Observed dependent variables

  Continuous
   PER_CODAMP  PA          NA

Observed independent variables
   ANHEDONI    BDI_SUM     PA&1        NA&1

Continuous latent variables
   SPA_PR      SNA_PR

Variables with special functions

  Cluster variable      ETH_ID

  Within variables
   PA&1        NA&1

  Between variables
   ANHEDONI    BDI_SUM

  Centering (GRANDMEAN)
   ANHEDONI    BDI_SUM


Estimator                                                    BAYES
Specifications for Bayesian Estimation
  Point estimate                                            MEDIAN
  Number of Markov chain Monte Carlo (MCMC) chains               2
  Random seed for the first chain                                0
  Starting value information                           UNPERTURBED
  Algorithm used for Markov chain Monte Carlo           GIBBS(PX1)
  Convergence criterion                                  0.500D-01
  Maximum number of iterations                               50000
  K-th iteration used for thinning                               2

Input data file(s)
  data4.dat
Input data format  FREE


SUMMARY OF DATA

     Number of clusters                        179

       Size (s)    Cluster ID with Size s

         30        83
         33        8
         41        58
         43        41
         56        28
         58        33
         67        121
         80        82
         84        87
         88        72
         89        143
         96        113
         97        34
        100        157 134
        101        10
        103        164
        105        52
        106        154
        108        119
        109        90
        111        36
        113        182
        115        131 89
        116        15 75 77 188 78
        117        11
        118        16 49 57 66 195
        119        71 149 48 50 106 92 38 186 163 197
        120        168 148 108 7 192 98 61 165 55
        121        189
        122        174
        123        127
        124        184 161 51 103 117
        125        54 13 112 88 30 44 40 53 68 93 100 105 123 73
        126        111 102 65 76 109 120 107 80 172 173
        127        133 70 62 104 32 139 115 25 67 46 86 178 193 126 110
                   130 198 147 118 177
        128        5 153 156 180 96 18 196 59 43
        129        141 39 125 116 190 3 185 135 187 137 146 144 69
        130        166 14 97 138
        133        191
        134        2
        135        60 194 63 201 183 200
        136        26 56 122
        137        155 95 9 4 22 42 19
        138        94 132 29
        139        35 37 79 74 21 145 84 114 45
        142        27
        143        179
        144        170 24 171
        145        124 1 162 20
        146        6 151 167
        147        31 142
        148        176 159



SUMMARY OF MISSING DATA PATTERNS

     Number of missing data patterns            14


     MISSING DATA PATTERNS (x = not missing)

           1  2  3  4  5  6  7  8  9 10 11 12 13 14
 PER_CODA  x  x              x           x     x  x
 PA        x  x        x  x     x     x  x     x
 NA        x  x        x  x              x  x  x
 PA&1      x     x        x  x  x  x     x
 NA&1      x     x        x  x  x              x
 ANHEDONI  x  x  x  x  x  x  x  x  x  x  x  x  x  x
 BDI_SUM   x  x  x  x  x  x  x  x  x  x  x  x  x  x


     MISSING DATA PATTERN FREQUENCIES

    Pattern   Frequency     Pattern   Frequency     Pattern   Frequency
          1        4978           6          68          11           5
          2        3413           7           3          12           1
          3        3324           8           2          13           1
          4       10135           9           1          14           1
          5          88          10           4


COVARIANCE COVERAGE OF DATA

Minimum covariance coverage value   0.100


     PROPORTION OF DATA PRESENT


           Covariance Coverage
              PER_CODA      PA            NA            ANHEDONI      BDI_SUM
              ________      ________      ________      ________      ________
 PER_CODA       0.381
 PA             0.381         0.389
 NA             0.381         0.388         0.388
 ANHEDONI       0.381         0.389         0.388         1.000
 BDI_SUM        0.381         0.389         0.388         1.000         1.000



UNIVARIATE SAMPLE STATISTICS


     UNIVARIATE HIGHER-ORDER MOMENT DESCRIPTIVE STATISTICS

         Variable/         Mean/     Skewness/   Minimum/ % with                Percentiles
        Sample Size      Variance    Kurtosis    Maximum  Min/Max      20%/60%    40%/80%    Median

     PER_CODAMP           10.034       2.478       0.000   24.28%       0.000      4.000      6.000
            8401.000     185.703       6.867     100.000    0.01%       8.000     14.000
     PA                   45.669      -0.016       0.000    0.28%      30.857     41.714     46.143
            8559.000     302.149      -0.232     100.000    0.07%      50.429     60.429
     NA                   15.162       1.398       0.000    6.98%       5.167      9.333     11.667
            8554.000     166.308       1.946      80.667    0.01%      14.500     23.333
     ANHEDONIA             0.000       0.575     -18.053    0.56%      -7.399     -2.782     -0.678
             179.000      77.664       0.629      30.293    0.56%       1.530      6.218
     BDI_SUM               0.000       1.131      -8.296    5.03%      -5.296     -3.296     -1.296
             179.000      37.694       1.751      27.704    0.56%       0.704      3.704


THE MODEL ESTIMATION TERMINATED NORMALLY

     USE THE FBITERATIONS OPTION TO INCREASE THE NUMBER OF ITERATIONS BY A FACTOR
     OF AT LEAST TWO TO CHECK CONVERGENCE AND THAT THE PSR VALUE DOES NOT INCREASE.



MODEL FIT INFORMATION

Number of Free Parameters                              20

Information Criteria

          Deviance (DIC)                       529255.727
          Estimated Number of Parameters (pD)   40877.921



MODEL RESULTS

                                Posterior  One-Tailed         95% C.I.
                    Estimate       S.D.      P-Value   Lower 2.5%  Upper 2.5%  Significance

Within Level

 PA         ON
    PA&1               0.000       0.000      1.000       0.000       0.000

 NA         ON
    NA&1               0.000       0.000      1.000       0.000       0.000

 PER_CODA WITH
    PA                 0.000       0.000      1.000       0.000       0.000
    NA                 0.000       0.000      1.000       0.000       0.000

 NA       WITH
    PA               -62.118       1.582      0.000     -65.192     -59.081      *

 Residual Variances
    PER_CODAMP        66.746       1.234      0.000      64.380      69.183      *
    PA               176.261       2.701      0.000     171.102     181.667      *
    NA                94.686       1.500      0.000      91.899      97.715      *

Between Level

 SPA_PR     ON
    ANHEDONIA          0.002       0.003      0.273      -0.004       0.008
    BDI_SUM            0.006       0.005      0.092      -0.003       0.015

 SNA_PR     ON
    ANHEDONIA          0.002       0.003      0.298      -0.005       0.008
    BDI_SUM            0.000       0.005      0.493      -0.009       0.009

 PER_CODAMP ON
    ANHEDONIA         -0.008       0.091      0.464      -0.189       0.163
    BDI_SUM            0.341       0.131      0.005       0.083       0.590      *

 Means
    PA                45.914       0.876      0.000      44.210      47.664      *
    NA                15.669       0.666      0.000      14.402      17.018      *

 Intercepts
    PER_CODAMP        10.763       0.799      0.000       9.222      12.321      *
    SPA_PR             0.057       0.028      0.020       0.003       0.111      *
    SNA_PR             0.081       0.029      0.004       0.022       0.136      *

 Variances
    PA               131.735      15.079      0.000     106.715     166.031      *
    NA                76.778       8.519      0.000      63.006      96.180      *

 Residual Variances
    PER_CODAMP       107.668      12.370      0.000      87.456     136.184      *
    SPA_PR             0.094       0.014      0.000       0.071       0.126      *
    SNA_PR             0.084       0.016      0.000       0.059       0.121      *


STANDARDIZED MODEL RESULTS


STDYX Standardization

                                Posterior  One-Tailed         95% C.I.
                    Estimate       S.D.      P-Value   Lower 2.5%  Upper 2.5%  Significance

Within-Level Standardized Estimates Averaged Over Clusters

 SPA_PR | PER_CODAMP ON
    PA&1               0.067       0.018      0.000       0.035       0.104      *

 SNA_PR | PER_CODAMP ON
    NA&1               0.083       0.019      0.000       0.045       0.118      *

 PA         ON
    PA&1               0.000       0.000      1.000       0.000       0.000

 NA         ON
    NA&1               0.000       0.000      1.000       0.000       0.000

 PER_CODA WITH
    PA                 0.000       0.000      1.000       0.000       0.000
    NA                 0.000       0.000      1.000       0.000       0.000

 NA       WITH
    PA                -0.481       0.008      0.000      -0.496      -0.464      *

 Residual Variances
    PER_CODAMP         0.827       0.007      0.000       0.813       0.840      *
    PA                 1.000       0.000      0.000       1.000       1.000
    NA                 1.000       0.000      0.000       1.000       1.000

Between Level

 SPA_PR     ON
    ANHEDONIA          0.037       0.062      0.273      -0.083       0.158
    BDI_SUM            0.082       0.062      0.092      -0.041       0.205

 SNA_PR     ON
    ANHEDONIA          0.037       0.069      0.298      -0.094       0.169
    BDI_SUM           -0.001       0.070      0.493      -0.137       0.135

 PER_CODAMP ON
    ANHEDONIA         -0.005       0.054      0.464      -0.112       0.097
    BDI_SUM            0.138       0.052      0.005       0.033       0.235      *

 Means
    PA                 4.001       0.233      0.000       3.541       4.452      *
    NA                 1.788       0.123      0.000       1.543       2.032      *

 Intercepts
    PER_CODAMP         1.025       0.094      0.000       0.834       1.205      *
    SPA_PR             0.184       0.090      0.020       0.010       0.360      *
    SNA_PR             0.278       0.104      0.004       0.073       0.485      *

 Variances
    PA                 1.000       0.000      0.000       1.000       1.000
    NA                 1.000       0.000      0.000       1.000       1.000

 Residual Variances
    PER_CODAMP         0.978       0.015      0.000       0.941       0.997      *
    SPA_PR             0.987       0.013      0.000       0.951       0.999      *
    SNA_PR             0.992       0.011      0.000       0.962       1.000      *


STDY Standardization

                                Posterior  One-Tailed         95% C.I.
                    Estimate       S.D.      P-Value   Lower 2.5%  Upper 2.5%  Significance

Within-Level Standardized Estimates Averaged Over Clusters

 SPA_PR | PER_CODAMP ON
    PA&1               0.005       0.001      0.000       0.003       0.008      *

 SNA_PR | PER_CODAMP ON
    NA&1               0.009       0.002      0.000       0.005       0.012      *

 PA         ON
    PA&1               0.000       0.000      1.000       0.000       0.000

 NA         ON
    NA&1               0.000       0.000      1.000       0.000       0.000

 PER_CODA WITH
    PA                 0.000       0.000      1.000       0.000       0.000
    NA                 0.000       0.000      1.000       0.000       0.000

 NA       WITH
    PA                -0.481       0.008      0.000      -0.496      -0.464      *

 Residual Variances
    PER_CODAMP         0.827       0.007      0.000       0.813       0.840      *
    PA                 1.000       0.000      0.000       1.000       1.000
    NA                 1.000       0.000      0.000       1.000       1.000

Between Level

 SPA_PR     ON
    ANHEDONIA          0.006       0.010      0.273      -0.013       0.025
    BDI_SUM            0.019       0.015      0.092      -0.010       0.048

 SNA_PR     ON
    ANHEDONIA          0.006       0.011      0.298      -0.015       0.027
    BDI_SUM            0.000       0.016      0.493      -0.032       0.032

 PER_CODAMP ON
    ANHEDONIA         -0.001       0.009      0.464      -0.018       0.015
    BDI_SUM            0.032       0.012      0.005       0.008       0.055      *

 Means
    PA                 4.001       0.233      0.000       3.541       4.452      *
    NA                 1.788       0.123      0.000       1.543       2.032      *

 Intercepts
    PER_CODAMP         1.025       0.094      0.000       0.834       1.205      *
    SPA_PR             0.184       0.090      0.020       0.010       0.360      *
    SNA_PR             0.278       0.104      0.004       0.073       0.485      *

 Variances
    PA                 1.000       0.000      0.000       1.000       1.000
    NA                 1.000       0.000      0.000       1.000       1.000

 Residual Variances
    PER_CODAMP         0.978       0.015      0.000       0.941       0.997      *
    SPA_PR             0.987       0.013      0.000       0.951       0.999      *
    SNA_PR             0.992       0.011      0.000       0.962       1.000      *


STD Standardization

                                Posterior  One-Tailed         95% C.I.
                    Estimate       S.D.      P-Value   Lower 2.5%  Upper 2.5%  Significance

Within-Level Standardized Estimates Averaged Over Clusters

 SPA_PR | PER_CODAMP ON
    PA&1               0.056       0.015      0.000       0.032       0.087      *

 SNA_PR | PER_CODAMP ON
    NA&1               0.084       0.019      0.000       0.043       0.120      *

 PA         ON
    PA&1               0.000       0.000      1.000       0.000       0.000

 NA         ON
    NA&1               0.000       0.000      1.000       0.000       0.000

 PER_CODA WITH
    PA                 0.000       0.000      1.000       0.000       0.000
    NA                 0.000       0.000      1.000       0.000       0.000

 NA       WITH
    PA               -62.077       1.537      0.000     -65.149     -59.089      *

 Residual Variances
    PER_CODAMP        66.750       1.244      0.000      64.326      69.159      *
    PA               176.252       2.634      0.000     171.259     181.617      *
    NA                94.648       1.463      0.000      91.915      97.577      *

Between Level

 SPA_PR     ON
    ANHEDONIA          0.006       0.010      0.273      -0.013       0.025
    BDI_SUM            0.019       0.015      0.092      -0.010       0.048

 SNA_PR     ON
    ANHEDONIA          0.006       0.011      0.298      -0.015       0.027
    BDI_SUM            0.000       0.016      0.493      -0.032       0.032

 PER_CODAMP ON
    ANHEDONIA         -0.008       0.091      0.464      -0.189       0.163
    BDI_SUM            0.341       0.131      0.005       0.083       0.590      *

 Means
    PA                45.914       0.876      0.000      44.210      47.664      *
    NA                15.669       0.666      0.000      14.402      17.018      *

 Intercepts
    PER_CODAMP        10.763       0.799      0.000       9.222      12.321      *
    SPA_PR             0.184       0.090      0.020       0.010       0.360      *
    SNA_PR             0.278       0.104      0.004       0.073       0.485      *

 Variances
    PA               131.735      15.079      0.000     106.715     166.031      *
    NA                76.778       8.519      0.000      63.006      96.180      *

 Residual Variances
    PER_CODAMP       107.668      12.370      0.000      87.456     136.184      *
    SPA_PR             0.987       0.013      0.000       0.951       0.999      *
    SNA_PR             0.992       0.011      0.000       0.962       1.000      *


R-SQUARE

Within-Level R-Square Averaged Across Clusters

                                Posterior  One-Tailed         95% C.I.
    Variable        Estimate       S.D.      P-Value   Lower 2.5%  Upper 2.5%

    PER_CODAMP         0.173       0.007      0.000       0.160       0.187
    PA                 0.000       0.000      1.000       0.000       0.000
    NA                 0.000       0.000      1.000       0.000       0.000

Between Level

                                Posterior  One-Tailed         95% C.I.
    Variable        Estimate       S.D.      P-Value   Lower 2.5%  Upper 2.5%

    PER_CODAMP         0.022       0.015      0.000       0.003       0.059

                                Posterior  One-Tailed         95% C.I.
    Variable        Estimate       S.D.      P-Value   Lower 2.5%  Upper 2.5%

    SPA_PR             0.013       0.013      0.000       0.001       0.049
    SNA_PR             0.008       0.011      0.000       0.000       0.038


CREDIBILITY INTERVALS OF MODEL RESULTS

                  Lower .5%  Lower 2.5%    Lower 5%    Estimate    Upper 5%  Upper 2.5%   Upper .5%

Within Level

 PA       ON
    PA&1             0.000       0.000       0.000       0.000       0.000       0.000       0.000

 NA       ON
    NA&1             0.000       0.000       0.000       0.000       0.000       0.000       0.000

 PER_CODA WITH
    PA               0.000       0.000       0.000       0.000       0.000       0.000       0.000
    NA               0.000       0.000       0.000       0.000       0.000       0.000       0.000

 NA       WITH
    PA             -66.118     -65.192     -64.784     -62.118     -59.560     -59.081     -58.174

 Residual Variances
    PER_CODAMP      63.720      64.380      64.689      66.746      68.793      69.183      69.973
    PA             169.665     171.102     171.941     176.261     180.819     181.667     183.376
    NA              91.081      91.899      92.350      94.686      97.189      97.715      98.893

Between Level

 SPA_PR   ON
    ANHEDONIA       -0.006      -0.004      -0.003       0.002       0.007       0.008       0.010
    BDI_SUM         -0.006      -0.003      -0.002       0.006       0.013       0.015       0.018

 SNA_PR   ON
    ANHEDONIA       -0.007      -0.005      -0.004       0.002       0.007       0.008       0.010
    BDI_SUM         -0.012      -0.009      -0.008       0.000       0.008       0.009       0.013

 PER_CODA ON
    ANHEDONIA       -0.260      -0.189      -0.160      -0.008       0.140       0.163       0.240
    BDI_SUM          0.009       0.083       0.127       0.341       0.555       0.590       0.694

 Means
    PA              43.656      44.210      44.479      45.914      47.366      47.664      48.093
    NA              13.972      14.402      14.588      15.669      16.784      17.018      17.435

 Intercepts
    PER_CODAMP       8.617       9.222       9.452      10.763      12.087      12.321      12.758
    SPA_PR          -0.015       0.003       0.012       0.057       0.102       0.111       0.128
    SNA_PR           0.004       0.022       0.032       0.081       0.128       0.136       0.155

 Variances
    PA             100.882     106.715     110.416     131.735     160.671     166.031     177.943
    NA              58.585      63.006      64.960      76.778      92.731      96.180     104.349

 Residual Variances
    PER_CODAMP      81.378      87.456      90.208     107.668     130.332     136.184     145.951
    SPA_PR           0.064       0.071       0.074       0.094       0.120       0.126       0.140
    SNA_PR           0.054       0.059       0.062       0.084       0.115       0.121       0.136


CREDIBILITY INTERVALS OF STANDARDIZED MODEL RESULTS


STDYX Standardization

                  Lower .5%  Lower 2.5%    Lower 5%    Estimate    Upper 5%  Upper 2.5%   Upper .5%

Within Level

 PA       ON
    PA&1             0.000       0.000       0.000       0.000       0.000       0.000       0.000

 NA       ON
    NA&1             0.000       0.000       0.000       0.000       0.000       0.000       0.000

 PER_CODA WITH
    PA               0.000       0.000       0.000       0.000       0.000       0.000       0.000
    NA               0.000       0.000       0.000       0.000       0.000       0.000       0.000

 NA       WITH
    PA               0.000      -0.496       0.000      -0.481       0.000      -0.464       0.000

 Residual Variances
    PER_CODAMP       0.000       0.813       0.000       0.827       0.000       0.840       0.000
    PA               0.000       1.000       0.000       1.000       0.000       1.000       0.000
    NA               0.000       1.000       0.000       1.000       0.000       1.000       0.000

Between Level

 SPA_PR   ON
    ANHEDONIA       -0.123      -0.083      -0.064       0.037       0.139       0.158       0.196
    BDI_SUM         -0.074      -0.041      -0.022       0.082       0.184       0.205       0.251

 SNA_PR   ON
    ANHEDONIA       -0.143      -0.094      -0.076       0.037       0.150       0.169       0.198
    BDI_SUM         -0.177      -0.137      -0.117      -0.001       0.113       0.135       0.182

 PER_CODA ON
    ANHEDONIA       -0.153      -0.112      -0.094      -0.005       0.084       0.097       0.137
    BDI_SUM          0.003       0.033       0.053       0.138       0.222       0.235       0.264

 Means
    PA               3.416       3.541       3.610       4.001       4.387       4.452       4.604
    NA               1.480       1.543       1.585       1.788       1.991       2.032       2.096

 Intercepts
    PER_CODAMP       0.778       0.834       0.866       1.025       1.179       1.205       1.268
    SPA_PR          -0.046       0.010       0.038       0.184       0.330       0.360       0.423
    SNA_PR           0.017       0.073       0.106       0.278       0.450       0.485       0.545

 Variances
    PA               1.000       1.000       1.000       1.000       1.000       1.000       1.000
    NA               1.000       1.000       1.000       1.000       1.000       1.000       1.000

 Residual Variances
    PER_CODAMP       0.924       0.941       0.947       0.978       0.995       0.997       0.999
    SPA_PR           0.934       0.951       0.958       0.987       0.999       0.999       1.000
    SNA_PR           0.947       0.962       0.968       0.992       0.999       1.000       1.000


STDY Standardization

                  Lower .5%  Lower 2.5%    Lower 5%    Estimate    Upper 5%  Upper 2.5%   Upper .5%

Within Level

 PA       ON
    PA&1             0.000       0.000       0.000       0.000       0.000       0.000       0.000

 NA       ON
    NA&1             0.000       0.000       0.000       0.000       0.000       0.000       0.000

 PER_CODA WITH
    PA               0.000       0.000       0.000       0.000       0.000       0.000       0.000
    NA               0.000       0.000       0.000       0.000       0.000       0.000       0.000

 NA       WITH
    PA               0.000      -0.496       0.000      -0.481       0.000      -0.464       0.000

 Residual Variances
    PER_CODAMP       0.000       0.813       0.000       0.827       0.000       0.840       0.000
    PA               0.000       1.000       0.000       1.000       0.000       1.000       0.000
    NA               0.000       1.000       0.000       1.000       0.000       1.000       0.000

Between Level

 SPA_PR   ON
    ANHEDONIA       -0.020      -0.013      -0.010       0.006       0.022       0.025       0.031
    BDI_SUM         -0.017      -0.010      -0.005       0.019       0.043       0.048       0.059

 SNA_PR   ON
    ANHEDONIA       -0.023      -0.015      -0.012       0.006       0.024       0.027       0.031
    BDI_SUM         -0.042      -0.032      -0.028       0.000       0.026       0.032       0.043

 PER_CODA ON
    ANHEDONIA       -0.024      -0.018      -0.015      -0.001       0.013       0.015       0.022
    BDI_SUM          0.001       0.008       0.012       0.032       0.052       0.055       0.062

 Means
    PA               3.416       3.541       3.610       4.001       4.387       4.452       4.604
    NA               1.480       1.543       1.585       1.788       1.991       2.032       2.096

 Intercepts
    PER_CODAMP       0.778       0.834       0.866       1.025       1.179       1.205       1.268
    SPA_PR          -0.046       0.010       0.038       0.184       0.330       0.360       0.423
    SNA_PR           0.017       0.073       0.106       0.278       0.450       0.485       0.545

 Variances
    PA               1.000       1.000       1.000       1.000       1.000       1.000       1.000
    NA               1.000       1.000       1.000       1.000       1.000       1.000       1.000

 Residual Variances
    PER_CODAMP       0.924       0.941       0.947       0.978       0.995       0.997       0.999
    SPA_PR           0.934       0.951       0.958       0.987       0.999       0.999       1.000
    SNA_PR           0.947       0.962       0.968       0.992       0.999       1.000       1.000


STD Standardization

                  Lower .5%  Lower 2.5%    Lower 5%    Estimate    Upper 5%  Upper 2.5%   Upper .5%

Within Level

 PA       ON
    PA&1             0.000       0.000       0.000       0.000       0.000       0.000       0.000

 NA       ON
    NA&1             0.000       0.000       0.000       0.000       0.000       0.000       0.000

 PER_CODA WITH
    PA               0.000       0.000       0.000       0.000       0.000       0.000       0.000
    NA               0.000       0.000       0.000       0.000       0.000       0.000       0.000

 NA       WITH
    PA               0.000     -65.149       0.000     -62.077       0.000     -59.089       0.000

 Residual Variances
    PER_CODAMP       0.000      64.326       0.000      66.750       0.000      69.159       0.000
    PA               0.000     171.259       0.000     176.252       0.000     181.617       0.000
    NA               0.000      91.915       0.000      94.648       0.000      97.577       0.000

Between Level

 SPA_PR   ON
    ANHEDONIA       -0.020      -0.013      -0.010       0.006       0.022       0.025       0.031
    BDI_SUM         -0.017      -0.010      -0.005       0.019       0.043       0.048       0.059

 SNA_PR   ON
    ANHEDONIA       -0.023      -0.015      -0.012       0.006       0.024       0.027       0.031
    BDI_SUM         -0.042      -0.032      -0.028       0.000       0.026       0.032       0.043

 PER_CODA ON
    ANHEDONIA       -0.260      -0.189      -0.160      -0.008       0.140       0.163       0.240
    BDI_SUM          0.009       0.083       0.127       0.341       0.555       0.590       0.694

 Means
    PA              43.656      44.210      44.479      45.914      47.366      47.664      48.093
    NA              13.972      14.402      14.588      15.669      16.784      17.018      17.435

 Intercepts
    PER_CODAMP       8.617       9.222       9.452      10.763      12.087      12.321      12.758
    SPA_PR          -0.046       0.010       0.038       0.184       0.330       0.360       0.423
    SNA_PR           0.017       0.073       0.106       0.278       0.450       0.485       0.545

 Variances
    PA             100.882     106.715     110.416     131.735     160.671     166.031     177.943
    NA              58.585      63.006      64.960      76.778      92.731      96.180     104.349

 Residual Variances
    PER_CODAMP      81.378      87.456      90.208     107.668     130.332     136.184     145.951
    SPA_PR           0.934       0.951       0.958       0.987       0.999       0.999       1.000
    SNA_PR           0.947       0.962       0.968       0.992       0.999       1.000       1.000


TECHNICAL 1 OUTPUT


     PARAMETER SPECIFICATION FOR WITHIN


           NU
              PER_CODA      PA            NA            PA&1          NA&1
              ________      ________      ________      ________      ________
                    0             0             0             0             0


           LAMBDA
              PER_CODA      PA            NA            PA&1          NA&1
              ________      ________      ________      ________      ________
 PER_CODA           0             0             0             0             0
 PA                 0             0             0             0             0
 NA                 0             0             0             0             0
 PA&1               0             0             0             0             0
 NA&1               0             0             0             0             0


           THETA
              PER_CODA      PA            NA            PA&1          NA&1
              ________      ________      ________      ________      ________
 PER_CODA           0
 PA                 0             0
 NA                 0             0             0
 PA&1               0             0             0             0
 NA&1               0             0             0             0             0


           ALPHA
              PER_CODA      PA            NA            PA&1          NA&1
              ________      ________      ________      ________      ________
                    0             0             0             0             0


           BETA
              PER_CODA      PA            NA            PA&1          NA&1
              ________      ________      ________      ________      ________
 PER_CODA           0             0             0             0             0
 PA                 0             0             0             0             0
 NA                 0             0             0             0             0
 PA&1               0             0             0             0             0
 NA&1               0             0             0             0             0


           PSI
              PER_CODA      PA            NA            PA&1          NA&1
              ________      ________      ________      ________      ________
 PER_CODA           1
 PA                 0             2
 NA                 0             3             4
 PA&1               0             0             0             0
 NA&1               0             0             0             0             0


     PARAMETER SPECIFICATION FOR BETWEEN


           NU
              PER_CODA      PA            NA            ANHEDONI      BDI_SUM
              ________      ________      ________      ________      ________
                    0             0             0             0             0


           LAMBDA
              SPA_PR        SNA_PR        PER_CODA      PA            NA
              ________      ________      ________      ________      ________
 PER_CODA           0             0             0             0             0
 PA                 0             0             0             0             0
 NA                 0             0             0             0             0
 ANHEDONI           0             0             0             0             0
 BDI_SUM            0             0             0             0             0


           LAMBDA
              ANHEDONI      BDI_SUM
              ________      ________
 PER_CODA           0             0
 PA                 0             0
 NA                 0             0
 ANHEDONI           0             0
 BDI_SUM            0             0


           THETA
              PER_CODA      PA            NA            ANHEDONI      BDI_SUM
              ________      ________      ________      ________      ________
 PER_CODA           0
 PA                 0             0
 NA                 0             0             0
 ANHEDONI           0             0             0             0
 BDI_SUM            0             0             0             0             0


           ALPHA
              SPA_PR        SNA_PR        PER_CODA      PA            NA
              ________      ________      ________      ________      ________
                    5             6             7             8             9


           ALPHA
              ANHEDONI      BDI_SUM
              ________      ________
                    0             0


           BETA
              SPA_PR        SNA_PR        PER_CODA      PA            NA
              ________      ________      ________      ________      ________
 SPA_PR             0             0             0             0             0
 SNA_PR             0             0             0             0             0
 PER_CODA           0             0             0             0             0
 PA                 0             0             0             0             0
 NA                 0             0             0             0             0
 ANHEDONI           0             0             0             0             0
 BDI_SUM            0             0             0             0             0


           BETA
              ANHEDONI      BDI_SUM
              ________      ________
 SPA_PR            10            11
 SNA_PR            12            13
 PER_CODA          14            15
 PA                 0             0
 NA                 0             0
 ANHEDONI           0             0
 BDI_SUM            0             0


           PSI
              SPA_PR        SNA_PR        PER_CODA      PA            NA
              ________      ________      ________      ________      ________
 SPA_PR            16
 SNA_PR             0            17
 PER_CODA           0             0            18
 PA                 0             0             0            19
 NA                 0             0             0             0            20
 ANHEDONI           0             0             0             0             0
 BDI_SUM            0             0             0             0             0


           PSI
              ANHEDONI      BDI_SUM
              ________      ________
 ANHEDONI           0
 BDI_SUM            0             0


     STARTING VALUES FOR WITHIN


           NU
              PER_CODA      PA            NA            PA&1          NA&1
              ________      ________      ________      ________      ________
                0.000         0.000         0.000         0.000         0.000


           LAMBDA
              PER_CODA      PA            NA            PA&1          NA&1
              ________      ________      ________      ________      ________
 PER_CODA       1.000         0.000         0.000         0.000         0.000
 PA             0.000         1.000         0.000         0.000         0.000
 NA             0.000         0.000         1.000         0.000         0.000
 PA&1           0.000         0.000         0.000         1.000         0.000
 NA&1           0.000         0.000         0.000         0.000         1.000


           THETA
              PER_CODA      PA            NA            PA&1          NA&1
              ________      ________      ________      ________      ________
 PER_CODA       0.000
 PA             0.000         0.000
 NA             0.000         0.000         0.000
 PA&1           0.000         0.000         0.000         0.000
 NA&1           0.000         0.000         0.000         0.000         0.000


           ALPHA
              PER_CODA      PA            NA            PA&1          NA&1
              ________      ________      ________      ________      ________
                0.000         0.000         0.000         0.000         0.000


           BETA
              PER_CODA      PA            NA            PA&1          NA&1
              ________      ________      ________      ________      ________
 PER_CODA       0.000         0.000         0.000         0.000         0.000
 PA             0.000         0.000         0.000         0.000         0.000
 NA             0.000         0.000         0.000         0.000         0.000
 PA&1           0.000         0.000         0.000         0.000         0.000
 NA&1           0.000         0.000         0.000         0.000         0.000


           PSI
              PER_CODA      PA            NA            PA&1          NA&1
              ________      ________      ________      ________      ________
 PER_CODA      92.851
 PA             0.000       151.075
 NA             0.000         0.000        83.154
 PA&1           0.000         0.000         0.000       151.205
 NA&1           0.000         0.000         0.000         0.000        83.081


     STARTING VALUES FOR BETWEEN


           NU
              PER_CODA      PA            NA            ANHEDONI      BDI_SUM
              ________      ________      ________      ________      ________
                0.000         0.000         0.000         0.000         0.000


           LAMBDA
              SPA_PR        SNA_PR        PER_CODA      PA            NA
              ________      ________      ________      ________      ________
 PER_CODA       0.000         0.000         1.000         0.000         0.000
 PA             0.000         0.000         0.000         1.000         0.000
 NA             0.000         0.000         0.000         0.000         1.000
 ANHEDONI       0.000         0.000         0.000         0.000         0.000
 BDI_SUM        0.000         0.000         0.000         0.000         0.000


           LAMBDA
              ANHEDONI      BDI_SUM
              ________      ________
 PER_CODA       0.000         0.000
 PA             0.000         0.000
 NA             0.000         0.000
 ANHEDONI       1.000         0.000
 BDI_SUM        0.000         1.000


           THETA
              PER_CODA      PA            NA            ANHEDONI      BDI_SUM
              ________      ________      ________      ________      ________
 PER_CODA       0.000
 PA             0.000         0.000
 NA             0.000         0.000         0.000
 ANHEDONI       0.000         0.000         0.000         0.000
 BDI_SUM        0.000         0.000         0.000         0.000         0.000


           ALPHA
              SPA_PR        SNA_PR        PER_CODA      PA            NA
              ________      ________      ________      ________      ________
                0.000         0.000        10.034        45.669        15.162


           ALPHA
              ANHEDONI      BDI_SUM
              ________      ________
                0.000         0.000


           BETA
              SPA_PR        SNA_PR        PER_CODA      PA            NA
              ________      ________      ________      ________      ________
 SPA_PR         0.000         0.000         0.000         0.000         0.000
 SNA_PR         0.000         0.000         0.000         0.000         0.000
 PER_CODA       0.000         0.000         0.000         0.000         0.000
 PA             0.000         0.000         0.000         0.000         0.000
 NA             0.000         0.000         0.000         0.000         0.000
 ANHEDONI       0.000         0.000         0.000         0.000         0.000
 BDI_SUM        0.000         0.000         0.000         0.000         0.000


           BETA
              ANHEDONI      BDI_SUM
              ________      ________
 SPA_PR         0.000         0.000
 SNA_PR         0.000         0.000
 PER_CODA       0.000         0.000
 PA             0.000         0.000
 NA             0.000         0.000
 ANHEDONI       0.000         0.000
 BDI_SUM        0.000         0.000


           PSI
              SPA_PR        SNA_PR        PER_CODA      PA            NA
              ________      ________      ________      ________      ________
 SPA_PR         1.000
 SNA_PR         0.000         1.000
 PER_CODA       0.000         0.000        92.851
 PA             0.000         0.000         0.000       151.075
 NA             0.000         0.000         0.000         0.000        83.154
 ANHEDONI       0.000         0.000         0.000         0.000         0.000
 BDI_SUM        0.000         0.000         0.000         0.000         0.000


           PSI
              ANHEDONI      BDI_SUM
              ________      ________
 ANHEDONI      39.794
 BDI_SUM        0.000        18.171



     PRIORS FOR ALL PARAMETERS            PRIOR MEAN      PRIOR VARIANCE     PRIOR STD. DEV.

     Parameter 1~IG(-1.000,0.000)          infinity            infinity            infinity
     Parameter 2~IW(0.000,-3)              infinity            infinity            infinity
     Parameter 3~IW(0.000,-3)              infinity            infinity            infinity
     Parameter 4~IW(0.000,-3)              infinity            infinity            infinity
     Parameter 5~N(0.000,infinity)           0.0000            infinity            infinity
     Parameter 6~N(0.000,infinity)           0.0000            infinity            infinity
     Parameter 7~N(0.000,infinity)           0.0000            infinity            infinity
     Parameter 8~N(0.000,infinity)           0.0000            infinity            infinity
     Parameter 9~N(0.000,infinity)           0.0000            infinity            infinity
     Parameter 10~N(0.000,infinity)          0.0000            infinity            infinity
     Parameter 11~N(0.000,infinity)          0.0000            infinity            infinity
     Parameter 12~N(0.000,infinity)          0.0000            infinity            infinity
     Parameter 13~N(0.000,infinity)          0.0000            infinity            infinity
     Parameter 14~N(0.000,infinity)          0.0000            infinity            infinity
     Parameter 15~N(0.000,infinity)          0.0000            infinity            infinity
     Parameter 16~IG(-1.000,0.000)         infinity            infinity            infinity
     Parameter 17~IG(-1.000,0.000)         infinity            infinity            infinity
     Parameter 18~IG(-1.000,0.000)         infinity            infinity            infinity
     Parameter 19~IG(-1.000,0.000)         infinity            infinity            infinity
     Parameter 20~IG(-1.000,0.000)         infinity            infinity            infinity


TECHNICAL 8 OUTPUT


   TECHNICAL 8 OUTPUT FOR BAYES ESTIMATION

     PROCESSOR    BSEED
     1            0
     2            285380
     3            253358
     4            93468
     5            608496
     6            903420
     7            195873
     8            462953
     9            939021
     10           127215
     11           415931
     12           533738
     13           107446
     14           399671
     15           650371
     16           27071

                     POTENTIAL       PARAMETER WITH
     ITERATION    SCALE REDUCTION      HIGHEST PSR
     100              1.119               17
     200              1.046               5
     300              1.111               5
     400              1.069               5
     500              1.081               5
     600              1.044               5
     700              1.019               5
     800              1.026               5
     900              1.032               16
     1000             1.051               16
     1100             1.045               6
     1200             1.032               6
     1300             1.035               6
     1400             1.034               1
     1500             1.033               1
     1600             1.048               5
     1700             1.059               5
     1800             1.064               5
     1900             1.092               5
     2000             1.104               5
     2100             1.129               5
     2200             1.137               5
     2300             1.125               5
     2400             1.119               5
     2500             1.108               5
     2600             1.105               5
     2700             1.110               5
     2800             1.123               5
     2900             1.133               5
     3000             1.124               5
     3100             1.106               5
     3200             1.092               5
     3300             1.080               5


PLOT INFORMATION

The following plots are available:

  Histograms (sample values)
  Scatterplots (sample values)
  Between-level histograms (sample values, sample means/variances)
  Between-level scatterplots (sample values, sample means/variances)
  Time series plots (sample values, ACF, PACF)
  Histogram of subjects per time point
  Time interval plots
  Bayesian posterior parameter distributions
  Bayesian posterior parameter trace plots
  Bayesian autocorrelation plots

DIAGRAM INFORMATION

  Mplus diagrams are currently not available for multilevel analysis.
  No diagram output was produced.


     Beginning Time:  23:15:14
        Ending Time:  23:27:21
       Elapsed Time:  00:12:07



MUTHEN & MUTHEN
3463 Stoner Ave.
Los Angeles, CA  90066

Tel: (310) 391-9971
Fax: (310) 391-8971
Web: www.StatModel.com
Support: Support@StatModel.com

Copyright (c) 1998-2021 Muthen & Muthen
