Mplus VERSION 8.8
MUTHEN & MUTHEN
08/25/2023  11:08 PM

INPUT INSTRUCTIONS


  DATA:
  FILE IS data2.dat;

  VARIABLE:   NAMES =
  	    Eth_ID Time Time_between Time_inc
  	    PA_enth NA_irri NA_verv PA_tevr PA_ener
       	    PA_kalm NA_nerv PA_daadk NA_verdr
  	    PA_vrol NA_boos PA_dankb NA_somb PER_att
      	    PER_refl PER_self PER_expr PER_damp
  	    PER_codamp PER_capit Sample age_yr gesl BDI
      	    Measures_valid BDI_anh Anhedonia
   	    BDI_sum PA NA day compliance;

              USEVARIABLES are PER_att PA NA Anhedonia BDI_sum;
              MISSING is .;
              within = ;
              between = Anhedonia BDI_sum ;
              cluster = Eth_ID;
              lagged= PA NA(1);
              tinterval=Time_inc (150);


  DEFINE:     CENTER Anhedonia BDI_sum (grandmean);

  ANALYSIS:   type = twolevel random;
              estimator = Bayes;
              biterations=(2000);
              bconvergence=0.005;
              thin=2;
              PROCESSORS=16;
  MODEL:
  %WITHIN%
  sPA_PR | PER_att on PA&1;
  sNA_PR | PER_att on NA&1;
  PA on PA&1@0;
  NA on NA&1@0;
  PER_att with PA@0;
  PER_att with NA@0;

  %between%
  sPA_PR sNA_PR on Anhedonia BDI_sum;
  PER_att on Anhedonia BDI_sum;


  OUTPUT: standardized tech1 tech8 cinterval patterns;
  PLOT: TYPE = PLOT3;



*** WARNING in VARIABLE command
  Note that only the first 8 characters of variable names are used in the output.
  Shorten variable names to avoid any confusion.
*** WARNING in MODEL command
  A y-variable has been declared on the within level but not referred to on
  the between level.  Please check that this is what is intended.  If this is not intended,
  specify the variable as a within variable.  Problem with:  PA
*** WARNING in MODEL command
  A y-variable has been declared on the within level but not referred to on
  the between level.  Please check that this is what is intended.  If this is not intended,
  specify the variable as a within variable.  Problem with:  NA
*** WARNING in PLOT command
  Note that only the first 8 characters of variable names are used in plots.
  If variable names are not unique within the first 8 characters, problems
  may occur.
*** WARNING
  One or more individual-level variables have no variation within a
  cluster for the following clusters.

     Variable   Cluster IDs with no within-cluster variation

      PER_ATT     165

*** WARNING
  Data set contains cases with missing on all variables.  Cases that appeared before the first
  case with observed data and that appeared after the last case with observed data were not
  included in the analysis.  Number of deleted cases:  679
   6 WARNING(S) FOUND IN THE INPUT INSTRUCTIONS




SUMMARY OF ANALYSIS

Number of groups                                                 1
Number of observations                                       20160

Number of dependent variables                                    3
Number of independent variables                                  4
Number of continuous latent variables                            2

Observed dependent variables

  Continuous
   PER_ATT     PA          NA

Observed independent variables
   ANHEDONI    BDI_SUM     PA&1        NA&1

Continuous latent variables
   SPA_PR      SNA_PR

Variables with special functions

  Cluster variable      ETH_ID

  Within variables
   PA&1        NA&1

  Between variables
   ANHEDONI    BDI_SUM

  Centering (GRANDMEAN)
   ANHEDONI    BDI_SUM


Estimator                                                    BAYES
Specifications for Bayesian Estimation
  Point estimate                                            MEDIAN
  Number of Markov chain Monte Carlo (MCMC) chains               2
  Random seed for the first chain                                0
  Starting value information                           UNPERTURBED
  Algorithm used for Markov chain Monte Carlo           GIBBS(PX1)
  Convergence criterion                                  0.500D-02
  Maximum number of iterations                               50000
  K-th iteration used for thinning                               2

Input data file(s)
  data2.dat
Input data format  FREE


SUMMARY OF DATA

     Number of clusters                        159

       Size (s)    Cluster ID with Size s

         56        28
         80        82
         84        87
         88        72
         97        34
        101        10
        105        52
        108        119
        111        36
        113        182
        115        89 131
        116        15 188 75 77
        117        11
        118        16 66 49 57 195
        119        197 71 48 149 50 92 38 186 163 106
        120        55 168 7 108 148 192 61 98 165
        122        174
        123        127
        124        161 117 103 51
        125        53 54 13 40 44 88 30 68 100 93 105 112 123 73
        126        107 172 173 102 65 109 111 80 76 120
        127        70 177 133 62 139 118 110 25 115 67 46 104 178 126 193
                   32 86 198 147
        128        43 153 59 156 96 180 18 5
        129        141 144 125 3 185 146 135 190 187 39 137 116 69
        130        138 166 97 14
        133        191
        134        2
        135        194 63 60 183 201 200
        136        26 56
        137        95 4 9 22 19 42
        138        132 29 94
        139        45 74 35 37 84 21 79 145 114
        142        27
        143        179
        144        170 24 171
        145        1 124 162 20
        146        151 6 167
        147        142 31
        148        159 176



SUMMARY OF MISSING DATA PATTERNS

     Number of missing data patterns            11


     MISSING DATA PATTERNS (x = not missing)

           1  2  3  4  5  6  7  8  9 10 11
 PER_ATT   x  x              x     x  x
 PA        x  x        x  x        x
 NA        x  x        x  x     x  x     x
 PA&1      x     x     x     x           x
 NA&1      x     x     x     x     x     x
 ANHEDONI  x  x  x  x  x  x  x  x  x  x  x
 BDI_SUM   x  x  x  x  x  x  x  x  x  x  x


     MISSING DATA PATTERN FREQUENCIES

    Pattern   Frequency     Pattern   Frequency     Pattern   Frequency
          1        4890           5          45           9           3
          2        3232           6          49          10           1
          3        3122           7           3          11           1
          4        8812           8           2


COVARIANCE COVERAGE OF DATA

Minimum covariance coverage value   0.100


     PROPORTION OF DATA PRESENT


           Covariance Coverage
              PER_ATT       PA            NA            ANHEDONI      BDI_SUM
              ________      ________      ________      ________      ________
 PER_ATT        0.403
 PA             0.403         0.408
 NA             0.403         0.408         0.408
 ANHEDONI       0.403         0.408         0.408         1.000
 BDI_SUM        0.403         0.408         0.408         1.000         1.000



UNIVARIATE SAMPLE STATISTICS


     UNIVARIATE HIGHER-ORDER MOMENT DESCRIPTIVE STATISTICS

         Variable/         Mean/     Skewness/   Minimum/ % with                Percentiles
        Sample Size      Variance    Kurtosis    Maximum  Min/Max      20%/60%    40%/80%    Median

     PER_ATT              30.951       0.468       0.000    9.73%       6.000     17.000     27.000
            8129.000     621.163      -0.867     100.000    0.47%      38.000     55.000
     PA                   46.073      -0.024       0.000    0.29%      31.500     42.167     46.500
            8219.000     297.046      -0.154     100.000    0.09%      50.667     60.667
     NA                   14.975       1.412       0.000    7.26%       5.000      9.167     11.500
            8222.000     164.910       1.997      80.667    0.01%      14.333     23.000
     ANHEDONIA             0.000       0.630     -18.380    0.63%      -7.330     -2.924     -0.934
             159.000      79.008       0.606      29.966    0.63%       1.234      6.118
     BDI_SUM               0.000       0.851      -8.050    3.77%      -5.050     -3.050     -1.050
             159.000      31.821       0.278      16.950    1.26%      -0.050      3.950


THE MODEL ESTIMATION TERMINATED NORMALLY

     USE THE FBITERATIONS OPTION TO INCREASE THE NUMBER OF ITERATIONS BY A FACTOR
     OF AT LEAST TWO TO CHECK CONVERGENCE AND THAT THE PSR VALUE DOES NOT INCREASE.



MODEL FIT INFORMATION

Number of Free Parameters                              20

Information Criteria

          Deviance (DIC)                       513696.795
          Estimated Number of Parameters (pD)   36331.638



MODEL RESULTS

                                Posterior  One-Tailed         95% C.I.
                    Estimate       S.D.      P-Value   Lower 2.5%  Upper 2.5%  Significance

Within Level

 PA         ON
    PA&1               0.000       0.000      1.000       0.000       0.000

 NA         ON
    NA&1               0.000       0.000      1.000       0.000       0.000

 PER_ATT  WITH
    PA                 0.000       0.000      1.000       0.000       0.000
    NA                 0.000       0.000      1.000       0.000       0.000

 NA       WITH
    PA               -58.698       1.527      0.000     -61.911     -55.829      *

 Residual Variances
    PER_ATT          318.510       5.764      0.000     307.373     330.041      *
    PA               169.113       2.610      0.000     164.029     174.444      *
    NA                91.987       1.423      0.000      89.276      94.871      *

Between Level

 SPA_PR     ON
    ANHEDONIA         -0.004       0.003      0.113      -0.011       0.003
    BDI_SUM            0.009       0.006      0.060      -0.003       0.019

 SNA_PR     ON
    ANHEDONIA         -0.003       0.005      0.308      -0.013       0.008
    BDI_SUM           -0.001       0.009      0.439      -0.018       0.015

 PER_ATT    ON
    ANHEDONIA         -0.007       0.157      0.484      -0.319       0.296
    BDI_SUM           -0.129       0.247      0.300      -0.599       0.358

 Means
    PA                46.194       0.911      0.000      44.430      47.961      *
    NA                15.103       0.725      0.000      13.696      16.580      *

 Intercepts
    PER_ATT           30.742       1.358      0.000      28.162      33.407      *
    SPA_PR             0.207       0.032      0.000       0.144       0.271      *
    SNA_PR             0.226       0.050      0.000       0.132       0.323      *

 Variances
    PA               134.009      15.780      0.000     108.963     169.095      *
    NA                78.413       9.532      0.000      62.681      99.603      *

 Residual Variances
    PER_ATT          284.297      33.588      0.000     228.919     361.036      *
    SPA_PR             0.059       0.015      0.000       0.034       0.090      *
    SNA_PR             0.154       0.046      0.000       0.075       0.258      *


STANDARDIZED MODEL RESULTS


STDYX Standardization

                                Posterior  One-Tailed         95% C.I.
                    Estimate       S.D.      P-Value   Lower 2.5%  Upper 2.5%  Significance

Within-Level Standardized Estimates Averaged Over Clusters

 SPA_PR | PER_ATT ON
    PA&1               0.141       0.018      0.000       0.107       0.175      *

 SNA_PR | PER_ATT ON
    NA&1               0.115       0.018      0.000       0.082       0.150      *

 PA         ON
    PA&1               0.000       0.000      1.000       0.000       0.000

 NA         ON
    NA&1               0.000       0.000      1.000       0.000       0.000

 PER_ATT  WITH
    PA                 0.000       0.000      1.000       0.000       0.000
    NA                 0.000       0.000      1.000       0.000       0.000

 NA       WITH
    PA                -0.471       0.009      0.000      -0.489      -0.454      *

 Residual Variances
    PER_ATT            0.920       0.009      0.000       0.902       0.937      *
    PA                 1.000       0.000      0.000       1.000       1.000
    NA                 1.000       0.000      0.000       1.000       1.000

Between Level

 SPA_PR     ON
    ANHEDONIA         -0.105       0.091      0.113      -0.277       0.077
    BDI_SUM            0.143       0.090      0.060      -0.040       0.312

 SNA_PR     ON
    ANHEDONIA         -0.042       0.082      0.308      -0.201       0.120
    BDI_SUM           -0.012       0.088      0.439      -0.185       0.155

 PER_ATT    ON
    ANHEDONIA         -0.002       0.058      0.484      -0.116       0.109
    BDI_SUM           -0.031       0.058      0.300      -0.141       0.085

 Means
    PA                 3.987       0.243      0.000       3.514       4.458      *
    NA                 1.709       0.130      0.000       1.455       1.964      *

 Intercepts
    PER_ATT            1.823       0.135      0.000       1.562       2.089      *
    SPA_PR             0.834       0.175      0.000       0.533       1.231      *
    SNA_PR             0.573       0.159      0.000       0.309       0.922      *

 Variances
    PA                 1.000       0.000      0.000       1.000       1.000
    NA                 1.000       0.000      0.000       1.000       1.000

 Residual Variances
    PER_ATT            0.995       0.008      0.000       0.971       1.000      *
    SPA_PR             0.961       0.039      0.000       0.852       0.998      *
    SNA_PR             0.989       0.016      0.000       0.942       1.000      *


STDY Standardization

                                Posterior  One-Tailed         95% C.I.
                    Estimate       S.D.      P-Value   Lower 2.5%  Upper 2.5%  Significance

Within-Level Standardized Estimates Averaged Over Clusters

 SPA_PR | PER_ATT ON
    PA&1               0.011       0.001      0.000       0.008       0.014      *

 SNA_PR | PER_ATT ON
    NA&1               0.012       0.002      0.000       0.008       0.016      *

 PA         ON
    PA&1               0.000       0.000      1.000       0.000       0.000

 NA         ON
    NA&1               0.000       0.000      1.000       0.000       0.000

 PER_ATT  WITH
    PA                 0.000       0.000      1.000       0.000       0.000
    NA                 0.000       0.000      1.000       0.000       0.000

 NA       WITH
    PA                -0.471       0.009      0.000      -0.489      -0.454      *

 Residual Variances
    PER_ATT            0.920       0.009      0.000       0.902       0.937      *
    PA                 1.000       0.000      0.000       1.000       1.000
    NA                 1.000       0.000      0.000       1.000       1.000

Between Level

 SPA_PR     ON
    ANHEDONIA         -0.017       0.014      0.113      -0.044       0.012
    BDI_SUM            0.036       0.023      0.060      -0.010       0.078

 SNA_PR     ON
    ANHEDONIA         -0.007       0.013      0.308      -0.032       0.019
    BDI_SUM           -0.003       0.022      0.439      -0.046       0.039

 PER_ATT    ON
    ANHEDONIA          0.000       0.009      0.484      -0.018       0.017
    BDI_SUM           -0.008       0.014      0.300      -0.035       0.021

 Means
    PA                 3.987       0.243      0.000       3.514       4.458      *
    NA                 1.709       0.130      0.000       1.455       1.964      *

 Intercepts
    PER_ATT            1.823       0.135      0.000       1.562       2.089      *
    SPA_PR             0.834       0.175      0.000       0.533       1.231      *
    SNA_PR             0.573       0.159      0.000       0.309       0.922      *

 Variances
    PA                 1.000       0.000      0.000       1.000       1.000
    NA                 1.000       0.000      0.000       1.000       1.000

 Residual Variances
    PER_ATT            0.995       0.008      0.000       0.971       1.000      *
    SPA_PR             0.961       0.039      0.000       0.852       0.998      *
    SNA_PR             0.989       0.016      0.000       0.942       1.000      *


STD Standardization

                                Posterior  One-Tailed         95% C.I.
                    Estimate       S.D.      P-Value   Lower 2.5%  Upper 2.5%  Significance

Within-Level Standardized Estimates Averaged Over Clusters

 SPA_PR | PER_ATT ON
    PA&1               0.208       0.026      0.000       0.158       0.259      *

 SNA_PR | PER_ATT ON
    NA&1               0.228       0.036      0.000       0.159       0.296      *

 PA         ON
    PA&1               0.000       0.000      1.000       0.000       0.000

 NA         ON
    NA&1               0.000       0.000      1.000       0.000       0.000

 PER_ATT  WITH
    PA                 0.000       0.000      1.000       0.000       0.000
    NA                 0.000       0.000      1.000       0.000       0.000

 NA       WITH
    PA               -58.730       1.540      0.000     -61.985     -55.874      *

 Residual Variances
    PER_ATT          318.485       5.705      0.000     307.395     329.847      *
    PA               169.106       2.624      0.000     164.041     174.434      *
    NA                92.045       1.410      0.000      89.351      94.894      *

Between Level

 SPA_PR     ON
    ANHEDONIA         -0.017       0.014      0.113      -0.044       0.012
    BDI_SUM            0.036       0.023      0.060      -0.010       0.078

 SNA_PR     ON
    ANHEDONIA         -0.007       0.013      0.308      -0.032       0.019
    BDI_SUM           -0.003       0.022      0.439      -0.046       0.039

 PER_ATT    ON
    ANHEDONIA         -0.007       0.157      0.484      -0.319       0.296
    BDI_SUM           -0.129       0.247      0.300      -0.599       0.358

 Means
    PA                46.194       0.911      0.000      44.430      47.961      *
    NA                15.103       0.725      0.000      13.696      16.580      *

 Intercepts
    PER_ATT           30.742       1.358      0.000      28.162      33.407      *
    SPA_PR             0.834       0.175      0.000       0.533       1.231      *
    SNA_PR             0.573       0.159      0.000       0.309       0.922      *

 Variances
    PA               134.009      15.780      0.000     108.963     169.095      *
    NA                78.413       9.532      0.000      62.681      99.603      *

 Residual Variances
    PER_ATT          284.297      33.588      0.000     228.919     361.036      *
    SPA_PR             0.961       0.039      0.000       0.852       0.998      *
    SNA_PR             0.989       0.016      0.000       0.942       1.000      *


R-SQUARE

Within-Level R-Square Averaged Across Clusters

                                Posterior  One-Tailed         95% C.I.
    Variable        Estimate       S.D.      P-Value   Lower 2.5%  Upper 2.5%

    PER_ATT            0.080       0.009      0.000       0.063       0.098
    PA                 0.000       0.000      1.000       0.000       0.000
    NA                 0.000       0.000      1.000       0.000       0.000

Between Level

                                Posterior  One-Tailed         95% C.I.
    Variable        Estimate       S.D.      P-Value   Lower 2.5%  Upper 2.5%

    PER_ATT            0.005       0.008      0.000       0.000       0.029

                                Posterior  One-Tailed         95% C.I.
    Variable        Estimate       S.D.      P-Value   Lower 2.5%  Upper 2.5%

    SPA_PR             0.039       0.039      0.000       0.002       0.147
    SNA_PR             0.011       0.016      0.000       0.000       0.058


CREDIBILITY INTERVALS OF MODEL RESULTS

                  Lower .5%  Lower 2.5%    Lower 5%    Estimate    Upper 5%  Upper 2.5%   Upper .5%

Within Level

 PA       ON
    PA&1             0.000       0.000       0.000       0.000       0.000       0.000       0.000

 NA       ON
    NA&1             0.000       0.000       0.000       0.000       0.000       0.000       0.000

 PER_ATT  WITH
    PA               0.000       0.000       0.000       0.000       0.000       0.000       0.000
    NA               0.000       0.000       0.000       0.000       0.000       0.000       0.000

 NA       WITH
    PA             -62.932     -61.911     -61.366     -58.698     -56.299     -55.829     -54.816

 Residual Variances
    PER_ATT        304.183     307.373     309.051     318.510     328.395     330.041     333.712
    PA             162.530     164.029     164.927     169.113     173.490     174.444     176.067
    NA              88.433      89.276      89.701      91.987      94.370      94.871      95.910

Between Level

 SPA_PR   ON
    ANHEDONIA       -0.013      -0.011      -0.010      -0.004       0.002       0.003       0.006
    BDI_SUM         -0.006      -0.003       0.000       0.009       0.018       0.019       0.022

 SNA_PR   ON
    ANHEDONIA       -0.016      -0.013      -0.011      -0.003       0.006       0.008       0.011
    BDI_SUM         -0.025      -0.018      -0.016      -0.001       0.013       0.015       0.022

 PER_ATT  ON
    ANHEDONIA       -0.398      -0.319      -0.259      -0.007       0.252       0.296       0.428
    BDI_SUM         -0.757      -0.599      -0.530      -0.129       0.270       0.358       0.529

 Means
    PA              43.774      44.430      44.682      46.194      47.679      47.961      48.571
    NA              13.308      13.696      13.922      15.103      16.315      16.580      17.016

 Intercepts
    PER_ATT         26.954      28.162      28.658      30.742      33.011      33.407      34.170
    SPA_PR           0.122       0.144       0.154       0.207       0.259       0.271       0.294
    SNA_PR           0.100       0.132       0.144       0.226       0.307       0.323       0.353

 Variances
    PA             100.931     108.963     112.329     134.009     162.868     169.095     184.690
    NA              58.367      62.681      64.873      78.413      95.623      99.603     109.553

 Residual Variances
    PER_ATT        213.392     228.919     235.789     284.297     346.936     361.036     386.292
    SPA_PR           0.027       0.034       0.037       0.059       0.084       0.090       0.103
    SNA_PR           0.048       0.075       0.088       0.154       0.242       0.258       0.291


CREDIBILITY INTERVALS OF STANDARDIZED MODEL RESULTS


STDYX Standardization

                  Lower .5%  Lower 2.5%    Lower 5%    Estimate    Upper 5%  Upper 2.5%   Upper .5%

Within Level

 PA       ON
    PA&1             0.000       0.000       0.000       0.000       0.000       0.000       0.000

 NA       ON
    NA&1             0.000       0.000       0.000       0.000       0.000       0.000       0.000

 PER_ATT  WITH
    PA               0.000       0.000       0.000       0.000       0.000       0.000       0.000
    NA               0.000       0.000       0.000       0.000       0.000       0.000       0.000

 NA       WITH
    PA               0.000      -0.489       0.000      -0.471       0.000      -0.454       0.000

 Residual Variances
    PER_ATT          0.000       0.902       0.000       0.920       0.000       0.937       0.000
    PA               0.000       1.000       0.000       1.000       0.000       1.000       0.000
    NA               0.000       1.000       0.000       1.000       0.000       1.000       0.000

Between Level

 SPA_PR   ON
    ANHEDONIA       -0.330      -0.277      -0.254      -0.105       0.044       0.077       0.144
    BDI_SUM         -0.101      -0.040      -0.007       0.143       0.289       0.312       0.366

 SNA_PR   ON
    ANHEDONIA       -0.239      -0.201      -0.179      -0.042       0.098       0.120       0.170
    BDI_SUM         -0.236      -0.185      -0.158      -0.012       0.132       0.155       0.213

 PER_ATT  ON
    ANHEDONIA       -0.152      -0.116      -0.096      -0.002       0.094       0.109       0.155
    BDI_SUM         -0.176      -0.141      -0.124      -0.031       0.064       0.085       0.125

 Means
    PA               3.349       3.514       3.604       3.987       4.377       4.458       4.612
    NA               1.388       1.455       1.495       1.709       1.926       1.964       2.045

 Intercepts
    PER_ATT          1.496       1.562       1.597       1.823       2.045       2.089       2.161
    SPA_PR           0.445       0.533       0.585       0.834       1.153       1.231       1.361
    SNA_PR           0.234       0.309       0.350       0.573       0.865       0.922       1.052

 Variances
    PA               1.000       1.000       1.000       1.000       1.000       1.000       1.000
    NA               1.000       1.000       1.000       1.000       1.000       1.000       1.000

 Residual Variances
    PER_ATT          0.960       0.971       0.976       0.995       1.000       1.000       1.000
    SPA_PR           0.809       0.852       0.874       0.961       0.996       0.998       1.000
    SNA_PR           0.918       0.942       0.951       0.989       0.999       1.000       1.000


STDY Standardization

                  Lower .5%  Lower 2.5%    Lower 5%    Estimate    Upper 5%  Upper 2.5%   Upper .5%

Within Level

 PA       ON
    PA&1             0.000       0.000       0.000       0.000       0.000       0.000       0.000

 NA       ON
    NA&1             0.000       0.000       0.000       0.000       0.000       0.000       0.000

 PER_ATT  WITH
    PA               0.000       0.000       0.000       0.000       0.000       0.000       0.000
    NA               0.000       0.000       0.000       0.000       0.000       0.000       0.000

 NA       WITH
    PA               0.000      -0.489       0.000      -0.471       0.000      -0.454       0.000

 Residual Variances
    PER_ATT          0.000       0.902       0.000       0.920       0.000       0.937       0.000
    PA               0.000       1.000       0.000       1.000       0.000       1.000       0.000
    NA               0.000       1.000       0.000       1.000       0.000       1.000       0.000

Between Level

 SPA_PR   ON
    ANHEDONIA       -0.052      -0.044      -0.040      -0.017       0.007       0.012       0.023
    BDI_SUM         -0.025      -0.010      -0.002       0.036       0.072       0.078       0.092

 SNA_PR   ON
    ANHEDONIA       -0.038      -0.032      -0.028      -0.007       0.015       0.019       0.027
    BDI_SUM         -0.059      -0.046      -0.040      -0.003       0.033       0.039       0.053

 PER_ATT  ON
    ANHEDONIA       -0.024      -0.018      -0.015       0.000       0.015       0.017       0.025
    BDI_SUM         -0.044      -0.035      -0.031      -0.008       0.016       0.021       0.031

 Means
    PA               3.349       3.514       3.604       3.987       4.377       4.458       4.612
    NA               1.388       1.455       1.495       1.709       1.926       1.964       2.045

 Intercepts
    PER_ATT          1.496       1.562       1.597       1.823       2.045       2.089       2.161
    SPA_PR           0.445       0.533       0.585       0.834       1.153       1.231       1.361
    SNA_PR           0.234       0.309       0.350       0.573       0.865       0.922       1.052

 Variances
    PA               1.000       1.000       1.000       1.000       1.000       1.000       1.000
    NA               1.000       1.000       1.000       1.000       1.000       1.000       1.000

 Residual Variances
    PER_ATT          0.960       0.971       0.976       0.995       1.000       1.000       1.000
    SPA_PR           0.809       0.852       0.874       0.961       0.996       0.998       1.000
    SNA_PR           0.918       0.942       0.951       0.989       0.999       1.000       1.000


STD Standardization

                  Lower .5%  Lower 2.5%    Lower 5%    Estimate    Upper 5%  Upper 2.5%   Upper .5%

Within Level

 PA       ON
    PA&1             0.000       0.000       0.000       0.000       0.000       0.000       0.000

 NA       ON
    NA&1             0.000       0.000       0.000       0.000       0.000       0.000       0.000

 PER_ATT  WITH
    PA               0.000       0.000       0.000       0.000       0.000       0.000       0.000
    NA               0.000       0.000       0.000       0.000       0.000       0.000       0.000

 NA       WITH
    PA               0.000     -61.985       0.000     -58.730       0.000     -55.874       0.000

 Residual Variances
    PER_ATT          0.000     307.395       0.000     318.485       0.000     329.847       0.000
    PA               0.000     164.041       0.000     169.106       0.000     174.434       0.000
    NA               0.000      89.351       0.000      92.045       0.000      94.894       0.000

Between Level

 SPA_PR   ON
    ANHEDONIA       -0.052      -0.044      -0.040      -0.017       0.007       0.012       0.023
    BDI_SUM         -0.025      -0.010      -0.002       0.036       0.072       0.078       0.092

 SNA_PR   ON
    ANHEDONIA       -0.038      -0.032      -0.028      -0.007       0.015       0.019       0.027
    BDI_SUM         -0.059      -0.046      -0.040      -0.003       0.033       0.039       0.053

 PER_ATT  ON
    ANHEDONIA       -0.398      -0.319      -0.259      -0.007       0.252       0.296       0.428
    BDI_SUM         -0.757      -0.599      -0.530      -0.129       0.270       0.358       0.529

 Means
    PA              43.774      44.430      44.682      46.194      47.679      47.961      48.571
    NA              13.308      13.696      13.922      15.103      16.315      16.580      17.016

 Intercepts
    PER_ATT         26.954      28.162      28.658      30.742      33.011      33.407      34.170
    SPA_PR           0.445       0.533       0.585       0.834       1.153       1.231       1.361
    SNA_PR           0.234       0.309       0.350       0.573       0.865       0.922       1.052

 Variances
    PA             100.931     108.963     112.329     134.009     162.868     169.095     184.690
    NA              58.367      62.681      64.873      78.413      95.623      99.603     109.553

 Residual Variances
    PER_ATT        213.392     228.919     235.789     284.297     346.936     361.036     386.292
    SPA_PR           0.809       0.852       0.874       0.961       0.996       0.998       1.000
    SNA_PR           0.918       0.942       0.951       0.989       0.999       1.000       1.000


TECHNICAL 1 OUTPUT


     PARAMETER SPECIFICATION FOR WITHIN


           NU
              PER_ATT       PA            NA            PA&1          NA&1
              ________      ________      ________      ________      ________
                    0             0             0             0             0


           LAMBDA
              PER_ATT       PA            NA            PA&1          NA&1
              ________      ________      ________      ________      ________
 PER_ATT            0             0             0             0             0
 PA                 0             0             0             0             0
 NA                 0             0             0             0             0
 PA&1               0             0             0             0             0
 NA&1               0             0             0             0             0


           THETA
              PER_ATT       PA            NA            PA&1          NA&1
              ________      ________      ________      ________      ________
 PER_ATT            0
 PA                 0             0
 NA                 0             0             0
 PA&1               0             0             0             0
 NA&1               0             0             0             0             0


           ALPHA
              PER_ATT       PA            NA            PA&1          NA&1
              ________      ________      ________      ________      ________
                    0             0             0             0             0


           BETA
              PER_ATT       PA            NA            PA&1          NA&1
              ________      ________      ________      ________      ________
 PER_ATT            0             0             0             0             0
 PA                 0             0             0             0             0
 NA                 0             0             0             0             0
 PA&1               0             0             0             0             0
 NA&1               0             0             0             0             0


           PSI
              PER_ATT       PA            NA            PA&1          NA&1
              ________      ________      ________      ________      ________
 PER_ATT            1
 PA                 0             2
 NA                 0             3             4
 PA&1               0             0             0             0
 NA&1               0             0             0             0             0


     PARAMETER SPECIFICATION FOR BETWEEN


           NU
              PER_ATT       PA            NA            ANHEDONI      BDI_SUM
              ________      ________      ________      ________      ________
                    0             0             0             0             0


           LAMBDA
              SPA_PR        SNA_PR        PER_ATT       PA            NA
              ________      ________      ________      ________      ________
 PER_ATT            0             0             0             0             0
 PA                 0             0             0             0             0
 NA                 0             0             0             0             0
 ANHEDONI           0             0             0             0             0
 BDI_SUM            0             0             0             0             0


           LAMBDA
              ANHEDONI      BDI_SUM
              ________      ________
 PER_ATT            0             0
 PA                 0             0
 NA                 0             0
 ANHEDONI           0             0
 BDI_SUM            0             0


           THETA
              PER_ATT       PA            NA            ANHEDONI      BDI_SUM
              ________      ________      ________      ________      ________
 PER_ATT            0
 PA                 0             0
 NA                 0             0             0
 ANHEDONI           0             0             0             0
 BDI_SUM            0             0             0             0             0


           ALPHA
              SPA_PR        SNA_PR        PER_ATT       PA            NA
              ________      ________      ________      ________      ________
                    5             6             7             8             9


           ALPHA
              ANHEDONI      BDI_SUM
              ________      ________
                    0             0


           BETA
              SPA_PR        SNA_PR        PER_ATT       PA            NA
              ________      ________      ________      ________      ________
 SPA_PR             0             0             0             0             0
 SNA_PR             0             0             0             0             0
 PER_ATT            0             0             0             0             0
 PA                 0             0             0             0             0
 NA                 0             0             0             0             0
 ANHEDONI           0             0             0             0             0
 BDI_SUM            0             0             0             0             0


           BETA
              ANHEDONI      BDI_SUM
              ________      ________
 SPA_PR            10            11
 SNA_PR            12            13
 PER_ATT           14            15
 PA                 0             0
 NA                 0             0
 ANHEDONI           0             0
 BDI_SUM            0             0


           PSI
              SPA_PR        SNA_PR        PER_ATT       PA            NA
              ________      ________      ________      ________      ________
 SPA_PR            16
 SNA_PR             0            17
 PER_ATT            0             0            18
 PA                 0             0             0            19
 NA                 0             0             0             0            20
 ANHEDONI           0             0             0             0             0
 BDI_SUM            0             0             0             0             0


           PSI
              ANHEDONI      BDI_SUM
              ________      ________
 ANHEDONI           0
 BDI_SUM            0             0


     STARTING VALUES FOR WITHIN


           NU
              PER_ATT       PA            NA            PA&1          NA&1
              ________      ________      ________      ________      ________
                0.000         0.000         0.000         0.000         0.000


           LAMBDA
              PER_ATT       PA            NA            PA&1          NA&1
              ________      ________      ________      ________      ________
 PER_ATT        1.000         0.000         0.000         0.000         0.000
 PA             0.000         1.000         0.000         0.000         0.000
 NA             0.000         0.000         1.000         0.000         0.000
 PA&1           0.000         0.000         0.000         1.000         0.000
 NA&1           0.000         0.000         0.000         0.000         1.000


           THETA
              PER_ATT       PA            NA            PA&1          NA&1
              ________      ________      ________      ________      ________
 PER_ATT        0.000
 PA             0.000         0.000
 NA             0.000         0.000         0.000
 PA&1           0.000         0.000         0.000         0.000
 NA&1           0.000         0.000         0.000         0.000         0.000


           ALPHA
              PER_ATT       PA            NA            PA&1          NA&1
              ________      ________      ________      ________      ________
                0.000         0.000         0.000         0.000         0.000


           BETA
              PER_ATT       PA            NA            PA&1          NA&1
              ________      ________      ________      ________      ________
 PER_ATT        0.000         0.000         0.000         0.000         0.000
 PA             0.000         0.000         0.000         0.000         0.000
 NA             0.000         0.000         0.000         0.000         0.000
 PA&1           0.000         0.000         0.000         0.000         0.000
 NA&1           0.000         0.000         0.000         0.000         0.000


           PSI
              PER_ATT       PA            NA            PA&1          NA&1
              ________      ________      ________      ________      ________
 PER_ATT      310.581
 PA             0.000       148.523
 NA             0.000         0.000        82.455
 PA&1           0.000         0.000         0.000       148.591
 NA&1           0.000         0.000         0.000         0.000        82.346


     STARTING VALUES FOR BETWEEN


           NU
              PER_ATT       PA            NA            ANHEDONI      BDI_SUM
              ________      ________      ________      ________      ________
                0.000         0.000         0.000         0.000         0.000


           LAMBDA
              SPA_PR        SNA_PR        PER_ATT       PA            NA
              ________      ________      ________      ________      ________
 PER_ATT        0.000         0.000         1.000         0.000         0.000
 PA             0.000         0.000         0.000         1.000         0.000
 NA             0.000         0.000         0.000         0.000         1.000
 ANHEDONI       0.000         0.000         0.000         0.000         0.000
 BDI_SUM        0.000         0.000         0.000         0.000         0.000


           LAMBDA
              ANHEDONI      BDI_SUM
              ________      ________
 PER_ATT        0.000         0.000
 PA             0.000         0.000
 NA             0.000         0.000
 ANHEDONI       1.000         0.000
 BDI_SUM        0.000         1.000


           THETA
              PER_ATT       PA            NA            ANHEDONI      BDI_SUM
              ________      ________      ________      ________      ________
 PER_ATT        0.000
 PA             0.000         0.000
 NA             0.000         0.000         0.000
 ANHEDONI       0.000         0.000         0.000         0.000
 BDI_SUM        0.000         0.000         0.000         0.000         0.000


           ALPHA
              SPA_PR        SNA_PR        PER_ATT       PA            NA
              ________      ________      ________      ________      ________
                0.000         0.000        30.951        46.073        14.975


           ALPHA
              ANHEDONI      BDI_SUM
              ________      ________
                0.000         0.000


           BETA
              SPA_PR        SNA_PR        PER_ATT       PA            NA
              ________      ________      ________      ________      ________
 SPA_PR         0.000         0.000         0.000         0.000         0.000
 SNA_PR         0.000         0.000         0.000         0.000         0.000
 PER_ATT        0.000         0.000         0.000         0.000         0.000
 PA             0.000         0.000         0.000         0.000         0.000
 NA             0.000         0.000         0.000         0.000         0.000
 ANHEDONI       0.000         0.000         0.000         0.000         0.000
 BDI_SUM        0.000         0.000         0.000         0.000         0.000


           BETA
              ANHEDONI      BDI_SUM
              ________      ________
 SPA_PR         0.000         0.000
 SNA_PR         0.000         0.000
 PER_ATT        0.000         0.000
 PA             0.000         0.000
 NA             0.000         0.000
 ANHEDONI       0.000         0.000
 BDI_SUM        0.000         0.000


           PSI
              SPA_PR        SNA_PR        PER_ATT       PA            NA
              ________      ________      ________      ________      ________
 SPA_PR         1.000
 SNA_PR         0.000         1.000
 PER_ATT        0.000         0.000       310.581
 PA             0.000         0.000         0.000       148.523
 NA             0.000         0.000         0.000         0.000        82.455
 ANHEDONI       0.000         0.000         0.000         0.000         0.000
 BDI_SUM        0.000         0.000         0.000         0.000         0.000


           PSI
              ANHEDONI      BDI_SUM
              ________      ________
 ANHEDONI      40.163
 BDI_SUM        0.000        15.903



     PRIORS FOR ALL PARAMETERS            PRIOR MEAN      PRIOR VARIANCE     PRIOR STD. DEV.

     Parameter 1~IG(-1.000,0.000)          infinity            infinity            infinity
     Parameter 2~IW(0.000,-3)              infinity            infinity            infinity
     Parameter 3~IW(0.000,-3)              infinity            infinity            infinity
     Parameter 4~IW(0.000,-3)              infinity            infinity            infinity
     Parameter 5~N(0.000,infinity)           0.0000            infinity            infinity
     Parameter 6~N(0.000,infinity)           0.0000            infinity            infinity
     Parameter 7~N(0.000,infinity)           0.0000            infinity            infinity
     Parameter 8~N(0.000,infinity)           0.0000            infinity            infinity
     Parameter 9~N(0.000,infinity)           0.0000            infinity            infinity
     Parameter 10~N(0.000,infinity)          0.0000            infinity            infinity
     Parameter 11~N(0.000,infinity)          0.0000            infinity            infinity
     Parameter 12~N(0.000,infinity)          0.0000            infinity            infinity
     Parameter 13~N(0.000,infinity)          0.0000            infinity            infinity
     Parameter 14~N(0.000,infinity)          0.0000            infinity            infinity
     Parameter 15~N(0.000,infinity)          0.0000            infinity            infinity
     Parameter 16~IG(-1.000,0.000)         infinity            infinity            infinity
     Parameter 17~IG(-1.000,0.000)         infinity            infinity            infinity
     Parameter 18~IG(-1.000,0.000)         infinity            infinity            infinity
     Parameter 19~IG(-1.000,0.000)         infinity            infinity            infinity
     Parameter 20~IG(-1.000,0.000)         infinity            infinity            infinity


TECHNICAL 8 OUTPUT


   TECHNICAL 8 OUTPUT FOR BAYES ESTIMATION

     PROCESSOR    BSEED
     1            0
     2            285380
     3            253358
     4            93468
     5            608496
     6            903420
     7            195873
     8            462953
     9            939021
     10           127215
     11           415931
     12           533738
     13           107446
     14           399671
     15           650371
     16           27071

                     POTENTIAL       PARAMETER WITH
     ITERATION    SCALE REDUCTION      HIGHEST PSR
     100              1.108               4
     200              1.081               16
     300              1.024               3
     400              1.040               17
     500              1.011               9
     600              1.020               6
     700              1.025               6
     800              1.038               6
     900              1.035               6
     1000             1.019               6
     1100             1.019               17
     1200             1.020               17
     1300             1.011               17
     1400             1.013               16
     1500             1.008               16
     1600             1.010               17
     1700             1.009               13
     1800             1.010               17
     1900             1.017               17
     2000             1.017               17
     2100             1.012               17
     2200             1.009               17
     2300             1.011               16
     2400             1.004               16


PLOT INFORMATION

The following plots are available:

  Histograms (sample values)
  Scatterplots (sample values)
  Between-level histograms (sample values, sample means/variances)
  Between-level scatterplots (sample values, sample means/variances)
  Time series plots (sample values, ACF, PACF)
  Histogram of subjects per time point
  Time interval plots
  Bayesian posterior parameter distributions
  Bayesian posterior parameter trace plots
  Bayesian autocorrelation plots

     Beginning Time:  23:08:27
        Ending Time:  23:09:54
       Elapsed Time:  00:01:27



MUTHEN & MUTHEN
3463 Stoner Ave.
Los Angeles, CA  90066

Tel: (310) 391-9971
Fax: (310) 391-8971
Web: www.StatModel.com
Support: Support@StatModel.com

Copyright (c) 1998-2022 Muthen & Muthen
