Mplus VERSION 8.8
MUTHEN & MUTHEN
08/26/2023   1:20 AM

INPUT INSTRUCTIONS


  DATA:
  FILE IS data3.dat;

  VARIABLE:   NAMES =
  	    Eth_ID Time Time_between Time_inc
  	    PA_enth NA_irri NA_verv PA_tevr PA_ener
       	    PA_kalm NA_nerv PA_daadk NA_verdr
  	    PA_vrol NA_boos PA_dankb NA_somb PER_att
      	    PER_refl PER_self PER_expr PER_damp
  	    PER_codamp PER_capit Sample age_yr gesl BDI
      	    Measures_valid BDI_anh Anhedonia
   	    BDI_sum PA NA day compliance;

              USEVARIABLES are PER_self PA NA Anhedonia BDI_sum;
              MISSING is .;
              within = ;
              between = Anhedonia BDI_sum ;
              cluster = Eth_ID;
              lagged= PA NA(1);
              tinterval=Time_inc (150);


  DEFINE:     CENTER Anhedonia BDI_sum (grandmean);

  ANALYSIS:   type = twolevel random;
              estimator = Bayes;
              biterations=(2000);
              bconvergence=0.005;
              thin=2;
              PROCESSORS=16;
  MODEL:
  %WITHIN%
  sPA_PR | PER_self on PA&1;
  sNA_PR | PER_self on NA&1;
  PA on PA&1@0;
  NA on NA&1@0;
  PER_self with PA@0;
  PER_self with NA@0;

  %between%
  sPA_PR sNA_PR on Anhedonia BDI_sum;
  PER_self on Anhedonia BDI_sum;


  OUTPUT: standardized tech1 tech8 cinterval patterns;
  PLOT: TYPE = PLOT3;



*** WARNING in VARIABLE command
  Note that only the first 8 characters of variable names are used in the output.
  Shorten variable names to avoid any confusion.
*** WARNING in MODEL command
  A y-variable has been declared on the within level but not referred to on
  the between level.  Please check that this is what is intended.  If this is not intended,
  specify the variable as a within variable.  Problem with:  PA
*** WARNING in MODEL command
  A y-variable has been declared on the within level but not referred to on
  the between level.  Please check that this is what is intended.  If this is not intended,
  specify the variable as a within variable.  Problem with:  NA
*** WARNING in PLOT command
  Note that only the first 8 characters of variable names are used in plots.
  If variable names are not unique within the first 8 characters, problems
  may occur.
*** WARNING
  One or more individual-level variables have no variation within a
  cluster for the following clusters.

     Variable   Cluster IDs with no within-cluster variation

      PER_SELF    71

*** WARNING
  Data set contains cases with missing on all variables.  Cases that appeared before the first
  case with observed data and that appeared after the last case with observed data were not
  included in the analysis.  Number of deleted cases:  679
   6 WARNING(S) FOUND IN THE INPUT INSTRUCTIONS




SUMMARY OF ANALYSIS

Number of groups                                                 1
Number of observations                                       20160

Number of dependent variables                                    3
Number of independent variables                                  4
Number of continuous latent variables                            2

Observed dependent variables

  Continuous
   PER_SELF    PA          NA

Observed independent variables
   ANHEDONI    BDI_SUM     PA&1        NA&1

Continuous latent variables
   SPA_PR      SNA_PR

Variables with special functions

  Cluster variable      ETH_ID

  Within variables
   PA&1        NA&1

  Between variables
   ANHEDONI    BDI_SUM

  Centering (GRANDMEAN)
   ANHEDONI    BDI_SUM


Estimator                                                    BAYES
Specifications for Bayesian Estimation
  Point estimate                                            MEDIAN
  Number of Markov chain Monte Carlo (MCMC) chains               2
  Random seed for the first chain                                0
  Starting value information                           UNPERTURBED
  Algorithm used for Markov chain Monte Carlo           GIBBS(PX1)
  Convergence criterion                                  0.500D-02
  Maximum number of iterations                               50000
  K-th iteration used for thinning                               2

Input data file(s)
  data3.dat
Input data format  FREE


SUMMARY OF DATA

     Number of clusters                        159

       Size (s)    Cluster ID with Size s

         56        28
         80        82
         84        87
         88        72
         97        34
        101        10
        105        52
        108        119
        111        36
        113        182
        115        89 131
        116        15 188 75 77
        117        11
        118        16 66 49 57 195
        119        197 71 48 149 50 92 38 186 163 106
        120        55 168 7 108 148 192 61 98 165
        122        174
        123        127
        124        161 117 103 51
        125        53 54 13 40 44 88 30 68 100 93 105 112 123 73
        126        107 172 173 102 65 109 111 80 76 120
        127        70 177 133 62 139 118 110 25 115 67 46 104 178 126 193
                   32 86 198 147
        128        43 153 59 156 96 180 18 5
        129        141 144 125 3 185 146 135 190 187 39 137 116 69
        130        138 166 97 14
        133        191
        134        2
        135        194 63 60 183 201 200
        136        26 56
        137        95 4 9 22 19 42
        138        132 29 94
        139        45 74 35 37 84 21 79 145 114
        142        27
        143        179
        144        170 24 171
        145        1 124 162 20
        146        151 6 167
        147        142 31
        148        159 176



SUMMARY OF MISSING DATA PATTERNS

     Number of missing data patterns            13


     MISSING DATA PATTERNS (x = not missing)

           1  2  3  4  5  6  7  8  9 10 11 12 13
 PER_SELF  x  x              x     x     x     x
 PA        x  x        x  x     x  x     x  x
 NA        x  x        x  x        x  x  x
 PA&1      x     x        x  x     x        x
 NA&1      x     x        x  x           x  x
 ANHEDONI  x  x  x  x  x  x  x  x  x  x  x  x  x
 BDI_SUM   x  x  x  x  x  x  x  x  x  x  x  x  x


     MISSING DATA PATTERN FREQUENCIES

    Pattern   Frequency     Pattern   Frequency     Pattern   Frequency
          1        4884           6          54          11           1
          2        3221           7           3          12           1
          3        3121           8           4          13           1
          4        8808           9           5
          5          56          10           1


COVARIANCE COVERAGE OF DATA

Minimum covariance coverage value   0.100


     PROPORTION OF DATA PRESENT


           Covariance Coverage
              PER_SELF      PA            NA            ANHEDONI      BDI_SUM
              ________      ________      ________      ________      ________
 PER_SELF       0.403
 PA             0.402         0.408
 NA             0.402         0.408         0.408
 ANHEDONI       0.403         0.408         0.408         1.000
 BDI_SUM        0.403         0.408         0.408         1.000         1.000



UNIVARIATE SAMPLE STATISTICS


     UNIVARIATE HIGHER-ORDER MOMENT DESCRIPTIVE STATISTICS

         Variable/         Mean/     Skewness/   Minimum/ % with                Percentiles
        Sample Size      Variance    Kurtosis    Maximum  Min/Max      20%/60%    40%/80%    Median

     PER_SELF             22.518       1.136       0.000   13.68%       3.000      8.000     12.000
            8115.000     560.218       0.374     100.000    0.70%      19.000     45.000
     PA                   44.345       0.056       0.000    0.32%      29.000     40.000     44.667
            8226.000     301.997      -0.250     100.000    0.07%      49.167     59.167
     NA                   14.975       1.412       0.000    7.26%       5.000      9.167     11.500
            8222.000     164.910       1.997      80.667    0.01%      14.333     23.000
     ANHEDONIA             0.000       0.630     -18.380    0.63%      -7.330     -2.924     -0.934
             159.000      79.008       0.606      29.966    0.63%       1.234      6.118
     BDI_SUM               0.000       0.851      -8.050    3.77%      -5.050     -3.050     -1.050
             159.000      31.821       0.278      16.950    1.26%      -0.050      3.950


THE MODEL ESTIMATION TERMINATED NORMALLY

     USE THE FBITERATIONS OPTION TO INCREASE THE NUMBER OF ITERATIONS BY A FACTOR
     OF AT LEAST TWO TO CHECK CONVERGENCE AND THAT THE PSR VALUE DOES NOT INCREASE.



MODEL FIT INFORMATION

Number of Free Parameters                              20

Information Criteria

          Deviance (DIC)                       513859.022
          Estimated Number of Parameters (pD)   36373.653



MODEL RESULTS

                                Posterior  One-Tailed         95% C.I.
                    Estimate       S.D.      P-Value   Lower 2.5%  Upper 2.5%  Significance

Within Level

 PA         ON
    PA&1               0.000       0.000      1.000       0.000       0.000

 NA         ON
    NA&1               0.000       0.000      1.000       0.000       0.000

 PER_SELF WITH
    PA                 0.000       0.000      1.000       0.000       0.000
    NA                 0.000       0.000      1.000       0.000       0.000

 NA       WITH
    PA               -55.905       1.513      0.000     -59.008     -53.002      *

 Residual Variances
    PER_SELF         317.621       5.462      0.000     306.820     328.240      *
    PA               167.125       2.658      0.000     162.027     172.444      *
    NA                91.798       1.422      0.000      89.109      94.695      *

Between Level

 SPA_PR     ON
    ANHEDONIA          0.001       0.004      0.409      -0.007       0.009
    BDI_SUM            0.008       0.006      0.112      -0.004       0.021

 SNA_PR     ON
    ANHEDONIA          0.003       0.004      0.246      -0.005       0.011
    BDI_SUM           -0.008       0.006      0.117      -0.020       0.005

 PER_SELF   ON
    ANHEDONIA         -0.123       0.140      0.199      -0.395       0.154
    BDI_SUM            0.029       0.216      0.444      -0.386       0.448

 Means
    PA                44.435       0.969      0.000      42.567      46.314      *
    NA                15.125       0.711      0.000      13.667      16.493      *

 Intercepts
    PER_SELF          22.398       1.223      0.000      20.035      24.719      *
    SPA_PR             0.201       0.036      0.000       0.133       0.273      *
    SNA_PR             0.100       0.037      0.004       0.030       0.173      *

 Variances
    PA               141.818      16.909      0.000     114.044     180.589      *
    NA                78.779       9.371      0.000      62.659      99.920      *

 Residual Variances
    PER_SELF         226.282      27.315      0.000     180.068     286.545      *
    SPA_PR             0.103       0.020      0.000       0.070       0.150      *
    SNA_PR             0.020       0.023      0.000       0.002       0.086      *


STANDARDIZED MODEL RESULTS


STDYX Standardization

                                Posterior  One-Tailed         95% C.I.
                    Estimate       S.D.      P-Value   Lower 2.5%  Upper 2.5%  Significance

Within-Level Standardized Estimates Averaged Over Clusters

 SPA_PR | PER_SELF ON
    PA&1               0.134       0.017      0.000       0.098       0.168      *

 SNA_PR | PER_SELF ON
    NA&1               0.049       0.018      0.003       0.015       0.087      *

 PA         ON
    PA&1               0.000       0.000      1.000       0.000       0.000

 NA         ON
    NA&1               0.000       0.000      1.000       0.000       0.000

 PER_SELF WITH
    PA                 0.000       0.000      1.000       0.000       0.000
    NA                 0.000       0.000      1.000       0.000       0.000

 NA       WITH
    PA                -0.452       0.009      0.000      -0.470      -0.434      *

 Residual Variances
    PER_SELF           0.937       0.008      0.000       0.918       0.949      *
    PA                 1.000       0.000      0.000       1.000       1.000
    NA                 1.000       0.000      0.000       1.000       1.000

Between Level

 SPA_PR     ON
    ANHEDONIA          0.018       0.076      0.409      -0.131       0.164
    BDI_SUM            0.096       0.078      0.112      -0.053       0.250

 SNA_PR     ON
    ANHEDONIA          0.109       0.191      0.246      -0.286       0.513
    BDI_SUM           -0.200       0.197      0.117      -0.604       0.190

 PER_SELF   ON
    ANHEDONIA         -0.052       0.058      0.199      -0.163       0.065
    BDI_SUM            0.008       0.057      0.444      -0.103       0.115

 Means
    PA                 3.728       0.234      0.000       3.279       4.194      *
    NA                 1.706       0.126      0.000       1.463       1.953      *

 Intercepts
    PER_SELF           1.481       0.120      0.000       1.250       1.724      *
    SPA_PR             0.623       0.130      0.000       0.385       0.892      *
    SNA_PR             0.657       0.398      0.004       0.189       1.775      *

 Variances
    PA                 1.000       0.000      0.000       1.000       1.000
    NA                 1.000       0.000      0.000       1.000       1.000

 Residual Variances
    PER_SELF           0.993       0.009      0.000       0.967       1.000      *
    SPA_PR             0.984       0.019      0.000       0.927       0.999      *
    SNA_PR             0.913       0.133      0.000       0.487       0.996      *


STDY Standardization

                                Posterior  One-Tailed         95% C.I.
                    Estimate       S.D.      P-Value   Lower 2.5%  Upper 2.5%  Significance

Within-Level Standardized Estimates Averaged Over Clusters

 SPA_PR | PER_SELF ON
    PA&1               0.010       0.001      0.000       0.008       0.013      *

 SNA_PR | PER_SELF ON
    NA&1               0.005       0.002      0.003       0.002       0.009      *

 PA         ON
    PA&1               0.000       0.000      1.000       0.000       0.000

 NA         ON
    NA&1               0.000       0.000      1.000       0.000       0.000

 PER_SELF WITH
    PA                 0.000       0.000      1.000       0.000       0.000
    NA                 0.000       0.000      1.000       0.000       0.000

 NA       WITH
    PA                -0.452       0.009      0.000      -0.470      -0.434      *

 Residual Variances
    PER_SELF           0.937       0.008      0.000       0.918       0.949      *
    PA                 1.000       0.000      0.000       1.000       1.000
    NA                 1.000       0.000      0.000       1.000       1.000

Between Level

 SPA_PR     ON
    ANHEDONIA          0.003       0.012      0.409      -0.021       0.026
    BDI_SUM            0.024       0.020      0.112      -0.013       0.063

 SNA_PR     ON
    ANHEDONIA          0.017       0.030      0.246      -0.045       0.081
    BDI_SUM           -0.050       0.049      0.117      -0.151       0.048

 PER_SELF   ON
    ANHEDONIA         -0.008       0.009      0.199      -0.026       0.010
    BDI_SUM            0.002       0.014      0.444      -0.026       0.029

 Means
    PA                 3.728       0.234      0.000       3.279       4.194      *
    NA                 1.706       0.126      0.000       1.463       1.953      *

 Intercepts
    PER_SELF           1.481       0.120      0.000       1.250       1.724      *
    SPA_PR             0.623       0.130      0.000       0.385       0.892      *
    SNA_PR             0.657       0.398      0.004       0.189       1.775      *

 Variances
    PA                 1.000       0.000      0.000       1.000       1.000
    NA                 1.000       0.000      0.000       1.000       1.000

 Residual Variances
    PER_SELF           0.993       0.009      0.000       0.967       1.000      *
    SPA_PR             0.984       0.019      0.000       0.927       0.999      *
    SNA_PR             0.913       0.133      0.000       0.487       0.996      *


STD Standardization

                                Posterior  One-Tailed         95% C.I.
                    Estimate       S.D.      P-Value   Lower 2.5%  Upper 2.5%  Significance

Within-Level Standardized Estimates Averaged Over Clusters

 SPA_PR | PER_SELF ON
    PA&1               0.200       0.025      0.000       0.148       0.248      *

 SNA_PR | PER_SELF ON
    NA&1               0.094       0.035      0.003       0.028       0.168      *

 PA         ON
    PA&1               0.000       0.000      1.000       0.000       0.000

 NA         ON
    NA&1               0.000       0.000      1.000       0.000       0.000

 PER_SELF WITH
    PA                 0.000       0.000      1.000       0.000       0.000
    NA                 0.000       0.000      1.000       0.000       0.000

 NA       WITH
    PA               -55.917       1.550      0.000     -59.091     -53.009      *

 Residual Variances
    PER_SELF         317.512       5.541      0.000     306.501     328.469      *
    PA               167.032       2.736      0.000     161.823     172.558      *
    NA                91.861       1.411      0.000      89.166      94.622      *

Between Level

 SPA_PR     ON
    ANHEDONIA          0.003       0.012      0.409      -0.021       0.026
    BDI_SUM            0.024       0.020      0.112      -0.013       0.063

 SNA_PR     ON
    ANHEDONIA          0.017       0.030      0.246      -0.045       0.081
    BDI_SUM           -0.050       0.049      0.117      -0.151       0.048

 PER_SELF   ON
    ANHEDONIA         -0.123       0.140      0.199      -0.395       0.154
    BDI_SUM            0.029       0.216      0.444      -0.386       0.448

 Means
    PA                44.435       0.969      0.000      42.567      46.314      *
    NA                15.125       0.711      0.000      13.667      16.493      *

 Intercepts
    PER_SELF          22.398       1.223      0.000      20.035      24.719      *
    SPA_PR             0.623       0.130      0.000       0.385       0.892      *
    SNA_PR             0.657       0.398      0.004       0.189       1.775      *

 Variances
    PA               141.818      16.909      0.000     114.044     180.589      *
    NA                78.779       9.371      0.000      62.659      99.920      *

 Residual Variances
    PER_SELF         226.282      27.315      0.000     180.068     286.545      *
    SPA_PR             0.984       0.019      0.000       0.927       0.999      *
    SNA_PR             0.913       0.133      0.000       0.487       0.996      *


R-SQUARE

Within-Level R-Square Averaged Across Clusters

                                Posterior  One-Tailed         95% C.I.
    Variable        Estimate       S.D.      P-Value   Lower 2.5%  Upper 2.5%

    PER_SELF           0.063       0.008      0.000       0.051       0.082
    PA                 0.000       0.000      1.000       0.000       0.000
    NA                 0.000       0.000      1.000       0.000       0.000

Between Level

                                Posterior  One-Tailed         95% C.I.
    Variable        Estimate       S.D.      P-Value   Lower 2.5%  Upper 2.5%

    PER_SELF           0.007       0.009      0.000       0.000       0.033

                                Posterior  One-Tailed         95% C.I.
    Variable        Estimate       S.D.      P-Value   Lower 2.5%  Upper 2.5%

    SPA_PR             0.016       0.019      0.000       0.001       0.073
    SNA_PR             0.087       0.133      0.000       0.004       0.513


CREDIBILITY INTERVALS OF MODEL RESULTS

                  Lower .5%  Lower 2.5%    Lower 5%    Estimate    Upper 5%  Upper 2.5%   Upper .5%

Within Level

 PA       ON
    PA&1             0.000       0.000       0.000       0.000       0.000       0.000       0.000

 NA       ON
    NA&1             0.000       0.000       0.000       0.000       0.000       0.000       0.000

 PER_SELF WITH
    PA               0.000       0.000       0.000       0.000       0.000       0.000       0.000
    NA               0.000       0.000       0.000       0.000       0.000       0.000       0.000

 NA       WITH
    PA             -60.094     -59.008     -58.426     -55.905     -53.494     -53.002     -52.194

 Residual Variances
    PER_SELF       303.451     306.820     308.537     317.621     326.636     328.240     331.527
    PA             160.626     162.027     162.814     167.125     171.432     172.444     174.092
    NA              88.154      89.109      89.540      91.798      94.177      94.695      95.567

Between Level

 SPA_PR   ON
    ANHEDONIA       -0.010      -0.007      -0.006       0.001       0.007       0.009       0.011
    BDI_SUM         -0.008      -0.004      -0.003       0.008       0.019       0.021       0.025

 SNA_PR   ON
    ANHEDONIA       -0.007      -0.005      -0.004       0.003       0.009       0.011       0.013
    BDI_SUM         -0.024      -0.020      -0.018      -0.008       0.003       0.005       0.009

 PER_SELF ON
    ANHEDONIA       -0.472      -0.395      -0.352      -0.123       0.106       0.154       0.250
    BDI_SUM         -0.534      -0.386      -0.324       0.029       0.379       0.448       0.574

 Means
    PA              41.897      42.567      42.841      44.435      46.033      46.314      46.891
    NA              13.213      13.667      13.941      15.125      16.295      16.493      16.964

 Intercepts
    PER_SELF        19.015      20.035      20.407      22.398      24.339      24.719      25.517
    SPA_PR           0.112       0.133       0.143       0.201       0.262       0.273       0.299
    SNA_PR           0.007       0.030       0.043       0.100       0.162       0.173       0.197

 Variances
    PA             107.199     114.044     117.373     141.818     173.132     180.589     193.209
    NA              58.344      62.659      64.967      78.779      96.122      99.920     107.031

 Residual Variances
    PER_SELF       169.842     180.068     185.906     226.282     275.739     286.545     307.325
    SPA_PR           0.062       0.070       0.074       0.103       0.141       0.150       0.165
    SNA_PR           0.001       0.002       0.003       0.020       0.070       0.086       0.127


CREDIBILITY INTERVALS OF STANDARDIZED MODEL RESULTS


STDYX Standardization

                  Lower .5%  Lower 2.5%    Lower 5%    Estimate    Upper 5%  Upper 2.5%   Upper .5%

Within Level

 PA       ON
    PA&1             0.000       0.000       0.000       0.000       0.000       0.000       0.000

 NA       ON
    NA&1             0.000       0.000       0.000       0.000       0.000       0.000       0.000

 PER_SELF WITH
    PA               0.000       0.000       0.000       0.000       0.000       0.000       0.000
    NA               0.000       0.000       0.000       0.000       0.000       0.000       0.000

 NA       WITH
    PA               0.000      -0.470       0.000      -0.452       0.000      -0.434       0.000

 Residual Variances
    PER_SELF         0.000       0.918       0.000       0.937       0.000       0.949       0.000
    PA               0.000       1.000       0.000       1.000       0.000       1.000       0.000
    NA               0.000       1.000       0.000       1.000       0.000       1.000       0.000

Between Level

 SPA_PR   ON
    ANHEDONIA       -0.179      -0.131      -0.109       0.018       0.138       0.164       0.209
    BDI_SUM         -0.103      -0.053      -0.033       0.096       0.226       0.250       0.295

 SNA_PR   ON
    ANHEDONIA       -0.528      -0.286      -0.187       0.109       0.430       0.513       0.628
    BDI_SUM         -0.727      -0.604      -0.536      -0.200       0.106       0.190       0.460

 PER_SELF ON
    ANHEDONIA       -0.192      -0.163      -0.146      -0.052       0.045       0.065       0.105
    BDI_SUM         -0.138      -0.103      -0.085       0.008       0.100       0.115       0.145

 Means
    PA               3.158       3.279       3.353       3.728       4.119       4.194       4.344
    NA               1.382       1.463       1.497       1.706       1.913       1.953       2.037

 Intercepts
    PER_SELF         1.186       1.250       1.288       1.481       1.681       1.724       1.801
    SPA_PR           0.311       0.385       0.417       0.623       0.850       0.892       0.982
    SNA_PR           0.050       0.189       0.250       0.657       1.536       1.775       2.206

 Variances
    PA               1.000       1.000       1.000       1.000       1.000       1.000       1.000
    NA               1.000       1.000       1.000       1.000       1.000       1.000       1.000

 Residual Variances
    PER_SELF         0.955       0.967       0.973       0.993       0.999       1.000       1.000
    SPA_PR           0.902       0.927       0.941       0.984       0.999       0.999       1.000
    SNA_PR           0.355       0.487       0.586       0.913       0.994       0.996       0.999


STDY Standardization

                  Lower .5%  Lower 2.5%    Lower 5%    Estimate    Upper 5%  Upper 2.5%   Upper .5%

Within Level

 PA       ON
    PA&1             0.000       0.000       0.000       0.000       0.000       0.000       0.000

 NA       ON
    NA&1             0.000       0.000       0.000       0.000       0.000       0.000       0.000

 PER_SELF WITH
    PA               0.000       0.000       0.000       0.000       0.000       0.000       0.000
    NA               0.000       0.000       0.000       0.000       0.000       0.000       0.000

 NA       WITH
    PA               0.000      -0.470       0.000      -0.452       0.000      -0.434       0.000

 Residual Variances
    PER_SELF         0.000       0.918       0.000       0.937       0.000       0.949       0.000
    PA               0.000       1.000       0.000       1.000       0.000       1.000       0.000
    NA               0.000       1.000       0.000       1.000       0.000       1.000       0.000

Between Level

 SPA_PR   ON
    ANHEDONIA       -0.028      -0.021      -0.017       0.003       0.022       0.026       0.033
    BDI_SUM         -0.026      -0.013      -0.008       0.024       0.057       0.063       0.074

 SNA_PR   ON
    ANHEDONIA       -0.083      -0.045      -0.029       0.017       0.068       0.081       0.099
    BDI_SUM         -0.182      -0.151      -0.134      -0.050       0.027       0.048       0.115

 PER_SELF ON
    ANHEDONIA       -0.030      -0.026      -0.023      -0.008       0.007       0.010       0.017
    BDI_SUM         -0.035      -0.026      -0.021       0.002       0.025       0.029       0.036

 Means
    PA               3.158       3.279       3.353       3.728       4.119       4.194       4.344
    NA               1.382       1.463       1.497       1.706       1.913       1.953       2.037

 Intercepts
    PER_SELF         1.186       1.250       1.288       1.481       1.681       1.724       1.801
    SPA_PR           0.311       0.385       0.417       0.623       0.850       0.892       0.982
    SNA_PR           0.050       0.189       0.250       0.657       1.536       1.775       2.206

 Variances
    PA               1.000       1.000       1.000       1.000       1.000       1.000       1.000
    NA               1.000       1.000       1.000       1.000       1.000       1.000       1.000

 Residual Variances
    PER_SELF         0.955       0.967       0.973       0.993       0.999       1.000       1.000
    SPA_PR           0.902       0.927       0.941       0.984       0.999       0.999       1.000
    SNA_PR           0.355       0.487       0.586       0.913       0.994       0.996       0.999


STD Standardization

                  Lower .5%  Lower 2.5%    Lower 5%    Estimate    Upper 5%  Upper 2.5%   Upper .5%

Within Level

 PA       ON
    PA&1             0.000       0.000       0.000       0.000       0.000       0.000       0.000

 NA       ON
    NA&1             0.000       0.000       0.000       0.000       0.000       0.000       0.000

 PER_SELF WITH
    PA               0.000       0.000       0.000       0.000       0.000       0.000       0.000
    NA               0.000       0.000       0.000       0.000       0.000       0.000       0.000

 NA       WITH
    PA               0.000     -59.091       0.000     -55.917       0.000     -53.009       0.000

 Residual Variances
    PER_SELF         0.000     306.501       0.000     317.512       0.000     328.469       0.000
    PA               0.000     161.823       0.000     167.032       0.000     172.558       0.000
    NA               0.000      89.166       0.000      91.861       0.000      94.622       0.000

Between Level

 SPA_PR   ON
    ANHEDONIA       -0.028      -0.021      -0.017       0.003       0.022       0.026       0.033
    BDI_SUM         -0.026      -0.013      -0.008       0.024       0.057       0.063       0.074

 SNA_PR   ON
    ANHEDONIA       -0.083      -0.045      -0.029       0.017       0.068       0.081       0.099
    BDI_SUM         -0.182      -0.151      -0.134      -0.050       0.027       0.048       0.115

 PER_SELF ON
    ANHEDONIA       -0.472      -0.395      -0.352      -0.123       0.106       0.154       0.250
    BDI_SUM         -0.534      -0.386      -0.324       0.029       0.379       0.448       0.574

 Means
    PA              41.897      42.567      42.841      44.435      46.033      46.314      46.891
    NA              13.213      13.667      13.941      15.125      16.295      16.493      16.964

 Intercepts
    PER_SELF        19.015      20.035      20.407      22.398      24.339      24.719      25.517
    SPA_PR           0.311       0.385       0.417       0.623       0.850       0.892       0.982
    SNA_PR           0.050       0.189       0.250       0.657       1.536       1.775       2.206

 Variances
    PA             107.199     114.044     117.373     141.818     173.132     180.589     193.209
    NA              58.344      62.659      64.967      78.779      96.122      99.920     107.031

 Residual Variances
    PER_SELF       169.842     180.068     185.906     226.282     275.739     286.545     307.325
    SPA_PR           0.902       0.927       0.941       0.984       0.999       0.999       1.000
    SNA_PR           0.355       0.487       0.586       0.913       0.994       0.996       0.999


TECHNICAL 1 OUTPUT


     PARAMETER SPECIFICATION FOR WITHIN


           NU
              PER_SELF      PA            NA            PA&1          NA&1
              ________      ________      ________      ________      ________
                    0             0             0             0             0


           LAMBDA
              PER_SELF      PA            NA            PA&1          NA&1
              ________      ________      ________      ________      ________
 PER_SELF           0             0             0             0             0
 PA                 0             0             0             0             0
 NA                 0             0             0             0             0
 PA&1               0             0             0             0             0
 NA&1               0             0             0             0             0


           THETA
              PER_SELF      PA            NA            PA&1          NA&1
              ________      ________      ________      ________      ________
 PER_SELF           0
 PA                 0             0
 NA                 0             0             0
 PA&1               0             0             0             0
 NA&1               0             0             0             0             0


           ALPHA
              PER_SELF      PA            NA            PA&1          NA&1
              ________      ________      ________      ________      ________
                    0             0             0             0             0


           BETA
              PER_SELF      PA            NA            PA&1          NA&1
              ________      ________      ________      ________      ________
 PER_SELF           0             0             0             0             0
 PA                 0             0             0             0             0
 NA                 0             0             0             0             0
 PA&1               0             0             0             0             0
 NA&1               0             0             0             0             0


           PSI
              PER_SELF      PA            NA            PA&1          NA&1
              ________      ________      ________      ________      ________
 PER_SELF           1
 PA                 0             2
 NA                 0             3             4
 PA&1               0             0             0             0
 NA&1               0             0             0             0             0


     PARAMETER SPECIFICATION FOR BETWEEN


           NU
              PER_SELF      PA            NA            ANHEDONI      BDI_SUM
              ________      ________      ________      ________      ________
                    0             0             0             0             0


           LAMBDA
              SPA_PR        SNA_PR        PER_SELF      PA            NA
              ________      ________      ________      ________      ________
 PER_SELF           0             0             0             0             0
 PA                 0             0             0             0             0
 NA                 0             0             0             0             0
 ANHEDONI           0             0             0             0             0
 BDI_SUM            0             0             0             0             0


           LAMBDA
              ANHEDONI      BDI_SUM
              ________      ________
 PER_SELF           0             0
 PA                 0             0
 NA                 0             0
 ANHEDONI           0             0
 BDI_SUM            0             0


           THETA
              PER_SELF      PA            NA            ANHEDONI      BDI_SUM
              ________      ________      ________      ________      ________
 PER_SELF           0
 PA                 0             0
 NA                 0             0             0
 ANHEDONI           0             0             0             0
 BDI_SUM            0             0             0             0             0


           ALPHA
              SPA_PR        SNA_PR        PER_SELF      PA            NA
              ________      ________      ________      ________      ________
                    5             6             7             8             9


           ALPHA
              ANHEDONI      BDI_SUM
              ________      ________
                    0             0


           BETA
              SPA_PR        SNA_PR        PER_SELF      PA            NA
              ________      ________      ________      ________      ________
 SPA_PR             0             0             0             0             0
 SNA_PR             0             0             0             0             0
 PER_SELF           0             0             0             0             0
 PA                 0             0             0             0             0
 NA                 0             0             0             0             0
 ANHEDONI           0             0             0             0             0
 BDI_SUM            0             0             0             0             0


           BETA
              ANHEDONI      BDI_SUM
              ________      ________
 SPA_PR            10            11
 SNA_PR            12            13
 PER_SELF          14            15
 PA                 0             0
 NA                 0             0
 ANHEDONI           0             0
 BDI_SUM            0             0


           PSI
              SPA_PR        SNA_PR        PER_SELF      PA            NA
              ________      ________      ________      ________      ________
 SPA_PR            16
 SNA_PR             0            17
 PER_SELF           0             0            18
 PA                 0             0             0            19
 NA                 0             0             0             0            20
 ANHEDONI           0             0             0             0             0
 BDI_SUM            0             0             0             0             0


           PSI
              ANHEDONI      BDI_SUM
              ________      ________
 ANHEDONI           0
 BDI_SUM            0             0


     STARTING VALUES FOR WITHIN


           NU
              PER_SELF      PA            NA            PA&1          NA&1
              ________      ________      ________      ________      ________
                0.000         0.000         0.000         0.000         0.000


           LAMBDA
              PER_SELF      PA            NA            PA&1          NA&1
              ________      ________      ________      ________      ________
 PER_SELF       1.000         0.000         0.000         0.000         0.000
 PA             0.000         1.000         0.000         0.000         0.000
 NA             0.000         0.000         1.000         0.000         0.000
 PA&1           0.000         0.000         0.000         1.000         0.000
 NA&1           0.000         0.000         0.000         0.000         1.000


           THETA
              PER_SELF      PA            NA            PA&1          NA&1
              ________      ________      ________      ________      ________
 PER_SELF       0.000
 PA             0.000         0.000
 NA             0.000         0.000         0.000
 PA&1           0.000         0.000         0.000         0.000
 NA&1           0.000         0.000         0.000         0.000         0.000


           ALPHA
              PER_SELF      PA            NA            PA&1          NA&1
              ________      ________      ________      ________      ________
                0.000         0.000         0.000         0.000         0.000


           BETA
              PER_SELF      PA            NA            PA&1          NA&1
              ________      ________      ________      ________      ________
 PER_SELF       0.000         0.000         0.000         0.000         0.000
 PA             0.000         0.000         0.000         0.000         0.000
 NA             0.000         0.000         0.000         0.000         0.000
 PA&1           0.000         0.000         0.000         0.000         0.000
 NA&1           0.000         0.000         0.000         0.000         0.000


           PSI
              PER_SELF      PA            NA            PA&1          NA&1
              ________      ________      ________      ________      ________
 PER_SELF     280.109
 PA             0.000       150.998
 NA             0.000         0.000        82.455
 PA&1           0.000         0.000         0.000       151.182
 NA&1           0.000         0.000         0.000         0.000        82.346


     STARTING VALUES FOR BETWEEN


           NU
              PER_SELF      PA            NA            ANHEDONI      BDI_SUM
              ________      ________      ________      ________      ________
                0.000         0.000         0.000         0.000         0.000


           LAMBDA
              SPA_PR        SNA_PR        PER_SELF      PA            NA
              ________      ________      ________      ________      ________
 PER_SELF       0.000         0.000         1.000         0.000         0.000
 PA             0.000         0.000         0.000         1.000         0.000
 NA             0.000         0.000         0.000         0.000         1.000
 ANHEDONI       0.000         0.000         0.000         0.000         0.000
 BDI_SUM        0.000         0.000         0.000         0.000         0.000


           LAMBDA
              ANHEDONI      BDI_SUM
              ________      ________
 PER_SELF       0.000         0.000
 PA             0.000         0.000
 NA             0.000         0.000
 ANHEDONI       1.000         0.000
 BDI_SUM        0.000         1.000


           THETA
              PER_SELF      PA            NA            ANHEDONI      BDI_SUM
              ________      ________      ________      ________      ________
 PER_SELF       0.000
 PA             0.000         0.000
 NA             0.000         0.000         0.000
 ANHEDONI       0.000         0.000         0.000         0.000
 BDI_SUM        0.000         0.000         0.000         0.000         0.000


           ALPHA
              SPA_PR        SNA_PR        PER_SELF      PA            NA
              ________      ________      ________      ________      ________
                0.000         0.000        22.518        44.345        14.975


           ALPHA
              ANHEDONI      BDI_SUM
              ________      ________
                0.000         0.000


           BETA
              SPA_PR        SNA_PR        PER_SELF      PA            NA
              ________      ________      ________      ________      ________
 SPA_PR         0.000         0.000         0.000         0.000         0.000
 SNA_PR         0.000         0.000         0.000         0.000         0.000
 PER_SELF       0.000         0.000         0.000         0.000         0.000
 PA             0.000         0.000         0.000         0.000         0.000
 NA             0.000         0.000         0.000         0.000         0.000
 ANHEDONI       0.000         0.000         0.000         0.000         0.000
 BDI_SUM        0.000         0.000         0.000         0.000         0.000


           BETA
              ANHEDONI      BDI_SUM
              ________      ________
 SPA_PR         0.000         0.000
 SNA_PR         0.000         0.000
 PER_SELF       0.000         0.000
 PA             0.000         0.000
 NA             0.000         0.000
 ANHEDONI       0.000         0.000
 BDI_SUM        0.000         0.000


           PSI
              SPA_PR        SNA_PR        PER_SELF      PA            NA
              ________      ________      ________      ________      ________
 SPA_PR         1.000
 SNA_PR         0.000         1.000
 PER_SELF       0.000         0.000       280.109
 PA             0.000         0.000         0.000       150.998
 NA             0.000         0.000         0.000         0.000        82.455
 ANHEDONI       0.000         0.000         0.000         0.000         0.000
 BDI_SUM        0.000         0.000         0.000         0.000         0.000


           PSI
              ANHEDONI      BDI_SUM
              ________      ________
 ANHEDONI      40.163
 BDI_SUM        0.000        15.903



     PRIORS FOR ALL PARAMETERS            PRIOR MEAN      PRIOR VARIANCE     PRIOR STD. DEV.

     Parameter 1~IG(-1.000,0.000)          infinity            infinity            infinity
     Parameter 2~IW(0.000,-3)              infinity            infinity            infinity
     Parameter 3~IW(0.000,-3)              infinity            infinity            infinity
     Parameter 4~IW(0.000,-3)              infinity            infinity            infinity
     Parameter 5~N(0.000,infinity)           0.0000            infinity            infinity
     Parameter 6~N(0.000,infinity)           0.0000            infinity            infinity
     Parameter 7~N(0.000,infinity)           0.0000            infinity            infinity
     Parameter 8~N(0.000,infinity)           0.0000            infinity            infinity
     Parameter 9~N(0.000,infinity)           0.0000            infinity            infinity
     Parameter 10~N(0.000,infinity)          0.0000            infinity            infinity
     Parameter 11~N(0.000,infinity)          0.0000            infinity            infinity
     Parameter 12~N(0.000,infinity)          0.0000            infinity            infinity
     Parameter 13~N(0.000,infinity)          0.0000            infinity            infinity
     Parameter 14~N(0.000,infinity)          0.0000            infinity            infinity
     Parameter 15~N(0.000,infinity)          0.0000            infinity            infinity
     Parameter 16~IG(-1.000,0.000)         infinity            infinity            infinity
     Parameter 17~IG(-1.000,0.000)         infinity            infinity            infinity
     Parameter 18~IG(-1.000,0.000)         infinity            infinity            infinity
     Parameter 19~IG(-1.000,0.000)         infinity            infinity            infinity
     Parameter 20~IG(-1.000,0.000)         infinity            infinity            infinity


TECHNICAL 8 OUTPUT


   TECHNICAL 8 OUTPUT FOR BAYES ESTIMATION

     PROCESSOR    BSEED
     1            0
     2            285380
     3            253358
     4            93468
     5            608496
     6            903420
     7            195873
     8            462953
     9            939021
     10           127215
     11           415931
     12           533738
     13           107446
     14           399671
     15           650371
     16           27071

                     POTENTIAL       PARAMETER WITH
     ITERATION    SCALE REDUCTION      HIGHEST PSR
     100              1.208               6
     200              1.545               17
     300              1.557               17
     400              1.800               17
     500              1.135               6
     600              1.131               6
     700              1.066               6
     800              1.015               6
     900              1.026               12
     1000             1.075               17
     1100             1.136               17
     1200             1.215               17
     1300             1.356               17
     1400             1.441               17
     1500             1.113               17
     1600             1.163               17
     1700             1.194               17
     1800             1.253               17
     1900             1.260               17
     2000             1.244               17
     2100             1.167               17
     2200             1.135               17
     2300             1.117               17
     2400             1.101               17
     2500             1.049               17
     2600             1.059               17
     2700             1.056               17
     2800             1.049               17
     2900             1.058               17
     3000             1.074               17
     3100             1.060               17
     3200             1.061               17
     3300             1.065               17
     3400             1.054               17
     3500             1.044               17
     3600             1.020               17
     3700             1.005               13


PLOT INFORMATION

The following plots are available:

  Histograms (sample values)
  Scatterplots (sample values)
  Between-level histograms (sample values, sample means/variances)
  Between-level scatterplots (sample values, sample means/variances)
  Time series plots (sample values, ACF, PACF)
  Histogram of subjects per time point
  Time interval plots
  Bayesian posterior parameter distributions
  Bayesian posterior parameter trace plots
  Bayesian autocorrelation plots

     Beginning Time:  01:20:57
        Ending Time:  01:23:01
       Elapsed Time:  00:02:04



MUTHEN & MUTHEN
3463 Stoner Ave.
Los Angeles, CA  90066

Tel: (310) 391-9971
Fax: (310) 391-8971
Web: www.StatModel.com
Support: Support@StatModel.com

Copyright (c) 1998-2022 Muthen & Muthen
