Mplus VERSION 8.8
MUTHEN & MUTHEN
08/25/2023  11:46 PM

INPUT INSTRUCTIONS


  DATA:
  FILE IS data13.dat;

  VARIABLE:   NAMES =
  	    Eth_ID Time Time_between Time_inc
  	    PA_enth NA_irri NA_verv PA_tevr PA_ener
       	    PA_kalm NA_nerv PA_daadk NA_verdr
  	    PA_vrol NA_boos PA_dankb NA_somb PER_att
      	    PER_refl PER_self PER_expr PER_damp
  	    PER_codamp PER_capit Sample age_yr gesl BDI
      	    Measures_valid BDI_anh Anhedonia
   	    BDI_sum PA NA day compliance;

              USEVARIABLES are PER_codamp PA NA Anhedonia BDI_sum;
              MISSING is .;
              within = ;
              between = Anhedonia BDI_sum ;
              cluster = Eth_ID;
              lagged= PA NA(1);
              tinterval=Time_inc (150);


  DEFINE:     CENTER Anhedonia BDI_sum (grandmean);

  ANALYSIS:   type = twolevel random;
              estimator = Bayes;
              biterations=(2000);
  !            bconvergence=0.005;
              thin=2;
              PROCESSORS=16;
  MODEL:
  %WITHIN%
  sPA_PR | PER_codamp on PA&1;
  sNA_PR | PER_codamp on NA&1;
  PA on PA&1@0;
  NA on NA&1@0;
  PER_codamp with PA@0;
  PER_codamp with NA@0;

  %between%
  sPA_PR sNA_PR on Anhedonia BDI_sum;
  PER_codamp on Anhedonia BDI_sum;


  OUTPUT: standardized tech1 tech8 cinterval patterns;
  PLOT: TYPE = PLOT3;



*** WARNING in VARIABLE command
  Note that only the first 8 characters of variable names are used in the output.
  Shorten variable names to avoid any confusion.
*** WARNING in MODEL command
  A y-variable has been declared on the within level but not referred to on
  the between level.  Please check that this is what is intended.  If this is not intended,
  specify the variable as a within variable.  Problem with:  PA
*** WARNING in MODEL command
  A y-variable has been declared on the within level but not referred to on
  the between level.  Please check that this is what is intended.  If this is not intended,
  specify the variable as a within variable.  Problem with:  NA
*** WARNING in PLOT command
  Note that only the first 8 characters of variable names are used in plots.
  If variable names are not unique within the first 8 characters, problems
  may occur.
*** WARNING
  One or more individual-level variables have no variation within a
  cluster for the following clusters.

     Variable   Cluster IDs with no within-cluster variation

      PER_CODA    82 89 71 148 165 127 73 177

*** WARNING
  Data set contains cases with missing on all variables.  Cases that appeared before the first
  case with observed data and that appeared after the last case with observed data were not
  included in the analysis.  Number of deleted cases:  679
   6 WARNING(S) FOUND IN THE INPUT INSTRUCTIONS




SUMMARY OF ANALYSIS

Number of groups                                                 1
Number of observations                                       20160

Number of dependent variables                                    3
Number of independent variables                                  4
Number of continuous latent variables                            2

Observed dependent variables

  Continuous
   PER_CODAMP  PA          NA

Observed independent variables
   ANHEDONI    BDI_SUM     PA&1        NA&1

Continuous latent variables
   SPA_PR      SNA_PR

Variables with special functions

  Cluster variable      ETH_ID

  Within variables
   PA&1        NA&1

  Between variables
   ANHEDONI    BDI_SUM

  Centering (GRANDMEAN)
   ANHEDONI    BDI_SUM


Estimator                                                    BAYES
Specifications for Bayesian Estimation
  Point estimate                                            MEDIAN
  Number of Markov chain Monte Carlo (MCMC) chains               2
  Random seed for the first chain                                0
  Starting value information                           UNPERTURBED
  Algorithm used for Markov chain Monte Carlo           GIBBS(PX1)
  Convergence criterion                                  0.500D-01
  Maximum number of iterations                               50000
  K-th iteration used for thinning                               2

Input data file(s)
  data13.dat
Input data format  FREE


SUMMARY OF DATA

     Number of clusters                        159

       Size (s)    Cluster ID with Size s

         56        28
         80        82
         84        87
         88        72
         97        34
        101        10
        105        52
        108        119
        111        36
        113        182
        115        89 131
        116        15 188 75 77
        117        11
        118        16 66 49 57 195
        119        197 71 48 149 50 92 38 186 163 106
        120        55 168 7 108 148 192 61 98 165
        122        174
        123        127
        124        161 117 103 51
        125        53 54 13 40 44 88 30 68 100 93 105 112 123 73
        126        107 172 173 102 65 109 111 80 76 120
        127        70 177 133 62 139 118 110 25 115 67 46 104 178 126 193
                   32 86 198 147
        128        43 153 59 156 96 180 18 5
        129        141 144 125 3 185 146 135 190 187 39 137 116 69
        130        138 166 97 14
        133        191
        134        2
        135        194 63 60 183 201 200
        136        26 56
        137        95 4 9 22 19 42
        138        132 29 94
        139        45 74 35 37 84 21 79 145 114
        142        27
        143        179
        144        170 24 171
        145        1 124 162 20
        146        151 6 167
        147        142 31
        148        159 176



SUMMARY OF MISSING DATA PATTERNS

     Number of missing data patterns            13


     MISSING DATA PATTERNS (x = not missing)

           1  2  3  4  5  6  7  8  9 10 11 12 13
 PER_CODA  x  x              x     x     x     x
 PA        x  x        x  x     x  x     x  x
 NA        x  x        x  x        x  x  x
 PA&1      x     x        x  x     x        x
 NA&1      x     x        x  x           x  x
 ANHEDONI  x  x  x  x  x  x  x  x  x  x  x  x  x
 BDI_SUM   x  x  x  x  x  x  x  x  x  x  x  x  x


     MISSING DATA PATTERN FREQUENCIES

    Pattern   Frequency     Pattern   Frequency     Pattern   Frequency
          1        4871           6          67          11           1
          2        3199           7           3          12           1
          3        3121           8           4          13           1
          4        8808           9           5
          5          78          10           1


COVARIANCE COVERAGE OF DATA

Minimum covariance coverage value   0.100


     PROPORTION OF DATA PRESENT


           Covariance Coverage
              PER_CODA      PA            NA            ANHEDONI      BDI_SUM
              ________      ________      ________      ________      ________
 PER_CODA       0.401
 PA             0.401         0.408
 NA             0.401         0.408         0.408
 ANHEDONI       0.401         0.408         0.408         1.000
 BDI_SUM        0.401         0.408         0.408         1.000         1.000



UNIVARIATE SAMPLE STATISTICS


     UNIVARIATE HIGHER-ORDER MOMENT DESCRIPTIVE STATISTICS

         Variable/         Mean/     Skewness/   Minimum/ % with                Percentiles
        Sample Size      Variance    Kurtosis    Maximum  Min/Max      20%/60%    40%/80%    Median

     PER_CODAMP            9.792       2.490       0.000   25.02%       0.000      4.000      6.000
            8080.000     179.259       6.918     100.000    0.01%       7.000     14.000
     PA                   45.572      -0.010       0.000    0.29%      30.857     41.571     46.143
            8226.000     302.012      -0.210     100.000    0.07%      50.286     60.286
     NA                   15.831       1.285       0.000    7.38%       5.200      9.800     12.400
            8222.000     175.093       1.514      83.200    0.01%      15.400     24.600
     ANHEDONIA             0.000       0.630     -18.380    0.63%      -7.330     -2.924     -0.934
             159.000      79.008       0.606      29.966    0.63%       1.234      6.118
     BDI_SUM               0.000       0.851      -8.050    3.77%      -5.050     -3.050     -1.050
             159.000      31.821       0.278      16.950    1.26%      -0.050      3.950


THE MODEL ESTIMATION TERMINATED NORMALLY

     USE THE FBITERATIONS OPTION TO INCREASE THE NUMBER OF ITERATIONS BY A FACTOR
     OF AT LEAST TWO TO CHECK CONVERGENCE AND THAT THE PSR VALUE DOES NOT INCREASE.



MODEL FIT INFORMATION

Number of Free Parameters                              20

Information Criteria

          Deviance (DIC)                       484324.979
          Estimated Number of Parameters (pD)   36306.405



MODEL RESULTS

                                Posterior  One-Tailed         95% C.I.
                    Estimate       S.D.      P-Value   Lower 2.5%  Upper 2.5%  Significance

Within Level

 PA         ON
    PA&1               0.000       0.000      1.000       0.000       0.000

 NA         ON
    NA&1               0.000       0.000      1.000       0.000       0.000

 PER_CODA WITH
    PA                 0.000       0.000      1.000       0.000       0.000
    NA                 0.000       0.000      1.000       0.000       0.000

 NA       WITH
    PA               -63.624       1.676      0.000     -66.924     -60.406      *

 Residual Variances
    PER_CODAMP        67.288       1.212      0.000      64.989      69.778      *
    PA               173.684       2.792      0.000     168.407     179.400      *
    NA               100.299       1.590      0.000      96.982     103.435      *

Between Level

 SPA_PR     ON
    ANHEDONIA          0.000       0.003      0.458      -0.005       0.005
    BDI_SUM            0.004       0.005      0.182      -0.005       0.013

 SNA_PR     ON
    ANHEDONIA          0.001       0.003      0.377      -0.005       0.007
    BDI_SUM            0.000       0.005      0.471      -0.010       0.010

 PER_CODAMP ON
    ANHEDONIA          0.004       0.092      0.481      -0.182       0.176
    BDI_SUM            0.304       0.145      0.020       0.015       0.585      *

 Means
    PA                45.616       0.919      0.000      43.791      47.419      *
    NA                16.025       0.730      0.000      14.669      17.533      *

 Intercepts
    PER_CODAMP        10.097       0.803      0.000       8.516      11.689      *
    SPA_PR             0.036       0.023      0.061      -0.008       0.083
    SNA_PR             0.081       0.027      0.001       0.028       0.134      *

 Variances
    PA               137.195      16.107      0.000     110.501     171.853      *
    NA                81.689       9.721      0.000      66.342     103.130      *

 Residual Variances
    PER_CODAMP       103.552      12.413      0.000      82.565     131.752      *
    SPA_PR             0.065       0.010      0.000       0.048       0.088      *
    SNA_PR             0.069       0.012      0.000       0.048       0.097      *


STANDARDIZED MODEL RESULTS


STDYX Standardization

                                Posterior  One-Tailed         95% C.I.
                    Estimate       S.D.      P-Value   Lower 2.5%  Upper 2.5%  Significance

Within-Level Standardized Estimates Averaged Over Clusters

 SPA_PR | PER_CODAMP ON
    PA&1               0.049       0.017      0.001       0.017       0.085      *

 SNA_PR | PER_CODAMP ON
    NA&1               0.082       0.017      0.000       0.049       0.117      *

 PA         ON
    PA&1               0.000       0.000      1.000       0.000       0.000

 NA         ON
    NA&1               0.000       0.000      1.000       0.000       0.000

 PER_CODA WITH
    PA                 0.000       0.000      1.000       0.000       0.000
    NA                 0.000       0.000      1.000       0.000       0.000

 NA       WITH
    PA                -0.482       0.009      0.000      -0.500      -0.465      *

 Residual Variances
    PER_CODAMP         0.856       0.006      0.000       0.843       0.868      *
    PA                 1.000       0.000      0.000       1.000       1.000
    NA                 1.000       0.000      0.000       1.000       1.000

Between Level

 SPA_PR     ON
    ANHEDONIA          0.006       0.063      0.458      -0.113       0.133
    BDI_SUM            0.065       0.072      0.182      -0.074       0.204

 SNA_PR     ON
    ANHEDONIA          0.022       0.072      0.377      -0.114       0.166
    BDI_SUM            0.005       0.077      0.471      -0.149       0.157

 PER_CODAMP ON
    ANHEDONIA          0.003       0.056      0.481      -0.110       0.108
    BDI_SUM            0.118       0.056      0.020       0.006       0.223      *

 Means
    PA                 3.901       0.237      0.000       3.434       4.375      *
    NA                 1.775       0.130      0.000       1.521       2.027      *

 Intercepts
    PER_CODAMP         0.981       0.096      0.000       0.792       1.174      *
    SPA_PR             0.142       0.093      0.061      -0.032       0.326
    SNA_PR             0.308       0.105      0.001       0.102       0.519      *

 Variances
    PA                 1.000       0.000      0.000       1.000       1.000
    NA                 1.000       0.000      0.000       1.000       1.000

 Residual Variances
    PER_CODAMP         0.983       0.014      0.000       0.946       0.998      *
    SPA_PR             0.990       0.013      0.000       0.953       1.000      *
    SNA_PR             0.992       0.012      0.000       0.957       1.000      *


STDY Standardization

                                Posterior  One-Tailed         95% C.I.
                    Estimate       S.D.      P-Value   Lower 2.5%  Upper 2.5%  Significance

Within-Level Standardized Estimates Averaged Over Clusters

 SPA_PR | PER_CODAMP ON
    PA&1               0.004       0.001      0.001       0.001       0.006      *

 SNA_PR | PER_CODAMP ON
    NA&1               0.008       0.002      0.000       0.005       0.012      *

 PA         ON
    PA&1               0.000       0.000      1.000       0.000       0.000

 NA         ON
    NA&1               0.000       0.000      1.000       0.000       0.000

 PER_CODA WITH
    PA                 0.000       0.000      1.000       0.000       0.000
    NA                 0.000       0.000      1.000       0.000       0.000

 NA       WITH
    PA                -0.482       0.009      0.000      -0.500      -0.465      *

 Residual Variances
    PER_CODAMP         0.856       0.006      0.000       0.843       0.868      *
    PA                 1.000       0.000      0.000       1.000       1.000
    NA                 1.000       0.000      0.000       1.000       1.000

Between Level

 SPA_PR     ON
    ANHEDONIA          0.001       0.010      0.458      -0.018       0.021
    BDI_SUM            0.016       0.018      0.182      -0.018       0.051

 SNA_PR     ON
    ANHEDONIA          0.003       0.011      0.377      -0.018       0.026
    BDI_SUM            0.001       0.019      0.471      -0.037       0.039

 PER_CODAMP ON
    ANHEDONIA          0.000       0.009      0.481      -0.017       0.017
    BDI_SUM            0.030       0.014      0.020       0.001       0.056      *

 Means
    PA                 3.901       0.237      0.000       3.434       4.375      *
    NA                 1.775       0.130      0.000       1.521       2.027      *

 Intercepts
    PER_CODAMP         0.981       0.096      0.000       0.792       1.174      *
    SPA_PR             0.142       0.093      0.061      -0.032       0.326
    SNA_PR             0.308       0.105      0.001       0.102       0.519      *

 Variances
    PA                 1.000       0.000      0.000       1.000       1.000
    NA                 1.000       0.000      0.000       1.000       1.000

 Residual Variances
    PER_CODAMP         0.983       0.014      0.000       0.946       0.998      *
    SPA_PR             0.990       0.013      0.000       0.953       1.000      *
    SNA_PR             0.992       0.012      0.000       0.957       1.000      *


STD Standardization

                                Posterior  One-Tailed         95% C.I.
                    Estimate       S.D.      P-Value   Lower 2.5%  Upper 2.5%  Significance

Within-Level Standardized Estimates Averaged Over Clusters

 SPA_PR | PER_CODAMP ON
    PA&1               0.036       0.013      0.001       0.012       0.062      *

 SNA_PR | PER_CODAMP ON
    NA&1               0.081       0.016      0.000       0.049       0.115      *

 PA         ON
    PA&1               0.000       0.000      1.000       0.000       0.000

 NA         ON
    NA&1               0.000       0.000      1.000       0.000       0.000

 PER_CODA WITH
    PA                 0.000       0.000      1.000       0.000       0.000
    NA                 0.000       0.000      1.000       0.000       0.000

 NA       WITH
    PA               -63.624       1.676      0.000     -66.924     -60.406      *

 Residual Variances
    PER_CODAMP        67.288       1.212      0.000      64.989      69.778      *
    PA               173.684       2.792      0.000     168.407     179.400      *
    NA               100.299       1.590      0.000      96.982     103.435      *

Between Level

 SPA_PR     ON
    ANHEDONIA          0.001       0.010      0.458      -0.018       0.021
    BDI_SUM            0.016       0.018      0.182      -0.018       0.051

 SNA_PR     ON
    ANHEDONIA          0.003       0.011      0.377      -0.018       0.026
    BDI_SUM            0.001       0.019      0.471      -0.037       0.039

 PER_CODAMP ON
    ANHEDONIA          0.004       0.092      0.481      -0.182       0.176
    BDI_SUM            0.304       0.145      0.020       0.015       0.585      *

 Means
    PA                45.616       0.919      0.000      43.791      47.419      *
    NA                16.025       0.730      0.000      14.669      17.533      *

 Intercepts
    PER_CODAMP        10.097       0.803      0.000       8.516      11.689      *
    SPA_PR             0.142       0.093      0.061      -0.032       0.326
    SNA_PR             0.308       0.105      0.001       0.102       0.519      *

 Variances
    PA               137.195      16.107      0.000     110.501     171.853      *
    NA                81.689       9.721      0.000      66.342     103.130      *

 Residual Variances
    PER_CODAMP       103.552      12.413      0.000      82.565     131.752      *
    SPA_PR             0.990       0.013      0.000       0.953       1.000      *
    SNA_PR             0.992       0.012      0.000       0.957       1.000      *


R-SQUARE

Within-Level R-Square Averaged Across Clusters

                                Posterior  One-Tailed         95% C.I.
    Variable        Estimate       S.D.      P-Value   Lower 2.5%  Upper 2.5%

    PER_CODAMP         0.144       0.006      0.000       0.132       0.156
    PA                 0.000       0.000      1.000       0.000       0.000
    NA                 0.000       0.000      1.000       0.000       0.000

Between Level

                                Posterior  One-Tailed         95% C.I.
    Variable        Estimate       S.D.      P-Value   Lower 2.5%  Upper 2.5%

    PER_CODAMP         0.017       0.014      0.000       0.002       0.054

                                Posterior  One-Tailed         95% C.I.
    Variable        Estimate       S.D.      P-Value   Lower 2.5%  Upper 2.5%

    SPA_PR             0.010       0.013      0.000       0.000       0.047
    SNA_PR             0.008       0.012      0.000       0.000       0.043


CREDIBILITY INTERVALS OF MODEL RESULTS

                  Lower .5%  Lower 2.5%    Lower 5%    Estimate    Upper 5%  Upper 2.5%   Upper .5%

Within Level

 PA       ON
    PA&1             0.000       0.000       0.000       0.000       0.000       0.000       0.000

 NA       ON
    NA&1             0.000       0.000       0.000       0.000       0.000       0.000       0.000

 PER_CODA WITH
    PA               0.000       0.000       0.000       0.000       0.000       0.000       0.000
    NA               0.000       0.000       0.000       0.000       0.000       0.000       0.000

 NA       WITH
    PA             -67.845     -66.924     -66.422     -63.624     -60.878     -60.406     -59.234

 Residual Variances
    PER_CODAMP      64.129      64.989      65.395      67.288      69.405      69.778      70.470
    PA             166.706     168.407     169.256     173.684     178.454     179.400     181.005
    NA              96.310      96.982      97.639     100.299     102.827     103.435     104.387

Between Level

 SPA_PR   ON
    ANHEDONIA       -0.007      -0.005      -0.004       0.000       0.004       0.005       0.007
    BDI_SUM         -0.007      -0.005      -0.004       0.004       0.012       0.013       0.016

 SNA_PR   ON
    ANHEDONIA       -0.007      -0.005      -0.004       0.001       0.006       0.007       0.009
    BDI_SUM         -0.013      -0.010      -0.008       0.000       0.009       0.010       0.013

 PER_CODA ON
    ANHEDONIA       -0.245      -0.182      -0.152       0.004       0.154       0.176       0.232
    BDI_SUM         -0.092       0.015       0.067       0.304       0.540       0.585       0.663

 Means
    PA              43.214      43.791      44.106      45.616      47.122      47.419      48.063
    NA              14.320      14.669      14.850      16.025      17.262      17.533      17.878

 Intercepts
    PER_CODAMP       7.900       8.516       8.736      10.097      11.403      11.689      12.181
    SPA_PR          -0.023      -0.008      -0.002       0.036       0.074       0.083       0.095
    SNA_PR           0.009       0.028       0.036       0.081       0.125       0.134       0.150

 Variances
    PA             102.994     110.501     114.104     137.195     166.966     171.853     187.430
    NA              61.797      66.342      68.360      81.689      99.555     103.130     111.797

 Residual Variances
    PER_CODAMP      77.490      82.565      86.238     103.552     126.407     131.752     141.088
    SPA_PR           0.043       0.048       0.050       0.065       0.084       0.088       0.096
    SNA_PR           0.044       0.048       0.051       0.069       0.091       0.097       0.109


CREDIBILITY INTERVALS OF STANDARDIZED MODEL RESULTS


STDYX Standardization

                  Lower .5%  Lower 2.5%    Lower 5%    Estimate    Upper 5%  Upper 2.5%   Upper .5%

Within Level

 PA       ON
    PA&1             0.000       0.000       0.000       0.000       0.000       0.000       0.000

 NA       ON
    NA&1             0.000       0.000       0.000       0.000       0.000       0.000       0.000

 PER_CODA WITH
    PA               0.000       0.000       0.000       0.000       0.000       0.000       0.000
    NA               0.000       0.000       0.000       0.000       0.000       0.000       0.000

 NA       WITH
    PA               0.000      -0.500       0.000      -0.482       0.000      -0.465       0.000

 Residual Variances
    PER_CODAMP       0.000       0.843       0.000       0.856       0.000       0.868       0.000
    PA               0.000       1.000       0.000       1.000       0.000       1.000       0.000
    NA               0.000       1.000       0.000       1.000       0.000       1.000       0.000

Between Level

 SPA_PR   ON
    ANHEDONIA       -0.158      -0.113      -0.094       0.006       0.109       0.133       0.161
    BDI_SUM         -0.115      -0.074      -0.054       0.065       0.182       0.204       0.249

 SNA_PR   ON
    ANHEDONIA       -0.159      -0.114      -0.095       0.022       0.143       0.166       0.202
    BDI_SUM         -0.193      -0.149      -0.122       0.005       0.131       0.157       0.202

 PER_CODA ON
    ANHEDONIA       -0.148      -0.110      -0.093       0.003       0.095       0.108       0.139
    BDI_SUM         -0.037       0.006       0.026       0.118       0.205       0.223       0.250

 Means
    PA               3.268       3.434       3.507       3.901       4.301       4.375       4.530
    NA               1.446       1.521       1.562       1.775       1.980       2.027       2.087

 Intercepts
    PER_CODAMP       0.723       0.792       0.824       0.981       1.140       1.174       1.215
    SPA_PR          -0.087      -0.032      -0.009       0.142       0.297       0.326       0.384
    SNA_PR           0.037       0.102       0.136       0.308       0.481       0.519       0.578

 Variances
    PA               1.000       1.000       1.000       1.000       1.000       1.000       1.000
    NA               1.000       1.000       1.000       1.000       1.000       1.000       1.000

 Residual Variances
    PER_CODAMP       0.933       0.946       0.953       0.983       0.997       0.998       1.000
    SPA_PR           0.931       0.953       0.960       0.990       0.999       1.000       1.000
    SNA_PR           0.932       0.957       0.965       0.992       0.999       1.000       1.000


STDY Standardization

                  Lower .5%  Lower 2.5%    Lower 5%    Estimate    Upper 5%  Upper 2.5%   Upper .5%

Within Level

 PA       ON
    PA&1             0.000       0.000       0.000       0.000       0.000       0.000       0.000

 NA       ON
    NA&1             0.000       0.000       0.000       0.000       0.000       0.000       0.000

 PER_CODA WITH
    PA               0.000       0.000       0.000       0.000       0.000       0.000       0.000
    NA               0.000       0.000       0.000       0.000       0.000       0.000       0.000

 NA       WITH
    PA               0.000      -0.500       0.000      -0.482       0.000      -0.465       0.000

 Residual Variances
    PER_CODAMP       0.000       0.843       0.000       0.856       0.000       0.868       0.000
    PA               0.000       1.000       0.000       1.000       0.000       1.000       0.000
    NA               0.000       1.000       0.000       1.000       0.000       1.000       0.000

Between Level

 SPA_PR   ON
    ANHEDONIA       -0.025      -0.018      -0.015       0.001       0.017       0.021       0.025
    BDI_SUM         -0.029      -0.018      -0.014       0.016       0.046       0.051       0.062

 SNA_PR   ON
    ANHEDONIA       -0.025      -0.018      -0.015       0.003       0.022       0.026       0.032
    BDI_SUM         -0.048      -0.037      -0.031       0.001       0.033       0.039       0.051

 PER_CODA ON
    ANHEDONIA       -0.023      -0.017      -0.015       0.000       0.015       0.017       0.022
    BDI_SUM         -0.009       0.001       0.007       0.030       0.051       0.056       0.063

 Means
    PA               3.268       3.434       3.507       3.901       4.301       4.375       4.530
    NA               1.446       1.521       1.562       1.775       1.980       2.027       2.087

 Intercepts
    PER_CODAMP       0.723       0.792       0.824       0.981       1.140       1.174       1.215
    SPA_PR          -0.087      -0.032      -0.009       0.142       0.297       0.326       0.384
    SNA_PR           0.037       0.102       0.136       0.308       0.481       0.519       0.578

 Variances
    PA               1.000       1.000       1.000       1.000       1.000       1.000       1.000
    NA               1.000       1.000       1.000       1.000       1.000       1.000       1.000

 Residual Variances
    PER_CODAMP       0.933       0.946       0.953       0.983       0.997       0.998       1.000
    SPA_PR           0.931       0.953       0.960       0.990       0.999       1.000       1.000
    SNA_PR           0.932       0.957       0.965       0.992       0.999       1.000       1.000


STD Standardization

                  Lower .5%  Lower 2.5%    Lower 5%    Estimate    Upper 5%  Upper 2.5%   Upper .5%

Within Level

 PA       ON
    PA&1             0.000       0.000       0.000       0.000       0.000       0.000       0.000

 NA       ON
    NA&1             0.000       0.000       0.000       0.000       0.000       0.000       0.000

 PER_CODA WITH
    PA               0.000       0.000       0.000       0.000       0.000       0.000       0.000
    NA               0.000       0.000       0.000       0.000       0.000       0.000       0.000

 NA       WITH
    PA               0.000     -66.924       0.000     -63.624       0.000     -60.406       0.000

 Residual Variances
    PER_CODAMP       0.000      64.989       0.000      67.288       0.000      69.778       0.000
    PA               0.000     168.407       0.000     173.684       0.000     179.400       0.000
    NA               0.000      96.982       0.000     100.299       0.000     103.435       0.000

Between Level

 SPA_PR   ON
    ANHEDONIA       -0.025      -0.018      -0.015       0.001       0.017       0.021       0.025
    BDI_SUM         -0.029      -0.018      -0.014       0.016       0.046       0.051       0.062

 SNA_PR   ON
    ANHEDONIA       -0.025      -0.018      -0.015       0.003       0.022       0.026       0.032
    BDI_SUM         -0.048      -0.037      -0.031       0.001       0.033       0.039       0.051

 PER_CODA ON
    ANHEDONIA       -0.245      -0.182      -0.152       0.004       0.154       0.176       0.232
    BDI_SUM         -0.092       0.015       0.067       0.304       0.540       0.585       0.663

 Means
    PA              43.214      43.791      44.106      45.616      47.122      47.419      48.063
    NA              14.320      14.669      14.850      16.025      17.262      17.533      17.878

 Intercepts
    PER_CODAMP       7.900       8.516       8.736      10.097      11.403      11.689      12.181
    SPA_PR          -0.087      -0.032      -0.009       0.142       0.297       0.326       0.384
    SNA_PR           0.037       0.102       0.136       0.308       0.481       0.519       0.578

 Variances
    PA             102.994     110.501     114.104     137.195     166.966     171.853     187.430
    NA              61.797      66.342      68.360      81.689      99.555     103.130     111.797

 Residual Variances
    PER_CODAMP      77.490      82.565      86.238     103.552     126.407     131.752     141.088
    SPA_PR           0.931       0.953       0.960       0.990       0.999       1.000       1.000
    SNA_PR           0.932       0.957       0.965       0.992       0.999       1.000       1.000


TECHNICAL 1 OUTPUT


     PARAMETER SPECIFICATION FOR WITHIN


           NU
              PER_CODA      PA            NA            PA&1          NA&1
              ________      ________      ________      ________      ________
                    0             0             0             0             0


           LAMBDA
              PER_CODA      PA            NA            PA&1          NA&1
              ________      ________      ________      ________      ________
 PER_CODA           0             0             0             0             0
 PA                 0             0             0             0             0
 NA                 0             0             0             0             0
 PA&1               0             0             0             0             0
 NA&1               0             0             0             0             0


           THETA
              PER_CODA      PA            NA            PA&1          NA&1
              ________      ________      ________      ________      ________
 PER_CODA           0
 PA                 0             0
 NA                 0             0             0
 PA&1               0             0             0             0
 NA&1               0             0             0             0             0


           ALPHA
              PER_CODA      PA            NA            PA&1          NA&1
              ________      ________      ________      ________      ________
                    0             0             0             0             0


           BETA
              PER_CODA      PA            NA            PA&1          NA&1
              ________      ________      ________      ________      ________
 PER_CODA           0             0             0             0             0
 PA                 0             0             0             0             0
 NA                 0             0             0             0             0
 PA&1               0             0             0             0             0
 NA&1               0             0             0             0             0


           PSI
              PER_CODA      PA            NA            PA&1          NA&1
              ________      ________      ________      ________      ________
 PER_CODA           1
 PA                 0             2
 NA                 0             3             4
 PA&1               0             0             0             0
 NA&1               0             0             0             0             0


     PARAMETER SPECIFICATION FOR BETWEEN


           NU
              PER_CODA      PA            NA            ANHEDONI      BDI_SUM
              ________      ________      ________      ________      ________
                    0             0             0             0             0


           LAMBDA
              SPA_PR        SNA_PR        PER_CODA      PA            NA
              ________      ________      ________      ________      ________
 PER_CODA           0             0             0             0             0
 PA                 0             0             0             0             0
 NA                 0             0             0             0             0
 ANHEDONI           0             0             0             0             0
 BDI_SUM            0             0             0             0             0


           LAMBDA
              ANHEDONI      BDI_SUM
              ________      ________
 PER_CODA           0             0
 PA                 0             0
 NA                 0             0
 ANHEDONI           0             0
 BDI_SUM            0             0


           THETA
              PER_CODA      PA            NA            ANHEDONI      BDI_SUM
              ________      ________      ________      ________      ________
 PER_CODA           0
 PA                 0             0
 NA                 0             0             0
 ANHEDONI           0             0             0             0
 BDI_SUM            0             0             0             0             0


           ALPHA
              SPA_PR        SNA_PR        PER_CODA      PA            NA
              ________      ________      ________      ________      ________
                    5             6             7             8             9


           ALPHA
              ANHEDONI      BDI_SUM
              ________      ________
                    0             0


           BETA
              SPA_PR        SNA_PR        PER_CODA      PA            NA
              ________      ________      ________      ________      ________
 SPA_PR             0             0             0             0             0
 SNA_PR             0             0             0             0             0
 PER_CODA           0             0             0             0             0
 PA                 0             0             0             0             0
 NA                 0             0             0             0             0
 ANHEDONI           0             0             0             0             0
 BDI_SUM            0             0             0             0             0


           BETA
              ANHEDONI      BDI_SUM
              ________      ________
 SPA_PR            10            11
 SNA_PR            12            13
 PER_CODA          14            15
 PA                 0             0
 NA                 0             0
 ANHEDONI           0             0
 BDI_SUM            0             0


           PSI
              SPA_PR        SNA_PR        PER_CODA      PA            NA
              ________      ________      ________      ________      ________
 SPA_PR            16
 SNA_PR             0            17
 PER_CODA           0             0            18
 PA                 0             0             0            19
 NA                 0             0             0             0            20
 ANHEDONI           0             0             0             0             0
 BDI_SUM            0             0             0             0             0


           PSI
              ANHEDONI      BDI_SUM
              ________      ________
 ANHEDONI           0
 BDI_SUM            0             0


     STARTING VALUES FOR WITHIN


           NU
              PER_CODA      PA            NA            PA&1          NA&1
              ________      ________      ________      ________      ________
                0.000         0.000         0.000         0.000         0.000


           LAMBDA
              PER_CODA      PA            NA            PA&1          NA&1
              ________      ________      ________      ________      ________
 PER_CODA       1.000         0.000         0.000         0.000         0.000
 PA             0.000         1.000         0.000         0.000         0.000
 NA             0.000         0.000         1.000         0.000         0.000
 PA&1           0.000         0.000         0.000         1.000         0.000
 NA&1           0.000         0.000         0.000         0.000         1.000


           THETA
              PER_CODA      PA            NA            PA&1          NA&1
              ________      ________      ________      ________      ________
 PER_CODA       0.000
 PA             0.000         0.000
 NA             0.000         0.000         0.000
 PA&1           0.000         0.000         0.000         0.000
 NA&1           0.000         0.000         0.000         0.000         0.000


           ALPHA
              PER_CODA      PA            NA            PA&1          NA&1
              ________      ________      ________      ________      ________
                0.000         0.000         0.000         0.000         0.000


           BETA
              PER_CODA      PA            NA            PA&1          NA&1
              ________      ________      ________      ________      ________
 PER_CODA       0.000         0.000         0.000         0.000         0.000
 PA             0.000         0.000         0.000         0.000         0.000
 NA             0.000         0.000         0.000         0.000         0.000
 PA&1           0.000         0.000         0.000         0.000         0.000
 NA&1           0.000         0.000         0.000         0.000         0.000


           PSI
              PER_CODA      PA            NA            PA&1          NA&1
              ________      ________      ________      ________      ________
 PER_CODA      89.629
 PA             0.000       151.006
 NA             0.000         0.000        87.547
 PA&1           0.000         0.000         0.000       151.126
 NA&1           0.000         0.000         0.000         0.000        87.358


     STARTING VALUES FOR BETWEEN


           NU
              PER_CODA      PA            NA            ANHEDONI      BDI_SUM
              ________      ________      ________      ________      ________
                0.000         0.000         0.000         0.000         0.000


           LAMBDA
              SPA_PR        SNA_PR        PER_CODA      PA            NA
              ________      ________      ________      ________      ________
 PER_CODA       0.000         0.000         1.000         0.000         0.000
 PA             0.000         0.000         0.000         1.000         0.000
 NA             0.000         0.000         0.000         0.000         1.000
 ANHEDONI       0.000         0.000         0.000         0.000         0.000
 BDI_SUM        0.000         0.000         0.000         0.000         0.000


           LAMBDA
              ANHEDONI      BDI_SUM
              ________      ________
 PER_CODA       0.000         0.000
 PA             0.000         0.000
 NA             0.000         0.000
 ANHEDONI       1.000         0.000
 BDI_SUM        0.000         1.000


           THETA
              PER_CODA      PA            NA            ANHEDONI      BDI_SUM
              ________      ________      ________      ________      ________
 PER_CODA       0.000
 PA             0.000         0.000
 NA             0.000         0.000         0.000
 ANHEDONI       0.000         0.000         0.000         0.000
 BDI_SUM        0.000         0.000         0.000         0.000         0.000


           ALPHA
              SPA_PR        SNA_PR        PER_CODA      PA            NA
              ________      ________      ________      ________      ________
                0.000         0.000         9.792        45.572        15.831


           ALPHA
              ANHEDONI      BDI_SUM
              ________      ________
                0.000         0.000


           BETA
              SPA_PR        SNA_PR        PER_CODA      PA            NA
              ________      ________      ________      ________      ________
 SPA_PR         0.000         0.000         0.000         0.000         0.000
 SNA_PR         0.000         0.000         0.000         0.000         0.000
 PER_CODA       0.000         0.000         0.000         0.000         0.000
 PA             0.000         0.000         0.000         0.000         0.000
 NA             0.000         0.000         0.000         0.000         0.000
 ANHEDONI       0.000         0.000         0.000         0.000         0.000
 BDI_SUM        0.000         0.000         0.000         0.000         0.000


           BETA
              ANHEDONI      BDI_SUM
              ________      ________
 SPA_PR         0.000         0.000
 SNA_PR         0.000         0.000
 PER_CODA       0.000         0.000
 PA             0.000         0.000
 NA             0.000         0.000
 ANHEDONI       0.000         0.000
 BDI_SUM        0.000         0.000


           PSI
              SPA_PR        SNA_PR        PER_CODA      PA            NA
              ________      ________      ________      ________      ________
 SPA_PR         1.000
 SNA_PR         0.000         1.000
 PER_CODA       0.000         0.000        89.629
 PA             0.000         0.000         0.000       151.006
 NA             0.000         0.000         0.000         0.000        87.547
 ANHEDONI       0.000         0.000         0.000         0.000         0.000
 BDI_SUM        0.000         0.000         0.000         0.000         0.000


           PSI
              ANHEDONI      BDI_SUM
              ________      ________
 ANHEDONI      40.163
 BDI_SUM        0.000        15.903



     PRIORS FOR ALL PARAMETERS            PRIOR MEAN      PRIOR VARIANCE     PRIOR STD. DEV.

     Parameter 1~IG(-1.000,0.000)          infinity            infinity            infinity
     Parameter 2~IW(0.000,-3)              infinity            infinity            infinity
     Parameter 3~IW(0.000,-3)              infinity            infinity            infinity
     Parameter 4~IW(0.000,-3)              infinity            infinity            infinity
     Parameter 5~N(0.000,infinity)           0.0000            infinity            infinity
     Parameter 6~N(0.000,infinity)           0.0000            infinity            infinity
     Parameter 7~N(0.000,infinity)           0.0000            infinity            infinity
     Parameter 8~N(0.000,infinity)           0.0000            infinity            infinity
     Parameter 9~N(0.000,infinity)           0.0000            infinity            infinity
     Parameter 10~N(0.000,infinity)          0.0000            infinity            infinity
     Parameter 11~N(0.000,infinity)          0.0000            infinity            infinity
     Parameter 12~N(0.000,infinity)          0.0000            infinity            infinity
     Parameter 13~N(0.000,infinity)          0.0000            infinity            infinity
     Parameter 14~N(0.000,infinity)          0.0000            infinity            infinity
     Parameter 15~N(0.000,infinity)          0.0000            infinity            infinity
     Parameter 16~IG(-1.000,0.000)         infinity            infinity            infinity
     Parameter 17~IG(-1.000,0.000)         infinity            infinity            infinity
     Parameter 18~IG(-1.000,0.000)         infinity            infinity            infinity
     Parameter 19~IG(-1.000,0.000)         infinity            infinity            infinity
     Parameter 20~IG(-1.000,0.000)         infinity            infinity            infinity


TECHNICAL 8 OUTPUT


   TECHNICAL 8 OUTPUT FOR BAYES ESTIMATION

     PROCESSOR    BSEED
     1            0
     2            285380
     3            253358
     4            93468
     5            608496
     6            903420
     7            195873
     8            462953
     9            939021
     10           127215
     11           415931
     12           533738
     13           107446
     14           399671
     15           650371
     16           27071

                     POTENTIAL       PARAMETER WITH
     ITERATION    SCALE REDUCTION      HIGHEST PSR
     100              1.272               16
     200              1.038               6
     300              1.047               5
     400              1.076               6
     500              1.099               17
     600              1.159               17
     700              1.137               17
     800              1.137               17
     900              1.087               17
     1000             1.040               6
     1100             1.030               6
     1200             1.060               6
     1300             1.056               6
     1400             1.050               6
     1500             1.047               6
     1600             1.038               6
     1700             1.035               6
     1800             1.038               6
     1900             1.034               6
     2000             1.032               6


PLOT INFORMATION

The following plots are available:

  Histograms (sample values)
  Scatterplots (sample values)
  Between-level histograms (sample values, sample means/variances)
  Between-level scatterplots (sample values, sample means/variances)
  Time series plots (sample values, ACF, PACF)
  Histogram of subjects per time point
  Time interval plots
  Bayesian posterior parameter distributions
  Bayesian posterior parameter trace plots
  Bayesian autocorrelation plots

     Beginning Time:  23:46:02
        Ending Time:  23:47:17
       Elapsed Time:  00:01:15



MUTHEN & MUTHEN
3463 Stoner Ave.
Los Angeles, CA  90066

Tel: (310) 391-9971
Fax: (310) 391-8971
Web: www.StatModel.com
Support: Support@StatModel.com

Copyright (c) 1998-2022 Muthen & Muthen
