Mplus VERSION 8.8
MUTHEN & MUTHEN
08/25/2023  11:59 PM

INPUT INSTRUCTIONS


  DATA:
  FILE IS data1.dat;

  VARIABLE:   NAMES =
  	    Eth_ID Time Time_between Time_inc
  	    PA_enth NA_irri NA_verv PA_tevr PA_ener
       	    PA_kalm NA_nerv PA_daadk NA_verdr
  	    PA_vrol NA_boos PA_dankb NA_somb PER_att
      	    PER_refl PER_self PER_expr PER_damp
  	    PER_codamp PER_capit Sample age_yr gesl BDI
      	    Measures_valid BDI_anh Anhedonia
   	    BDI_sum PA NA day compliance;

              USEVARIABLES are PER_damp PA NA Anhedonia BDI_sum;
              MISSING is .;
              within = ;
              between = Anhedonia BDI_sum ;
              cluster = Eth_ID;
              lagged= PA NA(1);
              tinterval=Time_inc (150);


  DEFINE:     CENTER Anhedonia BDI_sum (grandmean);

  ANALYSIS:   type = twolevel random;
              estimator = Bayes;
              biterations=(2000);
  !            bconvergence=0.005;
              thin=2;
              PROCESSORS=16;
  MODEL:
  %WITHIN%
  sPA_PR | PER_damp on PA&1;
  sNA_PR | PER_damp on NA&1;
  PA on PA&1@0;
  NA on NA&1@0;
  PER_damp with PA@0;
  PER_damp with NA@0;

  %between%
  sPA_PR sNA_PR on Anhedonia BDI_sum;
  PER_damp on Anhedonia BDI_sum;


  OUTPUT: standardized tech1 tech8 cinterval patterns;
  PLOT: TYPE = PLOT3;



*** WARNING in VARIABLE command
  Note that only the first 8 characters of variable names are used in the output.
  Shorten variable names to avoid any confusion.
*** WARNING in MODEL command
  A y-variable has been declared on the within level but not referred to on
  the between level.  Please check that this is what is intended.  If this is not intended,
  specify the variable as a within variable.  Problem with:  PA
*** WARNING in MODEL command
  A y-variable has been declared on the within level but not referred to on
  the between level.  Please check that this is what is intended.  If this is not intended,
  specify the variable as a within variable.  Problem with:  NA
*** WARNING in PLOT command
  Note that only the first 8 characters of variable names are used in plots.
  If variable names are not unique within the first 8 characters, problems
  may occur.
*** WARNING
  One or more individual-level variables have no variation within a
  cluster for the following clusters.

     Variable   Cluster IDs with no within-cluster variation

      PER_DAMP    64 23 82 71 148 165 127 177 180

*** WARNING
  Data set contains cases with missing on all variables.  Cases that appeared before the first
  case with observed data and that appeared after the last case with observed data were not
  included in the analysis.  Number of deleted cases:  1504
   6 WARNING(S) FOUND IN THE INPUT INSTRUCTIONS




SUMMARY OF ANALYSIS

Number of groups                                                 1
Number of observations                                       22812

Number of dependent variables                                    3
Number of independent variables                                  4
Number of continuous latent variables                            2

Observed dependent variables

  Continuous
   PER_DAMP    PA          NA

Observed independent variables
   ANHEDONI    BDI_SUM     PA&1        NA&1

Continuous latent variables
   SPA_PR      SNA_PR

Variables with special functions

  Cluster variable      ETH_ID

  Within variables
   PA&1        NA&1

  Between variables
   ANHEDONI    BDI_SUM

  Centering (GRANDMEAN)
   ANHEDONI    BDI_SUM


Estimator                                                    BAYES
Specifications for Bayesian Estimation
  Point estimate                                            MEDIAN
  Number of Markov chain Monte Carlo (MCMC) chains               2
  Random seed for the first chain                                0
  Starting value information                           UNPERTURBED
  Algorithm used for Markov chain Monte Carlo           GIBBS(PX1)
  Convergence criterion                                  0.500D-01
  Maximum number of iterations                               50000
  K-th iteration used for thinning                               2

Input data file(s)
  data1.dat
Input data format  FREE


SUMMARY OF DATA

     Number of clusters                        200

       Size (s)    Cluster ID with Size s

          1        129
          9        81
         11        128
         12        99
         13        64 150
         14        47 23 158
         19        169
         21        160
         22        175
         30        83
         33        8
         41        58
         43        41 199
         48        85 12
         51        17
         53        152
         56        28
         58        33
         67        121
         69        136
         80        82
         84        87
         88        72
         89        143
         91        140
         96        113
         97        34
        100        157 134
        101        10
        103        164
        105        52
        106        154
        107        101
        108        119
        109        90
        111        36
        113        182
        115        91 131 89
        116        188 15 75 77 78
        117        11
        118        195 57 49 16 66
        119        197 48 92 38 71 163 149 186 106 50
        120        148 108 61 98 55 165 7 192 168
        121        189
        122        174
        123        127
        124        184 161 117 51 103
        125        100 68 105 40 53 13 93 88 54 112 123 73 30 44
        126        120 102 173 76 107 109 111 80 65 172
        127        32 126 25 115 46 67 193 110 178 130 118 198 104 86 177
                   133 70 147 139 62
        128        196 156 180 18 59 5 153 96 43
        129        146 125 135 185 116 187 144 137 39 69 141 3 190
        130        138 14 166 97
        133        191
        134        2
        135        60 183 194 200 63 201
        136        122 56 26
        137        9 22 19 42 155 95 4
        138        29 94 132
        139        37 74 21 84 114 79 145 45 35
        142        27
        143        179
        144        171 170 24
        145        162 1 124 20
        146        6 151 167
        147        142 31
        148        176 159



SUMMARY OF MISSING DATA PATTERNS

     Number of missing data patterns            14


     MISSING DATA PATTERNS (x = not missing)

           1  2  3  4  5  6  7  8  9 10 11 12 13 14
 PER_DAMP  x  x              x  x           x     x
 PA        x  x        x  x        x     x  x     x
 NA        x  x        x  x                 x  x  x
 PA&1      x     x     x        x  x  x     x
 NA&1      x     x     x        x  x              x
 ANHEDONI  x  x  x  x  x  x  x  x  x  x  x  x  x  x
 BDI_SUM   x  x  x  x  x  x  x  x  x  x  x  x  x  x


     MISSING DATA PATTERN FREQUENCIES

    Pattern   Frequency     Pattern   Frequency     Pattern   Frequency
          1        5020           6          79          11           4
          2        3512           7           2          12           5
          3        3393           8           3          13           1
          4       10730           9           2          14           1
          5          59          10           1


COVARIANCE COVERAGE OF DATA

Minimum covariance coverage value   0.100


     PROPORTION OF DATA PRESENT


           Covariance Coverage
              PER_DAMP      PA            NA            ANHEDONI      BDI_SUM
              ________      ________      ________      ________      ________
 PER_DAMP       0.374
 PA             0.374         0.381
 NA             0.374         0.380         0.380
 ANHEDONI       0.374         0.381         0.380         1.000
 BDI_SUM        0.374         0.381         0.380         1.000         1.000



UNIVARIATE SAMPLE STATISTICS


     UNIVARIATE HIGHER-ORDER MOMENT DESCRIPTIVE STATISTICS

         Variable/         Mean/     Skewness/   Minimum/ % with                Percentiles
        Sample Size      Variance    Kurtosis    Maximum  Min/Max      20%/60%    40%/80%    Median

     PER_DAMP             11.863       2.092       0.000   21.89%       0.000      5.000      7.000
            8543.000     227.961       4.452     100.000    0.01%       9.000     18.000
     PA                   45.712      -0.024       0.000    0.28%      31.000     41.714     46.143
            8682.000     302.283      -0.228     100.000    0.07%      50.429     60.429
     NA                   15.187       1.394       0.000    6.91%       5.167      9.333     11.667
            8677.000     166.739       1.923      80.667    0.01%      14.500     23.333
     ANHEDONIA             0.000       0.577     -17.906    0.50%      -7.529     -2.635     -0.893
             200.000      74.400       0.657      30.440    0.50%       1.646      6.282
     BDI_SUM               0.000       1.052      -8.485    4.50%      -4.485     -3.485     -1.485
             200.000      37.640       1.419      27.515    0.50%       0.515      4.515


THE MODEL ESTIMATION TERMINATED NORMALLY

     USE THE FBITERATIONS OPTION TO INCREASE THE NUMBER OF ITERATIONS BY A FACTOR
     OF AT LEAST TWO TO CHECK CONVERGENCE AND THAT THE PSR VALUE DOES NOT INCREASE.



MODEL FIT INFORMATION

Number of Free Parameters                              20

Information Criteria

          Deviance (DIC)                       557587.437
          Estimated Number of Parameters (pD)   42881.937



MODEL RESULTS

                                Posterior  One-Tailed         95% C.I.
                    Estimate       S.D.      P-Value   Lower 2.5%  Upper 2.5%  Significance

Within Level

 PA         ON
    PA&1               0.000       0.000      1.000       0.000       0.000

 NA         ON
    NA&1               0.000       0.000      1.000       0.000       0.000

 PER_DAMP WITH
    PA                 0.000       0.000      1.000       0.000       0.000
    NA                 0.000       0.000      1.000       0.000       0.000

 NA       WITH
    PA               -62.228       1.631      0.000     -65.456     -59.175      *

 Residual Variances
    PER_DAMP          98.209       1.845      0.000      94.578     101.738      *
    PA               176.227       2.808      0.000     170.699     181.657      *
    NA                95.176       1.534      0.000      92.228      98.216      *

Between Level

 SPA_PR     ON
    ANHEDONIA          0.004       0.003      0.109      -0.002       0.010
    BDI_SUM            0.006       0.005      0.103      -0.003       0.017

 SNA_PR     ON
    ANHEDONIA          0.004       0.004      0.137      -0.004       0.011
    BDI_SUM            0.003       0.006      0.292      -0.008       0.016

 PER_DAMP   ON
    ANHEDONIA          0.008       0.089      0.463      -0.172       0.190
    BDI_SUM            0.393       0.129      0.001       0.140       0.647      *

 Means
    PA                46.197       0.815      0.000      44.568      47.793      *
    NA                15.769       0.640      0.000      14.542      17.028      *

 Intercepts
    PER_DAMP          12.889       0.750      0.000      11.355      14.323      *
    SPA_PR             0.047       0.030      0.060      -0.012       0.104
    SNA_PR             0.153       0.033      0.000       0.091       0.220      *

 Variances
    PA               125.564      13.367      0.000     102.323     154.090      *
    NA                77.144       8.155      0.000      63.348      95.247      *

 Residual Variances
    PER_DAMP         110.333      12.269      0.000      89.532     138.076      *
    SPA_PR             0.086       0.016      0.000       0.054       0.119      *
    SNA_PR             0.108       0.022      0.000       0.071       0.156      *


STANDARDIZED MODEL RESULTS


STDYX Standardization

                                Posterior  One-Tailed         95% C.I.
                    Estimate       S.D.      P-Value   Lower 2.5%  Upper 2.5%  Significance

Within-Level Standardized Estimates Averaged Over Clusters

 SPA_PR | PER_DAMP ON
    PA&1               0.057       0.021      0.002       0.015       0.100      *

 SNA_PR | PER_DAMP ON
    NA&1               0.127       0.019      0.000       0.091       0.165      *

 PA         ON
    PA&1               0.000       0.000      1.000       0.000       0.000

 NA         ON
    NA&1               0.000       0.000      1.000       0.000       0.000

 PER_DAMP WITH
    PA                 0.000       0.000      1.000       0.000       0.000
    NA                 0.000       0.000      1.000       0.000       0.000

 NA       WITH
    PA                -0.481       0.009      0.000      -0.498      -0.464      *

 Residual Variances
    PER_DAMP           0.839       0.010      0.000       0.820       0.857      *
    PA                 1.000       0.000      0.000       1.000       1.000
    NA                 1.000       0.000      0.000       1.000       1.000

Between Level

 SPA_PR     ON
    ANHEDONIA          0.080       0.066      0.109      -0.051       0.207
    BDI_SUM            0.092       0.079      0.103      -0.044       0.266

 SNA_PR     ON
    ANHEDONIA          0.078       0.068      0.137      -0.061       0.212
    BDI_SUM            0.044       0.077      0.292      -0.108       0.195

 PER_DAMP   ON
    ANHEDONIA          0.005       0.052      0.463      -0.100       0.113
    BDI_SUM            0.158       0.051      0.001       0.054       0.252      *

 Means
    PA                 4.127       0.231      0.000       3.688       4.590      *
    NA                 1.797       0.117      0.000       1.563       2.028      *

 Intercepts
    PER_DAMP           1.209       0.094      0.000       1.022       1.392      *
    SPA_PR             0.160       0.106      0.060      -0.041       0.384
    SNA_PR             0.466       0.105      0.000       0.266       0.682      *

 Variances
    PA                 1.000       0.000      0.000       1.000       1.000
    NA                 1.000       0.000      0.000       1.000       1.000

 Residual Variances
    PER_DAMP           0.972       0.016      0.000       0.933       0.995      *
    SPA_PR             0.979       0.021      0.000       0.917       0.999      *
    SNA_PR             0.985       0.015      0.000       0.942       0.999      *


STDY Standardization

                                Posterior  One-Tailed         95% C.I.
                    Estimate       S.D.      P-Value   Lower 2.5%  Upper 2.5%  Significance

Within-Level Standardized Estimates Averaged Over Clusters

 SPA_PR | PER_DAMP ON
    PA&1               0.004       0.002      0.002       0.001       0.008      *

 SNA_PR | PER_DAMP ON
    NA&1               0.013       0.002      0.000       0.009       0.017      *

 PA         ON
    PA&1               0.000       0.000      1.000       0.000       0.000

 NA         ON
    NA&1               0.000       0.000      1.000       0.000       0.000

 PER_DAMP WITH
    PA                 0.000       0.000      1.000       0.000       0.000
    NA                 0.000       0.000      1.000       0.000       0.000

 NA       WITH
    PA                -0.481       0.009      0.000      -0.498      -0.464      *

 Residual Variances
    PER_DAMP           0.839       0.010      0.000       0.820       0.857      *
    PA                 1.000       0.000      0.000       1.000       1.000
    NA                 1.000       0.000      0.000       1.000       1.000

Between Level

 SPA_PR     ON
    ANHEDONIA          0.013       0.010      0.109      -0.008       0.033
    BDI_SUM            0.022       0.018      0.103      -0.010       0.062

 SNA_PR     ON
    ANHEDONIA          0.012       0.011      0.137      -0.010       0.034
    BDI_SUM            0.010       0.018      0.292      -0.025       0.045

 PER_DAMP   ON
    ANHEDONIA          0.001       0.008      0.463      -0.016       0.018
    BDI_SUM            0.037       0.012      0.001       0.013       0.059      *

 Means
    PA                 4.127       0.231      0.000       3.688       4.590      *
    NA                 1.797       0.117      0.000       1.563       2.028      *

 Intercepts
    PER_DAMP           1.209       0.094      0.000       1.022       1.392      *
    SPA_PR             0.160       0.106      0.060      -0.041       0.384
    SNA_PR             0.466       0.105      0.000       0.266       0.682      *

 Variances
    PA                 1.000       0.000      0.000       1.000       1.000
    NA                 1.000       0.000      0.000       1.000       1.000

 Residual Variances
    PER_DAMP           0.972       0.016      0.000       0.933       0.995      *
    SPA_PR             0.979       0.021      0.000       0.917       0.999      *
    SNA_PR             0.985       0.015      0.000       0.942       0.999      *


STD Standardization

                                Posterior  One-Tailed         95% C.I.
                    Estimate       S.D.      P-Value   Lower 2.5%  Upper 2.5%  Significance

Within-Level Standardized Estimates Averaged Over Clusters

 SPA_PR | PER_DAMP ON
    PA&1               0.047       0.020      0.007       0.007       0.089      *

 SNA_PR | PER_DAMP ON
    NA&1               0.152       0.023      0.000       0.109       0.200      *

 PA         ON
    PA&1               0.000       0.000      1.000       0.000       0.000

 NA         ON
    NA&1               0.000       0.000      1.000       0.000       0.000

 PER_DAMP WITH
    PA                 0.000       0.000      1.000       0.000       0.000
    NA                 0.000       0.000      1.000       0.000       0.000

 NA       WITH
    PA               -62.274       1.628      0.000     -65.520     -59.203      *

 Residual Variances
    PER_DAMP          98.136       1.868      0.000      94.520     101.741      *
    PA               176.198       2.825      0.000     170.543     181.680      *
    NA                95.222       1.548      0.000      92.272      98.265      *

Between Level

 SPA_PR     ON
    ANHEDONIA          0.013       0.010      0.109      -0.008       0.033
    BDI_SUM            0.022       0.018      0.103      -0.010       0.062

 SNA_PR     ON
    ANHEDONIA          0.012       0.011      0.137      -0.010       0.034
    BDI_SUM            0.010       0.018      0.292      -0.025       0.045

 PER_DAMP   ON
    ANHEDONIA          0.008       0.089      0.463      -0.172       0.190
    BDI_SUM            0.393       0.129      0.001       0.140       0.647      *

 Means
    PA                46.197       0.815      0.000      44.568      47.793      *
    NA                15.769       0.640      0.000      14.542      17.028      *

 Intercepts
    PER_DAMP          12.889       0.750      0.000      11.355      14.323      *
    SPA_PR             0.160       0.106      0.060      -0.041       0.384
    SNA_PR             0.466       0.105      0.000       0.266       0.682      *

 Variances
    PA               125.564      13.367      0.000     102.323     154.090      *
    NA                77.144       8.155      0.000      63.348      95.247      *

 Residual Variances
    PER_DAMP         110.333      12.269      0.000      89.532     138.076      *
    SPA_PR             0.979       0.021      0.000       0.917       0.999      *
    SNA_PR             0.985       0.015      0.000       0.942       0.999      *


R-SQUARE

Within-Level R-Square Averaged Across Clusters

                                Posterior  One-Tailed         95% C.I.
    Variable        Estimate       S.D.      P-Value   Lower 2.5%  Upper 2.5%

    PER_DAMP           0.161       0.010      0.000       0.143       0.180
    PA                 0.000       0.000      1.000       0.000       0.000
    NA                 0.000       0.000      1.000       0.000       0.000

Between Level

                                Posterior  One-Tailed         95% C.I.
    Variable        Estimate       S.D.      P-Value   Lower 2.5%  Upper 2.5%

    PER_DAMP           0.028       0.016      0.000       0.005       0.067

                                Posterior  One-Tailed         95% C.I.
    Variable        Estimate       S.D.      P-Value   Lower 2.5%  Upper 2.5%

    SPA_PR             0.021       0.021      0.000       0.001       0.083
    SNA_PR             0.015       0.015      0.000       0.001       0.058


CREDIBILITY INTERVALS OF MODEL RESULTS

                  Lower .5%  Lower 2.5%    Lower 5%    Estimate    Upper 5%  Upper 2.5%   Upper .5%

Within Level

 PA       ON
    PA&1             0.000       0.000       0.000       0.000       0.000       0.000       0.000

 NA       ON
    NA&1             0.000       0.000       0.000       0.000       0.000       0.000       0.000

 PER_DAMP WITH
    PA               0.000       0.000       0.000       0.000       0.000       0.000       0.000
    NA               0.000       0.000       0.000       0.000       0.000       0.000       0.000

 NA       WITH
    PA             -66.367     -65.456     -64.961     -62.228     -59.661     -59.175     -58.389

 Residual Variances
    PER_DAMP        93.469      94.578      95.048      98.209     101.190     101.738     102.537
    PA             169.042     170.699     171.573     176.227     180.868     181.657     183.754
    NA              91.403      92.228      92.621      95.176      97.728      98.216      98.996

Between Level

 SPA_PR   ON
    ANHEDONIA       -0.004      -0.002      -0.001       0.004       0.009       0.010       0.012
    BDI_SUM         -0.006      -0.003      -0.002       0.006       0.015       0.017       0.021

 SNA_PR   ON
    ANHEDONIA       -0.006      -0.004      -0.002       0.004       0.010       0.011       0.014
    BDI_SUM         -0.011      -0.008      -0.006       0.003       0.014       0.016       0.019

 PER_DAMP ON
    ANHEDONIA       -0.216      -0.172      -0.141       0.008       0.158       0.190       0.233
    BDI_SUM          0.062       0.140       0.175       0.393       0.604       0.647       0.708

 Means
    PA              44.104      44.568      44.813      46.197      47.545      47.793      48.151
    NA              14.121      14.542      14.730      15.769      16.820      17.028      17.399

 Intercepts
    PER_DAMP        10.930      11.355      11.613      12.889      14.115      14.323      14.823
    SPA_PR          -0.030      -0.012      -0.003       0.047       0.096       0.104       0.121
    SNA_PR           0.069       0.091       0.102       0.153       0.211       0.220       0.242

 Variances
    PA              96.754     102.323     105.316     125.564     148.962     154.090     165.849
    NA              59.544      63.348      65.565      77.144      91.827      95.247     102.628

 Residual Variances
    PER_DAMP        84.644      89.532      92.573     110.333     133.208     138.076     146.456
    SPA_PR           0.045       0.054       0.060       0.086       0.114       0.119       0.131
    SNA_PR           0.060       0.071       0.076       0.108       0.148       0.156       0.175


CREDIBILITY INTERVALS OF STANDARDIZED MODEL RESULTS


STDYX Standardization

                  Lower .5%  Lower 2.5%    Lower 5%    Estimate    Upper 5%  Upper 2.5%   Upper .5%

Within Level

 PA       ON
    PA&1             0.000       0.000       0.000       0.000       0.000       0.000       0.000

 NA       ON
    NA&1             0.000       0.000       0.000       0.000       0.000       0.000       0.000

 PER_DAMP WITH
    PA               0.000       0.000       0.000       0.000       0.000       0.000       0.000
    NA               0.000       0.000       0.000       0.000       0.000       0.000       0.000

 NA       WITH
    PA               0.000      -0.498       0.000      -0.481       0.000      -0.464       0.000

 Residual Variances
    PER_DAMP         0.000       0.820       0.000       0.839       0.000       0.857       0.000
    PA               0.000       1.000       0.000       1.000       0.000       1.000       0.000
    NA               0.000       1.000       0.000       1.000       0.000       1.000       0.000

Between Level

 SPA_PR   ON
    ANHEDONIA       -0.087      -0.051      -0.031       0.080       0.190       0.207       0.245
    BDI_SUM         -0.088      -0.044      -0.022       0.092       0.232       0.266       0.329

 SNA_PR   ON
    ANHEDONIA       -0.101      -0.061      -0.040       0.078       0.185       0.212       0.253
    BDI_SUM         -0.143      -0.108      -0.082       0.044       0.169       0.195       0.237

 PER_DAMP ON
    ANHEDONIA       -0.122      -0.100      -0.083       0.005       0.092       0.113       0.137
    BDI_SUM          0.025       0.054       0.070       0.158       0.239       0.252       0.281

 Means
    PA               3.549       3.688       3.766       4.127       4.521       4.590       4.736
    NA               1.505       1.563       1.601       1.797       1.988       2.028       2.110

 Intercepts
    PER_DAMP         0.963       1.022       1.055       1.209       1.361       1.392       1.440
    SPA_PR          -0.095      -0.041      -0.010       0.160       0.348       0.384       0.460
    SNA_PR           0.201       0.266       0.300       0.466       0.643       0.682       0.733

 Variances
    PA               1.000       1.000       1.000       1.000       1.000       1.000       1.000
    NA               1.000       1.000       1.000       1.000       1.000       1.000       1.000

 Residual Variances
    PER_DAMP         0.919       0.933       0.939       0.972       0.993       0.995       0.997
    SPA_PR           0.880       0.917       0.931       0.979       0.997       0.999       1.000
    SNA_PR           0.921       0.942       0.951       0.985       0.999       0.999       1.000


STDY Standardization

                  Lower .5%  Lower 2.5%    Lower 5%    Estimate    Upper 5%  Upper 2.5%   Upper .5%

Within Level

 PA       ON
    PA&1             0.000       0.000       0.000       0.000       0.000       0.000       0.000

 NA       ON
    NA&1             0.000       0.000       0.000       0.000       0.000       0.000       0.000

 PER_DAMP WITH
    PA               0.000       0.000       0.000       0.000       0.000       0.000       0.000
    NA               0.000       0.000       0.000       0.000       0.000       0.000       0.000

 NA       WITH
    PA               0.000      -0.498       0.000      -0.481       0.000      -0.464       0.000

 Residual Variances
    PER_DAMP         0.000       0.820       0.000       0.839       0.000       0.857       0.000
    PA               0.000       1.000       0.000       1.000       0.000       1.000       0.000
    NA               0.000       1.000       0.000       1.000       0.000       1.000       0.000

Between Level

 SPA_PR   ON
    ANHEDONIA       -0.014      -0.008      -0.005       0.013       0.030       0.033       0.039
    BDI_SUM         -0.021      -0.010      -0.005       0.022       0.054       0.062       0.077

 SNA_PR   ON
    ANHEDONIA       -0.016      -0.010      -0.006       0.012       0.029       0.034       0.040
    BDI_SUM         -0.033      -0.025      -0.019       0.010       0.040       0.045       0.056

 PER_DAMP ON
    ANHEDONIA       -0.019      -0.016      -0.013       0.001       0.015       0.018       0.022
    BDI_SUM          0.006       0.013       0.016       0.037       0.056       0.059       0.066

 Means
    PA               3.549       3.688       3.766       4.127       4.521       4.590       4.736
    NA               1.505       1.563       1.601       1.797       1.988       2.028       2.110

 Intercepts
    PER_DAMP         0.963       1.022       1.055       1.209       1.361       1.392       1.440
    SPA_PR          -0.095      -0.041      -0.010       0.160       0.348       0.384       0.460
    SNA_PR           0.201       0.266       0.300       0.466       0.643       0.682       0.733

 Variances
    PA               1.000       1.000       1.000       1.000       1.000       1.000       1.000
    NA               1.000       1.000       1.000       1.000       1.000       1.000       1.000

 Residual Variances
    PER_DAMP         0.919       0.933       0.939       0.972       0.993       0.995       0.997
    SPA_PR           0.880       0.917       0.931       0.979       0.997       0.999       1.000
    SNA_PR           0.921       0.942       0.951       0.985       0.999       0.999       1.000


STD Standardization

                  Lower .5%  Lower 2.5%    Lower 5%    Estimate    Upper 5%  Upper 2.5%   Upper .5%

Within Level

 PA       ON
    PA&1             0.000       0.000       0.000       0.000       0.000       0.000       0.000

 NA       ON
    NA&1             0.000       0.000       0.000       0.000       0.000       0.000       0.000

 PER_DAMP WITH
    PA               0.000       0.000       0.000       0.000       0.000       0.000       0.000
    NA               0.000       0.000       0.000       0.000       0.000       0.000       0.000

 NA       WITH
    PA               0.000     -65.520       0.000     -62.274       0.000     -59.203       0.000

 Residual Variances
    PER_DAMP         0.000      94.520       0.000      98.136       0.000     101.741       0.000
    PA               0.000     170.543       0.000     176.198       0.000     181.680       0.000
    NA               0.000      92.272       0.000      95.222       0.000      98.265       0.000

Between Level

 SPA_PR   ON
    ANHEDONIA       -0.014      -0.008      -0.005       0.013       0.030       0.033       0.039
    BDI_SUM         -0.021      -0.010      -0.005       0.022       0.054       0.062       0.077

 SNA_PR   ON
    ANHEDONIA       -0.016      -0.010      -0.006       0.012       0.029       0.034       0.040
    BDI_SUM         -0.033      -0.025      -0.019       0.010       0.040       0.045       0.056

 PER_DAMP ON
    ANHEDONIA       -0.216      -0.172      -0.141       0.008       0.158       0.190       0.233
    BDI_SUM          0.062       0.140       0.175       0.393       0.604       0.647       0.708

 Means
    PA              44.104      44.568      44.813      46.197      47.545      47.793      48.151
    NA              14.121      14.542      14.730      15.769      16.820      17.028      17.399

 Intercepts
    PER_DAMP        10.930      11.355      11.613      12.889      14.115      14.323      14.823
    SPA_PR          -0.095      -0.041      -0.010       0.160       0.348       0.384       0.460
    SNA_PR           0.201       0.266       0.300       0.466       0.643       0.682       0.733

 Variances
    PA              96.754     102.323     105.316     125.564     148.962     154.090     165.849
    NA              59.544      63.348      65.565      77.144      91.827      95.247     102.628

 Residual Variances
    PER_DAMP        84.644      89.532      92.573     110.333     133.208     138.076     146.456
    SPA_PR           0.880       0.917       0.931       0.979       0.997       0.999       1.000
    SNA_PR           0.921       0.942       0.951       0.985       0.999       0.999       1.000


TECHNICAL 1 OUTPUT


     PARAMETER SPECIFICATION FOR WITHIN


           NU
              PER_DAMP      PA            NA            PA&1          NA&1
              ________      ________      ________      ________      ________
                    0             0             0             0             0


           LAMBDA
              PER_DAMP      PA            NA            PA&1          NA&1
              ________      ________      ________      ________      ________
 PER_DAMP           0             0             0             0             0
 PA                 0             0             0             0             0
 NA                 0             0             0             0             0
 PA&1               0             0             0             0             0
 NA&1               0             0             0             0             0


           THETA
              PER_DAMP      PA            NA            PA&1          NA&1
              ________      ________      ________      ________      ________
 PER_DAMP           0
 PA                 0             0
 NA                 0             0             0
 PA&1               0             0             0             0
 NA&1               0             0             0             0             0


           ALPHA
              PER_DAMP      PA            NA            PA&1          NA&1
              ________      ________      ________      ________      ________
                    0             0             0             0             0


           BETA
              PER_DAMP      PA            NA            PA&1          NA&1
              ________      ________      ________      ________      ________
 PER_DAMP           0             0             0             0             0
 PA                 0             0             0             0             0
 NA                 0             0             0             0             0
 PA&1               0             0             0             0             0
 NA&1               0             0             0             0             0


           PSI
              PER_DAMP      PA            NA            PA&1          NA&1
              ________      ________      ________      ________      ________
 PER_DAMP           1
 PA                 0             2
 NA                 0             3             4
 PA&1               0             0             0             0
 NA&1               0             0             0             0             0


     PARAMETER SPECIFICATION FOR BETWEEN


           NU
              PER_DAMP      PA            NA            ANHEDONI      BDI_SUM
              ________      ________      ________      ________      ________
                    0             0             0             0             0


           LAMBDA
              SPA_PR        SNA_PR        PER_DAMP      PA            NA
              ________      ________      ________      ________      ________
 PER_DAMP           0             0             0             0             0
 PA                 0             0             0             0             0
 NA                 0             0             0             0             0
 ANHEDONI           0             0             0             0             0
 BDI_SUM            0             0             0             0             0


           LAMBDA
              ANHEDONI      BDI_SUM
              ________      ________
 PER_DAMP           0             0
 PA                 0             0
 NA                 0             0
 ANHEDONI           0             0
 BDI_SUM            0             0


           THETA
              PER_DAMP      PA            NA            ANHEDONI      BDI_SUM
              ________      ________      ________      ________      ________
 PER_DAMP           0
 PA                 0             0
 NA                 0             0             0
 ANHEDONI           0             0             0             0
 BDI_SUM            0             0             0             0             0


           ALPHA
              SPA_PR        SNA_PR        PER_DAMP      PA            NA
              ________      ________      ________      ________      ________
                    5             6             7             8             9


           ALPHA
              ANHEDONI      BDI_SUM
              ________      ________
                    0             0


           BETA
              SPA_PR        SNA_PR        PER_DAMP      PA            NA
              ________      ________      ________      ________      ________
 SPA_PR             0             0             0             0             0
 SNA_PR             0             0             0             0             0
 PER_DAMP           0             0             0             0             0
 PA                 0             0             0             0             0
 NA                 0             0             0             0             0
 ANHEDONI           0             0             0             0             0
 BDI_SUM            0             0             0             0             0


           BETA
              ANHEDONI      BDI_SUM
              ________      ________
 SPA_PR            10            11
 SNA_PR            12            13
 PER_DAMP          14            15
 PA                 0             0
 NA                 0             0
 ANHEDONI           0             0
 BDI_SUM            0             0


           PSI
              SPA_PR        SNA_PR        PER_DAMP      PA            NA
              ________      ________      ________      ________      ________
 SPA_PR            16
 SNA_PR             0            17
 PER_DAMP           0             0            18
 PA                 0             0             0            19
 NA                 0             0             0             0            20
 ANHEDONI           0             0             0             0             0
 BDI_SUM            0             0             0             0             0


           PSI
              ANHEDONI      BDI_SUM
              ________      ________
 ANHEDONI           0
 BDI_SUM            0             0


     STARTING VALUES FOR WITHIN


           NU
              PER_DAMP      PA            NA            PA&1          NA&1
              ________      ________      ________      ________      ________
                0.000         0.000         0.000         0.000         0.000


           LAMBDA
              PER_DAMP      PA            NA            PA&1          NA&1
              ________      ________      ________      ________      ________
 PER_DAMP       1.000         0.000         0.000         0.000         0.000
 PA             0.000         1.000         0.000         0.000         0.000
 NA             0.000         0.000         1.000         0.000         0.000
 PA&1           0.000         0.000         0.000         1.000         0.000
 NA&1           0.000         0.000         0.000         0.000         1.000


           THETA
              PER_DAMP      PA            NA            PA&1          NA&1
              ________      ________      ________      ________      ________
 PER_DAMP       0.000
 PA             0.000         0.000
 NA             0.000         0.000         0.000
 PA&1           0.000         0.000         0.000         0.000
 NA&1           0.000         0.000         0.000         0.000         0.000


           ALPHA
              PER_DAMP      PA            NA            PA&1          NA&1
              ________      ________      ________      ________      ________
                0.000         0.000         0.000         0.000         0.000


           BETA
              PER_DAMP      PA            NA            PA&1          NA&1
              ________      ________      ________      ________      ________
 PER_DAMP       0.000         0.000         0.000         0.000         0.000
 PA             0.000         0.000         0.000         0.000         0.000
 NA             0.000         0.000         0.000         0.000         0.000
 PA&1           0.000         0.000         0.000         0.000         0.000
 NA&1           0.000         0.000         0.000         0.000         0.000


           PSI
              PER_DAMP      PA            NA            PA&1          NA&1
              ________      ________      ________      ________      ________
 PER_DAMP     113.981
 PA             0.000       151.142
 NA             0.000         0.000        83.369
 PA&1           0.000         0.000         0.000       151.154
 NA&1           0.000         0.000         0.000         0.000        83.284


     STARTING VALUES FOR BETWEEN


           NU
              PER_DAMP      PA            NA            ANHEDONI      BDI_SUM
              ________      ________      ________      ________      ________
                0.000         0.000         0.000         0.000         0.000


           LAMBDA
              SPA_PR        SNA_PR        PER_DAMP      PA            NA
              ________      ________      ________      ________      ________
 PER_DAMP       0.000         0.000         1.000         0.000         0.000
 PA             0.000         0.000         0.000         1.000         0.000
 NA             0.000         0.000         0.000         0.000         1.000
 ANHEDONI       0.000         0.000         0.000         0.000         0.000
 BDI_SUM        0.000         0.000         0.000         0.000         0.000


           LAMBDA
              ANHEDONI      BDI_SUM
              ________      ________
 PER_DAMP       0.000         0.000
 PA             0.000         0.000
 NA             0.000         0.000
 ANHEDONI       1.000         0.000
 BDI_SUM        0.000         1.000


           THETA
              PER_DAMP      PA            NA            ANHEDONI      BDI_SUM
              ________      ________      ________      ________      ________
 PER_DAMP       0.000
 PA             0.000         0.000
 NA             0.000         0.000         0.000
 ANHEDONI       0.000         0.000         0.000         0.000
 BDI_SUM        0.000         0.000         0.000         0.000         0.000


           ALPHA
              SPA_PR        SNA_PR        PER_DAMP      PA            NA
              ________      ________      ________      ________      ________
                0.000         0.000        11.863        45.712        15.187


           ALPHA
              ANHEDONI      BDI_SUM
              ________      ________
                0.000         0.000


           BETA
              SPA_PR        SNA_PR        PER_DAMP      PA            NA
              ________      ________      ________      ________      ________
 SPA_PR         0.000         0.000         0.000         0.000         0.000
 SNA_PR         0.000         0.000         0.000         0.000         0.000
 PER_DAMP       0.000         0.000         0.000         0.000         0.000
 PA             0.000         0.000         0.000         0.000         0.000
 NA             0.000         0.000         0.000         0.000         0.000
 ANHEDONI       0.000         0.000         0.000         0.000         0.000
 BDI_SUM        0.000         0.000         0.000         0.000         0.000


           BETA
              ANHEDONI      BDI_SUM
              ________      ________
 SPA_PR         0.000         0.000
 SNA_PR         0.000         0.000
 PER_DAMP       0.000         0.000
 PA             0.000         0.000
 NA             0.000         0.000
 ANHEDONI       0.000         0.000
 BDI_SUM        0.000         0.000


           PSI
              SPA_PR        SNA_PR        PER_DAMP      PA            NA
              ________      ________      ________      ________      ________
 SPA_PR         1.000
 SNA_PR         0.000         1.000
 PER_DAMP       0.000         0.000       113.981
 PA             0.000         0.000         0.000       151.142
 NA             0.000         0.000         0.000         0.000        83.369
 ANHEDONI       0.000         0.000         0.000         0.000         0.000
 BDI_SUM        0.000         0.000         0.000         0.000         0.000


           PSI
              ANHEDONI      BDI_SUM
              ________      ________
 ANHEDONI      39.493
 BDI_SUM        0.000        18.288



     PRIORS FOR ALL PARAMETERS            PRIOR MEAN      PRIOR VARIANCE     PRIOR STD. DEV.

     Parameter 1~IG(-1.000,0.000)          infinity            infinity            infinity
     Parameter 2~IW(0.000,-3)              infinity            infinity            infinity
     Parameter 3~IW(0.000,-3)              infinity            infinity            infinity
     Parameter 4~IW(0.000,-3)              infinity            infinity            infinity
     Parameter 5~N(0.000,infinity)           0.0000            infinity            infinity
     Parameter 6~N(0.000,infinity)           0.0000            infinity            infinity
     Parameter 7~N(0.000,infinity)           0.0000            infinity            infinity
     Parameter 8~N(0.000,infinity)           0.0000            infinity            infinity
     Parameter 9~N(0.000,infinity)           0.0000            infinity            infinity
     Parameter 10~N(0.000,infinity)          0.0000            infinity            infinity
     Parameter 11~N(0.000,infinity)          0.0000            infinity            infinity
     Parameter 12~N(0.000,infinity)          0.0000            infinity            infinity
     Parameter 13~N(0.000,infinity)          0.0000            infinity            infinity
     Parameter 14~N(0.000,infinity)          0.0000            infinity            infinity
     Parameter 15~N(0.000,infinity)          0.0000            infinity            infinity
     Parameter 16~IG(-1.000,0.000)         infinity            infinity            infinity
     Parameter 17~IG(-1.000,0.000)         infinity            infinity            infinity
     Parameter 18~IG(-1.000,0.000)         infinity            infinity            infinity
     Parameter 19~IG(-1.000,0.000)         infinity            infinity            infinity
     Parameter 20~IG(-1.000,0.000)         infinity            infinity            infinity


TECHNICAL 8 OUTPUT


   TECHNICAL 8 OUTPUT FOR BAYES ESTIMATION

     PROCESSOR    BSEED
     1            0
     2            285380
     3            253358
     4            93468
     5            608496
     6            903420
     7            195873
     8            462953
     9            939021
     10           127215
     11           415931
     12           533738
     13           107446
     14           399671
     15           650371
     16           27071

                     POTENTIAL       PARAMETER WITH
     ITERATION    SCALE REDUCTION      HIGHEST PSR
     100              1.152               16
     200              1.849               16
     300              1.093               1
     400              1.061               1
     500              1.052               1
     600              1.018               13
     700              1.129               17
     800              1.077               17
     900              1.034               17
     1000             1.021               11
     1100             1.030               5
     1200             1.075               5
     1300             1.125               5
     1400             1.184               5
     1500             1.241               5
     1600             1.280               5
     1700             1.257               5
     1800             1.246               5
     1900             1.216               5
     2000             1.205               5
     2100             1.165               5
     2200             1.115               5
     2300             1.089               5
     2400             1.078               5


PLOT INFORMATION

The following plots are available:

  Histograms (sample values)
  Scatterplots (sample values)
  Between-level histograms (sample values, sample means/variances)
  Between-level scatterplots (sample values, sample means/variances)
  Time series plots (sample values, ACF, PACF)
  Histogram of subjects per time point
  Time interval plots
  Bayesian posterior parameter distributions
  Bayesian posterior parameter trace plots
  Bayesian autocorrelation plots

     Beginning Time:  23:59:54
        Ending Time:  00:01:36
       Elapsed Time:  00:01:42



MUTHEN & MUTHEN
3463 Stoner Ave.
Los Angeles, CA  90066

Tel: (310) 391-9971
Fax: (310) 391-8971
Web: www.StatModel.com
Support: Support@StatModel.com

Copyright (c) 1998-2022 Muthen & Muthen
