Mplus VERSION 8.8
MUTHEN & MUTHEN
08/26/2023  12:56 AM

INPUT INSTRUCTIONS


  DATA:
  FILE IS data4.dat;

  VARIABLE:   NAMES =
  	    Eth_ID Time Time_between Time_inc
  	    PA_enth NA_irri NA_verv PA_tevr PA_ener
       	    PA_kalm NA_nerv PA_daadk NA_verdr
  	    PA_vrol NA_boos PA_dankb NA_somb PER_att
      	    PER_refl PER_self PER_expr PER_damp
  	    PER_codamp PER_capit Sample age_yr gesl BDI
      	    Measures_valid BDI_anh Anhedonia
   	    BDI_sum PA NA day compliance;

              USEVARIABLES are PER_refl PA NA Anhedonia BDI_sum;
              MISSING is .;
              within = ;
              between = Anhedonia BDI_sum ;
              cluster = Eth_ID;
              lagged= PA NA(1);
              tinterval=Time_inc (150);


  DEFINE:     CENTER Anhedonia BDI_sum (grandmean);

  ANALYSIS:   type = twolevel random;
              estimator = Bayes;
              biterations=(2000);
              bconvergence=0.005;
              thin=2;
              PROCESSORS=16;
  MODEL:
  %WITHIN%
  sPA_PR | PER_refl on PA&1;
  sNA_PR | PER_refl on NA&1;
  PA on PA&1@0;
  NA on NA&1@0;
  PER_refl with PA@0;
  PER_refl with NA@0;

  %between%
  sPA_PR sNA_PR on Anhedonia BDI_sum;
  PER_refl on Anhedonia BDI_sum;


  OUTPUT: standardized tech1 tech8 cinterval patterns;
  PLOT: TYPE = PLOT3;



*** WARNING in VARIABLE command
  Note that only the first 8 characters of variable names are used in the output.
  Shorten variable names to avoid any confusion.
*** WARNING in MODEL command
  A y-variable has been declared on the within level but not referred to on
  the between level.  Please check that this is what is intended.  If this is not intended,
  specify the variable as a within variable.  Problem with:  PA
*** WARNING in MODEL command
  A y-variable has been declared on the within level but not referred to on
  the between level.  Please check that this is what is intended.  If this is not intended,
  specify the variable as a within variable.  Problem with:  NA
*** WARNING in PLOT command
  Note that only the first 8 characters of variable names are used in plots.
  If variable names are not unique within the first 8 characters, problems
  may occur.
*** WARNING
  One or more individual-level variables have no variation within a
  cluster for the following clusters.

     Variable   Cluster IDs with no within-cluster variation

      PER_REFL    165 73

*** WARNING
  Data set contains cases with missing on all variables.  Cases that appeared before the first
  case with observed data and that appeared after the last case with observed data were not
  included in the analysis.  Number of deleted cases:  679
   6 WARNING(S) FOUND IN THE INPUT INSTRUCTIONS




SUMMARY OF ANALYSIS

Number of groups                                                 1
Number of observations                                       20160

Number of dependent variables                                    3
Number of independent variables                                  4
Number of continuous latent variables                            2

Observed dependent variables

  Continuous
   PER_REFL    PA          NA

Observed independent variables
   ANHEDONI    BDI_SUM     PA&1        NA&1

Continuous latent variables
   SPA_PR      SNA_PR

Variables with special functions

  Cluster variable      ETH_ID

  Within variables
   PA&1        NA&1

  Between variables
   ANHEDONI    BDI_SUM

  Centering (GRANDMEAN)
   ANHEDONI    BDI_SUM


Estimator                                                    BAYES
Specifications for Bayesian Estimation
  Point estimate                                            MEDIAN
  Number of Markov chain Monte Carlo (MCMC) chains               2
  Random seed for the first chain                                0
  Starting value information                           UNPERTURBED
  Algorithm used for Markov chain Monte Carlo           GIBBS(PX1)
  Convergence criterion                                  0.500D-02
  Maximum number of iterations                               50000
  K-th iteration used for thinning                               2

Input data file(s)
  data4.dat
Input data format  FREE


SUMMARY OF DATA

     Number of clusters                        159

       Size (s)    Cluster ID with Size s

         56        28
         80        82
         84        87
         88        72
         97        34
        101        10
        105        52
        108        119
        111        36
        113        182
        115        89 131
        116        15 188 75 77
        117        11
        118        16 66 49 57 195
        119        197 71 48 149 50 92 38 186 163 106
        120        55 168 7 108 148 192 61 98 165
        122        174
        123        127
        124        161 117 103 51
        125        53 54 13 40 44 88 30 68 100 93 105 112 123 73
        126        107 172 173 102 65 109 111 80 76 120
        127        70 177 133 62 139 118 110 25 115 67 46 104 178 126 193
                   32 86 198 147
        128        43 153 59 156 96 180 18 5
        129        141 144 125 3 185 146 135 190 187 39 137 116 69
        130        138 166 97 14
        133        191
        134        2
        135        194 63 60 183 201 200
        136        26 56
        137        95 4 9 22 19 42
        138        132 29 94
        139        45 74 35 37 84 21 79 145 114
        142        27
        143        179
        144        170 24 171
        145        1 124 162 20
        146        151 6 167
        147        142 31
        148        159 176



SUMMARY OF MISSING DATA PATTERNS

     Number of missing data patterns            13


     MISSING DATA PATTERNS (x = not missing)

           1  2  3  4  5  6  7  8  9 10 11 12 13
 PER_REFL  x  x              x     x     x     x
 PA        x  x        x  x     x  x     x  x
 NA        x  x        x  x        x  x  x
 PA&1      x     x        x  x     x        x
 NA&1      x     x        x  x           x  x
 ANHEDONI  x  x  x  x  x  x  x  x  x  x  x  x  x
 BDI_SUM   x  x  x  x  x  x  x  x  x  x  x  x  x


     MISSING DATA PATTERN FREQUENCIES

    Pattern   Frequency     Pattern   Frequency     Pattern   Frequency
          1        4888           6          50          11           1
          2        3224           7           3          12           1
          3        3121           8           4          13           1
          4        8808           9           5
          5          53          10           1


COVARIANCE COVERAGE OF DATA

Minimum covariance coverage value   0.100


     PROPORTION OF DATA PRESENT


           Covariance Coverage
              PER_REFL      PA            NA            ANHEDONI      BDI_SUM
              ________      ________      ________      ________      ________
 PER_REFL       0.403
 PA             0.403         0.408
 NA             0.403         0.408         0.408
 ANHEDONI       0.403         0.408         0.408         1.000
 BDI_SUM        0.403         0.408         0.408         1.000         1.000



UNIVARIATE SAMPLE STATISTICS


     UNIVARIATE HIGHER-ORDER MOMENT DESCRIPTIVE STATISTICS

         Variable/         Mean/     Skewness/   Minimum/ % with                Percentiles
        Sample Size      Variance    Kurtosis    Maximum  Min/Max      20%/60%    40%/80%    Median

     PER_REFL             28.217       0.692       0.000    9.73%       5.000     14.000     23.000
            8122.000     570.189      -0.419     100.000    0.49%      32.000     51.000
     PA                   46.383      -0.035       0.000    0.30%      31.500     42.333     47.000
            8226.000     303.472      -0.189     100.000    0.10%      51.000     61.000
     NA                   14.975       1.412       0.000    7.26%       5.000      9.167     11.500
            8222.000     164.910       1.997      80.667    0.01%      14.333     23.000
     ANHEDONIA             0.000       0.630     -18.380    0.63%      -7.330     -2.924     -0.934
             159.000      79.008       0.606      29.966    0.63%       1.234      6.118
     BDI_SUM               0.000       0.851      -8.050    3.77%      -5.050     -3.050     -1.050
             159.000      31.821       0.278      16.950    1.26%      -0.050      3.950


THE MODEL ESTIMATION TERMINATED NORMALLY

     USE THE FBITERATIONS OPTION TO INCREASE THE NUMBER OF ITERATIONS BY A FACTOR
     OF AT LEAST TWO TO CHECK CONVERGENCE AND THAT THE PSR VALUE DOES NOT INCREASE.



MODEL FIT INFORMATION

Number of Free Parameters                              20

Information Criteria

          Deviance (DIC)                       513636.794
          Estimated Number of Parameters (pD)   36335.006



MODEL RESULTS

                                Posterior  One-Tailed         95% C.I.
                    Estimate       S.D.      P-Value   Lower 2.5%  Upper 2.5%  Significance

Within Level

 PA         ON
    PA&1               0.000       0.000      1.000       0.000       0.000

 NA         ON
    NA&1               0.000       0.000      1.000       0.000       0.000

 PER_REFL WITH
    PA                 0.000       0.000      1.000       0.000       0.000
    NA                 0.000       0.000      1.000       0.000       0.000

 NA       WITH
    PA               -61.754       1.526      0.000     -64.941     -58.875      *

 Residual Variances
    PER_REFL         322.748       5.921      0.000     311.551     334.951      *
    PA               171.022       2.665      0.000     165.821     176.123      *
    NA                91.897       1.481      0.000      89.041      94.961      *

Between Level

 SPA_PR     ON
    ANHEDONIA         -0.006       0.004      0.064      -0.013       0.002
    BDI_SUM            0.001       0.006      0.417      -0.010       0.013

 SNA_PR     ON
    ANHEDONIA         -0.003       0.005      0.268      -0.013       0.007
    BDI_SUM           -0.004       0.008      0.287      -0.019       0.011

 PER_REFL   ON
    ANHEDONIA         -0.084       0.132      0.246      -0.350       0.168
    BDI_SUM           -0.176       0.216      0.200      -0.591       0.232

 Means
    PA                46.464       0.969      0.000      44.467      48.346      *
    NA                15.119       0.695      0.000      13.803      16.504      *

 Intercepts
    PER_REFL          28.339       1.248      0.000      25.763      30.755      *
    SPA_PR             0.250       0.034      0.000       0.184       0.313      *
    SNA_PR             0.187       0.045      0.000       0.098       0.281      *

 Variances
    PA               138.706      16.223      0.000     112.414     174.599      *
    NA                78.456       8.906      0.000      62.561      97.028      *

 Residual Variances
    PER_REFL         225.745      27.288      0.000     178.985     283.901      *
    SPA_PR             0.078       0.018      0.000       0.048       0.119      *
    SNA_PR             0.107       0.037      0.000       0.043       0.188      *


STANDARDIZED MODEL RESULTS


STDYX Standardization

                                Posterior  One-Tailed         95% C.I.
                    Estimate       S.D.      P-Value   Lower 2.5%  Upper 2.5%  Significance

Within-Level Standardized Estimates Averaged Over Clusters

 SPA_PR | PER_REFL ON
    PA&1               0.169       0.016      0.000       0.137       0.201      *

 SNA_PR | PER_REFL ON
    NA&1               0.095       0.019      0.000       0.060       0.131      *

 PA         ON
    PA&1               0.000       0.000      1.000       0.000       0.000

 NA         ON
    NA&1               0.000       0.000      1.000       0.000       0.000

 PER_REFL WITH
    PA                 0.000       0.000      1.000       0.000       0.000
    NA                 0.000       0.000      1.000       0.000       0.000

 NA       WITH
    PA                -0.493       0.008      0.000      -0.509      -0.477      *

 Residual Variances
    PER_REFL           0.920       0.009      0.000       0.903       0.940      *
    PA                 1.000       0.000      0.000       1.000       1.000
    NA                 1.000       0.000      0.000       1.000       1.000

Between Level

 SPA_PR     ON
    ANHEDONIA         -0.133       0.082      0.064      -0.288       0.037
    BDI_SUM            0.018       0.083      0.417      -0.141       0.176

 SNA_PR     ON
    ANHEDONIA         -0.058       0.098      0.268      -0.254       0.128
    BDI_SUM           -0.053       0.096      0.287      -0.242       0.136

 PER_REFL   ON
    ANHEDONIA         -0.036       0.055      0.246      -0.145       0.071
    BDI_SUM           -0.047       0.056      0.200      -0.153       0.062

 Means
    PA                 3.936       0.240      0.000       3.479       4.405      *
    NA                 1.707       0.125      0.000       1.480       1.964      *

 Intercepts
    PER_REFL           1.874       0.140      0.000       1.603       2.150      *
    SPA_PR             0.885       0.157      0.000       0.606       1.204      *
    SNA_PR             0.573       0.174      0.000       0.277       0.981      *

 Variances
    PA                 1.000       0.000      0.000       1.000       1.000
    NA                 1.000       0.000      0.000       1.000       1.000

 Residual Variances
    PER_REFL           0.993       0.009      0.000       0.967       1.000      *
    SPA_PR             0.975       0.025      0.000       0.905       0.999      *
    SNA_PR             0.982       0.024      0.000       0.910       0.999      *


STDY Standardization

                                Posterior  One-Tailed         95% C.I.
                    Estimate       S.D.      P-Value   Lower 2.5%  Upper 2.5%  Significance

Within-Level Standardized Estimates Averaged Over Clusters

 SPA_PR | PER_REFL ON
    PA&1               0.013       0.001      0.000       0.011       0.015      *

 SNA_PR | PER_REFL ON
    NA&1               0.010       0.002      0.000       0.006       0.014      *

 PA         ON
    PA&1               0.000       0.000      1.000       0.000       0.000

 NA         ON
    NA&1               0.000       0.000      1.000       0.000       0.000

 PER_REFL WITH
    PA                 0.000       0.000      1.000       0.000       0.000
    NA                 0.000       0.000      1.000       0.000       0.000

 NA       WITH
    PA                -0.493       0.008      0.000      -0.509      -0.477      *

 Residual Variances
    PER_REFL           0.920       0.009      0.000       0.903       0.940      *
    PA                 1.000       0.000      0.000       1.000       1.000
    NA                 1.000       0.000      0.000       1.000       1.000

Between Level

 SPA_PR     ON
    ANHEDONIA         -0.021       0.013      0.064      -0.045       0.006
    BDI_SUM            0.004       0.021      0.417      -0.035       0.044

 SNA_PR     ON
    ANHEDONIA         -0.009       0.015      0.268      -0.040       0.020
    BDI_SUM           -0.013       0.024      0.287      -0.061       0.034

 PER_REFL   ON
    ANHEDONIA         -0.006       0.009      0.246      -0.023       0.011
    BDI_SUM           -0.012       0.014      0.200      -0.038       0.016

 Means
    PA                 3.936       0.240      0.000       3.479       4.405      *
    NA                 1.707       0.125      0.000       1.480       1.964      *

 Intercepts
    PER_REFL           1.874       0.140      0.000       1.603       2.150      *
    SPA_PR             0.885       0.157      0.000       0.606       1.204      *
    SNA_PR             0.573       0.174      0.000       0.277       0.981      *

 Variances
    PA                 1.000       0.000      0.000       1.000       1.000
    NA                 1.000       0.000      0.000       1.000       1.000

 Residual Variances
    PER_REFL           0.993       0.009      0.000       0.967       1.000      *
    SPA_PR             0.975       0.025      0.000       0.905       0.999      *
    SNA_PR             0.982       0.024      0.000       0.910       0.999      *


STD Standardization

                                Posterior  One-Tailed         95% C.I.
                    Estimate       S.D.      P-Value   Lower 2.5%  Upper 2.5%  Significance

Within-Level Standardized Estimates Averaged Over Clusters

 SPA_PR | PER_REFL ON
    PA&1               0.250       0.024      0.000       0.203       0.297      *

 SNA_PR | PER_REFL ON
    NA&1               0.187       0.037      0.000       0.116       0.262      *

 PA         ON
    PA&1               0.000       0.000      1.000       0.000       0.000

 NA         ON
    NA&1               0.000       0.000      1.000       0.000       0.000

 PER_REFL WITH
    PA                 0.000       0.000      1.000       0.000       0.000
    NA                 0.000       0.000      1.000       0.000       0.000

 NA       WITH
    PA               -61.754       1.526      0.000     -64.941     -58.875      *

 Residual Variances
    PER_REFL         322.748       5.921      0.000     311.551     334.951      *
    PA               171.022       2.665      0.000     165.821     176.123      *
    NA                91.897       1.481      0.000      89.041      94.961      *

Between Level

 SPA_PR     ON
    ANHEDONIA         -0.021       0.013      0.064      -0.045       0.006
    BDI_SUM            0.004       0.021      0.417      -0.035       0.044

 SNA_PR     ON
    ANHEDONIA         -0.009       0.015      0.268      -0.040       0.020
    BDI_SUM           -0.013       0.024      0.287      -0.061       0.034

 PER_REFL   ON
    ANHEDONIA         -0.084       0.132      0.246      -0.350       0.168
    BDI_SUM           -0.176       0.216      0.200      -0.591       0.232

 Means
    PA                46.464       0.969      0.000      44.467      48.346      *
    NA                15.119       0.695      0.000      13.803      16.504      *

 Intercepts
    PER_REFL          28.339       1.248      0.000      25.763      30.755      *
    SPA_PR             0.885       0.157      0.000       0.606       1.204      *
    SNA_PR             0.573       0.174      0.000       0.277       0.981      *

 Variances
    PA               138.706      16.223      0.000     112.414     174.599      *
    NA                78.456       8.906      0.000      62.561      97.028      *

 Residual Variances
    PER_REFL         225.745      27.288      0.000     178.985     283.901      *
    SPA_PR             0.975       0.025      0.000       0.905       0.999      *
    SNA_PR             0.982       0.024      0.000       0.910       0.999      *


R-SQUARE

Within-Level R-Square Averaged Across Clusters

                                Posterior  One-Tailed         95% C.I.
    Variable        Estimate       S.D.      P-Value   Lower 2.5%  Upper 2.5%

    PER_REFL           0.080       0.009      0.000       0.060       0.097
    PA                 0.000       0.000      1.000       0.000       0.000
    NA                 0.000       0.000      1.000       0.000       0.000

Between Level

                                Posterior  One-Tailed         95% C.I.
    Variable        Estimate       S.D.      P-Value   Lower 2.5%  Upper 2.5%

    PER_REFL           0.007       0.009      0.000       0.000       0.033

                                Posterior  One-Tailed         95% C.I.
    Variable        Estimate       S.D.      P-Value   Lower 2.5%  Upper 2.5%

    SPA_PR             0.025       0.025      0.000       0.001       0.093
    SNA_PR             0.018       0.024      0.000       0.001       0.089


CREDIBILITY INTERVALS OF MODEL RESULTS

                  Lower .5%  Lower 2.5%    Lower 5%    Estimate    Upper 5%  Upper 2.5%   Upper .5%

Within Level

 PA       ON
    PA&1             0.000       0.000       0.000       0.000       0.000       0.000       0.000

 NA       ON
    NA&1             0.000       0.000       0.000       0.000       0.000       0.000       0.000

 PER_REFL WITH
    PA               0.000       0.000       0.000       0.000       0.000       0.000       0.000
    NA               0.000       0.000       0.000       0.000       0.000       0.000       0.000

 NA       WITH
    PA             -66.166     -64.941     -64.407     -61.754     -59.433     -58.875     -57.918

 Residual Variances
    PER_REFL       308.210     311.551     313.297     322.748     333.100     334.951     338.866
    PA             164.070     165.821     166.710     171.022     175.527     176.123     178.047
    NA              88.140      89.041      89.603      91.897      94.492      94.961      95.643

Between Level

 SPA_PR   ON
    ANHEDONIA       -0.015      -0.013      -0.012      -0.006       0.000       0.002       0.004
    BDI_SUM         -0.015      -0.010      -0.008       0.001       0.011       0.013       0.016

 SNA_PR   ON
    ANHEDONIA       -0.016      -0.013      -0.012      -0.003       0.005       0.007       0.009
    BDI_SUM         -0.027      -0.019      -0.017      -0.004       0.009       0.011       0.015

 PER_REFL ON
    ANHEDONIA       -0.453      -0.350      -0.308      -0.084       0.124       0.168       0.254
    BDI_SUM         -0.718      -0.591      -0.533      -0.176       0.176       0.232       0.363

 Means
    PA              43.889      44.467      44.854      46.464      48.012      48.346      48.904
    NA              13.456      13.803      13.979      15.119      16.261      16.504      16.983

 Intercepts
    PER_REFL        25.000      25.763      26.218      28.339      30.373      30.755      31.714
    SPA_PR           0.163       0.184       0.194       0.250       0.304       0.313       0.336
    SNA_PR           0.074       0.098       0.111       0.187       0.266       0.281       0.303

 Variances
    PA             106.221     112.414     116.008     138.706     168.868     174.599     190.098
    NA              59.019      62.561      64.945      78.456      94.021      97.028     105.534

 Residual Variances
    PER_REFL       168.771     178.985     185.745     225.745     274.999     283.901     307.626
    SPA_PR           0.038       0.048       0.053       0.078       0.111       0.119       0.131
    SNA_PR           0.035       0.043       0.051       0.107       0.169       0.188       0.212


CREDIBILITY INTERVALS OF STANDARDIZED MODEL RESULTS


STDYX Standardization

                  Lower .5%  Lower 2.5%    Lower 5%    Estimate    Upper 5%  Upper 2.5%   Upper .5%

Within Level

 PA       ON
    PA&1             0.000       0.000       0.000       0.000       0.000       0.000       0.000

 NA       ON
    NA&1             0.000       0.000       0.000       0.000       0.000       0.000       0.000

 PER_REFL WITH
    PA               0.000       0.000       0.000       0.000       0.000       0.000       0.000
    NA               0.000       0.000       0.000       0.000       0.000       0.000       0.000

 NA       WITH
    PA               0.000      -0.509       0.000      -0.493       0.000      -0.477       0.000

 Residual Variances
    PER_REFL         0.000       0.903       0.000       0.920       0.000       0.940       0.000
    PA               0.000       1.000       0.000       1.000       0.000       1.000       0.000
    NA               0.000       1.000       0.000       1.000       0.000       1.000       0.000

Between Level

 SPA_PR   ON
    ANHEDONIA       -0.329      -0.288      -0.261      -0.133       0.011       0.037       0.098
    BDI_SUM         -0.198      -0.141      -0.114       0.018       0.158       0.176       0.225

 SNA_PR   ON
    ANHEDONIA       -0.336      -0.254      -0.229      -0.058       0.099       0.128       0.179
    BDI_SUM         -0.307      -0.242      -0.207      -0.053       0.114       0.136       0.206

 PER_REFL ON
    ANHEDONIA       -0.185      -0.145      -0.127      -0.036       0.053       0.071       0.102
    BDI_SUM         -0.184      -0.153      -0.137      -0.047       0.046       0.062       0.097

 Means
    PA               3.324       3.479       3.561       3.936       4.324       4.405       4.534
    NA               1.423       1.480       1.513       1.707       1.926       1.964       2.042

 Intercepts
    PER_REFL         1.530       1.603       1.644       1.874       2.108       2.150       2.242
    SPA_PR           0.526       0.606       0.645       0.885       1.157       1.204       1.325
    SNA_PR           0.201       0.277       0.329       0.573       0.890       0.981       1.118

 Variances
    PA               1.000       1.000       1.000       1.000       1.000       1.000       1.000
    NA               1.000       1.000       1.000       1.000       1.000       1.000       1.000

 Residual Variances
    PER_REFL         0.955       0.967       0.974       0.993       0.999       1.000       1.000
    SPA_PR           0.873       0.905       0.920       0.975       0.997       0.999       1.000
    SNA_PR           0.865       0.910       0.928       0.982       0.999       0.999       1.000


STDY Standardization

                  Lower .5%  Lower 2.5%    Lower 5%    Estimate    Upper 5%  Upper 2.5%   Upper .5%

Within Level

 PA       ON
    PA&1             0.000       0.000       0.000       0.000       0.000       0.000       0.000

 NA       ON
    NA&1             0.000       0.000       0.000       0.000       0.000       0.000       0.000

 PER_REFL WITH
    PA               0.000       0.000       0.000       0.000       0.000       0.000       0.000
    NA               0.000       0.000       0.000       0.000       0.000       0.000       0.000

 NA       WITH
    PA               0.000      -0.509       0.000      -0.493       0.000      -0.477       0.000

 Residual Variances
    PER_REFL         0.000       0.903       0.000       0.920       0.000       0.940       0.000
    PA               0.000       1.000       0.000       1.000       0.000       1.000       0.000
    NA               0.000       1.000       0.000       1.000       0.000       1.000       0.000

Between Level

 SPA_PR   ON
    ANHEDONIA       -0.052      -0.045      -0.041      -0.021       0.002       0.006       0.016
    BDI_SUM         -0.050      -0.035      -0.028       0.004       0.040       0.044       0.056

 SNA_PR   ON
    ANHEDONIA       -0.053      -0.040      -0.036      -0.009       0.016       0.020       0.028
    BDI_SUM         -0.077      -0.061      -0.052      -0.013       0.029       0.034       0.052

 PER_REFL ON
    ANHEDONIA       -0.029      -0.023      -0.020      -0.006       0.008       0.011       0.016
    BDI_SUM         -0.046      -0.038      -0.034      -0.012       0.012       0.016       0.024

 Means
    PA               3.324       3.479       3.561       3.936       4.324       4.405       4.534
    NA               1.423       1.480       1.513       1.707       1.926       1.964       2.042

 Intercepts
    PER_REFL         1.530       1.603       1.644       1.874       2.108       2.150       2.242
    SPA_PR           0.526       0.606       0.645       0.885       1.157       1.204       1.325
    SNA_PR           0.201       0.277       0.329       0.573       0.890       0.981       1.118

 Variances
    PA               1.000       1.000       1.000       1.000       1.000       1.000       1.000
    NA               1.000       1.000       1.000       1.000       1.000       1.000       1.000

 Residual Variances
    PER_REFL         0.955       0.967       0.974       0.993       0.999       1.000       1.000
    SPA_PR           0.873       0.905       0.920       0.975       0.997       0.999       1.000
    SNA_PR           0.865       0.910       0.928       0.982       0.999       0.999       1.000


STD Standardization

                  Lower .5%  Lower 2.5%    Lower 5%    Estimate    Upper 5%  Upper 2.5%   Upper .5%

Within Level

 PA       ON
    PA&1             0.000       0.000       0.000       0.000       0.000       0.000       0.000

 NA       ON
    NA&1             0.000       0.000       0.000       0.000       0.000       0.000       0.000

 PER_REFL WITH
    PA               0.000       0.000       0.000       0.000       0.000       0.000       0.000
    NA               0.000       0.000       0.000       0.000       0.000       0.000       0.000

 NA       WITH
    PA               0.000     -64.941       0.000     -61.754       0.000     -58.875       0.000

 Residual Variances
    PER_REFL         0.000     311.551       0.000     322.748       0.000     334.951       0.000
    PA               0.000     165.821       0.000     171.022       0.000     176.123       0.000
    NA               0.000      89.041       0.000      91.897       0.000      94.961       0.000

Between Level

 SPA_PR   ON
    ANHEDONIA       -0.052      -0.045      -0.041      -0.021       0.002       0.006       0.016
    BDI_SUM         -0.050      -0.035      -0.028       0.004       0.040       0.044       0.056

 SNA_PR   ON
    ANHEDONIA       -0.053      -0.040      -0.036      -0.009       0.016       0.020       0.028
    BDI_SUM         -0.077      -0.061      -0.052      -0.013       0.029       0.034       0.052

 PER_REFL ON
    ANHEDONIA       -0.453      -0.350      -0.308      -0.084       0.124       0.168       0.254
    BDI_SUM         -0.718      -0.591      -0.533      -0.176       0.176       0.232       0.363

 Means
    PA              43.889      44.467      44.854      46.464      48.012      48.346      48.904
    NA              13.456      13.803      13.979      15.119      16.261      16.504      16.983

 Intercepts
    PER_REFL        25.000      25.763      26.218      28.339      30.373      30.755      31.714
    SPA_PR           0.526       0.606       0.645       0.885       1.157       1.204       1.325
    SNA_PR           0.201       0.277       0.329       0.573       0.890       0.981       1.118

 Variances
    PA             106.221     112.414     116.008     138.706     168.868     174.599     190.098
    NA              59.019      62.561      64.945      78.456      94.021      97.028     105.534

 Residual Variances
    PER_REFL       168.771     178.985     185.745     225.745     274.999     283.901     307.626
    SPA_PR           0.873       0.905       0.920       0.975       0.997       0.999       1.000
    SNA_PR           0.865       0.910       0.928       0.982       0.999       0.999       1.000


TECHNICAL 1 OUTPUT


     PARAMETER SPECIFICATION FOR WITHIN


           NU
              PER_REFL      PA            NA            PA&1          NA&1
              ________      ________      ________      ________      ________
                    0             0             0             0             0


           LAMBDA
              PER_REFL      PA            NA            PA&1          NA&1
              ________      ________      ________      ________      ________
 PER_REFL           0             0             0             0             0
 PA                 0             0             0             0             0
 NA                 0             0             0             0             0
 PA&1               0             0             0             0             0
 NA&1               0             0             0             0             0


           THETA
              PER_REFL      PA            NA            PA&1          NA&1
              ________      ________      ________      ________      ________
 PER_REFL           0
 PA                 0             0
 NA                 0             0             0
 PA&1               0             0             0             0
 NA&1               0             0             0             0             0


           ALPHA
              PER_REFL      PA            NA            PA&1          NA&1
              ________      ________      ________      ________      ________
                    0             0             0             0             0


           BETA
              PER_REFL      PA            NA            PA&1          NA&1
              ________      ________      ________      ________      ________
 PER_REFL           0             0             0             0             0
 PA                 0             0             0             0             0
 NA                 0             0             0             0             0
 PA&1               0             0             0             0             0
 NA&1               0             0             0             0             0


           PSI
              PER_REFL      PA            NA            PA&1          NA&1
              ________      ________      ________      ________      ________
 PER_REFL           1
 PA                 0             2
 NA                 0             3             4
 PA&1               0             0             0             0
 NA&1               0             0             0             0             0


     PARAMETER SPECIFICATION FOR BETWEEN


           NU
              PER_REFL      PA            NA            ANHEDONI      BDI_SUM
              ________      ________      ________      ________      ________
                    0             0             0             0             0


           LAMBDA
              SPA_PR        SNA_PR        PER_REFL      PA            NA
              ________      ________      ________      ________      ________
 PER_REFL           0             0             0             0             0
 PA                 0             0             0             0             0
 NA                 0             0             0             0             0
 ANHEDONI           0             0             0             0             0
 BDI_SUM            0             0             0             0             0


           LAMBDA
              ANHEDONI      BDI_SUM
              ________      ________
 PER_REFL           0             0
 PA                 0             0
 NA                 0             0
 ANHEDONI           0             0
 BDI_SUM            0             0


           THETA
              PER_REFL      PA            NA            ANHEDONI      BDI_SUM
              ________      ________      ________      ________      ________
 PER_REFL           0
 PA                 0             0
 NA                 0             0             0
 ANHEDONI           0             0             0             0
 BDI_SUM            0             0             0             0             0


           ALPHA
              SPA_PR        SNA_PR        PER_REFL      PA            NA
              ________      ________      ________      ________      ________
                    5             6             7             8             9


           ALPHA
              ANHEDONI      BDI_SUM
              ________      ________
                    0             0


           BETA
              SPA_PR        SNA_PR        PER_REFL      PA            NA
              ________      ________      ________      ________      ________
 SPA_PR             0             0             0             0             0
 SNA_PR             0             0             0             0             0
 PER_REFL           0             0             0             0             0
 PA                 0             0             0             0             0
 NA                 0             0             0             0             0
 ANHEDONI           0             0             0             0             0
 BDI_SUM            0             0             0             0             0


           BETA
              ANHEDONI      BDI_SUM
              ________      ________
 SPA_PR            10            11
 SNA_PR            12            13
 PER_REFL          14            15
 PA                 0             0
 NA                 0             0
 ANHEDONI           0             0
 BDI_SUM            0             0


           PSI
              SPA_PR        SNA_PR        PER_REFL      PA            NA
              ________      ________      ________      ________      ________
 SPA_PR            16
 SNA_PR             0            17
 PER_REFL           0             0            18
 PA                 0             0             0            19
 NA                 0             0             0             0            20
 ANHEDONI           0             0             0             0             0
 BDI_SUM            0             0             0             0             0


           PSI
              ANHEDONI      BDI_SUM
              ________      ________
 ANHEDONI           0
 BDI_SUM            0             0


     STARTING VALUES FOR WITHIN


           NU
              PER_REFL      PA            NA            PA&1          NA&1
              ________      ________      ________      ________      ________
                0.000         0.000         0.000         0.000         0.000


           LAMBDA
              PER_REFL      PA            NA            PA&1          NA&1
              ________      ________      ________      ________      ________
 PER_REFL       1.000         0.000         0.000         0.000         0.000
 PA             0.000         1.000         0.000         0.000         0.000
 NA             0.000         0.000         1.000         0.000         0.000
 PA&1           0.000         0.000         0.000         1.000         0.000
 NA&1           0.000         0.000         0.000         0.000         1.000


           THETA
              PER_REFL      PA            NA            PA&1          NA&1
              ________      ________      ________      ________      ________
 PER_REFL       0.000
 PA             0.000         0.000
 NA             0.000         0.000         0.000
 PA&1           0.000         0.000         0.000         0.000
 NA&1           0.000         0.000         0.000         0.000         0.000


           ALPHA
              PER_REFL      PA            NA            PA&1          NA&1
              ________      ________      ________      ________      ________
                0.000         0.000         0.000         0.000         0.000


           BETA
              PER_REFL      PA            NA            PA&1          NA&1
              ________      ________      ________      ________      ________
 PER_REFL       0.000         0.000         0.000         0.000         0.000
 PA             0.000         0.000         0.000         0.000         0.000
 NA             0.000         0.000         0.000         0.000         0.000
 PA&1           0.000         0.000         0.000         0.000         0.000
 NA&1           0.000         0.000         0.000         0.000         0.000


           PSI
              PER_REFL      PA            NA            PA&1          NA&1
              ________      ________      ________      ________      ________
 PER_REFL     285.094
 PA             0.000       151.736
 NA             0.000         0.000        82.455
 PA&1           0.000         0.000         0.000       151.854
 NA&1           0.000         0.000         0.000         0.000        82.346


     STARTING VALUES FOR BETWEEN


           NU
              PER_REFL      PA            NA            ANHEDONI      BDI_SUM
              ________      ________      ________      ________      ________
                0.000         0.000         0.000         0.000         0.000


           LAMBDA
              SPA_PR        SNA_PR        PER_REFL      PA            NA
              ________      ________      ________      ________      ________
 PER_REFL       0.000         0.000         1.000         0.000         0.000
 PA             0.000         0.000         0.000         1.000         0.000
 NA             0.000         0.000         0.000         0.000         1.000
 ANHEDONI       0.000         0.000         0.000         0.000         0.000
 BDI_SUM        0.000         0.000         0.000         0.000         0.000


           LAMBDA
              ANHEDONI      BDI_SUM
              ________      ________
 PER_REFL       0.000         0.000
 PA             0.000         0.000
 NA             0.000         0.000
 ANHEDONI       1.000         0.000
 BDI_SUM        0.000         1.000


           THETA
              PER_REFL      PA            NA            ANHEDONI      BDI_SUM
              ________      ________      ________      ________      ________
 PER_REFL       0.000
 PA             0.000         0.000
 NA             0.000         0.000         0.000
 ANHEDONI       0.000         0.000         0.000         0.000
 BDI_SUM        0.000         0.000         0.000         0.000         0.000


           ALPHA
              SPA_PR        SNA_PR        PER_REFL      PA            NA
              ________      ________      ________      ________      ________
                0.000         0.000        28.217        46.383        14.975


           ALPHA
              ANHEDONI      BDI_SUM
              ________      ________
                0.000         0.000


           BETA
              SPA_PR        SNA_PR        PER_REFL      PA            NA
              ________      ________      ________      ________      ________
 SPA_PR         0.000         0.000         0.000         0.000         0.000
 SNA_PR         0.000         0.000         0.000         0.000         0.000
 PER_REFL       0.000         0.000         0.000         0.000         0.000
 PA             0.000         0.000         0.000         0.000         0.000
 NA             0.000         0.000         0.000         0.000         0.000
 ANHEDONI       0.000         0.000         0.000         0.000         0.000
 BDI_SUM        0.000         0.000         0.000         0.000         0.000


           BETA
              ANHEDONI      BDI_SUM
              ________      ________
 SPA_PR         0.000         0.000
 SNA_PR         0.000         0.000
 PER_REFL       0.000         0.000
 PA             0.000         0.000
 NA             0.000         0.000
 ANHEDONI       0.000         0.000
 BDI_SUM        0.000         0.000


           PSI
              SPA_PR        SNA_PR        PER_REFL      PA            NA
              ________      ________      ________      ________      ________
 SPA_PR         1.000
 SNA_PR         0.000         1.000
 PER_REFL       0.000         0.000       285.094
 PA             0.000         0.000         0.000       151.736
 NA             0.000         0.000         0.000         0.000        82.455
 ANHEDONI       0.000         0.000         0.000         0.000         0.000
 BDI_SUM        0.000         0.000         0.000         0.000         0.000


           PSI
              ANHEDONI      BDI_SUM
              ________      ________
 ANHEDONI      40.163
 BDI_SUM        0.000        15.903



     PRIORS FOR ALL PARAMETERS            PRIOR MEAN      PRIOR VARIANCE     PRIOR STD. DEV.

     Parameter 1~IG(-1.000,0.000)          infinity            infinity            infinity
     Parameter 2~IW(0.000,-3)              infinity            infinity            infinity
     Parameter 3~IW(0.000,-3)              infinity            infinity            infinity
     Parameter 4~IW(0.000,-3)              infinity            infinity            infinity
     Parameter 5~N(0.000,infinity)           0.0000            infinity            infinity
     Parameter 6~N(0.000,infinity)           0.0000            infinity            infinity
     Parameter 7~N(0.000,infinity)           0.0000            infinity            infinity
     Parameter 8~N(0.000,infinity)           0.0000            infinity            infinity
     Parameter 9~N(0.000,infinity)           0.0000            infinity            infinity
     Parameter 10~N(0.000,infinity)          0.0000            infinity            infinity
     Parameter 11~N(0.000,infinity)          0.0000            infinity            infinity
     Parameter 12~N(0.000,infinity)          0.0000            infinity            infinity
     Parameter 13~N(0.000,infinity)          0.0000            infinity            infinity
     Parameter 14~N(0.000,infinity)          0.0000            infinity            infinity
     Parameter 15~N(0.000,infinity)          0.0000            infinity            infinity
     Parameter 16~IG(-1.000,0.000)         infinity            infinity            infinity
     Parameter 17~IG(-1.000,0.000)         infinity            infinity            infinity
     Parameter 18~IG(-1.000,0.000)         infinity            infinity            infinity
     Parameter 19~IG(-1.000,0.000)         infinity            infinity            infinity
     Parameter 20~IG(-1.000,0.000)         infinity            infinity            infinity


TECHNICAL 8 OUTPUT


   TECHNICAL 8 OUTPUT FOR BAYES ESTIMATION

     PROCESSOR    BSEED
     1            0
     2            285380
     3            253358
     4            93468
     5            608496
     6            903420
     7            195873
     8            462953
     9            939021
     10           127215
     11           415931
     12           533738
     13           107446
     14           399671
     15           650371
     16           27071

                     POTENTIAL       PARAMETER WITH
     ITERATION    SCALE REDUCTION      HIGHEST PSR
     100              1.061               17
     200              1.072               5
     300              1.166               17
     400              1.007               19
     500              1.020               17
     600              1.009               1
     700              1.018               5
     800              1.020               16
     900              1.007               16
     1000             1.005               13
     1100             1.013               5
     1200             1.009               5
     1300             1.010               16
     1400             1.007               16
     1500             1.005               6
     1600             1.008               1
     1700             1.006               1
     1800             1.010               6
     1900             1.012               1
     2000             1.004               1


PLOT INFORMATION

The following plots are available:

  Histograms (sample values)
  Scatterplots (sample values)
  Between-level histograms (sample values, sample means/variances)
  Between-level scatterplots (sample values, sample means/variances)
  Time series plots (sample values, ACF, PACF)
  Histogram of subjects per time point
  Time interval plots
  Bayesian posterior parameter distributions
  Bayesian posterior parameter trace plots
  Bayesian autocorrelation plots

     Beginning Time:  00:56:27
        Ending Time:  00:57:42
       Elapsed Time:  00:01:15



MUTHEN & MUTHEN
3463 Stoner Ave.
Los Angeles, CA  90066

Tel: (310) 391-9971
Fax: (310) 391-8971
Web: www.StatModel.com
Support: Support@StatModel.com

Copyright (c) 1998-2022 Muthen & Muthen
