Mplus VERSION 8.8
MUTHEN & MUTHEN
07/13/2023   9:56 PM

INPUT INSTRUCTIONS


  DATA:
  FILE IS data1.dat;

  VARIABLE:   NAMES =
  	    Eth_ID Time Time_between Time_inc
  	    PA_enth NA_irri NA_verv PA_tevr PA_ener
       	    PA_kalm NA_nerv PA_daadk NA_verdr
  	    PA_vrol NA_boos PA_dankb NA_somb PER_att
      	    PER_refl PER_self PER_expr PER_damp
  	    PER_codamp PER_capit Sample age_yr gesl BDI
      	    Measures_valid BDI_anh Anhedonia
   	    BDI_sum PA NA day compliance;

              USEVARIABLES are PER_self PA NA Anhedonia BDI_sum;
              MISSING is .;
              within = ;
              between = Anhedonia BDI_sum ;
              cluster = Eth_ID;
              lagged= PA NA(1);
              tinterval=Time_inc (150);


  DEFINE:     CENTER Anhedonia BDI_sum (grandmean);

  ANALYSIS:   type = twolevel random;
              estimator = Bayes;
              biterations=(2000);
              bconvergence=0.005;
              thin=2;
              PROCESSORS=16;
  MODEL:
  %WITHIN%
  sPA_PR | PER_self on PA&1;
  sNA_PR | PER_self on NA&1;
  PA on PA&1@0;
  NA on NA&1@0;
  PER_self with PA@0;
  PER_self with NA@0;

  %between%
  sPA_PR sNA_PR on Anhedonia BDI_sum;
  PER_self on Anhedonia BDI_sum;


  OUTPUT: standardized tech1 tech8 cinterval patterns;
  PLOT: TYPE = PLOT3;



*** WARNING in VARIABLE command
  Note that only the first 8 characters of variable names are used in the output.
  Shorten variable names to avoid any confusion.
*** WARNING in MODEL command
  A y-variable has been declared on the within level but not referred to on
  the between level.  Please check that this is what is intended.  If this is not intended,
  specify the variable as a within variable.  Problem with:  PA
*** WARNING in MODEL command
  A y-variable has been declared on the within level but not referred to on
  the between level.  Please check that this is what is intended.  If this is not intended,
  specify the variable as a within variable.  Problem with:  NA
*** WARNING in PLOT command
  Note that only the first 8 characters of variable names are used in plots.
  If variable names are not unique within the first 8 characters, problems
  may occur.
*** WARNING
  One or more individual-level variables have no variation within a
  cluster for the following clusters.

     Variable   Cluster IDs with no within-cluster variation

      PER_SELF    71

*** WARNING
  Data set contains cases with missing on all variables.  Cases that appeared before the first
  case with observed data and that appeared after the last case with observed data were not
  included in the analysis.  Number of deleted cases:  1504
   6 WARNING(S) FOUND IN THE INPUT INSTRUCTIONS




SUMMARY OF ANALYSIS

Number of groups                                                 1
Number of observations                                       22812

Number of dependent variables                                    3
Number of independent variables                                  4
Number of continuous latent variables                            2

Observed dependent variables

  Continuous
   PER_SELF    PA          NA

Observed independent variables
   ANHEDONI    BDI_SUM     PA&1        NA&1

Continuous latent variables
   SPA_PR      SNA_PR

Variables with special functions

  Cluster variable      ETH_ID

  Within variables
   PA&1        NA&1

  Between variables
   ANHEDONI    BDI_SUM

  Centering (GRANDMEAN)
   ANHEDONI    BDI_SUM


Estimator                                                    BAYES
Specifications for Bayesian Estimation
  Point estimate                                            MEDIAN
  Number of Markov chain Monte Carlo (MCMC) chains               2
  Random seed for the first chain                                0
  Starting value information                           UNPERTURBED
  Algorithm used for Markov chain Monte Carlo           GIBBS(PX1)
  Convergence criterion                                  0.500D-02
  Maximum number of iterations                               50000
  K-th iteration used for thinning                               2

Input data file(s)
  data1.dat
Input data format  FREE


SUMMARY OF DATA

     Number of clusters                        200

       Size (s)    Cluster ID with Size s

          1        129
          9        81
         11        128
         12        99
         13        64 150
         14        47 23 158
         19        169
         21        160
         22        175
         30        83
         33        8
         41        58
         43        41 199
         48        85 12
         51        17
         53        152
         56        28
         58        33
         67        121
         69        136
         80        82
         84        87
         88        72
         89        143
         91        140
         96        113
         97        34
        100        157 134
        101        10
        103        164
        105        52
        106        154
        107        101
        108        119
        109        90
        111        36
        113        182
        115        91 131 89
        116        188 15 75 77 78
        117        11
        118        195 57 49 16 66
        119        197 48 92 38 71 163 149 186 106 50
        120        148 108 61 98 55 165 7 192 168
        121        189
        122        174
        123        127
        124        184 161 117 51 103
        125        100 68 105 40 53 13 93 88 54 112 123 73 30 44
        126        120 102 173 76 107 109 111 80 65 172
        127        32 126 25 115 46 67 193 110 178 130 118 198 104 86 177
                   133 70 147 139 62
        128        196 156 180 18 59 5 153 96 43
        129        146 125 135 185 116 187 144 137 39 69 141 3 190
        130        138 14 166 97
        133        191
        134        2
        135        60 183 194 200 63 201
        136        122 56 26
        137        9 22 19 42 155 95 4
        138        29 94 132
        139        37 74 21 84 114 79 145 45 35
        142        27
        143        179
        144        171 170 24
        145        162 1 124 20
        146        6 151 167
        147        142 31
        148        176 159



SUMMARY OF MISSING DATA PATTERNS

     Number of missing data patterns            14


     MISSING DATA PATTERNS (x = not missing)

           1  2  3  4  5  6  7  8  9 10 11 12 13 14
 PER_SELF  x  x              x  x           x     x
 PA        x  x        x  x        x     x  x     x
 NA        x  x        x  x                 x  x  x
 PA&1      x     x     x        x  x  x     x
 NA&1      x     x     x        x  x              x
 ANHEDONI  x  x  x  x  x  x  x  x  x  x  x  x  x  x
 BDI_SUM   x  x  x  x  x  x  x  x  x  x  x  x  x  x


     MISSING DATA PATTERN FREQUENCIES

    Pattern   Frequency     Pattern   Frequency     Pattern   Frequency
          1        5023           6          71          11           4
          2        3520           7           2          12           5
          3        3393           8           3          13           1
          4       10730           9           2          14           1
          5          56          10           1


COVARIANCE COVERAGE OF DATA

Minimum covariance coverage value   0.100


     PROPORTION OF DATA PRESENT


           Covariance Coverage
              PER_SELF      PA            NA            ANHEDONI      BDI_SUM
              ________      ________      ________      ________      ________
 PER_SELF       0.375
 PA             0.375         0.381
 NA             0.375         0.380         0.380
 ANHEDONI       0.375         0.381         0.380         1.000
 BDI_SUM        0.375         0.381         0.380         1.000         1.000



UNIVARIATE SAMPLE STATISTICS


     UNIVARIATE HIGHER-ORDER MOMENT DESCRIPTIVE STATISTICS

         Variable/         Mean/     Skewness/   Minimum/ % with                Percentiles
        Sample Size      Variance    Kurtosis    Maximum  Min/Max      20%/60%    40%/80%    Median

     PER_SELF             22.713       1.123       0.000   13.13%       3.000      9.000     12.000
            8554.000     559.982       0.336     100.000    0.67%      19.000     46.000
     PA                   45.712      -0.024       0.000    0.28%      31.000     41.714     46.143
            8682.000     302.283      -0.228     100.000    0.07%      50.429     60.429
     NA                   15.187       1.394       0.000    6.91%       5.167      9.333     11.667
            8677.000     166.739       1.923      80.667    0.01%      14.500     23.333
     ANHEDONIA             0.000       0.577     -17.906    0.50%      -7.529     -2.635     -0.893
             200.000      74.400       0.657      30.440    0.50%       1.646      6.282
     BDI_SUM               0.000       1.052      -8.485    4.50%      -4.485     -3.485     -1.485
             200.000      37.640       1.419      27.515    0.50%       0.515      4.515


THE MODEL ESTIMATION TERMINATED NORMALLY

     USE THE FBITERATIONS OPTION TO INCREASE THE NUMBER OF ITERATIONS BY A FACTOR
     OF AT LEAST TWO TO CHECK CONVERGENCE AND THAT THE PSR VALUE DOES NOT INCREASE.



MODEL FIT INFORMATION

Number of Free Parameters                              20

Information Criteria

          Deviance (DIC)                       583858.565
          Estimated Number of Parameters (pD)   42967.546



MODEL RESULTS

                                Posterior  One-Tailed         95% C.I.
                    Estimate       S.D.      P-Value   Lower 2.5%  Upper 2.5%  Significance

Within Level

 PA         ON
    PA&1               0.000       0.000      1.000       0.000       0.000

 NA         ON
    NA&1               0.000       0.000      1.000       0.000       0.000

 PER_SELF WITH
    PA                 0.000       0.000      1.000       0.000       0.000
    NA                 0.000       0.000      1.000       0.000       0.000

 NA       WITH
    PA               -60.836       1.521      0.000     -63.752     -57.818      *

 Residual Variances
    PER_SELF         317.867       5.641      0.000     306.951     328.879      *
    PA               173.632       2.746      0.000     168.518     179.270      *
    NA                93.547       1.478      0.000      90.788      96.385      *

Between Level

 SPA_PR     ON
    ANHEDONIA          0.003       0.004      0.235      -0.005       0.011
    BDI_SUM            0.008       0.006      0.084      -0.003       0.019

 SNA_PR     ON
    ANHEDONIA          0.004       0.004      0.153      -0.003       0.012
    BDI_SUM           -0.005       0.006      0.193      -0.017       0.006

 PER_SELF   ON
    ANHEDONIA         -0.143       0.125      0.119      -0.394       0.104
    BDI_SUM            0.054       0.182      0.381      -0.309       0.412

 Means
    PA                46.219       0.823      0.000      44.577      47.846      *
    NA                15.762       0.636      0.000      14.508      16.950      *

 Intercepts
    PER_SELF          23.214       1.048      0.000      21.099      25.262      *
    SPA_PR             0.197       0.036      0.000       0.124       0.266      *
    SNA_PR             0.111       0.040      0.004       0.029       0.185      *

 Variances
    PA               126.269      13.628      0.000     103.862     157.396      *
    NA                77.634       8.196      0.000      63.119      96.071      *

 Residual Variances
    PER_SELF         219.602      24.855      0.000     177.288     278.105      *
    SPA_PR             0.112       0.021      0.000       0.077       0.160      *
    SNA_PR             0.026       0.025      0.000       0.005       0.098      *


STANDARDIZED MODEL RESULTS


STDYX Standardization

                                Posterior  One-Tailed         95% C.I.
                    Estimate       S.D.      P-Value   Lower 2.5%  Upper 2.5%  Significance

Within-Level Standardized Estimates Averaged Over Clusters

 SPA_PR | PER_SELF ON
    PA&1               0.134       0.019      0.000       0.096       0.169      *

 SNA_PR | PER_SELF ON
    NA&1               0.058       0.019      0.002       0.017       0.095      *

 PA         ON
    PA&1               0.000       0.000      1.000       0.000       0.000

 NA         ON
    NA&1               0.000       0.000      1.000       0.000       0.000

 PER_SELF WITH
    PA                 0.000       0.000      1.000       0.000       0.000
    NA                 0.000       0.000      1.000       0.000       0.000

 NA       WITH
    PA                -0.477       0.008      0.000      -0.493      -0.460      *

 Residual Variances
    PER_SELF           0.930       0.008      0.000       0.911       0.943      *
    PA                 1.000       0.000      0.000       1.000       1.000
    NA                 1.000       0.000      0.000       1.000       1.000

Between Level

 SPA_PR     ON
    ANHEDONIA          0.057       0.072      0.235      -0.088       0.194
    BDI_SUM            0.099       0.071      0.084      -0.045       0.233

 SNA_PR     ON
    ANHEDONIA          0.144       0.149      0.153      -0.134       0.457
    BDI_SUM           -0.137       0.166      0.193      -0.508       0.143

 PER_SELF   ON
    ANHEDONIA         -0.061       0.052      0.119      -0.166       0.044
    BDI_SUM            0.016       0.052      0.381      -0.086       0.116

 Means
    PA                 4.111       0.231      0.000       3.660       4.566      *
    NA                 1.790       0.116      0.000       1.563       2.022      *

 Intercepts
    PER_SELF           1.560       0.110      0.000       1.347       1.778      *
    SPA_PR             0.573       0.129      0.000       0.344       0.850      *
    SNA_PR             0.647       0.408      0.004       0.146       1.893      *

 Variances
    PA                 1.000       0.000      0.000       1.000       1.000
    NA                 1.000       0.000      0.000       1.000       1.000

 Residual Variances
    PER_SELF           0.993       0.009      0.000       0.968       1.000      *
    SPA_PR             0.981       0.018      0.000       0.933       0.999      *
    SNA_PR             0.936       0.091      0.000       0.661       0.997      *


STDY Standardization

                                Posterior  One-Tailed         95% C.I.
                    Estimate       S.D.      P-Value   Lower 2.5%  Upper 2.5%  Significance

Within-Level Standardized Estimates Averaged Over Clusters

 SPA_PR | PER_SELF ON
    PA&1               0.010       0.001      0.000       0.007       0.013      *

 SNA_PR | PER_SELF ON
    NA&1               0.006       0.002      0.002       0.002       0.010      *

 PA         ON
    PA&1               0.000       0.000      1.000       0.000       0.000

 NA         ON
    NA&1               0.000       0.000      1.000       0.000       0.000

 PER_SELF WITH
    PA                 0.000       0.000      1.000       0.000       0.000
    NA                 0.000       0.000      1.000       0.000       0.000

 NA       WITH
    PA                -0.477       0.008      0.000      -0.493      -0.460      *

 Residual Variances
    PER_SELF           0.930       0.008      0.000       0.911       0.943      *
    PA                 1.000       0.000      0.000       1.000       1.000
    NA                 1.000       0.000      0.000       1.000       1.000

Between Level

 SPA_PR     ON
    ANHEDONIA          0.009       0.012      0.235      -0.014       0.031
    BDI_SUM            0.023       0.017      0.084      -0.010       0.054

 SNA_PR     ON
    ANHEDONIA          0.023       0.024      0.153      -0.021       0.073
    BDI_SUM           -0.032       0.039      0.193      -0.119       0.033

 PER_SELF   ON
    ANHEDONIA         -0.010       0.008      0.119      -0.026       0.007
    BDI_SUM            0.004       0.012      0.381      -0.020       0.027

 Means
    PA                 4.111       0.231      0.000       3.660       4.566      *
    NA                 1.790       0.116      0.000       1.563       2.022      *

 Intercepts
    PER_SELF           1.560       0.110      0.000       1.347       1.778      *
    SPA_PR             0.573       0.129      0.000       0.344       0.850      *
    SNA_PR             0.647       0.408      0.004       0.146       1.893      *

 Variances
    PA                 1.000       0.000      0.000       1.000       1.000
    NA                 1.000       0.000      0.000       1.000       1.000

 Residual Variances
    PER_SELF           0.993       0.009      0.000       0.968       1.000      *
    SPA_PR             0.981       0.018      0.000       0.933       0.999      *
    SNA_PR             0.936       0.091      0.000       0.661       0.997      *


STD Standardization

                                Posterior  One-Tailed         95% C.I.
                    Estimate       S.D.      P-Value   Lower 2.5%  Upper 2.5%  Significance

Within-Level Standardized Estimates Averaged Over Clusters

 SPA_PR | PER_SELF ON
    PA&1               0.197       0.027      0.000       0.142       0.249      *

 SNA_PR | PER_SELF ON
    NA&1               0.111       0.038      0.002       0.030       0.182      *

 PA         ON
    PA&1               0.000       0.000      1.000       0.000       0.000

 NA         ON
    NA&1               0.000       0.000      1.000       0.000       0.000

 PER_SELF WITH
    PA                 0.000       0.000      1.000       0.000       0.000
    NA                 0.000       0.000      1.000       0.000       0.000

 NA       WITH
    PA               -60.836       1.521      0.000     -63.752     -57.818      *

 Residual Variances
    PER_SELF         317.867       5.641      0.000     306.951     328.879      *
    PA               173.632       2.746      0.000     168.518     179.270      *
    NA                93.547       1.478      0.000      90.788      96.385      *

Between Level

 SPA_PR     ON
    ANHEDONIA          0.009       0.012      0.235      -0.014       0.031
    BDI_SUM            0.023       0.017      0.084      -0.010       0.054

 SNA_PR     ON
    ANHEDONIA          0.023       0.024      0.153      -0.021       0.073
    BDI_SUM           -0.032       0.039      0.193      -0.119       0.033

 PER_SELF   ON
    ANHEDONIA         -0.143       0.125      0.119      -0.394       0.104
    BDI_SUM            0.054       0.182      0.381      -0.309       0.412

 Means
    PA                46.219       0.823      0.000      44.577      47.846      *
    NA                15.762       0.636      0.000      14.508      16.950      *

 Intercepts
    PER_SELF          23.214       1.048      0.000      21.099      25.262      *
    SPA_PR             0.573       0.129      0.000       0.344       0.850      *
    SNA_PR             0.647       0.408      0.004       0.146       1.893      *

 Variances
    PA               126.269      13.628      0.000     103.862     157.396      *
    NA                77.634       8.196      0.000      63.119      96.071      *

 Residual Variances
    PER_SELF         219.602      24.855      0.000     177.288     278.105      *
    SPA_PR             0.981       0.018      0.000       0.933       0.999      *
    SNA_PR             0.936       0.091      0.000       0.661       0.997      *


R-SQUARE

Within-Level R-Square Averaged Across Clusters

                                Posterior  One-Tailed         95% C.I.
    Variable        Estimate       S.D.      P-Value   Lower 2.5%  Upper 2.5%

    PER_SELF           0.070       0.008      0.000       0.056       0.088
    PA                 0.000       0.000      1.000       0.000       0.000
    NA                 0.000       0.000      1.000       0.000       0.000

Between Level

                                Posterior  One-Tailed         95% C.I.
    Variable        Estimate       S.D.      P-Value   Lower 2.5%  Upper 2.5%

    PER_SELF           0.007       0.009      0.000       0.000       0.032

                                Posterior  One-Tailed         95% C.I.
    Variable        Estimate       S.D.      P-Value   Lower 2.5%  Upper 2.5%

    SPA_PR             0.019       0.018      0.000       0.001       0.066
    SNA_PR             0.064       0.091      0.000       0.003       0.339


CREDIBILITY INTERVALS OF MODEL RESULTS

                  Lower .5%  Lower 2.5%    Lower 5%    Estimate    Upper 5%  Upper 2.5%   Upper .5%

Within Level

 PA       ON
    PA&1             0.000       0.000       0.000       0.000       0.000       0.000       0.000

 NA       ON
    NA&1             0.000       0.000       0.000       0.000       0.000       0.000       0.000

 PER_SELF WITH
    PA               0.000       0.000       0.000       0.000       0.000       0.000       0.000
    NA               0.000       0.000       0.000       0.000       0.000       0.000       0.000

 NA       WITH
    PA             -64.368     -63.752     -63.288     -60.836     -58.306     -57.818     -56.852

 Residual Variances
    PER_SELF       303.407     306.951     309.016     317.867     327.359     328.879     332.324
    PA             166.989     168.518     169.235     173.632     178.421     179.270     180.674
    NA              89.958      90.788      91.184      93.547      95.997      96.385      97.342

Between Level

 SPA_PR   ON
    ANHEDONIA       -0.008      -0.005      -0.004       0.003       0.009       0.011       0.012
    BDI_SUM         -0.007      -0.003      -0.002       0.008       0.017       0.019       0.022

 SNA_PR   ON
    ANHEDONIA       -0.005      -0.003      -0.002       0.004       0.011       0.012       0.013
    BDI_SUM         -0.019      -0.017      -0.015      -0.005       0.004       0.006       0.009

 PER_SELF ON
    ANHEDONIA       -0.467      -0.394      -0.355      -0.143       0.060       0.104       0.173
    BDI_SUM         -0.412      -0.309      -0.246       0.054       0.348       0.412       0.515

 Means
    PA              44.122      44.577      44.853      46.219      47.588      47.846      48.269
    NA              14.075      14.508      14.710      15.762      16.794      16.950      17.268

 Intercepts
    PER_SELF        20.418      21.099      21.433      23.214      24.867      25.262      25.981
    SPA_PR           0.105       0.124       0.135       0.197       0.253       0.266       0.288
    SNA_PR           0.005       0.029       0.040       0.111       0.173       0.185       0.204

 Variances
    PA              97.848     103.862     106.331     126.269     152.085     157.396     166.015
    NA              58.815      63.119      65.606      77.634      92.674      96.071     100.582

 Residual Variances
    PER_SELF       165.484     177.288     183.936     219.602     266.015     278.105     293.429
    SPA_PR           0.069       0.077       0.082       0.112       0.153       0.160       0.177
    SNA_PR           0.003       0.005       0.007       0.026       0.082       0.098       0.135


CREDIBILITY INTERVALS OF STANDARDIZED MODEL RESULTS


STDYX Standardization

                  Lower .5%  Lower 2.5%    Lower 5%    Estimate    Upper 5%  Upper 2.5%   Upper .5%

Within Level

 PA       ON
    PA&1             0.000       0.000       0.000       0.000       0.000       0.000       0.000

 NA       ON
    NA&1             0.000       0.000       0.000       0.000       0.000       0.000       0.000

 PER_SELF WITH
    PA               0.000       0.000       0.000       0.000       0.000       0.000       0.000
    NA               0.000       0.000       0.000       0.000       0.000       0.000       0.000

 NA       WITH
    PA               0.000      -0.493       0.000      -0.477       0.000      -0.460       0.000

 Residual Variances
    PER_SELF         0.000       0.911       0.000       0.930       0.000       0.943       0.000
    PA               0.000       1.000       0.000       1.000       0.000       1.000       0.000
    NA               0.000       1.000       0.000       1.000       0.000       1.000       0.000

Between Level

 SPA_PR   ON
    ANHEDONIA       -0.138      -0.088      -0.066       0.057       0.172       0.194       0.217
    BDI_SUM         -0.089      -0.045      -0.021       0.099       0.214       0.233       0.273

 SNA_PR   ON
    ANHEDONIA       -0.217      -0.134      -0.089       0.144       0.405       0.457       0.531
    BDI_SUM         -0.649      -0.508      -0.453      -0.137       0.104       0.143       0.238

 PER_SELF ON
    ANHEDONIA       -0.193      -0.166      -0.149      -0.061       0.026       0.044       0.073
    BDI_SUM         -0.118      -0.086      -0.070       0.016       0.099       0.116       0.142

 Means
    PA               3.525       3.660       3.736       4.111       4.498       4.566       4.719
    NA               1.491       1.563       1.596       1.790       1.983       2.022       2.122

 Intercepts
    PER_SELF         1.276       1.347       1.377       1.560       1.740       1.778       1.840
    SPA_PR           0.285       0.344       0.372       0.573       0.808       0.850       0.942
    SNA_PR           0.034       0.146       0.203       0.647       1.524       1.893       2.314

 Variances
    PA               1.000       1.000       1.000       1.000       1.000       1.000       1.000
    NA               1.000       1.000       1.000       1.000       1.000       1.000       1.000

 Residual Variances
    PER_SELF         0.956       0.968       0.973       0.993       0.999       1.000       1.000
    SPA_PR           0.909       0.933       0.943       0.981       0.998       0.999       1.000
    SNA_PR           0.530       0.661       0.715       0.936       0.995       0.997       0.999


STDY Standardization

                  Lower .5%  Lower 2.5%    Lower 5%    Estimate    Upper 5%  Upper 2.5%   Upper .5%

Within Level

 PA       ON
    PA&1             0.000       0.000       0.000       0.000       0.000       0.000       0.000

 NA       ON
    NA&1             0.000       0.000       0.000       0.000       0.000       0.000       0.000

 PER_SELF WITH
    PA               0.000       0.000       0.000       0.000       0.000       0.000       0.000
    NA               0.000       0.000       0.000       0.000       0.000       0.000       0.000

 NA       WITH
    PA               0.000      -0.493       0.000      -0.477       0.000      -0.460       0.000

 Residual Variances
    PER_SELF         0.000       0.911       0.000       0.930       0.000       0.943       0.000
    PA               0.000       1.000       0.000       1.000       0.000       1.000       0.000
    NA               0.000       1.000       0.000       1.000       0.000       1.000       0.000

Between Level

 SPA_PR   ON
    ANHEDONIA       -0.022      -0.014      -0.011       0.009       0.027       0.031       0.035
    BDI_SUM         -0.021      -0.010      -0.005       0.023       0.050       0.054       0.064

 SNA_PR   ON
    ANHEDONIA       -0.035      -0.021      -0.014       0.023       0.064       0.073       0.084
    BDI_SUM         -0.152      -0.119      -0.106      -0.032       0.024       0.033       0.056

 PER_SELF ON
    ANHEDONIA       -0.031      -0.026      -0.024      -0.010       0.004       0.007       0.012
    BDI_SUM         -0.027      -0.020      -0.016       0.004       0.023       0.027       0.033

 Means
    PA               3.525       3.660       3.736       4.111       4.498       4.566       4.719
    NA               1.491       1.563       1.596       1.790       1.983       2.022       2.122

 Intercepts
    PER_SELF         1.276       1.347       1.377       1.560       1.740       1.778       1.840
    SPA_PR           0.285       0.344       0.372       0.573       0.808       0.850       0.942
    SNA_PR           0.034       0.146       0.203       0.647       1.524       1.893       2.314

 Variances
    PA               1.000       1.000       1.000       1.000       1.000       1.000       1.000
    NA               1.000       1.000       1.000       1.000       1.000       1.000       1.000

 Residual Variances
    PER_SELF         0.956       0.968       0.973       0.993       0.999       1.000       1.000
    SPA_PR           0.909       0.933       0.943       0.981       0.998       0.999       1.000
    SNA_PR           0.530       0.661       0.715       0.936       0.995       0.997       0.999


STD Standardization

                  Lower .5%  Lower 2.5%    Lower 5%    Estimate    Upper 5%  Upper 2.5%   Upper .5%

Within Level

 PA       ON
    PA&1             0.000       0.000       0.000       0.000       0.000       0.000       0.000

 NA       ON
    NA&1             0.000       0.000       0.000       0.000       0.000       0.000       0.000

 PER_SELF WITH
    PA               0.000       0.000       0.000       0.000       0.000       0.000       0.000
    NA               0.000       0.000       0.000       0.000       0.000       0.000       0.000

 NA       WITH
    PA               0.000     -63.752       0.000     -60.836       0.000     -57.818       0.000

 Residual Variances
    PER_SELF         0.000     306.951       0.000     317.867       0.000     328.879       0.000
    PA               0.000     168.518       0.000     173.632       0.000     179.270       0.000
    NA               0.000      90.788       0.000      93.547       0.000      96.385       0.000

Between Level

 SPA_PR   ON
    ANHEDONIA       -0.022      -0.014      -0.011       0.009       0.027       0.031       0.035
    BDI_SUM         -0.021      -0.010      -0.005       0.023       0.050       0.054       0.064

 SNA_PR   ON
    ANHEDONIA       -0.035      -0.021      -0.014       0.023       0.064       0.073       0.084
    BDI_SUM         -0.152      -0.119      -0.106      -0.032       0.024       0.033       0.056

 PER_SELF ON
    ANHEDONIA       -0.467      -0.394      -0.355      -0.143       0.060       0.104       0.173
    BDI_SUM         -0.412      -0.309      -0.246       0.054       0.348       0.412       0.515

 Means
    PA              44.122      44.577      44.853      46.219      47.588      47.846      48.269
    NA              14.075      14.508      14.710      15.762      16.794      16.950      17.268

 Intercepts
    PER_SELF        20.418      21.099      21.433      23.214      24.867      25.262      25.981
    SPA_PR           0.285       0.344       0.372       0.573       0.808       0.850       0.942
    SNA_PR           0.034       0.146       0.203       0.647       1.524       1.893       2.314

 Variances
    PA              97.848     103.862     106.331     126.269     152.085     157.396     166.015
    NA              58.815      63.119      65.606      77.634      92.674      96.071     100.582

 Residual Variances
    PER_SELF       165.484     177.288     183.936     219.602     266.015     278.105     293.429
    SPA_PR           0.909       0.933       0.943       0.981       0.998       0.999       1.000
    SNA_PR           0.530       0.661       0.715       0.936       0.995       0.997       0.999


TECHNICAL 1 OUTPUT


     PARAMETER SPECIFICATION FOR WITHIN


           NU
              PER_SELF      PA            NA            PA&1          NA&1
              ________      ________      ________      ________      ________
                    0             0             0             0             0


           LAMBDA
              PER_SELF      PA            NA            PA&1          NA&1
              ________      ________      ________      ________      ________
 PER_SELF           0             0             0             0             0
 PA                 0             0             0             0             0
 NA                 0             0             0             0             0
 PA&1               0             0             0             0             0
 NA&1               0             0             0             0             0


           THETA
              PER_SELF      PA            NA            PA&1          NA&1
              ________      ________      ________      ________      ________
 PER_SELF           0
 PA                 0             0
 NA                 0             0             0
 PA&1               0             0             0             0
 NA&1               0             0             0             0             0


           ALPHA
              PER_SELF      PA            NA            PA&1          NA&1
              ________      ________      ________      ________      ________
                    0             0             0             0             0


           BETA
              PER_SELF      PA            NA            PA&1          NA&1
              ________      ________      ________      ________      ________
 PER_SELF           0             0             0             0             0
 PA                 0             0             0             0             0
 NA                 0             0             0             0             0
 PA&1               0             0             0             0             0
 NA&1               0             0             0             0             0


           PSI
              PER_SELF      PA            NA            PA&1          NA&1
              ________      ________      ________      ________      ________
 PER_SELF           1
 PA                 0             2
 NA                 0             3             4
 PA&1               0             0             0             0
 NA&1               0             0             0             0             0


     PARAMETER SPECIFICATION FOR BETWEEN


           NU
              PER_SELF      PA            NA            ANHEDONI      BDI_SUM
              ________      ________      ________      ________      ________
                    0             0             0             0             0


           LAMBDA
              SPA_PR        SNA_PR        PER_SELF      PA            NA
              ________      ________      ________      ________      ________
 PER_SELF           0             0             0             0             0
 PA                 0             0             0             0             0
 NA                 0             0             0             0             0
 ANHEDONI           0             0             0             0             0
 BDI_SUM            0             0             0             0             0


           LAMBDA
              ANHEDONI      BDI_SUM
              ________      ________
 PER_SELF           0             0
 PA                 0             0
 NA                 0             0
 ANHEDONI           0             0
 BDI_SUM            0             0


           THETA
              PER_SELF      PA            NA            ANHEDONI      BDI_SUM
              ________      ________      ________      ________      ________
 PER_SELF           0
 PA                 0             0
 NA                 0             0             0
 ANHEDONI           0             0             0             0
 BDI_SUM            0             0             0             0             0


           ALPHA
              SPA_PR        SNA_PR        PER_SELF      PA            NA
              ________      ________      ________      ________      ________
                    5             6             7             8             9


           ALPHA
              ANHEDONI      BDI_SUM
              ________      ________
                    0             0


           BETA
              SPA_PR        SNA_PR        PER_SELF      PA            NA
              ________      ________      ________      ________      ________
 SPA_PR             0             0             0             0             0
 SNA_PR             0             0             0             0             0
 PER_SELF           0             0             0             0             0
 PA                 0             0             0             0             0
 NA                 0             0             0             0             0
 ANHEDONI           0             0             0             0             0
 BDI_SUM            0             0             0             0             0


           BETA
              ANHEDONI      BDI_SUM
              ________      ________
 SPA_PR            10            11
 SNA_PR            12            13
 PER_SELF          14            15
 PA                 0             0
 NA                 0             0
 ANHEDONI           0             0
 BDI_SUM            0             0


           PSI
              SPA_PR        SNA_PR        PER_SELF      PA            NA
              ________      ________      ________      ________      ________
 SPA_PR            16
 SNA_PR             0            17
 PER_SELF           0             0            18
 PA                 0             0             0            19
 NA                 0             0             0             0            20
 ANHEDONI           0             0             0             0             0
 BDI_SUM            0             0             0             0             0


           PSI
              ANHEDONI      BDI_SUM
              ________      ________
 ANHEDONI           0
 BDI_SUM            0             0


     STARTING VALUES FOR WITHIN


           NU
              PER_SELF      PA            NA            PA&1          NA&1
              ________      ________      ________      ________      ________
                0.000         0.000         0.000         0.000         0.000


           LAMBDA
              PER_SELF      PA            NA            PA&1          NA&1
              ________      ________      ________      ________      ________
 PER_SELF       1.000         0.000         0.000         0.000         0.000
 PA             0.000         1.000         0.000         0.000         0.000
 NA             0.000         0.000         1.000         0.000         0.000
 PA&1           0.000         0.000         0.000         1.000         0.000
 NA&1           0.000         0.000         0.000         0.000         1.000


           THETA
              PER_SELF      PA            NA            PA&1          NA&1
              ________      ________      ________      ________      ________
 PER_SELF       0.000
 PA             0.000         0.000
 NA             0.000         0.000         0.000
 PA&1           0.000         0.000         0.000         0.000
 NA&1           0.000         0.000         0.000         0.000         0.000


           ALPHA
              PER_SELF      PA            NA            PA&1          NA&1
              ________      ________      ________      ________      ________
                0.000         0.000         0.000         0.000         0.000


           BETA
              PER_SELF      PA            NA            PA&1          NA&1
              ________      ________      ________      ________      ________
 PER_SELF       0.000         0.000         0.000         0.000         0.000
 PA             0.000         0.000         0.000         0.000         0.000
 NA             0.000         0.000         0.000         0.000         0.000
 PA&1           0.000         0.000         0.000         0.000         0.000
 NA&1           0.000         0.000         0.000         0.000         0.000


           PSI
              PER_SELF      PA            NA            PA&1          NA&1
              ________      ________      ________      ________      ________
 PER_SELF     279.991
 PA             0.000       151.142
 NA             0.000         0.000        83.369
 PA&1           0.000         0.000         0.000       151.154
 NA&1           0.000         0.000         0.000         0.000        83.284


     STARTING VALUES FOR BETWEEN


           NU
              PER_SELF      PA            NA            ANHEDONI      BDI_SUM
              ________      ________      ________      ________      ________
                0.000         0.000         0.000         0.000         0.000


           LAMBDA
              SPA_PR        SNA_PR        PER_SELF      PA            NA
              ________      ________      ________      ________      ________
 PER_SELF       0.000         0.000         1.000         0.000         0.000
 PA             0.000         0.000         0.000         1.000         0.000
 NA             0.000         0.000         0.000         0.000         1.000
 ANHEDONI       0.000         0.000         0.000         0.000         0.000
 BDI_SUM        0.000         0.000         0.000         0.000         0.000


           LAMBDA
              ANHEDONI      BDI_SUM
              ________      ________
 PER_SELF       0.000         0.000
 PA             0.000         0.000
 NA             0.000         0.000
 ANHEDONI       1.000         0.000
 BDI_SUM        0.000         1.000


           THETA
              PER_SELF      PA            NA            ANHEDONI      BDI_SUM
              ________      ________      ________      ________      ________
 PER_SELF       0.000
 PA             0.000         0.000
 NA             0.000         0.000         0.000
 ANHEDONI       0.000         0.000         0.000         0.000
 BDI_SUM        0.000         0.000         0.000         0.000         0.000


           ALPHA
              SPA_PR        SNA_PR        PER_SELF      PA            NA
              ________      ________      ________      ________      ________
                0.000         0.000        22.713        45.712        15.187


           ALPHA
              ANHEDONI      BDI_SUM
              ________      ________
                0.000         0.000


           BETA
              SPA_PR        SNA_PR        PER_SELF      PA            NA
              ________      ________      ________      ________      ________
 SPA_PR         0.000         0.000         0.000         0.000         0.000
 SNA_PR         0.000         0.000         0.000         0.000         0.000
 PER_SELF       0.000         0.000         0.000         0.000         0.000
 PA             0.000         0.000         0.000         0.000         0.000
 NA             0.000         0.000         0.000         0.000         0.000
 ANHEDONI       0.000         0.000         0.000         0.000         0.000
 BDI_SUM        0.000         0.000         0.000         0.000         0.000


           BETA
              ANHEDONI      BDI_SUM
              ________      ________
 SPA_PR         0.000         0.000
 SNA_PR         0.000         0.000
 PER_SELF       0.000         0.000
 PA             0.000         0.000
 NA             0.000         0.000
 ANHEDONI       0.000         0.000
 BDI_SUM        0.000         0.000


           PSI
              SPA_PR        SNA_PR        PER_SELF      PA            NA
              ________      ________      ________      ________      ________
 SPA_PR         1.000
 SNA_PR         0.000         1.000
 PER_SELF       0.000         0.000       279.991
 PA             0.000         0.000         0.000       151.142
 NA             0.000         0.000         0.000         0.000        83.369
 ANHEDONI       0.000         0.000         0.000         0.000         0.000
 BDI_SUM        0.000         0.000         0.000         0.000         0.000


           PSI
              ANHEDONI      BDI_SUM
              ________      ________
 ANHEDONI      39.493
 BDI_SUM        0.000        18.288



     PRIORS FOR ALL PARAMETERS            PRIOR MEAN      PRIOR VARIANCE     PRIOR STD. DEV.

     Parameter 1~IG(-1.000,0.000)          infinity            infinity            infinity
     Parameter 2~IW(0.000,-3)              infinity            infinity            infinity
     Parameter 3~IW(0.000,-3)              infinity            infinity            infinity
     Parameter 4~IW(0.000,-3)              infinity            infinity            infinity
     Parameter 5~N(0.000,infinity)           0.0000            infinity            infinity
     Parameter 6~N(0.000,infinity)           0.0000            infinity            infinity
     Parameter 7~N(0.000,infinity)           0.0000            infinity            infinity
     Parameter 8~N(0.000,infinity)           0.0000            infinity            infinity
     Parameter 9~N(0.000,infinity)           0.0000            infinity            infinity
     Parameter 10~N(0.000,infinity)          0.0000            infinity            infinity
     Parameter 11~N(0.000,infinity)          0.0000            infinity            infinity
     Parameter 12~N(0.000,infinity)          0.0000            infinity            infinity
     Parameter 13~N(0.000,infinity)          0.0000            infinity            infinity
     Parameter 14~N(0.000,infinity)          0.0000            infinity            infinity
     Parameter 15~N(0.000,infinity)          0.0000            infinity            infinity
     Parameter 16~IG(-1.000,0.000)         infinity            infinity            infinity
     Parameter 17~IG(-1.000,0.000)         infinity            infinity            infinity
     Parameter 18~IG(-1.000,0.000)         infinity            infinity            infinity
     Parameter 19~IG(-1.000,0.000)         infinity            infinity            infinity
     Parameter 20~IG(-1.000,0.000)         infinity            infinity            infinity


TECHNICAL 8 OUTPUT


   TECHNICAL 8 OUTPUT FOR BAYES ESTIMATION

     PROCESSOR    BSEED
     1            0
     2            285380
     3            253358
     4            93468
     5            608496
     6            903420
     7            195873
     8            462953
     9            939021
     10           127215
     11           415931
     12           533738
     13           107446
     14           399671
     15           650371
     16           27071

                     POTENTIAL       PARAMETER WITH
     ITERATION    SCALE REDUCTION      HIGHEST PSR
     100              1.063               16
     200              1.725               17
     300              1.126               17
     400              1.051               6
     500              1.031               13
     600              1.035               13
     700              1.011               13
     800              1.041               17
     900              1.022               12
     1000             1.012               12
     1100             1.014               1
     1200             1.010               1
     1300             1.019               17
     1400             1.043               17
     1500             1.022               17
     1600             1.004               12
     1700             1.006               1
     1800             1.006               1
     1900             1.011               1
     2000             1.007               1


PLOT INFORMATION

The following plots are available:

  Histograms (sample values)
  Scatterplots (sample values)
  Between-level histograms (sample values, sample means/variances)
  Between-level scatterplots (sample values, sample means/variances)
  Time series plots (sample values, ACF, PACF)
  Histogram of subjects per time point
  Time interval plots
  Bayesian posterior parameter distributions
  Bayesian posterior parameter trace plots
  Bayesian autocorrelation plots

     Beginning Time:  21:56:11
        Ending Time:  21:57:40
       Elapsed Time:  00:01:29



MUTHEN & MUTHEN
3463 Stoner Ave.
Los Angeles, CA  90066

Tel: (310) 391-9971
Fax: (310) 391-8971
Web: www.StatModel.com
Support: Support@StatModel.com

Copyright (c) 1998-2022 Muthen & Muthen
