Mplus VERSION 8.8
MUTHEN & MUTHEN
08/26/2023  12:04 AM

INPUT INSTRUCTIONS


  DATA:
  FILE IS data12.dat;

  VARIABLE:   NAMES =
  	    Eth_ID Time Time_between Time_inc
  	    PA_enth NA_irri NA_verv PA_tevr PA_ener
       	    PA_kalm NA_nerv PA_daadk NA_verdr
  	    PA_vrol NA_boos PA_dankb NA_somb PER_att
      	    PER_refl PER_self PER_expr PER_damp
  	    PER_codamp PER_capit Sample age_yr gesl BDI
      	    Measures_valid BDI_anh Anhedonia
   	    BDI_sum PA NA day compliance;

              USEVARIABLES are PER_damp PA NA Anhedonia BDI_sum;
              MISSING is .;
              within = ;
              between = Anhedonia BDI_sum ;
              cluster = Eth_ID;
              lagged= PA NA(1);
              tinterval=Time_inc (150);


  DEFINE:     CENTER Anhedonia BDI_sum (grandmean);

  ANALYSIS:   type = twolevel random;
              estimator = Bayes;
              biterations=(2000);
  !            bconvergence=0.005;
              thin=2;
              PROCESSORS=16;
  MODEL:
  %WITHIN%
  sPA_PR | PER_damp on PA&1;
  sNA_PR | PER_damp on NA&1;
  PA on PA&1@0;
  NA on NA&1@0;
  PER_damp with PA@0;
  PER_damp with NA@0;

  %between%
  sPA_PR sNA_PR on Anhedonia BDI_sum;
  PER_damp on Anhedonia BDI_sum;


  OUTPUT: standardized tech1 tech8 cinterval patterns;
  PLOT: TYPE = PLOT3;



*** WARNING in VARIABLE command
  Note that only the first 8 characters of variable names are used in the output.
  Shorten variable names to avoid any confusion.
*** WARNING in MODEL command
  A y-variable has been declared on the within level but not referred to on
  the between level.  Please check that this is what is intended.  If this is not intended,
  specify the variable as a within variable.  Problem with:  PA
*** WARNING in MODEL command
  A y-variable has been declared on the within level but not referred to on
  the between level.  Please check that this is what is intended.  If this is not intended,
  specify the variable as a within variable.  Problem with:  NA
*** WARNING in PLOT command
  Note that only the first 8 characters of variable names are used in plots.
  If variable names are not unique within the first 8 characters, problems
  may occur.
*** WARNING
  One or more individual-level variables have no variation within a
  cluster for the following clusters.

     Variable   Cluster IDs with no within-cluster variation

      PER_DAMP    82 71 148 165 127 177 180

*** WARNING
  Data set contains cases with missing on all variables.  Cases that appeared before the first
  case with observed data and that appeared after the last case with observed data were not
  included in the analysis.  Number of deleted cases:  679
   6 WARNING(S) FOUND IN THE INPUT INSTRUCTIONS




SUMMARY OF ANALYSIS

Number of groups                                                 1
Number of observations                                       20160

Number of dependent variables                                    3
Number of independent variables                                  4
Number of continuous latent variables                            2

Observed dependent variables

  Continuous
   PER_DAMP    PA          NA

Observed independent variables
   ANHEDONI    BDI_SUM     PA&1        NA&1

Continuous latent variables
   SPA_PR      SNA_PR

Variables with special functions

  Cluster variable      ETH_ID

  Within variables
   PA&1        NA&1

  Between variables
   ANHEDONI    BDI_SUM

  Centering (GRANDMEAN)
   ANHEDONI    BDI_SUM


Estimator                                                    BAYES
Specifications for Bayesian Estimation
  Point estimate                                            MEDIAN
  Number of Markov chain Monte Carlo (MCMC) chains               2
  Random seed for the first chain                                0
  Starting value information                           UNPERTURBED
  Algorithm used for Markov chain Monte Carlo           GIBBS(PX1)
  Convergence criterion                                  0.500D-01
  Maximum number of iterations                               50000
  K-th iteration used for thinning                               2

Input data file(s)
  data12.dat
Input data format  FREE


SUMMARY OF DATA

     Number of clusters                        159

       Size (s)    Cluster ID with Size s

         56        28
         80        82
         84        87
         88        72
         97        34
        101        10
        105        52
        108        119
        111        36
        113        182
        115        89 131
        116        15 188 75 77
        117        11
        118        16 66 49 57 195
        119        197 71 48 149 50 92 38 186 163 106
        120        55 168 7 108 148 192 61 98 165
        122        174
        123        127
        124        161 117 103 51
        125        53 54 13 40 44 88 30 68 100 93 105 112 123 73
        126        107 172 173 102 65 109 111 80 76 120
        127        70 177 133 62 139 118 110 25 115 67 46 104 178 126 193
                   32 86 198 147
        128        43 153 59 156 96 180 18 5
        129        141 144 125 3 185 146 135 190 187 39 137 116 69
        130        138 166 97 14
        133        191
        134        2
        135        194 63 60 183 201 200
        136        26 56
        137        95 4 9 22 19 42
        138        132 29 94
        139        45 74 35 37 84 21 79 145 114
        142        27
        143        179
        144        170 24 171
        145        1 124 162 20
        146        151 6 167
        147        142 31
        148        159 176



SUMMARY OF MISSING DATA PATTERNS

     Number of missing data patterns            13


     MISSING DATA PATTERNS (x = not missing)

           1  2  3  4  5  6  7  8  9 10 11 12 13
 PER_DAMP  x  x              x     x     x     x
 PA        x  x        x  x     x  x     x  x
 NA        x  x        x  x        x  x  x
 PA&1      x     x        x  x     x        x
 NA&1      x     x        x  x           x  x
 ANHEDONI  x  x  x  x  x  x  x  x  x  x  x  x  x
 BDI_SUM   x  x  x  x  x  x  x  x  x  x  x  x  x


     MISSING DATA PATTERN FREQUENCIES

    Pattern   Frequency     Pattern   Frequency     Pattern   Frequency
          1        4880           6          57          11           1
          2        3214           7           3          12           1
          3        3121           8           5          13           1
          4        8808           9           6
          5          62          10           1


COVARIANCE COVERAGE OF DATA

Minimum covariance coverage value   0.100


     PROPORTION OF DATA PRESENT


           Covariance Coverage
              PER_DAMP      PA            NA            ANHEDONI      BDI_SUM
              ________      ________      ________      ________      ________
 PER_DAMP       0.402
 PA             0.402         0.408
 NA             0.402         0.408         0.408
 ANHEDONI       0.402         0.408         0.408         1.000
 BDI_SUM        0.402         0.408         0.408         1.000         1.000



UNIVARIATE SAMPLE STATISTICS


     UNIVARIATE HIGHER-ORDER MOMENT DESCRIPTIVE STATISTICS

         Variable/         Mean/     Skewness/   Minimum/ % with                Percentiles
        Sample Size      Variance    Kurtosis    Maximum  Min/Max      20%/60%    40%/80%    Median

     PER_DAMP             11.539       2.123       0.000   22.73%       0.000      5.000      7.000
            8105.000     221.235       4.572      91.000    0.01%       9.000     17.000
     PA                   45.572      -0.010       0.000    0.29%      30.857     41.571     46.143
            8226.000     302.012      -0.210     100.000    0.07%      50.286     60.286
     NA                   15.612       1.288       0.000    7.51%       5.200      9.600     12.200
            8221.000     169.530       1.589      84.200    0.01%      15.200     24.400
     ANHEDONIA             0.000       0.630     -18.380    0.63%      -7.330     -2.924     -0.934
             159.000      79.008       0.606      29.966    0.63%       1.234      6.118
     BDI_SUM               0.000       0.851      -8.050    3.77%      -5.050     -3.050     -1.050
             159.000      31.821       0.278      16.950    1.26%      -0.050      3.950


THE MODEL ESTIMATION TERMINATED NORMALLY

     USE THE FBITERATIONS OPTION TO INCREASE THE NUMBER OF ITERATIONS BY A FACTOR
     OF AT LEAST TWO TO CHECK CONVERGENCE AND THAT THE PSR VALUE DOES NOT INCREASE.



MODEL FIT INFORMATION

Number of Free Parameters                              20

Information Criteria

          Deviance (DIC)                       491751.593
          Estimated Number of Parameters (pD)   36350.236



MODEL RESULTS

                                Posterior  One-Tailed         95% C.I.
                    Estimate       S.D.      P-Value   Lower 2.5%  Upper 2.5%  Significance

Within Level

 PA         ON
    PA&1               0.000       0.000      1.000       0.000       0.000

 NA         ON
    NA&1               0.000       0.000      1.000       0.000       0.000

 PER_DAMP WITH
    PA                 0.000       0.000      1.000       0.000       0.000
    NA                 0.000       0.000      1.000       0.000       0.000

 NA       WITH
    PA               -65.350       1.730      0.000     -68.520     -61.785      *

 Residual Variances
    PER_DAMP          95.851       1.713      0.000      92.462      99.216      *
    PA               172.576       2.739      0.000     167.530     178.190      *
    NA               103.151       1.664      0.000      99.930     106.213      *

Between Level

 SPA_PR     ON
    ANHEDONIA          0.000       0.003      0.456      -0.005       0.006
    BDI_SUM            0.010       0.004      0.007       0.002       0.018      *

 SNA_PR     ON
    ANHEDONIA          0.005       0.003      0.072      -0.002       0.012
    BDI_SUM            0.005       0.006      0.177      -0.005       0.016

 PER_DAMP   ON
    ANHEDONIA          0.021       0.098      0.417      -0.172       0.216
    BDI_SUM            0.399       0.151      0.005       0.091       0.699      *

 Means
    PA                45.649       0.952      0.000      43.805      47.601      *
    NA                15.777       0.705      0.000      14.419      17.204      *

 Intercepts
    PER_DAMP          11.604       0.820      0.000       9.971      13.146      *
    SPA_PR             0.022       0.022      0.169      -0.023       0.065
    SNA_PR             0.141       0.031      0.000       0.080       0.202      *

 Variances
    PA               137.205      16.614      0.000     109.227     175.418      *
    NA                73.826       8.712      0.000      59.615      93.723      *

 Residual Variances
    PER_DAMP         108.296      12.974      0.000      86.840     136.566      *
    SPA_PR             0.053       0.010      0.000       0.036       0.074      *
    SNA_PR             0.093       0.015      0.000       0.067       0.127      *


STANDARDIZED MODEL RESULTS


STDYX Standardization

                                Posterior  One-Tailed         95% C.I.
                    Estimate       S.D.      P-Value   Lower 2.5%  Upper 2.5%  Significance

Within-Level Standardized Estimates Averaged Over Clusters

 SPA_PR | PER_DAMP ON
    PA&1               0.030       0.016      0.031      -0.001       0.061

 SNA_PR | PER_DAMP ON
    NA&1               0.123       0.017      0.000       0.087       0.156      *

 PA         ON
    PA&1               0.000       0.000      1.000       0.000       0.000

 NA         ON
    NA&1               0.000       0.000      1.000       0.000       0.000

 PER_DAMP WITH
    PA                 0.000       0.000      1.000       0.000       0.000
    NA                 0.000       0.000      1.000       0.000       0.000

 NA       WITH
    PA                -0.489       0.009      0.000      -0.505      -0.471      *

 Residual Variances
    PER_DAMP           0.868       0.007      0.000       0.854       0.881      *
    PA                 1.000       0.000      0.000       1.000       1.000
    NA                 1.000       0.000      0.000       1.000       1.000

Between Level

 SPA_PR     ON
    ANHEDONIA          0.009       0.073      0.456      -0.130       0.159
    BDI_SUM            0.173       0.070      0.007       0.041       0.304      *

 SNA_PR     ON
    ANHEDONIA          0.104       0.068      0.072      -0.033       0.241
    BDI_SUM            0.068       0.072      0.177      -0.070       0.205

 PER_DAMP   ON
    ANHEDONIA          0.012       0.058      0.417      -0.098       0.127
    BDI_SUM            0.151       0.056      0.005       0.033       0.259      *

 Means
    PA                 3.893       0.247      0.000       3.421       4.390      *
    NA                 1.839       0.135      0.000       1.587       2.107      *

 Intercepts
    PER_DAMP           1.097       0.099      0.000       0.911       1.291      *
    SPA_PR             0.094       0.096      0.169      -0.094       0.279
    SNA_PR             0.458       0.108      0.000       0.252       0.665      *

 Variances
    PA                 1.000       0.000      0.000       1.000       1.000
    NA                 1.000       0.000      0.000       1.000       1.000

 Residual Variances
    PER_DAMP           0.973       0.018      0.000       0.929       0.996      *
    SPA_PR             0.964       0.026      0.000       0.898       0.996      *
    SNA_PR             0.979       0.018      0.000       0.930       0.998      *


STDY Standardization

                                Posterior  One-Tailed         95% C.I.
                    Estimate       S.D.      P-Value   Lower 2.5%  Upper 2.5%  Significance

Within-Level Standardized Estimates Averaged Over Clusters

 SPA_PR | PER_DAMP ON
    PA&1               0.002       0.001      0.031       0.000       0.005

 SNA_PR | PER_DAMP ON
    NA&1               0.012       0.002      0.000       0.009       0.015      *

 PA         ON
    PA&1               0.000       0.000      1.000       0.000       0.000

 NA         ON
    NA&1               0.000       0.000      1.000       0.000       0.000

 PER_DAMP WITH
    PA                 0.000       0.000      1.000       0.000       0.000
    NA                 0.000       0.000      1.000       0.000       0.000

 NA       WITH
    PA                -0.489       0.009      0.000      -0.505      -0.471      *

 Residual Variances
    PER_DAMP           0.868       0.007      0.000       0.854       0.881      *
    PA                 1.000       0.000      0.000       1.000       1.000
    NA                 1.000       0.000      0.000       1.000       1.000

Between Level

 SPA_PR     ON
    ANHEDONIA          0.001       0.012      0.456      -0.020       0.025
    BDI_SUM            0.043       0.018      0.007       0.010       0.076      *

 SNA_PR     ON
    ANHEDONIA          0.016       0.011      0.072      -0.005       0.038
    BDI_SUM            0.017       0.018      0.177      -0.018       0.051

 PER_DAMP   ON
    ANHEDONIA          0.002       0.009      0.417      -0.016       0.020
    BDI_SUM            0.038       0.014      0.005       0.008       0.065      *

 Means
    PA                 3.893       0.247      0.000       3.421       4.390      *
    NA                 1.839       0.135      0.000       1.587       2.107      *

 Intercepts
    PER_DAMP           1.097       0.099      0.000       0.911       1.291      *
    SPA_PR             0.094       0.096      0.169      -0.094       0.279
    SNA_PR             0.458       0.108      0.000       0.252       0.665      *

 Variances
    PA                 1.000       0.000      0.000       1.000       1.000
    NA                 1.000       0.000      0.000       1.000       1.000

 Residual Variances
    PER_DAMP           0.973       0.018      0.000       0.929       0.996      *
    SPA_PR             0.964       0.026      0.000       0.898       0.996      *
    SNA_PR             0.979       0.018      0.000       0.930       0.998      *


STD Standardization

                                Posterior  One-Tailed         95% C.I.
                    Estimate       S.D.      P-Value   Lower 2.5%  Upper 2.5%  Significance

Within-Level Standardized Estimates Averaged Over Clusters

 SPA_PR | PER_DAMP ON
    PA&1               0.021       0.014      0.065      -0.005       0.047

 SNA_PR | PER_DAMP ON
    NA&1               0.141       0.019      0.000       0.102       0.177      *

 PA         ON
    PA&1               0.000       0.000      1.000       0.000       0.000

 NA         ON
    NA&1               0.000       0.000      1.000       0.000       0.000

 PER_DAMP WITH
    PA                 0.000       0.000      1.000       0.000       0.000
    NA                 0.000       0.000      1.000       0.000       0.000

 NA       WITH
    PA               -65.350       1.730      0.000     -68.520     -61.785      *

 Residual Variances
    PER_DAMP          95.851       1.713      0.000      92.462      99.216      *
    PA               172.576       2.739      0.000     167.530     178.190      *
    NA               103.151       1.664      0.000      99.930     106.213      *

Between Level

 SPA_PR     ON
    ANHEDONIA          0.001       0.012      0.456      -0.020       0.025
    BDI_SUM            0.043       0.018      0.007       0.010       0.076      *

 SNA_PR     ON
    ANHEDONIA          0.016       0.011      0.072      -0.005       0.038
    BDI_SUM            0.017       0.018      0.177      -0.018       0.051

 PER_DAMP   ON
    ANHEDONIA          0.021       0.098      0.417      -0.172       0.216
    BDI_SUM            0.399       0.151      0.005       0.091       0.699      *

 Means
    PA                45.649       0.952      0.000      43.805      47.601      *
    NA                15.777       0.705      0.000      14.419      17.204      *

 Intercepts
    PER_DAMP          11.604       0.820      0.000       9.971      13.146      *
    SPA_PR             0.094       0.096      0.169      -0.094       0.279
    SNA_PR             0.458       0.108      0.000       0.252       0.665      *

 Variances
    PA               137.205      16.614      0.000     109.227     175.418      *
    NA                73.826       8.712      0.000      59.615      93.723      *

 Residual Variances
    PER_DAMP         108.296      12.974      0.000      86.840     136.566      *
    SPA_PR             0.964       0.026      0.000       0.898       0.996      *
    SNA_PR             0.979       0.018      0.000       0.930       0.998      *


R-SQUARE

Within-Level R-Square Averaged Across Clusters

                                Posterior  One-Tailed         95% C.I.
    Variable        Estimate       S.D.      P-Value   Lower 2.5%  Upper 2.5%

    PER_DAMP           0.132       0.007      0.000       0.119       0.146
    PA                 0.000       0.000      1.000       0.000       0.000
    NA                 0.000       0.000      1.000       0.000       0.000

Between Level

                                Posterior  One-Tailed         95% C.I.
    Variable        Estimate       S.D.      P-Value   Lower 2.5%  Upper 2.5%

    PER_DAMP           0.027       0.018      0.000       0.004       0.071

                                Posterior  One-Tailed         95% C.I.
    Variable        Estimate       S.D.      P-Value   Lower 2.5%  Upper 2.5%

    SPA_PR             0.036       0.026      0.000       0.004       0.102
    SNA_PR             0.021       0.018      0.000       0.002       0.070


CREDIBILITY INTERVALS OF MODEL RESULTS

                  Lower .5%  Lower 2.5%    Lower 5%    Estimate    Upper 5%  Upper 2.5%   Upper .5%

Within Level

 PA       ON
    PA&1             0.000       0.000       0.000       0.000       0.000       0.000       0.000

 NA       ON
    NA&1             0.000       0.000       0.000       0.000       0.000       0.000       0.000

 PER_DAMP WITH
    PA               0.000       0.000       0.000       0.000       0.000       0.000       0.000
    NA               0.000       0.000       0.000       0.000       0.000       0.000       0.000

 NA       WITH
    PA             -69.701     -68.520     -68.052     -65.350     -62.335     -61.785     -60.984

 Residual Variances
    PER_DAMP        91.603      92.462      93.067      95.851      98.700      99.216     100.167
    PA             165.747     167.530     168.301     172.576     177.207     178.190     180.027
    NA              98.748      99.930     100.374     103.151     105.746     106.213     107.482

Between Level

 SPA_PR   ON
    ANHEDONIA       -0.007      -0.005      -0.004       0.000       0.005       0.006       0.008
    BDI_SUM         -0.001       0.002       0.003       0.010       0.017       0.018       0.021

 SNA_PR   ON
    ANHEDONIA       -0.003      -0.002      -0.001       0.005       0.011       0.012       0.013
    BDI_SUM         -0.009      -0.005      -0.004       0.005       0.014       0.016       0.019

 PER_DAMP ON
    ANHEDONIA       -0.249      -0.172      -0.138       0.021       0.184       0.216       0.282
    BDI_SUM         -0.010       0.091       0.150       0.399       0.642       0.699       0.788

 Means
    PA              43.087      43.805      44.119      45.649      47.318      47.601      48.149
    NA              13.799      14.419      14.681      15.777      16.976      17.204      17.548

 Intercepts
    PER_DAMP         9.374       9.971      10.267      11.604      12.913      13.146      13.687
    SPA_PR          -0.039      -0.023      -0.016       0.022       0.057       0.065       0.078
    SNA_PR           0.059       0.080       0.088       0.141       0.193       0.202       0.222

 Variances
    PA             103.085     109.227     113.288     137.205     167.211     175.418     188.595
    NA              54.930      59.615      61.546      73.826      89.494      93.723      99.756

 Residual Variances
    PER_DAMP        80.081      86.840      89.510     108.296     131.146     136.566     148.755
    SPA_PR           0.032       0.036       0.039       0.053       0.070       0.074       0.080
    SNA_PR           0.060       0.067       0.071       0.093       0.120       0.127       0.139


CREDIBILITY INTERVALS OF STANDARDIZED MODEL RESULTS


STDYX Standardization

                  Lower .5%  Lower 2.5%    Lower 5%    Estimate    Upper 5%  Upper 2.5%   Upper .5%

Within Level

 PA       ON
    PA&1             0.000       0.000       0.000       0.000       0.000       0.000       0.000

 NA       ON
    NA&1             0.000       0.000       0.000       0.000       0.000       0.000       0.000

 PER_DAMP WITH
    PA               0.000       0.000       0.000       0.000       0.000       0.000       0.000
    NA               0.000       0.000       0.000       0.000       0.000       0.000       0.000

 NA       WITH
    PA               0.000      -0.505       0.000      -0.489       0.000      -0.471       0.000

 Residual Variances
    PER_DAMP         0.000       0.854       0.000       0.868       0.000       0.881       0.000
    PA               0.000       1.000       0.000       1.000       0.000       1.000       0.000
    NA               0.000       1.000       0.000       1.000       0.000       1.000       0.000

Between Level

 SPA_PR   ON
    ANHEDONIA       -0.179      -0.130      -0.109       0.009       0.131       0.159       0.207
    BDI_SUM         -0.009       0.041       0.060       0.173       0.283       0.304       0.347

 SNA_PR   ON
    ANHEDONIA       -0.066      -0.033      -0.011       0.104       0.217       0.241       0.275
    BDI_SUM         -0.113      -0.070      -0.049       0.068       0.181       0.205       0.251

 PER_DAMP ON
    ANHEDONIA       -0.148      -0.098      -0.082       0.012       0.111       0.127       0.161
    BDI_SUM         -0.004       0.033       0.056       0.151       0.241       0.259       0.296

 Means
    PA               3.278       3.421       3.509       3.893       4.313       4.390       4.551
    NA               1.489       1.587       1.627       1.839       2.066       2.107       2.189

 Intercepts
    PER_DAMP         0.825       0.911       0.940       1.097       1.266       1.291       1.345
    SPA_PR          -0.158      -0.094      -0.066       0.094       0.248       0.279       0.337
    SNA_PR           0.191       0.252       0.282       0.458       0.637       0.665       0.740

 Variances
    PA               1.000       1.000       1.000       1.000       1.000       1.000       1.000
    NA               1.000       1.000       1.000       1.000       1.000       1.000       1.000

 Residual Variances
    PER_DAMP         0.911       0.929       0.938       0.973       0.994       0.996       0.999
    SPA_PR           0.873       0.898       0.914       0.964       0.993       0.996       0.999
    SNA_PR           0.905       0.930       0.939       0.979       0.997       0.998       1.000


STDY Standardization

                  Lower .5%  Lower 2.5%    Lower 5%    Estimate    Upper 5%  Upper 2.5%   Upper .5%

Within Level

 PA       ON
    PA&1             0.000       0.000       0.000       0.000       0.000       0.000       0.000

 NA       ON
    NA&1             0.000       0.000       0.000       0.000       0.000       0.000       0.000

 PER_DAMP WITH
    PA               0.000       0.000       0.000       0.000       0.000       0.000       0.000
    NA               0.000       0.000       0.000       0.000       0.000       0.000       0.000

 NA       WITH
    PA               0.000      -0.505       0.000      -0.489       0.000      -0.471       0.000

 Residual Variances
    PER_DAMP         0.000       0.854       0.000       0.868       0.000       0.881       0.000
    PA               0.000       1.000       0.000       1.000       0.000       1.000       0.000
    NA               0.000       1.000       0.000       1.000       0.000       1.000       0.000

Between Level

 SPA_PR   ON
    ANHEDONIA       -0.028      -0.020      -0.017       0.001       0.021       0.025       0.033
    BDI_SUM         -0.002       0.010       0.015       0.043       0.071       0.076       0.087

 SNA_PR   ON
    ANHEDONIA       -0.010      -0.005      -0.002       0.016       0.034       0.038       0.043
    BDI_SUM         -0.028      -0.018      -0.012       0.017       0.045       0.051       0.063

 PER_DAMP ON
    ANHEDONIA       -0.023      -0.016      -0.013       0.002       0.018       0.020       0.025
    BDI_SUM         -0.001       0.008       0.014       0.038       0.060       0.065       0.074

 Means
    PA               3.278       3.421       3.509       3.893       4.313       4.390       4.551
    NA               1.489       1.587       1.627       1.839       2.066       2.107       2.189

 Intercepts
    PER_DAMP         0.825       0.911       0.940       1.097       1.266       1.291       1.345
    SPA_PR          -0.158      -0.094      -0.066       0.094       0.248       0.279       0.337
    SNA_PR           0.191       0.252       0.282       0.458       0.637       0.665       0.740

 Variances
    PA               1.000       1.000       1.000       1.000       1.000       1.000       1.000
    NA               1.000       1.000       1.000       1.000       1.000       1.000       1.000

 Residual Variances
    PER_DAMP         0.911       0.929       0.938       0.973       0.994       0.996       0.999
    SPA_PR           0.873       0.898       0.914       0.964       0.993       0.996       0.999
    SNA_PR           0.905       0.930       0.939       0.979       0.997       0.998       1.000


STD Standardization

                  Lower .5%  Lower 2.5%    Lower 5%    Estimate    Upper 5%  Upper 2.5%   Upper .5%

Within Level

 PA       ON
    PA&1             0.000       0.000       0.000       0.000       0.000       0.000       0.000

 NA       ON
    NA&1             0.000       0.000       0.000       0.000       0.000       0.000       0.000

 PER_DAMP WITH
    PA               0.000       0.000       0.000       0.000       0.000       0.000       0.000
    NA               0.000       0.000       0.000       0.000       0.000       0.000       0.000

 NA       WITH
    PA               0.000     -68.520       0.000     -65.350       0.000     -61.785       0.000

 Residual Variances
    PER_DAMP         0.000      92.462       0.000      95.851       0.000      99.216       0.000
    PA               0.000     167.530       0.000     172.576       0.000     178.190       0.000
    NA               0.000      99.930       0.000     103.151       0.000     106.213       0.000

Between Level

 SPA_PR   ON
    ANHEDONIA       -0.028      -0.020      -0.017       0.001       0.021       0.025       0.033
    BDI_SUM         -0.002       0.010       0.015       0.043       0.071       0.076       0.087

 SNA_PR   ON
    ANHEDONIA       -0.010      -0.005      -0.002       0.016       0.034       0.038       0.043
    BDI_SUM         -0.028      -0.018      -0.012       0.017       0.045       0.051       0.063

 PER_DAMP ON
    ANHEDONIA       -0.249      -0.172      -0.138       0.021       0.184       0.216       0.282
    BDI_SUM         -0.010       0.091       0.150       0.399       0.642       0.699       0.788

 Means
    PA              43.087      43.805      44.119      45.649      47.318      47.601      48.149
    NA              13.799      14.419      14.681      15.777      16.976      17.204      17.548

 Intercepts
    PER_DAMP         9.374       9.971      10.267      11.604      12.913      13.146      13.687
    SPA_PR          -0.158      -0.094      -0.066       0.094       0.248       0.279       0.337
    SNA_PR           0.191       0.252       0.282       0.458       0.637       0.665       0.740

 Variances
    PA             103.085     109.227     113.288     137.205     167.211     175.418     188.595
    NA              54.930      59.615      61.546      73.826      89.494      93.723      99.756

 Residual Variances
    PER_DAMP        80.081      86.840      89.510     108.296     131.146     136.566     148.755
    SPA_PR           0.873       0.898       0.914       0.964       0.993       0.996       0.999
    SNA_PR           0.905       0.930       0.939       0.979       0.997       0.998       1.000


TECHNICAL 1 OUTPUT


     PARAMETER SPECIFICATION FOR WITHIN


           NU
              PER_DAMP      PA            NA            PA&1          NA&1
              ________      ________      ________      ________      ________
                    0             0             0             0             0


           LAMBDA
              PER_DAMP      PA            NA            PA&1          NA&1
              ________      ________      ________      ________      ________
 PER_DAMP           0             0             0             0             0
 PA                 0             0             0             0             0
 NA                 0             0             0             0             0
 PA&1               0             0             0             0             0
 NA&1               0             0             0             0             0


           THETA
              PER_DAMP      PA            NA            PA&1          NA&1
              ________      ________      ________      ________      ________
 PER_DAMP           0
 PA                 0             0
 NA                 0             0             0
 PA&1               0             0             0             0
 NA&1               0             0             0             0             0


           ALPHA
              PER_DAMP      PA            NA            PA&1          NA&1
              ________      ________      ________      ________      ________
                    0             0             0             0             0


           BETA
              PER_DAMP      PA            NA            PA&1          NA&1
              ________      ________      ________      ________      ________
 PER_DAMP           0             0             0             0             0
 PA                 0             0             0             0             0
 NA                 0             0             0             0             0
 PA&1               0             0             0             0             0
 NA&1               0             0             0             0             0


           PSI
              PER_DAMP      PA            NA            PA&1          NA&1
              ________      ________      ________      ________      ________
 PER_DAMP           1
 PA                 0             2
 NA                 0             3             4
 PA&1               0             0             0             0
 NA&1               0             0             0             0             0


     PARAMETER SPECIFICATION FOR BETWEEN


           NU
              PER_DAMP      PA            NA            ANHEDONI      BDI_SUM
              ________      ________      ________      ________      ________
                    0             0             0             0             0


           LAMBDA
              SPA_PR        SNA_PR        PER_DAMP      PA            NA
              ________      ________      ________      ________      ________
 PER_DAMP           0             0             0             0             0
 PA                 0             0             0             0             0
 NA                 0             0             0             0             0
 ANHEDONI           0             0             0             0             0
 BDI_SUM            0             0             0             0             0


           LAMBDA
              ANHEDONI      BDI_SUM
              ________      ________
 PER_DAMP           0             0
 PA                 0             0
 NA                 0             0
 ANHEDONI           0             0
 BDI_SUM            0             0


           THETA
              PER_DAMP      PA            NA            ANHEDONI      BDI_SUM
              ________      ________      ________      ________      ________
 PER_DAMP           0
 PA                 0             0
 NA                 0             0             0
 ANHEDONI           0             0             0             0
 BDI_SUM            0             0             0             0             0


           ALPHA
              SPA_PR        SNA_PR        PER_DAMP      PA            NA
              ________      ________      ________      ________      ________
                    5             6             7             8             9


           ALPHA
              ANHEDONI      BDI_SUM
              ________      ________
                    0             0


           BETA
              SPA_PR        SNA_PR        PER_DAMP      PA            NA
              ________      ________      ________      ________      ________
 SPA_PR             0             0             0             0             0
 SNA_PR             0             0             0             0             0
 PER_DAMP           0             0             0             0             0
 PA                 0             0             0             0             0
 NA                 0             0             0             0             0
 ANHEDONI           0             0             0             0             0
 BDI_SUM            0             0             0             0             0


           BETA
              ANHEDONI      BDI_SUM
              ________      ________
 SPA_PR            10            11
 SNA_PR            12            13
 PER_DAMP          14            15
 PA                 0             0
 NA                 0             0
 ANHEDONI           0             0
 BDI_SUM            0             0


           PSI
              SPA_PR        SNA_PR        PER_DAMP      PA            NA
              ________      ________      ________      ________      ________
 SPA_PR            16
 SNA_PR             0            17
 PER_DAMP           0             0            18
 PA                 0             0             0            19
 NA                 0             0             0             0            20
 ANHEDONI           0             0             0             0             0
 BDI_SUM            0             0             0             0             0


           PSI
              ANHEDONI      BDI_SUM
              ________      ________
 ANHEDONI           0
 BDI_SUM            0             0


     STARTING VALUES FOR WITHIN


           NU
              PER_DAMP      PA            NA            PA&1          NA&1
              ________      ________      ________      ________      ________
                0.000         0.000         0.000         0.000         0.000


           LAMBDA
              PER_DAMP      PA            NA            PA&1          NA&1
              ________      ________      ________      ________      ________
 PER_DAMP       1.000         0.000         0.000         0.000         0.000
 PA             0.000         1.000         0.000         0.000         0.000
 NA             0.000         0.000         1.000         0.000         0.000
 PA&1           0.000         0.000         0.000         1.000         0.000
 NA&1           0.000         0.000         0.000         0.000         1.000


           THETA
              PER_DAMP      PA            NA            PA&1          NA&1
              ________      ________      ________      ________      ________
 PER_DAMP       0.000
 PA             0.000         0.000
 NA             0.000         0.000         0.000
 PA&1           0.000         0.000         0.000         0.000
 NA&1           0.000         0.000         0.000         0.000         0.000


           ALPHA
              PER_DAMP      PA            NA            PA&1          NA&1
              ________      ________      ________      ________      ________
                0.000         0.000         0.000         0.000         0.000


           BETA
              PER_DAMP      PA            NA            PA&1          NA&1
              ________      ________      ________      ________      ________
 PER_DAMP       0.000         0.000         0.000         0.000         0.000
 PA             0.000         0.000         0.000         0.000         0.000
 NA             0.000         0.000         0.000         0.000         0.000
 PA&1           0.000         0.000         0.000         0.000         0.000
 NA&1           0.000         0.000         0.000         0.000         0.000


           PSI
              PER_DAMP      PA            NA            PA&1          NA&1
              ________      ________      ________      ________      ________
 PER_DAMP     110.617
 PA             0.000       151.006
 NA             0.000         0.000        84.765
 PA&1           0.000         0.000         0.000       151.126
 NA&1           0.000         0.000         0.000         0.000        84.764


     STARTING VALUES FOR BETWEEN


           NU
              PER_DAMP      PA            NA            ANHEDONI      BDI_SUM
              ________      ________      ________      ________      ________
                0.000         0.000         0.000         0.000         0.000


           LAMBDA
              SPA_PR        SNA_PR        PER_DAMP      PA            NA
              ________      ________      ________      ________      ________
 PER_DAMP       0.000         0.000         1.000         0.000         0.000
 PA             0.000         0.000         0.000         1.000         0.000
 NA             0.000         0.000         0.000         0.000         1.000
 ANHEDONI       0.000         0.000         0.000         0.000         0.000
 BDI_SUM        0.000         0.000         0.000         0.000         0.000


           LAMBDA
              ANHEDONI      BDI_SUM
              ________      ________
 PER_DAMP       0.000         0.000
 PA             0.000         0.000
 NA             0.000         0.000
 ANHEDONI       1.000         0.000
 BDI_SUM        0.000         1.000


           THETA
              PER_DAMP      PA            NA            ANHEDONI      BDI_SUM
              ________      ________      ________      ________      ________
 PER_DAMP       0.000
 PA             0.000         0.000
 NA             0.000         0.000         0.000
 ANHEDONI       0.000         0.000         0.000         0.000
 BDI_SUM        0.000         0.000         0.000         0.000         0.000


           ALPHA
              SPA_PR        SNA_PR        PER_DAMP      PA            NA
              ________      ________      ________      ________      ________
                0.000         0.000        11.539        45.572        15.612


           ALPHA
              ANHEDONI      BDI_SUM
              ________      ________
                0.000         0.000


           BETA
              SPA_PR        SNA_PR        PER_DAMP      PA            NA
              ________      ________      ________      ________      ________
 SPA_PR         0.000         0.000         0.000         0.000         0.000
 SNA_PR         0.000         0.000         0.000         0.000         0.000
 PER_DAMP       0.000         0.000         0.000         0.000         0.000
 PA             0.000         0.000         0.000         0.000         0.000
 NA             0.000         0.000         0.000         0.000         0.000
 ANHEDONI       0.000         0.000         0.000         0.000         0.000
 BDI_SUM        0.000         0.000         0.000         0.000         0.000


           BETA
              ANHEDONI      BDI_SUM
              ________      ________
 SPA_PR         0.000         0.000
 SNA_PR         0.000         0.000
 PER_DAMP       0.000         0.000
 PA             0.000         0.000
 NA             0.000         0.000
 ANHEDONI       0.000         0.000
 BDI_SUM        0.000         0.000


           PSI
              SPA_PR        SNA_PR        PER_DAMP      PA            NA
              ________      ________      ________      ________      ________
 SPA_PR         1.000
 SNA_PR         0.000         1.000
 PER_DAMP       0.000         0.000       110.617
 PA             0.000         0.000         0.000       151.006
 NA             0.000         0.000         0.000         0.000        84.765
 ANHEDONI       0.000         0.000         0.000         0.000         0.000
 BDI_SUM        0.000         0.000         0.000         0.000         0.000


           PSI
              ANHEDONI      BDI_SUM
              ________      ________
 ANHEDONI      40.163
 BDI_SUM        0.000        15.903



     PRIORS FOR ALL PARAMETERS            PRIOR MEAN      PRIOR VARIANCE     PRIOR STD. DEV.

     Parameter 1~IG(-1.000,0.000)          infinity            infinity            infinity
     Parameter 2~IW(0.000,-3)              infinity            infinity            infinity
     Parameter 3~IW(0.000,-3)              infinity            infinity            infinity
     Parameter 4~IW(0.000,-3)              infinity            infinity            infinity
     Parameter 5~N(0.000,infinity)           0.0000            infinity            infinity
     Parameter 6~N(0.000,infinity)           0.0000            infinity            infinity
     Parameter 7~N(0.000,infinity)           0.0000            infinity            infinity
     Parameter 8~N(0.000,infinity)           0.0000            infinity            infinity
     Parameter 9~N(0.000,infinity)           0.0000            infinity            infinity
     Parameter 10~N(0.000,infinity)          0.0000            infinity            infinity
     Parameter 11~N(0.000,infinity)          0.0000            infinity            infinity
     Parameter 12~N(0.000,infinity)          0.0000            infinity            infinity
     Parameter 13~N(0.000,infinity)          0.0000            infinity            infinity
     Parameter 14~N(0.000,infinity)          0.0000            infinity            infinity
     Parameter 15~N(0.000,infinity)          0.0000            infinity            infinity
     Parameter 16~IG(-1.000,0.000)         infinity            infinity            infinity
     Parameter 17~IG(-1.000,0.000)         infinity            infinity            infinity
     Parameter 18~IG(-1.000,0.000)         infinity            infinity            infinity
     Parameter 19~IG(-1.000,0.000)         infinity            infinity            infinity
     Parameter 20~IG(-1.000,0.000)         infinity            infinity            infinity


TECHNICAL 8 OUTPUT


   TECHNICAL 8 OUTPUT FOR BAYES ESTIMATION

     PROCESSOR    BSEED
     1            0
     2            285380
     3            253358
     4            93468
     5            608496
     6            903420
     7            195873
     8            462953
     9            939021
     10           127215
     11           415931
     12           533738
     13           107446
     14           399671
     15           650371
     16           27071

                     POTENTIAL       PARAMETER WITH
     ITERATION    SCALE REDUCTION      HIGHEST PSR
     100              1.126               1
     200              1.036               1
     300              1.037               5
     400              1.013               11
     500              1.004               5
     600              1.015               16
     700              1.007               2
     800              1.006               7
     900              1.008               7
     1000             1.004               3
     1100             1.006               16
     1200             1.011               16
     1300             1.012               17
     1400             1.001               1
     1500             1.004               5
     1600             1.007               1
     1700             1.007               16
     1800             1.011               16
     1900             1.017               16
     2000             1.019               16


PLOT INFORMATION

The following plots are available:

  Histograms (sample values)
  Scatterplots (sample values)
  Between-level histograms (sample values, sample means/variances)
  Between-level scatterplots (sample values, sample means/variances)
  Time series plots (sample values, ACF, PACF)
  Histogram of subjects per time point
  Time interval plots
  Bayesian posterior parameter distributions
  Bayesian posterior parameter trace plots
  Bayesian autocorrelation plots

     Beginning Time:  00:04:08
        Ending Time:  00:05:23
       Elapsed Time:  00:01:15



MUTHEN & MUTHEN
3463 Stoner Ave.
Los Angeles, CA  90066

Tel: (310) 391-9971
Fax: (310) 391-8971
Web: www.StatModel.com
Support: Support@StatModel.com

Copyright (c) 1998-2022 Muthen & Muthen
