Mplus VERSION 8.8
MUTHEN & MUTHEN
08/26/2023  12:09 AM

INPUT INSTRUCTIONS


  DATA:
  FILE IS data3.dat;

  VARIABLE:   NAMES =
  	    Eth_ID Time Time_between Time_inc
  	    PA_enth NA_irri NA_verv PA_tevr PA_ener
       	    PA_kalm NA_nerv PA_daadk NA_verdr
  	    PA_vrol NA_boos PA_dankb NA_somb PER_att
      	    PER_refl PER_self PER_expr PER_damp
  	    PER_codamp PER_capit Sample age_yr gesl BDI
      	    Measures_valid BDI_anh Anhedonia
   	    BDI_sum PA NA day compliance;

              USEVARIABLES are PER_damp PA NA Anhedonia BDI_sum;
              MISSING is .;
              within = ;
              between = Anhedonia BDI_sum ;
              cluster = Eth_ID;
              lagged= PA NA(1);
              tinterval=Time_inc (150);


  DEFINE:     CENTER Anhedonia BDI_sum (grandmean);

  ANALYSIS:   type = twolevel random;
              estimator = Bayes;
              biterations=(2000);
  !            bconvergence=0.005;
              thin=2;
              PROCESSORS=16;
  MODEL:
  %WITHIN%
  sPA_PR | PER_damp on PA&1;
  sNA_PR | PER_damp on NA&1;
  PA on PA&1@0;
  NA on NA&1@0;
  PER_damp with PA@0;
  PER_damp with NA@0;

  %between%
  sPA_PR sNA_PR on Anhedonia BDI_sum;
  PER_damp on Anhedonia BDI_sum;


  OUTPUT: standardized tech1 tech8 cinterval patterns;
  PLOT: TYPE = PLOT3;



*** WARNING in VARIABLE command
  Note that only the first 8 characters of variable names are used in the output.
  Shorten variable names to avoid any confusion.
*** WARNING in MODEL command
  A y-variable has been declared on the within level but not referred to on
  the between level.  Please check that this is what is intended.  If this is not intended,
  specify the variable as a within variable.  Problem with:  PA
*** WARNING in MODEL command
  A y-variable has been declared on the within level but not referred to on
  the between level.  Please check that this is what is intended.  If this is not intended,
  specify the variable as a within variable.  Problem with:  NA
*** WARNING in PLOT command
  Note that only the first 8 characters of variable names are used in plots.
  If variable names are not unique within the first 8 characters, problems
  may occur.
*** WARNING
  One or more individual-level variables have no variation within a
  cluster for the following clusters.

     Variable   Cluster IDs with no within-cluster variation

      PER_DAMP    82 71 148 165 127 177 180

*** WARNING
  Data set contains cases with missing on all variables.  Cases that appeared before the first
  case with observed data and that appeared after the last case with observed data were not
  included in the analysis.  Number of deleted cases:  679
   6 WARNING(S) FOUND IN THE INPUT INSTRUCTIONS




SUMMARY OF ANALYSIS

Number of groups                                                 1
Number of observations                                       20160

Number of dependent variables                                    3
Number of independent variables                                  4
Number of continuous latent variables                            2

Observed dependent variables

  Continuous
   PER_DAMP    PA          NA

Observed independent variables
   ANHEDONI    BDI_SUM     PA&1        NA&1

Continuous latent variables
   SPA_PR      SNA_PR

Variables with special functions

  Cluster variable      ETH_ID

  Within variables
   PA&1        NA&1

  Between variables
   ANHEDONI    BDI_SUM

  Centering (GRANDMEAN)
   ANHEDONI    BDI_SUM


Estimator                                                    BAYES
Specifications for Bayesian Estimation
  Point estimate                                            MEDIAN
  Number of Markov chain Monte Carlo (MCMC) chains               2
  Random seed for the first chain                                0
  Starting value information                           UNPERTURBED
  Algorithm used for Markov chain Monte Carlo           GIBBS(PX1)
  Convergence criterion                                  0.500D-01
  Maximum number of iterations                               50000
  K-th iteration used for thinning                               2

Input data file(s)
  data3.dat
Input data format  FREE


SUMMARY OF DATA

     Number of clusters                        159

       Size (s)    Cluster ID with Size s

         56        28
         80        82
         84        87
         88        72
         97        34
        101        10
        105        52
        108        119
        111        36
        113        182
        115        89 131
        116        15 188 75 77
        117        11
        118        16 66 49 57 195
        119        197 71 48 149 50 92 38 186 163 106
        120        55 168 7 108 148 192 61 98 165
        122        174
        123        127
        124        161 117 103 51
        125        53 54 13 40 44 88 30 68 100 93 105 112 123 73
        126        107 172 173 102 65 109 111 80 76 120
        127        70 177 133 62 139 118 110 25 115 67 46 104 178 126 193
                   32 86 198 147
        128        43 153 59 156 96 180 18 5
        129        141 144 125 3 185 146 135 190 187 39 137 116 69
        130        138 166 97 14
        133        191
        134        2
        135        194 63 60 183 201 200
        136        26 56
        137        95 4 9 22 19 42
        138        132 29 94
        139        45 74 35 37 84 21 79 145 114
        142        27
        143        179
        144        170 24 171
        145        1 124 162 20
        146        151 6 167
        147        142 31
        148        159 176



SUMMARY OF MISSING DATA PATTERNS

     Number of missing data patterns            13


     MISSING DATA PATTERNS (x = not missing)

           1  2  3  4  5  6  7  8  9 10 11 12 13
 PER_DAMP  x  x              x     x     x     x
 PA        x  x        x  x     x  x     x  x
 NA        x  x        x  x        x  x  x
 PA&1      x     x        x  x     x        x
 NA&1      x     x        x  x           x  x
 ANHEDONI  x  x  x  x  x  x  x  x  x  x  x  x  x
 BDI_SUM   x  x  x  x  x  x  x  x  x  x  x  x  x


     MISSING DATA PATTERN FREQUENCIES

    Pattern   Frequency     Pattern   Frequency     Pattern   Frequency
          1        4881           6          57          11           1
          2        3214           7           3          12           1
          3        3121           8           4          13           1
          4        8808           9           5
          5          63          10           1


COVARIANCE COVERAGE OF DATA

Minimum covariance coverage value   0.100


     PROPORTION OF DATA PRESENT


           Covariance Coverage
              PER_DAMP      PA            NA            ANHEDONI      BDI_SUM
              ________      ________      ________      ________      ________
 PER_DAMP       0.402
 PA             0.402         0.408
 NA             0.402         0.408         0.408
 ANHEDONI       0.402         0.408         0.408         1.000
 BDI_SUM        0.402         0.408         0.408         1.000         1.000



UNIVARIATE SAMPLE STATISTICS


     UNIVARIATE HIGHER-ORDER MOMENT DESCRIPTIVE STATISTICS

         Variable/         Mean/     Skewness/   Minimum/ % with                Percentiles
        Sample Size      Variance    Kurtosis    Maximum  Min/Max      20%/60%    40%/80%    Median

     PER_DAMP             11.539       2.123       0.000   22.73%       0.000      5.000      7.000
            8105.000     221.235       4.572      91.000    0.01%       9.000     17.000
     PA                   44.345       0.056       0.000    0.32%      29.000     40.000     44.667
            8226.000     301.997      -0.250     100.000    0.07%      49.167     59.167
     NA                   14.975       1.412       0.000    7.26%       5.000      9.167     11.500
            8222.000     164.910       1.997      80.667    0.01%      14.333     23.000
     ANHEDONIA             0.000       0.630     -18.380    0.63%      -7.330     -2.924     -0.934
             159.000      79.008       0.606      29.966    0.63%       1.234      6.118
     BDI_SUM               0.000       0.851      -8.050    3.77%      -5.050     -3.050     -1.050
             159.000      31.821       0.278      16.950    1.26%      -0.050      3.950


THE MODEL ESTIMATION TERMINATED NORMALLY

     USE THE FBITERATIONS OPTION TO INCREASE THE NUMBER OF ITERATIONS BY A FACTOR
     OF AT LEAST TWO TO CHECK CONVERGENCE AND THAT THE PSR VALUE DOES NOT INCREASE.



MODEL FIT INFORMATION

Number of Free Parameters                              20

Information Criteria

          Deviance (DIC)                       490193.316
          Estimated Number of Parameters (pD)   36350.547



MODEL RESULTS

                                Posterior  One-Tailed         95% C.I.
                    Estimate       S.D.      P-Value   Lower 2.5%  Upper 2.5%  Significance

Within Level

 PA         ON
    PA&1               0.000       0.000      1.000       0.000       0.000

 NA         ON
    NA&1               0.000       0.000      1.000       0.000       0.000

 PER_DAMP WITH
    PA                 0.000       0.000      1.000       0.000       0.000
    NA                 0.000       0.000      1.000       0.000       0.000

 NA       WITH
    PA               -57.574       1.605      0.000     -60.596     -54.324      *

 Residual Variances
    PER_DAMP          95.827       1.752      0.000      92.460      99.268      *
    PA               169.192       2.680      0.000     164.103     174.670      *
    NA                93.614       1.516      0.000      90.712      96.579      *

Between Level

 SPA_PR     ON
    ANHEDONIA          0.002       0.003      0.239      -0.003       0.008
    BDI_SUM            0.008       0.004      0.027       0.000       0.017

 SNA_PR     ON
    ANHEDONIA          0.007       0.003      0.025       0.000       0.014
    BDI_SUM            0.002       0.006      0.354      -0.009       0.013

 PER_DAMP   ON
    ANHEDONIA          0.019       0.098      0.426      -0.173       0.218
    BDI_SUM            0.402       0.151      0.005       0.092       0.696      *

 Means
    PA                44.426       0.967      0.000      42.546      46.436      *
    NA                15.151       0.722      0.000      13.763      16.622      *

 Intercepts
    PER_DAMP          11.610       0.823      0.000       9.965      13.163      *
    SPA_PR             0.011       0.023      0.343      -0.038       0.054
    SNA_PR             0.138       0.032      0.000       0.076       0.200      *

 Variances
    PA               141.124      16.997      0.000     111.756     179.716      *
    NA                78.084       9.251      0.000      62.941      99.181      *

 Residual Variances
    PER_DAMP         108.468      13.012      0.000      86.743     136.878      *
    SPA_PR             0.060       0.010      0.000       0.043       0.083      *
    SNA_PR             0.093       0.016      0.000       0.067       0.127      *


STANDARDIZED MODEL RESULTS


STDYX Standardization

                                Posterior  One-Tailed         95% C.I.
                    Estimate       S.D.      P-Value   Lower 2.5%  Upper 2.5%  Significance

Within-Level Standardized Estimates Averaged Over Clusters

 SPA_PR | PER_DAMP ON
    PA&1               0.019       0.016      0.127      -0.014       0.049

 SNA_PR | PER_DAMP ON
    NA&1               0.116       0.017      0.000       0.083       0.148      *

 PA         ON
    PA&1               0.000       0.000      1.000       0.000       0.000

 NA         ON
    NA&1               0.000       0.000      1.000       0.000       0.000

 PER_DAMP WITH
    PA                 0.000       0.000      1.000       0.000       0.000
    NA                 0.000       0.000      1.000       0.000       0.000

 NA       WITH
    PA                -0.457       0.009      0.000      -0.474      -0.438      *

 Residual Variances
    PER_DAMP           0.867       0.007      0.000       0.853       0.882      *
    PA                 1.000       0.000      0.000       1.000       1.000
    NA                 1.000       0.000      0.000       1.000       1.000

Between Level

 SPA_PR     ON
    ANHEDONIA          0.048       0.071      0.239      -0.087       0.189
    BDI_SUM            0.131       0.070      0.027      -0.004       0.266

 SNA_PR     ON
    ANHEDONIA          0.138       0.069      0.025       0.000       0.272
    BDI_SUM            0.026       0.073      0.354      -0.115       0.169

 PER_DAMP   ON
    ANHEDONIA          0.011       0.058      0.426      -0.100       0.127
    BDI_SUM            0.151       0.056      0.005       0.034       0.259      *

 Means
    PA                 3.741       0.238      0.000       3.282       4.234      *
    NA                 1.713       0.129      0.000       1.471       1.973      *

 Intercepts
    PER_DAMP           1.098       0.099      0.000       0.910       1.292      *
    SPA_PR             0.042       0.094      0.343      -0.148       0.220
    SNA_PR             0.443       0.107      0.000       0.242       0.655      *

 Variances
    PA                 1.000       0.000      0.000       1.000       1.000
    NA                 1.000       0.000      0.000       1.000       1.000

 Residual Variances
    PER_DAMP           0.973       0.018      0.000       0.928       0.996      *
    SPA_PR             0.974       0.021      0.000       0.920       0.998      *
    SNA_PR             0.975       0.021      0.000       0.918       0.998      *


STDY Standardization

                                Posterior  One-Tailed         95% C.I.
                    Estimate       S.D.      P-Value   Lower 2.5%  Upper 2.5%  Significance

Within-Level Standardized Estimates Averaged Over Clusters

 SPA_PR | PER_DAMP ON
    PA&1               0.001       0.001      0.127      -0.001       0.004

 SNA_PR | PER_DAMP ON
    NA&1               0.012       0.002      0.000       0.009       0.015      *

 PA         ON
    PA&1               0.000       0.000      1.000       0.000       0.000

 NA         ON
    NA&1               0.000       0.000      1.000       0.000       0.000

 PER_DAMP WITH
    PA                 0.000       0.000      1.000       0.000       0.000
    NA                 0.000       0.000      1.000       0.000       0.000

 NA       WITH
    PA                -0.457       0.009      0.000      -0.474      -0.438      *

 Residual Variances
    PER_DAMP           0.867       0.007      0.000       0.853       0.882      *
    PA                 1.000       0.000      0.000       1.000       1.000
    NA                 1.000       0.000      0.000       1.000       1.000

Between Level

 SPA_PR     ON
    ANHEDONIA          0.008       0.011      0.239      -0.014       0.030
    BDI_SUM            0.033       0.018      0.027      -0.001       0.067

 SNA_PR     ON
    ANHEDONIA          0.022       0.011      0.025       0.000       0.043
    BDI_SUM            0.007       0.018      0.354      -0.029       0.042

 PER_DAMP   ON
    ANHEDONIA          0.002       0.009      0.426      -0.016       0.020
    BDI_SUM            0.038       0.014      0.005       0.009       0.065      *

 Means
    PA                 3.741       0.238      0.000       3.282       4.234      *
    NA                 1.713       0.129      0.000       1.471       1.973      *

 Intercepts
    PER_DAMP           1.098       0.099      0.000       0.910       1.292      *
    SPA_PR             0.042       0.094      0.343      -0.148       0.220
    SNA_PR             0.443       0.107      0.000       0.242       0.655      *

 Variances
    PA                 1.000       0.000      0.000       1.000       1.000
    NA                 1.000       0.000      0.000       1.000       1.000

 Residual Variances
    PER_DAMP           0.973       0.018      0.000       0.928       0.996      *
    SPA_PR             0.974       0.021      0.000       0.920       0.998      *
    SNA_PR             0.975       0.021      0.000       0.918       0.998      *


STD Standardization

                                Posterior  One-Tailed         95% C.I.
                    Estimate       S.D.      P-Value   Lower 2.5%  Upper 2.5%  Significance

Within-Level Standardized Estimates Averaged Over Clusters

 SPA_PR | PER_DAMP ON
    PA&1               0.009       0.014      0.245      -0.019       0.035

 SNA_PR | PER_DAMP ON
    NA&1               0.138       0.019      0.000       0.100       0.175      *

 PA         ON
    PA&1               0.000       0.000      1.000       0.000       0.000

 NA         ON
    NA&1               0.000       0.000      1.000       0.000       0.000

 PER_DAMP WITH
    PA                 0.000       0.000      1.000       0.000       0.000
    NA                 0.000       0.000      1.000       0.000       0.000

 NA       WITH
    PA               -57.574       1.605      0.000     -60.596     -54.324      *

 Residual Variances
    PER_DAMP          95.827       1.752      0.000      92.460      99.268      *
    PA               169.192       2.680      0.000     164.103     174.670      *
    NA                93.614       1.516      0.000      90.712      96.579      *

Between Level

 SPA_PR     ON
    ANHEDONIA          0.008       0.011      0.239      -0.014       0.030
    BDI_SUM            0.033       0.018      0.027      -0.001       0.067

 SNA_PR     ON
    ANHEDONIA          0.022       0.011      0.025       0.000       0.043
    BDI_SUM            0.007       0.018      0.354      -0.029       0.042

 PER_DAMP   ON
    ANHEDONIA          0.019       0.098      0.426      -0.173       0.218
    BDI_SUM            0.402       0.151      0.005       0.092       0.696      *

 Means
    PA                44.426       0.967      0.000      42.546      46.436      *
    NA                15.151       0.722      0.000      13.763      16.622      *

 Intercepts
    PER_DAMP          11.610       0.823      0.000       9.965      13.163      *
    SPA_PR             0.042       0.094      0.343      -0.148       0.220
    SNA_PR             0.443       0.107      0.000       0.242       0.655      *

 Variances
    PA               141.124      16.997      0.000     111.756     179.716      *
    NA                78.084       9.251      0.000      62.941      99.181      *

 Residual Variances
    PER_DAMP         108.468      13.012      0.000      86.743     136.878      *
    SPA_PR             0.974       0.021      0.000       0.920       0.998      *
    SNA_PR             0.975       0.021      0.000       0.918       0.998      *


R-SQUARE

Within-Level R-Square Averaged Across Clusters

                                Posterior  One-Tailed         95% C.I.
    Variable        Estimate       S.D.      P-Value   Lower 2.5%  Upper 2.5%

    PER_DAMP           0.133       0.007      0.000       0.118       0.147
    PA                 0.000       0.000      1.000       0.000       0.000
    NA                 0.000       0.000      1.000       0.000       0.000

Between Level

                                Posterior  One-Tailed         95% C.I.
    Variable        Estimate       S.D.      P-Value   Lower 2.5%  Upper 2.5%

    PER_DAMP           0.027       0.018      0.000       0.003       0.071

                                Posterior  One-Tailed         95% C.I.
    Variable        Estimate       S.D.      P-Value   Lower 2.5%  Upper 2.5%

    SPA_PR             0.026       0.021      0.000       0.002       0.079
    SNA_PR             0.025       0.021      0.000       0.002       0.082


CREDIBILITY INTERVALS OF MODEL RESULTS

                  Lower .5%  Lower 2.5%    Lower 5%    Estimate    Upper 5%  Upper 2.5%   Upper .5%

Within Level

 PA       ON
    PA&1             0.000       0.000       0.000       0.000       0.000       0.000       0.000

 NA       ON
    NA&1             0.000       0.000       0.000       0.000       0.000       0.000       0.000

 PER_DAMP WITH
    PA               0.000       0.000       0.000       0.000       0.000       0.000       0.000
    NA               0.000       0.000       0.000       0.000       0.000       0.000       0.000

 NA       WITH
    PA             -61.601     -60.596     -60.077     -57.574     -54.802     -54.324     -53.409

 Residual Variances
    PER_DAMP        91.522      92.460      92.940      95.827      98.775      99.268     100.223
    PA             162.188     164.103     165.041     169.192     173.721     174.670     176.441
    NA              89.793      90.712      91.084      93.614      95.996      96.579      97.820

Between Level

 SPA_PR   ON
    ANHEDONIA       -0.005      -0.003      -0.003       0.002       0.007       0.008       0.010
    BDI_SUM         -0.003       0.000       0.001       0.008       0.015       0.017       0.020

 SNA_PR   ON
    ANHEDONIA       -0.002       0.000       0.001       0.007       0.012       0.014       0.016
    BDI_SUM         -0.012      -0.009      -0.007       0.002       0.011       0.013       0.017

 PER_DAMP ON
    ANHEDONIA       -0.257      -0.173      -0.140       0.019       0.187       0.218       0.279
    BDI_SUM         -0.005       0.092       0.148       0.402       0.643       0.696       0.787

 Means
    PA              41.839      42.546      42.882      44.426      46.113      46.436      46.985
    NA              13.117      13.763      14.012      15.151      16.364      16.622      16.991

 Intercepts
    PER_DAMP         9.306       9.965      10.278      11.610      12.911      13.163      13.719
    SPA_PR          -0.049      -0.038      -0.029       0.011       0.047       0.054       0.070
    SNA_PR           0.056       0.076       0.085       0.138       0.188       0.200       0.216

 Variances
    PA             105.110     111.756     116.350     141.124     171.912     179.716     194.944
    NA              58.521      62.941      65.075      78.084      95.174      99.181     106.564

 Residual Variances
    PER_DAMP        80.665      86.743      89.575     108.468     131.565     136.878     149.249
    SPA_PR           0.038       0.043       0.045       0.060       0.079       0.083       0.089
    SNA_PR           0.053       0.067       0.071       0.093       0.121       0.127       0.140


CREDIBILITY INTERVALS OF STANDARDIZED MODEL RESULTS


STDYX Standardization

                  Lower .5%  Lower 2.5%    Lower 5%    Estimate    Upper 5%  Upper 2.5%   Upper .5%

Within Level

 PA       ON
    PA&1             0.000       0.000       0.000       0.000       0.000       0.000       0.000

 NA       ON
    NA&1             0.000       0.000       0.000       0.000       0.000       0.000       0.000

 PER_DAMP WITH
    PA               0.000       0.000       0.000       0.000       0.000       0.000       0.000
    NA               0.000       0.000       0.000       0.000       0.000       0.000       0.000

 NA       WITH
    PA               0.000      -0.474       0.000      -0.457       0.000      -0.438       0.000

 Residual Variances
    PER_DAMP         0.000       0.853       0.000       0.867       0.000       0.882       0.000
    PA               0.000       1.000       0.000       1.000       0.000       1.000       0.000
    NA               0.000       1.000       0.000       1.000       0.000       1.000       0.000

Between Level

 SPA_PR   ON
    ANHEDONIA       -0.123      -0.087      -0.064       0.048       0.169       0.189       0.234
    BDI_SUM         -0.052      -0.004       0.015       0.131       0.244       0.266       0.311

 SNA_PR   ON
    ANHEDONIA       -0.031       0.000       0.019       0.138       0.249       0.272       0.304
    BDI_SUM         -0.158      -0.115      -0.089       0.026       0.144       0.169       0.221

 PER_DAMP ON
    ANHEDONIA       -0.149      -0.100      -0.082       0.011       0.112       0.127       0.160
    BDI_SUM         -0.002       0.034       0.056       0.151       0.241       0.259       0.293

 Means
    PA               3.160       3.282       3.371       3.741       4.146       4.234       4.391
    NA               1.373       1.471       1.514       1.713       1.937       1.973       2.041

 Intercepts
    PER_DAMP         0.825       0.910       0.937       1.098       1.267       1.292       1.344
    SPA_PR          -0.205      -0.148      -0.117       0.042       0.194       0.220       0.284
    SNA_PR           0.184       0.242       0.271       0.443       0.620       0.655       0.735

 Variances
    PA               1.000       1.000       1.000       1.000       1.000       1.000       1.000
    NA               1.000       1.000       1.000       1.000       1.000       1.000       1.000

 Residual Variances
    PER_DAMP         0.910       0.928       0.937       0.973       0.994       0.996       0.999
    SPA_PR           0.895       0.920       0.930       0.974       0.996       0.998       1.000
    SNA_PR           0.895       0.918       0.929       0.975       0.997       0.998       1.000


STDY Standardization

                  Lower .5%  Lower 2.5%    Lower 5%    Estimate    Upper 5%  Upper 2.5%   Upper .5%

Within Level

 PA       ON
    PA&1             0.000       0.000       0.000       0.000       0.000       0.000       0.000

 NA       ON
    NA&1             0.000       0.000       0.000       0.000       0.000       0.000       0.000

 PER_DAMP WITH
    PA               0.000       0.000       0.000       0.000       0.000       0.000       0.000
    NA               0.000       0.000       0.000       0.000       0.000       0.000       0.000

 NA       WITH
    PA               0.000      -0.474       0.000      -0.457       0.000      -0.438       0.000

 Residual Variances
    PER_DAMP         0.000       0.853       0.000       0.867       0.000       0.882       0.000
    PA               0.000       1.000       0.000       1.000       0.000       1.000       0.000
    NA               0.000       1.000       0.000       1.000       0.000       1.000       0.000

Between Level

 SPA_PR   ON
    ANHEDONIA       -0.019      -0.014      -0.010       0.008       0.027       0.030       0.037
    BDI_SUM         -0.013      -0.001       0.004       0.033       0.061       0.067       0.078

 SNA_PR   ON
    ANHEDONIA       -0.005       0.000       0.003       0.022       0.039       0.043       0.048
    BDI_SUM         -0.040      -0.029      -0.022       0.007       0.036       0.042       0.055

 PER_DAMP ON
    ANHEDONIA       -0.024      -0.016      -0.013       0.002       0.018       0.020       0.025
    BDI_SUM         -0.001       0.009       0.014       0.038       0.060       0.065       0.074

 Means
    PA               3.160       3.282       3.371       3.741       4.146       4.234       4.391
    NA               1.373       1.471       1.514       1.713       1.937       1.973       2.041

 Intercepts
    PER_DAMP         0.825       0.910       0.937       1.098       1.267       1.292       1.344
    SPA_PR          -0.205      -0.148      -0.117       0.042       0.194       0.220       0.284
    SNA_PR           0.184       0.242       0.271       0.443       0.620       0.655       0.735

 Variances
    PA               1.000       1.000       1.000       1.000       1.000       1.000       1.000
    NA               1.000       1.000       1.000       1.000       1.000       1.000       1.000

 Residual Variances
    PER_DAMP         0.910       0.928       0.937       0.973       0.994       0.996       0.999
    SPA_PR           0.895       0.920       0.930       0.974       0.996       0.998       1.000
    SNA_PR           0.895       0.918       0.929       0.975       0.997       0.998       1.000


STD Standardization

                  Lower .5%  Lower 2.5%    Lower 5%    Estimate    Upper 5%  Upper 2.5%   Upper .5%

Within Level

 PA       ON
    PA&1             0.000       0.000       0.000       0.000       0.000       0.000       0.000

 NA       ON
    NA&1             0.000       0.000       0.000       0.000       0.000       0.000       0.000

 PER_DAMP WITH
    PA               0.000       0.000       0.000       0.000       0.000       0.000       0.000
    NA               0.000       0.000       0.000       0.000       0.000       0.000       0.000

 NA       WITH
    PA               0.000     -60.596       0.000     -57.574       0.000     -54.324       0.000

 Residual Variances
    PER_DAMP         0.000      92.460       0.000      95.827       0.000      99.268       0.000
    PA               0.000     164.103       0.000     169.192       0.000     174.670       0.000
    NA               0.000      90.712       0.000      93.614       0.000      96.579       0.000

Between Level

 SPA_PR   ON
    ANHEDONIA       -0.019      -0.014      -0.010       0.008       0.027       0.030       0.037
    BDI_SUM         -0.013      -0.001       0.004       0.033       0.061       0.067       0.078

 SNA_PR   ON
    ANHEDONIA       -0.005       0.000       0.003       0.022       0.039       0.043       0.048
    BDI_SUM         -0.040      -0.029      -0.022       0.007       0.036       0.042       0.055

 PER_DAMP ON
    ANHEDONIA       -0.257      -0.173      -0.140       0.019       0.187       0.218       0.279
    BDI_SUM         -0.005       0.092       0.148       0.402       0.643       0.696       0.787

 Means
    PA              41.839      42.546      42.882      44.426      46.113      46.436      46.985
    NA              13.117      13.763      14.012      15.151      16.364      16.622      16.991

 Intercepts
    PER_DAMP         9.306       9.965      10.278      11.610      12.911      13.163      13.719
    SPA_PR          -0.205      -0.148      -0.117       0.042       0.194       0.220       0.284
    SNA_PR           0.184       0.242       0.271       0.443       0.620       0.655       0.735

 Variances
    PA             105.110     111.756     116.350     141.124     171.912     179.716     194.944
    NA              58.521      62.941      65.075      78.084      95.174      99.181     106.564

 Residual Variances
    PER_DAMP        80.665      86.743      89.575     108.468     131.565     136.878     149.249
    SPA_PR           0.895       0.920       0.930       0.974       0.996       0.998       1.000
    SNA_PR           0.895       0.918       0.929       0.975       0.997       0.998       1.000


TECHNICAL 1 OUTPUT


     PARAMETER SPECIFICATION FOR WITHIN


           NU
              PER_DAMP      PA            NA            PA&1          NA&1
              ________      ________      ________      ________      ________
                    0             0             0             0             0


           LAMBDA
              PER_DAMP      PA            NA            PA&1          NA&1
              ________      ________      ________      ________      ________
 PER_DAMP           0             0             0             0             0
 PA                 0             0             0             0             0
 NA                 0             0             0             0             0
 PA&1               0             0             0             0             0
 NA&1               0             0             0             0             0


           THETA
              PER_DAMP      PA            NA            PA&1          NA&1
              ________      ________      ________      ________      ________
 PER_DAMP           0
 PA                 0             0
 NA                 0             0             0
 PA&1               0             0             0             0
 NA&1               0             0             0             0             0


           ALPHA
              PER_DAMP      PA            NA            PA&1          NA&1
              ________      ________      ________      ________      ________
                    0             0             0             0             0


           BETA
              PER_DAMP      PA            NA            PA&1          NA&1
              ________      ________      ________      ________      ________
 PER_DAMP           0             0             0             0             0
 PA                 0             0             0             0             0
 NA                 0             0             0             0             0
 PA&1               0             0             0             0             0
 NA&1               0             0             0             0             0


           PSI
              PER_DAMP      PA            NA            PA&1          NA&1
              ________      ________      ________      ________      ________
 PER_DAMP           1
 PA                 0             2
 NA                 0             3             4
 PA&1               0             0             0             0
 NA&1               0             0             0             0             0


     PARAMETER SPECIFICATION FOR BETWEEN


           NU
              PER_DAMP      PA            NA            ANHEDONI      BDI_SUM
              ________      ________      ________      ________      ________
                    0             0             0             0             0


           LAMBDA
              SPA_PR        SNA_PR        PER_DAMP      PA            NA
              ________      ________      ________      ________      ________
 PER_DAMP           0             0             0             0             0
 PA                 0             0             0             0             0
 NA                 0             0             0             0             0
 ANHEDONI           0             0             0             0             0
 BDI_SUM            0             0             0             0             0


           LAMBDA
              ANHEDONI      BDI_SUM
              ________      ________
 PER_DAMP           0             0
 PA                 0             0
 NA                 0             0
 ANHEDONI           0             0
 BDI_SUM            0             0


           THETA
              PER_DAMP      PA            NA            ANHEDONI      BDI_SUM
              ________      ________      ________      ________      ________
 PER_DAMP           0
 PA                 0             0
 NA                 0             0             0
 ANHEDONI           0             0             0             0
 BDI_SUM            0             0             0             0             0


           ALPHA
              SPA_PR        SNA_PR        PER_DAMP      PA            NA
              ________      ________      ________      ________      ________
                    5             6             7             8             9


           ALPHA
              ANHEDONI      BDI_SUM
              ________      ________
                    0             0


           BETA
              SPA_PR        SNA_PR        PER_DAMP      PA            NA
              ________      ________      ________      ________      ________
 SPA_PR             0             0             0             0             0
 SNA_PR             0             0             0             0             0
 PER_DAMP           0             0             0             0             0
 PA                 0             0             0             0             0
 NA                 0             0             0             0             0
 ANHEDONI           0             0             0             0             0
 BDI_SUM            0             0             0             0             0


           BETA
              ANHEDONI      BDI_SUM
              ________      ________
 SPA_PR            10            11
 SNA_PR            12            13
 PER_DAMP          14            15
 PA                 0             0
 NA                 0             0
 ANHEDONI           0             0
 BDI_SUM            0             0


           PSI
              SPA_PR        SNA_PR        PER_DAMP      PA            NA
              ________      ________      ________      ________      ________
 SPA_PR            16
 SNA_PR             0            17
 PER_DAMP           0             0            18
 PA                 0             0             0            19
 NA                 0             0             0             0            20
 ANHEDONI           0             0             0             0             0
 BDI_SUM            0             0             0             0             0


           PSI
              ANHEDONI      BDI_SUM
              ________      ________
 ANHEDONI           0
 BDI_SUM            0             0


     STARTING VALUES FOR WITHIN


           NU
              PER_DAMP      PA            NA            PA&1          NA&1
              ________      ________      ________      ________      ________
                0.000         0.000         0.000         0.000         0.000


           LAMBDA
              PER_DAMP      PA            NA            PA&1          NA&1
              ________      ________      ________      ________      ________
 PER_DAMP       1.000         0.000         0.000         0.000         0.000
 PA             0.000         1.000         0.000         0.000         0.000
 NA             0.000         0.000         1.000         0.000         0.000
 PA&1           0.000         0.000         0.000         1.000         0.000
 NA&1           0.000         0.000         0.000         0.000         1.000


           THETA
              PER_DAMP      PA            NA            PA&1          NA&1
              ________      ________      ________      ________      ________
 PER_DAMP       0.000
 PA             0.000         0.000
 NA             0.000         0.000         0.000
 PA&1           0.000         0.000         0.000         0.000
 NA&1           0.000         0.000         0.000         0.000         0.000


           ALPHA
              PER_DAMP      PA            NA            PA&1          NA&1
              ________      ________      ________      ________      ________
                0.000         0.000         0.000         0.000         0.000


           BETA
              PER_DAMP      PA            NA            PA&1          NA&1
              ________      ________      ________      ________      ________
 PER_DAMP       0.000         0.000         0.000         0.000         0.000
 PA             0.000         0.000         0.000         0.000         0.000
 NA             0.000         0.000         0.000         0.000         0.000
 PA&1           0.000         0.000         0.000         0.000         0.000
 NA&1           0.000         0.000         0.000         0.000         0.000


           PSI
              PER_DAMP      PA            NA            PA&1          NA&1
              ________      ________      ________      ________      ________
 PER_DAMP     110.617
 PA             0.000       150.998
 NA             0.000         0.000        82.455
 PA&1           0.000         0.000         0.000       151.182
 NA&1           0.000         0.000         0.000         0.000        82.346


     STARTING VALUES FOR BETWEEN


           NU
              PER_DAMP      PA            NA            ANHEDONI      BDI_SUM
              ________      ________      ________      ________      ________
                0.000         0.000         0.000         0.000         0.000


           LAMBDA
              SPA_PR        SNA_PR        PER_DAMP      PA            NA
              ________      ________      ________      ________      ________
 PER_DAMP       0.000         0.000         1.000         0.000         0.000
 PA             0.000         0.000         0.000         1.000         0.000
 NA             0.000         0.000         0.000         0.000         1.000
 ANHEDONI       0.000         0.000         0.000         0.000         0.000
 BDI_SUM        0.000         0.000         0.000         0.000         0.000


           LAMBDA
              ANHEDONI      BDI_SUM
              ________      ________
 PER_DAMP       0.000         0.000
 PA             0.000         0.000
 NA             0.000         0.000
 ANHEDONI       1.000         0.000
 BDI_SUM        0.000         1.000


           THETA
              PER_DAMP      PA            NA            ANHEDONI      BDI_SUM
              ________      ________      ________      ________      ________
 PER_DAMP       0.000
 PA             0.000         0.000
 NA             0.000         0.000         0.000
 ANHEDONI       0.000         0.000         0.000         0.000
 BDI_SUM        0.000         0.000         0.000         0.000         0.000


           ALPHA
              SPA_PR        SNA_PR        PER_DAMP      PA            NA
              ________      ________      ________      ________      ________
                0.000         0.000        11.539        44.345        14.975


           ALPHA
              ANHEDONI      BDI_SUM
              ________      ________
                0.000         0.000


           BETA
              SPA_PR        SNA_PR        PER_DAMP      PA            NA
              ________      ________      ________      ________      ________
 SPA_PR         0.000         0.000         0.000         0.000         0.000
 SNA_PR         0.000         0.000         0.000         0.000         0.000
 PER_DAMP       0.000         0.000         0.000         0.000         0.000
 PA             0.000         0.000         0.000         0.000         0.000
 NA             0.000         0.000         0.000         0.000         0.000
 ANHEDONI       0.000         0.000         0.000         0.000         0.000
 BDI_SUM        0.000         0.000         0.000         0.000         0.000


           BETA
              ANHEDONI      BDI_SUM
              ________      ________
 SPA_PR         0.000         0.000
 SNA_PR         0.000         0.000
 PER_DAMP       0.000         0.000
 PA             0.000         0.000
 NA             0.000         0.000
 ANHEDONI       0.000         0.000
 BDI_SUM        0.000         0.000


           PSI
              SPA_PR        SNA_PR        PER_DAMP      PA            NA
              ________      ________      ________      ________      ________
 SPA_PR         1.000
 SNA_PR         0.000         1.000
 PER_DAMP       0.000         0.000       110.617
 PA             0.000         0.000         0.000       150.998
 NA             0.000         0.000         0.000         0.000        82.455
 ANHEDONI       0.000         0.000         0.000         0.000         0.000
 BDI_SUM        0.000         0.000         0.000         0.000         0.000


           PSI
              ANHEDONI      BDI_SUM
              ________      ________
 ANHEDONI      40.163
 BDI_SUM        0.000        15.903



     PRIORS FOR ALL PARAMETERS            PRIOR MEAN      PRIOR VARIANCE     PRIOR STD. DEV.

     Parameter 1~IG(-1.000,0.000)          infinity            infinity            infinity
     Parameter 2~IW(0.000,-3)              infinity            infinity            infinity
     Parameter 3~IW(0.000,-3)              infinity            infinity            infinity
     Parameter 4~IW(0.000,-3)              infinity            infinity            infinity
     Parameter 5~N(0.000,infinity)           0.0000            infinity            infinity
     Parameter 6~N(0.000,infinity)           0.0000            infinity            infinity
     Parameter 7~N(0.000,infinity)           0.0000            infinity            infinity
     Parameter 8~N(0.000,infinity)           0.0000            infinity            infinity
     Parameter 9~N(0.000,infinity)           0.0000            infinity            infinity
     Parameter 10~N(0.000,infinity)          0.0000            infinity            infinity
     Parameter 11~N(0.000,infinity)          0.0000            infinity            infinity
     Parameter 12~N(0.000,infinity)          0.0000            infinity            infinity
     Parameter 13~N(0.000,infinity)          0.0000            infinity            infinity
     Parameter 14~N(0.000,infinity)          0.0000            infinity            infinity
     Parameter 15~N(0.000,infinity)          0.0000            infinity            infinity
     Parameter 16~IG(-1.000,0.000)         infinity            infinity            infinity
     Parameter 17~IG(-1.000,0.000)         infinity            infinity            infinity
     Parameter 18~IG(-1.000,0.000)         infinity            infinity            infinity
     Parameter 19~IG(-1.000,0.000)         infinity            infinity            infinity
     Parameter 20~IG(-1.000,0.000)         infinity            infinity            infinity


TECHNICAL 8 OUTPUT


   TECHNICAL 8 OUTPUT FOR BAYES ESTIMATION

     PROCESSOR    BSEED
     1            0
     2            285380
     3            253358
     4            93468
     5            608496
     6            903420
     7            195873
     8            462953
     9            939021
     10           127215
     11           415931
     12           533738
     13           107446
     14           399671
     15           650371
     16           27071

                     POTENTIAL       PARAMETER WITH
     ITERATION    SCALE REDUCTION      HIGHEST PSR
     100              1.046               2
     200              1.037               17
     300              1.038               17
     400              1.014               11
     500              1.006               1
     600              1.004               19
     700              1.013               16
     800              1.005               7
     900              1.006               7
     1000             1.004               4
     1100             1.003               18
     1200             1.004               16
     1300             1.002               17
     1400             1.009               5
     1500             1.012               5
     1600             1.010               5
     1700             1.009               16
     1800             1.016               16
     1900             1.022               16
     2000             1.020               16


PLOT INFORMATION

The following plots are available:

  Histograms (sample values)
  Scatterplots (sample values)
  Between-level histograms (sample values, sample means/variances)
  Between-level scatterplots (sample values, sample means/variances)
  Time series plots (sample values, ACF, PACF)
  Histogram of subjects per time point
  Time interval plots
  Bayesian posterior parameter distributions
  Bayesian posterior parameter trace plots
  Bayesian autocorrelation plots

     Beginning Time:  00:09:44
        Ending Time:  00:10:58
       Elapsed Time:  00:01:14



MUTHEN & MUTHEN
3463 Stoner Ave.
Los Angeles, CA  90066

Tel: (310) 391-9971
Fax: (310) 391-8971
Web: www.StatModel.com
Support: Support@StatModel.com

Copyright (c) 1998-2022 Muthen & Muthen
