Mplus VERSION 8.8
MUTHEN & MUTHEN
07/13/2023   9:36 PM

INPUT INSTRUCTIONS


  DATA:
  FILE IS data1.dat;

  VARIABLE:   NAMES =
  	    Eth_ID Time Time_between Time_inc
  	    PA_enth NA_irri NA_verv PA_tevr PA_ener
       	    PA_kalm NA_nerv PA_daadk NA_verdr
  	    PA_vrol NA_boos PA_dankb NA_somb PER_att
      	    PER_refl PER_self PER_expr PER_damp
  	    PER_codamp PER_capit Sample age_yr gesl BDI
      	    Measures_valid BDI_anh Anhedonia
   	    BDI_sum PA NA day compliance;

              USEVARIABLES are PER_refl PA NA Anhedonia BDI_sum;
              MISSING is .;
              within = ;
              between = Anhedonia BDI_sum ;
              cluster = Eth_ID;
              lagged= PA NA(1);
              tinterval=Time_inc (150);


  DEFINE:     CENTER Anhedonia BDI_sum (grandmean);

  ANALYSIS:   type = twolevel random;
              estimator = Bayes;
              biterations=(2000);
              bconvergence=0.005;
              thin=2;
              PROCESSORS=16;
  MODEL:
  %WITHIN%
  sPA_PR | PER_refl on PA&1;
  sNA_PR | PER_refl on NA&1;
  PA on PA&1@0;
  NA on NA&1@0;
  PER_refl with PA@0;
  PER_refl with NA@0;

  %between%
  sPA_PR sNA_PR on Anhedonia BDI_sum;
  PER_refl on Anhedonia BDI_sum;


  OUTPUT: standardized tech1 tech8 cinterval patterns;
  PLOT: TYPE = PLOT3;



*** WARNING in VARIABLE command
  Note that only the first 8 characters of variable names are used in the output.
  Shorten variable names to avoid any confusion.
*** WARNING in MODEL command
  A y-variable has been declared on the within level but not referred to on
  the between level.  Please check that this is what is intended.  If this is not intended,
  specify the variable as a within variable.  Problem with:  PA
*** WARNING in MODEL command
  A y-variable has been declared on the within level but not referred to on
  the between level.  Please check that this is what is intended.  If this is not intended,
  specify the variable as a within variable.  Problem with:  NA
*** WARNING in PLOT command
  Note that only the first 8 characters of variable names are used in plots.
  If variable names are not unique within the first 8 characters, problems
  may occur.
*** WARNING
  One or more individual-level variables have no variation within a
  cluster for the following clusters.

     Variable   Cluster IDs with no within-cluster variation

      PER_REFL    165 73

*** WARNING
  Data set contains cases with missing on all variables.  Cases that appeared before the first
  case with observed data and that appeared after the last case with observed data were not
  included in the analysis.  Number of deleted cases:  1504
   6 WARNING(S) FOUND IN THE INPUT INSTRUCTIONS




SUMMARY OF ANALYSIS

Number of groups                                                 1
Number of observations                                       22812

Number of dependent variables                                    3
Number of independent variables                                  4
Number of continuous latent variables                            2

Observed dependent variables

  Continuous
   PER_REFL    PA          NA

Observed independent variables
   ANHEDONI    BDI_SUM     PA&1        NA&1

Continuous latent variables
   SPA_PR      SNA_PR

Variables with special functions

  Cluster variable      ETH_ID

  Within variables
   PA&1        NA&1

  Between variables
   ANHEDONI    BDI_SUM

  Centering (GRANDMEAN)
   ANHEDONI    BDI_SUM


Estimator                                                    BAYES
Specifications for Bayesian Estimation
  Point estimate                                            MEDIAN
  Number of Markov chain Monte Carlo (MCMC) chains               2
  Random seed for the first chain                                0
  Starting value information                           UNPERTURBED
  Algorithm used for Markov chain Monte Carlo           GIBBS(PX1)
  Convergence criterion                                  0.500D-02
  Maximum number of iterations                               50000
  K-th iteration used for thinning                               2

Input data file(s)
  data1.dat
Input data format  FREE


SUMMARY OF DATA

     Number of clusters                        200

       Size (s)    Cluster ID with Size s

          1        129
          9        81
         11        128
         12        99
         13        64 150
         14        47 23 158
         19        169
         21        160
         22        175
         30        83
         33        8
         41        58
         43        41 199
         48        85 12
         51        17
         53        152
         56        28
         58        33
         67        121
         69        136
         80        82
         84        87
         88        72
         89        143
         91        140
         96        113
         97        34
        100        157 134
        101        10
        103        164
        105        52
        106        154
        107        101
        108        119
        109        90
        111        36
        113        182
        115        91 131 89
        116        188 15 75 77 78
        117        11
        118        195 57 49 16 66
        119        197 48 92 38 71 163 149 186 106 50
        120        148 108 61 98 55 165 7 192 168
        121        189
        122        174
        123        127
        124        184 161 117 51 103
        125        100 68 105 40 53 13 93 88 54 112 123 73 30 44
        126        120 102 173 76 107 109 111 80 65 172
        127        32 126 25 115 46 67 193 110 178 130 118 198 104 86 177
                   133 70 147 139 62
        128        196 156 180 18 59 5 153 96 43
        129        146 125 135 185 116 187 144 137 39 69 141 3 190
        130        138 14 166 97
        133        191
        134        2
        135        60 183 194 200 63 201
        136        122 56 26
        137        9 22 19 42 155 95 4
        138        29 94 132
        139        37 74 21 84 114 79 145 45 35
        142        27
        143        179
        144        171 170 24
        145        162 1 124 20
        146        6 151 167
        147        142 31
        148        176 159



SUMMARY OF MISSING DATA PATTERNS

     Number of missing data patterns            14


     MISSING DATA PATTERNS (x = not missing)

           1  2  3  4  5  6  7  8  9 10 11 12 13 14
 PER_REFL  x  x              x  x           x     x
 PA        x  x        x  x        x     x  x     x
 NA        x  x        x  x                 x  x  x
 PA&1      x     x     x        x  x  x     x
 NA&1      x     x     x        x  x              x
 ANHEDONI  x  x  x  x  x  x  x  x  x  x  x  x  x  x
 BDI_SUM   x  x  x  x  x  x  x  x  x  x  x  x  x  x


     MISSING DATA PATTERN FREQUENCIES

    Pattern   Frequency     Pattern   Frequency     Pattern   Frequency
          1        5028           6          69          11           4
          2        3522           7           2          12           5
          3        3393           8           3          13           1
          4       10730           9           2          14           1
          5          51          10           1


COVARIANCE COVERAGE OF DATA

Minimum covariance coverage value   0.100


     PROPORTION OF DATA PRESENT


           Covariance Coverage
              PER_REFL      PA            NA            ANHEDONI      BDI_SUM
              ________      ________      ________      ________      ________
 PER_REFL       0.375
 PA             0.375         0.381
 NA             0.375         0.380         0.380
 ANHEDONI       0.375         0.381         0.380         1.000
 BDI_SUM        0.375         0.381         0.380         1.000         1.000



UNIVARIATE SAMPLE STATISTICS


     UNIVARIATE HIGHER-ORDER MOMENT DESCRIPTIVE STATISTICS

         Variable/         Mean/     Skewness/   Minimum/ % with                Percentiles
        Sample Size      Variance    Kurtosis    Maximum  Min/Max      20%/60%    40%/80%    Median

     PER_REFL             28.591       0.675       0.000    9.31%       6.000     15.000     23.000
            8561.000     575.941      -0.461     100.000    0.49%      32.000     51.000
     PA                   45.712      -0.024       0.000    0.28%      31.000     41.714     46.143
            8682.000     302.283      -0.228     100.000    0.07%      50.429     60.429
     NA                   15.187       1.394       0.000    6.91%       5.167      9.333     11.667
            8677.000     166.739       1.923      80.667    0.01%      14.500     23.333
     ANHEDONIA             0.000       0.577     -17.906    0.50%      -7.529     -2.635     -0.893
             200.000      74.400       0.657      30.440    0.50%       1.646      6.282
     BDI_SUM               0.000       1.052      -8.485    4.50%      -4.485     -3.485     -1.485
             200.000      37.640       1.419      27.515    0.50%       0.515      4.515


THE MODEL ESTIMATION TERMINATED NORMALLY

     USE THE FBITERATIONS OPTION TO INCREASE THE NUMBER OF ITERATIONS BY A FACTOR
     OF AT LEAST TWO TO CHECK CONVERGENCE AND THAT THE PSR VALUE DOES NOT INCREASE.



MODEL FIT INFORMATION

Number of Free Parameters                              20

Information Criteria

          Deviance (DIC)                       584492.952
          Estimated Number of Parameters (pD)   42965.503



MODEL RESULTS

                                Posterior  One-Tailed         95% C.I.
                    Estimate       S.D.      P-Value   Lower 2.5%  Upper 2.5%  Significance

Within Level

 PA         ON
    PA&1               0.000       0.000      1.000       0.000       0.000

 NA         ON
    NA&1               0.000       0.000      1.000       0.000       0.000

 PER_REFL WITH
    PA                 0.000       0.000      1.000       0.000       0.000
    NA                 0.000       0.000      1.000       0.000       0.000

 NA       WITH
    PA               -60.693       1.528      0.000     -63.634     -57.641      *

 Residual Variances
    PER_REFL         326.975       6.049      0.000     314.775     338.804      *
    PA               173.148       2.725      0.000     167.782     178.668      *
    NA                93.743       1.467      0.000      90.890      96.666      *

Between Level

 SPA_PR     ON
    ANHEDONIA         -0.007       0.004      0.022      -0.014       0.000      *
    BDI_SUM            0.003       0.005      0.306      -0.008       0.013

 SNA_PR     ON
    ANHEDONIA         -0.005       0.005      0.166      -0.015       0.005
    BDI_SUM           -0.005       0.007      0.260      -0.020       0.009

 PER_REFL   ON
    ANHEDONIA         -0.168       0.128      0.099      -0.424       0.089
    BDI_SUM           -0.016       0.186      0.462      -0.386       0.349

 Means
    PA                46.237       0.819      0.000      44.576      47.822      *
    NA                15.751       0.635      0.000      14.516      16.977      *

 Intercepts
    PER_REFL          29.991       1.084      0.000      27.896      32.180      *
    SPA_PR             0.267       0.033      0.000       0.200       0.335      *
    SNA_PR             0.212       0.047      0.000       0.116       0.300      *

 Variances
    PA               125.715      13.364      0.000     103.314     156.567      *
    NA                77.534       8.246      0.000      63.179      96.101      *

 Residual Variances
    PER_REFL         227.906      25.315      0.000     183.884     286.416      *
    SPA_PR             0.073       0.017      0.000       0.043       0.109      *
    SNA_PR             0.133       0.042      0.000       0.059       0.221      *


STANDARDIZED MODEL RESULTS


STDYX Standardization

                                Posterior  One-Tailed         95% C.I.
                    Estimate       S.D.      P-Value   Lower 2.5%  Upper 2.5%  Significance

Within-Level Standardized Estimates Averaged Over Clusters

 SPA_PR | PER_REFL ON
    PA&1               0.182       0.019      0.000       0.145       0.219      *

 SNA_PR | PER_REFL ON
    NA&1               0.106       0.019      0.000       0.068       0.142      *

 PA         ON
    PA&1               0.000       0.000      1.000       0.000       0.000

 NA         ON
    NA&1               0.000       0.000      1.000       0.000       0.000

 PER_REFL WITH
    PA                 0.000       0.000      1.000       0.000       0.000
    NA                 0.000       0.000      1.000       0.000       0.000

 NA       WITH
    PA                -0.476       0.008      0.000      -0.493      -0.460      *

 Residual Variances
    PER_REFL           0.912       0.011      0.000       0.892       0.933      *
    PA                 1.000       0.000      0.000       1.000       1.000
    NA                 1.000       0.000      0.000       1.000       1.000

Between Level

 SPA_PR     ON
    ANHEDONIA         -0.157       0.082      0.022      -0.321      -0.004      *
    BDI_SUM            0.044       0.084      0.306      -0.124       0.197

 SNA_PR     ON
    ANHEDONIA         -0.084       0.086      0.166      -0.254       0.082
    BDI_SUM           -0.058       0.088      0.260      -0.231       0.108

 PER_REFL   ON
    ANHEDONIA         -0.070       0.053      0.099      -0.175       0.037
    BDI_SUM           -0.005       0.052      0.462      -0.107       0.097

 Means
    PA                 4.130       0.230      0.000       3.676       4.584      *
    NA                 1.789       0.116      0.000       1.563       2.026      *

 Intercepts
    PER_REFL           1.977       0.128      0.000       1.730       2.233      *
    SPA_PR             0.975       0.175      0.000       0.677       1.371      *
    SNA_PR             0.580       0.153      0.000       0.316       0.913      *

 Variances
    PA                 1.000       0.000      0.000       1.000       1.000
    NA                 1.000       0.000      0.000       1.000       1.000

 Residual Variances
    PER_REFL           0.992       0.009      0.000       0.966       1.000      *
    SPA_PR             0.966       0.031      0.000       0.882       0.997      *
    SNA_PR             0.981       0.022      0.000       0.920       0.999      *


STDY Standardization

                                Posterior  One-Tailed         95% C.I.
                    Estimate       S.D.      P-Value   Lower 2.5%  Upper 2.5%  Significance

Within-Level Standardized Estimates Averaged Over Clusters

 SPA_PR | PER_REFL ON
    PA&1               0.014       0.001      0.000       0.011       0.017      *

 SNA_PR | PER_REFL ON
    NA&1               0.011       0.002      0.000       0.007       0.015      *

 PA         ON
    PA&1               0.000       0.000      1.000       0.000       0.000

 NA         ON
    NA&1               0.000       0.000      1.000       0.000       0.000

 PER_REFL WITH
    PA                 0.000       0.000      1.000       0.000       0.000
    NA                 0.000       0.000      1.000       0.000       0.000

 NA       WITH
    PA                -0.476       0.008      0.000      -0.493      -0.460      *

 Residual Variances
    PER_REFL           0.912       0.011      0.000       0.892       0.933      *
    PA                 1.000       0.000      0.000       1.000       1.000
    NA                 1.000       0.000      0.000       1.000       1.000

Between Level

 SPA_PR     ON
    ANHEDONIA         -0.025       0.013      0.022      -0.051      -0.001      *
    BDI_SUM            0.010       0.020      0.306      -0.029       0.046

 SNA_PR     ON
    ANHEDONIA         -0.013       0.014      0.166      -0.040       0.013
    BDI_SUM           -0.014       0.021      0.260      -0.054       0.025

 PER_REFL   ON
    ANHEDONIA         -0.011       0.008      0.099      -0.028       0.006
    BDI_SUM           -0.001       0.012      0.462      -0.025       0.023

 Means
    PA                 4.130       0.230      0.000       3.676       4.584      *
    NA                 1.789       0.116      0.000       1.563       2.026      *

 Intercepts
    PER_REFL           1.977       0.128      0.000       1.730       2.233      *
    SPA_PR             0.975       0.175      0.000       0.677       1.371      *
    SNA_PR             0.580       0.153      0.000       0.316       0.913      *

 Variances
    PA                 1.000       0.000      0.000       1.000       1.000
    NA                 1.000       0.000      0.000       1.000       1.000

 Residual Variances
    PER_REFL           0.992       0.009      0.000       0.966       1.000      *
    SPA_PR             0.966       0.031      0.000       0.882       0.997      *
    SNA_PR             0.981       0.022      0.000       0.920       0.999      *


STD Standardization

                                Posterior  One-Tailed         95% C.I.
                    Estimate       S.D.      P-Value   Lower 2.5%  Upper 2.5%  Significance

Within-Level Standardized Estimates Averaged Over Clusters

 SPA_PR | PER_REFL ON
    PA&1               0.270       0.027      0.000       0.215       0.324      *

 SNA_PR | PER_REFL ON
    NA&1               0.211       0.039      0.000       0.134       0.284      *

 PA         ON
    PA&1               0.000       0.000      1.000       0.000       0.000

 NA         ON
    NA&1               0.000       0.000      1.000       0.000       0.000

 PER_REFL WITH
    PA                 0.000       0.000      1.000       0.000       0.000
    NA                 0.000       0.000      1.000       0.000       0.000

 NA       WITH
    PA               -60.703       1.529      0.000     -63.667     -57.643      *

 Residual Variances
    PER_REFL         327.006       6.051      0.000     314.802     338.892      *
    PA               173.172       2.709      0.000     167.838     178.668      *
    NA                93.764       1.462      0.000      90.910      96.734      *

Between Level

 SPA_PR     ON
    ANHEDONIA         -0.025       0.013      0.022      -0.051      -0.001      *
    BDI_SUM            0.010       0.020      0.306      -0.029       0.046

 SNA_PR     ON
    ANHEDONIA         -0.013       0.014      0.166      -0.040       0.013
    BDI_SUM           -0.014       0.021      0.260      -0.054       0.025

 PER_REFL   ON
    ANHEDONIA         -0.168       0.128      0.099      -0.424       0.089
    BDI_SUM           -0.016       0.186      0.462      -0.386       0.349

 Means
    PA                46.237       0.819      0.000      44.576      47.822      *
    NA                15.751       0.635      0.000      14.516      16.977      *

 Intercepts
    PER_REFL          29.991       1.084      0.000      27.896      32.180      *
    SPA_PR             0.975       0.175      0.000       0.677       1.371      *
    SNA_PR             0.580       0.153      0.000       0.316       0.913      *

 Variances
    PA               125.715      13.364      0.000     103.314     156.567      *
    NA                77.534       8.246      0.000      63.179      96.101      *

 Residual Variances
    PER_REFL         227.906      25.315      0.000     183.884     286.416      *
    SPA_PR             0.966       0.031      0.000       0.882       0.997      *
    SNA_PR             0.981       0.022      0.000       0.920       0.999      *


R-SQUARE

Within-Level R-Square Averaged Across Clusters

                                Posterior  One-Tailed         95% C.I.
    Variable        Estimate       S.D.      P-Value   Lower 2.5%  Upper 2.5%

    PER_REFL           0.088       0.011      0.000       0.067       0.108
    PA                 0.000       0.000      1.000       0.000       0.000
    NA                 0.000       0.000      1.000       0.000       0.000

Between Level

                                Posterior  One-Tailed         95% C.I.
    Variable        Estimate       S.D.      P-Value   Lower 2.5%  Upper 2.5%

    PER_REFL           0.008       0.009      0.000       0.000       0.034

                                Posterior  One-Tailed         95% C.I.
    Variable        Estimate       S.D.      P-Value   Lower 2.5%  Upper 2.5%

    SPA_PR             0.034       0.031      0.000       0.003       0.118
    SNA_PR             0.019       0.022      0.000       0.001       0.080


CREDIBILITY INTERVALS OF MODEL RESULTS

                  Lower .5%  Lower 2.5%    Lower 5%    Estimate    Upper 5%  Upper 2.5%   Upper .5%

Within Level

 PA       ON
    PA&1             0.000       0.000       0.000       0.000       0.000       0.000       0.000

 NA       ON
    NA&1             0.000       0.000       0.000       0.000       0.000       0.000       0.000

 PER_REFL WITH
    PA               0.000       0.000       0.000       0.000       0.000       0.000       0.000
    NA               0.000       0.000       0.000       0.000       0.000       0.000       0.000

 NA       WITH
    PA             -64.665     -63.634     -63.220     -60.693     -58.228     -57.641     -56.792

 Residual Variances
    PER_REFL       311.457     314.775     317.236     326.975     336.940     338.804     342.153
    PA             166.379     167.782     168.773     173.148     177.772     178.668     180.520
    NA              90.083      90.890      91.279      93.743      96.092      96.666      97.739

Between Level

 SPA_PR   ON
    ANHEDONIA       -0.017      -0.014      -0.013      -0.007      -0.001       0.000       0.003
    BDI_SUM         -0.012      -0.008      -0.006       0.003       0.012       0.013       0.017

 SNA_PR   ON
    ANHEDONIA       -0.018      -0.015      -0.013      -0.005       0.003       0.005       0.008
    BDI_SUM         -0.025      -0.020      -0.018      -0.005       0.007       0.009       0.014

 PER_REFL ON
    ANHEDONIA       -0.499      -0.424      -0.383      -0.168       0.046       0.089       0.147
    BDI_SUM         -0.492      -0.386      -0.317      -0.016       0.293       0.349       0.461

 Means
    PA              44.176      44.576      44.797      46.237      47.573      47.822      48.249
    NA              14.104      14.516      14.706      15.751      16.788      16.977      17.285

 Intercepts
    PER_REFL        27.150      27.896      28.181      29.991      31.773      32.180      32.846
    SPA_PR           0.177       0.200       0.215       0.267       0.325       0.335       0.352
    SNA_PR           0.091       0.116       0.133       0.212       0.285       0.300       0.331

 Variances
    PA              96.755     103.314     106.026     125.715     150.203     156.567     165.731
    NA              59.635      63.179      65.300      77.534      92.823      96.101     101.979

 Residual Variances
    PER_REFL       175.279     183.884     190.615     227.906     273.988     286.416     306.103
    SPA_PR           0.034       0.043       0.048       0.073       0.102       0.109       0.121
    SNA_PR           0.045       0.059       0.068       0.133       0.207       0.221       0.253


CREDIBILITY INTERVALS OF STANDARDIZED MODEL RESULTS


STDYX Standardization

                  Lower .5%  Lower 2.5%    Lower 5%    Estimate    Upper 5%  Upper 2.5%   Upper .5%

Within Level

 PA       ON
    PA&1             0.000       0.000       0.000       0.000       0.000       0.000       0.000

 NA       ON
    NA&1             0.000       0.000       0.000       0.000       0.000       0.000       0.000

 PER_REFL WITH
    PA               0.000       0.000       0.000       0.000       0.000       0.000       0.000
    NA               0.000       0.000       0.000       0.000       0.000       0.000       0.000

 NA       WITH
    PA               0.000      -0.493       0.000      -0.476       0.000      -0.460       0.000

 Residual Variances
    PER_REFL         0.000       0.892       0.000       0.912       0.000       0.933       0.000
    PA               0.000       1.000       0.000       1.000       0.000       1.000       0.000
    NA               0.000       1.000       0.000       1.000       0.000       1.000       0.000

Between Level

 SPA_PR   ON
    ANHEDONIA       -0.384      -0.321      -0.300      -0.157      -0.025      -0.004       0.056
    BDI_SUM         -0.170      -0.124      -0.098       0.044       0.180       0.197       0.255

 SNA_PR   ON
    ANHEDONIA       -0.305      -0.254      -0.229      -0.084       0.056       0.082       0.130
    BDI_SUM         -0.288      -0.231      -0.205      -0.058       0.086       0.108       0.157

 PER_REFL ON
    ANHEDONIA       -0.199      -0.175      -0.159      -0.070       0.019       0.037       0.060
    BDI_SUM         -0.134      -0.107      -0.089      -0.005       0.080       0.097       0.123

 Means
    PA               3.540       3.676       3.748       4.130       4.500       4.584       4.760
    NA               1.508       1.563       1.595       1.789       1.985       2.026       2.106

 Intercepts
    PER_REFL         1.638       1.730       1.766       1.977       2.190       2.233       2.299
    SPA_PR           0.586       0.677       0.724       0.975       1.291       1.371       1.557
    SNA_PR           0.221       0.316       0.355       0.580       0.852       0.913       1.091

 Variances
    PA               1.000       1.000       1.000       1.000       1.000       1.000       1.000
    NA               1.000       1.000       1.000       1.000       1.000       1.000       1.000

 Residual Variances
    PER_REFL         0.954       0.966       0.971       0.992       0.999       1.000       1.000
    SPA_PR           0.834       0.882       0.898       0.966       0.995       0.997       1.000
    SNA_PR           0.890       0.920       0.930       0.981       0.998       0.999       1.000


STDY Standardization

                  Lower .5%  Lower 2.5%    Lower 5%    Estimate    Upper 5%  Upper 2.5%   Upper .5%

Within Level

 PA       ON
    PA&1             0.000       0.000       0.000       0.000       0.000       0.000       0.000

 NA       ON
    NA&1             0.000       0.000       0.000       0.000       0.000       0.000       0.000

 PER_REFL WITH
    PA               0.000       0.000       0.000       0.000       0.000       0.000       0.000
    NA               0.000       0.000       0.000       0.000       0.000       0.000       0.000

 NA       WITH
    PA               0.000      -0.493       0.000      -0.476       0.000      -0.460       0.000

 Residual Variances
    PER_REFL         0.000       0.892       0.000       0.912       0.000       0.933       0.000
    PA               0.000       1.000       0.000       1.000       0.000       1.000       0.000
    NA               0.000       1.000       0.000       1.000       0.000       1.000       0.000

Between Level

 SPA_PR   ON
    ANHEDONIA       -0.061      -0.051      -0.048      -0.025      -0.004      -0.001       0.009
    BDI_SUM         -0.040      -0.029      -0.023       0.010       0.042       0.046       0.060

 SNA_PR   ON
    ANHEDONIA       -0.049      -0.040      -0.036      -0.013       0.009       0.013       0.021
    BDI_SUM         -0.067      -0.054      -0.048      -0.014       0.020       0.025       0.037

 PER_REFL ON
    ANHEDONIA       -0.032      -0.028      -0.025      -0.011       0.003       0.006       0.010
    BDI_SUM         -0.031      -0.025      -0.021      -0.001       0.019       0.023       0.029

 Means
    PA               3.540       3.676       3.748       4.130       4.500       4.584       4.760
    NA               1.508       1.563       1.595       1.789       1.985       2.026       2.106

 Intercepts
    PER_REFL         1.638       1.730       1.766       1.977       2.190       2.233       2.299
    SPA_PR           0.586       0.677       0.724       0.975       1.291       1.371       1.557
    SNA_PR           0.221       0.316       0.355       0.580       0.852       0.913       1.091

 Variances
    PA               1.000       1.000       1.000       1.000       1.000       1.000       1.000
    NA               1.000       1.000       1.000       1.000       1.000       1.000       1.000

 Residual Variances
    PER_REFL         0.954       0.966       0.971       0.992       0.999       1.000       1.000
    SPA_PR           0.834       0.882       0.898       0.966       0.995       0.997       1.000
    SNA_PR           0.890       0.920       0.930       0.981       0.998       0.999       1.000


STD Standardization

                  Lower .5%  Lower 2.5%    Lower 5%    Estimate    Upper 5%  Upper 2.5%   Upper .5%

Within Level

 PA       ON
    PA&1             0.000       0.000       0.000       0.000       0.000       0.000       0.000

 NA       ON
    NA&1             0.000       0.000       0.000       0.000       0.000       0.000       0.000

 PER_REFL WITH
    PA               0.000       0.000       0.000       0.000       0.000       0.000       0.000
    NA               0.000       0.000       0.000       0.000       0.000       0.000       0.000

 NA       WITH
    PA               0.000     -63.667       0.000     -60.703       0.000     -57.643       0.000

 Residual Variances
    PER_REFL         0.000     314.802       0.000     327.006       0.000     338.892       0.000
    PA               0.000     167.838       0.000     173.172       0.000     178.668       0.000
    NA               0.000      90.910       0.000      93.764       0.000      96.734       0.000

Between Level

 SPA_PR   ON
    ANHEDONIA       -0.061      -0.051      -0.048      -0.025      -0.004      -0.001       0.009
    BDI_SUM         -0.040      -0.029      -0.023       0.010       0.042       0.046       0.060

 SNA_PR   ON
    ANHEDONIA       -0.049      -0.040      -0.036      -0.013       0.009       0.013       0.021
    BDI_SUM         -0.067      -0.054      -0.048      -0.014       0.020       0.025       0.037

 PER_REFL ON
    ANHEDONIA       -0.499      -0.424      -0.383      -0.168       0.046       0.089       0.147
    BDI_SUM         -0.492      -0.386      -0.317      -0.016       0.293       0.349       0.461

 Means
    PA              44.176      44.576      44.797      46.237      47.573      47.822      48.249
    NA              14.104      14.516      14.706      15.751      16.788      16.977      17.285

 Intercepts
    PER_REFL        27.150      27.896      28.181      29.991      31.773      32.180      32.846
    SPA_PR           0.586       0.677       0.724       0.975       1.291       1.371       1.557
    SNA_PR           0.221       0.316       0.355       0.580       0.852       0.913       1.091

 Variances
    PA              96.755     103.314     106.026     125.715     150.203     156.567     165.731
    NA              59.635      63.179      65.300      77.534      92.823      96.101     101.979

 Residual Variances
    PER_REFL       175.279     183.884     190.615     227.906     273.988     286.416     306.103
    SPA_PR           0.834       0.882       0.898       0.966       0.995       0.997       1.000
    SNA_PR           0.890       0.920       0.930       0.981       0.998       0.999       1.000


TECHNICAL 1 OUTPUT


     PARAMETER SPECIFICATION FOR WITHIN


           NU
              PER_REFL      PA            NA            PA&1          NA&1
              ________      ________      ________      ________      ________
                    0             0             0             0             0


           LAMBDA
              PER_REFL      PA            NA            PA&1          NA&1
              ________      ________      ________      ________      ________
 PER_REFL           0             0             0             0             0
 PA                 0             0             0             0             0
 NA                 0             0             0             0             0
 PA&1               0             0             0             0             0
 NA&1               0             0             0             0             0


           THETA
              PER_REFL      PA            NA            PA&1          NA&1
              ________      ________      ________      ________      ________
 PER_REFL           0
 PA                 0             0
 NA                 0             0             0
 PA&1               0             0             0             0
 NA&1               0             0             0             0             0


           ALPHA
              PER_REFL      PA            NA            PA&1          NA&1
              ________      ________      ________      ________      ________
                    0             0             0             0             0


           BETA
              PER_REFL      PA            NA            PA&1          NA&1
              ________      ________      ________      ________      ________
 PER_REFL           0             0             0             0             0
 PA                 0             0             0             0             0
 NA                 0             0             0             0             0
 PA&1               0             0             0             0             0
 NA&1               0             0             0             0             0


           PSI
              PER_REFL      PA            NA            PA&1          NA&1
              ________      ________      ________      ________      ________
 PER_REFL           1
 PA                 0             2
 NA                 0             3             4
 PA&1               0             0             0             0
 NA&1               0             0             0             0             0


     PARAMETER SPECIFICATION FOR BETWEEN


           NU
              PER_REFL      PA            NA            ANHEDONI      BDI_SUM
              ________      ________      ________      ________      ________
                    0             0             0             0             0


           LAMBDA
              SPA_PR        SNA_PR        PER_REFL      PA            NA
              ________      ________      ________      ________      ________
 PER_REFL           0             0             0             0             0
 PA                 0             0             0             0             0
 NA                 0             0             0             0             0
 ANHEDONI           0             0             0             0             0
 BDI_SUM            0             0             0             0             0


           LAMBDA
              ANHEDONI      BDI_SUM
              ________      ________
 PER_REFL           0             0
 PA                 0             0
 NA                 0             0
 ANHEDONI           0             0
 BDI_SUM            0             0


           THETA
              PER_REFL      PA            NA            ANHEDONI      BDI_SUM
              ________      ________      ________      ________      ________
 PER_REFL           0
 PA                 0             0
 NA                 0             0             0
 ANHEDONI           0             0             0             0
 BDI_SUM            0             0             0             0             0


           ALPHA
              SPA_PR        SNA_PR        PER_REFL      PA            NA
              ________      ________      ________      ________      ________
                    5             6             7             8             9


           ALPHA
              ANHEDONI      BDI_SUM
              ________      ________
                    0             0


           BETA
              SPA_PR        SNA_PR        PER_REFL      PA            NA
              ________      ________      ________      ________      ________
 SPA_PR             0             0             0             0             0
 SNA_PR             0             0             0             0             0
 PER_REFL           0             0             0             0             0
 PA                 0             0             0             0             0
 NA                 0             0             0             0             0
 ANHEDONI           0             0             0             0             0
 BDI_SUM            0             0             0             0             0


           BETA
              ANHEDONI      BDI_SUM
              ________      ________
 SPA_PR            10            11
 SNA_PR            12            13
 PER_REFL          14            15
 PA                 0             0
 NA                 0             0
 ANHEDONI           0             0
 BDI_SUM            0             0


           PSI
              SPA_PR        SNA_PR        PER_REFL      PA            NA
              ________      ________      ________      ________      ________
 SPA_PR            16
 SNA_PR             0            17
 PER_REFL           0             0            18
 PA                 0             0             0            19
 NA                 0             0             0             0            20
 ANHEDONI           0             0             0             0             0
 BDI_SUM            0             0             0             0             0


           PSI
              ANHEDONI      BDI_SUM
              ________      ________
 ANHEDONI           0
 BDI_SUM            0             0


     STARTING VALUES FOR WITHIN


           NU
              PER_REFL      PA            NA            PA&1          NA&1
              ________      ________      ________      ________      ________
                0.000         0.000         0.000         0.000         0.000


           LAMBDA
              PER_REFL      PA            NA            PA&1          NA&1
              ________      ________      ________      ________      ________
 PER_REFL       1.000         0.000         0.000         0.000         0.000
 PA             0.000         1.000         0.000         0.000         0.000
 NA             0.000         0.000         1.000         0.000         0.000
 PA&1           0.000         0.000         0.000         1.000         0.000
 NA&1           0.000         0.000         0.000         0.000         1.000


           THETA
              PER_REFL      PA            NA            PA&1          NA&1
              ________      ________      ________      ________      ________
 PER_REFL       0.000
 PA             0.000         0.000
 NA             0.000         0.000         0.000
 PA&1           0.000         0.000         0.000         0.000
 NA&1           0.000         0.000         0.000         0.000         0.000


           ALPHA
              PER_REFL      PA            NA            PA&1          NA&1
              ________      ________      ________      ________      ________
                0.000         0.000         0.000         0.000         0.000


           BETA
              PER_REFL      PA            NA            PA&1          NA&1
              ________      ________      ________      ________      ________
 PER_REFL       0.000         0.000         0.000         0.000         0.000
 PA             0.000         0.000         0.000         0.000         0.000
 NA             0.000         0.000         0.000         0.000         0.000
 PA&1           0.000         0.000         0.000         0.000         0.000
 NA&1           0.000         0.000         0.000         0.000         0.000


           PSI
              PER_REFL      PA            NA            PA&1          NA&1
              ________      ________      ________      ________      ________
 PER_REFL     287.971
 PA             0.000       151.142
 NA             0.000         0.000        83.369
 PA&1           0.000         0.000         0.000       151.154
 NA&1           0.000         0.000         0.000         0.000        83.284


     STARTING VALUES FOR BETWEEN


           NU
              PER_REFL      PA            NA            ANHEDONI      BDI_SUM
              ________      ________      ________      ________      ________
                0.000         0.000         0.000         0.000         0.000


           LAMBDA
              SPA_PR        SNA_PR        PER_REFL      PA            NA
              ________      ________      ________      ________      ________
 PER_REFL       0.000         0.000         1.000         0.000         0.000
 PA             0.000         0.000         0.000         1.000         0.000
 NA             0.000         0.000         0.000         0.000         1.000
 ANHEDONI       0.000         0.000         0.000         0.000         0.000
 BDI_SUM        0.000         0.000         0.000         0.000         0.000


           LAMBDA
              ANHEDONI      BDI_SUM
              ________      ________
 PER_REFL       0.000         0.000
 PA             0.000         0.000
 NA             0.000         0.000
 ANHEDONI       1.000         0.000
 BDI_SUM        0.000         1.000


           THETA
              PER_REFL      PA            NA            ANHEDONI      BDI_SUM
              ________      ________      ________      ________      ________
 PER_REFL       0.000
 PA             0.000         0.000
 NA             0.000         0.000         0.000
 ANHEDONI       0.000         0.000         0.000         0.000
 BDI_SUM        0.000         0.000         0.000         0.000         0.000


           ALPHA
              SPA_PR        SNA_PR        PER_REFL      PA            NA
              ________      ________      ________      ________      ________
                0.000         0.000        28.591        45.712        15.187


           ALPHA
              ANHEDONI      BDI_SUM
              ________      ________
                0.000         0.000


           BETA
              SPA_PR        SNA_PR        PER_REFL      PA            NA
              ________      ________      ________      ________      ________
 SPA_PR         0.000         0.000         0.000         0.000         0.000
 SNA_PR         0.000         0.000         0.000         0.000         0.000
 PER_REFL       0.000         0.000         0.000         0.000         0.000
 PA             0.000         0.000         0.000         0.000         0.000
 NA             0.000         0.000         0.000         0.000         0.000
 ANHEDONI       0.000         0.000         0.000         0.000         0.000
 BDI_SUM        0.000         0.000         0.000         0.000         0.000


           BETA
              ANHEDONI      BDI_SUM
              ________      ________
 SPA_PR         0.000         0.000
 SNA_PR         0.000         0.000
 PER_REFL       0.000         0.000
 PA             0.000         0.000
 NA             0.000         0.000
 ANHEDONI       0.000         0.000
 BDI_SUM        0.000         0.000


           PSI
              SPA_PR        SNA_PR        PER_REFL      PA            NA
              ________      ________      ________      ________      ________
 SPA_PR         1.000
 SNA_PR         0.000         1.000
 PER_REFL       0.000         0.000       287.971
 PA             0.000         0.000         0.000       151.142
 NA             0.000         0.000         0.000         0.000        83.369
 ANHEDONI       0.000         0.000         0.000         0.000         0.000
 BDI_SUM        0.000         0.000         0.000         0.000         0.000


           PSI
              ANHEDONI      BDI_SUM
              ________      ________
 ANHEDONI      39.493
 BDI_SUM        0.000        18.288



     PRIORS FOR ALL PARAMETERS            PRIOR MEAN      PRIOR VARIANCE     PRIOR STD. DEV.

     Parameter 1~IG(-1.000,0.000)          infinity            infinity            infinity
     Parameter 2~IW(0.000,-3)              infinity            infinity            infinity
     Parameter 3~IW(0.000,-3)              infinity            infinity            infinity
     Parameter 4~IW(0.000,-3)              infinity            infinity            infinity
     Parameter 5~N(0.000,infinity)           0.0000            infinity            infinity
     Parameter 6~N(0.000,infinity)           0.0000            infinity            infinity
     Parameter 7~N(0.000,infinity)           0.0000            infinity            infinity
     Parameter 8~N(0.000,infinity)           0.0000            infinity            infinity
     Parameter 9~N(0.000,infinity)           0.0000            infinity            infinity
     Parameter 10~N(0.000,infinity)          0.0000            infinity            infinity
     Parameter 11~N(0.000,infinity)          0.0000            infinity            infinity
     Parameter 12~N(0.000,infinity)          0.0000            infinity            infinity
     Parameter 13~N(0.000,infinity)          0.0000            infinity            infinity
     Parameter 14~N(0.000,infinity)          0.0000            infinity            infinity
     Parameter 15~N(0.000,infinity)          0.0000            infinity            infinity
     Parameter 16~IG(-1.000,0.000)         infinity            infinity            infinity
     Parameter 17~IG(-1.000,0.000)         infinity            infinity            infinity
     Parameter 18~IG(-1.000,0.000)         infinity            infinity            infinity
     Parameter 19~IG(-1.000,0.000)         infinity            infinity            infinity
     Parameter 20~IG(-1.000,0.000)         infinity            infinity            infinity


TECHNICAL 8 OUTPUT


   TECHNICAL 8 OUTPUT FOR BAYES ESTIMATION

     PROCESSOR    BSEED
     1            0
     2            285380
     3            253358
     4            93468
     5            608496
     6            903420
     7            195873
     8            462953
     9            939021
     10           127215
     11           415931
     12           533738
     13           107446
     14           399671
     15           650371
     16           27071

                     POTENTIAL       PARAMETER WITH
     ITERATION    SCALE REDUCTION      HIGHEST PSR
     100              2.120               17
     200              1.508               17
     300              1.199               17
     400              1.091               17
     500              1.188               17
     600              1.047               13
     700              1.023               13
     800              1.029               17
     900              1.009               13
     1000             1.005               4
     1100             1.013               6
     1200             1.006               6
     1300             1.021               16
     1400             1.029               16
     1500             1.018               16
     1600             1.024               16
     1700             1.026               16
     1800             1.011               16
     1900             1.010               16
     2000             1.012               16
     2100             1.005               16


PLOT INFORMATION

The following plots are available:

  Histograms (sample values)
  Scatterplots (sample values)
  Between-level histograms (sample values, sample means/variances)
  Between-level scatterplots (sample values, sample means/variances)
  Time series plots (sample values, ACF, PACF)
  Histogram of subjects per time point
  Time interval plots
  Bayesian posterior parameter distributions
  Bayesian posterior parameter trace plots
  Bayesian autocorrelation plots

     Beginning Time:  21:36:57
        Ending Time:  21:38:30
       Elapsed Time:  00:01:33



MUTHEN & MUTHEN
3463 Stoner Ave.
Los Angeles, CA  90066

Tel: (310) 391-9971
Fax: (310) 391-8971
Web: www.StatModel.com
Support: Support@StatModel.com

Copyright (c) 1998-2022 Muthen & Muthen
