Mplus VERSION 8.8
MUTHEN & MUTHEN
07/13/2023   8:51 PM

INPUT INSTRUCTIONS


  DATA:
  FILE IS data11.dat;

  VARIABLE:   NAMES =
  	    Eth_ID Time Time_between Time_inc
  	    PA_enth NA_irri NA_verv PA_tevr PA_ener
       	    PA_kalm NA_nerv PA_daadk NA_verdr
  	    PA_vrol NA_boos PA_dankb NA_somb PER_att
      	    PER_refl PER_self PER_expr PER_damp
  	    PER_codamp PER_capit Sample age_yr gesl BDI
      	    Measures_valid BDI_anh Anhedonia
   	    BDI_sum PA NA day compliance;

              USEVARIABLES are PER_damp PA NA Anhedonia BDI_sum;
              MISSING is .;
              within = ;
              between = Anhedonia BDI_sum ;
              cluster = Eth_ID;
              lagged= PA NA(1);
              tinterval=Time_inc (150);


  DEFINE:     CENTER Anhedonia BDI_sum (grandmean);

  ANALYSIS:   type = twolevel random;
              estimator = Bayes;
              biterations=(2000);
  !            bconvergence=0.005;
              thin=2;
              PROCESSORS=16;
  MODEL:
  %WITHIN%
  sPA_PR | PER_damp on PA&1;
  sNA_PR | PER_damp on NA&1;
  PA on PA&1@0;
  NA on NA&1@0;
  PER_damp with PA@0;
  PER_damp with NA@0;

  %between%
  sPA_PR sNA_PR on Anhedonia BDI_sum;
  PER_damp on Anhedonia BDI_sum;


  OUTPUT: standardized tech1 tech8 cinterval patterns;
  PLOT: TYPE = PLOT3;



*** WARNING in VARIABLE command
  Note that only the first 8 characters of variable names are used in the output.
  Shorten variable names to avoid any confusion.
*** WARNING in MODEL command
  A y-variable has been declared on the within level but not referred to on
  the between level.  Please check that this is what is intended.  If this is not intended,
  specify the variable as a within variable.  Problem with:  PA
*** WARNING in MODEL command
  A y-variable has been declared on the within level but not referred to on
  the between level.  Please check that this is what is intended.  If this is not intended,
  specify the variable as a within variable.  Problem with:  NA
*** WARNING in PLOT command
  Note that only the first 8 characters of variable names are used in plots.
  If variable names are not unique within the first 8 characters, problems
  may occur.
*** WARNING
  One or more individual-level variables have no variation within a
  cluster for the following clusters.

     Variable   Cluster IDs with no within-cluster variation

      PER_DAMP    71 165 148 177 180

*** WARNING
  Data set contains cases with missing on all variables.  Cases that appeared before the first
  case with observed data and that appeared after the last case with observed data were not
  included in the analysis.  Number of deleted cases:  543
   6 WARNING(S) FOUND IN THE INPUT INSTRUCTIONS




SUMMARY OF ANALYSIS

Number of groups                                                 1
Number of observations                                       18851

Number of dependent variables                                    3
Number of independent variables                                  4
Number of continuous latent variables                            2

Observed dependent variables

  Continuous
   PER_DAMP    PA          NA

Observed independent variables
   ANHEDONI    BDI_SUM     PA&1        NA&1

Continuous latent variables
   SPA_PR      SNA_PR

Variables with special functions

  Cluster variable      ETH_ID

  Within variables
   PA&1        NA&1

  Between variables
   ANHEDONI    BDI_SUM

  Centering (GRANDMEAN)
   ANHEDONI    BDI_SUM


Estimator                                                    BAYES
Specifications for Bayesian Estimation
  Point estimate                                            MEDIAN
  Number of Markov chain Monte Carlo (MCMC) chains               2
  Random seed for the first chain                                0
  Starting value information                           UNPERTURBED
  Algorithm used for Markov chain Monte Carlo           GIBBS(PX1)
  Convergence criterion                                  0.500D-01
  Maximum number of iterations                               50000
  K-th iteration used for thinning                               2

Input data file(s)
  data11.dat
Input data format  FREE


SUMMARY OF DATA

     Number of clusters                        147

       Size (s)    Cluster ID with Size s

         84        87
         97        34
        101        10
        108        119
        111        36
        113        182
        115        89
        116        75 15 77
        117        11
        118        66 57 49 16
        119        106 186 197 71 48 50 92 38 149 163
        120        98 55 165 168 61 108 192 148
        122        174
        124        51 103 161
        125        40 100 123 13 68 112 105 73 44 53 93 54 88 30
        126        111 65 120 80 107 172 173 102 76 109
        127        133 147 70 177 139 104 32 62 25 115 67 46 118 178 86
                   110 193 126 198
        128        180 43 153 18 96 5 156 59
        129        3 144 141 146 185 135 190 187 39 116 137 69
        130        166 138 14 97
        133        191
        134        2
        135        194 201 60 63 200
        136        26 56
        137        4 19 9 42 22 95
        138        132 29 94
        139        37 114 84 45 21 145 74 35 79
        142        27
        143        179
        144        24 171 170
        145        162 20 1 124
        146        151 6 167
        147        142 31
        148        159 176



SUMMARY OF MISSING DATA PATTERNS

     Number of missing data patterns            12


     MISSING DATA PATTERNS (x = not missing)

           1  2  3  4  5  6  7  8  9 10 11 12
 PER_DAMP  x  x              x     x     x
 PA        x  x  x        x     x  x     x  x
 NA        x  x  x        x        x  x  x
 PA&1      x     x  x        x     x        x
 NA&1      x     x  x        x           x  x
 ANHEDONI  x  x  x  x  x  x  x  x  x  x  x  x
 BDI_SUM   x  x  x  x  x  x  x  x  x  x  x  x


     MISSING DATA PATTERN FREQUENCIES

    Pattern   Frequency     Pattern   Frequency     Pattern   Frequency
          1        4733           5        8057           9           5
          2        3011           6          56          10           1
          3          56           7           2          11           1
          4        2924           8           4          12           1


COVARIANCE COVERAGE OF DATA

Minimum covariance coverage value   0.100


     PROPORTION OF DATA PRESENT


           Covariance Coverage
              PER_DAMP      PA            NA            ANHEDONI      BDI_SUM
              ________      ________      ________      ________      ________
 PER_DAMP       0.411
 PA             0.411         0.417
 NA             0.411         0.417         0.417
 ANHEDONI       0.411         0.417         0.417         1.000
 BDI_SUM        0.411         0.417         0.417         1.000         1.000



UNIVARIATE SAMPLE STATISTICS


     UNIVARIATE HIGHER-ORDER MOMENT DESCRIPTIVE STATISTICS

         Variable/         Mean/     Skewness/   Minimum/ % with                Percentiles
        Sample Size      Variance    Kurtosis    Maximum  Min/Max      20%/60%    40%/80%    Median

     PER_DAMP             11.347       2.156       0.000   22.99%       0.000      5.000      7.000
            7752.000     216.301       4.798      91.000    0.01%       9.000     17.000
     PA                   45.356      -0.008       0.000    0.31%      30.571     41.286     45.714
            7867.000     299.670      -0.198     100.000    0.08%      50.000     60.000
     NA                   14.930       1.415       0.000    7.03%       5.000      9.167     11.500
            7863.000     163.292       2.003      80.667    0.01%      14.167     22.833
     ANHEDONIA             0.000       0.610     -18.524    0.68%      -7.474     -3.035     -0.999
             147.000      82.206       0.529      29.822    0.68%       1.184      6.801
     BDI_SUM               0.000       0.901      -8.116    3.40%      -5.116     -3.116     -1.116
             147.000      31.694       0.389      16.884    1.36%      -0.116      3.884


THE MODEL ESTIMATION TERMINATED NORMALLY

     USE THE FBITERATIONS OPTION TO INCREASE THE NUMBER OF ITERATIONS BY A FACTOR
     OF AT LEAST TWO TO CHECK CONVERGENCE AND THAT THE PSR VALUE DOES NOT INCREASE.



MODEL FIT INFORMATION

Number of Free Parameters                              20

Information Criteria

          Deviance (DIC)                       457310.820
          Estimated Number of Parameters (pD)   33436.747



MODEL RESULTS

                                Posterior  One-Tailed         95% C.I.
                    Estimate       S.D.      P-Value   Lower 2.5%  Upper 2.5%  Significance

Within Level

 PA         ON
    PA&1               0.000       0.000      1.000       0.000       0.000

 NA         ON
    NA&1               0.000       0.000      1.000       0.000       0.000

 PER_DAMP WITH
    PA                 0.000       0.000      1.000       0.000       0.000
    NA                 0.000       0.000      1.000       0.000       0.000

 NA       WITH
    PA               -60.695       1.644      0.000     -64.107     -57.592      *

 Residual Variances
    PER_DAMP          97.351       1.831      0.000      93.803     101.045      *
    PA               170.385       2.762      0.000     164.803     175.910      *
    NA                92.145       1.536      0.000      89.097      95.280      *

Between Level

 SPA_PR     ON
    ANHEDONIA          0.003       0.003      0.134      -0.002       0.008
    BDI_SUM            0.010       0.004      0.007       0.002       0.019      *

 SNA_PR     ON
    ANHEDONIA          0.005       0.004      0.067      -0.002       0.013
    BDI_SUM            0.003       0.006      0.275      -0.009       0.016

 PER_DAMP   ON
    ANHEDONIA         -0.013       0.095      0.444      -0.206       0.172
    BDI_SUM            0.437       0.155      0.004       0.133       0.725      *

 Means
    PA                45.309       0.971      0.000      43.393      47.214      *
    NA                15.059       0.755      0.000      13.544      16.534      *

 Intercepts
    PER_DAMP          11.307       0.860      0.000       9.624      13.013      *
    SPA_PR             0.052       0.023      0.015       0.006       0.096      *
    SNA_PR             0.150       0.035      0.000       0.080       0.219      *

 Variances
    PA               136.443      16.885      0.000     108.835     173.184      *
    NA                78.169       9.321      0.000      62.440      99.046      *

 Residual Variances
    PER_DAMP          99.878      12.480      0.000      78.933     128.399      *
    SPA_PR             0.042       0.009      0.000       0.027       0.063      *
    SNA_PR             0.107       0.018      0.000       0.075       0.147      *


STANDARDIZED MODEL RESULTS


STDYX Standardization

                                Posterior  One-Tailed         95% C.I.
                    Estimate       S.D.      P-Value   Lower 2.5%  Upper 2.5%  Significance

Within-Level Standardized Estimates Averaged Over Clusters

 SPA_PR | PER_DAMP ON
    PA&1               0.060       0.018      0.001       0.025       0.095      *

 SNA_PR | PER_DAMP ON
    NA&1               0.126       0.018      0.000       0.090       0.160      *

 PA         ON
    PA&1               0.000       0.000      1.000       0.000       0.000

 NA         ON
    NA&1               0.000       0.000      1.000       0.000       0.000

 PER_DAMP WITH
    PA                 0.000       0.000      1.000       0.000       0.000
    NA                 0.000       0.000      1.000       0.000       0.000

 NA       WITH
    PA                -0.484       0.009      0.000      -0.502      -0.466      *

 Residual Variances
    PER_DAMP           0.876       0.008      0.000       0.860       0.891      *
    PA                 1.000       0.000      0.000       1.000       1.000
    NA                 1.000       0.000      0.000       1.000       1.000

Between Level

 SPA_PR     ON
    ANHEDONIA          0.087       0.078      0.134      -0.074       0.237
    BDI_SUM            0.199       0.081      0.007       0.039       0.352      *

 SNA_PR     ON
    ANHEDONIA          0.108       0.070      0.067      -0.033       0.240
    BDI_SUM            0.041       0.073      0.275      -0.101       0.184

 PER_DAMP   ON
    ANHEDONIA         -0.008       0.060      0.444      -0.125       0.107
    BDI_SUM            0.172       0.059      0.004       0.053       0.280      *

 Means
    PA                 3.870       0.248      0.000       3.411       4.366      *
    NA                 1.705       0.132      0.000       1.453       1.955      *

 Intercepts
    PER_DAMP           1.112       0.107      0.000       0.905       1.325      *
    SPA_PR             0.244       0.117      0.015       0.030       0.480      *
    SNA_PR             0.453       0.114      0.000       0.239       0.684      *

 Variances
    PA                 1.000       0.000      0.000       1.000       1.000
    NA                 1.000       0.000      0.000       1.000       1.000

 Residual Variances
    PER_DAMP           0.967       0.021      0.000       0.915       0.995      *
    SPA_PR             0.945       0.034      0.000       0.865       0.990      *
    SNA_PR             0.981       0.018      0.000       0.933       0.999      *


STDY Standardization

                                Posterior  One-Tailed         95% C.I.
                    Estimate       S.D.      P-Value   Lower 2.5%  Upper 2.5%  Significance

Within-Level Standardized Estimates Averaged Over Clusters

 SPA_PR | PER_DAMP ON
    PA&1               0.005       0.001      0.001       0.002       0.007      *

 SNA_PR | PER_DAMP ON
    NA&1               0.013       0.002      0.000       0.009       0.017      *

 PA         ON
    PA&1               0.000       0.000      1.000       0.000       0.000

 NA         ON
    NA&1               0.000       0.000      1.000       0.000       0.000

 PER_DAMP WITH
    PA                 0.000       0.000      1.000       0.000       0.000
    NA                 0.000       0.000      1.000       0.000       0.000

 NA       WITH
    PA                -0.484       0.009      0.000      -0.502      -0.466      *

 Residual Variances
    PER_DAMP           0.876       0.008      0.000       0.860       0.891      *
    PA                 1.000       0.000      0.000       1.000       1.000
    NA                 1.000       0.000      0.000       1.000       1.000

Between Level

 SPA_PR     ON
    ANHEDONIA          0.014       0.012      0.134      -0.011       0.037
    BDI_SUM            0.050       0.020      0.007       0.010       0.089      *

 SNA_PR     ON
    ANHEDONIA          0.017       0.011      0.067      -0.005       0.037
    BDI_SUM            0.010       0.018      0.275      -0.026       0.046

 PER_DAMP   ON
    ANHEDONIA         -0.001       0.009      0.444      -0.019       0.017
    BDI_SUM            0.043       0.015      0.004       0.013       0.071      *

 Means
    PA                 3.870       0.248      0.000       3.411       4.366      *
    NA                 1.705       0.132      0.000       1.453       1.955      *

 Intercepts
    PER_DAMP           1.112       0.107      0.000       0.905       1.325      *
    SPA_PR             0.244       0.117      0.015       0.030       0.480      *
    SNA_PR             0.453       0.114      0.000       0.239       0.684      *

 Variances
    PA                 1.000       0.000      0.000       1.000       1.000
    NA                 1.000       0.000      0.000       1.000       1.000

 Residual Variances
    PER_DAMP           0.967       0.021      0.000       0.915       0.995      *
    SPA_PR             0.945       0.034      0.000       0.865       0.990      *
    SNA_PR             0.981       0.018      0.000       0.933       0.999      *


STD Standardization

                                Posterior  One-Tailed         95% C.I.
                    Estimate       S.D.      P-Value   Lower 2.5%  Upper 2.5%  Significance

Within-Level Standardized Estimates Averaged Over Clusters

 SPA_PR | PER_DAMP ON
    PA&1               0.051       0.015      0.001       0.021       0.082      *

 SNA_PR | PER_DAMP ON
    NA&1               0.150       0.021      0.000       0.107       0.190      *

 PA         ON
    PA&1               0.000       0.000      1.000       0.000       0.000

 NA         ON
    NA&1               0.000       0.000      1.000       0.000       0.000

 PER_DAMP WITH
    PA                 0.000       0.000      1.000       0.000       0.000
    NA                 0.000       0.000      1.000       0.000       0.000

 NA       WITH
    PA               -60.695       1.644      0.000     -64.107     -57.592      *

 Residual Variances
    PER_DAMP          97.351       1.831      0.000      93.803     101.045      *
    PA               170.385       2.762      0.000     164.803     175.910      *
    NA                92.145       1.536      0.000      89.097      95.280      *

Between Level

 SPA_PR     ON
    ANHEDONIA          0.014       0.012      0.134      -0.011       0.037
    BDI_SUM            0.050       0.020      0.007       0.010       0.089      *

 SNA_PR     ON
    ANHEDONIA          0.017       0.011      0.067      -0.005       0.037
    BDI_SUM            0.010       0.018      0.275      -0.026       0.046

 PER_DAMP   ON
    ANHEDONIA         -0.013       0.095      0.444      -0.206       0.172
    BDI_SUM            0.437       0.155      0.004       0.133       0.725      *

 Means
    PA                45.309       0.971      0.000      43.393      47.214      *
    NA                15.059       0.755      0.000      13.544      16.534      *

 Intercepts
    PER_DAMP          11.307       0.860      0.000       9.624      13.013      *
    SPA_PR             0.244       0.117      0.015       0.030       0.480      *
    SNA_PR             0.453       0.114      0.000       0.239       0.684      *

 Variances
    PA               136.443      16.885      0.000     108.835     173.184      *
    NA                78.169       9.321      0.000      62.440      99.046      *

 Residual Variances
    PER_DAMP          99.878      12.480      0.000      78.933     128.399      *
    SPA_PR             0.945       0.034      0.000       0.865       0.990      *
    SNA_PR             0.981       0.018      0.000       0.933       0.999      *


R-SQUARE

Within-Level R-Square Averaged Across Clusters

                                Posterior  One-Tailed         95% C.I.
    Variable        Estimate       S.D.      P-Value   Lower 2.5%  Upper 2.5%

    PER_DAMP           0.124       0.008      0.000       0.109       0.140
    PA                 0.000       0.000      1.000       0.000       0.000
    NA                 0.000       0.000      1.000       0.000       0.000

Between Level

                                Posterior  One-Tailed         95% C.I.
    Variable        Estimate       S.D.      P-Value   Lower 2.5%  Upper 2.5%

    PER_DAMP           0.033       0.021      0.000       0.005       0.085

                                Posterior  One-Tailed         95% C.I.
    Variable        Estimate       S.D.      P-Value   Lower 2.5%  Upper 2.5%

    SPA_PR             0.055       0.034      0.000       0.010       0.135
    SNA_PR             0.019       0.018      0.000       0.001       0.067


CREDIBILITY INTERVALS OF MODEL RESULTS

                  Lower .5%  Lower 2.5%    Lower 5%    Estimate    Upper 5%  Upper 2.5%   Upper .5%

Within Level

 PA       ON
    PA&1             0.000       0.000       0.000       0.000       0.000       0.000       0.000

 NA       ON
    NA&1             0.000       0.000       0.000       0.000       0.000       0.000       0.000

 PER_DAMP WITH
    PA               0.000       0.000       0.000       0.000       0.000       0.000       0.000
    NA               0.000       0.000       0.000       0.000       0.000       0.000       0.000

 NA       WITH
    PA             -64.877     -64.107     -63.514     -60.695     -58.061     -57.592     -56.194

 Residual Variances
    PER_DAMP        92.854      93.803      94.293      97.351     100.518     101.045     102.217
    PA             163.311     164.803     165.822     170.385     174.934     175.910     177.319
    NA              87.984      89.097      89.673      92.145      94.806      95.280      96.120

Between Level

 SPA_PR   ON
    ANHEDONIA       -0.004      -0.002      -0.001       0.003       0.007       0.008       0.009
    BDI_SUM          0.000       0.002       0.004       0.010       0.017       0.019       0.022

 SNA_PR   ON
    ANHEDONIA       -0.005      -0.002      -0.001       0.005       0.011       0.013       0.015
    BDI_SUM         -0.012      -0.009      -0.007       0.003       0.014       0.016       0.020

 PER_DAMP ON
    ANHEDONIA       -0.274      -0.206      -0.173      -0.013       0.143       0.172       0.241
    BDI_SUM          0.020       0.133       0.188       0.437       0.690       0.725       0.842

 Means
    PA              42.842      43.393      43.713      45.309      46.875      47.214      47.751
    NA              13.017      13.544      13.778      15.059      16.267      16.534      17.020

 Intercepts
    PER_DAMP         9.121       9.624       9.848      11.307      12.735      13.013      13.580
    SPA_PR          -0.009       0.006       0.013       0.052       0.090       0.096       0.109
    SNA_PR           0.062       0.080       0.091       0.150       0.206       0.219       0.239

 Variances
    PA             100.695     108.835     112.702     136.443     168.098     173.184     191.829
    NA              59.368      62.440      64.640      78.169      95.234      99.046     107.021

 Residual Variances
    PER_DAMP        73.430      78.933      81.569      99.878     123.160     128.399     138.823
    SPA_PR           0.023       0.027       0.029       0.042       0.060       0.063       0.071
    SNA_PR           0.069       0.075       0.080       0.107       0.140       0.147       0.162


CREDIBILITY INTERVALS OF STANDARDIZED MODEL RESULTS


STDYX Standardization

                  Lower .5%  Lower 2.5%    Lower 5%    Estimate    Upper 5%  Upper 2.5%   Upper .5%

Within Level

 PA       ON
    PA&1             0.000       0.000       0.000       0.000       0.000       0.000       0.000

 NA       ON
    NA&1             0.000       0.000       0.000       0.000       0.000       0.000       0.000

 PER_DAMP WITH
    PA               0.000       0.000       0.000       0.000       0.000       0.000       0.000
    NA               0.000       0.000       0.000       0.000       0.000       0.000       0.000

 NA       WITH
    PA               0.000      -0.502       0.000      -0.484       0.000      -0.466       0.000

 Residual Variances
    PER_DAMP         0.000       0.860       0.000       0.876       0.000       0.891       0.000
    PA               0.000       1.000       0.000       1.000       0.000       1.000       0.000
    NA               0.000       1.000       0.000       1.000       0.000       1.000       0.000

Between Level

 SPA_PR   ON
    ANHEDONIA       -0.127      -0.074      -0.043       0.087       0.213       0.237       0.281
    BDI_SUM         -0.008       0.039       0.064       0.199       0.328       0.352       0.396

 SNA_PR   ON
    ANHEDONIA       -0.085      -0.033      -0.010       0.108       0.220       0.240       0.292
    BDI_SUM         -0.151      -0.101      -0.076       0.041       0.162       0.184       0.219

 PER_DAMP ON
    ANHEDONIA       -0.162      -0.125      -0.106      -0.008       0.088       0.107       0.144
    BDI_SUM          0.008       0.053       0.072       0.172       0.263       0.280       0.316

 Means
    PA               3.238       3.411       3.483       3.870       4.285       4.366       4.524
    NA               1.363       1.453       1.493       1.705       1.914       1.955       2.031

 Intercepts
    PER_DAMP         0.820       0.905       0.935       1.112       1.290       1.325       1.380
    SPA_PR          -0.042       0.030       0.060       0.244       0.437       0.480       0.550
    SNA_PR           0.186       0.239       0.264       0.453       0.643       0.684       0.744

 Variances
    PA               1.000       1.000       1.000       1.000       1.000       1.000       1.000
    NA               1.000       1.000       1.000       1.000       1.000       1.000       1.000

 Residual Variances
    PER_DAMP         0.889       0.915       0.925       0.967       0.992       0.995       0.998
    SPA_PR           0.823       0.865       0.878       0.945       0.987       0.990       0.996
    SNA_PR           0.908       0.933       0.942       0.981       0.997       0.999       1.000


STDY Standardization

                  Lower .5%  Lower 2.5%    Lower 5%    Estimate    Upper 5%  Upper 2.5%   Upper .5%

Within Level

 PA       ON
    PA&1             0.000       0.000       0.000       0.000       0.000       0.000       0.000

 NA       ON
    NA&1             0.000       0.000       0.000       0.000       0.000       0.000       0.000

 PER_DAMP WITH
    PA               0.000       0.000       0.000       0.000       0.000       0.000       0.000
    NA               0.000       0.000       0.000       0.000       0.000       0.000       0.000

 NA       WITH
    PA               0.000      -0.502       0.000      -0.484       0.000      -0.466       0.000

 Residual Variances
    PER_DAMP         0.000       0.860       0.000       0.876       0.000       0.891       0.000
    PA               0.000       1.000       0.000       1.000       0.000       1.000       0.000
    NA               0.000       1.000       0.000       1.000       0.000       1.000       0.000

Between Level

 SPA_PR   ON
    ANHEDONIA       -0.020      -0.011      -0.007       0.014       0.033       0.037       0.044
    BDI_SUM         -0.002       0.010       0.016       0.050       0.083       0.089       0.100

 SNA_PR   ON
    ANHEDONIA       -0.013      -0.005      -0.002       0.017       0.034       0.037       0.045
    BDI_SUM         -0.038      -0.026      -0.019       0.010       0.041       0.046       0.055

 PER_DAMP ON
    ANHEDONIA       -0.025      -0.019      -0.017      -0.001       0.014       0.017       0.022
    BDI_SUM          0.002       0.013       0.018       0.043       0.066       0.071       0.079

 Means
    PA               3.238       3.411       3.483       3.870       4.285       4.366       4.524
    NA               1.363       1.453       1.493       1.705       1.914       1.955       2.031

 Intercepts
    PER_DAMP         0.820       0.905       0.935       1.112       1.290       1.325       1.380
    SPA_PR          -0.042       0.030       0.060       0.244       0.437       0.480       0.550
    SNA_PR           0.186       0.239       0.264       0.453       0.643       0.684       0.744

 Variances
    PA               1.000       1.000       1.000       1.000       1.000       1.000       1.000
    NA               1.000       1.000       1.000       1.000       1.000       1.000       1.000

 Residual Variances
    PER_DAMP         0.889       0.915       0.925       0.967       0.992       0.995       0.998
    SPA_PR           0.823       0.865       0.878       0.945       0.987       0.990       0.996
    SNA_PR           0.908       0.933       0.942       0.981       0.997       0.999       1.000


STD Standardization

                  Lower .5%  Lower 2.5%    Lower 5%    Estimate    Upper 5%  Upper 2.5%   Upper .5%

Within Level

 PA       ON
    PA&1             0.000       0.000       0.000       0.000       0.000       0.000       0.000

 NA       ON
    NA&1             0.000       0.000       0.000       0.000       0.000       0.000       0.000

 PER_DAMP WITH
    PA               0.000       0.000       0.000       0.000       0.000       0.000       0.000
    NA               0.000       0.000       0.000       0.000       0.000       0.000       0.000

 NA       WITH
    PA               0.000     -64.107       0.000     -60.695       0.000     -57.592       0.000

 Residual Variances
    PER_DAMP         0.000      93.803       0.000      97.351       0.000     101.045       0.000
    PA               0.000     164.803       0.000     170.385       0.000     175.910       0.000
    NA               0.000      89.097       0.000      92.145       0.000      95.280       0.000

Between Level

 SPA_PR   ON
    ANHEDONIA       -0.020      -0.011      -0.007       0.014       0.033       0.037       0.044
    BDI_SUM         -0.002       0.010       0.016       0.050       0.083       0.089       0.100

 SNA_PR   ON
    ANHEDONIA       -0.013      -0.005      -0.002       0.017       0.034       0.037       0.045
    BDI_SUM         -0.038      -0.026      -0.019       0.010       0.041       0.046       0.055

 PER_DAMP ON
    ANHEDONIA       -0.274      -0.206      -0.173      -0.013       0.143       0.172       0.241
    BDI_SUM          0.020       0.133       0.188       0.437       0.690       0.725       0.842

 Means
    PA              42.842      43.393      43.713      45.309      46.875      47.214      47.751
    NA              13.017      13.544      13.778      15.059      16.267      16.534      17.020

 Intercepts
    PER_DAMP         9.121       9.624       9.848      11.307      12.735      13.013      13.580
    SPA_PR          -0.042       0.030       0.060       0.244       0.437       0.480       0.550
    SNA_PR           0.186       0.239       0.264       0.453       0.643       0.684       0.744

 Variances
    PA             100.695     108.835     112.702     136.443     168.098     173.184     191.829
    NA              59.368      62.440      64.640      78.169      95.234      99.046     107.021

 Residual Variances
    PER_DAMP        73.430      78.933      81.569      99.878     123.160     128.399     138.823
    SPA_PR           0.823       0.865       0.878       0.945       0.987       0.990       0.996
    SNA_PR           0.908       0.933       0.942       0.981       0.997       0.999       1.000


TECHNICAL 1 OUTPUT


     PARAMETER SPECIFICATION FOR WITHIN


           NU
              PER_DAMP      PA            NA            PA&1          NA&1
              ________      ________      ________      ________      ________
                    0             0             0             0             0


           LAMBDA
              PER_DAMP      PA            NA            PA&1          NA&1
              ________      ________      ________      ________      ________
 PER_DAMP           0             0             0             0             0
 PA                 0             0             0             0             0
 NA                 0             0             0             0             0
 PA&1               0             0             0             0             0
 NA&1               0             0             0             0             0


           THETA
              PER_DAMP      PA            NA            PA&1          NA&1
              ________      ________      ________      ________      ________
 PER_DAMP           0
 PA                 0             0
 NA                 0             0             0
 PA&1               0             0             0             0
 NA&1               0             0             0             0             0


           ALPHA
              PER_DAMP      PA            NA            PA&1          NA&1
              ________      ________      ________      ________      ________
                    0             0             0             0             0


           BETA
              PER_DAMP      PA            NA            PA&1          NA&1
              ________      ________      ________      ________      ________
 PER_DAMP           0             0             0             0             0
 PA                 0             0             0             0             0
 NA                 0             0             0             0             0
 PA&1               0             0             0             0             0
 NA&1               0             0             0             0             0


           PSI
              PER_DAMP      PA            NA            PA&1          NA&1
              ________      ________      ________      ________      ________
 PER_DAMP           1
 PA                 0             2
 NA                 0             3             4
 PA&1               0             0             0             0
 NA&1               0             0             0             0             0


     PARAMETER SPECIFICATION FOR BETWEEN


           NU
              PER_DAMP      PA            NA            ANHEDONI      BDI_SUM
              ________      ________      ________      ________      ________
                    0             0             0             0             0


           LAMBDA
              SPA_PR        SNA_PR        PER_DAMP      PA            NA
              ________      ________      ________      ________      ________
 PER_DAMP           0             0             0             0             0
 PA                 0             0             0             0             0
 NA                 0             0             0             0             0
 ANHEDONI           0             0             0             0             0
 BDI_SUM            0             0             0             0             0


           LAMBDA
              ANHEDONI      BDI_SUM
              ________      ________
 PER_DAMP           0             0
 PA                 0             0
 NA                 0             0
 ANHEDONI           0             0
 BDI_SUM            0             0


           THETA
              PER_DAMP      PA            NA            ANHEDONI      BDI_SUM
              ________      ________      ________      ________      ________
 PER_DAMP           0
 PA                 0             0
 NA                 0             0             0
 ANHEDONI           0             0             0             0
 BDI_SUM            0             0             0             0             0


           ALPHA
              SPA_PR        SNA_PR        PER_DAMP      PA            NA
              ________      ________      ________      ________      ________
                    5             6             7             8             9


           ALPHA
              ANHEDONI      BDI_SUM
              ________      ________
                    0             0


           BETA
              SPA_PR        SNA_PR        PER_DAMP      PA            NA
              ________      ________      ________      ________      ________
 SPA_PR             0             0             0             0             0
 SNA_PR             0             0             0             0             0
 PER_DAMP           0             0             0             0             0
 PA                 0             0             0             0             0
 NA                 0             0             0             0             0
 ANHEDONI           0             0             0             0             0
 BDI_SUM            0             0             0             0             0


           BETA
              ANHEDONI      BDI_SUM
              ________      ________
 SPA_PR            10            11
 SNA_PR            12            13
 PER_DAMP          14            15
 PA                 0             0
 NA                 0             0
 ANHEDONI           0             0
 BDI_SUM            0             0


           PSI
              SPA_PR        SNA_PR        PER_DAMP      PA            NA
              ________      ________      ________      ________      ________
 SPA_PR            16
 SNA_PR             0            17
 PER_DAMP           0             0            18
 PA                 0             0             0            19
 NA                 0             0             0             0            20
 ANHEDONI           0             0             0             0             0
 BDI_SUM            0             0             0             0             0


           PSI
              ANHEDONI      BDI_SUM
              ________      ________
 ANHEDONI           0
 BDI_SUM            0             0


     STARTING VALUES FOR WITHIN


           NU
              PER_DAMP      PA            NA            PA&1          NA&1
              ________      ________      ________      ________      ________
                0.000         0.000         0.000         0.000         0.000


           LAMBDA
              PER_DAMP      PA            NA            PA&1          NA&1
              ________      ________      ________      ________      ________
 PER_DAMP       1.000         0.000         0.000         0.000         0.000
 PA             0.000         1.000         0.000         0.000         0.000
 NA             0.000         0.000         1.000         0.000         0.000
 PA&1           0.000         0.000         0.000         1.000         0.000
 NA&1           0.000         0.000         0.000         0.000         1.000


           THETA
              PER_DAMP      PA            NA            PA&1          NA&1
              ________      ________      ________      ________      ________
 PER_DAMP       0.000
 PA             0.000         0.000
 NA             0.000         0.000         0.000
 PA&1           0.000         0.000         0.000         0.000
 NA&1           0.000         0.000         0.000         0.000         0.000


           ALPHA
              PER_DAMP      PA            NA            PA&1          NA&1
              ________      ________      ________      ________      ________
                0.000         0.000         0.000         0.000         0.000


           BETA
              PER_DAMP      PA            NA            PA&1          NA&1
              ________      ________      ________      ________      ________
 PER_DAMP       0.000         0.000         0.000         0.000         0.000
 PA             0.000         0.000         0.000         0.000         0.000
 NA             0.000         0.000         0.000         0.000         0.000
 PA&1           0.000         0.000         0.000         0.000         0.000
 NA&1           0.000         0.000         0.000         0.000         0.000


           PSI
              PER_DAMP      PA            NA            PA&1          NA&1
              ________      ________      ________      ________      ________
 PER_DAMP     108.151
 PA             0.000       149.835
 NA             0.000         0.000        81.646
 PA&1           0.000         0.000         0.000       149.870
 NA&1           0.000         0.000         0.000         0.000        81.518


     STARTING VALUES FOR BETWEEN


           NU
              PER_DAMP      PA            NA            ANHEDONI      BDI_SUM
              ________      ________      ________      ________      ________
                0.000         0.000         0.000         0.000         0.000


           LAMBDA
              SPA_PR        SNA_PR        PER_DAMP      PA            NA
              ________      ________      ________      ________      ________
 PER_DAMP       0.000         0.000         1.000         0.000         0.000
 PA             0.000         0.000         0.000         1.000         0.000
 NA             0.000         0.000         0.000         0.000         1.000
 ANHEDONI       0.000         0.000         0.000         0.000         0.000
 BDI_SUM        0.000         0.000         0.000         0.000         0.000


           LAMBDA
              ANHEDONI      BDI_SUM
              ________      ________
 PER_DAMP       0.000         0.000
 PA             0.000         0.000
 NA             0.000         0.000
 ANHEDONI       1.000         0.000
 BDI_SUM        0.000         1.000


           THETA
              PER_DAMP      PA            NA            ANHEDONI      BDI_SUM
              ________      ________      ________      ________      ________
 PER_DAMP       0.000
 PA             0.000         0.000
 NA             0.000         0.000         0.000
 ANHEDONI       0.000         0.000         0.000         0.000
 BDI_SUM        0.000         0.000         0.000         0.000         0.000


           ALPHA
              SPA_PR        SNA_PR        PER_DAMP      PA            NA
              ________      ________      ________      ________      ________
                0.000         0.000        11.347        45.356        14.930


           ALPHA
              ANHEDONI      BDI_SUM
              ________      ________
                0.000         0.000


           BETA
              SPA_PR        SNA_PR        PER_DAMP      PA            NA
              ________      ________      ________      ________      ________
 SPA_PR         0.000         0.000         0.000         0.000         0.000
 SNA_PR         0.000         0.000         0.000         0.000         0.000
 PER_DAMP       0.000         0.000         0.000         0.000         0.000
 PA             0.000         0.000         0.000         0.000         0.000
 NA             0.000         0.000         0.000         0.000         0.000
 ANHEDONI       0.000         0.000         0.000         0.000         0.000
 BDI_SUM        0.000         0.000         0.000         0.000         0.000


           BETA
              ANHEDONI      BDI_SUM
              ________      ________
 SPA_PR         0.000         0.000
 SNA_PR         0.000         0.000
 PER_DAMP       0.000         0.000
 PA             0.000         0.000
 NA             0.000         0.000
 ANHEDONI       0.000         0.000
 BDI_SUM        0.000         0.000


           PSI
              SPA_PR        SNA_PR        PER_DAMP      PA            NA
              ________      ________      ________      ________      ________
 SPA_PR         1.000
 SNA_PR         0.000         1.000
 PER_DAMP       0.000         0.000       108.151
 PA             0.000         0.000         0.000       149.835
 NA             0.000         0.000         0.000         0.000        81.646
 ANHEDONI       0.000         0.000         0.000         0.000         0.000
 BDI_SUM        0.000         0.000         0.000         0.000         0.000


           PSI
              ANHEDONI      BDI_SUM
              ________      ________
 ANHEDONI      41.435
 BDI_SUM        0.000        15.807



     PRIORS FOR ALL PARAMETERS            PRIOR MEAN      PRIOR VARIANCE     PRIOR STD. DEV.

     Parameter 1~IG(-1.000,0.000)          infinity            infinity            infinity
     Parameter 2~IW(0.000,-3)              infinity            infinity            infinity
     Parameter 3~IW(0.000,-3)              infinity            infinity            infinity
     Parameter 4~IW(0.000,-3)              infinity            infinity            infinity
     Parameter 5~N(0.000,infinity)           0.0000            infinity            infinity
     Parameter 6~N(0.000,infinity)           0.0000            infinity            infinity
     Parameter 7~N(0.000,infinity)           0.0000            infinity            infinity
     Parameter 8~N(0.000,infinity)           0.0000            infinity            infinity
     Parameter 9~N(0.000,infinity)           0.0000            infinity            infinity
     Parameter 10~N(0.000,infinity)          0.0000            infinity            infinity
     Parameter 11~N(0.000,infinity)          0.0000            infinity            infinity
     Parameter 12~N(0.000,infinity)          0.0000            infinity            infinity
     Parameter 13~N(0.000,infinity)          0.0000            infinity            infinity
     Parameter 14~N(0.000,infinity)          0.0000            infinity            infinity
     Parameter 15~N(0.000,infinity)          0.0000            infinity            infinity
     Parameter 16~IG(-1.000,0.000)         infinity            infinity            infinity
     Parameter 17~IG(-1.000,0.000)         infinity            infinity            infinity
     Parameter 18~IG(-1.000,0.000)         infinity            infinity            infinity
     Parameter 19~IG(-1.000,0.000)         infinity            infinity            infinity
     Parameter 20~IG(-1.000,0.000)         infinity            infinity            infinity


TECHNICAL 8 OUTPUT


   TECHNICAL 8 OUTPUT FOR BAYES ESTIMATION

     PROCESSOR    BSEED
     1            0
     2            285380
     3            253358
     4            93468
     5            608496
     6            903420
     7            195873
     8            462953
     9            939021
     10           127215
     11           415931
     12           533738
     13           107446
     14           399671
     15           650371
     16           27071

                     POTENTIAL       PARAMETER WITH
     ITERATION    SCALE REDUCTION      HIGHEST PSR
     100              1.225               16
     200              1.054               6
     300              1.114               6
     400              1.028               13
     500              1.024               13
     600              1.016               13
     700              1.019               5
     800              1.029               5
     900              1.012               7
     1000             1.008               7
     1100             1.014               16
     1200             1.018               16
     1300             1.018               6
     1400             1.024               16
     1500             1.026               6
     1600             1.024               16
     1700             1.026               16
     1800             1.010               6
     1900             1.005               6
     2000             1.010               6


PLOT INFORMATION

The following plots are available:

  Histograms (sample values)
  Scatterplots (sample values)
  Between-level histograms (sample values, sample means/variances)
  Between-level scatterplots (sample values, sample means/variances)
  Time series plots (sample values, ACF, PACF)
  Histogram of subjects per time point
  Time interval plots
  Bayesian posterior parameter distributions
  Bayesian posterior parameter trace plots
  Bayesian autocorrelation plots

     Beginning Time:  20:51:19
        Ending Time:  20:52:29
       Elapsed Time:  00:01:10



MUTHEN & MUTHEN
3463 Stoner Ave.
Los Angeles, CA  90066

Tel: (310) 391-9971
Fax: (310) 391-8971
Web: www.StatModel.com
Support: Support@StatModel.com

Copyright (c) 1998-2022 Muthen & Muthen
