Mplus VERSION 8.8
MUTHEN & MUTHEN
08/25/2023  11:53 PM

INPUT INSTRUCTIONS


  DATA:
  FILE IS data6.dat;

  VARIABLE:   NAMES =
  	    Eth_ID Time Time_between Time_inc
  	    PA_enth NA_irri NA_verv PA_tevr PA_ener
       	    PA_kalm NA_nerv PA_daadk NA_verdr
  	    PA_vrol NA_boos PA_dankb NA_somb PER_att
      	    PER_refl PER_self PER_expr PER_damp
  	    PER_codamp PER_capit Sample age_yr gesl BDI
      	    Measures_valid BDI_anh Anhedonia
   	    BDI_sum PA NA day compliance;

              USEVARIABLES are PER_codamp PA NA Anhedonia BDI_sum;
              MISSING is .;
              within = ;
              between = Anhedonia BDI_sum ;
              cluster = Eth_ID;
              lagged= PA NA(1);
              tinterval=Time_inc (150);


  DEFINE:     CENTER Anhedonia BDI_sum (grandmean);

  ANALYSIS:   type = twolevel random;
              estimator = Bayes;
              biterations=(2000);
  !            bconvergence=0.005;
              thin=2;
              PROCESSORS=16;
  MODEL:
  %WITHIN%
  sPA_PR | PER_codamp on PA&1;
  sNA_PR | PER_codamp on NA&1;
  PA on PA&1@0;
  NA on NA&1@0;
  PER_codamp with PA@0;
  PER_codamp with NA@0;

  %between%
  sPA_PR sNA_PR on Anhedonia BDI_sum;
  PER_codamp on Anhedonia BDI_sum;


  OUTPUT: standardized tech1 tech8 cinterval patterns;
  PLOT: TYPE = PLOT3;



*** WARNING in VARIABLE command
  Note that only the first 8 characters of variable names are used in the output.
  Shorten variable names to avoid any confusion.
*** WARNING in MODEL command
  A y-variable has been declared on the within level but not referred to on
  the between level.  Please check that this is what is intended.  If this is not intended,
  specify the variable as a within variable.  Problem with:  PA
*** WARNING in MODEL command
  A y-variable has been declared on the within level but not referred to on
  the between level.  Please check that this is what is intended.  If this is not intended,
  specify the variable as a within variable.  Problem with:  NA
*** WARNING in PLOT command
  Note that only the first 8 characters of variable names are used in plots.
  If variable names are not unique within the first 8 characters, problems
  may occur.
*** WARNING
  One or more individual-level variables have no variation within a
  cluster for the following clusters.

     Variable   Cluster IDs with no within-cluster variation

      PER_CODA    82 89 71 148 165 127 73 177

*** WARNING
  Data set contains cases with missing on all variables.  Cases that appeared before the first
  case with observed data and that appeared after the last case with observed data were not
  included in the analysis.  Number of deleted cases:  679
   6 WARNING(S) FOUND IN THE INPUT INSTRUCTIONS




SUMMARY OF ANALYSIS

Number of groups                                                 1
Number of observations                                       20160

Number of dependent variables                                    3
Number of independent variables                                  4
Number of continuous latent variables                            2

Observed dependent variables

  Continuous
   PER_CODAMP  PA          NA

Observed independent variables
   ANHEDONI    BDI_SUM     PA&1        NA&1

Continuous latent variables
   SPA_PR      SNA_PR

Variables with special functions

  Cluster variable      ETH_ID

  Within variables
   PA&1        NA&1

  Between variables
   ANHEDONI    BDI_SUM

  Centering (GRANDMEAN)
   ANHEDONI    BDI_SUM


Estimator                                                    BAYES
Specifications for Bayesian Estimation
  Point estimate                                            MEDIAN
  Number of Markov chain Monte Carlo (MCMC) chains               2
  Random seed for the first chain                                0
  Starting value information                           UNPERTURBED
  Algorithm used for Markov chain Monte Carlo           GIBBS(PX1)
  Convergence criterion                                  0.500D-01
  Maximum number of iterations                               50000
  K-th iteration used for thinning                               2

Input data file(s)
  data6.dat
Input data format  FREE


SUMMARY OF DATA

     Number of clusters                        159

       Size (s)    Cluster ID with Size s

         56        28
         80        82
         84        87
         88        72
         97        34
        101        10
        105        52
        108        119
        111        36
        113        182
        115        89 131
        116        15 188 75 77
        117        11
        118        16 66 49 57 195
        119        197 71 48 149 50 92 38 186 163 106
        120        55 168 7 108 148 192 61 98 165
        122        174
        123        127
        124        161 117 103 51
        125        53 54 13 40 44 88 30 68 100 93 105 112 123 73
        126        107 172 173 102 65 109 111 80 76 120
        127        70 177 133 62 139 118 110 25 115 67 46 104 178 126 193
                   32 86 198 147
        128        43 153 59 156 96 180 18 5
        129        141 144 125 3 185 146 135 190 187 39 137 116 69
        130        138 166 97 14
        133        191
        134        2
        135        194 63 60 183 201 200
        136        26 56
        137        95 4 9 22 19 42
        138        132 29 94
        139        45 74 35 37 84 21 79 145 114
        142        27
        143        179
        144        170 24 171
        145        1 124 162 20
        146        151 6 167
        147        142 31
        148        159 176



SUMMARY OF MISSING DATA PATTERNS

     Number of missing data patterns            13


     MISSING DATA PATTERNS (x = not missing)

           1  2  3  4  5  6  7  8  9 10 11 12 13
 PER_CODA  x  x              x     x     x     x
 PA        x  x        x  x     x  x     x  x
 NA        x  x        x  x        x  x  x
 PA&1      x     x        x  x     x        x
 NA&1      x     x        x  x           x  x
 ANHEDONI  x  x  x  x  x  x  x  x  x  x  x  x  x
 BDI_SUM   x  x  x  x  x  x  x  x  x  x  x  x  x


     MISSING DATA PATTERN FREQUENCIES

    Pattern   Frequency     Pattern   Frequency     Pattern   Frequency
          1        4871           6          67          11           1
          2        3199           7           3          12           1
          3        3121           8           4          13           1
          4        8808           9           5
          5          78          10           1


COVARIANCE COVERAGE OF DATA

Minimum covariance coverage value   0.100


     PROPORTION OF DATA PRESENT


           Covariance Coverage
              PER_CODA      PA            NA            ANHEDONI      BDI_SUM
              ________      ________      ________      ________      ________
 PER_CODA       0.401
 PA             0.401         0.408
 NA             0.401         0.408         0.408
 ANHEDONI       0.401         0.408         0.408         1.000
 BDI_SUM        0.401         0.408         0.408         1.000         1.000



UNIVARIATE SAMPLE STATISTICS


     UNIVARIATE HIGHER-ORDER MOMENT DESCRIPTIVE STATISTICS

         Variable/         Mean/     Skewness/   Minimum/ % with                Percentiles
        Sample Size      Variance    Kurtosis    Maximum  Min/Max      20%/60%    40%/80%    Median

     PER_CODAMP            9.792       2.490       0.000   25.02%       0.000      4.000      6.000
            8080.000     179.259       6.918     100.000    0.01%       7.000     14.000
     PA                   47.250      -0.053       0.000    0.35%      32.167     43.333     47.833
            8226.000     318.049      -0.209     100.000    0.11%      52.000     62.333
     NA                   14.975       1.412       0.000    7.26%       5.000      9.167     11.500
            8222.000     164.910       1.997      80.667    0.01%      14.333     23.000
     ANHEDONIA             0.000       0.630     -18.380    0.63%      -7.330     -2.924     -0.934
             159.000      79.008       0.606      29.966    0.63%       1.234      6.118
     BDI_SUM               0.000       0.851      -8.050    3.77%      -5.050     -3.050     -1.050
             159.000      31.821       0.278      16.950    1.26%      -0.050      3.950


THE MODEL ESTIMATION TERMINATED NORMALLY

     USE THE FBITERATIONS OPTION TO INCREASE THE NUMBER OF ITERATIONS BY A FACTOR
     OF AT LEAST TWO TO CHECK CONVERGENCE AND THAT THE PSR VALUE DOES NOT INCREASE.



MODEL FIT INFORMATION

Number of Free Parameters                              20

Information Criteria

          Deviance (DIC)                       483497.580
          Estimated Number of Parameters (pD)   36277.667



MODEL RESULTS

                                Posterior  One-Tailed         95% C.I.
                    Estimate       S.D.      P-Value   Lower 2.5%  Upper 2.5%  Significance

Within Level

 PA         ON
    PA&1               0.000       0.000      1.000       0.000       0.000

 NA         ON
    NA&1               0.000       0.000      1.000       0.000       0.000

 PER_CODA WITH
    PA                 0.000       0.000      1.000       0.000       0.000
    NA                 0.000       0.000      1.000       0.000       0.000

 NA       WITH
    PA               -66.441       1.694      0.000     -69.855     -63.167      *

 Residual Variances
    PER_CODAMP        66.836       1.199      0.000      64.554      69.358      *
    PA               185.682       2.985      0.000     180.071     191.876      *
    NA                93.441       1.481      0.000      90.495      96.344      *

Between Level

 SPA_PR     ON
    ANHEDONIA          0.000       0.002      0.487      -0.005       0.005
    BDI_SUM            0.006       0.004      0.083      -0.003       0.014

 SNA_PR     ON
    ANHEDONIA          0.002       0.003      0.261      -0.004       0.009
    BDI_SUM            0.000       0.006      0.482      -0.011       0.011

 PER_CODAMP ON
    ANHEDONIA          0.004       0.092      0.482      -0.183       0.176
    BDI_SUM            0.302       0.146      0.020       0.013       0.583      *

 Means
    PA                47.302       0.937      0.000      45.448      49.139      *
    NA                15.183       0.716      0.000      13.842      16.654      *

 Intercepts
    PER_CODAMP        10.097       0.804      0.000       8.524      11.683      *
    SPA_PR             0.042       0.022      0.033      -0.002       0.084
    SNA_PR             0.093       0.029      0.001       0.035       0.149      *

 Variances
    PA               142.541      16.761      0.000     114.720     178.639      *
    NA                78.495       9.330      0.000      63.769      98.883      *

 Residual Variances
    PER_CODAMP       103.612      12.406      0.000      82.804     131.550      *
    SPA_PR             0.060       0.010      0.000       0.044       0.082      *
    SNA_PR             0.082       0.014      0.000       0.058       0.114      *


STANDARDIZED MODEL RESULTS


STDYX Standardization

                                Posterior  One-Tailed         95% C.I.
                    Estimate       S.D.      P-Value   Lower 2.5%  Upper 2.5%  Significance

Within-Level Standardized Estimates Averaged Over Clusters

 SPA_PR | PER_CODAMP ON
    PA&1               0.058       0.017      0.000       0.027       0.093      *

 SNA_PR | PER_CODAMP ON
    NA&1               0.090       0.018      0.000       0.054       0.123      *

 PA         ON
    PA&1               0.000       0.000      1.000       0.000       0.000

 NA         ON
    NA&1               0.000       0.000      1.000       0.000       0.000

 PER_CODA WITH
    PA                 0.000       0.000      1.000       0.000       0.000
    NA                 0.000       0.000      1.000       0.000       0.000

 NA       WITH
    PA                -0.504       0.009      0.000      -0.522      -0.487      *

 Residual Variances
    PER_CODAMP         0.852       0.006      0.000       0.840       0.865      *
    PA                 1.000       0.000      0.000       1.000       1.000
    NA                 1.000       0.000      0.000       1.000       1.000

Between Level

 SPA_PR     ON
    ANHEDONIA          0.002       0.062      0.487      -0.115       0.122
    BDI_SUM            0.101       0.071      0.083      -0.042       0.231

 SNA_PR     ON
    ANHEDONIA          0.047       0.071      0.261      -0.094       0.185
    BDI_SUM            0.004       0.076      0.482      -0.148       0.150

 PER_CODAMP ON
    ANHEDONIA          0.003       0.056      0.482      -0.110       0.108
    BDI_SUM            0.117       0.056      0.020       0.005       0.222      *

 Means
    PA                 3.968       0.242      0.000       3.494       4.455      *
    NA                 1.715       0.127      0.000       1.466       1.960      *

 Intercepts
    PER_CODAMP         0.982       0.096      0.000       0.791       1.173      *
    SPA_PR             0.172       0.092      0.033      -0.009       0.353
    SNA_PR             0.321       0.105      0.001       0.118       0.528      *

 Variances
    PA                 1.000       0.000      0.000       1.000       1.000
    NA                 1.000       0.000      0.000       1.000       1.000

 Residual Variances
    PER_CODAMP         0.983       0.014      0.000       0.946       0.998      *
    SPA_PR             0.986       0.016      0.000       0.940       0.999      *
    SNA_PR             0.991       0.013      0.000       0.953       1.000      *


STDY Standardization

                                Posterior  One-Tailed         95% C.I.
                    Estimate       S.D.      P-Value   Lower 2.5%  Upper 2.5%  Significance

Within-Level Standardized Estimates Averaged Over Clusters

 SPA_PR | PER_CODAMP ON
    PA&1               0.004       0.001      0.000       0.002       0.007      *

 SNA_PR | PER_CODAMP ON
    NA&1               0.009       0.002      0.000       0.006       0.013      *

 PA         ON
    PA&1               0.000       0.000      1.000       0.000       0.000

 NA         ON
    NA&1               0.000       0.000      1.000       0.000       0.000

 PER_CODA WITH
    PA                 0.000       0.000      1.000       0.000       0.000
    NA                 0.000       0.000      1.000       0.000       0.000

 NA       WITH
    PA                -0.504       0.009      0.000      -0.522      -0.487      *

 Residual Variances
    PER_CODAMP         0.852       0.006      0.000       0.840       0.865      *
    PA                 1.000       0.000      0.000       1.000       1.000
    NA                 1.000       0.000      0.000       1.000       1.000

Between Level

 SPA_PR     ON
    ANHEDONIA          0.000       0.010      0.487      -0.018       0.019
    BDI_SUM            0.025       0.018      0.083      -0.010       0.058

 SNA_PR     ON
    ANHEDONIA          0.007       0.011      0.261      -0.015       0.029
    BDI_SUM            0.001       0.019      0.482      -0.037       0.038

 PER_CODAMP ON
    ANHEDONIA          0.000       0.009      0.482      -0.017       0.017
    BDI_SUM            0.029       0.014      0.020       0.001       0.056      *

 Means
    PA                 3.968       0.242      0.000       3.494       4.455      *
    NA                 1.715       0.127      0.000       1.466       1.960      *

 Intercepts
    PER_CODAMP         0.982       0.096      0.000       0.791       1.173      *
    SPA_PR             0.172       0.092      0.033      -0.009       0.353
    SNA_PR             0.321       0.105      0.001       0.118       0.528      *

 Variances
    PA                 1.000       0.000      0.000       1.000       1.000
    NA                 1.000       0.000      0.000       1.000       1.000

 Residual Variances
    PER_CODAMP         0.983       0.014      0.000       0.946       0.998      *
    SPA_PR             0.986       0.016      0.000       0.940       0.999      *
    SNA_PR             0.991       0.013      0.000       0.953       1.000      *


STD Standardization

                                Posterior  One-Tailed         95% C.I.
                    Estimate       S.D.      P-Value   Lower 2.5%  Upper 2.5%  Significance

Within-Level Standardized Estimates Averaged Over Clusters

 SPA_PR | PER_CODAMP ON
    PA&1               0.042       0.012      0.000       0.019       0.067      *

 SNA_PR | PER_CODAMP ON
    NA&1               0.093       0.017      0.000       0.059       0.126      *

 PA         ON
    PA&1               0.000       0.000      1.000       0.000       0.000

 NA         ON
    NA&1               0.000       0.000      1.000       0.000       0.000

 PER_CODA WITH
    PA                 0.000       0.000      1.000       0.000       0.000
    NA                 0.000       0.000      1.000       0.000       0.000

 NA       WITH
    PA               -66.441       1.694      0.000     -69.855     -63.167      *

 Residual Variances
    PER_CODAMP        66.836       1.199      0.000      64.554      69.358      *
    PA               185.682       2.985      0.000     180.071     191.876      *
    NA                93.441       1.481      0.000      90.495      96.344      *

Between Level

 SPA_PR     ON
    ANHEDONIA          0.000       0.010      0.487      -0.018       0.019
    BDI_SUM            0.025       0.018      0.083      -0.010       0.058

 SNA_PR     ON
    ANHEDONIA          0.007       0.011      0.261      -0.015       0.029
    BDI_SUM            0.001       0.019      0.482      -0.037       0.038

 PER_CODAMP ON
    ANHEDONIA          0.004       0.092      0.482      -0.183       0.176
    BDI_SUM            0.302       0.146      0.020       0.013       0.583      *

 Means
    PA                47.302       0.937      0.000      45.448      49.139      *
    NA                15.183       0.716      0.000      13.842      16.654      *

 Intercepts
    PER_CODAMP        10.097       0.804      0.000       8.524      11.683      *
    SPA_PR             0.172       0.092      0.033      -0.009       0.353
    SNA_PR             0.321       0.105      0.001       0.118       0.528      *

 Variances
    PA               142.541      16.761      0.000     114.720     178.639      *
    NA                78.495       9.330      0.000      63.769      98.883      *

 Residual Variances
    PER_CODAMP       103.612      12.406      0.000      82.804     131.550      *
    SPA_PR             0.986       0.016      0.000       0.940       0.999      *
    SNA_PR             0.991       0.013      0.000       0.953       1.000      *


R-SQUARE

Within-Level R-Square Averaged Across Clusters

                                Posterior  One-Tailed         95% C.I.
    Variable        Estimate       S.D.      P-Value   Lower 2.5%  Upper 2.5%

    PER_CODAMP         0.148       0.006      0.000       0.135       0.160
    PA                 0.000       0.000      1.000       0.000       0.000
    NA                 0.000       0.000      1.000       0.000       0.000

Between Level

                                Posterior  One-Tailed         95% C.I.
    Variable        Estimate       S.D.      P-Value   Lower 2.5%  Upper 2.5%

    PER_CODAMP         0.017       0.014      0.000       0.002       0.054

                                Posterior  One-Tailed         95% C.I.
    Variable        Estimate       S.D.      P-Value   Lower 2.5%  Upper 2.5%

    SPA_PR             0.014       0.016      0.000       0.001       0.060
    SNA_PR             0.009       0.013      0.000       0.000       0.046


CREDIBILITY INTERVALS OF MODEL RESULTS

                  Lower .5%  Lower 2.5%    Lower 5%    Estimate    Upper 5%  Upper 2.5%   Upper .5%

Within Level

 PA       ON
    PA&1             0.000       0.000       0.000       0.000       0.000       0.000       0.000

 NA       ON
    NA&1             0.000       0.000       0.000       0.000       0.000       0.000       0.000

 PER_CODA WITH
    PA               0.000       0.000       0.000       0.000       0.000       0.000       0.000
    NA               0.000       0.000       0.000       0.000       0.000       0.000       0.000

 NA       WITH
    PA             -70.766     -69.855     -69.194     -66.441     -63.700     -63.167     -62.128

 Residual Variances
    PER_CODAMP      63.783      64.554      64.955      66.836      68.908      69.358      69.954
    PA             178.326     180.071     180.895     185.682     190.834     191.876     193.464
    NA              89.756      90.495      90.939      93.441      95.831      96.344      97.051

Between Level

 SPA_PR   ON
    ANHEDONIA       -0.006      -0.005      -0.004       0.000       0.004       0.005       0.006
    BDI_SUM         -0.006      -0.003      -0.001       0.006       0.013       0.014       0.017

 SNA_PR   ON
    ANHEDONIA       -0.006      -0.004      -0.003       0.002       0.008       0.009       0.011
    BDI_SUM         -0.016      -0.011      -0.009       0.000       0.009       0.011       0.014

 PER_CODA ON
    ANHEDONIA       -0.244      -0.183      -0.152       0.004       0.155       0.176       0.233
    BDI_SUM         -0.095       0.013       0.066       0.302       0.538       0.583       0.661

 Means
    PA              44.854      45.448      45.747      47.302      48.828      49.139      49.756
    NA              13.506      13.842      14.035      15.183      16.386      16.654      16.997

 Intercepts
    PER_CODAMP       7.896       8.524       8.741      10.097      11.405      11.683      12.173
    SPA_PR          -0.017      -0.002       0.006       0.042       0.078       0.084       0.099
    SNA_PR           0.015       0.035       0.045       0.093       0.140       0.149       0.165

 Variances
    PA             106.791     114.720     118.431     142.541     172.946     178.639     194.502
    NA              59.810      63.769      65.600      78.495      95.571      98.883     107.625

 Residual Variances
    PER_CODAMP      77.399      82.804      86.236     103.612     126.230     131.550     141.235
    SPA_PR           0.040       0.044       0.046       0.060       0.077       0.082       0.089
    SNA_PR           0.053       0.058       0.062       0.082       0.108       0.114       0.126


CREDIBILITY INTERVALS OF STANDARDIZED MODEL RESULTS


STDYX Standardization

                  Lower .5%  Lower 2.5%    Lower 5%    Estimate    Upper 5%  Upper 2.5%   Upper .5%

Within Level

 PA       ON
    PA&1             0.000       0.000       0.000       0.000       0.000       0.000       0.000

 NA       ON
    NA&1             0.000       0.000       0.000       0.000       0.000       0.000       0.000

 PER_CODA WITH
    PA               0.000       0.000       0.000       0.000       0.000       0.000       0.000
    NA               0.000       0.000       0.000       0.000       0.000       0.000       0.000

 NA       WITH
    PA               0.000      -0.522       0.000      -0.504       0.000      -0.487       0.000

 Residual Variances
    PER_CODAMP       0.000       0.840       0.000       0.852       0.000       0.865       0.000
    PA               0.000       1.000       0.000       1.000       0.000       1.000       0.000
    NA               0.000       1.000       0.000       1.000       0.000       1.000       0.000

Between Level

 SPA_PR   ON
    ANHEDONIA       -0.158      -0.115      -0.098       0.002       0.105       0.122       0.151
    BDI_SUM         -0.091      -0.042      -0.022       0.101       0.212       0.231       0.263

 SNA_PR   ON
    ANHEDONIA       -0.136      -0.094      -0.069       0.047       0.163       0.185       0.227
    BDI_SUM         -0.202      -0.148      -0.122       0.004       0.126       0.150       0.202

 PER_CODA ON
    ANHEDONIA       -0.148      -0.110      -0.094       0.003       0.095       0.108       0.138
    BDI_SUM         -0.038       0.005       0.026       0.117       0.205       0.222       0.249

 Means
    PA               3.327       3.494       3.573       3.968       4.378       4.455       4.613
    NA               1.389       1.466       1.506       1.715       1.915       1.960       2.021

 Intercepts
    PER_CODAMP       0.724       0.791       0.823       0.982       1.140       1.173       1.215
    SPA_PR          -0.077      -0.009       0.021       0.172       0.323       0.353       0.436
    SNA_PR           0.052       0.118       0.150       0.321       0.494       0.528       0.581

 Variances
    PA               1.000       1.000       1.000       1.000       1.000       1.000       1.000
    NA               1.000       1.000       1.000       1.000       1.000       1.000       1.000

 Residual Variances
    PER_CODAMP       0.933       0.946       0.954       0.983       0.998       0.998       1.000
    SPA_PR           0.924       0.940       0.949       0.986       0.999       0.999       1.000
    SNA_PR           0.925       0.953       0.962       0.991       0.999       1.000       1.000


STDY Standardization

                  Lower .5%  Lower 2.5%    Lower 5%    Estimate    Upper 5%  Upper 2.5%   Upper .5%

Within Level

 PA       ON
    PA&1             0.000       0.000       0.000       0.000       0.000       0.000       0.000

 NA       ON
    NA&1             0.000       0.000       0.000       0.000       0.000       0.000       0.000

 PER_CODA WITH
    PA               0.000       0.000       0.000       0.000       0.000       0.000       0.000
    NA               0.000       0.000       0.000       0.000       0.000       0.000       0.000

 NA       WITH
    PA               0.000      -0.522       0.000      -0.504       0.000      -0.487       0.000

 Residual Variances
    PER_CODAMP       0.000       0.840       0.000       0.852       0.000       0.865       0.000
    PA               0.000       1.000       0.000       1.000       0.000       1.000       0.000
    NA               0.000       1.000       0.000       1.000       0.000       1.000       0.000

Between Level

 SPA_PR   ON
    ANHEDONIA       -0.025      -0.018      -0.015       0.000       0.017       0.019       0.024
    BDI_SUM         -0.023      -0.010      -0.006       0.025       0.053       0.058       0.066

 SNA_PR   ON
    ANHEDONIA       -0.021      -0.015      -0.011       0.007       0.026       0.029       0.036
    BDI_SUM         -0.051      -0.037      -0.031       0.001       0.032       0.038       0.051

 PER_CODA ON
    ANHEDONIA       -0.023      -0.017      -0.015       0.000       0.015       0.017       0.022
    BDI_SUM         -0.010       0.001       0.006       0.029       0.051       0.056       0.063

 Means
    PA               3.327       3.494       3.573       3.968       4.378       4.455       4.613
    NA               1.389       1.466       1.506       1.715       1.915       1.960       2.021

 Intercepts
    PER_CODAMP       0.724       0.791       0.823       0.982       1.140       1.173       1.215
    SPA_PR          -0.077      -0.009       0.021       0.172       0.323       0.353       0.436
    SNA_PR           0.052       0.118       0.150       0.321       0.494       0.528       0.581

 Variances
    PA               1.000       1.000       1.000       1.000       1.000       1.000       1.000
    NA               1.000       1.000       1.000       1.000       1.000       1.000       1.000

 Residual Variances
    PER_CODAMP       0.933       0.946       0.954       0.983       0.998       0.998       1.000
    SPA_PR           0.924       0.940       0.949       0.986       0.999       0.999       1.000
    SNA_PR           0.925       0.953       0.962       0.991       0.999       1.000       1.000


STD Standardization

                  Lower .5%  Lower 2.5%    Lower 5%    Estimate    Upper 5%  Upper 2.5%   Upper .5%

Within Level

 PA       ON
    PA&1             0.000       0.000       0.000       0.000       0.000       0.000       0.000

 NA       ON
    NA&1             0.000       0.000       0.000       0.000       0.000       0.000       0.000

 PER_CODA WITH
    PA               0.000       0.000       0.000       0.000       0.000       0.000       0.000
    NA               0.000       0.000       0.000       0.000       0.000       0.000       0.000

 NA       WITH
    PA               0.000     -69.855       0.000     -66.441       0.000     -63.167       0.000

 Residual Variances
    PER_CODAMP       0.000      64.554       0.000      66.836       0.000      69.358       0.000
    PA               0.000     180.071       0.000     185.682       0.000     191.876       0.000
    NA               0.000      90.495       0.000      93.441       0.000      96.344       0.000

Between Level

 SPA_PR   ON
    ANHEDONIA       -0.025      -0.018      -0.015       0.000       0.017       0.019       0.024
    BDI_SUM         -0.023      -0.010      -0.006       0.025       0.053       0.058       0.066

 SNA_PR   ON
    ANHEDONIA       -0.021      -0.015      -0.011       0.007       0.026       0.029       0.036
    BDI_SUM         -0.051      -0.037      -0.031       0.001       0.032       0.038       0.051

 PER_CODA ON
    ANHEDONIA       -0.244      -0.183      -0.152       0.004       0.155       0.176       0.233
    BDI_SUM         -0.095       0.013       0.066       0.302       0.538       0.583       0.661

 Means
    PA              44.854      45.448      45.747      47.302      48.828      49.139      49.756
    NA              13.506      13.842      14.035      15.183      16.386      16.654      16.997

 Intercepts
    PER_CODAMP       7.896       8.524       8.741      10.097      11.405      11.683      12.173
    SPA_PR          -0.077      -0.009       0.021       0.172       0.323       0.353       0.436
    SNA_PR           0.052       0.118       0.150       0.321       0.494       0.528       0.581

 Variances
    PA             106.791     114.720     118.431     142.541     172.946     178.639     194.502
    NA              59.810      63.769      65.600      78.495      95.571      98.883     107.625

 Residual Variances
    PER_CODAMP      77.399      82.804      86.236     103.612     126.230     131.550     141.235
    SPA_PR           0.924       0.940       0.949       0.986       0.999       0.999       1.000
    SNA_PR           0.925       0.953       0.962       0.991       0.999       1.000       1.000


TECHNICAL 1 OUTPUT


     PARAMETER SPECIFICATION FOR WITHIN


           NU
              PER_CODA      PA            NA            PA&1          NA&1
              ________      ________      ________      ________      ________
                    0             0             0             0             0


           LAMBDA
              PER_CODA      PA            NA            PA&1          NA&1
              ________      ________      ________      ________      ________
 PER_CODA           0             0             0             0             0
 PA                 0             0             0             0             0
 NA                 0             0             0             0             0
 PA&1               0             0             0             0             0
 NA&1               0             0             0             0             0


           THETA
              PER_CODA      PA            NA            PA&1          NA&1
              ________      ________      ________      ________      ________
 PER_CODA           0
 PA                 0             0
 NA                 0             0             0
 PA&1               0             0             0             0
 NA&1               0             0             0             0             0


           ALPHA
              PER_CODA      PA            NA            PA&1          NA&1
              ________      ________      ________      ________      ________
                    0             0             0             0             0


           BETA
              PER_CODA      PA            NA            PA&1          NA&1
              ________      ________      ________      ________      ________
 PER_CODA           0             0             0             0             0
 PA                 0             0             0             0             0
 NA                 0             0             0             0             0
 PA&1               0             0             0             0             0
 NA&1               0             0             0             0             0


           PSI
              PER_CODA      PA            NA            PA&1          NA&1
              ________      ________      ________      ________      ________
 PER_CODA           1
 PA                 0             2
 NA                 0             3             4
 PA&1               0             0             0             0
 NA&1               0             0             0             0             0


     PARAMETER SPECIFICATION FOR BETWEEN


           NU
              PER_CODA      PA            NA            ANHEDONI      BDI_SUM
              ________      ________      ________      ________      ________
                    0             0             0             0             0


           LAMBDA
              SPA_PR        SNA_PR        PER_CODA      PA            NA
              ________      ________      ________      ________      ________
 PER_CODA           0             0             0             0             0
 PA                 0             0             0             0             0
 NA                 0             0             0             0             0
 ANHEDONI           0             0             0             0             0
 BDI_SUM            0             0             0             0             0


           LAMBDA
              ANHEDONI      BDI_SUM
              ________      ________
 PER_CODA           0             0
 PA                 0             0
 NA                 0             0
 ANHEDONI           0             0
 BDI_SUM            0             0


           THETA
              PER_CODA      PA            NA            ANHEDONI      BDI_SUM
              ________      ________      ________      ________      ________
 PER_CODA           0
 PA                 0             0
 NA                 0             0             0
 ANHEDONI           0             0             0             0
 BDI_SUM            0             0             0             0             0


           ALPHA
              SPA_PR        SNA_PR        PER_CODA      PA            NA
              ________      ________      ________      ________      ________
                    5             6             7             8             9


           ALPHA
              ANHEDONI      BDI_SUM
              ________      ________
                    0             0


           BETA
              SPA_PR        SNA_PR        PER_CODA      PA            NA
              ________      ________      ________      ________      ________
 SPA_PR             0             0             0             0             0
 SNA_PR             0             0             0             0             0
 PER_CODA           0             0             0             0             0
 PA                 0             0             0             0             0
 NA                 0             0             0             0             0
 ANHEDONI           0             0             0             0             0
 BDI_SUM            0             0             0             0             0


           BETA
              ANHEDONI      BDI_SUM
              ________      ________
 SPA_PR            10            11
 SNA_PR            12            13
 PER_CODA          14            15
 PA                 0             0
 NA                 0             0
 ANHEDONI           0             0
 BDI_SUM            0             0


           PSI
              SPA_PR        SNA_PR        PER_CODA      PA            NA
              ________      ________      ________      ________      ________
 SPA_PR            16
 SNA_PR             0            17
 PER_CODA           0             0            18
 PA                 0             0             0            19
 NA                 0             0             0             0            20
 ANHEDONI           0             0             0             0             0
 BDI_SUM            0             0             0             0             0


           PSI
              ANHEDONI      BDI_SUM
              ________      ________
 ANHEDONI           0
 BDI_SUM            0             0


     STARTING VALUES FOR WITHIN


           NU
              PER_CODA      PA            NA            PA&1          NA&1
              ________      ________      ________      ________      ________
                0.000         0.000         0.000         0.000         0.000


           LAMBDA
              PER_CODA      PA            NA            PA&1          NA&1
              ________      ________      ________      ________      ________
 PER_CODA       1.000         0.000         0.000         0.000         0.000
 PA             0.000         1.000         0.000         0.000         0.000
 NA             0.000         0.000         1.000         0.000         0.000
 PA&1           0.000         0.000         0.000         1.000         0.000
 NA&1           0.000         0.000         0.000         0.000         1.000


           THETA
              PER_CODA      PA            NA            PA&1          NA&1
              ________      ________      ________      ________      ________
 PER_CODA       0.000
 PA             0.000         0.000
 NA             0.000         0.000         0.000
 PA&1           0.000         0.000         0.000         0.000
 NA&1           0.000         0.000         0.000         0.000         0.000


           ALPHA
              PER_CODA      PA            NA            PA&1          NA&1
              ________      ________      ________      ________      ________
                0.000         0.000         0.000         0.000         0.000


           BETA
              PER_CODA      PA            NA            PA&1          NA&1
              ________      ________      ________      ________      ________
 PER_CODA       0.000         0.000         0.000         0.000         0.000
 PA             0.000         0.000         0.000         0.000         0.000
 NA             0.000         0.000         0.000         0.000         0.000
 PA&1           0.000         0.000         0.000         0.000         0.000
 NA&1           0.000         0.000         0.000         0.000         0.000


           PSI
              PER_CODA      PA            NA            PA&1          NA&1
              ________      ________      ________      ________      ________
 PER_CODA      89.629
 PA             0.000       159.025
 NA             0.000         0.000        82.455
 PA&1           0.000         0.000         0.000       159.207
 NA&1           0.000         0.000         0.000         0.000        82.346


     STARTING VALUES FOR BETWEEN


           NU
              PER_CODA      PA            NA            ANHEDONI      BDI_SUM
              ________      ________      ________      ________      ________
                0.000         0.000         0.000         0.000         0.000


           LAMBDA
              SPA_PR        SNA_PR        PER_CODA      PA            NA
              ________      ________      ________      ________      ________
 PER_CODA       0.000         0.000         1.000         0.000         0.000
 PA             0.000         0.000         0.000         1.000         0.000
 NA             0.000         0.000         0.000         0.000         1.000
 ANHEDONI       0.000         0.000         0.000         0.000         0.000
 BDI_SUM        0.000         0.000         0.000         0.000         0.000


           LAMBDA
              ANHEDONI      BDI_SUM
              ________      ________
 PER_CODA       0.000         0.000
 PA             0.000         0.000
 NA             0.000         0.000
 ANHEDONI       1.000         0.000
 BDI_SUM        0.000         1.000


           THETA
              PER_CODA      PA            NA            ANHEDONI      BDI_SUM
              ________      ________      ________      ________      ________
 PER_CODA       0.000
 PA             0.000         0.000
 NA             0.000         0.000         0.000
 ANHEDONI       0.000         0.000         0.000         0.000
 BDI_SUM        0.000         0.000         0.000         0.000         0.000


           ALPHA
              SPA_PR        SNA_PR        PER_CODA      PA            NA
              ________      ________      ________      ________      ________
                0.000         0.000         9.792        47.250        14.975


           ALPHA
              ANHEDONI      BDI_SUM
              ________      ________
                0.000         0.000


           BETA
              SPA_PR        SNA_PR        PER_CODA      PA            NA
              ________      ________      ________      ________      ________
 SPA_PR         0.000         0.000         0.000         0.000         0.000
 SNA_PR         0.000         0.000         0.000         0.000         0.000
 PER_CODA       0.000         0.000         0.000         0.000         0.000
 PA             0.000         0.000         0.000         0.000         0.000
 NA             0.000         0.000         0.000         0.000         0.000
 ANHEDONI       0.000         0.000         0.000         0.000         0.000
 BDI_SUM        0.000         0.000         0.000         0.000         0.000


           BETA
              ANHEDONI      BDI_SUM
              ________      ________
 SPA_PR         0.000         0.000
 SNA_PR         0.000         0.000
 PER_CODA       0.000         0.000
 PA             0.000         0.000
 NA             0.000         0.000
 ANHEDONI       0.000         0.000
 BDI_SUM        0.000         0.000


           PSI
              SPA_PR        SNA_PR        PER_CODA      PA            NA
              ________      ________      ________      ________      ________
 SPA_PR         1.000
 SNA_PR         0.000         1.000
 PER_CODA       0.000         0.000        89.629
 PA             0.000         0.000         0.000       159.025
 NA             0.000         0.000         0.000         0.000        82.455
 ANHEDONI       0.000         0.000         0.000         0.000         0.000
 BDI_SUM        0.000         0.000         0.000         0.000         0.000


           PSI
              ANHEDONI      BDI_SUM
              ________      ________
 ANHEDONI      40.163
 BDI_SUM        0.000        15.903



     PRIORS FOR ALL PARAMETERS            PRIOR MEAN      PRIOR VARIANCE     PRIOR STD. DEV.

     Parameter 1~IG(-1.000,0.000)          infinity            infinity            infinity
     Parameter 2~IW(0.000,-3)              infinity            infinity            infinity
     Parameter 3~IW(0.000,-3)              infinity            infinity            infinity
     Parameter 4~IW(0.000,-3)              infinity            infinity            infinity
     Parameter 5~N(0.000,infinity)           0.0000            infinity            infinity
     Parameter 6~N(0.000,infinity)           0.0000            infinity            infinity
     Parameter 7~N(0.000,infinity)           0.0000            infinity            infinity
     Parameter 8~N(0.000,infinity)           0.0000            infinity            infinity
     Parameter 9~N(0.000,infinity)           0.0000            infinity            infinity
     Parameter 10~N(0.000,infinity)          0.0000            infinity            infinity
     Parameter 11~N(0.000,infinity)          0.0000            infinity            infinity
     Parameter 12~N(0.000,infinity)          0.0000            infinity            infinity
     Parameter 13~N(0.000,infinity)          0.0000            infinity            infinity
     Parameter 14~N(0.000,infinity)          0.0000            infinity            infinity
     Parameter 15~N(0.000,infinity)          0.0000            infinity            infinity
     Parameter 16~IG(-1.000,0.000)         infinity            infinity            infinity
     Parameter 17~IG(-1.000,0.000)         infinity            infinity            infinity
     Parameter 18~IG(-1.000,0.000)         infinity            infinity            infinity
     Parameter 19~IG(-1.000,0.000)         infinity            infinity            infinity
     Parameter 20~IG(-1.000,0.000)         infinity            infinity            infinity


TECHNICAL 8 OUTPUT


   TECHNICAL 8 OUTPUT FOR BAYES ESTIMATION

     PROCESSOR    BSEED
     1            0
     2            285380
     3            253358
     4            93468
     5            608496
     6            903420
     7            195873
     8            462953
     9            939021
     10           127215
     11           415931
     12           533738
     13           107446
     14           399671
     15           650371
     16           27071

                     POTENTIAL       PARAMETER WITH
     ITERATION    SCALE REDUCTION      HIGHEST PSR
     100              1.184               16
     200              1.040               6
     300              1.069               6
     400              1.087               5
     500              1.100               5
     600              1.077               17
     700              1.112               17
     800              1.132               17
     900              1.109               17
     1000             1.061               17
     1100             1.056               17
     1200             1.055               6
     1300             1.042               6
     1400             1.045               6
     1500             1.048               6
     1600             1.039               6
     1700             1.035               6
     1800             1.027               6
     1900             1.026               6
     2000             1.029               6


PLOT INFORMATION

The following plots are available:

  Histograms (sample values)
  Scatterplots (sample values)
  Between-level histograms (sample values, sample means/variances)
  Between-level scatterplots (sample values, sample means/variances)
  Time series plots (sample values, ACF, PACF)
  Histogram of subjects per time point
  Time interval plots
  Bayesian posterior parameter distributions
  Bayesian posterior parameter trace plots
  Bayesian autocorrelation plots

     Beginning Time:  23:53:36
        Ending Time:  23:54:51
       Elapsed Time:  00:01:15



MUTHEN & MUTHEN
3463 Stoner Ave.
Los Angeles, CA  90066

Tel: (310) 391-9971
Fax: (310) 391-8971
Web: www.StatModel.com
Support: Support@StatModel.com

Copyright (c) 1998-2022 Muthen & Muthen
