Mplus VERSION 8.8
MUTHEN & MUTHEN
08/26/2023  12:47 AM

INPUT INSTRUCTIONS


  DATA:
  FILE IS data10.dat;

  VARIABLE:   NAMES =
  	    Eth_ID Time Time_between Time_inc
  	    PA_enth NA_irri NA_verv PA_tevr PA_ener
       	    PA_kalm NA_nerv PA_daadk NA_verdr
  	    PA_vrol NA_boos PA_dankb NA_somb PER_att
      	    PER_refl PER_self PER_expr PER_damp
  	    PER_codamp PER_capit Sample age_yr gesl BDI
      	    Measures_valid BDI_anh Anhedonia
   	    BDI_sum PA NA day compliance;

              USEVARIABLES are PER_refl PA NA Anhedonia BDI_sum;
              MISSING is .;
              within = ;
              between = Anhedonia BDI_sum ;
              cluster = Eth_ID;
              lagged= PA NA(1);
              tinterval=Time_inc (150);


  DEFINE:     CENTER Anhedonia BDI_sum (grandmean);

  ANALYSIS:   type = twolevel random;
              estimator = Bayes;
              biterations=(2000);
              bconvergence=0.005;
              thin=2;
              PROCESSORS=16;
  MODEL:
  %WITHIN%
  sPA_PR | PER_refl on PA&1;
  sNA_PR | PER_refl on NA&1;
  PA on PA&1@0;
  NA on NA&1@0;
  PER_refl with PA@0;
  PER_refl with NA@0;

  %between%
  sPA_PR sNA_PR on Anhedonia BDI_sum;
  PER_refl on Anhedonia BDI_sum;


  OUTPUT: standardized tech1 tech8 cinterval patterns;
  PLOT: TYPE = PLOT3;



*** WARNING in VARIABLE command
  Note that only the first 8 characters of variable names are used in the output.
  Shorten variable names to avoid any confusion.
*** WARNING in MODEL command
  A y-variable has been declared on the within level but not referred to on
  the between level.  Please check that this is what is intended.  If this is not intended,
  specify the variable as a within variable.  Problem with:  PA
*** WARNING in MODEL command
  A y-variable has been declared on the within level but not referred to on
  the between level.  Please check that this is what is intended.  If this is not intended,
  specify the variable as a within variable.  Problem with:  NA
*** WARNING in PLOT command
  Note that only the first 8 characters of variable names are used in plots.
  If variable names are not unique within the first 8 characters, problems
  may occur.
*** WARNING
  One or more individual-level variables have no variation within a
  cluster for the following clusters.

     Variable   Cluster IDs with no within-cluster variation

      PER_REFL    165 73

*** WARNING
  Data set contains cases with missing on all variables.  Cases that appeared before the first
  case with observed data and that appeared after the last case with observed data were not
  included in the analysis.  Number of deleted cases:  679
   6 WARNING(S) FOUND IN THE INPUT INSTRUCTIONS




SUMMARY OF ANALYSIS

Number of groups                                                 1
Number of observations                                       20160

Number of dependent variables                                    3
Number of independent variables                                  4
Number of continuous latent variables                            2

Observed dependent variables

  Continuous
   PER_REFL    PA          NA

Observed independent variables
   ANHEDONI    BDI_SUM     PA&1        NA&1

Continuous latent variables
   SPA_PR      SNA_PR

Variables with special functions

  Cluster variable      ETH_ID

  Within variables
   PA&1        NA&1

  Between variables
   ANHEDONI    BDI_SUM

  Centering (GRANDMEAN)
   ANHEDONI    BDI_SUM


Estimator                                                    BAYES
Specifications for Bayesian Estimation
  Point estimate                                            MEDIAN
  Number of Markov chain Monte Carlo (MCMC) chains               2
  Random seed for the first chain                                0
  Starting value information                           UNPERTURBED
  Algorithm used for Markov chain Monte Carlo           GIBBS(PX1)
  Convergence criterion                                  0.500D-02
  Maximum number of iterations                               50000
  K-th iteration used for thinning                               2

Input data file(s)
  data10.dat
Input data format  FREE


SUMMARY OF DATA

     Number of clusters                        159

       Size (s)    Cluster ID with Size s

         56        28
         80        82
         84        87
         88        72
         97        34
        101        10
        105        52
        108        119
        111        36
        113        182
        115        89 131
        116        15 188 75 77
        117        11
        118        16 66 49 57 195
        119        197 71 48 149 50 92 38 186 163 106
        120        55 168 7 108 148 192 61 98 165
        122        174
        123        127
        124        161 117 103 51
        125        53 54 13 40 44 88 30 68 100 93 105 112 123 73
        126        107 172 173 102 65 109 111 80 76 120
        127        70 177 133 62 139 118 110 25 115 67 46 104 178 126 193
                   32 86 198 147
        128        43 153 59 156 96 180 18 5
        129        141 144 125 3 185 146 135 190 187 39 137 116 69
        130        138 166 97 14
        133        191
        134        2
        135        194 63 60 183 201 200
        136        26 56
        137        95 4 9 22 19 42
        138        132 29 94
        139        45 74 35 37 84 21 79 145 114
        142        27
        143        179
        144        170 24 171
        145        1 124 162 20
        146        151 6 167
        147        142 31
        148        159 176



SUMMARY OF MISSING DATA PATTERNS

     Number of missing data patterns            13


     MISSING DATA PATTERNS (x = not missing)

           1  2  3  4  5  6  7  8  9 10 11 12 13
 PER_REFL  x  x              x     x     x     x
 PA        x  x        x  x     x  x     x  x
 NA        x  x        x  x        x  x  x
 PA&1      x     x        x  x     x        x
 NA&1      x     x        x  x           x  x
 ANHEDONI  x  x  x  x  x  x  x  x  x  x  x  x  x
 BDI_SUM   x  x  x  x  x  x  x  x  x  x  x  x  x


     MISSING DATA PATTERN FREQUENCIES

    Pattern   Frequency     Pattern   Frequency     Pattern   Frequency
          1        4888           6          50          11           1
          2        3224           7           3          12           1
          3        3121           8           4          13           1
          4        8808           9           5
          5          53          10           1


COVARIANCE COVERAGE OF DATA

Minimum covariance coverage value   0.100


     PROPORTION OF DATA PRESENT


           Covariance Coverage
              PER_REFL      PA            NA            ANHEDONI      BDI_SUM
              ________      ________      ________      ________      ________
 PER_REFL       0.403
 PA             0.403         0.408
 NA             0.403         0.408         0.408
 ANHEDONI       0.403         0.408         0.408         1.000
 BDI_SUM        0.403         0.408         0.408         1.000         1.000



UNIVARIATE SAMPLE STATISTICS


     UNIVARIATE HIGHER-ORDER MOMENT DESCRIPTIVE STATISTICS

         Variable/         Mean/     Skewness/   Minimum/ % with                Percentiles
        Sample Size      Variance    Kurtosis    Maximum  Min/Max      20%/60%    40%/80%    Median

     PER_REFL             28.217       0.692       0.000    9.73%       5.000     14.000     23.000
            8122.000     570.189      -0.419     100.000    0.49%      32.000     51.000
     PA                   45.572      -0.010       0.000    0.29%      30.857     41.571     46.143
            8226.000     302.012      -0.210     100.000    0.07%      50.286     60.286
     NA                   13.553       1.694       0.000   10.41%       3.800      7.200      9.400
            8222.000     181.715       3.010      96.400    0.01%      12.000     21.000
     ANHEDONIA             0.000       0.630     -18.380    0.63%      -7.330     -2.924     -0.934
             159.000      79.008       0.606      29.966    0.63%       1.234      6.118
     BDI_SUM               0.000       0.851      -8.050    3.77%      -5.050     -3.050     -1.050
             159.000      31.821       0.278      16.950    1.26%      -0.050      3.950


THE MODEL ESTIMATION TERMINATED NORMALLY

     USE THE FBITERATIONS OPTION TO INCREASE THE NUMBER OF ITERATIONS BY A FACTOR
     OF AT LEAST TWO TO CHECK CONVERGENCE AND THAT THE PSR VALUE DOES NOT INCREASE.



MODEL FIT INFORMATION

Number of Free Parameters                              20

Information Criteria

          Deviance (DIC)                       516180.241
          Estimated Number of Parameters (pD)   36323.282



MODEL RESULTS

                                Posterior  One-Tailed         95% C.I.
                    Estimate       S.D.      P-Value   Lower 2.5%  Upper 2.5%  Significance

Within Level

 PA         ON
    PA&1               0.000       0.000      1.000       0.000       0.000

 NA         ON
    NA&1               0.000       0.000      1.000       0.000       0.000

 PER_REFL WITH
    PA                 0.000       0.000      1.000       0.000       0.000
    NA                 0.000       0.000      1.000       0.000       0.000

 NA       WITH
    PA               -57.866       1.565      0.000     -61.149     -54.923      *

 Residual Variances
    PER_REFL         318.961       5.889      0.000     307.809     330.884      *
    PA               169.864       2.657      0.000     164.624     174.948      *
    NA               100.225       1.617      0.000      97.118     103.521      *

Between Level

 SPA_PR     ON
    ANHEDONIA         -0.006       0.004      0.064      -0.013       0.002
    BDI_SUM            0.001       0.006      0.423      -0.010       0.012

 SNA_PR     ON
    ANHEDONIA         -0.004       0.005      0.234      -0.014       0.007
    BDI_SUM           -0.006       0.009      0.242      -0.023       0.011

 PER_REFL   ON
    ANHEDONIA         -0.084       0.132      0.245      -0.349       0.169
    BDI_SUM           -0.178       0.215      0.197      -0.592       0.232

 Means
    PA                45.682       0.967      0.000      43.691      47.573      *
    NA                13.717       0.733      0.000      12.323      15.181      *

 Intercepts
    PER_REFL          28.337       1.248      0.000      25.770      30.750      *
    SPA_PR             0.237       0.032      0.000       0.173       0.298      *
    SNA_PR             0.170       0.049      0.000       0.074       0.270      *

 Variances
    PA               138.108      16.146      0.000     111.747     173.378      *
    NA                87.315       9.899      0.000      69.802     108.181      *

 Residual Variances
    PER_REFL         225.332      27.265      0.000     179.114     283.404      *
    SPA_PR             0.072       0.016      0.000       0.045       0.110      *
    SNA_PR             0.178       0.044      0.000       0.099       0.268      *


STANDARDIZED MODEL RESULTS


STDYX Standardization

                                Posterior  One-Tailed         95% C.I.
                    Estimate       S.D.      P-Value   Lower 2.5%  Upper 2.5%  Significance

Within-Level Standardized Estimates Averaged Over Clusters

 SPA_PR | PER_REFL ON
    PA&1               0.159       0.016      0.000       0.128       0.189      *

 SNA_PR | PER_REFL ON
    NA&1               0.089       0.019      0.000       0.054       0.128      *

 PA         ON
    PA&1               0.000       0.000      1.000       0.000       0.000

 NA         ON
    NA&1               0.000       0.000      1.000       0.000       0.000

 PER_REFL WITH
    PA                 0.000       0.000      1.000       0.000       0.000
    NA                 0.000       0.000      1.000       0.000       0.000

 NA       WITH
    PA                -0.444       0.009      0.000      -0.461      -0.427      *

 Residual Variances
    PER_REFL           0.908       0.009      0.000       0.891       0.928      *
    PA                 1.000       0.000      0.000       1.000       1.000
    NA                 1.000       0.000      0.000       1.000       1.000

Between Level

 SPA_PR     ON
    ANHEDONIA         -0.133       0.082      0.064      -0.285       0.038
    BDI_SUM            0.016       0.082      0.423      -0.140       0.179

 SNA_PR     ON
    ANHEDONIA         -0.056       0.081      0.234      -0.217       0.100
    BDI_SUM           -0.058       0.080      0.242      -0.212       0.102

 PER_REFL   ON
    ANHEDONIA         -0.036       0.055      0.245      -0.145       0.070
    BDI_SUM           -0.047       0.056      0.197      -0.153       0.061

 Means
    PA                 3.879       0.237      0.000       3.425       4.344      *
    NA                 1.467       0.114      0.000       1.261       1.705      *

 Intercepts
    PER_REFL           1.875       0.140      0.000       1.604       2.150      *
    SPA_PR             0.873       0.155      0.000       0.590       1.181      *
    SNA_PR             0.408       0.124      0.000       0.170       0.658      *

 Variances
    PA                 1.000       0.000      0.000       1.000       1.000
    NA                 1.000       0.000      0.000       1.000       1.000

 Residual Variances
    PER_REFL           0.992       0.009      0.000       0.967       1.000      *
    SPA_PR             0.976       0.025      0.000       0.903       0.999      *
    SNA_PR             0.985       0.017      0.000       0.935       0.999      *


STDY Standardization

                                Posterior  One-Tailed         95% C.I.
                    Estimate       S.D.      P-Value   Lower 2.5%  Upper 2.5%  Significance

Within-Level Standardized Estimates Averaged Over Clusters

 SPA_PR | PER_REFL ON
    PA&1               0.012       0.001      0.000       0.010       0.015      *

 SNA_PR | PER_REFL ON
    NA&1               0.009       0.002      0.000       0.005       0.013      *

 PA         ON
    PA&1               0.000       0.000      1.000       0.000       0.000

 NA         ON
    NA&1               0.000       0.000      1.000       0.000       0.000

 PER_REFL WITH
    PA                 0.000       0.000      1.000       0.000       0.000
    NA                 0.000       0.000      1.000       0.000       0.000

 NA       WITH
    PA                -0.444       0.009      0.000      -0.461      -0.427      *

 Residual Variances
    PER_REFL           0.908       0.009      0.000       0.891       0.928      *
    PA                 1.000       0.000      0.000       1.000       1.000
    NA                 1.000       0.000      0.000       1.000       1.000

Between Level

 SPA_PR     ON
    ANHEDONIA         -0.021       0.013      0.064      -0.045       0.006
    BDI_SUM            0.004       0.021      0.423      -0.035       0.045

 SNA_PR     ON
    ANHEDONIA         -0.009       0.013      0.234      -0.034       0.016
    BDI_SUM           -0.014       0.020      0.242      -0.053       0.026

 PER_REFL   ON
    ANHEDONIA         -0.006       0.009      0.245      -0.023       0.011
    BDI_SUM           -0.012       0.014      0.197      -0.038       0.015

 Means
    PA                 3.879       0.237      0.000       3.425       4.344      *
    NA                 1.467       0.114      0.000       1.261       1.705      *

 Intercepts
    PER_REFL           1.875       0.140      0.000       1.604       2.150      *
    SPA_PR             0.873       0.155      0.000       0.590       1.181      *
    SNA_PR             0.408       0.124      0.000       0.170       0.658      *

 Variances
    PA                 1.000       0.000      0.000       1.000       1.000
    NA                 1.000       0.000      0.000       1.000       1.000

 Residual Variances
    PER_REFL           0.992       0.009      0.000       0.967       1.000      *
    SPA_PR             0.976       0.025      0.000       0.903       0.999      *
    SNA_PR             0.985       0.017      0.000       0.935       0.999      *


STD Standardization

                                Posterior  One-Tailed         95% C.I.
                    Estimate       S.D.      P-Value   Lower 2.5%  Upper 2.5%  Significance

Within-Level Standardized Estimates Averaged Over Clusters

 SPA_PR | PER_REFL ON
    PA&1               0.237       0.023      0.000       0.191       0.282      *

 SNA_PR | PER_REFL ON
    NA&1               0.170       0.037      0.000       0.101       0.247      *

 PA         ON
    PA&1               0.000       0.000      1.000       0.000       0.000

 NA         ON
    NA&1               0.000       0.000      1.000       0.000       0.000

 PER_REFL WITH
    PA                 0.000       0.000      1.000       0.000       0.000
    NA                 0.000       0.000      1.000       0.000       0.000

 NA       WITH
    PA               -57.866       1.565      0.000     -61.149     -54.923      *

 Residual Variances
    PER_REFL         318.961       5.889      0.000     307.809     330.884      *
    PA               169.864       2.657      0.000     164.624     174.948      *
    NA               100.225       1.617      0.000      97.118     103.521      *

Between Level

 SPA_PR     ON
    ANHEDONIA         -0.021       0.013      0.064      -0.045       0.006
    BDI_SUM            0.004       0.021      0.423      -0.035       0.045

 SNA_PR     ON
    ANHEDONIA         -0.009       0.013      0.234      -0.034       0.016
    BDI_SUM           -0.014       0.020      0.242      -0.053       0.026

 PER_REFL   ON
    ANHEDONIA         -0.084       0.132      0.245      -0.349       0.169
    BDI_SUM           -0.178       0.215      0.197      -0.592       0.232

 Means
    PA                45.682       0.967      0.000      43.691      47.573      *
    NA                13.717       0.733      0.000      12.323      15.181      *

 Intercepts
    PER_REFL          28.337       1.248      0.000      25.770      30.750      *
    SPA_PR             0.873       0.155      0.000       0.590       1.181      *
    SNA_PR             0.408       0.124      0.000       0.170       0.658      *

 Variances
    PA               138.108      16.146      0.000     111.747     173.378      *
    NA                87.315       9.899      0.000      69.802     108.181      *

 Residual Variances
    PER_REFL         225.332      27.265      0.000     179.114     283.404      *
    SPA_PR             0.976       0.025      0.000       0.903       0.999      *
    SNA_PR             0.985       0.017      0.000       0.935       0.999      *


R-SQUARE

Within-Level R-Square Averaged Across Clusters

                                Posterior  One-Tailed         95% C.I.
    Variable        Estimate       S.D.      P-Value   Lower 2.5%  Upper 2.5%

    PER_REFL           0.092       0.009      0.000       0.072       0.109
    PA                 0.000       0.000      1.000       0.000       0.000
    NA                 0.000       0.000      1.000       0.000       0.000

Between Level

                                Posterior  One-Tailed         95% C.I.
    Variable        Estimate       S.D.      P-Value   Lower 2.5%  Upper 2.5%

    PER_REFL           0.008       0.009      0.000       0.000       0.033

                                Posterior  One-Tailed         95% C.I.
    Variable        Estimate       S.D.      P-Value   Lower 2.5%  Upper 2.5%

    SPA_PR             0.024       0.025      0.000       0.001       0.096
    SNA_PR             0.015       0.017      0.000       0.001       0.065


CREDIBILITY INTERVALS OF MODEL RESULTS

                  Lower .5%  Lower 2.5%    Lower 5%    Estimate    Upper 5%  Upper 2.5%   Upper .5%

Within Level

 PA       ON
    PA&1             0.000       0.000       0.000       0.000       0.000       0.000       0.000

 NA       ON
    NA&1             0.000       0.000       0.000       0.000       0.000       0.000       0.000

 PER_REFL WITH
    PA               0.000       0.000       0.000       0.000       0.000       0.000       0.000
    NA               0.000       0.000       0.000       0.000       0.000       0.000       0.000

 NA       WITH
    PA             -62.458     -61.149     -60.635     -57.866     -55.454     -54.923     -54.051

 Residual Variances
    PER_REFL       304.063     307.809     309.492     318.961     329.410     330.884     334.451
    PA             162.858     164.624     165.488     169.864     174.326     174.948     176.810
    NA              96.055      97.118      97.687     100.225     103.071     103.521     104.246

Between Level

 SPA_PR   ON
    ANHEDONIA       -0.015      -0.013      -0.011      -0.006       0.000       0.002       0.004
    BDI_SUM         -0.015      -0.010      -0.008       0.001       0.011       0.012       0.015

 SNA_PR   ON
    ANHEDONIA       -0.018      -0.014      -0.013      -0.004       0.005       0.007       0.009
    BDI_SUM         -0.029      -0.023      -0.020      -0.006       0.008       0.011       0.015

 PER_REFL ON
    ANHEDONIA       -0.455      -0.349      -0.310      -0.084       0.125       0.169       0.253
    BDI_SUM         -0.719      -0.592      -0.534      -0.178       0.174       0.232       0.362

 Means
    PA              43.115      43.691      44.075      45.682      47.229      47.573      48.106
    NA              11.957      12.323      12.519      13.717      14.933      15.181      15.664

 Intercepts
    PER_REFL        24.999      25.770      26.208      28.337      30.366      30.750      31.720
    SPA_PR           0.154       0.173       0.183       0.237       0.288       0.298       0.317
    SNA_PR           0.050       0.074       0.090       0.170       0.258       0.270       0.295

 Variances
    PA             106.003     111.747     115.405     138.108     168.161     173.378     189.441
    NA              65.477      69.802      72.136      87.315     104.729     108.181     117.916

 Residual Variances
    PER_REFL       168.059     179.114     185.444     225.332     274.859     283.404     307.034
    SPA_PR           0.038       0.045       0.049       0.072       0.103       0.110       0.122
    SNA_PR           0.082       0.099       0.110       0.178       0.256       0.268       0.299


CREDIBILITY INTERVALS OF STANDARDIZED MODEL RESULTS


STDYX Standardization

                  Lower .5%  Lower 2.5%    Lower 5%    Estimate    Upper 5%  Upper 2.5%   Upper .5%

Within Level

 PA       ON
    PA&1             0.000       0.000       0.000       0.000       0.000       0.000       0.000

 NA       ON
    NA&1             0.000       0.000       0.000       0.000       0.000       0.000       0.000

 PER_REFL WITH
    PA               0.000       0.000       0.000       0.000       0.000       0.000       0.000
    NA               0.000       0.000       0.000       0.000       0.000       0.000       0.000

 NA       WITH
    PA               0.000      -0.461       0.000      -0.444       0.000      -0.427       0.000

 Residual Variances
    PER_REFL         0.000       0.891       0.000       0.908       0.000       0.928       0.000
    PA               0.000       1.000       0.000       1.000       0.000       1.000       0.000
    NA               0.000       1.000       0.000       1.000       0.000       1.000       0.000

Between Level

 SPA_PR   ON
    ANHEDONIA       -0.332      -0.285      -0.260      -0.133       0.010       0.038       0.099
    BDI_SUM         -0.193      -0.140      -0.115       0.016       0.155       0.179       0.217

 SNA_PR   ON
    ANHEDONIA       -0.282      -0.217      -0.197      -0.056       0.075       0.100       0.148
    BDI_SUM         -0.263      -0.212      -0.188      -0.058       0.081       0.102       0.140

 PER_REFL ON
    ANHEDONIA       -0.185      -0.145      -0.127      -0.036       0.053       0.070       0.102
    BDI_SUM         -0.185      -0.153      -0.138      -0.047       0.046       0.061       0.097

 Means
    PA               3.274       3.425       3.509       3.879       4.265       4.344       4.472
    NA               1.208       1.261       1.290       1.467       1.670       1.705       1.771

 Intercepts
    PER_REFL         1.530       1.604       1.645       1.875       2.109       2.150       2.243
    SPA_PR           0.517       0.590       0.628       0.873       1.137       1.181       1.297
    SNA_PR           0.116       0.170       0.211       0.408       0.622       0.658       0.762

 Variances
    PA               1.000       1.000       1.000       1.000       1.000       1.000       1.000
    NA               1.000       1.000       1.000       1.000       1.000       1.000       1.000

 Residual Variances
    PER_REFL         0.955       0.967       0.974       0.992       0.999       1.000       1.000
    SPA_PR           0.872       0.903       0.920       0.976       0.997       0.999       1.000
    SNA_PR           0.910       0.935       0.946       0.985       0.999       0.999       1.000


STDY Standardization

                  Lower .5%  Lower 2.5%    Lower 5%    Estimate    Upper 5%  Upper 2.5%   Upper .5%

Within Level

 PA       ON
    PA&1             0.000       0.000       0.000       0.000       0.000       0.000       0.000

 NA       ON
    NA&1             0.000       0.000       0.000       0.000       0.000       0.000       0.000

 PER_REFL WITH
    PA               0.000       0.000       0.000       0.000       0.000       0.000       0.000
    NA               0.000       0.000       0.000       0.000       0.000       0.000       0.000

 NA       WITH
    PA               0.000      -0.461       0.000      -0.444       0.000      -0.427       0.000

 Residual Variances
    PER_REFL         0.000       0.891       0.000       0.908       0.000       0.928       0.000
    PA               0.000       1.000       0.000       1.000       0.000       1.000       0.000
    NA               0.000       1.000       0.000       1.000       0.000       1.000       0.000

Between Level

 SPA_PR   ON
    ANHEDONIA       -0.052      -0.045      -0.041      -0.021       0.002       0.006       0.016
    BDI_SUM         -0.048      -0.035      -0.029       0.004       0.039       0.045       0.054

 SNA_PR   ON
    ANHEDONIA       -0.044      -0.034      -0.031      -0.009       0.012       0.016       0.023
    BDI_SUM         -0.066      -0.053      -0.047      -0.014       0.020       0.026       0.035

 PER_REFL ON
    ANHEDONIA       -0.029      -0.023      -0.020      -0.006       0.008       0.011       0.016
    BDI_SUM         -0.046      -0.038      -0.035      -0.012       0.011       0.015       0.024

 Means
    PA               3.274       3.425       3.509       3.879       4.265       4.344       4.472
    NA               1.208       1.261       1.290       1.467       1.670       1.705       1.771

 Intercepts
    PER_REFL         1.530       1.604       1.645       1.875       2.109       2.150       2.243
    SPA_PR           0.517       0.590       0.628       0.873       1.137       1.181       1.297
    SNA_PR           0.116       0.170       0.211       0.408       0.622       0.658       0.762

 Variances
    PA               1.000       1.000       1.000       1.000       1.000       1.000       1.000
    NA               1.000       1.000       1.000       1.000       1.000       1.000       1.000

 Residual Variances
    PER_REFL         0.955       0.967       0.974       0.992       0.999       1.000       1.000
    SPA_PR           0.872       0.903       0.920       0.976       0.997       0.999       1.000
    SNA_PR           0.910       0.935       0.946       0.985       0.999       0.999       1.000


STD Standardization

                  Lower .5%  Lower 2.5%    Lower 5%    Estimate    Upper 5%  Upper 2.5%   Upper .5%

Within Level

 PA       ON
    PA&1             0.000       0.000       0.000       0.000       0.000       0.000       0.000

 NA       ON
    NA&1             0.000       0.000       0.000       0.000       0.000       0.000       0.000

 PER_REFL WITH
    PA               0.000       0.000       0.000       0.000       0.000       0.000       0.000
    NA               0.000       0.000       0.000       0.000       0.000       0.000       0.000

 NA       WITH
    PA               0.000     -61.149       0.000     -57.866       0.000     -54.923       0.000

 Residual Variances
    PER_REFL         0.000     307.809       0.000     318.961       0.000     330.884       0.000
    PA               0.000     164.624       0.000     169.864       0.000     174.948       0.000
    NA               0.000      97.118       0.000     100.225       0.000     103.521       0.000

Between Level

 SPA_PR   ON
    ANHEDONIA       -0.052      -0.045      -0.041      -0.021       0.002       0.006       0.016
    BDI_SUM         -0.048      -0.035      -0.029       0.004       0.039       0.045       0.054

 SNA_PR   ON
    ANHEDONIA       -0.044      -0.034      -0.031      -0.009       0.012       0.016       0.023
    BDI_SUM         -0.066      -0.053      -0.047      -0.014       0.020       0.026       0.035

 PER_REFL ON
    ANHEDONIA       -0.455      -0.349      -0.310      -0.084       0.125       0.169       0.253
    BDI_SUM         -0.719      -0.592      -0.534      -0.178       0.174       0.232       0.362

 Means
    PA              43.115      43.691      44.075      45.682      47.229      47.573      48.106
    NA              11.957      12.323      12.519      13.717      14.933      15.181      15.664

 Intercepts
    PER_REFL        24.999      25.770      26.208      28.337      30.366      30.750      31.720
    SPA_PR           0.517       0.590       0.628       0.873       1.137       1.181       1.297
    SNA_PR           0.116       0.170       0.211       0.408       0.622       0.658       0.762

 Variances
    PA             106.003     111.747     115.405     138.108     168.161     173.378     189.441
    NA              65.477      69.802      72.136      87.315     104.729     108.181     117.916

 Residual Variances
    PER_REFL       168.059     179.114     185.444     225.332     274.859     283.404     307.034
    SPA_PR           0.872       0.903       0.920       0.976       0.997       0.999       1.000
    SNA_PR           0.910       0.935       0.946       0.985       0.999       0.999       1.000


TECHNICAL 1 OUTPUT


     PARAMETER SPECIFICATION FOR WITHIN


           NU
              PER_REFL      PA            NA            PA&1          NA&1
              ________      ________      ________      ________      ________
                    0             0             0             0             0


           LAMBDA
              PER_REFL      PA            NA            PA&1          NA&1
              ________      ________      ________      ________      ________
 PER_REFL           0             0             0             0             0
 PA                 0             0             0             0             0
 NA                 0             0             0             0             0
 PA&1               0             0             0             0             0
 NA&1               0             0             0             0             0


           THETA
              PER_REFL      PA            NA            PA&1          NA&1
              ________      ________      ________      ________      ________
 PER_REFL           0
 PA                 0             0
 NA                 0             0             0
 PA&1               0             0             0             0
 NA&1               0             0             0             0             0


           ALPHA
              PER_REFL      PA            NA            PA&1          NA&1
              ________      ________      ________      ________      ________
                    0             0             0             0             0


           BETA
              PER_REFL      PA            NA            PA&1          NA&1
              ________      ________      ________      ________      ________
 PER_REFL           0             0             0             0             0
 PA                 0             0             0             0             0
 NA                 0             0             0             0             0
 PA&1               0             0             0             0             0
 NA&1               0             0             0             0             0


           PSI
              PER_REFL      PA            NA            PA&1          NA&1
              ________      ________      ________      ________      ________
 PER_REFL           1
 PA                 0             2
 NA                 0             3             4
 PA&1               0             0             0             0
 NA&1               0             0             0             0             0


     PARAMETER SPECIFICATION FOR BETWEEN


           NU
              PER_REFL      PA            NA            ANHEDONI      BDI_SUM
              ________      ________      ________      ________      ________
                    0             0             0             0             0


           LAMBDA
              SPA_PR        SNA_PR        PER_REFL      PA            NA
              ________      ________      ________      ________      ________
 PER_REFL           0             0             0             0             0
 PA                 0             0             0             0             0
 NA                 0             0             0             0             0
 ANHEDONI           0             0             0             0             0
 BDI_SUM            0             0             0             0             0


           LAMBDA
              ANHEDONI      BDI_SUM
              ________      ________
 PER_REFL           0             0
 PA                 0             0
 NA                 0             0
 ANHEDONI           0             0
 BDI_SUM            0             0


           THETA
              PER_REFL      PA            NA            ANHEDONI      BDI_SUM
              ________      ________      ________      ________      ________
 PER_REFL           0
 PA                 0             0
 NA                 0             0             0
 ANHEDONI           0             0             0             0
 BDI_SUM            0             0             0             0             0


           ALPHA
              SPA_PR        SNA_PR        PER_REFL      PA            NA
              ________      ________      ________      ________      ________
                    5             6             7             8             9


           ALPHA
              ANHEDONI      BDI_SUM
              ________      ________
                    0             0


           BETA
              SPA_PR        SNA_PR        PER_REFL      PA            NA
              ________      ________      ________      ________      ________
 SPA_PR             0             0             0             0             0
 SNA_PR             0             0             0             0             0
 PER_REFL           0             0             0             0             0
 PA                 0             0             0             0             0
 NA                 0             0             0             0             0
 ANHEDONI           0             0             0             0             0
 BDI_SUM            0             0             0             0             0


           BETA
              ANHEDONI      BDI_SUM
              ________      ________
 SPA_PR            10            11
 SNA_PR            12            13
 PER_REFL          14            15
 PA                 0             0
 NA                 0             0
 ANHEDONI           0             0
 BDI_SUM            0             0


           PSI
              SPA_PR        SNA_PR        PER_REFL      PA            NA
              ________      ________      ________      ________      ________
 SPA_PR            16
 SNA_PR             0            17
 PER_REFL           0             0            18
 PA                 0             0             0            19
 NA                 0             0             0             0            20
 ANHEDONI           0             0             0             0             0
 BDI_SUM            0             0             0             0             0


           PSI
              ANHEDONI      BDI_SUM
              ________      ________
 ANHEDONI           0
 BDI_SUM            0             0


     STARTING VALUES FOR WITHIN


           NU
              PER_REFL      PA            NA            PA&1          NA&1
              ________      ________      ________      ________      ________
                0.000         0.000         0.000         0.000         0.000


           LAMBDA
              PER_REFL      PA            NA            PA&1          NA&1
              ________      ________      ________      ________      ________
 PER_REFL       1.000         0.000         0.000         0.000         0.000
 PA             0.000         1.000         0.000         0.000         0.000
 NA             0.000         0.000         1.000         0.000         0.000
 PA&1           0.000         0.000         0.000         1.000         0.000
 NA&1           0.000         0.000         0.000         0.000         1.000


           THETA
              PER_REFL      PA            NA            PA&1          NA&1
              ________      ________      ________      ________      ________
 PER_REFL       0.000
 PA             0.000         0.000
 NA             0.000         0.000         0.000
 PA&1           0.000         0.000         0.000         0.000
 NA&1           0.000         0.000         0.000         0.000         0.000


           ALPHA
              PER_REFL      PA            NA            PA&1          NA&1
              ________      ________      ________      ________      ________
                0.000         0.000         0.000         0.000         0.000


           BETA
              PER_REFL      PA            NA            PA&1          NA&1
              ________      ________      ________      ________      ________
 PER_REFL       0.000         0.000         0.000         0.000         0.000
 PA             0.000         0.000         0.000         0.000         0.000
 NA             0.000         0.000         0.000         0.000         0.000
 PA&1           0.000         0.000         0.000         0.000         0.000
 NA&1           0.000         0.000         0.000         0.000         0.000


           PSI
              PER_REFL      PA            NA            PA&1          NA&1
              ________      ________      ________      ________      ________
 PER_REFL     285.094
 PA             0.000       151.006
 NA             0.000         0.000        90.857
 PA&1           0.000         0.000         0.000       151.126
 NA&1           0.000         0.000         0.000         0.000        90.796


     STARTING VALUES FOR BETWEEN


           NU
              PER_REFL      PA            NA            ANHEDONI      BDI_SUM
              ________      ________      ________      ________      ________
                0.000         0.000         0.000         0.000         0.000


           LAMBDA
              SPA_PR        SNA_PR        PER_REFL      PA            NA
              ________      ________      ________      ________      ________
 PER_REFL       0.000         0.000         1.000         0.000         0.000
 PA             0.000         0.000         0.000         1.000         0.000
 NA             0.000         0.000         0.000         0.000         1.000
 ANHEDONI       0.000         0.000         0.000         0.000         0.000
 BDI_SUM        0.000         0.000         0.000         0.000         0.000


           LAMBDA
              ANHEDONI      BDI_SUM
              ________      ________
 PER_REFL       0.000         0.000
 PA             0.000         0.000
 NA             0.000         0.000
 ANHEDONI       1.000         0.000
 BDI_SUM        0.000         1.000


           THETA
              PER_REFL      PA            NA            ANHEDONI      BDI_SUM
              ________      ________      ________      ________      ________
 PER_REFL       0.000
 PA             0.000         0.000
 NA             0.000         0.000         0.000
 ANHEDONI       0.000         0.000         0.000         0.000
 BDI_SUM        0.000         0.000         0.000         0.000         0.000


           ALPHA
              SPA_PR        SNA_PR        PER_REFL      PA            NA
              ________      ________      ________      ________      ________
                0.000         0.000        28.217        45.572        13.553


           ALPHA
              ANHEDONI      BDI_SUM
              ________      ________
                0.000         0.000


           BETA
              SPA_PR        SNA_PR        PER_REFL      PA            NA
              ________      ________      ________      ________      ________
 SPA_PR         0.000         0.000         0.000         0.000         0.000
 SNA_PR         0.000         0.000         0.000         0.000         0.000
 PER_REFL       0.000         0.000         0.000         0.000         0.000
 PA             0.000         0.000         0.000         0.000         0.000
 NA             0.000         0.000         0.000         0.000         0.000
 ANHEDONI       0.000         0.000         0.000         0.000         0.000
 BDI_SUM        0.000         0.000         0.000         0.000         0.000


           BETA
              ANHEDONI      BDI_SUM
              ________      ________
 SPA_PR         0.000         0.000
 SNA_PR         0.000         0.000
 PER_REFL       0.000         0.000
 PA             0.000         0.000
 NA             0.000         0.000
 ANHEDONI       0.000         0.000
 BDI_SUM        0.000         0.000


           PSI
              SPA_PR        SNA_PR        PER_REFL      PA            NA
              ________      ________      ________      ________      ________
 SPA_PR         1.000
 SNA_PR         0.000         1.000
 PER_REFL       0.000         0.000       285.094
 PA             0.000         0.000         0.000       151.006
 NA             0.000         0.000         0.000         0.000        90.857
 ANHEDONI       0.000         0.000         0.000         0.000         0.000
 BDI_SUM        0.000         0.000         0.000         0.000         0.000


           PSI
              ANHEDONI      BDI_SUM
              ________      ________
 ANHEDONI      40.163
 BDI_SUM        0.000        15.903



     PRIORS FOR ALL PARAMETERS            PRIOR MEAN      PRIOR VARIANCE     PRIOR STD. DEV.

     Parameter 1~IG(-1.000,0.000)          infinity            infinity            infinity
     Parameter 2~IW(0.000,-3)              infinity            infinity            infinity
     Parameter 3~IW(0.000,-3)              infinity            infinity            infinity
     Parameter 4~IW(0.000,-3)              infinity            infinity            infinity
     Parameter 5~N(0.000,infinity)           0.0000            infinity            infinity
     Parameter 6~N(0.000,infinity)           0.0000            infinity            infinity
     Parameter 7~N(0.000,infinity)           0.0000            infinity            infinity
     Parameter 8~N(0.000,infinity)           0.0000            infinity            infinity
     Parameter 9~N(0.000,infinity)           0.0000            infinity            infinity
     Parameter 10~N(0.000,infinity)          0.0000            infinity            infinity
     Parameter 11~N(0.000,infinity)          0.0000            infinity            infinity
     Parameter 12~N(0.000,infinity)          0.0000            infinity            infinity
     Parameter 13~N(0.000,infinity)          0.0000            infinity            infinity
     Parameter 14~N(0.000,infinity)          0.0000            infinity            infinity
     Parameter 15~N(0.000,infinity)          0.0000            infinity            infinity
     Parameter 16~IG(-1.000,0.000)         infinity            infinity            infinity
     Parameter 17~IG(-1.000,0.000)         infinity            infinity            infinity
     Parameter 18~IG(-1.000,0.000)         infinity            infinity            infinity
     Parameter 19~IG(-1.000,0.000)         infinity            infinity            infinity
     Parameter 20~IG(-1.000,0.000)         infinity            infinity            infinity


TECHNICAL 8 OUTPUT


   TECHNICAL 8 OUTPUT FOR BAYES ESTIMATION

     PROCESSOR    BSEED
     1            0
     2            285380
     3            253358
     4            93468
     5            608496
     6            903420
     7            195873
     8            462953
     9            939021
     10           127215
     11           415931
     12           533738
     13           107446
     14           399671
     15           650371
     16           27071

                     POTENTIAL       PARAMETER WITH
     ITERATION    SCALE REDUCTION      HIGHEST PSR
     100              1.080               17
     200              1.064               5
     300              1.064               17
     400              1.008               19
     500              1.013               17
     600              1.006               17
     700              1.018               5
     800              1.023               16
     900              1.016               6
     1000             1.021               6
     1100             1.023               6
     1200             1.009               6
     1300             1.014               16
     1400             1.010               16
     1500             1.008               17
     1600             1.011               1
     1700             1.013               1
     1800             1.010               1
     1900             1.017               1
     2000             1.007               1


PLOT INFORMATION

The following plots are available:

  Histograms (sample values)
  Scatterplots (sample values)
  Between-level histograms (sample values, sample means/variances)
  Between-level scatterplots (sample values, sample means/variances)
  Time series plots (sample values, ACF, PACF)
  Histogram of subjects per time point
  Time interval plots
  Bayesian posterior parameter distributions
  Bayesian posterior parameter trace plots
  Bayesian autocorrelation plots

     Beginning Time:  00:47:15
        Ending Time:  00:48:29
       Elapsed Time:  00:01:14



MUTHEN & MUTHEN
3463 Stoner Ave.
Los Angeles, CA  90066

Tel: (310) 391-9971
Fax: (310) 391-8971
Web: www.StatModel.com
Support: Support@StatModel.com

Copyright (c) 1998-2022 Muthen & Muthen
