Mplus VERSION 8.8
MUTHEN & MUTHEN
07/13/2023   7:41 PM

INPUT INSTRUCTIONS


  DATA:
  FILE IS data10.dat;

  VARIABLE:   NAMES =
  	    Eth_ID Time Time_between Time_inc
  	    PA_enth NA_irri NA_verv PA_tevr PA_ener
       	    PA_kalm NA_nerv PA_daadk NA_verdr
  	    PA_vrol NA_boos PA_dankb NA_somb PER_att
      	    PER_refl PER_self PER_expr PER_damp
  	    PER_codamp PER_capit Sample age_yr gesl BDI
      	    Measures_valid BDI_anh Anhedonia
   	    BDI_sum PA NA day compliance;

              USEVARIABLES are PER_codamp PA NA Anhedonia BDI_sum;
              MISSING is .;
              within = ;
              between = Anhedonia BDI_sum ;
              cluster = Eth_ID;
              lagged= PA NA(1);
              tinterval=Time_inc (150);


  DEFINE:     CENTER Anhedonia BDI_sum (grandmean);

  ANALYSIS:   type = twolevel random;
              estimator = Bayes;
              biterations=(2000);
              bconvergence=0.005;
              thin=2;
              PROCESSORS=16;
  MODEL:
  %WITHIN%
  sPA_PR | PER_codamp on PA&1;
  sNA_PR | PER_codamp on NA&1;
  PA on PA&1@0;
  NA on NA&1@0;
  PER_codamp with PA@0;
  PER_codamp with NA@0;

  %between%
  sPA_PR sNA_PR on Anhedonia BDI_sum;
  PER_codamp on Anhedonia BDI_sum;


  OUTPUT: standardized tech1 tech8 cinterval patterns;
  PLOT: TYPE = PLOT3;



*** WARNING in VARIABLE command
  Note that only the first 8 characters of variable names are used in the output.
  Shorten variable names to avoid any confusion.
*** WARNING in MODEL command
  A y-variable has been declared on the within level but not referred to on
  the between level.  Please check that this is what is intended.  If this is not intended,
  specify the variable as a within variable.  Problem with:  PA
*** WARNING in MODEL command
  A y-variable has been declared on the within level but not referred to on
  the between level.  Please check that this is what is intended.  If this is not intended,
  specify the variable as a within variable.  Problem with:  NA
*** WARNING in PLOT command
  Note that only the first 8 characters of variable names are used in plots.
  If variable names are not unique within the first 8 characters, problems
  may occur.
*** WARNING
  One or more individual-level variables have no variation within a
  cluster for the following clusters.

     Variable   Cluster IDs with no within-cluster variation

      PER_CODA    89 71 148 165 127 73 177

*** WARNING
  Data set contains cases with missing on all variables.  Cases that appeared before the first
  case with observed data and that appeared after the last case with observed data were not
  included in the analysis.  Number of deleted cases:  569
   6 WARNING(S) FOUND IN THE INPUT INSTRUCTIONS




SUMMARY OF ANALYSIS

Number of groups                                                 1
Number of observations                                       19556

Number of dependent variables                                    3
Number of independent variables                                  4
Number of continuous latent variables                            2

Observed dependent variables

  Continuous
   PER_CODAMP  PA          NA

Observed independent variables
   ANHEDONI    BDI_SUM     PA&1        NA&1

Continuous latent variables
   SPA_PR      SNA_PR

Variables with special functions

  Cluster variable      ETH_ID

  Within variables
   PA&1        NA&1

  Between variables
   ANHEDONI    BDI_SUM

  Centering (GRANDMEAN)
   ANHEDONI    BDI_SUM


Estimator                                                    BAYES
Specifications for Bayesian Estimation
  Point estimate                                            MEDIAN
  Number of Markov chain Monte Carlo (MCMC) chains               2
  Random seed for the first chain                                0
  Starting value information                           UNPERTURBED
  Algorithm used for Markov chain Monte Carlo           GIBBS(PX1)
  Convergence criterion                                  0.500D-02
  Maximum number of iterations                               50000
  K-th iteration used for thinning                               2

Input data file(s)
  data10.dat
Input data format  FREE


SUMMARY OF DATA

     Number of clusters                        153

       Size (s)    Cluster ID with Size s

         84        87
         88        72
         97        34
        101        10
        108        119
        111        36
        113        182
        115        131 89
        116        15 77 75
        117        11
        118        57 16 49 66
        119        186 197 71 48 50 149 92 38 106 163
        120        148 55 7 165 168 98 61 192 108
        122        174
        123        127
        124        161 51 117 103
        125        123 112 68 73 13 53 54 30 88 40 93 44 100 105
        126        102 120 65 107 172 173 80 76 109 111
        127        133 147 70 177 32 139 62 86 25 115 67 46 178 118 110
                   104 193 126 198
        128        18 59 153 180 96 5 156 43
        129        39 144 141 146 185 116 190 187 135 3 137 69
        130        166 97 138 14
        133        191
        134        2
        135        183 63 60 194 201 200
        136        56 26
        137        4 95 19 22 9 42
        138        94 29 132
        139        114 45 79 37 21 145 84 35 74
        142        27
        143        179
        144        24 170 171
        145        124 162 1 20
        146        151 6 167
        147        142 31
        148        176 159



SUMMARY OF MISSING DATA PATTERNS

     Number of missing data patterns            12


     MISSING DATA PATTERNS (x = not missing)

           1  2  3  4  5  6  7  8  9 10 11 12
 PER_CODA  x  x              x     x     x
 PA        x  x  x        x     x  x     x  x
 NA        x  x  x        x        x  x  x
 PA&1      x     x  x        x     x        x
 NA&1      x     x  x        x           x  x
 ANHEDONI  x  x  x  x  x  x  x  x  x  x  x  x
 BDI_SUM   x  x  x  x  x  x  x  x  x  x  x  x


     MISSING DATA PATTERN FREQUENCIES

    Pattern   Frequency     Pattern   Frequency     Pattern   Frequency
          1        4817           5        8460           9           5
          2        3101           6          73          10           1
          3          66           7           3          11           1
          4        3024           8           4          12           1


COVARIANCE COVERAGE OF DATA

Minimum covariance coverage value   0.100


     PROPORTION OF DATA PRESENT


           Covariance Coverage
              PER_CODA      PA            NA            ANHEDONI      BDI_SUM
              ________      ________      ________      ________      ________
 PER_CODA       0.405
 PA             0.405         0.413
 NA             0.405         0.412         0.412
 ANHEDONI       0.405         0.413         0.412         1.000
 BDI_SUM        0.405         0.413         0.412         1.000         1.000



UNIVARIATE SAMPLE STATISTICS


     UNIVARIATE HIGHER-ORDER MOMENT DESCRIPTIVE STATISTICS

         Variable/         Mean/     Skewness/   Minimum/ % with                Percentiles
        Sample Size      Variance    Kurtosis    Maximum  Min/Max      20%/60%    40%/80%    Median

     PER_CODAMP            9.679       2.523       0.000   25.17%       0.000      4.000      6.000
            7927.000     175.272       7.222     100.000    0.01%       7.000     14.000
     PA                   45.431      -0.008       0.000    0.30%      30.714     41.429     45.857
            8068.000     301.278      -0.215     100.000    0.07%      50.143     60.143
     NA                   14.890       1.413       0.000    7.18%       5.000      9.167     11.500
            8064.000     161.957       2.022      80.667    0.01%      14.167     22.833
     ANHEDONIA             0.000       0.640     -18.368    0.65%      -7.318     -2.912     -0.923
             153.000      80.541       0.592      29.977    0.65%       1.246      6.129
     BDI_SUM               0.000       0.886      -8.039    3.92%      -5.039     -3.039     -1.039
             153.000      31.632       0.378      16.961    1.31%      -0.039      3.961


THE MODEL ESTIMATION TERMINATED NORMALLY

     USE THE FBITERATIONS OPTION TO INCREASE THE NUMBER OF ITERATIONS BY A FACTOR
     OF AT LEAST TWO TO CHECK CONVERGENCE AND THAT THE PSR VALUE DOES NOT INCREASE.



MODEL FIT INFORMATION

Number of Free Parameters                              20

Information Criteria

          Deviance (DIC)                       467634.137
          Estimated Number of Parameters (pD)   34991.304



MODEL RESULTS

                                Posterior  One-Tailed         95% C.I.
                    Estimate       S.D.      P-Value   Lower 2.5%  Upper 2.5%  Significance

Within Level

 PA         ON
    PA&1               0.000       0.000      1.000       0.000       0.000

 NA         ON
    NA&1               0.000       0.000      1.000       0.000       0.000

 PER_CODA WITH
    PA                 0.000       0.000      1.000       0.000       0.000
    NA                 0.000       0.000      1.000       0.000       0.000

 NA       WITH
    PA               -60.596       1.604      0.000     -63.780     -57.539      *

 Residual Variances
    PER_CODAMP        67.323       1.227      0.000      64.993      69.822      *
    PA               172.644       2.828      0.000     167.198     178.339      *
    NA                91.348       1.488      0.000      88.504      94.312      *

Between Level

 SPA_PR     ON
    ANHEDONIA          0.000       0.003      0.492      -0.005       0.006
    BDI_SUM            0.003       0.005      0.288      -0.007       0.012

 SNA_PR     ON
    ANHEDONIA          0.002       0.003      0.241      -0.004       0.008
    BDI_SUM            0.000       0.005      0.477      -0.010       0.010

 PER_CODAMP ON
    ANHEDONIA         -0.025       0.091      0.392      -0.203       0.153
    BDI_SUM            0.367       0.144      0.006       0.082       0.648      *

 Means
    PA                45.313       0.969      0.000      43.399      47.186      *
    NA                15.018       0.718      0.000      13.608      16.458      *

 Intercepts
    PER_CODAMP         9.817       0.798      0.000       8.291      11.440      *
    SPA_PR             0.051       0.026      0.025       0.000       0.102
    SNA_PR             0.091       0.028      0.000       0.036       0.147      *

 Variances
    PA               136.777      16.505      0.000     110.270     174.474      *
    NA                77.082       9.312      0.000      60.881      97.387      *

 Residual Variances
    PER_CODAMP        94.105      11.469      0.000      75.240     120.385      *
    SPA_PR             0.071       0.011      0.000       0.053       0.098      *
    SNA_PR             0.078       0.013      0.000       0.055       0.108      *


STANDARDIZED MODEL RESULTS


STDYX Standardization

                                Posterior  One-Tailed         95% C.I.
                    Estimate       S.D.      P-Value   Lower 2.5%  Upper 2.5%  Significance

Within-Level Standardized Estimates Averaged Over Clusters

 SPA_PR | PER_CODAMP ON
    PA&1               0.069       0.017      0.000       0.033       0.103      *

 SNA_PR | PER_CODAMP ON
    NA&1               0.092       0.017      0.000       0.056       0.124      *

 PA         ON
    PA&1               0.000       0.000      1.000       0.000       0.000

 NA         ON
    NA&1               0.000       0.000      1.000       0.000       0.000

 PER_CODA WITH
    PA                 0.000       0.000      1.000       0.000       0.000
    NA                 0.000       0.000      1.000       0.000       0.000

 NA       WITH
    PA                -0.482       0.009      0.000      -0.499      -0.465      *

 Residual Variances
    PER_CODAMP         0.851       0.007      0.000       0.838       0.864      *
    PA                 1.000       0.000      0.000       1.000       1.000
    NA                 1.000       0.000      0.000       1.000       1.000

Between Level

 SPA_PR     ON
    ANHEDONIA          0.001       0.066      0.492      -0.125       0.131
    BDI_SUM            0.038       0.070      0.288      -0.096       0.177

 SNA_PR     ON
    ANHEDONIA          0.047       0.069      0.241      -0.087       0.184
    BDI_SUM           -0.005       0.072      0.477      -0.147       0.135

 PER_CODAMP ON
    ANHEDONIA         -0.016       0.058      0.392      -0.130       0.097
    BDI_SUM            0.149       0.057      0.006       0.033       0.258      *

 Means
    PA                 3.874       0.242      0.000       3.393       4.344      *
    NA                 1.711       0.132      0.000       1.466       1.983      *

 Intercepts
    PER_CODAMP         0.997       0.100      0.000       0.803       1.195      *
    SPA_PR             0.189       0.098      0.025       0.000       0.385
    SNA_PR             0.325       0.104      0.000       0.125       0.533      *

 Variances
    PA                 1.000       0.000      0.000       1.000       1.000
    NA                 1.000       0.000      0.000       1.000       1.000

 Residual Variances
    PER_CODAMP         0.974       0.018      0.000       0.926       0.997      *
    SPA_PR             0.993       0.011      0.000       0.960       1.000      *
    SNA_PR             0.992       0.012      0.000       0.956       1.000      *


STDY Standardization

                                Posterior  One-Tailed         95% C.I.
                    Estimate       S.D.      P-Value   Lower 2.5%  Upper 2.5%  Significance

Within-Level Standardized Estimates Averaged Over Clusters

 SPA_PR | PER_CODAMP ON
    PA&1               0.005       0.001      0.000       0.003       0.008      *

 SNA_PR | PER_CODAMP ON
    NA&1               0.010       0.002      0.000       0.006       0.013      *

 PA         ON
    PA&1               0.000       0.000      1.000       0.000       0.000

 NA         ON
    NA&1               0.000       0.000      1.000       0.000       0.000

 PER_CODA WITH
    PA                 0.000       0.000      1.000       0.000       0.000
    NA                 0.000       0.000      1.000       0.000       0.000

 NA       WITH
    PA                -0.482       0.009      0.000      -0.499      -0.465      *

 Residual Variances
    PER_CODAMP         0.851       0.007      0.000       0.838       0.864      *
    PA                 1.000       0.000      0.000       1.000       1.000
    NA                 1.000       0.000      0.000       1.000       1.000

Between Level

 SPA_PR     ON
    ANHEDONIA          0.000       0.010      0.492      -0.020       0.021
    BDI_SUM            0.010       0.018      0.288      -0.024       0.044

 SNA_PR     ON
    ANHEDONIA          0.007       0.011      0.241      -0.014       0.029
    BDI_SUM           -0.001       0.018      0.477      -0.037       0.034

 PER_CODAMP ON
    ANHEDONIA         -0.003       0.009      0.392      -0.020       0.015
    BDI_SUM            0.037       0.014      0.006       0.008       0.065      *

 Means
    PA                 3.874       0.242      0.000       3.393       4.344      *
    NA                 1.711       0.132      0.000       1.466       1.983      *

 Intercepts
    PER_CODAMP         0.997       0.100      0.000       0.803       1.195      *
    SPA_PR             0.189       0.098      0.025       0.000       0.385
    SNA_PR             0.325       0.104      0.000       0.125       0.533      *

 Variances
    PA                 1.000       0.000      0.000       1.000       1.000
    NA                 1.000       0.000      0.000       1.000       1.000

 Residual Variances
    PER_CODAMP         0.974       0.018      0.000       0.926       0.997      *
    SPA_PR             0.993       0.011      0.000       0.960       1.000      *
    SNA_PR             0.992       0.012      0.000       0.956       1.000      *


STD Standardization

                                Posterior  One-Tailed         95% C.I.
                    Estimate       S.D.      P-Value   Lower 2.5%  Upper 2.5%  Significance

Within-Level Standardized Estimates Averaged Over Clusters

 SPA_PR | PER_CODAMP ON
    PA&1               0.053       0.013      0.000       0.026       0.078      *

 SNA_PR | PER_CODAMP ON
    NA&1               0.095       0.017      0.000       0.060       0.127      *

 PA         ON
    PA&1               0.000       0.000      1.000       0.000       0.000

 NA         ON
    NA&1               0.000       0.000      1.000       0.000       0.000

 PER_CODA WITH
    PA                 0.000       0.000      1.000       0.000       0.000
    NA                 0.000       0.000      1.000       0.000       0.000

 NA       WITH
    PA               -60.511       1.617      0.000     -63.643     -57.334      *

 Residual Variances
    PER_CODAMP        67.346       1.188      0.000      65.036      69.672      *
    PA               172.519       2.818      0.000     167.184     178.240      *
    NA                91.316       1.499      0.000      88.475      94.332      *

Between Level

 SPA_PR     ON
    ANHEDONIA          0.000       0.010      0.492      -0.020       0.021
    BDI_SUM            0.010       0.018      0.288      -0.024       0.044

 SNA_PR     ON
    ANHEDONIA          0.007       0.011      0.241      -0.014       0.029
    BDI_SUM           -0.001       0.018      0.477      -0.037       0.034

 PER_CODAMP ON
    ANHEDONIA         -0.025       0.091      0.392      -0.203       0.153
    BDI_SUM            0.367       0.144      0.006       0.082       0.648      *

 Means
    PA                45.313       0.969      0.000      43.399      47.186      *
    NA                15.018       0.718      0.000      13.608      16.458      *

 Intercepts
    PER_CODAMP         9.817       0.798      0.000       8.291      11.440      *
    SPA_PR             0.189       0.098      0.025       0.000       0.385
    SNA_PR             0.325       0.104      0.000       0.125       0.533      *

 Variances
    PA               136.777      16.505      0.000     110.270     174.474      *
    NA                77.082       9.312      0.000      60.881      97.387      *

 Residual Variances
    PER_CODAMP        94.105      11.469      0.000      75.240     120.385      *
    SPA_PR             0.993       0.011      0.000       0.960       1.000      *
    SNA_PR             0.992       0.012      0.000       0.956       1.000      *


R-SQUARE

Within-Level R-Square Averaged Across Clusters

                                Posterior  One-Tailed         95% C.I.
    Variable        Estimate       S.D.      P-Value   Lower 2.5%  Upper 2.5%

    PER_CODAMP         0.149       0.007      0.000       0.136       0.162
    PA                 0.000       0.000      1.000       0.000       0.000
    NA                 0.000       0.000      1.000       0.000       0.000

Between Level

                                Posterior  One-Tailed         95% C.I.
    Variable        Estimate       S.D.      P-Value   Lower 2.5%  Upper 2.5%

    PER_CODAMP         0.026       0.018      0.000       0.003       0.074

                                Posterior  One-Tailed         95% C.I.
    Variable        Estimate       S.D.      P-Value   Lower 2.5%  Upper 2.5%

    SPA_PR             0.007       0.011      0.000       0.000       0.040
    SNA_PR             0.008       0.012      0.000       0.000       0.044


CREDIBILITY INTERVALS OF MODEL RESULTS

                  Lower .5%  Lower 2.5%    Lower 5%    Estimate    Upper 5%  Upper 2.5%   Upper .5%

Within Level

 PA       ON
    PA&1             0.000       0.000       0.000       0.000       0.000       0.000       0.000

 NA       ON
    NA&1             0.000       0.000       0.000       0.000       0.000       0.000       0.000

 PER_CODA WITH
    PA               0.000       0.000       0.000       0.000       0.000       0.000       0.000
    NA               0.000       0.000       0.000       0.000       0.000       0.000       0.000

 NA       WITH
    PA             -64.811     -63.780     -63.250     -60.596     -58.036     -57.539     -56.527

 Residual Variances
    PER_CODAMP      64.297      64.993      65.392      67.323      69.392      69.822      70.531
    PA             165.348     167.198     168.090     172.644     177.446     178.339     180.147
    NA              87.717      88.504      88.946      91.348      93.843      94.312      95.323

Between Level

 SPA_PR   ON
    ANHEDONIA       -0.007      -0.005      -0.004       0.000       0.005       0.006       0.007
    BDI_SUM         -0.010      -0.007      -0.005       0.003       0.010       0.012       0.014

 SNA_PR   ON
    ANHEDONIA       -0.006      -0.004      -0.003       0.002       0.007       0.008       0.010
    BDI_SUM         -0.014      -0.010      -0.009       0.000       0.008       0.010       0.013

 PER_CODA ON
    ANHEDONIA       -0.265      -0.203      -0.173      -0.025       0.126       0.153       0.202
    BDI_SUM         -0.008       0.082       0.126       0.367       0.604       0.648       0.740

 Means
    PA              42.749      43.399      43.727      45.313      46.917      47.186      47.745
    NA              13.182      13.608      13.844      15.018      16.230      16.458      16.860

 Intercepts
    PER_CODAMP       7.775       8.291       8.515       9.817      11.159      11.440      11.928
    SPA_PR          -0.017       0.000       0.008       0.051       0.093       0.102       0.118
    SNA_PR           0.019       0.036       0.044       0.091       0.138       0.147       0.165

 Variances
    PA             103.689     110.270     113.726     136.777     168.425     174.474     187.887
    NA              56.374      60.881      63.305      77.082      93.962      97.387     106.753

 Residual Variances
    PER_CODAMP      70.094      75.240      77.850      94.105     115.284     120.385     129.332
    SPA_PR           0.048       0.053       0.056       0.071       0.092       0.098       0.108
    SNA_PR           0.050       0.055       0.059       0.078       0.103       0.108       0.119


CREDIBILITY INTERVALS OF STANDARDIZED MODEL RESULTS


STDYX Standardization

                  Lower .5%  Lower 2.5%    Lower 5%    Estimate    Upper 5%  Upper 2.5%   Upper .5%

Within Level

 PA       ON
    PA&1             0.000       0.000       0.000       0.000       0.000       0.000       0.000

 NA       ON
    NA&1             0.000       0.000       0.000       0.000       0.000       0.000       0.000

 PER_CODA WITH
    PA               0.000       0.000       0.000       0.000       0.000       0.000       0.000
    NA               0.000       0.000       0.000       0.000       0.000       0.000       0.000

 NA       WITH
    PA               0.000      -0.499       0.000      -0.482       0.000      -0.465       0.000

 Residual Variances
    PER_CODAMP       0.000       0.838       0.000       0.851       0.000       0.864       0.000
    PA               0.000       1.000       0.000       1.000       0.000       1.000       0.000
    NA               0.000       1.000       0.000       1.000       0.000       1.000       0.000

Between Level

 SPA_PR   ON
    ANHEDONIA       -0.169      -0.125      -0.105       0.001       0.109       0.131       0.172
    BDI_SUM         -0.137      -0.096      -0.075       0.038       0.156       0.177       0.215

 SNA_PR   ON
    ANHEDONIA       -0.133      -0.087      -0.066       0.047       0.161       0.184       0.217
    BDI_SUM         -0.193      -0.147      -0.125      -0.005       0.111       0.135       0.178

 PER_CODA ON
    ANHEDONIA       -0.167      -0.130      -0.111      -0.016       0.081       0.097       0.131
    BDI_SUM         -0.003       0.033       0.051       0.149       0.241       0.258       0.287

 Means
    PA               3.244       3.393       3.473       3.874       4.266       4.344       4.488
    NA               1.385       1.466       1.502       1.711       1.938       1.983       2.070

 Intercepts
    PER_CODAMP       0.743       0.803       0.834       0.997       1.163       1.195       1.256
    SPA_PR          -0.058       0.000       0.029       0.189       0.352       0.385       0.453
    SNA_PR           0.066       0.125       0.154       0.325       0.499       0.533       0.602

 Variances
    PA               1.000       1.000       1.000       1.000       1.000       1.000       1.000
    NA               1.000       1.000       1.000       1.000       1.000       1.000       1.000

 Residual Variances
    PER_CODAMP       0.908       0.926       0.936       0.974       0.995       0.997       0.999
    SPA_PR           0.944       0.960       0.968       0.993       0.999       1.000       1.000
    SNA_PR           0.938       0.956       0.964       0.992       0.999       1.000       1.000


STDY Standardization

                  Lower .5%  Lower 2.5%    Lower 5%    Estimate    Upper 5%  Upper 2.5%   Upper .5%

Within Level

 PA       ON
    PA&1             0.000       0.000       0.000       0.000       0.000       0.000       0.000

 NA       ON
    NA&1             0.000       0.000       0.000       0.000       0.000       0.000       0.000

 PER_CODA WITH
    PA               0.000       0.000       0.000       0.000       0.000       0.000       0.000
    NA               0.000       0.000       0.000       0.000       0.000       0.000       0.000

 NA       WITH
    PA               0.000      -0.499       0.000      -0.482       0.000      -0.465       0.000

 Residual Variances
    PER_CODAMP       0.000       0.838       0.000       0.851       0.000       0.864       0.000
    PA               0.000       1.000       0.000       1.000       0.000       1.000       0.000
    NA               0.000       1.000       0.000       1.000       0.000       1.000       0.000

Between Level

 SPA_PR   ON
    ANHEDONIA       -0.026      -0.020      -0.017       0.000       0.017       0.021       0.027
    BDI_SUM         -0.035      -0.024      -0.019       0.010       0.039       0.044       0.054

 SNA_PR   ON
    ANHEDONIA       -0.021      -0.014      -0.010       0.007       0.025       0.029       0.034
    BDI_SUM         -0.049      -0.037      -0.031      -0.001       0.028       0.034       0.045

 PER_CODA ON
    ANHEDONIA       -0.026      -0.020      -0.017      -0.003       0.013       0.015       0.020
    BDI_SUM         -0.001       0.008       0.013       0.037       0.061       0.065       0.072

 Means
    PA               3.244       3.393       3.473       3.874       4.266       4.344       4.488
    NA               1.385       1.466       1.502       1.711       1.938       1.983       2.070

 Intercepts
    PER_CODAMP       0.743       0.803       0.834       0.997       1.163       1.195       1.256
    SPA_PR          -0.058       0.000       0.029       0.189       0.352       0.385       0.453
    SNA_PR           0.066       0.125       0.154       0.325       0.499       0.533       0.602

 Variances
    PA               1.000       1.000       1.000       1.000       1.000       1.000       1.000
    NA               1.000       1.000       1.000       1.000       1.000       1.000       1.000

 Residual Variances
    PER_CODAMP       0.908       0.926       0.936       0.974       0.995       0.997       0.999
    SPA_PR           0.944       0.960       0.968       0.993       0.999       1.000       1.000
    SNA_PR           0.938       0.956       0.964       0.992       0.999       1.000       1.000


STD Standardization

                  Lower .5%  Lower 2.5%    Lower 5%    Estimate    Upper 5%  Upper 2.5%   Upper .5%

Within Level

 PA       ON
    PA&1             0.000       0.000       0.000       0.000       0.000       0.000       0.000

 NA       ON
    NA&1             0.000       0.000       0.000       0.000       0.000       0.000       0.000

 PER_CODA WITH
    PA               0.000       0.000       0.000       0.000       0.000       0.000       0.000
    NA               0.000       0.000       0.000       0.000       0.000       0.000       0.000

 NA       WITH
    PA               0.000     -63.643       0.000     -60.511       0.000     -57.334       0.000

 Residual Variances
    PER_CODAMP       0.000      65.036       0.000      67.346       0.000      69.672       0.000
    PA               0.000     167.184       0.000     172.519       0.000     178.240       0.000
    NA               0.000      88.475       0.000      91.316       0.000      94.332       0.000

Between Level

 SPA_PR   ON
    ANHEDONIA       -0.026      -0.020      -0.017       0.000       0.017       0.021       0.027
    BDI_SUM         -0.035      -0.024      -0.019       0.010       0.039       0.044       0.054

 SNA_PR   ON
    ANHEDONIA       -0.021      -0.014      -0.010       0.007       0.025       0.029       0.034
    BDI_SUM         -0.049      -0.037      -0.031      -0.001       0.028       0.034       0.045

 PER_CODA ON
    ANHEDONIA       -0.265      -0.203      -0.173      -0.025       0.126       0.153       0.202
    BDI_SUM         -0.008       0.082       0.126       0.367       0.604       0.648       0.740

 Means
    PA              42.749      43.399      43.727      45.313      46.917      47.186      47.745
    NA              13.182      13.608      13.844      15.018      16.230      16.458      16.860

 Intercepts
    PER_CODAMP       7.775       8.291       8.515       9.817      11.159      11.440      11.928
    SPA_PR          -0.058       0.000       0.029       0.189       0.352       0.385       0.453
    SNA_PR           0.066       0.125       0.154       0.325       0.499       0.533       0.602

 Variances
    PA             103.689     110.270     113.726     136.777     168.425     174.474     187.887
    NA              56.374      60.881      63.305      77.082      93.962      97.387     106.753

 Residual Variances
    PER_CODAMP      70.094      75.240      77.850      94.105     115.284     120.385     129.332
    SPA_PR           0.944       0.960       0.968       0.993       0.999       1.000       1.000
    SNA_PR           0.938       0.956       0.964       0.992       0.999       1.000       1.000


TECHNICAL 1 OUTPUT


     PARAMETER SPECIFICATION FOR WITHIN


           NU
              PER_CODA      PA            NA            PA&1          NA&1
              ________      ________      ________      ________      ________
                    0             0             0             0             0


           LAMBDA
              PER_CODA      PA            NA            PA&1          NA&1
              ________      ________      ________      ________      ________
 PER_CODA           0             0             0             0             0
 PA                 0             0             0             0             0
 NA                 0             0             0             0             0
 PA&1               0             0             0             0             0
 NA&1               0             0             0             0             0


           THETA
              PER_CODA      PA            NA            PA&1          NA&1
              ________      ________      ________      ________      ________
 PER_CODA           0
 PA                 0             0
 NA                 0             0             0
 PA&1               0             0             0             0
 NA&1               0             0             0             0             0


           ALPHA
              PER_CODA      PA            NA            PA&1          NA&1
              ________      ________      ________      ________      ________
                    0             0             0             0             0


           BETA
              PER_CODA      PA            NA            PA&1          NA&1
              ________      ________      ________      ________      ________
 PER_CODA           0             0             0             0             0
 PA                 0             0             0             0             0
 NA                 0             0             0             0             0
 PA&1               0             0             0             0             0
 NA&1               0             0             0             0             0


           PSI
              PER_CODA      PA            NA            PA&1          NA&1
              ________      ________      ________      ________      ________
 PER_CODA           1
 PA                 0             2
 NA                 0             3             4
 PA&1               0             0             0             0
 NA&1               0             0             0             0             0


     PARAMETER SPECIFICATION FOR BETWEEN


           NU
              PER_CODA      PA            NA            ANHEDONI      BDI_SUM
              ________      ________      ________      ________      ________
                    0             0             0             0             0


           LAMBDA
              SPA_PR        SNA_PR        PER_CODA      PA            NA
              ________      ________      ________      ________      ________
 PER_CODA           0             0             0             0             0
 PA                 0             0             0             0             0
 NA                 0             0             0             0             0
 ANHEDONI           0             0             0             0             0
 BDI_SUM            0             0             0             0             0


           LAMBDA
              ANHEDONI      BDI_SUM
              ________      ________
 PER_CODA           0             0
 PA                 0             0
 NA                 0             0
 ANHEDONI           0             0
 BDI_SUM            0             0


           THETA
              PER_CODA      PA            NA            ANHEDONI      BDI_SUM
              ________      ________      ________      ________      ________
 PER_CODA           0
 PA                 0             0
 NA                 0             0             0
 ANHEDONI           0             0             0             0
 BDI_SUM            0             0             0             0             0


           ALPHA
              SPA_PR        SNA_PR        PER_CODA      PA            NA
              ________      ________      ________      ________      ________
                    5             6             7             8             9


           ALPHA
              ANHEDONI      BDI_SUM
              ________      ________
                    0             0


           BETA
              SPA_PR        SNA_PR        PER_CODA      PA            NA
              ________      ________      ________      ________      ________
 SPA_PR             0             0             0             0             0
 SNA_PR             0             0             0             0             0
 PER_CODA           0             0             0             0             0
 PA                 0             0             0             0             0
 NA                 0             0             0             0             0
 ANHEDONI           0             0             0             0             0
 BDI_SUM            0             0             0             0             0


           BETA
              ANHEDONI      BDI_SUM
              ________      ________
 SPA_PR            10            11
 SNA_PR            12            13
 PER_CODA          14            15
 PA                 0             0
 NA                 0             0
 ANHEDONI           0             0
 BDI_SUM            0             0


           PSI
              SPA_PR        SNA_PR        PER_CODA      PA            NA
              ________      ________      ________      ________      ________
 SPA_PR            16
 SNA_PR             0            17
 PER_CODA           0             0            18
 PA                 0             0             0            19
 NA                 0             0             0             0            20
 ANHEDONI           0             0             0             0             0
 BDI_SUM            0             0             0             0             0


           PSI
              ANHEDONI      BDI_SUM
              ________      ________
 ANHEDONI           0
 BDI_SUM            0             0


     STARTING VALUES FOR WITHIN


           NU
              PER_CODA      PA            NA            PA&1          NA&1
              ________      ________      ________      ________      ________
                0.000         0.000         0.000         0.000         0.000


           LAMBDA
              PER_CODA      PA            NA            PA&1          NA&1
              ________      ________      ________      ________      ________
 PER_CODA       1.000         0.000         0.000         0.000         0.000
 PA             0.000         1.000         0.000         0.000         0.000
 NA             0.000         0.000         1.000         0.000         0.000
 PA&1           0.000         0.000         0.000         1.000         0.000
 NA&1           0.000         0.000         0.000         0.000         1.000


           THETA
              PER_CODA      PA            NA            PA&1          NA&1
              ________      ________      ________      ________      ________
 PER_CODA       0.000
 PA             0.000         0.000
 NA             0.000         0.000         0.000
 PA&1           0.000         0.000         0.000         0.000
 NA&1           0.000         0.000         0.000         0.000         0.000


           ALPHA
              PER_CODA      PA            NA            PA&1          NA&1
              ________      ________      ________      ________      ________
                0.000         0.000         0.000         0.000         0.000


           BETA
              PER_CODA      PA            NA            PA&1          NA&1
              ________      ________      ________      ________      ________
 PER_CODA       0.000         0.000         0.000         0.000         0.000
 PA             0.000         0.000         0.000         0.000         0.000
 NA             0.000         0.000         0.000         0.000         0.000
 PA&1           0.000         0.000         0.000         0.000         0.000
 NA&1           0.000         0.000         0.000         0.000         0.000


           PSI
              PER_CODA      PA            NA            PA&1          NA&1
              ________      ________      ________      ________      ________
 PER_CODA      87.636
 PA             0.000       150.639
 NA             0.000         0.000        80.979
 PA&1           0.000         0.000         0.000       150.688
 NA&1           0.000         0.000         0.000         0.000        80.867


     STARTING VALUES FOR BETWEEN


           NU
              PER_CODA      PA            NA            ANHEDONI      BDI_SUM
              ________      ________      ________      ________      ________
                0.000         0.000         0.000         0.000         0.000


           LAMBDA
              SPA_PR        SNA_PR        PER_CODA      PA            NA
              ________      ________      ________      ________      ________
 PER_CODA       0.000         0.000         1.000         0.000         0.000
 PA             0.000         0.000         0.000         1.000         0.000
 NA             0.000         0.000         0.000         0.000         1.000
 ANHEDONI       0.000         0.000         0.000         0.000         0.000
 BDI_SUM        0.000         0.000         0.000         0.000         0.000


           LAMBDA
              ANHEDONI      BDI_SUM
              ________      ________
 PER_CODA       0.000         0.000
 PA             0.000         0.000
 NA             0.000         0.000
 ANHEDONI       1.000         0.000
 BDI_SUM        0.000         1.000


           THETA
              PER_CODA      PA            NA            ANHEDONI      BDI_SUM
              ________      ________      ________      ________      ________
 PER_CODA       0.000
 PA             0.000         0.000
 NA             0.000         0.000         0.000
 ANHEDONI       0.000         0.000         0.000         0.000
 BDI_SUM        0.000         0.000         0.000         0.000         0.000


           ALPHA
              SPA_PR        SNA_PR        PER_CODA      PA            NA
              ________      ________      ________      ________      ________
                0.000         0.000         9.679        45.431        14.890


           ALPHA
              ANHEDONI      BDI_SUM
              ________      ________
                0.000         0.000


           BETA
              SPA_PR        SNA_PR        PER_CODA      PA            NA
              ________      ________      ________      ________      ________
 SPA_PR         0.000         0.000         0.000         0.000         0.000
 SNA_PR         0.000         0.000         0.000         0.000         0.000
 PER_CODA       0.000         0.000         0.000         0.000         0.000
 PA             0.000         0.000         0.000         0.000         0.000
 NA             0.000         0.000         0.000         0.000         0.000
 ANHEDONI       0.000         0.000         0.000         0.000         0.000
 BDI_SUM        0.000         0.000         0.000         0.000         0.000


           BETA
              ANHEDONI      BDI_SUM
              ________      ________
 SPA_PR         0.000         0.000
 SNA_PR         0.000         0.000
 PER_CODA       0.000         0.000
 PA             0.000         0.000
 NA             0.000         0.000
 ANHEDONI       0.000         0.000
 BDI_SUM        0.000         0.000


           PSI
              SPA_PR        SNA_PR        PER_CODA      PA            NA
              ________      ________      ________      ________      ________
 SPA_PR         1.000
 SNA_PR         0.000         1.000
 PER_CODA       0.000         0.000        87.636
 PA             0.000         0.000         0.000       150.639
 NA             0.000         0.000         0.000         0.000        80.979
 ANHEDONI       0.000         0.000         0.000         0.000         0.000
 BDI_SUM        0.000         0.000         0.000         0.000         0.000


           PSI
              ANHEDONI      BDI_SUM
              ________      ________
 ANHEDONI      40.709
 BDI_SUM        0.000        15.819



     PRIORS FOR ALL PARAMETERS            PRIOR MEAN      PRIOR VARIANCE     PRIOR STD. DEV.

     Parameter 1~IG(-1.000,0.000)          infinity            infinity            infinity
     Parameter 2~IW(0.000,-3)              infinity            infinity            infinity
     Parameter 3~IW(0.000,-3)              infinity            infinity            infinity
     Parameter 4~IW(0.000,-3)              infinity            infinity            infinity
     Parameter 5~N(0.000,infinity)           0.0000            infinity            infinity
     Parameter 6~N(0.000,infinity)           0.0000            infinity            infinity
     Parameter 7~N(0.000,infinity)           0.0000            infinity            infinity
     Parameter 8~N(0.000,infinity)           0.0000            infinity            infinity
     Parameter 9~N(0.000,infinity)           0.0000            infinity            infinity
     Parameter 10~N(0.000,infinity)          0.0000            infinity            infinity
     Parameter 11~N(0.000,infinity)          0.0000            infinity            infinity
     Parameter 12~N(0.000,infinity)          0.0000            infinity            infinity
     Parameter 13~N(0.000,infinity)          0.0000            infinity            infinity
     Parameter 14~N(0.000,infinity)          0.0000            infinity            infinity
     Parameter 15~N(0.000,infinity)          0.0000            infinity            infinity
     Parameter 16~IG(-1.000,0.000)         infinity            infinity            infinity
     Parameter 17~IG(-1.000,0.000)         infinity            infinity            infinity
     Parameter 18~IG(-1.000,0.000)         infinity            infinity            infinity
     Parameter 19~IG(-1.000,0.000)         infinity            infinity            infinity
     Parameter 20~IG(-1.000,0.000)         infinity            infinity            infinity


TECHNICAL 8 OUTPUT


   TECHNICAL 8 OUTPUT FOR BAYES ESTIMATION

     PROCESSOR    BSEED
     1            0
     2            285380
     3            253358
     4            93468
     5            608496
     6            903420
     7            195873
     8            462953
     9            939021
     10           127215
     11           415931
     12           533738
     13           107446
     14           399671
     15           650371
     16           27071

                     POTENTIAL       PARAMETER WITH
     ITERATION    SCALE REDUCTION      HIGHEST PSR
     100              1.132               17
     200              1.284               5
     300              1.232               5
     400              1.133               5
     500              1.124               5
     600              1.104               5
     700              1.062               11
     800              1.066               11
     900              1.047               11
     1000             1.048               6
     1100             1.045               6
     1200             1.041               6
     1300             1.025               6
     1400             1.031               5
     1500             1.046               5
     1600             1.046               5
     1700             1.048               5
     1800             1.036               5
     1900             1.050               5
     2000             1.065               5
     2100             1.069               5
     2200             1.069               5
     2300             1.072               5
     2400             1.078               5
     2500             1.085               5
     2600             1.093               5
     2700             1.094               5
     2800             1.089               5
     2900             1.078               5
     3000             1.055               5
     3100             1.044               5
     3200             1.035               5
     3300             1.029               5
     3400             1.025               5
     3500             1.023               5
     3600             1.023               5
     3700             1.019               5
     3800             1.013               5
     3900             1.011               17
     4000             1.010               17
     4100             1.010               6
     4200             1.015               6
     4300             1.017               6
     4400             1.023               6
     4500             1.027               6
     4600             1.030               6
     4700             1.032               6
     4800             1.035               6
     4900             1.040               6
     5000             1.042               6
     5100             1.045               6
     5200             1.045               6
     5300             1.043               6
     5400             1.041               6
     5500             1.041               6
     5600             1.039               6
     5700             1.037               6
     5800             1.034               6
     5900             1.032               6
     6000             1.031               6
     6100             1.029               6
     6200             1.027               6
     6300             1.027               6
     6400             1.026               6
     6500             1.026               6
     6600             1.025               6
     6700             1.025               6
     6800             1.024               6
     6900             1.024               6
     7000             1.024               6
     7100             1.022               6
     7200             1.017               6
     7300             1.015               6
     7400             1.013               6
     7500             1.010               6
     7600             1.009               5
     7700             1.008               5


PLOT INFORMATION

The following plots are available:

  Histograms (sample values)
  Scatterplots (sample values)
  Between-level histograms (sample values, sample means/variances)
  Between-level scatterplots (sample values, sample means/variances)
  Time series plots (sample values, ACF, PACF)
  Histogram of subjects per time point
  Time interval plots
  Bayesian posterior parameter distributions
  Bayesian posterior parameter trace plots
  Bayesian autocorrelation plots

     Beginning Time:  19:41:27
        Ending Time:  19:45:23
       Elapsed Time:  00:03:56



MUTHEN & MUTHEN
3463 Stoner Ave.
Los Angeles, CA  90066

Tel: (310) 391-9971
Fax: (310) 391-8971
Web: www.StatModel.com
Support: Support@StatModel.com

Copyright (c) 1998-2022 Muthen & Muthen
