Mplus VERSION 8.8
MUTHEN & MUTHEN
08/26/2023   1:02 AM

INPUT INSTRUCTIONS


  DATA:
  FILE IS data9.dat;

  VARIABLE:   NAMES =
  	    Eth_ID Time Time_between Time_inc
  	    PA_enth NA_irri NA_verv PA_tevr PA_ener
       	    PA_kalm NA_nerv PA_daadk NA_verdr
  	    PA_vrol NA_boos PA_dankb NA_somb PER_att
      	    PER_refl PER_self PER_expr PER_damp
  	    PER_codamp PER_capit Sample age_yr gesl BDI
      	    Measures_valid BDI_anh Anhedonia
   	    BDI_sum PA NA day compliance;

              USEVARIABLES are PER_refl PA NA Anhedonia BDI_sum;
              MISSING is .;
              within = ;
              between = Anhedonia BDI_sum ;
              cluster = Eth_ID;
              lagged= PA NA(1);
              tinterval=Time_inc (150);


  DEFINE:     CENTER Anhedonia BDI_sum (grandmean);

  ANALYSIS:   type = twolevel random;
              estimator = Bayes;
              biterations=(2000);
              bconvergence=0.005;
              thin=2;
              PROCESSORS=16;
  MODEL:
  %WITHIN%
  sPA_PR | PER_refl on PA&1;
  sNA_PR | PER_refl on NA&1;
  PA on PA&1@0;
  NA on NA&1@0;
  PER_refl with PA@0;
  PER_refl with NA@0;

  %between%
  sPA_PR sNA_PR on Anhedonia BDI_sum;
  PER_refl on Anhedonia BDI_sum;


  OUTPUT: standardized tech1 tech8 cinterval patterns;
  PLOT: TYPE = PLOT3;



*** WARNING in VARIABLE command
  Note that only the first 8 characters of variable names are used in the output.
  Shorten variable names to avoid any confusion.
*** WARNING in MODEL command
  A y-variable has been declared on the within level but not referred to on
  the between level.  Please check that this is what is intended.  If this is not intended,
  specify the variable as a within variable.  Problem with:  PA
*** WARNING in MODEL command
  A y-variable has been declared on the within level but not referred to on
  the between level.  Please check that this is what is intended.  If this is not intended,
  specify the variable as a within variable.  Problem with:  NA
*** WARNING in PLOT command
  Note that only the first 8 characters of variable names are used in plots.
  If variable names are not unique within the first 8 characters, problems
  may occur.
*** WARNING
  One or more individual-level variables have no variation within a
  cluster for the following clusters.

     Variable   Cluster IDs with no within-cluster variation

      PER_REFL    165 73

*** WARNING
  Data set contains cases with missing on all variables.  Cases that appeared before the first
  case with observed data and that appeared after the last case with observed data were not
  included in the analysis.  Number of deleted cases:  680
   6 WARNING(S) FOUND IN THE INPUT INSTRUCTIONS




SUMMARY OF ANALYSIS

Number of groups                                                 1
Number of observations                                       20159

Number of dependent variables                                    3
Number of independent variables                                  4
Number of continuous latent variables                            2

Observed dependent variables

  Continuous
   PER_REFL    PA          NA

Observed independent variables
   ANHEDONI    BDI_SUM     PA&1        NA&1

Continuous latent variables
   SPA_PR      SNA_PR

Variables with special functions

  Cluster variable      ETH_ID

  Within variables
   PA&1        NA&1

  Between variables
   ANHEDONI    BDI_SUM

  Centering (GRANDMEAN)
   ANHEDONI    BDI_SUM


Estimator                                                    BAYES
Specifications for Bayesian Estimation
  Point estimate                                            MEDIAN
  Number of Markov chain Monte Carlo (MCMC) chains               2
  Random seed for the first chain                                0
  Starting value information                           UNPERTURBED
  Algorithm used for Markov chain Monte Carlo           GIBBS(PX1)
  Convergence criterion                                  0.500D-02
  Maximum number of iterations                               50000
  K-th iteration used for thinning                               2

Input data file(s)
  data9.dat
Input data format  FREE


SUMMARY OF DATA

     Number of clusters                        159

       Size (s)    Cluster ID with Size s

         56        28
         80        82
         84        87
         88        72
         97        34
        101        10
        105        52
        108        119
        111        36
        113        182
        115        89 131
        116        15 188 75 77
        117        11
        118        16 66 49 57 195
        119        106 197 71 48 149 50 92 38 168 163 186
        120        7 148 98 192 61 165 108 55
        122        174
        123        127
        124        161 117 103 51
        125        53 54 13 40 44 88 30 68 100 93 105 112 123 73
        126        107 172 173 102 65 109 111 80 76 120
        127        70 177 133 62 139 118 110 25 115 67 46 104 178 126 193
                   32 86 198 147
        128        43 153 59 156 96 180 18 5
        129        141 144 125 3 185 146 135 190 187 39 137 116 69
        130        138 166 97 14
        133        191
        134        2
        135        194 63 60 183 201 200
        136        26 56
        137        95 4 9 22 19 42
        138        132 29 94
        139        45 74 35 37 84 21 79 145 114
        142        27
        143        179
        144        170 24 171
        145        1 124 162 20
        146        151 6 167
        147        142 31
        148        159 176



SUMMARY OF MISSING DATA PATTERNS

     Number of missing data patterns            12


     MISSING DATA PATTERNS (x = not missing)

           1  2  3  4  5  6  7  8  9 10 11 12
 PER_REFL  x  x              x  x  x        x
 PA        x  x        x  x     x  x  x  x
 NA        x  x        x  x        x
 PA&1      x     x        x  x     x     x
 NA&1      x     x        x  x           x
 ANHEDONI  x  x  x  x  x  x  x  x  x  x  x  x
 BDI_SUM   x  x  x  x  x  x  x  x  x  x  x  x


     MISSING DATA PATTERN FREQUENCIES

    Pattern   Frequency     Pattern   Frequency     Pattern   Frequency
          1        4885           5          52           9           8
          2        3224           6          49          10           5
          3        3121           7           3          11           2
          4        8808           8           1          12           1


COVARIANCE COVERAGE OF DATA

Minimum covariance coverage value   0.100


     PROPORTION OF DATA PRESENT


           Covariance Coverage
              PER_REFL      PA            NA            ANHEDONI      BDI_SUM
              ________      ________      ________      ________      ________
 PER_REFL       0.403
 PA             0.403         0.408
 NA             0.403         0.408         0.408
 ANHEDONI       0.403         0.408         0.408         1.000
 BDI_SUM        0.403         0.408         0.408         1.000         1.000



UNIVARIATE SAMPLE STATISTICS


     UNIVARIATE HIGHER-ORDER MOMENT DESCRIPTIVE STATISTICS

         Variable/         Mean/     Skewness/   Minimum/ % with                Percentiles
        Sample Size      Variance    Kurtosis    Maximum  Min/Max      20%/60%    40%/80%    Median

     PER_REFL             28.217       0.692       0.000    9.73%       5.000     14.000     23.000
            8122.000     570.189      -0.419     100.000    0.49%      32.000     51.000
     PA                   45.572      -0.010       0.000    0.29%      30.857     41.571     46.143
            8226.000     302.012      -0.210     100.000    0.07%      50.286     60.286
     NA                   14.664       1.462       0.000    8.38%       4.800      8.800     11.200
            8218.000     166.273       2.171      77.400    0.01%      14.000     22.600
     ANHEDONIA             0.000       0.630     -18.380    0.63%      -7.330     -2.924     -0.934
             159.000      79.008       0.606      29.966    0.63%       1.234      6.118
     BDI_SUM               0.000       0.851      -8.050    3.77%      -5.050     -3.050     -1.050
             159.000      31.821       0.278      16.950    1.26%      -0.050      3.950


THE MODEL ESTIMATION TERMINATED NORMALLY

     USE THE FBITERATIONS OPTION TO INCREASE THE NUMBER OF ITERATIONS BY A FACTOR
     OF AT LEAST TWO TO CHECK CONVERGENCE AND THAT THE PSR VALUE DOES NOT INCREASE.



MODEL FIT INFORMATION

Number of Free Parameters                              20

Information Criteria

          Deviance (DIC)                       514172.179
          Estimated Number of Parameters (pD)   36341.893



MODEL RESULTS

                                Posterior  One-Tailed         95% C.I.
                    Estimate       S.D.      P-Value   Lower 2.5%  Upper 2.5%  Significance

Within Level

 PA         ON
    PA&1               0.000       0.000      1.000       0.000       0.000

 NA         ON
    NA&1               0.000       0.000      1.000       0.000       0.000

 PER_REFL WITH
    PA                 0.000       0.000      1.000       0.000       0.000
    NA                 0.000       0.000      1.000       0.000       0.000

 NA       WITH
    PA               -55.341       1.548      0.000     -58.487     -52.382      *

 Residual Variances
    PER_REFL         325.223       5.901      0.000     313.600     336.640      *
    PA               170.257       2.695      0.000     165.223     175.891      *
    NA                89.369       1.433      0.000      86.627      92.199      *

Between Level

 SPA_PR     ON
    ANHEDONIA         -0.007       0.004      0.035      -0.013       0.001
    BDI_SUM            0.001       0.006      0.447      -0.010       0.013

 SNA_PR     ON
    ANHEDONIA         -0.005       0.005      0.165      -0.014       0.005
    BDI_SUM           -0.003       0.008      0.318      -0.019       0.012

 PER_REFL   ON
    ANHEDONIA         -0.086       0.142      0.265      -0.362       0.193
    BDI_SUM           -0.185       0.222      0.208      -0.619       0.251

 Means
    PA                45.624       0.937      0.000      43.862      47.518      *
    NA                14.803       0.729      0.000      13.392      16.238      *

 Intercepts
    PER_REFL          28.197       1.219      0.000      25.882      30.655      *
    SPA_PR             0.245       0.033      0.000       0.181       0.309      *
    SNA_PR             0.163       0.045      0.000       0.081       0.254      *

 Variances
    PA               137.553      16.609      0.000     109.657     176.481      *
    NA                82.247       9.927      0.000      65.616     105.234      *

 Residual Variances
    PER_REFL         225.690      27.431      0.000     180.490     285.364      *
    SPA_PR             0.075       0.016      0.000       0.048       0.110      *
    SNA_PR             0.083       0.036      0.000       0.029       0.167      *


STANDARDIZED MODEL RESULTS


STDYX Standardization

                                Posterior  One-Tailed         95% C.I.
                    Estimate       S.D.      P-Value   Lower 2.5%  Upper 2.5%  Significance

Within-Level Standardized Estimates Averaged Over Clusters

 SPA_PR | PER_REFL ON
    PA&1               0.165       0.017      0.000       0.132       0.196      *

 SNA_PR | PER_REFL ON
    NA&1               0.082       0.019      0.000       0.046       0.121      *

 PA         ON
    PA&1               0.000       0.000      1.000       0.000       0.000

 NA         ON
    NA&1               0.000       0.000      1.000       0.000       0.000

 PER_REFL WITH
    PA                 0.000       0.000      1.000       0.000       0.000
    NA                 0.000       0.000      1.000       0.000       0.000

 NA       WITH
    PA                -0.449       0.009      0.000      -0.466      -0.431      *

 Residual Variances
    PER_REFL           0.926       0.009      0.000       0.908       0.942      *
    PA                 1.000       0.000      0.000       1.000       1.000
    NA                 1.000       0.000      0.000       1.000       1.000

Between Level

 SPA_PR     ON
    ANHEDONIA         -0.156       0.080      0.035      -0.297       0.012
    BDI_SUM            0.010       0.083      0.447      -0.143       0.174

 SNA_PR     ON
    ANHEDONIA         -0.102       0.106      0.165      -0.311       0.109
    BDI_SUM           -0.045       0.103      0.318      -0.244       0.163

 PER_REFL   ON
    ANHEDONIA         -0.036       0.059      0.265      -0.150       0.081
    BDI_SUM           -0.049       0.058      0.208      -0.159       0.066

 Means
    PA                 3.892       0.244      0.000       3.423       4.392      *
    NA                 1.633       0.125      0.000       1.391       1.877      *

 Intercepts
    PER_REFL           1.869       0.136      0.000       1.608       2.142      *
    SPA_PR             0.878       0.151      0.000       0.616       1.209      *
    SNA_PR             0.563       0.182      0.000       0.269       1.005      *

 Variances
    PA                 1.000       0.000      0.000       1.000       1.000
    NA                 1.000       0.000      0.000       1.000       1.000

 Residual Variances
    PER_REFL           0.992       0.009      0.000       0.965       1.000      *
    SPA_PR             0.969       0.027      0.000       0.897       0.998      *
    SNA_PR             0.975       0.031      0.000       0.882       0.999      *


STDY Standardization

                                Posterior  One-Tailed         95% C.I.
                    Estimate       S.D.      P-Value   Lower 2.5%  Upper 2.5%  Significance

Within-Level Standardized Estimates Averaged Over Clusters

 SPA_PR | PER_REFL ON
    PA&1               0.013       0.001      0.000       0.010       0.015      *

 SNA_PR | PER_REFL ON
    NA&1               0.009       0.002      0.000       0.005       0.013      *

 PA         ON
    PA&1               0.000       0.000      1.000       0.000       0.000

 NA         ON
    NA&1               0.000       0.000      1.000       0.000       0.000

 PER_REFL WITH
    PA                 0.000       0.000      1.000       0.000       0.000
    NA                 0.000       0.000      1.000       0.000       0.000

 NA       WITH
    PA                -0.449       0.009      0.000      -0.466      -0.431      *

 Residual Variances
    PER_REFL           0.926       0.009      0.000       0.908       0.942      *
    PA                 1.000       0.000      0.000       1.000       1.000
    NA                 1.000       0.000      0.000       1.000       1.000

Between Level

 SPA_PR     ON
    ANHEDONIA         -0.025       0.013      0.035      -0.047       0.002
    BDI_SUM            0.002       0.021      0.447      -0.036       0.044

 SNA_PR     ON
    ANHEDONIA         -0.016       0.017      0.165      -0.049       0.017
    BDI_SUM           -0.011       0.026      0.318      -0.061       0.041

 PER_REFL   ON
    ANHEDONIA         -0.006       0.009      0.265      -0.024       0.013
    BDI_SUM           -0.012       0.015      0.208      -0.040       0.016

 Means
    PA                 3.892       0.244      0.000       3.423       4.392      *
    NA                 1.633       0.125      0.000       1.391       1.877      *

 Intercepts
    PER_REFL           1.869       0.136      0.000       1.608       2.142      *
    SPA_PR             0.878       0.151      0.000       0.616       1.209      *
    SNA_PR             0.563       0.182      0.000       0.269       1.005      *

 Variances
    PA                 1.000       0.000      0.000       1.000       1.000
    NA                 1.000       0.000      0.000       1.000       1.000

 Residual Variances
    PER_REFL           0.992       0.009      0.000       0.965       1.000      *
    SPA_PR             0.969       0.027      0.000       0.897       0.998      *
    SNA_PR             0.975       0.031      0.000       0.882       0.999      *


STD Standardization

                                Posterior  One-Tailed         95% C.I.
                    Estimate       S.D.      P-Value   Lower 2.5%  Upper 2.5%  Significance

Within-Level Standardized Estimates Averaged Over Clusters

 SPA_PR | PER_REFL ON
    PA&1               0.246       0.025      0.000       0.196       0.292      *

 SNA_PR | PER_REFL ON
    NA&1               0.165       0.039      0.000       0.091       0.244      *

 PA         ON
    PA&1               0.000       0.000      1.000       0.000       0.000

 NA         ON
    NA&1               0.000       0.000      1.000       0.000       0.000

 PER_REFL WITH
    PA                 0.000       0.000      1.000       0.000       0.000
    NA                 0.000       0.000      1.000       0.000       0.000

 NA       WITH
    PA               -55.393       1.548      0.000     -58.450     -52.430      *

 Residual Variances
    PER_REFL         324.863       5.957      0.000     313.397     336.537      *
    PA               170.368       2.707      0.000     165.122     175.926      *
    NA                89.391       1.447      0.000      86.538      92.200      *

Between Level

 SPA_PR     ON
    ANHEDONIA         -0.025       0.013      0.035      -0.047       0.002
    BDI_SUM            0.002       0.021      0.447      -0.036       0.044

 SNA_PR     ON
    ANHEDONIA         -0.016       0.017      0.165      -0.049       0.017
    BDI_SUM           -0.011       0.026      0.318      -0.061       0.041

 PER_REFL   ON
    ANHEDONIA         -0.086       0.142      0.265      -0.362       0.193
    BDI_SUM           -0.185       0.222      0.208      -0.619       0.251

 Means
    PA                45.624       0.937      0.000      43.862      47.518      *
    NA                14.803       0.729      0.000      13.392      16.238      *

 Intercepts
    PER_REFL          28.197       1.219      0.000      25.882      30.655      *
    SPA_PR             0.878       0.151      0.000       0.616       1.209      *
    SNA_PR             0.563       0.182      0.000       0.269       1.005      *

 Variances
    PA               137.553      16.609      0.000     109.657     176.481      *
    NA                82.247       9.927      0.000      65.616     105.234      *

 Residual Variances
    PER_REFL         225.690      27.431      0.000     180.490     285.364      *
    SPA_PR             0.969       0.027      0.000       0.897       0.998      *
    SNA_PR             0.975       0.031      0.000       0.882       0.999      *


R-SQUARE

Within-Level R-Square Averaged Across Clusters

                                Posterior  One-Tailed         95% C.I.
    Variable        Estimate       S.D.      P-Value   Lower 2.5%  Upper 2.5%

    PER_REFL           0.074       0.009      0.000       0.058       0.092
    PA                 0.000       0.000      1.000       0.000       0.000
    NA                 0.000       0.000      1.000       0.000       0.000

Between Level

                                Posterior  One-Tailed         95% C.I.
    Variable        Estimate       S.D.      P-Value   Lower 2.5%  Upper 2.5%

    PER_REFL           0.008       0.009      0.000       0.000       0.035

                                Posterior  One-Tailed         95% C.I.
    Variable        Estimate       S.D.      P-Value   Lower 2.5%  Upper 2.5%

    SPA_PR             0.031       0.027      0.000       0.002       0.103
    SNA_PR             0.025       0.031      0.000       0.001       0.118


CREDIBILITY INTERVALS OF MODEL RESULTS

                  Lower .5%  Lower 2.5%    Lower 5%    Estimate    Upper 5%  Upper 2.5%   Upper .5%

Within Level

 PA       ON
    PA&1             0.000       0.000       0.000       0.000       0.000       0.000       0.000

 NA       ON
    NA&1             0.000       0.000       0.000       0.000       0.000       0.000       0.000

 PER_REFL WITH
    PA               0.000       0.000       0.000       0.000       0.000       0.000       0.000
    NA               0.000       0.000       0.000       0.000       0.000       0.000       0.000

 NA       WITH
    PA             -59.423     -58.487     -57.978     -55.341     -52.863     -52.382     -51.415

 Residual Variances
    PER_REFL       310.788     313.600     315.327     325.223     335.123     336.640     340.108
    PA             163.848     165.223     165.947     170.257     174.942     175.891     177.482
    NA              85.613      86.627      86.975      89.369      91.746      92.199      93.063

Between Level

 SPA_PR   ON
    ANHEDONIA       -0.015      -0.013      -0.012      -0.007      -0.001       0.001       0.003
    BDI_SUM         -0.014      -0.010      -0.009       0.001       0.011       0.013       0.016

 SNA_PR   ON
    ANHEDONIA       -0.017      -0.014      -0.013      -0.005       0.003       0.005       0.007
    BDI_SUM         -0.023      -0.019      -0.016      -0.003       0.009       0.012       0.017

 PER_REFL ON
    ANHEDONIA       -0.477      -0.362      -0.313      -0.086       0.154       0.193       0.292
    BDI_SUM         -0.763      -0.619      -0.536      -0.185       0.183       0.251       0.429

 Means
    PA              43.203      43.862      44.141      45.624      47.255      47.518      48.063
    NA              12.939      13.392      13.624      14.803      16.022      16.238      16.662

 Intercepts
    PER_REFL        25.085      25.882      26.269      28.197      30.227      30.655      31.341
    SPA_PR           0.157       0.181       0.191       0.245       0.297       0.309       0.332
    SNA_PR           0.057       0.081       0.093       0.163       0.240       0.254       0.286

 Variances
    PA             103.447     109.657     113.801     137.553     168.148     176.481     190.161
    NA              61.889      65.616      67.837      82.247     100.557     105.234     112.674

 Residual Variances
    PER_REFL       166.497     180.490     187.269     225.690     275.131     285.364     318.561
    SPA_PR           0.042       0.048       0.052       0.075       0.103       0.110       0.126
    SNA_PR           0.018       0.029       0.037       0.083       0.153       0.167       0.197


CREDIBILITY INTERVALS OF STANDARDIZED MODEL RESULTS


STDYX Standardization

                  Lower .5%  Lower 2.5%    Lower 5%    Estimate    Upper 5%  Upper 2.5%   Upper .5%

Within Level

 PA       ON
    PA&1             0.000       0.000       0.000       0.000       0.000       0.000       0.000

 NA       ON
    NA&1             0.000       0.000       0.000       0.000       0.000       0.000       0.000

 PER_REFL WITH
    PA               0.000       0.000       0.000       0.000       0.000       0.000       0.000
    NA               0.000       0.000       0.000       0.000       0.000       0.000       0.000

 NA       WITH
    PA               0.000      -0.466       0.000      -0.449       0.000      -0.431       0.000

 Residual Variances
    PER_REFL         0.000       0.908       0.000       0.926       0.000       0.942       0.000
    PA               0.000       1.000       0.000       1.000       0.000       1.000       0.000
    NA               0.000       1.000       0.000       1.000       0.000       1.000       0.000

Between Level

 SPA_PR   ON
    ANHEDONIA       -0.355      -0.297      -0.277      -0.156      -0.016       0.012       0.072
    BDI_SUM         -0.188      -0.143      -0.122       0.010       0.151       0.174       0.228

 SNA_PR   ON
    ANHEDONIA       -0.386      -0.311      -0.279      -0.102       0.074       0.109       0.164
    BDI_SUM         -0.298      -0.244      -0.209      -0.045       0.130       0.163       0.252

 PER_REFL ON
    ANHEDONIA       -0.196      -0.150      -0.129      -0.036       0.063       0.081       0.125
    BDI_SUM         -0.198      -0.159      -0.141      -0.049       0.048       0.066       0.113

 Means
    PA               3.242       3.423       3.499       3.892       4.307       4.392       4.559
    NA               1.304       1.391       1.435       1.633       1.840       1.877       1.950

 Intercepts
    PER_REFL         1.532       1.608       1.647       1.869       2.098       2.142       2.233
    SPA_PR           0.535       0.616       0.651       0.878       1.145       1.209       1.316
    SNA_PR           0.182       0.269       0.302       0.563       0.906       1.005       1.121

 Variances
    PA               1.000       1.000       1.000       1.000       1.000       1.000       1.000
    NA               1.000       1.000       1.000       1.000       1.000       1.000       1.000

 Residual Variances
    PER_REFL         0.951       0.965       0.972       0.992       0.999       1.000       1.000
    SPA_PR           0.868       0.897       0.911       0.969       0.996       0.998       1.000
    SNA_PR           0.832       0.882       0.901       0.975       0.998       0.999       1.000


STDY Standardization

                  Lower .5%  Lower 2.5%    Lower 5%    Estimate    Upper 5%  Upper 2.5%   Upper .5%

Within Level

 PA       ON
    PA&1             0.000       0.000       0.000       0.000       0.000       0.000       0.000

 NA       ON
    NA&1             0.000       0.000       0.000       0.000       0.000       0.000       0.000

 PER_REFL WITH
    PA               0.000       0.000       0.000       0.000       0.000       0.000       0.000
    NA               0.000       0.000       0.000       0.000       0.000       0.000       0.000

 NA       WITH
    PA               0.000      -0.466       0.000      -0.449       0.000      -0.431       0.000

 Residual Variances
    PER_REFL         0.000       0.908       0.000       0.926       0.000       0.942       0.000
    PA               0.000       1.000       0.000       1.000       0.000       1.000       0.000
    NA               0.000       1.000       0.000       1.000       0.000       1.000       0.000

Between Level

 SPA_PR   ON
    ANHEDONIA       -0.056      -0.047      -0.044      -0.025      -0.002       0.002       0.011
    BDI_SUM         -0.047      -0.036      -0.031       0.002       0.038       0.044       0.057

 SNA_PR   ON
    ANHEDONIA       -0.061      -0.049      -0.044      -0.016       0.012       0.017       0.026
    BDI_SUM         -0.075      -0.061      -0.052      -0.011       0.033       0.041       0.063

 PER_REFL ON
    ANHEDONIA       -0.031      -0.024      -0.020      -0.006       0.010       0.013       0.020
    BDI_SUM         -0.050      -0.040      -0.035      -0.012       0.012       0.016       0.028

 Means
    PA               3.242       3.423       3.499       3.892       4.307       4.392       4.559
    NA               1.304       1.391       1.435       1.633       1.840       1.877       1.950

 Intercepts
    PER_REFL         1.532       1.608       1.647       1.869       2.098       2.142       2.233
    SPA_PR           0.535       0.616       0.651       0.878       1.145       1.209       1.316
    SNA_PR           0.182       0.269       0.302       0.563       0.906       1.005       1.121

 Variances
    PA               1.000       1.000       1.000       1.000       1.000       1.000       1.000
    NA               1.000       1.000       1.000       1.000       1.000       1.000       1.000

 Residual Variances
    PER_REFL         0.951       0.965       0.972       0.992       0.999       1.000       1.000
    SPA_PR           0.868       0.897       0.911       0.969       0.996       0.998       1.000
    SNA_PR           0.832       0.882       0.901       0.975       0.998       0.999       1.000


STD Standardization

                  Lower .5%  Lower 2.5%    Lower 5%    Estimate    Upper 5%  Upper 2.5%   Upper .5%

Within Level

 PA       ON
    PA&1             0.000       0.000       0.000       0.000       0.000       0.000       0.000

 NA       ON
    NA&1             0.000       0.000       0.000       0.000       0.000       0.000       0.000

 PER_REFL WITH
    PA               0.000       0.000       0.000       0.000       0.000       0.000       0.000
    NA               0.000       0.000       0.000       0.000       0.000       0.000       0.000

 NA       WITH
    PA               0.000     -58.450       0.000     -55.393       0.000     -52.430       0.000

 Residual Variances
    PER_REFL         0.000     313.397       0.000     324.863       0.000     336.537       0.000
    PA               0.000     165.122       0.000     170.368       0.000     175.926       0.000
    NA               0.000      86.538       0.000      89.391       0.000      92.200       0.000

Between Level

 SPA_PR   ON
    ANHEDONIA       -0.056      -0.047      -0.044      -0.025      -0.002       0.002       0.011
    BDI_SUM         -0.047      -0.036      -0.031       0.002       0.038       0.044       0.057

 SNA_PR   ON
    ANHEDONIA       -0.061      -0.049      -0.044      -0.016       0.012       0.017       0.026
    BDI_SUM         -0.075      -0.061      -0.052      -0.011       0.033       0.041       0.063

 PER_REFL ON
    ANHEDONIA       -0.477      -0.362      -0.313      -0.086       0.154       0.193       0.292
    BDI_SUM         -0.763      -0.619      -0.536      -0.185       0.183       0.251       0.429

 Means
    PA              43.203      43.862      44.141      45.624      47.255      47.518      48.063
    NA              12.939      13.392      13.624      14.803      16.022      16.238      16.662

 Intercepts
    PER_REFL        25.085      25.882      26.269      28.197      30.227      30.655      31.341
    SPA_PR           0.535       0.616       0.651       0.878       1.145       1.209       1.316
    SNA_PR           0.182       0.269       0.302       0.563       0.906       1.005       1.121

 Variances
    PA             103.447     109.657     113.801     137.553     168.148     176.481     190.161
    NA              61.889      65.616      67.837      82.247     100.557     105.234     112.674

 Residual Variances
    PER_REFL       166.497     180.490     187.269     225.690     275.131     285.364     318.561
    SPA_PR           0.868       0.897       0.911       0.969       0.996       0.998       1.000
    SNA_PR           0.832       0.882       0.901       0.975       0.998       0.999       1.000


TECHNICAL 1 OUTPUT


     PARAMETER SPECIFICATION FOR WITHIN


           NU
              PER_REFL      PA            NA            PA&1          NA&1
              ________      ________      ________      ________      ________
                    0             0             0             0             0


           LAMBDA
              PER_REFL      PA            NA            PA&1          NA&1
              ________      ________      ________      ________      ________
 PER_REFL           0             0             0             0             0
 PA                 0             0             0             0             0
 NA                 0             0             0             0             0
 PA&1               0             0             0             0             0
 NA&1               0             0             0             0             0


           THETA
              PER_REFL      PA            NA            PA&1          NA&1
              ________      ________      ________      ________      ________
 PER_REFL           0
 PA                 0             0
 NA                 0             0             0
 PA&1               0             0             0             0
 NA&1               0             0             0             0             0


           ALPHA
              PER_REFL      PA            NA            PA&1          NA&1
              ________      ________      ________      ________      ________
                    0             0             0             0             0


           BETA
              PER_REFL      PA            NA            PA&1          NA&1
              ________      ________      ________      ________      ________
 PER_REFL           0             0             0             0             0
 PA                 0             0             0             0             0
 NA                 0             0             0             0             0
 PA&1               0             0             0             0             0
 NA&1               0             0             0             0             0


           PSI
              PER_REFL      PA            NA            PA&1          NA&1
              ________      ________      ________      ________      ________
 PER_REFL           1
 PA                 0             2
 NA                 0             3             4
 PA&1               0             0             0             0
 NA&1               0             0             0             0             0


     PARAMETER SPECIFICATION FOR BETWEEN


           NU
              PER_REFL      PA            NA            ANHEDONI      BDI_SUM
              ________      ________      ________      ________      ________
                    0             0             0             0             0


           LAMBDA
              SPA_PR        SNA_PR        PER_REFL      PA            NA
              ________      ________      ________      ________      ________
 PER_REFL           0             0             0             0             0
 PA                 0             0             0             0             0
 NA                 0             0             0             0             0
 ANHEDONI           0             0             0             0             0
 BDI_SUM            0             0             0             0             0


           LAMBDA
              ANHEDONI      BDI_SUM
              ________      ________
 PER_REFL           0             0
 PA                 0             0
 NA                 0             0
 ANHEDONI           0             0
 BDI_SUM            0             0


           THETA
              PER_REFL      PA            NA            ANHEDONI      BDI_SUM
              ________      ________      ________      ________      ________
 PER_REFL           0
 PA                 0             0
 NA                 0             0             0
 ANHEDONI           0             0             0             0
 BDI_SUM            0             0             0             0             0


           ALPHA
              SPA_PR        SNA_PR        PER_REFL      PA            NA
              ________      ________      ________      ________      ________
                    5             6             7             8             9


           ALPHA
              ANHEDONI      BDI_SUM
              ________      ________
                    0             0


           BETA
              SPA_PR        SNA_PR        PER_REFL      PA            NA
              ________      ________      ________      ________      ________
 SPA_PR             0             0             0             0             0
 SNA_PR             0             0             0             0             0
 PER_REFL           0             0             0             0             0
 PA                 0             0             0             0             0
 NA                 0             0             0             0             0
 ANHEDONI           0             0             0             0             0
 BDI_SUM            0             0             0             0             0


           BETA
              ANHEDONI      BDI_SUM
              ________      ________
 SPA_PR            10            11
 SNA_PR            12            13
 PER_REFL          14            15
 PA                 0             0
 NA                 0             0
 ANHEDONI           0             0
 BDI_SUM            0             0


           PSI
              SPA_PR        SNA_PR        PER_REFL      PA            NA
              ________      ________      ________      ________      ________
 SPA_PR            16
 SNA_PR             0            17
 PER_REFL           0             0            18
 PA                 0             0             0            19
 NA                 0             0             0             0            20
 ANHEDONI           0             0             0             0             0
 BDI_SUM            0             0             0             0             0


           PSI
              ANHEDONI      BDI_SUM
              ________      ________
 ANHEDONI           0
 BDI_SUM            0             0


     STARTING VALUES FOR WITHIN


           NU
              PER_REFL      PA            NA            PA&1          NA&1
              ________      ________      ________      ________      ________
                0.000         0.000         0.000         0.000         0.000


           LAMBDA
              PER_REFL      PA            NA            PA&1          NA&1
              ________      ________      ________      ________      ________
 PER_REFL       1.000         0.000         0.000         0.000         0.000
 PA             0.000         1.000         0.000         0.000         0.000
 NA             0.000         0.000         1.000         0.000         0.000
 PA&1           0.000         0.000         0.000         1.000         0.000
 NA&1           0.000         0.000         0.000         0.000         1.000


           THETA
              PER_REFL      PA            NA            PA&1          NA&1
              ________      ________      ________      ________      ________
 PER_REFL       0.000
 PA             0.000         0.000
 NA             0.000         0.000         0.000
 PA&1           0.000         0.000         0.000         0.000
 NA&1           0.000         0.000         0.000         0.000         0.000


           ALPHA
              PER_REFL      PA            NA            PA&1          NA&1
              ________      ________      ________      ________      ________
                0.000         0.000         0.000         0.000         0.000


           BETA
              PER_REFL      PA            NA            PA&1          NA&1
              ________      ________      ________      ________      ________
 PER_REFL       0.000         0.000         0.000         0.000         0.000
 PA             0.000         0.000         0.000         0.000         0.000
 NA             0.000         0.000         0.000         0.000         0.000
 PA&1           0.000         0.000         0.000         0.000         0.000
 NA&1           0.000         0.000         0.000         0.000         0.000


           PSI
              PER_REFL      PA            NA            PA&1          NA&1
              ________      ________      ________      ________      ________
 PER_REFL     285.094
 PA             0.000       151.006
 NA             0.000         0.000        83.136
 PA&1           0.000         0.000         0.000       151.126
 NA&1           0.000         0.000         0.000         0.000        83.005


     STARTING VALUES FOR BETWEEN


           NU
              PER_REFL      PA            NA            ANHEDONI      BDI_SUM
              ________      ________      ________      ________      ________
                0.000         0.000         0.000         0.000         0.000


           LAMBDA
              SPA_PR        SNA_PR        PER_REFL      PA            NA
              ________      ________      ________      ________      ________
 PER_REFL       0.000         0.000         1.000         0.000         0.000
 PA             0.000         0.000         0.000         1.000         0.000
 NA             0.000         0.000         0.000         0.000         1.000
 ANHEDONI       0.000         0.000         0.000         0.000         0.000
 BDI_SUM        0.000         0.000         0.000         0.000         0.000


           LAMBDA
              ANHEDONI      BDI_SUM
              ________      ________
 PER_REFL       0.000         0.000
 PA             0.000         0.000
 NA             0.000         0.000
 ANHEDONI       1.000         0.000
 BDI_SUM        0.000         1.000


           THETA
              PER_REFL      PA            NA            ANHEDONI      BDI_SUM
              ________      ________      ________      ________      ________
 PER_REFL       0.000
 PA             0.000         0.000
 NA             0.000         0.000         0.000
 ANHEDONI       0.000         0.000         0.000         0.000
 BDI_SUM        0.000         0.000         0.000         0.000         0.000


           ALPHA
              SPA_PR        SNA_PR        PER_REFL      PA            NA
              ________      ________      ________      ________      ________
                0.000         0.000        28.217        45.572        14.664


           ALPHA
              ANHEDONI      BDI_SUM
              ________      ________
                0.000         0.000


           BETA
              SPA_PR        SNA_PR        PER_REFL      PA            NA
              ________      ________      ________      ________      ________
 SPA_PR         0.000         0.000         0.000         0.000         0.000
 SNA_PR         0.000         0.000         0.000         0.000         0.000
 PER_REFL       0.000         0.000         0.000         0.000         0.000
 PA             0.000         0.000         0.000         0.000         0.000
 NA             0.000         0.000         0.000         0.000         0.000
 ANHEDONI       0.000         0.000         0.000         0.000         0.000
 BDI_SUM        0.000         0.000         0.000         0.000         0.000


           BETA
              ANHEDONI      BDI_SUM
              ________      ________
 SPA_PR         0.000         0.000
 SNA_PR         0.000         0.000
 PER_REFL       0.000         0.000
 PA             0.000         0.000
 NA             0.000         0.000
 ANHEDONI       0.000         0.000
 BDI_SUM        0.000         0.000


           PSI
              SPA_PR        SNA_PR        PER_REFL      PA            NA
              ________      ________      ________      ________      ________
 SPA_PR         1.000
 SNA_PR         0.000         1.000
 PER_REFL       0.000         0.000       285.094
 PA             0.000         0.000         0.000       151.006
 NA             0.000         0.000         0.000         0.000        83.136
 ANHEDONI       0.000         0.000         0.000         0.000         0.000
 BDI_SUM        0.000         0.000         0.000         0.000         0.000


           PSI
              ANHEDONI      BDI_SUM
              ________      ________
 ANHEDONI      40.163
 BDI_SUM        0.000        15.903



     PRIORS FOR ALL PARAMETERS            PRIOR MEAN      PRIOR VARIANCE     PRIOR STD. DEV.

     Parameter 1~IG(-1.000,0.000)          infinity            infinity            infinity
     Parameter 2~IW(0.000,-3)              infinity            infinity            infinity
     Parameter 3~IW(0.000,-3)              infinity            infinity            infinity
     Parameter 4~IW(0.000,-3)              infinity            infinity            infinity
     Parameter 5~N(0.000,infinity)           0.0000            infinity            infinity
     Parameter 6~N(0.000,infinity)           0.0000            infinity            infinity
     Parameter 7~N(0.000,infinity)           0.0000            infinity            infinity
     Parameter 8~N(0.000,infinity)           0.0000            infinity            infinity
     Parameter 9~N(0.000,infinity)           0.0000            infinity            infinity
     Parameter 10~N(0.000,infinity)          0.0000            infinity            infinity
     Parameter 11~N(0.000,infinity)          0.0000            infinity            infinity
     Parameter 12~N(0.000,infinity)          0.0000            infinity            infinity
     Parameter 13~N(0.000,infinity)          0.0000            infinity            infinity
     Parameter 14~N(0.000,infinity)          0.0000            infinity            infinity
     Parameter 15~N(0.000,infinity)          0.0000            infinity            infinity
     Parameter 16~IG(-1.000,0.000)         infinity            infinity            infinity
     Parameter 17~IG(-1.000,0.000)         infinity            infinity            infinity
     Parameter 18~IG(-1.000,0.000)         infinity            infinity            infinity
     Parameter 19~IG(-1.000,0.000)         infinity            infinity            infinity
     Parameter 20~IG(-1.000,0.000)         infinity            infinity            infinity


TECHNICAL 8 OUTPUT


   TECHNICAL 8 OUTPUT FOR BAYES ESTIMATION

     PROCESSOR    BSEED
     1            0
     2            285380
     3            253358
     4            93468
     5            608496
     6            903420
     7            195873
     8            462953
     9            939021
     10           127215
     11           415931
     12           533738
     13           107446
     14           399671
     15           650371
     16           27071

                     POTENTIAL       PARAMETER WITH
     ITERATION    SCALE REDUCTION      HIGHEST PSR
     100              1.185               16
     200              2.101               17
     300              1.124               17
     400              1.025               6
     500              1.012               17
     600              1.039               6
     700              1.098               17
     800              1.110               17
     900              1.088               17
     1000             1.099               17
     1100             1.081               17
     1200             1.017               17
     1300             1.005               13
     1400             1.010               16
     1500             1.009               16
     1600             1.026               1
     1700             1.026               1
     1800             1.027               1
     1900             1.030               1
     2000             1.029               17
     2100             1.026               1
     2200             1.018               1
     2300             1.009               1
     2400             1.013               1
     2500             1.012               1
     2600             1.009               1
     2700             1.008               1


PLOT INFORMATION

The following plots are available:

  Histograms (sample values)
  Scatterplots (sample values)
  Between-level histograms (sample values, sample means/variances)
  Between-level scatterplots (sample values, sample means/variances)
  Time series plots (sample values, ACF, PACF)
  Histogram of subjects per time point
  Time interval plots
  Bayesian posterior parameter distributions
  Bayesian posterior parameter trace plots
  Bayesian autocorrelation plots

     Beginning Time:  01:02:43
        Ending Time:  01:04:18
       Elapsed Time:  00:01:35



MUTHEN & MUTHEN
3463 Stoner Ave.
Los Angeles, CA  90066

Tel: (310) 391-9971
Fax: (310) 391-8971
Web: www.StatModel.com
Support: Support@StatModel.com

Copyright (c) 1998-2022 Muthen & Muthen
