Mplus VERSION 8.8
MUTHEN & MUTHEN
07/13/2023  11:33 PM

INPUT INSTRUCTIONS


  DATA:
  FILE IS data8.dat;

  VARIABLE:   NAMES =
  	    Eth_ID Time Time_between Time_inc
  	    PA_enth NA_irri NA_verv PA_tevr PA_ener
       	    PA_kalm NA_nerv PA_daadk NA_verdr
  	    PA_vrol NA_boos PA_dankb NA_somb PER_att
      	    PER_refl PER_self PER_expr PER_damp
  	    PER_codamp PER_capit Sample age_yr gesl BDI
      	    Measures_valid BDI_anh Anhedonia
   	    BDI_sum PA NA day compliance;

              USEVARIABLES are PER_damp PA NA Anhedonia;
              MISSING is .;
              within = PER_damp;
              between = Anhedonia;
              cluster = Eth_ID;
              lagged= PA NA(1);
              tinterval=Time_inc (150);

  DEFINE:     CENTER Anhedonia (grandmean);

  ANALYSIS:   type = twolevel random;
              estimator = Bayes;
              biterations=(2000);
              bconvergence=0.005;
              thin=2;
              PROCESSORS=16;
  MODEL:
  %WITHIN%
  sPR_PA | PA on PER_damp;
  sPR_NA | NA on PER_damp;
  sPA_PA | PA on PA&1;
  sNA_NA | NA on NA&1;
  [PER_damp];


  %between%
  sPR_PA sPR_NA on Anhedonia;
  PA NA on Anhedonia;


  OUTPUT: standardized tech1 tech8 cinterval patterns;
  PLOT: TYPE = PLOT3;



*** WARNING in VARIABLE command
  Note that only the first 8 characters of variable names are used in the output.
  Shorten variable names to avoid any confusion.
*** WARNING in PLOT command
  Note that only the first 8 characters of variable names are used in plots.
  If variable names are not unique within the first 8 characters, problems
  may occur.
*** WARNING
  One or more individual-level variables have no variation within a
  cluster for the following clusters.

     Variable   Cluster IDs with no within-cluster variation

      PER_DAMP    82 71 165 148 127 177 180

*** WARNING
  Data set contains cases with missing on all variables.  Cases that appeared before the first
  case with observed data and that appeared after the last case with observed data were not
  included in the analysis.  Number of deleted cases:  676
   4 WARNING(S) FOUND IN THE INPUT INSTRUCTIONS




SUMMARY OF ANALYSIS

Number of groups                                                 1
Number of observations                                       19915

Number of dependent variables                                    2
Number of independent variables                                  4
Number of continuous latent variables                            4

Observed dependent variables

  Continuous
   PA          NA

Observed independent variables
   PER_DAMP    ANHEDONI    PA&1        NA&1

Continuous latent variables
   SPR_PA      SPR_NA      SPA_PA      SNA_NA

Variables with special functions

  Cluster variable      ETH_ID

  Within variables
   PER_DAMP    PA&1        NA&1

  Between variables
   ANHEDONI

  Centering (GRANDMEAN)
   ANHEDONI


Estimator                                                    BAYES
Specifications for Bayesian Estimation
  Point estimate                                            MEDIAN
  Number of Markov chain Monte Carlo (MCMC) chains               2
  Random seed for the first chain                                0
  Starting value information                           UNPERTURBED
  Algorithm used for Markov chain Monte Carlo           GIBBS(PX1)
  Convergence criterion                                  0.500D-02
  Maximum number of iterations                               50000
  K-th iteration used for thinning                               2

Input data file(s)
  data8.dat
Input data format  FREE


SUMMARY OF DATA

     Number of clusters                        157

       Size (s)    Cluster ID with Size s

         56        28
         80        82
         84        87
         88        72
         97        34
        101        10
        105        52
        108        119
        111        36
        113        182
        115        89 131
        116        75 77 15
        117        11
        118        195 16 49 66 57
        119        197 106 48 149 50 92 38 186 163 71
        120        55 165 168 7 61 192 108 148 98
        122        174
        123        127
        124        51 117 103 161
        125        73 53 13 54 40 44 88 30 68 93 100 105 123 112
        126        76 107 172 173 120 102 109 111 80 65
        127        147 70 177 62 139 86 118 115 25 46 67 178 110 104 193
                   126 32 198 133
        128        43 153 96 59 156 18 180 5
        129        144 146 185 135 190 39 116 187 141 137 3 69
        130        14 166 138 97
        133        191
        134        2
        135        60 194 201 63 183 200
        136        26 56
        137        42 95 22 4 9 19
        138        132 94 29
        139        45 79 145 84 74 21 35 37 114
        142        27
        143        179
        144        171 24 170
        145        162 1 124 20
        146        6 151 167
        147        142 31
        148        176 159



SUMMARY OF MISSING DATA PATTERNS

     Number of missing data patterns            12


     MISSING DATA PATTERNS (x = not missing)

           1  2  3  4  5  6  7  8  9 10 11 12
 PER_DAMP  x  x              x     x     x
 PA        x  x        x  x     x  x     x  x
 NA        x  x        x  x        x  x  x
 PA&1      x     x        x  x     x        x
 NA&1      x     x        x  x           x  x
 ANHEDONI  x  x  x  x  x  x  x  x  x  x  x  x


     MISSING DATA PATTERN FREQUENCIES

    Pattern   Frequency     Pattern   Frequency     Pattern   Frequency
          1        4870           5          59           9           5
          2        3182           6          56          10           1
          3        3087           7           3          11           1
          4        8646           8           4          12           1


COVARIANCE COVERAGE OF DATA

Minimum covariance coverage value   0.100


     PROPORTION OF DATA PRESENT


           Covariance Coverage
              PER_DAMP      PA            NA            ANHEDONI
              ________      ________      ________      ________
 PER_DAMP       0.405
 PA             0.405         0.411
 NA             0.405         0.410         0.410
 ANHEDONI       0.405         0.411         0.410         1.000



UNIVARIATE SAMPLE STATISTICS


     UNIVARIATE HIGHER-ORDER MOMENT DESCRIPTIVE STATISTICS

         Variable/         Mean/     Skewness/   Minimum/ % with                Percentiles
        Sample Size      Variance    Kurtosis    Maximum  Min/Max      20%/60%    40%/80%    Median

     PER_DAMP             11.544       2.118       0.000   22.85%       0.000      5.000      7.000
            8061.000     222.289       4.537      91.000    0.01%       9.000     17.000
     PA                   45.533      -0.008       0.000    0.29%      30.714     41.571     46.000
            8178.000     301.859      -0.209     100.000    0.07%      50.286     60.286
     NA                   14.956       1.415       0.000    7.30%       5.000      9.167     11.500
            8174.000     165.089       2.007      80.667    0.01%      14.333     22.833
     ANHEDONIA             0.000       0.640     -18.384    0.64%      -7.334     -2.928     -0.938
             157.000      78.868       0.647      29.962    0.64%       1.230      6.114


THE MODEL ESTIMATION TERMINATED NORMALLY

     USE THE FBITERATIONS OPTION TO INCREASE THE NUMBER OF ITERATIONS BY A FACTOR
     OF AT LEAST TWO TO CHECK CONVERGENCE AND THAT THE PSR VALUE DOES NOT INCREASE.



MODEL FIT INFORMATION

Number of Free Parameters                              22

Information Criteria

          Deviance (DIC)                       487381.299
          Estimated Number of Parameters (pD)   32917.112



MODEL RESULTS

                                Posterior  One-Tailed         95% C.I.
                    Estimate       S.D.      P-Value   Lower 2.5%  Upper 2.5%  Significance

Within Level

 NA       WITH
    PA               -47.588       1.274      0.000     -50.066     -44.970      *

 Means
    PER_DAMP          11.543       0.170      0.000      11.188      11.859      *

 Variances
    PER_DAMP         223.418       3.422      0.000     216.669     230.130      *

 Residual Variances
    PA               134.398       2.225      0.000     129.914     138.822      *
    NA                71.376       1.215      0.000      68.941      73.725      *

Between Level

 SPR_PA     ON
    ANHEDONIA          0.005       0.002      0.008       0.001       0.009      *

 SPR_NA     ON
    ANHEDONIA         -0.004       0.002      0.022      -0.008       0.000      *

 PA         ON
    ANHEDONIA         -0.546       0.113      0.000      -0.769      -0.328      *

 NA         ON
    ANHEDONIA          0.250       0.066      0.000       0.124       0.381      *

 NA       WITH
    PA               -14.803       7.404      0.014     -30.360      -1.393      *

 Means
    SPA_PA             0.354       0.018      0.000       0.316       0.389      *
    SNA_NA             0.287       0.017      0.000       0.252       0.320      *

 Intercepts
    PA                47.224       1.005      0.000      45.162      49.133      *
    NA                11.042       0.582      0.000       9.890      12.180      *
    SPR_PA            -0.103       0.022      0.000      -0.148      -0.061      *
    SPR_NA             0.225       0.018      0.000       0.191       0.260      *

 Variances
    SPA_PA             0.029       0.005      0.000       0.021       0.041      *
    SNA_NA             0.027       0.005      0.000       0.019       0.038      *

 Residual Variances
    PA               137.991      17.446      0.000     108.118     176.925      *
    NA                47.049       6.338      0.000      37.058      62.437      *
    SPR_PA             0.024       0.006      0.000       0.015       0.038      *
    SPR_NA             0.026       0.006      0.000       0.018       0.040      *


STANDARDIZED MODEL RESULTS


STDYX Standardization

                                Posterior  One-Tailed         95% C.I.
                    Estimate       S.D.      P-Value   Lower 2.5%  Upper 2.5%  Significance

Within-Level Standardized Estimates Averaged Over Clusters

 SPR_PA | PA ON
    PER_DAMP          -0.114       0.020      0.000      -0.154      -0.077      *

 SPA_PA | PA ON
    PA&1               0.354       0.012      0.000       0.328       0.377      *

 SPR_NA | NA ON
    PER_DAMP           0.319       0.016      0.000       0.286       0.348      *

 SNA_NA | NA ON
    NA&1               0.287       0.012      0.000       0.265       0.310      *

 NA       WITH
    PA                -0.486       0.009      0.000      -0.504      -0.468      *

 Means
    PER_DAMP           0.772       0.013      0.000       0.746       0.796      *

 Variances
    PER_DAMP           1.000       0.000      0.000       1.000       1.000

 Residual Variances
    PA                 0.802       0.010      0.000       0.781       0.821      *
    NA                 0.744       0.011      0.000       0.722       0.766      *

Between Level

 SPR_PA     ON
    ANHEDONIA          0.205       0.085      0.008       0.039       0.362      *

 SPR_NA     ON
    ANHEDONIA         -0.149       0.078      0.022      -0.314      -0.006      *

 PA         ON
    ANHEDONIA         -0.285       0.057      0.000      -0.390      -0.169      *

 NA         ON
    ANHEDONIA          0.225       0.057      0.000       0.110       0.330      *

 NA       WITH
    PA                -0.183       0.085      0.014      -0.357      -0.018      *

 Means
    SPA_PA             2.064       0.229      0.000       1.658       2.574      *
    SNA_NA             1.738       0.207      0.000       1.374       2.189      *

 Intercepts
    PA                 3.856       0.244      0.000       3.384       4.349      *
    NA                 1.565       0.125      0.000       1.318       1.815      *
    SPR_PA            -0.649       0.152      0.000      -0.959      -0.371      *
    SPR_NA             1.368       0.164      0.000       1.050       1.697      *

 Variances
    SPA_PA             1.000       0.000      0.000       1.000       1.000
    SNA_NA             1.000       0.000      0.000       1.000       1.000

 Residual Variances
    PA                 0.919       0.032      0.000       0.848       0.971      *
    NA                 0.949       0.025      0.000       0.891       0.988      *
    SPR_PA             0.958       0.035      0.000       0.869       0.998      *
    SPR_NA             0.978       0.026      0.000       0.902       1.000      *


STDY Standardization

                                Posterior  One-Tailed         95% C.I.
                    Estimate       S.D.      P-Value   Lower 2.5%  Upper 2.5%  Significance

Within-Level Standardized Estimates Averaged Over Clusters

 SPR_PA | PA ON
    PER_DAMP          -0.114       0.020      0.000      -0.154      -0.077      *

 SPA_PA | PA ON
    PA&1               0.026       0.001      0.000       0.024       0.028      *

 SPR_NA | NA ON
    PER_DAMP           0.319       0.016      0.000       0.286       0.348      *

 SNA_NA | NA ON
    NA&1               0.028       0.001      0.000       0.026       0.031      *

 NA       WITH
    PA                -0.486       0.009      0.000      -0.504      -0.468      *

 Means
    PER_DAMP           0.772       0.013      0.000       0.746       0.796      *

 Variances
    PER_DAMP           1.000       0.000      0.000       1.000       1.000

 Residual Variances
    PA                 0.802       0.010      0.000       0.781       0.821      *
    NA                 0.744       0.011      0.000       0.722       0.766      *

Between Level

 SPR_PA     ON
    ANHEDONIA          0.032       0.013      0.008       0.006       0.057      *

 SPR_NA     ON
    ANHEDONIA         -0.024       0.012      0.022      -0.050      -0.001      *

 PA         ON
    ANHEDONIA         -0.045       0.009      0.000      -0.062      -0.027      *

 NA         ON
    ANHEDONIA          0.036       0.009      0.000       0.017       0.052      *

 NA       WITH
    PA                -0.183       0.085      0.014      -0.357      -0.018      *

 Means
    SPA_PA             2.064       0.229      0.000       1.658       2.574      *
    SNA_NA             1.738       0.207      0.000       1.374       2.189      *

 Intercepts
    PA                 3.856       0.244      0.000       3.384       4.349      *
    NA                 1.565       0.125      0.000       1.318       1.815      *
    SPR_PA            -0.649       0.152      0.000      -0.959      -0.371      *
    SPR_NA             1.368       0.164      0.000       1.050       1.697      *

 Variances
    SPA_PA             1.000       0.000      0.000       1.000       1.000
    SNA_NA             1.000       0.000      0.000       1.000       1.000

 Residual Variances
    PA                 0.919       0.032      0.000       0.848       0.971      *
    NA                 0.949       0.025      0.000       0.891       0.988      *
    SPR_PA             0.958       0.035      0.000       0.869       0.998      *
    SPR_NA             0.978       0.026      0.000       0.902       1.000      *


STD Standardization

                                Posterior  One-Tailed         95% C.I.
                    Estimate       S.D.      P-Value   Lower 2.5%  Upper 2.5%  Significance

Within-Level Standardized Estimates Averaged Over Clusters

 SPR_PA | PA ON
    PER_DAMP          -0.103       0.018      0.000      -0.139      -0.070      *

 SPA_PA | PA ON
    PA&1               0.354       0.012      0.000       0.328       0.377      *

 SPR_NA | NA ON
    PER_DAMP           0.225       0.012      0.000       0.201       0.248      *

 SNA_NA | NA ON
    NA&1               0.287       0.012      0.000       0.265       0.310      *

 NA       WITH
    PA               -47.609       1.258      0.000     -50.046     -45.051      *

 Means
    PER_DAMP          11.545       0.171      0.000      11.187      11.859      *

 Variances
    PER_DAMP         223.419       3.387      0.000     216.779     229.962      *

 Residual Variances
    PA               134.415       2.218      0.000     129.995     138.881      *
    NA                71.402       1.210      0.000      68.976      73.731      *

Between Level

 SPR_PA     ON
    ANHEDONIA          0.032       0.013      0.008       0.006       0.057      *

 SPR_NA     ON
    ANHEDONIA         -0.024       0.012      0.022      -0.050      -0.001      *

 PA         ON
    ANHEDONIA         -0.546       0.113      0.000      -0.769      -0.328      *

 NA         ON
    ANHEDONIA          0.250       0.066      0.000       0.124       0.381      *

 NA       WITH
    PA               -14.803       7.404      0.014     -30.360      -1.393      *

 Means
    SPA_PA             2.064       0.229      0.000       1.658       2.574      *
    SNA_NA             1.738       0.207      0.000       1.374       2.189      *

 Intercepts
    PA                47.224       1.005      0.000      45.162      49.133      *
    NA                11.042       0.582      0.000       9.890      12.180      *
    SPR_PA            -0.649       0.152      0.000      -0.959      -0.371      *
    SPR_NA             1.368       0.164      0.000       1.050       1.697      *

 Variances
    SPA_PA             1.000       0.000      0.000       1.000       1.000
    SNA_NA             1.000       0.000      0.000       1.000       1.000

 Residual Variances
    PA               137.991      17.446      0.000     108.118     176.925      *
    NA                47.049       6.338      0.000      37.058      62.437      *
    SPR_PA             0.958       0.035      0.000       0.869       0.998      *
    SPR_NA             0.978       0.026      0.000       0.902       1.000      *


R-SQUARE

Within-Level R-Square Averaged Across Clusters

                                Posterior  One-Tailed         95% C.I.
    Variable        Estimate       S.D.      P-Value   Lower 2.5%  Upper 2.5%

    PA                 0.198       0.010      0.000       0.179       0.219
    NA                 0.256       0.011      0.000       0.234       0.278

Between Level

                                Posterior  One-Tailed         95% C.I.
    Variable        Estimate       S.D.      P-Value   Lower 2.5%  Upper 2.5%

    PA                 0.081       0.032      0.000       0.029       0.152
    NA                 0.051       0.025      0.000       0.012       0.109

                                Posterior  One-Tailed         95% C.I.
    Variable        Estimate       S.D.      P-Value   Lower 2.5%  Upper 2.5%

    SPR_PA             0.042       0.035      0.000       0.002       0.131
    SPR_NA             0.022       0.026      0.000       0.000       0.098


CREDIBILITY INTERVALS OF MODEL RESULTS

                  Lower .5%  Lower 2.5%    Lower 5%    Estimate    Upper 5%  Upper 2.5%   Upper .5%

Within Level

 NA       WITH
    PA             -50.890     -50.066     -49.682     -47.588     -45.528     -44.970     -44.270

 Means
    PER_DAMP        11.077      11.188      11.251      11.543      11.803      11.859      11.949

 Variances
    PER_DAMP       215.100     216.669     217.867     223.418     229.115     230.130     231.973

 Residual Variances
    PA             128.897     129.914     130.634     134.398     138.060     138.822     140.056
    NA              67.980      68.941      69.349      71.376      73.307      73.725      74.395

Between Level

 SPR_PA   ON
    ANHEDONIA        0.000       0.001       0.001       0.005       0.009       0.009       0.011

 SPR_NA   ON
    ANHEDONIA       -0.009      -0.008      -0.008      -0.004      -0.001       0.000       0.001

 PA       ON
    ANHEDONIA       -0.834      -0.769      -0.739      -0.546      -0.361      -0.328      -0.243

 NA       ON
    ANHEDONIA        0.084       0.124       0.141       0.250       0.356       0.381       0.416

 NA       WITH
    PA             -36.898     -30.360     -27.891     -14.803      -3.337      -1.393       3.012

 Means
    SPA_PA           0.305       0.316       0.322       0.354       0.384       0.389       0.398
    SNA_NA           0.240       0.252       0.257       0.287       0.315       0.320       0.329

 Intercepts
    PA              44.596      45.162      45.547      47.224      48.824      49.133      49.800
    NA               9.528       9.890      10.088      11.042      11.992      12.180      12.528
    SPR_PA          -0.158      -0.148      -0.139      -0.103      -0.067      -0.061      -0.048
    SPR_NA           0.178       0.191       0.196       0.225       0.253       0.260       0.271

 Variances
    SPA_PA           0.019       0.021       0.022       0.029       0.039       0.041       0.046
    SNA_NA           0.017       0.019       0.020       0.027       0.036       0.038       0.043

 Residual Variances
    PA              99.905     108.118     112.921     137.991     168.884     176.925     192.879
    NA              34.446      37.058      38.359      47.049      59.091      62.437      68.478
    SPR_PA           0.012       0.015       0.016       0.024       0.035       0.038       0.042
    SPR_NA           0.016       0.018       0.019       0.026       0.038       0.040       0.046


CREDIBILITY INTERVALS OF STANDARDIZED MODEL RESULTS


STDYX Standardization

                  Lower .5%  Lower 2.5%    Lower 5%    Estimate    Upper 5%  Upper 2.5%   Upper .5%

Within Level

 NA       WITH
    PA               0.000      -0.504       0.000      -0.486       0.000      -0.468       0.000

 Means
    PER_DAMP         0.000       0.746       0.000       0.772       0.000       0.796       0.000

 Variances
    PER_DAMP         0.000       1.000       0.000       1.000       0.000       1.000       0.000

 Residual Variances
    PA               0.000       0.781       0.000       0.802       0.000       0.821       0.000
    NA               0.000       0.722       0.000       0.744       0.000       0.766       0.000

Between Level

 SPR_PA   ON
    ANHEDONIA       -0.014       0.039       0.064       0.205       0.341       0.362       0.411

 SPR_NA   ON
    ANHEDONIA       -0.358      -0.314      -0.283      -0.149      -0.024      -0.006       0.044

 PA       ON
    ANHEDONIA       -0.417      -0.390      -0.373      -0.285      -0.187      -0.169      -0.126

 NA       ON
    ANHEDONIA        0.072       0.110       0.127       0.225       0.314       0.330       0.362

 NA       WITH
    PA              -0.418      -0.357      -0.321      -0.183      -0.043      -0.018       0.038

 Means
    SPA_PA           1.528       1.658       1.727       2.064       2.478       2.574       2.704
    SNA_NA           1.283       1.374       1.428       1.738       2.107       2.189       2.369

 Intercepts
    PA               3.243       3.384       3.459       3.856       4.266       4.349       4.524
    NA               1.244       1.318       1.363       1.565       1.778       1.815       1.895
    SPR_PA          -1.082      -0.959      -0.908      -0.649      -0.409      -0.371      -0.271
    SPR_NA           0.984       1.050       1.100       1.368       1.631       1.697       1.858

 Variances
    SPA_PA           1.000       1.000       1.000       1.000       1.000       1.000       1.000
    SNA_NA           1.000       1.000       1.000       1.000       1.000       1.000       1.000

 Residual Variances
    PA               0.826       0.848       0.861       0.919       0.965       0.971       0.984
    NA               0.869       0.891       0.901       0.949       0.984       0.988       0.995
    SPR_PA           0.831       0.869       0.883       0.958       0.996       0.998       1.000
    SPR_NA           0.872       0.902       0.920       0.978       0.999       1.000       1.000


STDY Standardization

                  Lower .5%  Lower 2.5%    Lower 5%    Estimate    Upper 5%  Upper 2.5%   Upper .5%

Within Level

 NA       WITH
    PA               0.000      -0.504       0.000      -0.486       0.000      -0.468       0.000

 Means
    PER_DAMP         0.000       0.746       0.000       0.772       0.000       0.796       0.000

 Variances
    PER_DAMP         0.000       1.000       0.000       1.000       0.000       1.000       0.000

 Residual Variances
    PA               0.000       0.781       0.000       0.802       0.000       0.821       0.000
    NA               0.000       0.722       0.000       0.744       0.000       0.766       0.000

Between Level

 SPR_PA   ON
    ANHEDONIA       -0.002       0.006       0.010       0.032       0.054       0.057       0.065

 SPR_NA   ON
    ANHEDONIA       -0.057      -0.050      -0.045      -0.024      -0.004      -0.001       0.007

 PA       ON
    ANHEDONIA       -0.066      -0.062      -0.059      -0.045      -0.030      -0.027      -0.020

 NA       ON
    ANHEDONIA        0.011       0.017       0.020       0.036       0.050       0.052       0.057

 NA       WITH
    PA              -0.418      -0.357      -0.321      -0.183      -0.043      -0.018       0.038

 Means
    SPA_PA           1.528       1.658       1.727       2.064       2.478       2.574       2.704
    SNA_NA           1.283       1.374       1.428       1.738       2.107       2.189       2.369

 Intercepts
    PA               3.243       3.384       3.459       3.856       4.266       4.349       4.524
    NA               1.244       1.318       1.363       1.565       1.778       1.815       1.895
    SPR_PA          -1.082      -0.959      -0.908      -0.649      -0.409      -0.371      -0.271
    SPR_NA           0.984       1.050       1.100       1.368       1.631       1.697       1.858

 Variances
    SPA_PA           1.000       1.000       1.000       1.000       1.000       1.000       1.000
    SNA_NA           1.000       1.000       1.000       1.000       1.000       1.000       1.000

 Residual Variances
    PA               0.826       0.848       0.861       0.919       0.965       0.971       0.984
    NA               0.869       0.891       0.901       0.949       0.984       0.988       0.995
    SPR_PA           0.831       0.869       0.883       0.958       0.996       0.998       1.000
    SPR_NA           0.872       0.902       0.920       0.978       0.999       1.000       1.000


STD Standardization

                  Lower .5%  Lower 2.5%    Lower 5%    Estimate    Upper 5%  Upper 2.5%   Upper .5%

Within Level

 NA       WITH
    PA               0.000     -50.046       0.000     -47.609       0.000     -45.051       0.000

 Means
    PER_DAMP         0.000      11.187       0.000      11.545       0.000      11.859       0.000

 Variances
    PER_DAMP         0.000     216.779       0.000     223.419       0.000     229.962       0.000

 Residual Variances
    PA               0.000     129.995       0.000     134.415       0.000     138.881       0.000
    NA               0.000      68.976       0.000      71.402       0.000      73.731       0.000

Between Level

 SPR_PA   ON
    ANHEDONIA       -0.002       0.006       0.010       0.032       0.054       0.057       0.065

 SPR_NA   ON
    ANHEDONIA       -0.057      -0.050      -0.045      -0.024      -0.004      -0.001       0.007

 PA       ON
    ANHEDONIA       -0.834      -0.769      -0.739      -0.546      -0.361      -0.328      -0.243

 NA       ON
    ANHEDONIA        0.084       0.124       0.141       0.250       0.356       0.381       0.416

 NA       WITH
    PA             -36.898     -30.360     -27.891     -14.803      -3.337      -1.393       3.012

 Means
    SPA_PA           1.528       1.658       1.727       2.064       2.478       2.574       2.704
    SNA_NA           1.283       1.374       1.428       1.738       2.107       2.189       2.369

 Intercepts
    PA              44.596      45.162      45.547      47.224      48.824      49.133      49.800
    NA               9.528       9.890      10.088      11.042      11.992      12.180      12.528
    SPR_PA          -1.082      -0.959      -0.908      -0.649      -0.409      -0.371      -0.271
    SPR_NA           0.984       1.050       1.100       1.368       1.631       1.697       1.858

 Variances
    SPA_PA           1.000       1.000       1.000       1.000       1.000       1.000       1.000
    SNA_NA           1.000       1.000       1.000       1.000       1.000       1.000       1.000

 Residual Variances
    PA              99.905     108.118     112.921     137.991     168.884     176.925     192.879
    NA              34.446      37.058      38.359      47.049      59.091      62.437      68.478
    SPR_PA           0.831       0.869       0.883       0.958       0.996       0.998       1.000
    SPR_NA           0.872       0.902       0.920       0.978       0.999       1.000       1.000


TECHNICAL 1 OUTPUT


     PARAMETER SPECIFICATION FOR WITHIN


           NU
              PER_DAMP      PA            NA            PA&1          NA&1
              ________      ________      ________      ________      ________
                    0             0             0             0             0


           LAMBDA
              PER_DAMP      PA            NA            PA&1          NA&1
              ________      ________      ________      ________      ________
 PER_DAMP           0             0             0             0             0
 PA                 0             0             0             0             0
 NA                 0             0             0             0             0
 PA&1               0             0             0             0             0
 NA&1               0             0             0             0             0


           THETA
              PER_DAMP      PA            NA            PA&1          NA&1
              ________      ________      ________      ________      ________
 PER_DAMP           0
 PA                 0             0
 NA                 0             0             0
 PA&1               0             0             0             0
 NA&1               0             0             0             0             0


           ALPHA
              PER_DAMP      PA            NA            PA&1          NA&1
              ________      ________      ________      ________      ________
                    1             0             0             0             0


           BETA
              PER_DAMP      PA            NA            PA&1          NA&1
              ________      ________      ________      ________      ________
 PER_DAMP           0             0             0             0             0
 PA                 0             0             0             0             0
 NA                 0             0             0             0             0
 PA&1               0             0             0             0             0
 NA&1               0             0             0             0             0


           PSI
              PER_DAMP      PA            NA            PA&1          NA&1
              ________      ________      ________      ________      ________
 PER_DAMP           2
 PA                 0             3
 NA                 0             4             5
 PA&1               0             0             0             0
 NA&1               0             0             0             0             0


     PARAMETER SPECIFICATION FOR BETWEEN


           NU
              PA            NA            ANHEDONI
              ________      ________      ________
                    0             0             0


           LAMBDA
              SPR_PA        SPR_NA        SPA_PA        SNA_NA        PA
              ________      ________      ________      ________      ________
 PA                 0             0             0             0             0
 NA                 0             0             0             0             0
 ANHEDONI           0             0             0             0             0


           LAMBDA
              NA            ANHEDONI
              ________      ________
 PA                 0             0
 NA                 0             0
 ANHEDONI           0             0


           THETA
              PA            NA            ANHEDONI
              ________      ________      ________
 PA                 0
 NA                 0             0
 ANHEDONI           0             0             0


           ALPHA
              SPR_PA        SPR_NA        SPA_PA        SNA_NA        PA
              ________      ________      ________      ________      ________
                    6             7             8             9            10


           ALPHA
              NA            ANHEDONI
              ________      ________
                   11             0


           BETA
              SPR_PA        SPR_NA        SPA_PA        SNA_NA        PA
              ________      ________      ________      ________      ________
 SPR_PA             0             0             0             0             0
 SPR_NA             0             0             0             0             0
 SPA_PA             0             0             0             0             0
 SNA_NA             0             0             0             0             0
 PA                 0             0             0             0             0
 NA                 0             0             0             0             0
 ANHEDONI           0             0             0             0             0


           BETA
              NA            ANHEDONI
              ________      ________
 SPR_PA             0            12
 SPR_NA             0            13
 SPA_PA             0             0
 SNA_NA             0             0
 PA                 0            14
 NA                 0            15
 ANHEDONI           0             0


           PSI
              SPR_PA        SPR_NA        SPA_PA        SNA_NA        PA
              ________      ________      ________      ________      ________
 SPR_PA            16
 SPR_NA             0            17
 SPA_PA             0             0            18
 SNA_NA             0             0             0            19
 PA                 0             0             0             0            20
 NA                 0             0             0             0            21
 ANHEDONI           0             0             0             0             0


           PSI
              NA            ANHEDONI
              ________      ________
 NA                22
 ANHEDONI           0             0


     STARTING VALUES FOR WITHIN


           NU
              PER_DAMP      PA            NA            PA&1          NA&1
              ________      ________      ________      ________      ________
                0.000         0.000         0.000         0.000         0.000


           LAMBDA
              PER_DAMP      PA            NA            PA&1          NA&1
              ________      ________      ________      ________      ________
 PER_DAMP       1.000         0.000         0.000         0.000         0.000
 PA             0.000         1.000         0.000         0.000         0.000
 NA             0.000         0.000         1.000         0.000         0.000
 PA&1           0.000         0.000         0.000         1.000         0.000
 NA&1           0.000         0.000         0.000         0.000         1.000


           THETA
              PER_DAMP      PA            NA            PA&1          NA&1
              ________      ________      ________      ________      ________
 PER_DAMP       0.000
 PA             0.000         0.000
 NA             0.000         0.000         0.000
 PA&1           0.000         0.000         0.000         0.000
 NA&1           0.000         0.000         0.000         0.000         0.000


           ALPHA
              PER_DAMP      PA            NA            PA&1          NA&1
              ________      ________      ________      ________      ________
                0.000         0.000         0.000         0.000         0.000


           BETA
              PER_DAMP      PA            NA            PA&1          NA&1
              ________      ________      ________      ________      ________
 PER_DAMP       0.000         0.000         0.000         0.000         0.000
 PA             0.000         0.000         0.000         0.000         0.000
 NA             0.000         0.000         0.000         0.000         0.000
 PA&1           0.000         0.000         0.000         0.000         0.000
 NA&1           0.000         0.000         0.000         0.000         0.000


           PSI
              PER_DAMP      PA            NA            PA&1          NA&1
              ________      ________      ________      ________      ________
 PER_DAMP     111.144
 PA             0.000       150.929
 NA             0.000         0.000        82.544
 PA&1           0.000         0.000         0.000       151.010
 NA&1           0.000         0.000         0.000         0.000        82.439


     STARTING VALUES FOR BETWEEN


           NU
              PA            NA            ANHEDONI
              ________      ________      ________
                0.000         0.000         0.000


           LAMBDA
              SPR_PA        SPR_NA        SPA_PA        SNA_NA        PA
              ________      ________      ________      ________      ________
 PA             0.000         0.000         0.000         0.000         1.000
 NA             0.000         0.000         0.000         0.000         0.000
 ANHEDONI       0.000         0.000         0.000         0.000         0.000


           LAMBDA
              NA            ANHEDONI
              ________      ________
 PA             0.000         0.000
 NA             1.000         0.000
 ANHEDONI       0.000         1.000


           THETA
              PA            NA            ANHEDONI
              ________      ________      ________
 PA             0.000
 NA             0.000         0.000
 ANHEDONI       0.000         0.000         0.000


           ALPHA
              SPR_PA        SPR_NA        SPA_PA        SNA_NA        PA
              ________      ________      ________      ________      ________
                0.000         0.000         0.000         0.000        45.533


           ALPHA
              NA            ANHEDONI
              ________      ________
               14.956         0.000


           BETA
              SPR_PA        SPR_NA        SPA_PA        SNA_NA        PA
              ________      ________      ________      ________      ________
 SPR_PA         0.000         0.000         0.000         0.000         0.000
 SPR_NA         0.000         0.000         0.000         0.000         0.000
 SPA_PA         0.000         0.000         0.000         0.000         0.000
 SNA_NA         0.000         0.000         0.000         0.000         0.000
 PA             0.000         0.000         0.000         0.000         0.000
 NA             0.000         0.000         0.000         0.000         0.000
 ANHEDONI       0.000         0.000         0.000         0.000         0.000


           BETA
              NA            ANHEDONI
              ________      ________
 SPR_PA         0.000         0.000
 SPR_NA         0.000         0.000
 SPA_PA         0.000         0.000
 SNA_NA         0.000         0.000
 PA             0.000         0.000
 NA             0.000         0.000
 ANHEDONI       0.000         0.000


           PSI
              SPR_PA        SPR_NA        SPA_PA        SNA_NA        PA
              ________      ________      ________      ________      ________
 SPR_PA         1.000
 SPR_NA         0.000         1.000
 SPA_PA         0.000         0.000         1.000
 SNA_NA         0.000         0.000         0.000         1.000
 PA             0.000         0.000         0.000         0.000       150.929
 NA             0.000         0.000         0.000         0.000         0.000
 ANHEDONI       0.000         0.000         0.000         0.000         0.000


           PSI
              NA            ANHEDONI
              ________      ________
 NA            82.544
 ANHEDONI       0.000        40.101



     PRIORS FOR ALL PARAMETERS            PRIOR MEAN      PRIOR VARIANCE     PRIOR STD. DEV.

     Parameter 1~N(0.000,infinity)           0.0000            infinity            infinity
     Parameter 2~IG(-1.000,0.000)          infinity            infinity            infinity
     Parameter 3~IW(0.000,-3)              infinity            infinity            infinity
     Parameter 4~IW(0.000,-3)              infinity            infinity            infinity
     Parameter 5~IW(0.000,-3)              infinity            infinity            infinity
     Parameter 6~N(0.000,infinity)           0.0000            infinity            infinity
     Parameter 7~N(0.000,infinity)           0.0000            infinity            infinity
     Parameter 8~N(0.000,infinity)           0.0000            infinity            infinity
     Parameter 9~N(0.000,infinity)           0.0000            infinity            infinity
     Parameter 10~N(0.000,infinity)          0.0000            infinity            infinity
     Parameter 11~N(0.000,infinity)          0.0000            infinity            infinity
     Parameter 12~N(0.000,infinity)          0.0000            infinity            infinity
     Parameter 13~N(0.000,infinity)          0.0000            infinity            infinity
     Parameter 14~N(0.000,infinity)          0.0000            infinity            infinity
     Parameter 15~N(0.000,infinity)          0.0000            infinity            infinity
     Parameter 16~IG(-1.000,0.000)         infinity            infinity            infinity
     Parameter 17~IG(-1.000,0.000)         infinity            infinity            infinity
     Parameter 18~IG(-1.000,0.000)         infinity            infinity            infinity
     Parameter 19~IG(-1.000,0.000)         infinity            infinity            infinity
     Parameter 20~IW(0.000,-3)             infinity            infinity            infinity
     Parameter 21~IW(0.000,-3)             infinity            infinity            infinity
     Parameter 22~IW(0.000,-3)             infinity            infinity            infinity


TECHNICAL 8 OUTPUT


   TECHNICAL 8 OUTPUT FOR BAYES ESTIMATION

     PROCESSOR    BSEED
     1            0
     2            285380
     3            253358
     4            93468
     5            608496
     6            903420
     7            195873
     8            462953
     9            939021
     10           127215
     11           415931
     12           533738
     13           107446
     14           399671
     15           650371
     16           27071

                     POTENTIAL       PARAMETER WITH
     ITERATION    SCALE REDUCTION      HIGHEST PSR
     100              1.055               9
     200              1.195               7
     300              1.034               17
     400              1.036               8
     500              1.009               5
     600              1.007               15
     700              1.014               8
     800              1.018               8
     900              1.024               8
     1000             1.021               16
     1100             1.014               4
     1200             1.006               21
     1300             1.011               7
     1400             1.005               1
     1500             1.002               5
     1600             1.011               6
     1700             1.006               6
     1800             1.005               6
     1900             1.013               6
     2000             1.016               6
     2100             1.009               3
     2200             1.010               3
     2300             1.008               3


PLOT INFORMATION

The following plots are available:

  Histograms (sample values)
  Scatterplots (sample values)
  Between-level histograms (sample values, sample means/variances)
  Between-level scatterplots (sample values, sample means/variances)
  Time series plots (sample values, ACF, PACF)
  Histogram of subjects per time point
  Time interval plots
  Bayesian posterior parameter distributions
  Bayesian posterior parameter trace plots
  Bayesian autocorrelation plots

     Beginning Time:  23:33:07
        Ending Time:  23:34:45
       Elapsed Time:  00:01:38



MUTHEN & MUTHEN
3463 Stoner Ave.
Los Angeles, CA  90066

Tel: (310) 391-9971
Fax: (310) 391-8971
Web: www.StatModel.com
Support: Support@StatModel.com

Copyright (c) 1998-2022 Muthen & Muthen
