Mplus VERSION 8.8
MUTHEN & MUTHEN
08/26/2023   4:14 AM

INPUT INSTRUCTIONS


  DATA:
  FILE IS data13.dat;

  VARIABLE:   NAMES =
  	    Eth_ID Time Time_between Time_inc
  	    PA_enth NA_irri NA_verv PA_tevr PA_ener
       	    PA_kalm NA_nerv PA_daadk NA_verdr
  	    PA_vrol NA_boos PA_dankb NA_somb PER_att
      	    PER_refl PER_self PER_expr PER_damp
  	    PER_codamp PER_capit Sample age_yr gesl BDI
      	    Measures_valid BDI_anh Anhedonia
   	    BDI_sum PA NA day compliance;

              USEVARIABLES are PER_self PA NA Anhedonia;
              MISSING is .;
              within = PER_self;
              between = Anhedonia;
              cluster = Eth_ID;
              lagged= PA NA(1);
              tinterval=Time_inc (150);

  DEFINE:     CENTER Anhedonia (grandmean);

  ANALYSIS:   type = twolevel random;
              estimator = Bayes;
              biterations=(2000);
              bconvergence=0.005;
              thin=2;
              PROCESSORS=16;
  MODEL:
  %WITHIN%
  sPR_PA | PA on PER_self;
  sPR_NA | NA on PER_self;
  sPA_PA | PA on PA&1;
  sNA_NA | NA on NA&1;
  [PER_self];


  %between%
  sPR_PA sPR_NA on Anhedonia;
  PA NA on Anhedonia;


  OUTPUT: standardized tech1 tech8 cinterval patterns;
  PLOT: TYPE = PLOT3;



*** WARNING in VARIABLE command
  Note that only the first 8 characters of variable names are used in the output.
  Shorten variable names to avoid any confusion.
*** WARNING in PLOT command
  Note that only the first 8 characters of variable names are used in plots.
  If variable names are not unique within the first 8 characters, problems
  may occur.
*** WARNING
  One or more individual-level variables have no variation within a
  cluster for the following clusters.

     Variable   Cluster IDs with no within-cluster variation

      PER_SELF    71

*** WARNING
  Data set contains cases with missing on all variables.  Cases that appeared before the first
  case with observed data and that appeared after the last case with observed data were not
  included in the analysis.  Number of deleted cases:  679
   4 WARNING(S) FOUND IN THE INPUT INSTRUCTIONS




SUMMARY OF ANALYSIS

Number of groups                                                 1
Number of observations                                       20160

Number of dependent variables                                    2
Number of independent variables                                  4
Number of continuous latent variables                            4

Observed dependent variables

  Continuous
   PA          NA

Observed independent variables
   PER_SELF    ANHEDONI    PA&1        NA&1

Continuous latent variables
   SPR_PA      SPR_NA      SPA_PA      SNA_NA

Variables with special functions

  Cluster variable      ETH_ID

  Within variables
   PER_SELF    PA&1        NA&1

  Between variables
   ANHEDONI

  Centering (GRANDMEAN)
   ANHEDONI


Estimator                                                    BAYES
Specifications for Bayesian Estimation
  Point estimate                                            MEDIAN
  Number of Markov chain Monte Carlo (MCMC) chains               2
  Random seed for the first chain                                0
  Starting value information                           UNPERTURBED
  Algorithm used for Markov chain Monte Carlo           GIBBS(PX1)
  Convergence criterion                                  0.500D-02
  Maximum number of iterations                               50000
  K-th iteration used for thinning                               2

Input data file(s)
  data13.dat
Input data format  FREE


SUMMARY OF DATA

     Number of clusters                        159

       Size (s)    Cluster ID with Size s

         56        28
         80        82
         84        87
         88        72
         97        34
        101        10
        105        52
        108        119
        111        36
        113        182
        115        89 131
        116        15 188 75 77
        117        11
        118        16 66 49 57 195
        119        197 71 48 149 50 92 38 186 163 106
        120        55 168 7 108 148 192 61 98 165
        122        174
        123        127
        124        161 117 103 51
        125        53 54 13 40 44 88 30 68 100 93 105 112 123 73
        126        107 172 173 102 65 109 111 80 76 120
        127        70 177 133 62 139 118 110 25 115 67 46 104 178 126 193
                   32 86 198 147
        128        43 153 59 156 96 180 18 5
        129        141 144 125 3 185 146 135 190 187 39 137 116 69
        130        138 166 97 14
        133        191
        134        2
        135        194 63 60 183 201 200
        136        26 56
        137        95 4 9 22 19 42
        138        132 29 94
        139        45 74 35 37 84 21 79 145 114
        142        27
        143        179
        144        170 24 171
        145        1 124 162 20
        146        151 6 167
        147        142 31
        148        159 176



SUMMARY OF MISSING DATA PATTERNS

     Number of missing data patterns            13


     MISSING DATA PATTERNS (x = not missing)

           1  2  3  4  5  6  7  8  9 10 11 12 13
 PER_SELF  x  x              x     x     x     x
 PA        x  x        x  x     x  x     x  x
 NA        x  x        x  x        x  x  x
 PA&1      x     x        x  x     x        x
 NA&1      x     x        x  x           x  x
 ANHEDONI  x  x  x  x  x  x  x  x  x  x  x  x  x


     MISSING DATA PATTERN FREQUENCIES

    Pattern   Frequency     Pattern   Frequency     Pattern   Frequency
          1        4884           6          54          11           1
          2        3221           7           3          12           1
          3        3121           8           4          13           1
          4        8808           9           5
          5          56          10           1


COVARIANCE COVERAGE OF DATA

Minimum covariance coverage value   0.100


     PROPORTION OF DATA PRESENT


           Covariance Coverage
              PER_SELF      PA            NA            ANHEDONI
              ________      ________      ________      ________
 PER_SELF       0.403
 PA             0.402         0.408
 NA             0.402         0.408         0.408
 ANHEDONI       0.403         0.408         0.408         1.000



UNIVARIATE SAMPLE STATISTICS


     UNIVARIATE HIGHER-ORDER MOMENT DESCRIPTIVE STATISTICS

         Variable/         Mean/     Skewness/   Minimum/ % with                Percentiles
        Sample Size      Variance    Kurtosis    Maximum  Min/Max      20%/60%    40%/80%    Median

     PER_SELF             22.518       1.136       0.000   13.68%       3.000      8.000     12.000
            8115.000     560.218       0.374     100.000    0.70%      19.000     45.000
     PA                   45.572      -0.010       0.000    0.29%      30.857     41.571     46.143
            8226.000     302.012      -0.210     100.000    0.07%      50.286     60.286
     NA                   15.831       1.285       0.000    7.38%       5.200      9.800     12.400
            8222.000     175.093       1.514      83.200    0.01%      15.400     24.600
     ANHEDONIA             0.000       0.630     -18.380    0.63%      -7.330     -2.924     -0.934
             159.000      79.008       0.606      29.966    0.63%       1.234      6.118


THE MODEL ESTIMATION TERMINATED NORMALLY

     USE THE FBITERATIONS OPTION TO INCREASE THE NUMBER OF ITERATIONS BY A FACTOR
     OF AT LEAST TWO TO CHECK CONVERGENCE AND THAT THE PSR VALUE DOES NOT INCREASE.



MODEL FIT INFORMATION

Number of Free Parameters                              22

Information Criteria

          Deviance (DIC)                       514778.326
          Estimated Number of Parameters (pD)   34255.290



MODEL RESULTS

                                Posterior  One-Tailed         95% C.I.
                    Estimate       S.D.      P-Value   Lower 2.5%  Upper 2.5%  Significance

Within Level

 NA       WITH
    PA               -49.737       1.336      0.000     -52.392     -47.243      *

 Means
    PER_SELF          22.439       0.252      0.000      21.937      22.912      *

 Variances
    PER_SELF         561.156       8.447      0.000     544.973     578.344      *

 Residual Variances
    PA               127.311       2.134      0.000     123.269     131.806      *
    NA                82.484       1.331      0.000      79.826      85.090      *

Between Level

 SPR_PA     ON
    ANHEDONIA          0.002       0.001      0.083      -0.001       0.004

 SPR_NA     ON
    ANHEDONIA          0.000       0.001      0.392      -0.002       0.002

 PA         ON
    ANHEDONIA         -0.455       0.109      0.000      -0.673      -0.251      *

 NA         ON
    ANHEDONIA          0.194       0.081      0.008       0.037       0.361      *

 NA       WITH
    PA               -17.568       8.886      0.012     -36.671      -1.718      *

 Means
    SPA_PA             0.337       0.017      0.000       0.301       0.369      *
    SNA_NA             0.315       0.019      0.000       0.278       0.350      *

 Intercepts
    PA                39.700       0.959      0.000      37.811      41.517      *
    NA                17.158       0.749      0.000      15.673      18.674      *
    SPR_PA             0.161       0.010      0.000       0.140       0.181      *
    SPR_NA            -0.039       0.009      0.000      -0.056      -0.022      *

 Variances
    SPA_PA             0.026       0.005      0.000       0.018       0.036      *
    SNA_NA             0.027       0.005      0.000       0.018       0.038      *

 Residual Variances
    PA               126.171      16.350      0.000      99.013     163.771      *
    NA                75.661       9.775      0.000      59.796      97.475      *
    SPR_PA             0.007       0.002      0.000       0.004       0.011      *
    SPR_NA             0.005       0.001      0.000       0.003       0.008      *


STANDARDIZED MODEL RESULTS


STDYX Standardization

                                Posterior  One-Tailed         95% C.I.
                    Estimate       S.D.      P-Value   Lower 2.5%  Upper 2.5%  Significance

Within-Level Standardized Estimates Averaged Over Clusters

 SPR_PA | PA ON
    PER_SELF           0.287       0.014      0.000       0.259       0.313      *

 SPA_PA | PA ON
    PA&1               0.337       0.012      0.000       0.312       0.360      *

 SPR_NA | NA ON
    PER_SELF          -0.092       0.015      0.000      -0.121      -0.062      *

 SNA_NA | NA ON
    NA&1               0.314       0.013      0.000       0.290       0.339      *

 NA       WITH
    PA                -0.486       0.009      0.000      -0.503      -0.468      *

 Means
    PER_SELF           0.947       0.013      0.000       0.921       0.972      *

 Variances
    PER_SELF           1.000       0.000      0.000       1.000       1.000

 Residual Variances
    PA                 0.760       0.010      0.000       0.741       0.779      *
    NA                 0.840       0.009      0.000       0.823       0.857      *

Between Level

 SPR_PA     ON
    ANHEDONIA          0.135       0.091      0.083      -0.059       0.294

 SPR_NA     ON
    ANHEDONIA          0.023       0.093      0.392      -0.151       0.212

 PA         ON
    ANHEDONIA         -0.249       0.057      0.000      -0.355      -0.138      *

 NA         ON
    ANHEDONIA          0.140       0.057      0.008       0.027       0.251      *

 NA       WITH
    PA                -0.182       0.084      0.012      -0.336      -0.017      *

 Means
    SPA_PA             2.101       0.241      0.000       1.677       2.610      *
    SNA_NA             1.916       0.238      0.000       1.506       2.454      *

 Intercepts
    PA                 3.425       0.223      0.000       2.977       3.863      *
    NA                 1.955       0.146      0.000       1.677       2.239      *
    SPR_PA             1.899       0.259      0.000       1.449       2.491      *
    SPR_NA            -0.549       0.145      0.000      -0.852      -0.289      *

 Variances
    SPA_PA             1.000       0.000      0.000       1.000       1.000
    SNA_NA             1.000       0.000      0.000       1.000       1.000

 Residual Variances
    PA                 0.938       0.028      0.000       0.874       0.981      *
    NA                 0.980       0.016      0.000       0.937       0.999      *
    SPR_PA             0.982       0.024      0.000       0.913       1.000      *
    SPR_NA             0.996       0.013      0.000       0.953       1.000      *


STDY Standardization

                                Posterior  One-Tailed         95% C.I.
                    Estimate       S.D.      P-Value   Lower 2.5%  Upper 2.5%  Significance

Within-Level Standardized Estimates Averaged Over Clusters

 SPR_PA | PA ON
    PER_SELF           0.287       0.014      0.000       0.259       0.313      *

 SPA_PA | PA ON
    PA&1               0.025       0.001      0.000       0.023       0.027      *

 SPR_NA | NA ON
    PER_SELF          -0.092       0.015      0.000      -0.121      -0.062      *

 SNA_NA | NA ON
    NA&1               0.031       0.001      0.000       0.028       0.033      *

 NA       WITH
    PA                -0.486       0.009      0.000      -0.503      -0.468      *

 Means
    PER_SELF           0.947       0.013      0.000       0.921       0.972      *

 Variances
    PER_SELF           1.000       0.000      0.000       1.000       1.000

 Residual Variances
    PA                 0.760       0.010      0.000       0.741       0.779      *
    NA                 0.840       0.009      0.000       0.823       0.857      *

Between Level

 SPR_PA     ON
    ANHEDONIA          0.021       0.014      0.083      -0.009       0.046

 SPR_NA     ON
    ANHEDONIA          0.004       0.015      0.392      -0.024       0.034

 PA         ON
    ANHEDONIA         -0.039       0.009      0.000      -0.056      -0.022      *

 NA         ON
    ANHEDONIA          0.022       0.009      0.008       0.004       0.040      *

 NA       WITH
    PA                -0.182       0.084      0.012      -0.336      -0.017      *

 Means
    SPA_PA             2.101       0.241      0.000       1.677       2.610      *
    SNA_NA             1.916       0.238      0.000       1.506       2.454      *

 Intercepts
    PA                 3.425       0.223      0.000       2.977       3.863      *
    NA                 1.955       0.146      0.000       1.677       2.239      *
    SPR_PA             1.899       0.259      0.000       1.449       2.491      *
    SPR_NA            -0.549       0.145      0.000      -0.852      -0.289      *

 Variances
    SPA_PA             1.000       0.000      0.000       1.000       1.000
    SNA_NA             1.000       0.000      0.000       1.000       1.000

 Residual Variances
    PA                 0.938       0.028      0.000       0.874       0.981      *
    NA                 0.980       0.016      0.000       0.937       0.999      *
    SPR_PA             0.982       0.024      0.000       0.913       1.000      *
    SPR_NA             0.996       0.013      0.000       0.953       1.000      *


STD Standardization

                                Posterior  One-Tailed         95% C.I.
                    Estimate       S.D.      P-Value   Lower 2.5%  Upper 2.5%  Significance

Within-Level Standardized Estimates Averaged Over Clusters

 SPR_PA | PA ON
    PER_SELF           0.161       0.008      0.000       0.145       0.176      *

 SPA_PA | PA ON
    PA&1               0.337       0.012      0.000       0.312       0.360      *

 SPR_NA | NA ON
    PER_SELF          -0.039       0.007      0.000      -0.052      -0.027      *

 SNA_NA | NA ON
    NA&1               0.314       0.013      0.000       0.290       0.339      *

 NA       WITH
    PA               -49.737       1.336      0.000     -52.392     -47.243      *

 Means
    PER_SELF          22.439       0.252      0.000      21.937      22.912      *

 Variances
    PER_SELF         561.156       8.447      0.000     544.973     578.344      *

 Residual Variances
    PA               127.311       2.134      0.000     123.269     131.806      *
    NA                82.484       1.331      0.000      79.826      85.090      *

Between Level

 SPR_PA     ON
    ANHEDONIA          0.021       0.014      0.083      -0.009       0.046

 SPR_NA     ON
    ANHEDONIA          0.004       0.015      0.392      -0.024       0.034

 PA         ON
    ANHEDONIA         -0.455       0.109      0.000      -0.673      -0.251      *

 NA         ON
    ANHEDONIA          0.194       0.081      0.008       0.037       0.361      *

 NA       WITH
    PA               -17.568       8.886      0.012     -36.671      -1.718      *

 Means
    SPA_PA             2.101       0.241      0.000       1.677       2.610      *
    SNA_NA             1.916       0.238      0.000       1.506       2.454      *

 Intercepts
    PA                39.700       0.959      0.000      37.811      41.517      *
    NA                17.158       0.749      0.000      15.673      18.674      *
    SPR_PA             1.899       0.259      0.000       1.449       2.491      *
    SPR_NA            -0.549       0.145      0.000      -0.852      -0.289      *

 Variances
    SPA_PA             1.000       0.000      0.000       1.000       1.000
    SNA_NA             1.000       0.000      0.000       1.000       1.000

 Residual Variances
    PA               126.171      16.350      0.000      99.013     163.771      *
    NA                75.661       9.775      0.000      59.796      97.475      *
    SPR_PA             0.982       0.024      0.000       0.913       1.000      *
    SPR_NA             0.996       0.013      0.000       0.953       1.000      *


R-SQUARE

Within-Level R-Square Averaged Across Clusters

                                Posterior  One-Tailed         95% C.I.
    Variable        Estimate       S.D.      P-Value   Lower 2.5%  Upper 2.5%

    PA                 0.240       0.010      0.000       0.221       0.259
    NA                 0.160       0.009      0.000       0.143       0.177

Between Level

                                Posterior  One-Tailed         95% C.I.
    Variable        Estimate       S.D.      P-Value   Lower 2.5%  Upper 2.5%

    PA                 0.062       0.028      0.000       0.019       0.126
    NA                 0.020       0.016      0.000       0.001       0.063

                                Posterior  One-Tailed         95% C.I.
    Variable        Estimate       S.D.      P-Value   Lower 2.5%  Upper 2.5%

    SPR_PA             0.018       0.024      0.000       0.000       0.086
    SPR_NA             0.004       0.013      0.000       0.000       0.047


CREDIBILITY INTERVALS OF MODEL RESULTS

                  Lower .5%  Lower 2.5%    Lower 5%    Estimate    Upper 5%  Upper 2.5%   Upper .5%

Within Level

 NA       WITH
    PA             -53.223     -52.392     -52.020     -49.737     -47.564     -47.243     -46.570

 Means
    PER_SELF        21.784      21.937      22.014      22.439      22.842      22.912      23.075

 Variances
    PER_SELF       539.317     544.973     547.714     561.156     575.087     578.344     583.527

 Residual Variances
    PA             122.101     123.269     123.913     127.311     130.911     131.806     132.955
    NA              79.046      79.826      80.300      82.484      84.672      85.090      85.840

Between Level

 SPR_PA   ON
    ANHEDONIA       -0.002      -0.001       0.000       0.002       0.004       0.004       0.005

 SPR_NA   ON
    ANHEDONIA       -0.002      -0.002      -0.001       0.000       0.002       0.002       0.003

 PA       ON
    ANHEDONIA       -0.751      -0.673      -0.633      -0.455      -0.281      -0.251      -0.171

 NA       ON
    ANHEDONIA       -0.014       0.037       0.064       0.194       0.327       0.361       0.399

 NA       WITH
    PA             -43.232     -36.671     -32.953     -17.568      -4.196      -1.718       5.421

 Means
    SPA_PA           0.288       0.301       0.308       0.337       0.364       0.369       0.377
    SNA_NA           0.265       0.278       0.284       0.315       0.345       0.350       0.360

 Intercepts
    PA              37.274      37.811      38.120      39.700      41.244      41.517      42.393
    NA              15.196      15.673      15.949      17.158      18.407      18.674      19.292
    SPR_PA           0.133       0.140       0.143       0.161       0.178       0.181       0.188
    SPR_NA          -0.061      -0.056      -0.053      -0.039      -0.025      -0.022      -0.017

 Variances
    SPA_PA           0.016       0.018       0.019       0.026       0.035       0.036       0.040
    SNA_NA           0.016       0.018       0.019       0.027       0.036       0.038       0.043

 Residual Variances
    PA              92.152      99.013     103.912     126.171     156.795     163.771     178.588
    NA              53.963      59.796      62.058      75.661      93.616      97.475     106.276
    SPR_PA           0.004       0.004       0.005       0.007       0.010       0.011       0.012
    SPR_NA           0.003       0.003       0.003       0.005       0.007       0.008       0.009


CREDIBILITY INTERVALS OF STANDARDIZED MODEL RESULTS


STDYX Standardization

                  Lower .5%  Lower 2.5%    Lower 5%    Estimate    Upper 5%  Upper 2.5%   Upper .5%

Within Level

 NA       WITH
    PA               0.000      -0.503       0.000      -0.486       0.000      -0.468       0.000

 Means
    PER_SELF         0.000       0.921       0.000       0.947       0.000       0.972       0.000

 Variances
    PER_SELF         0.000       1.000       0.000       1.000       0.000       1.000       0.000

 Residual Variances
    PA               0.000       0.741       0.000       0.760       0.000       0.779       0.000
    NA               0.000       0.823       0.000       0.840       0.000       0.857       0.000

Between Level

 SPR_PA   ON
    ANHEDONIA       -0.121      -0.059      -0.027       0.135       0.274       0.294       0.334

 SPR_NA   ON
    ANHEDONIA       -0.194      -0.151      -0.122       0.023       0.189       0.212       0.273

 PA       ON
    ANHEDONIA       -0.385      -0.355      -0.339      -0.249      -0.155      -0.138      -0.093

 NA       ON
    ANHEDONIA       -0.010       0.027       0.044       0.140       0.232       0.251       0.278

 NA       WITH
    PA              -0.390      -0.336      -0.314      -0.182      -0.044      -0.017       0.054

 Means
    SPA_PA           1.564       1.677       1.735       2.101       2.540       2.610       2.764
    SNA_NA           1.418       1.506       1.562       1.916       2.345       2.454       2.619

 Intercepts
    PA               2.817       2.977       3.045       3.425       3.778       3.863       3.978
    NA               1.577       1.677       1.716       1.955       2.189       2.239       2.353
    SPR_PA           1.328       1.449       1.528       1.899       2.376       2.491       2.710
    SPR_NA          -0.947      -0.852      -0.803      -0.549      -0.323      -0.289      -0.213

 Variances
    SPA_PA           1.000       1.000       1.000       1.000       1.000       1.000       1.000
    SNA_NA           1.000       1.000       1.000       1.000       1.000       1.000       1.000

 Residual Variances
    PA               0.851       0.874       0.885       0.938       0.976       0.981       0.991
    NA               0.923       0.937       0.946       0.980       0.998       0.999       1.000
    SPR_PA           0.887       0.913       0.925       0.982       1.000       1.000       1.000
    SPR_NA           0.925       0.953       0.963       0.996       1.000       1.000       1.000


STDY Standardization

                  Lower .5%  Lower 2.5%    Lower 5%    Estimate    Upper 5%  Upper 2.5%   Upper .5%

Within Level

 NA       WITH
    PA               0.000      -0.503       0.000      -0.486       0.000      -0.468       0.000

 Means
    PER_SELF         0.000       0.921       0.000       0.947       0.000       0.972       0.000

 Variances
    PER_SELF         0.000       1.000       0.000       1.000       0.000       1.000       0.000

 Residual Variances
    PA               0.000       0.741       0.000       0.760       0.000       0.779       0.000
    NA               0.000       0.823       0.000       0.840       0.000       0.857       0.000

Between Level

 SPR_PA   ON
    ANHEDONIA       -0.019      -0.009      -0.004       0.021       0.043       0.046       0.053

 SPR_NA   ON
    ANHEDONIA       -0.031      -0.024      -0.019       0.004       0.030       0.034       0.043

 PA       ON
    ANHEDONIA       -0.061      -0.056      -0.054      -0.039      -0.024      -0.022      -0.015

 NA       ON
    ANHEDONIA       -0.002       0.004       0.007       0.022       0.037       0.040       0.044

 NA       WITH
    PA              -0.390      -0.336      -0.314      -0.182      -0.044      -0.017       0.054

 Means
    SPA_PA           1.564       1.677       1.735       2.101       2.540       2.610       2.764
    SNA_NA           1.418       1.506       1.562       1.916       2.345       2.454       2.619

 Intercepts
    PA               2.817       2.977       3.045       3.425       3.778       3.863       3.978
    NA               1.577       1.677       1.716       1.955       2.189       2.239       2.353
    SPR_PA           1.328       1.449       1.528       1.899       2.376       2.491       2.710
    SPR_NA          -0.947      -0.852      -0.803      -0.549      -0.323      -0.289      -0.213

 Variances
    SPA_PA           1.000       1.000       1.000       1.000       1.000       1.000       1.000
    SNA_NA           1.000       1.000       1.000       1.000       1.000       1.000       1.000

 Residual Variances
    PA               0.851       0.874       0.885       0.938       0.976       0.981       0.991
    NA               0.923       0.937       0.946       0.980       0.998       0.999       1.000
    SPR_PA           0.887       0.913       0.925       0.982       1.000       1.000       1.000
    SPR_NA           0.925       0.953       0.963       0.996       1.000       1.000       1.000


STD Standardization

                  Lower .5%  Lower 2.5%    Lower 5%    Estimate    Upper 5%  Upper 2.5%   Upper .5%

Within Level

 NA       WITH
    PA               0.000     -52.392       0.000     -49.737       0.000     -47.243       0.000

 Means
    PER_SELF         0.000      21.937       0.000      22.439       0.000      22.912       0.000

 Variances
    PER_SELF         0.000     544.973       0.000     561.156       0.000     578.344       0.000

 Residual Variances
    PA               0.000     123.269       0.000     127.311       0.000     131.806       0.000
    NA               0.000      79.826       0.000      82.484       0.000      85.090       0.000

Between Level

 SPR_PA   ON
    ANHEDONIA       -0.019      -0.009      -0.004       0.021       0.043       0.046       0.053

 SPR_NA   ON
    ANHEDONIA       -0.031      -0.024      -0.019       0.004       0.030       0.034       0.043

 PA       ON
    ANHEDONIA       -0.751      -0.673      -0.633      -0.455      -0.281      -0.251      -0.171

 NA       ON
    ANHEDONIA       -0.014       0.037       0.064       0.194       0.327       0.361       0.399

 NA       WITH
    PA             -43.232     -36.671     -32.953     -17.568      -4.196      -1.718       5.421

 Means
    SPA_PA           1.564       1.677       1.735       2.101       2.540       2.610       2.764
    SNA_NA           1.418       1.506       1.562       1.916       2.345       2.454       2.619

 Intercepts
    PA              37.274      37.811      38.120      39.700      41.244      41.517      42.393
    NA              15.196      15.673      15.949      17.158      18.407      18.674      19.292
    SPR_PA           1.328       1.449       1.528       1.899       2.376       2.491       2.710
    SPR_NA          -0.947      -0.852      -0.803      -0.549      -0.323      -0.289      -0.213

 Variances
    SPA_PA           1.000       1.000       1.000       1.000       1.000       1.000       1.000
    SNA_NA           1.000       1.000       1.000       1.000       1.000       1.000       1.000

 Residual Variances
    PA              92.152      99.013     103.912     126.171     156.795     163.771     178.588
    NA              53.963      59.796      62.058      75.661      93.616      97.475     106.276
    SPR_PA           0.887       0.913       0.925       0.982       1.000       1.000       1.000
    SPR_NA           0.925       0.953       0.963       0.996       1.000       1.000       1.000


TECHNICAL 1 OUTPUT


     PARAMETER SPECIFICATION FOR WITHIN


           NU
              PER_SELF      PA            NA            PA&1          NA&1
              ________      ________      ________      ________      ________
                    0             0             0             0             0


           LAMBDA
              PER_SELF      PA            NA            PA&1          NA&1
              ________      ________      ________      ________      ________
 PER_SELF           0             0             0             0             0
 PA                 0             0             0             0             0
 NA                 0             0             0             0             0
 PA&1               0             0             0             0             0
 NA&1               0             0             0             0             0


           THETA
              PER_SELF      PA            NA            PA&1          NA&1
              ________      ________      ________      ________      ________
 PER_SELF           0
 PA                 0             0
 NA                 0             0             0
 PA&1               0             0             0             0
 NA&1               0             0             0             0             0


           ALPHA
              PER_SELF      PA            NA            PA&1          NA&1
              ________      ________      ________      ________      ________
                    1             0             0             0             0


           BETA
              PER_SELF      PA            NA            PA&1          NA&1
              ________      ________      ________      ________      ________
 PER_SELF           0             0             0             0             0
 PA                 0             0             0             0             0
 NA                 0             0             0             0             0
 PA&1               0             0             0             0             0
 NA&1               0             0             0             0             0


           PSI
              PER_SELF      PA            NA            PA&1          NA&1
              ________      ________      ________      ________      ________
 PER_SELF           2
 PA                 0             3
 NA                 0             4             5
 PA&1               0             0             0             0
 NA&1               0             0             0             0             0


     PARAMETER SPECIFICATION FOR BETWEEN


           NU
              PA            NA            ANHEDONI
              ________      ________      ________
                    0             0             0


           LAMBDA
              SPR_PA        SPR_NA        SPA_PA        SNA_NA        PA
              ________      ________      ________      ________      ________
 PA                 0             0             0             0             0
 NA                 0             0             0             0             0
 ANHEDONI           0             0             0             0             0


           LAMBDA
              NA            ANHEDONI
              ________      ________
 PA                 0             0
 NA                 0             0
 ANHEDONI           0             0


           THETA
              PA            NA            ANHEDONI
              ________      ________      ________
 PA                 0
 NA                 0             0
 ANHEDONI           0             0             0


           ALPHA
              SPR_PA        SPR_NA        SPA_PA        SNA_NA        PA
              ________      ________      ________      ________      ________
                    6             7             8             9            10


           ALPHA
              NA            ANHEDONI
              ________      ________
                   11             0


           BETA
              SPR_PA        SPR_NA        SPA_PA        SNA_NA        PA
              ________      ________      ________      ________      ________
 SPR_PA             0             0             0             0             0
 SPR_NA             0             0             0             0             0
 SPA_PA             0             0             0             0             0
 SNA_NA             0             0             0             0             0
 PA                 0             0             0             0             0
 NA                 0             0             0             0             0
 ANHEDONI           0             0             0             0             0


           BETA
              NA            ANHEDONI
              ________      ________
 SPR_PA             0            12
 SPR_NA             0            13
 SPA_PA             0             0
 SNA_NA             0             0
 PA                 0            14
 NA                 0            15
 ANHEDONI           0             0


           PSI
              SPR_PA        SPR_NA        SPA_PA        SNA_NA        PA
              ________      ________      ________      ________      ________
 SPR_PA            16
 SPR_NA             0            17
 SPA_PA             0             0            18
 SNA_NA             0             0             0            19
 PA                 0             0             0             0            20
 NA                 0             0             0             0            21
 ANHEDONI           0             0             0             0             0


           PSI
              NA            ANHEDONI
              ________      ________
 NA                22
 ANHEDONI           0             0


     STARTING VALUES FOR WITHIN


           NU
              PER_SELF      PA            NA            PA&1          NA&1
              ________      ________      ________      ________      ________
                0.000         0.000         0.000         0.000         0.000


           LAMBDA
              PER_SELF      PA            NA            PA&1          NA&1
              ________      ________      ________      ________      ________
 PER_SELF       1.000         0.000         0.000         0.000         0.000
 PA             0.000         1.000         0.000         0.000         0.000
 NA             0.000         0.000         1.000         0.000         0.000
 PA&1           0.000         0.000         0.000         1.000         0.000
 NA&1           0.000         0.000         0.000         0.000         1.000


           THETA
              PER_SELF      PA            NA            PA&1          NA&1
              ________      ________      ________      ________      ________
 PER_SELF       0.000
 PA             0.000         0.000
 NA             0.000         0.000         0.000
 PA&1           0.000         0.000         0.000         0.000
 NA&1           0.000         0.000         0.000         0.000         0.000


           ALPHA
              PER_SELF      PA            NA            PA&1          NA&1
              ________      ________      ________      ________      ________
                0.000         0.000         0.000         0.000         0.000


           BETA
              PER_SELF      PA            NA            PA&1          NA&1
              ________      ________      ________      ________      ________
 PER_SELF       0.000         0.000         0.000         0.000         0.000
 PA             0.000         0.000         0.000         0.000         0.000
 NA             0.000         0.000         0.000         0.000         0.000
 PA&1           0.000         0.000         0.000         0.000         0.000
 NA&1           0.000         0.000         0.000         0.000         0.000


           PSI
              PER_SELF      PA            NA            PA&1          NA&1
              ________      ________      ________      ________      ________
 PER_SELF     280.109
 PA             0.000       151.006
 NA             0.000         0.000        87.547
 PA&1           0.000         0.000         0.000       151.126
 NA&1           0.000         0.000         0.000         0.000        87.358


     STARTING VALUES FOR BETWEEN


           NU
              PA            NA            ANHEDONI
              ________      ________      ________
                0.000         0.000         0.000


           LAMBDA
              SPR_PA        SPR_NA        SPA_PA        SNA_NA        PA
              ________      ________      ________      ________      ________
 PA             0.000         0.000         0.000         0.000         1.000
 NA             0.000         0.000         0.000         0.000         0.000
 ANHEDONI       0.000         0.000         0.000         0.000         0.000


           LAMBDA
              NA            ANHEDONI
              ________      ________
 PA             0.000         0.000
 NA             1.000         0.000
 ANHEDONI       0.000         1.000


           THETA
              PA            NA            ANHEDONI
              ________      ________      ________
 PA             0.000
 NA             0.000         0.000
 ANHEDONI       0.000         0.000         0.000


           ALPHA
              SPR_PA        SPR_NA        SPA_PA        SNA_NA        PA
              ________      ________      ________      ________      ________
                0.000         0.000         0.000         0.000        45.572


           ALPHA
              NA            ANHEDONI
              ________      ________
               15.831         0.000


           BETA
              SPR_PA        SPR_NA        SPA_PA        SNA_NA        PA
              ________      ________      ________      ________      ________
 SPR_PA         0.000         0.000         0.000         0.000         0.000
 SPR_NA         0.000         0.000         0.000         0.000         0.000
 SPA_PA         0.000         0.000         0.000         0.000         0.000
 SNA_NA         0.000         0.000         0.000         0.000         0.000
 PA             0.000         0.000         0.000         0.000         0.000
 NA             0.000         0.000         0.000         0.000         0.000
 ANHEDONI       0.000         0.000         0.000         0.000         0.000


           BETA
              NA            ANHEDONI
              ________      ________
 SPR_PA         0.000         0.000
 SPR_NA         0.000         0.000
 SPA_PA         0.000         0.000
 SNA_NA         0.000         0.000
 PA             0.000         0.000
 NA             0.000         0.000
 ANHEDONI       0.000         0.000


           PSI
              SPR_PA        SPR_NA        SPA_PA        SNA_NA        PA
              ________      ________      ________      ________      ________
 SPR_PA         1.000
 SPR_NA         0.000         1.000
 SPA_PA         0.000         0.000         1.000
 SNA_NA         0.000         0.000         0.000         1.000
 PA             0.000         0.000         0.000         0.000       151.006
 NA             0.000         0.000         0.000         0.000         0.000
 ANHEDONI       0.000         0.000         0.000         0.000         0.000


           PSI
              NA            ANHEDONI
              ________      ________
 NA            87.547
 ANHEDONI       0.000        40.163



     PRIORS FOR ALL PARAMETERS            PRIOR MEAN      PRIOR VARIANCE     PRIOR STD. DEV.

     Parameter 1~N(0.000,infinity)           0.0000            infinity            infinity
     Parameter 2~IG(-1.000,0.000)          infinity            infinity            infinity
     Parameter 3~IW(0.000,-3)              infinity            infinity            infinity
     Parameter 4~IW(0.000,-3)              infinity            infinity            infinity
     Parameter 5~IW(0.000,-3)              infinity            infinity            infinity
     Parameter 6~N(0.000,infinity)           0.0000            infinity            infinity
     Parameter 7~N(0.000,infinity)           0.0000            infinity            infinity
     Parameter 8~N(0.000,infinity)           0.0000            infinity            infinity
     Parameter 9~N(0.000,infinity)           0.0000            infinity            infinity
     Parameter 10~N(0.000,infinity)          0.0000            infinity            infinity
     Parameter 11~N(0.000,infinity)          0.0000            infinity            infinity
     Parameter 12~N(0.000,infinity)          0.0000            infinity            infinity
     Parameter 13~N(0.000,infinity)          0.0000            infinity            infinity
     Parameter 14~N(0.000,infinity)          0.0000            infinity            infinity
     Parameter 15~N(0.000,infinity)          0.0000            infinity            infinity
     Parameter 16~IG(-1.000,0.000)         infinity            infinity            infinity
     Parameter 17~IG(-1.000,0.000)         infinity            infinity            infinity
     Parameter 18~IG(-1.000,0.000)         infinity            infinity            infinity
     Parameter 19~IG(-1.000,0.000)         infinity            infinity            infinity
     Parameter 20~IW(0.000,-3)             infinity            infinity            infinity
     Parameter 21~IW(0.000,-3)             infinity            infinity            infinity
     Parameter 22~IW(0.000,-3)             infinity            infinity            infinity


TECHNICAL 8 OUTPUT


   TECHNICAL 8 OUTPUT FOR BAYES ESTIMATION

     PROCESSOR    BSEED
     1            0
     2            285380
     3            253358
     4            93468
     5            608496
     6            903420
     7            195873
     8            462953
     9            939021
     10           127215
     11           415931
     12           533738
     13           107446
     14           399671
     15           650371
     16           27071

                     POTENTIAL       PARAMETER WITH
     ITERATION    SCALE REDUCTION      HIGHEST PSR
     100              1.531               9
     200              1.064               16
     300              1.060               3
     400              1.043               9
     500              1.035               5
     600              1.014               6
     700              1.012               8
     800              1.016               7
     900              1.008               3
     1000             1.013               5
     1100             1.014               5
     1200             1.013               5
     1300             1.009               5
     1400             1.008               14
     1500             1.008               14
     1600             1.008               7
     1700             1.011               7
     1800             1.014               7
     1900             1.007               6
     2000             1.006               6


PLOT INFORMATION

The following plots are available:

  Histograms (sample values)
  Scatterplots (sample values)
  Between-level histograms (sample values, sample means/variances)
  Between-level scatterplots (sample values, sample means/variances)
  Time series plots (sample values, ACF, PACF)
  Histogram of subjects per time point
  Time interval plots
  Bayesian posterior parameter distributions
  Bayesian posterior parameter trace plots
  Bayesian autocorrelation plots

     Beginning Time:  04:14:31
        Ending Time:  04:16:01
       Elapsed Time:  00:01:30



MUTHEN & MUTHEN
3463 Stoner Ave.
Los Angeles, CA  90066

Tel: (310) 391-9971
Fax: (310) 391-8971
Web: www.StatModel.com
Support: Support@StatModel.com

Copyright (c) 1998-2022 Muthen & Muthen
