Mplus VERSION 8.8
MUTHEN & MUTHEN
08/26/2023   1:49 AM

INPUT INSTRUCTIONS


  DATA:
  FILE IS data4.dat;

  VARIABLE:   NAMES =
  	    Eth_ID Time Time_between Time_inc
  	    PA_enth NA_irri NA_verv PA_tevr PA_ener
       	    PA_kalm NA_nerv PA_daadk NA_verdr
  	    PA_vrol NA_boos PA_dankb NA_somb PER_att
      	    PER_refl PER_self PER_expr PER_damp
  	    PER_codamp PER_capit Sample age_yr gesl BDI
      	    Measures_valid BDI_anh Anhedonia
   	    BDI_sum PA NA day compliance;

              USEVARIABLES are PER_att PA NA Anhedonia;
              MISSING is .;
              within = PER_att;
              between = Anhedonia;
              cluster = Eth_ID;
              lagged= PA NA(1);
              tinterval=Time_inc (150);

  DEFINE:     CENTER Anhedonia (grandmean);

  ANALYSIS:   type = twolevel random;
              estimator = Bayes;
              biterations=(2000);
              bconvergence=0.005;
              thin=2;
              PROCESSORS=16;
  MODEL:
  %WITHIN%
  sPR_PA | PA on PER_att;
  sPR_NA | NA on PER_att;
  sPA_PA | PA on PA&1;
  sNA_NA | NA on NA&1;
  [PER_att];


  %between%
  sPR_PA sPR_NA on Anhedonia;
  PA NA on Anhedonia;


  OUTPUT: standardized tech1 tech8 cinterval patterns;
  PLOT: TYPE = PLOT3;



*** WARNING in VARIABLE command
  Note that only the first 8 characters of variable names are used in the output.
  Shorten variable names to avoid any confusion.
*** WARNING in PLOT command
  Note that only the first 8 characters of variable names are used in plots.
  If variable names are not unique within the first 8 characters, problems
  may occur.
*** WARNING
  One or more individual-level variables have no variation within a
  cluster for the following clusters.

     Variable   Cluster IDs with no within-cluster variation

      PER_ATT     165

*** WARNING
  Data set contains cases with missing on all variables.  Cases that appeared before the first
  case with observed data and that appeared after the last case with observed data were not
  included in the analysis.  Number of deleted cases:  679
   4 WARNING(S) FOUND IN THE INPUT INSTRUCTIONS




SUMMARY OF ANALYSIS

Number of groups                                                 1
Number of observations                                       20160

Number of dependent variables                                    2
Number of independent variables                                  4
Number of continuous latent variables                            4

Observed dependent variables

  Continuous
   PA          NA

Observed independent variables
   PER_ATT     ANHEDONI    PA&1        NA&1

Continuous latent variables
   SPR_PA      SPR_NA      SPA_PA      SNA_NA

Variables with special functions

  Cluster variable      ETH_ID

  Within variables
   PER_ATT     PA&1        NA&1

  Between variables
   ANHEDONI

  Centering (GRANDMEAN)
   ANHEDONI


Estimator                                                    BAYES
Specifications for Bayesian Estimation
  Point estimate                                            MEDIAN
  Number of Markov chain Monte Carlo (MCMC) chains               2
  Random seed for the first chain                                0
  Starting value information                           UNPERTURBED
  Algorithm used for Markov chain Monte Carlo           GIBBS(PX1)
  Convergence criterion                                  0.500D-02
  Maximum number of iterations                               50000
  K-th iteration used for thinning                               2

Input data file(s)
  data4.dat
Input data format  FREE


SUMMARY OF DATA

     Number of clusters                        159

       Size (s)    Cluster ID with Size s

         56        28
         80        82
         84        87
         88        72
         97        34
        101        10
        105        52
        108        119
        111        36
        113        182
        115        89 131
        116        15 188 75 77
        117        11
        118        16 66 49 57 195
        119        197 71 48 149 50 92 38 186 163 106
        120        55 168 7 108 148 192 61 98 165
        122        174
        123        127
        124        161 117 103 51
        125        53 54 13 40 44 88 30 68 100 93 105 112 123 73
        126        107 172 173 102 65 109 111 80 76 120
        127        70 177 133 62 139 118 110 25 115 67 46 104 178 126 193
                   32 86 198 147
        128        43 153 59 156 96 180 18 5
        129        141 144 125 3 185 146 135 190 187 39 137 116 69
        130        138 166 97 14
        133        191
        134        2
        135        194 63 60 183 201 200
        136        26 56
        137        95 4 9 22 19 42
        138        132 29 94
        139        45 74 35 37 84 21 79 145 114
        142        27
        143        179
        144        170 24 171
        145        1 124 162 20
        146        151 6 167
        147        142 31
        148        159 176



SUMMARY OF MISSING DATA PATTERNS

     Number of missing data patterns            13


     MISSING DATA PATTERNS (x = not missing)

           1  2  3  4  5  6  7  8  9 10 11 12 13
 PER_ATT   x  x              x     x     x     x
 PA        x  x        x  x     x  x     x  x
 NA        x  x        x  x        x  x  x
 PA&1      x     x     x     x     x        x
 NA&1      x     x     x     x           x  x
 ANHEDONI  x  x  x  x  x  x  x  x  x  x  x  x  x


     MISSING DATA PATTERN FREQUENCIES

    Pattern   Frequency     Pattern   Frequency     Pattern   Frequency
          1        4892           6          50          11           1
          2        3227           7           3          12           1
          3        3121           8           4          13           1
          4        8808           9           5
          5          46          10           1


COVARIANCE COVERAGE OF DATA

Minimum covariance coverage value   0.100


     PROPORTION OF DATA PRESENT


           Covariance Coverage
              PER_ATT       PA            NA            ANHEDONI
              ________      ________      ________      ________
 PER_ATT        0.403
 PA             0.403         0.408
 NA             0.403         0.408         0.408
 ANHEDONI       0.403         0.408         0.408         1.000



UNIVARIATE SAMPLE STATISTICS


     UNIVARIATE HIGHER-ORDER MOMENT DESCRIPTIVE STATISTICS

         Variable/         Mean/     Skewness/   Minimum/ % with                Percentiles
        Sample Size      Variance    Kurtosis    Maximum  Min/Max      20%/60%    40%/80%    Median

     PER_ATT              30.951       0.468       0.000    9.73%       6.000     17.000     27.000
            8129.000     621.163      -0.867     100.000    0.47%      38.000     55.000
     PA                   46.383      -0.035       0.000    0.30%      31.500     42.333     47.000
            8226.000     303.472      -0.189     100.000    0.10%      51.000     61.000
     NA                   14.975       1.412       0.000    7.26%       5.000      9.167     11.500
            8222.000     164.910       1.997      80.667    0.01%      14.333     23.000
     ANHEDONIA             0.000       0.630     -18.380    0.63%      -7.330     -2.924     -0.934
             159.000      79.008       0.606      29.966    0.63%       1.234      6.118


THE MODEL ESTIMATION TERMINATED NORMALLY

     USE THE FBITERATIONS OPTION TO INCREASE THE NUMBER OF ITERATIONS BY A FACTOR
     OF AT LEAST TWO TO CHECK CONVERGENCE AND THAT THE PSR VALUE DOES NOT INCREASE.



MODEL FIT INFORMATION

Number of Free Parameters                              22

Information Criteria

          Deviance (DIC)                       514881.122
          Estimated Number of Parameters (pD)   34103.598



MODEL RESULTS

                                Posterior  One-Tailed         95% C.I.
                    Estimate       S.D.      P-Value   Lower 2.5%  Upper 2.5%  Significance

Within Level

 NA       WITH
    PA               -50.266       1.349      0.000     -53.107     -47.779      *

 Means
    PER_ATT           30.849       0.277      0.000      30.267      31.374      *

 Variances
    PER_ATT          623.431       9.799      0.000     604.984     643.162      *

 Residual Variances
    PA               130.022       2.173      0.000     125.883     134.454      *
    NA                75.846       1.295      0.000      73.443      78.441      *

Between Level

 SPR_PA     ON
    ANHEDONIA          0.000       0.001      0.460      -0.002       0.003

 SPR_NA     ON
    ANHEDONIA          0.001       0.001      0.241      -0.001       0.003

 PA         ON
    ANHEDONIA         -0.407       0.105      0.000      -0.609      -0.202      *

 NA         ON
    ANHEDONIA          0.172       0.081      0.018       0.014       0.332      *

 NA       WITH
    PA               -15.856       8.528      0.031     -33.496       0.637

 Means
    SPA_PA             0.332       0.016      0.000       0.300       0.363      *
    SNA_NA             0.308       0.018      0.000       0.272       0.340      *

 Intercepts
    PA                39.118       0.934      0.000      37.333      41.026      *
    NA                15.668       0.747      0.000      14.180      17.100      *
    SPR_PA             0.141       0.011      0.000       0.118       0.162      *
    SPR_NA            -0.009       0.009      0.171      -0.027       0.008

 Variances
    SPA_PA             0.025       0.004      0.000       0.017       0.035      *
    SNA_NA             0.025       0.005      0.000       0.018       0.036      *

 Residual Variances
    PA               111.980      15.086      0.000      87.798     145.441      *
    NA                70.336       9.850      0.000      54.572      92.516      *
    SPR_PA             0.009       0.002      0.000       0.006       0.014      *
    SPR_NA             0.008       0.001      0.000       0.005       0.011      *


STANDARDIZED MODEL RESULTS


STDYX Standardization

                                Posterior  One-Tailed         95% C.I.
                    Estimate       S.D.      P-Value   Lower 2.5%  Upper 2.5%  Significance

Within-Level Standardized Estimates Averaged Over Clusters

 SPR_PA | PA ON
    PER_ATT            0.262       0.014      0.000       0.235       0.289      *

 SPA_PA | PA ON
    PA&1               0.332       0.011      0.000       0.311       0.353      *

 SPR_NA | NA ON
    PER_ATT           -0.025       0.015      0.040      -0.054       0.003

 SNA_NA | NA ON
    NA&1               0.307       0.012      0.000       0.283       0.329      *

 NA       WITH
    PA                -0.507       0.009      0.000      -0.525      -0.490      *

 Means
    PER_ATT            1.235       0.015      0.000       1.207       1.264      *

 Variances
    PER_ATT            1.000       0.000      0.000       1.000       1.000

 Residual Variances
    PA                 0.768       0.009      0.000       0.749       0.785      *
    NA                 0.835       0.008      0.000       0.820       0.852      *

Between Level

 SPR_PA     ON
    ANHEDONIA          0.009       0.079      0.460      -0.152       0.159

 SPR_NA     ON
    ANHEDONIA          0.053       0.072      0.241      -0.091       0.190

 PA         ON
    ANHEDONIA         -0.236       0.059      0.000      -0.348      -0.116      *

 NA         ON
    ANHEDONIA          0.129       0.060      0.018       0.010       0.247      *

 NA       WITH
    PA                -0.181       0.089      0.031      -0.342       0.007

 Means
    SPA_PA             2.116       0.229      0.000       1.709       2.585      *
    SNA_NA             1.932       0.221      0.000       1.517       2.392      *

 Intercepts
    PA                 3.581       0.242      0.000       3.127       4.059      *
    NA                 1.849       0.149      0.000       1.560       2.139      *
    SPR_PA             1.445       0.193      0.000       1.094       1.875      *
    SPR_NA            -0.097       0.105      0.171      -0.320       0.090

 Variances
    SPA_PA             1.000       0.000      0.000       1.000       1.000
    SNA_NA             1.000       0.000      0.000       1.000       1.000

 Residual Variances
    PA                 0.944       0.028      0.000       0.879       0.986      *
    NA                 0.983       0.016      0.000       0.939       1.000      *
    SPR_PA             0.997       0.009      0.000       0.969       1.000      *
    SPR_NA             0.996       0.010      0.000       0.964       1.000      *


STDY Standardization

                                Posterior  One-Tailed         95% C.I.
                    Estimate       S.D.      P-Value   Lower 2.5%  Upper 2.5%  Significance

Within-Level Standardized Estimates Averaged Over Clusters

 SPR_PA | PA ON
    PER_ATT            0.262       0.014      0.000       0.235       0.289      *

 SPA_PA | PA ON
    PA&1               0.025       0.001      0.000       0.023       0.026      *

 SPR_NA | NA ON
    PER_ATT           -0.025       0.015      0.040      -0.054       0.003

 SNA_NA | NA ON
    NA&1               0.031       0.001      0.000       0.029       0.033      *

 NA       WITH
    PA                -0.507       0.009      0.000      -0.525      -0.490      *

 Means
    PER_ATT            1.235       0.015      0.000       1.207       1.264      *

 Variances
    PER_ATT            1.000       0.000      0.000       1.000       1.000

 Residual Variances
    PA                 0.768       0.009      0.000       0.749       0.785      *
    NA                 0.835       0.008      0.000       0.820       0.852      *

Between Level

 SPR_PA     ON
    ANHEDONIA          0.001       0.012      0.460      -0.024       0.025

 SPR_NA     ON
    ANHEDONIA          0.008       0.011      0.241      -0.014       0.030

 PA         ON
    ANHEDONIA         -0.037       0.009      0.000      -0.055      -0.018      *

 NA         ON
    ANHEDONIA          0.020       0.009      0.018       0.002       0.039      *

 NA       WITH
    PA                -0.181       0.089      0.031      -0.342       0.007

 Means
    SPA_PA             2.116       0.229      0.000       1.709       2.585      *
    SNA_NA             1.932       0.221      0.000       1.517       2.392      *

 Intercepts
    PA                 3.581       0.242      0.000       3.127       4.059      *
    NA                 1.849       0.149      0.000       1.560       2.139      *
    SPR_PA             1.445       0.193      0.000       1.094       1.875      *
    SPR_NA            -0.097       0.105      0.171      -0.320       0.090

 Variances
    SPA_PA             1.000       0.000      0.000       1.000       1.000
    SNA_NA             1.000       0.000      0.000       1.000       1.000

 Residual Variances
    PA                 0.944       0.028      0.000       0.879       0.986      *
    NA                 0.983       0.016      0.000       0.939       1.000      *
    SPR_PA             0.997       0.009      0.000       0.969       1.000      *
    SPR_NA             0.996       0.010      0.000       0.964       1.000      *


STD Standardization

                                Posterior  One-Tailed         95% C.I.
                    Estimate       S.D.      P-Value   Lower 2.5%  Upper 2.5%  Significance

Within-Level Standardized Estimates Averaged Over Clusters

 SPR_PA | PA ON
    PER_ATT            0.141       0.008      0.000       0.126       0.157      *

 SPA_PA | PA ON
    PA&1               0.332       0.011      0.000       0.311       0.353      *

 SPR_NA | NA ON
    PER_ATT           -0.009       0.006      0.062      -0.020       0.002

 SNA_NA | NA ON
    NA&1               0.307       0.012      0.000       0.283       0.329      *

 NA       WITH
    PA               -50.266       1.349      0.000     -53.107     -47.779      *

 Means
    PER_ATT           30.849       0.277      0.000      30.267      31.374      *

 Variances
    PER_ATT          623.431       9.799      0.000     604.984     643.162      *

 Residual Variances
    PA               130.022       2.173      0.000     125.883     134.454      *
    NA                75.846       1.295      0.000      73.443      78.441      *

Between Level

 SPR_PA     ON
    ANHEDONIA          0.001       0.012      0.460      -0.024       0.025

 SPR_NA     ON
    ANHEDONIA          0.008       0.011      0.241      -0.014       0.030

 PA         ON
    ANHEDONIA         -0.407       0.105      0.000      -0.609      -0.202      *

 NA         ON
    ANHEDONIA          0.172       0.081      0.018       0.014       0.332      *

 NA       WITH
    PA               -15.856       8.528      0.031     -33.496       0.637

 Means
    SPA_PA             2.116       0.229      0.000       1.709       2.585      *
    SNA_NA             1.932       0.221      0.000       1.517       2.392      *

 Intercepts
    PA                39.118       0.934      0.000      37.333      41.026      *
    NA                15.668       0.747      0.000      14.180      17.100      *
    SPR_PA             1.445       0.193      0.000       1.094       1.875      *
    SPR_NA            -0.097       0.105      0.171      -0.320       0.090

 Variances
    SPA_PA             1.000       0.000      0.000       1.000       1.000
    SNA_NA             1.000       0.000      0.000       1.000       1.000

 Residual Variances
    PA               111.980      15.086      0.000      87.798     145.441      *
    NA                70.336       9.850      0.000      54.572      92.516      *
    SPR_PA             0.997       0.009      0.000       0.969       1.000      *
    SPR_NA             0.996       0.010      0.000       0.964       1.000      *


R-SQUARE

Within-Level R-Square Averaged Across Clusters

                                Posterior  One-Tailed         95% C.I.
    Variable        Estimate       S.D.      P-Value   Lower 2.5%  Upper 2.5%

    PA                 0.232       0.009      0.000       0.215       0.250
    NA                 0.165       0.008      0.000       0.147       0.180

Between Level

                                Posterior  One-Tailed         95% C.I.
    Variable        Estimate       S.D.      P-Value   Lower 2.5%  Upper 2.5%

    PA                 0.056       0.028      0.000       0.013       0.121
    NA                 0.017       0.016      0.000       0.000       0.061

                                Posterior  One-Tailed         95% C.I.
    Variable        Estimate       S.D.      P-Value   Lower 2.5%  Upper 2.5%

    SPR_PA             0.003       0.009      0.000       0.000       0.030
    SPR_NA             0.004       0.010      0.000       0.000       0.036


CREDIBILITY INTERVALS OF MODEL RESULTS

                  Lower .5%  Lower 2.5%    Lower 5%    Estimate    Upper 5%  Upper 2.5%   Upper .5%

Within Level

 NA       WITH
    PA             -53.944     -53.107     -52.596     -50.266     -48.229     -47.779     -47.025

 Means
    PER_ATT         30.089      30.267      30.385      30.849      31.291      31.374      31.613

 Variances
    PER_ATT        598.817     604.984     607.941     623.431     639.864     643.162     649.163

 Residual Variances
    PA             124.784     125.883     126.431     130.022     133.768     134.454     135.576
    NA              72.495      73.443      73.735      75.846      78.070      78.441      79.282

Between Level

 SPR_PA   ON
    ANHEDONIA       -0.003      -0.002      -0.002       0.000       0.002       0.003       0.003

 SPR_NA   ON
    ANHEDONIA       -0.002      -0.001      -0.001       0.001       0.002       0.003       0.003

 PA       ON
    ANHEDONIA       -0.678      -0.609      -0.580      -0.407      -0.231      -0.202      -0.145

 NA       ON
    ANHEDONIA       -0.030       0.014       0.038       0.172       0.306       0.332       0.374

 NA       WITH
    PA             -38.368     -33.496     -30.180     -15.856      -2.287       0.637       7.234

 Means
    SPA_PA           0.286       0.300       0.305       0.332       0.358       0.363       0.377
    SNA_NA           0.259       0.272       0.278       0.308       0.336       0.340       0.349

 Intercepts
    PA              36.663      37.333      37.647      39.118      40.659      41.026      41.538
    NA              13.744      14.180      14.415      15.668      16.907      17.100      17.507
    SPR_PA           0.110       0.118       0.123       0.141       0.159       0.162       0.168
    SPR_NA          -0.033      -0.027      -0.024      -0.009       0.006       0.008       0.014

 Variances
    SPA_PA           0.016       0.017       0.018       0.025       0.033       0.035       0.038
    SNA_NA           0.016       0.018       0.019       0.025       0.034       0.036       0.040

 Residual Variances
    PA              79.428      87.798      91.053     111.980     139.873     145.441     156.175
    NA              50.541      54.572      56.667      70.336      88.214      92.516     101.130
    SPR_PA           0.006       0.006       0.007       0.009       0.013       0.014       0.016
    SPR_NA           0.005       0.005       0.006       0.008       0.010       0.011       0.012


CREDIBILITY INTERVALS OF STANDARDIZED MODEL RESULTS


STDYX Standardization

                  Lower .5%  Lower 2.5%    Lower 5%    Estimate    Upper 5%  Upper 2.5%   Upper .5%

Within Level

 NA       WITH
    PA               0.000      -0.525       0.000      -0.507       0.000      -0.490       0.000

 Means
    PER_ATT          0.000       1.207       0.000       1.235       0.000       1.264       0.000

 Variances
    PER_ATT          0.000       1.000       0.000       1.000       0.000       1.000       0.000

 Residual Variances
    PA               0.000       0.749       0.000       0.768       0.000       0.785       0.000
    NA               0.000       0.820       0.000       0.835       0.000       0.852       0.000

Between Level

 SPR_PA   ON
    ANHEDONIA       -0.197      -0.152      -0.124       0.009       0.138       0.159       0.195

 SPR_NA   ON
    ANHEDONIA       -0.126      -0.091      -0.070       0.053       0.169       0.190       0.228

 PA       ON
    ANHEDONIA       -0.375      -0.348      -0.331      -0.236      -0.133      -0.116      -0.083

 NA       ON
    ANHEDONIA       -0.023       0.010       0.028       0.129       0.227       0.247       0.271

 NA       WITH
    PA              -0.388      -0.342      -0.319      -0.181      -0.026       0.007       0.086

 Means
    SPA_PA           1.605       1.709       1.764       2.116       2.515       2.585       2.749
    SNA_NA           1.403       1.517       1.593       1.932       2.308       2.392       2.582

 Intercepts
    PA               3.007       3.127       3.201       3.581       3.988       4.059       4.254
    NA               1.474       1.560       1.606       1.849       2.100       2.139       2.239
    SPR_PA           0.969       1.094       1.161       1.445       1.795       1.875       2.019
    SPR_NA          -0.383      -0.320      -0.275      -0.097       0.064       0.090       0.157

 Variances
    SPA_PA           1.000       1.000       1.000       1.000       1.000       1.000       1.000
    SNA_NA           1.000       1.000       1.000       1.000       1.000       1.000       1.000

 Residual Variances
    PA               0.860       0.879       0.890       0.944       0.982       0.986       0.993
    NA               0.926       0.939       0.948       0.983       0.999       1.000       1.000
    SPR_PA           0.952       0.969       0.976       0.997       1.000       1.000       1.000
    SPR_NA           0.947       0.964       0.971       0.996       1.000       1.000       1.000


STDY Standardization

                  Lower .5%  Lower 2.5%    Lower 5%    Estimate    Upper 5%  Upper 2.5%   Upper .5%

Within Level

 NA       WITH
    PA               0.000      -0.525       0.000      -0.507       0.000      -0.490       0.000

 Means
    PER_ATT          0.000       1.207       0.000       1.235       0.000       1.264       0.000

 Variances
    PER_ATT          0.000       1.000       0.000       1.000       0.000       1.000       0.000

 Residual Variances
    PA               0.000       0.749       0.000       0.768       0.000       0.785       0.000
    NA               0.000       0.820       0.000       0.835       0.000       0.852       0.000

Between Level

 SPR_PA   ON
    ANHEDONIA       -0.031      -0.024      -0.020       0.001       0.022       0.025       0.031

 SPR_NA   ON
    ANHEDONIA       -0.020      -0.014      -0.011       0.008       0.027       0.030       0.036

 PA       ON
    ANHEDONIA       -0.059      -0.055      -0.052      -0.037      -0.021      -0.018      -0.013

 NA       ON
    ANHEDONIA       -0.004       0.002       0.004       0.020       0.036       0.039       0.043

 NA       WITH
    PA              -0.388      -0.342      -0.319      -0.181      -0.026       0.007       0.086

 Means
    SPA_PA           1.605       1.709       1.764       2.116       2.515       2.585       2.749
    SNA_NA           1.403       1.517       1.593       1.932       2.308       2.392       2.582

 Intercepts
    PA               3.007       3.127       3.201       3.581       3.988       4.059       4.254
    NA               1.474       1.560       1.606       1.849       2.100       2.139       2.239
    SPR_PA           0.969       1.094       1.161       1.445       1.795       1.875       2.019
    SPR_NA          -0.383      -0.320      -0.275      -0.097       0.064       0.090       0.157

 Variances
    SPA_PA           1.000       1.000       1.000       1.000       1.000       1.000       1.000
    SNA_NA           1.000       1.000       1.000       1.000       1.000       1.000       1.000

 Residual Variances
    PA               0.860       0.879       0.890       0.944       0.982       0.986       0.993
    NA               0.926       0.939       0.948       0.983       0.999       1.000       1.000
    SPR_PA           0.952       0.969       0.976       0.997       1.000       1.000       1.000
    SPR_NA           0.947       0.964       0.971       0.996       1.000       1.000       1.000


STD Standardization

                  Lower .5%  Lower 2.5%    Lower 5%    Estimate    Upper 5%  Upper 2.5%   Upper .5%

Within Level

 NA       WITH
    PA               0.000     -53.107       0.000     -50.266       0.000     -47.779       0.000

 Means
    PER_ATT          0.000      30.267       0.000      30.849       0.000      31.374       0.000

 Variances
    PER_ATT          0.000     604.984       0.000     623.431       0.000     643.162       0.000

 Residual Variances
    PA               0.000     125.883       0.000     130.022       0.000     134.454       0.000
    NA               0.000      73.443       0.000      75.846       0.000      78.441       0.000

Between Level

 SPR_PA   ON
    ANHEDONIA       -0.031      -0.024      -0.020       0.001       0.022       0.025       0.031

 SPR_NA   ON
    ANHEDONIA       -0.020      -0.014      -0.011       0.008       0.027       0.030       0.036

 PA       ON
    ANHEDONIA       -0.678      -0.609      -0.580      -0.407      -0.231      -0.202      -0.145

 NA       ON
    ANHEDONIA       -0.030       0.014       0.038       0.172       0.306       0.332       0.374

 NA       WITH
    PA             -38.368     -33.496     -30.180     -15.856      -2.287       0.637       7.234

 Means
    SPA_PA           1.605       1.709       1.764       2.116       2.515       2.585       2.749
    SNA_NA           1.403       1.517       1.593       1.932       2.308       2.392       2.582

 Intercepts
    PA              36.663      37.333      37.647      39.118      40.659      41.026      41.538
    NA              13.744      14.180      14.415      15.668      16.907      17.100      17.507
    SPR_PA           0.969       1.094       1.161       1.445       1.795       1.875       2.019
    SPR_NA          -0.383      -0.320      -0.275      -0.097       0.064       0.090       0.157

 Variances
    SPA_PA           1.000       1.000       1.000       1.000       1.000       1.000       1.000
    SNA_NA           1.000       1.000       1.000       1.000       1.000       1.000       1.000

 Residual Variances
    PA              79.428      87.798      91.053     111.980     139.873     145.441     156.175
    NA              50.541      54.572      56.667      70.336      88.214      92.516     101.130
    SPR_PA           0.952       0.969       0.976       0.997       1.000       1.000       1.000
    SPR_NA           0.947       0.964       0.971       0.996       1.000       1.000       1.000


TECHNICAL 1 OUTPUT


     PARAMETER SPECIFICATION FOR WITHIN


           NU
              PER_ATT       PA            NA            PA&1          NA&1
              ________      ________      ________      ________      ________
                    0             0             0             0             0


           LAMBDA
              PER_ATT       PA            NA            PA&1          NA&1
              ________      ________      ________      ________      ________
 PER_ATT            0             0             0             0             0
 PA                 0             0             0             0             0
 NA                 0             0             0             0             0
 PA&1               0             0             0             0             0
 NA&1               0             0             0             0             0


           THETA
              PER_ATT       PA            NA            PA&1          NA&1
              ________      ________      ________      ________      ________
 PER_ATT            0
 PA                 0             0
 NA                 0             0             0
 PA&1               0             0             0             0
 NA&1               0             0             0             0             0


           ALPHA
              PER_ATT       PA            NA            PA&1          NA&1
              ________      ________      ________      ________      ________
                    1             0             0             0             0


           BETA
              PER_ATT       PA            NA            PA&1          NA&1
              ________      ________      ________      ________      ________
 PER_ATT            0             0             0             0             0
 PA                 0             0             0             0             0
 NA                 0             0             0             0             0
 PA&1               0             0             0             0             0
 NA&1               0             0             0             0             0


           PSI
              PER_ATT       PA            NA            PA&1          NA&1
              ________      ________      ________      ________      ________
 PER_ATT            2
 PA                 0             3
 NA                 0             4             5
 PA&1               0             0             0             0
 NA&1               0             0             0             0             0


     PARAMETER SPECIFICATION FOR BETWEEN


           NU
              PA            NA            ANHEDONI
              ________      ________      ________
                    0             0             0


           LAMBDA
              SPR_PA        SPR_NA        SPA_PA        SNA_NA        PA
              ________      ________      ________      ________      ________
 PA                 0             0             0             0             0
 NA                 0             0             0             0             0
 ANHEDONI           0             0             0             0             0


           LAMBDA
              NA            ANHEDONI
              ________      ________
 PA                 0             0
 NA                 0             0
 ANHEDONI           0             0


           THETA
              PA            NA            ANHEDONI
              ________      ________      ________
 PA                 0
 NA                 0             0
 ANHEDONI           0             0             0


           ALPHA
              SPR_PA        SPR_NA        SPA_PA        SNA_NA        PA
              ________      ________      ________      ________      ________
                    6             7             8             9            10


           ALPHA
              NA            ANHEDONI
              ________      ________
                   11             0


           BETA
              SPR_PA        SPR_NA        SPA_PA        SNA_NA        PA
              ________      ________      ________      ________      ________
 SPR_PA             0             0             0             0             0
 SPR_NA             0             0             0             0             0
 SPA_PA             0             0             0             0             0
 SNA_NA             0             0             0             0             0
 PA                 0             0             0             0             0
 NA                 0             0             0             0             0
 ANHEDONI           0             0             0             0             0


           BETA
              NA            ANHEDONI
              ________      ________
 SPR_PA             0            12
 SPR_NA             0            13
 SPA_PA             0             0
 SNA_NA             0             0
 PA                 0            14
 NA                 0            15
 ANHEDONI           0             0


           PSI
              SPR_PA        SPR_NA        SPA_PA        SNA_NA        PA
              ________      ________      ________      ________      ________
 SPR_PA            16
 SPR_NA             0            17
 SPA_PA             0             0            18
 SNA_NA             0             0             0            19
 PA                 0             0             0             0            20
 NA                 0             0             0             0            21
 ANHEDONI           0             0             0             0             0


           PSI
              NA            ANHEDONI
              ________      ________
 NA                22
 ANHEDONI           0             0


     STARTING VALUES FOR WITHIN


           NU
              PER_ATT       PA            NA            PA&1          NA&1
              ________      ________      ________      ________      ________
                0.000         0.000         0.000         0.000         0.000


           LAMBDA
              PER_ATT       PA            NA            PA&1          NA&1
              ________      ________      ________      ________      ________
 PER_ATT        1.000         0.000         0.000         0.000         0.000
 PA             0.000         1.000         0.000         0.000         0.000
 NA             0.000         0.000         1.000         0.000         0.000
 PA&1           0.000         0.000         0.000         1.000         0.000
 NA&1           0.000         0.000         0.000         0.000         1.000


           THETA
              PER_ATT       PA            NA            PA&1          NA&1
              ________      ________      ________      ________      ________
 PER_ATT        0.000
 PA             0.000         0.000
 NA             0.000         0.000         0.000
 PA&1           0.000         0.000         0.000         0.000
 NA&1           0.000         0.000         0.000         0.000         0.000


           ALPHA
              PER_ATT       PA            NA            PA&1          NA&1
              ________      ________      ________      ________      ________
                0.000         0.000         0.000         0.000         0.000


           BETA
              PER_ATT       PA            NA            PA&1          NA&1
              ________      ________      ________      ________      ________
 PER_ATT        0.000         0.000         0.000         0.000         0.000
 PA             0.000         0.000         0.000         0.000         0.000
 NA             0.000         0.000         0.000         0.000         0.000
 PA&1           0.000         0.000         0.000         0.000         0.000
 NA&1           0.000         0.000         0.000         0.000         0.000


           PSI
              PER_ATT       PA            NA            PA&1          NA&1
              ________      ________      ________      ________      ________
 PER_ATT      310.581
 PA             0.000       151.736
 NA             0.000         0.000        82.455
 PA&1           0.000         0.000         0.000       151.854
 NA&1           0.000         0.000         0.000         0.000        82.346


     STARTING VALUES FOR BETWEEN


           NU
              PA            NA            ANHEDONI
              ________      ________      ________
                0.000         0.000         0.000


           LAMBDA
              SPR_PA        SPR_NA        SPA_PA        SNA_NA        PA
              ________      ________      ________      ________      ________
 PA             0.000         0.000         0.000         0.000         1.000
 NA             0.000         0.000         0.000         0.000         0.000
 ANHEDONI       0.000         0.000         0.000         0.000         0.000


           LAMBDA
              NA            ANHEDONI
              ________      ________
 PA             0.000         0.000
 NA             1.000         0.000
 ANHEDONI       0.000         1.000


           THETA
              PA            NA            ANHEDONI
              ________      ________      ________
 PA             0.000
 NA             0.000         0.000
 ANHEDONI       0.000         0.000         0.000


           ALPHA
              SPR_PA        SPR_NA        SPA_PA        SNA_NA        PA
              ________      ________      ________      ________      ________
                0.000         0.000         0.000         0.000        46.383


           ALPHA
              NA            ANHEDONI
              ________      ________
               14.975         0.000


           BETA
              SPR_PA        SPR_NA        SPA_PA        SNA_NA        PA
              ________      ________      ________      ________      ________
 SPR_PA         0.000         0.000         0.000         0.000         0.000
 SPR_NA         0.000         0.000         0.000         0.000         0.000
 SPA_PA         0.000         0.000         0.000         0.000         0.000
 SNA_NA         0.000         0.000         0.000         0.000         0.000
 PA             0.000         0.000         0.000         0.000         0.000
 NA             0.000         0.000         0.000         0.000         0.000
 ANHEDONI       0.000         0.000         0.000         0.000         0.000


           BETA
              NA            ANHEDONI
              ________      ________
 SPR_PA         0.000         0.000
 SPR_NA         0.000         0.000
 SPA_PA         0.000         0.000
 SNA_NA         0.000         0.000
 PA             0.000         0.000
 NA             0.000         0.000
 ANHEDONI       0.000         0.000


           PSI
              SPR_PA        SPR_NA        SPA_PA        SNA_NA        PA
              ________      ________      ________      ________      ________
 SPR_PA         1.000
 SPR_NA         0.000         1.000
 SPA_PA         0.000         0.000         1.000
 SNA_NA         0.000         0.000         0.000         1.000
 PA             0.000         0.000         0.000         0.000       151.736
 NA             0.000         0.000         0.000         0.000         0.000
 ANHEDONI       0.000         0.000         0.000         0.000         0.000


           PSI
              NA            ANHEDONI
              ________      ________
 NA            82.455
 ANHEDONI       0.000        40.163



     PRIORS FOR ALL PARAMETERS            PRIOR MEAN      PRIOR VARIANCE     PRIOR STD. DEV.

     Parameter 1~N(0.000,infinity)           0.0000            infinity            infinity
     Parameter 2~IG(-1.000,0.000)          infinity            infinity            infinity
     Parameter 3~IW(0.000,-3)              infinity            infinity            infinity
     Parameter 4~IW(0.000,-3)              infinity            infinity            infinity
     Parameter 5~IW(0.000,-3)              infinity            infinity            infinity
     Parameter 6~N(0.000,infinity)           0.0000            infinity            infinity
     Parameter 7~N(0.000,infinity)           0.0000            infinity            infinity
     Parameter 8~N(0.000,infinity)           0.0000            infinity            infinity
     Parameter 9~N(0.000,infinity)           0.0000            infinity            infinity
     Parameter 10~N(0.000,infinity)          0.0000            infinity            infinity
     Parameter 11~N(0.000,infinity)          0.0000            infinity            infinity
     Parameter 12~N(0.000,infinity)          0.0000            infinity            infinity
     Parameter 13~N(0.000,infinity)          0.0000            infinity            infinity
     Parameter 14~N(0.000,infinity)          0.0000            infinity            infinity
     Parameter 15~N(0.000,infinity)          0.0000            infinity            infinity
     Parameter 16~IG(-1.000,0.000)         infinity            infinity            infinity
     Parameter 17~IG(-1.000,0.000)         infinity            infinity            infinity
     Parameter 18~IG(-1.000,0.000)         infinity            infinity            infinity
     Parameter 19~IG(-1.000,0.000)         infinity            infinity            infinity
     Parameter 20~IW(0.000,-3)             infinity            infinity            infinity
     Parameter 21~IW(0.000,-3)             infinity            infinity            infinity
     Parameter 22~IW(0.000,-3)             infinity            infinity            infinity


TECHNICAL 8 OUTPUT


   TECHNICAL 8 OUTPUT FOR BAYES ESTIMATION

     PROCESSOR    BSEED
     1            0
     2            285380
     3            253358
     4            93468
     5            608496
     6            903420
     7            195873
     8            462953
     9            939021
     10           127215
     11           415931
     12           533738
     13           107446
     14           399671
     15           650371
     16           27071

                     POTENTIAL       PARAMETER WITH
     ITERATION    SCALE REDUCTION      HIGHEST PSR
     100              1.041               19
     200              1.051               10
     300              1.043               7
     400              1.031               5
     500              1.027               5
     600              1.019               5
     700              1.019               5
     800              1.022               5
     900              1.019               5
     1000             1.013               5
     1100             1.013               5
     1200             1.004               8
     1300             1.004               1
     1400             1.006               6
     1500             1.006               6
     1600             1.007               6
     1700             1.003               11
     1800             1.003               4
     1900             1.002               7
     2000             1.001               7


PLOT INFORMATION

The following plots are available:

  Histograms (sample values)
  Scatterplots (sample values)
  Between-level histograms (sample values, sample means/variances)
  Between-level scatterplots (sample values, sample means/variances)
  Time series plots (sample values, ACF, PACF)
  Histogram of subjects per time point
  Time interval plots
  Bayesian posterior parameter distributions
  Bayesian posterior parameter trace plots
  Bayesian autocorrelation plots

     Beginning Time:  01:49:16
        Ending Time:  01:50:45
       Elapsed Time:  00:01:29



MUTHEN & MUTHEN
3463 Stoner Ave.
Los Angeles, CA  90066

Tel: (310) 391-9971
Fax: (310) 391-8971
Web: www.StatModel.com
Support: Support@StatModel.com

Copyright (c) 1998-2022 Muthen & Muthen
