Mplus VERSION 8.8
MUTHEN & MUTHEN
07/13/2023  11:24 PM

INPUT INSTRUCTIONS


  DATA:
  FILE IS data3.dat;

  VARIABLE:   NAMES =
  	    Eth_ID Time Time_between Time_inc
  	    PA_enth NA_irri NA_verv PA_tevr PA_ener
       	    PA_kalm NA_nerv PA_daadk NA_verdr
  	    PA_vrol NA_boos PA_dankb NA_somb PER_att
      	    PER_refl PER_self PER_expr PER_damp
  	    PER_codamp PER_capit Sample age_yr gesl BDI
      	    Measures_valid BDI_anh Anhedonia
   	    BDI_sum PA NA day compliance;

              USEVARIABLES are PER_damp PA NA Anhedonia;
              MISSING is .;
              within = PER_damp;
              between = Anhedonia;
              cluster = Eth_ID;
              lagged= PA NA(1);
              tinterval=Time_inc (150);

  DEFINE:     CENTER Anhedonia (grandmean);

  ANALYSIS:   type = twolevel random;
              estimator = Bayes;
              biterations=(2000);
              bconvergence=0.005;
              thin=2;
              PROCESSORS=16;
  MODEL:
  %WITHIN%
  sPR_PA | PA on PER_damp;
  sPR_NA | NA on PER_damp;
  sPA_PA | PA on PA&1;
  sNA_NA | NA on NA&1;
  [PER_damp];


  %between%
  sPR_PA sPR_NA on Anhedonia;
  PA NA on Anhedonia;


  OUTPUT: standardized tech1 tech8 cinterval patterns;
  PLOT: TYPE = PLOT3;



*** WARNING in VARIABLE command
  Note that only the first 8 characters of variable names are used in the output.
  Shorten variable names to avoid any confusion.
*** WARNING in PLOT command
  Note that only the first 8 characters of variable names are used in plots.
  If variable names are not unique within the first 8 characters, problems
  may occur.
*** WARNING
  One or more individual-level variables have no variation within a
  cluster for the following clusters.

     Variable   Cluster IDs with no within-cluster variation

      PER_DAMP    23 82 71 165 148 127 177 180

*** WARNING
  Data set contains cases with missing on all variables.  Cases that appeared before the first
  case with observed data and that appeared after the last case with observed data were not
  included in the analysis.  Number of deleted cases:  1179
   4 WARNING(S) FOUND IN THE INPUT INSTRUCTIONS




SUMMARY OF ANALYSIS

Number of groups                                                 1
Number of observations                                       22552

Number of dependent variables                                    2
Number of independent variables                                  4
Number of continuous latent variables                            4

Observed dependent variables

  Continuous
   PA          NA

Observed independent variables
   PER_DAMP    ANHEDONI    PA&1        NA&1

Continuous latent variables
   SPR_PA      SPR_NA      SPA_PA      SNA_NA

Variables with special functions

  Cluster variable      ETH_ID

  Within variables
   PER_DAMP    PA&1        NA&1

  Between variables
   ANHEDONI

  Centering (GRANDMEAN)
   ANHEDONI


Estimator                                                    BAYES
Specifications for Bayesian Estimation
  Point estimate                                            MEDIAN
  Number of Markov chain Monte Carlo (MCMC) chains               2
  Random seed for the first chain                                0
  Starting value information                           UNPERTURBED
  Algorithm used for Markov chain Monte Carlo           GIBBS(PX1)
  Convergence criterion                                  0.500D-02
  Maximum number of iterations                               50000
  K-th iteration used for thinning                               2

Input data file(s)
  data3.dat
Input data format  FREE


SUMMARY OF DATA

     Number of clusters                        189

       Size (s)    Cluster ID with Size s

         13        150
         14        23 158
         22        175
         30        83
         33        8
         41        58
         43        41
         48        85
         51        17
         53        152
         56        28
         58        33
         67        121
         80        82
         84        87
         88        72
         89        143
         91        140
         96        113
         97        34
        100        134 157
        101        10
        103        164
        105        52
        106        154
        107        101
        108        119
        109        90
        111        36
        113        182
        115        89 91 131
        116        78 15 77 188 75
        117        11
        118        57 66 195 49 16
        119        50 149 92 197 38 106 163 71 48 186
        120        192 61 165 168 108 55 148 7 98
        121        189
        122        174
        123        127
        124        103 117 184 51 161
        125        100 73 68 88 40 105 93 13 54 123 30 112 44 53
        126        107 76 109 111 172 173 102 120 80 65
        127        139 126 110 115 25 46 67 178 32 193 118 104 130 198
                   133 86 70 177 147 62
        128        18 43 156 180 196 59 5 153 96
        129        135 190 116 141 3 146 187 137 144 185 69 39 125
        130        14 166 138 97
        133        191
        134        2
        135        63 183 60 194 200 201
        136        26 56 122
        137        42 95 155 22 19 4 9
        138        29 94 132
        139        37 79 21 84 145 114 45 35 74
        142        27
        143        179
        144        171 24 170
        145        1 162 20 124
        146        6 167 151
        147        142 31
        148        176 159



SUMMARY OF MISSING DATA PATTERNS

     Number of missing data patterns            14


     MISSING DATA PATTERNS (x = not missing)

           1  2  3  4  5  6  7  8  9 10 11 12 13 14
 PER_DAMP  x  x           x     x           x     x
 PA        x  x        x     x     x     x  x     x
 NA        x  x        x     x              x  x  x
 PA&1      x     x           x  x  x  x     x
 NA&1      x     x           x  x  x              x
 ANHEDONI  x  x  x  x  x  x  x  x  x  x  x  x  x  x


     MISSING DATA PATTERN FREQUENCIES

    Pattern   Frequency     Pattern   Frequency     Pattern   Frequency
          1        5012           6           2          11           4
          2        3474           7          58          12           5
          3        3366           8           3          13           1
          4       10544           9           2          14           1
          5          79          10           1


COVARIANCE COVERAGE OF DATA

Minimum covariance coverage value   0.100


     PROPORTION OF DATA PRESENT


           Covariance Coverage
              PER_DAMP      PA            NA            ANHEDONI
              ________      ________      ________      ________
 PER_DAMP       0.377
 PA             0.377         0.383
 NA             0.377         0.383         0.383
 ANHEDONI       0.377         0.383         0.383         1.000



UNIVARIATE SAMPLE STATISTICS


     UNIVARIATE HIGHER-ORDER MOMENT DESCRIPTIVE STATISTICS

         Variable/         Mean/     Skewness/   Minimum/ % with                Percentiles
        Sample Size      Variance    Kurtosis    Maximum  Min/Max      20%/60%    40%/80%    Median

     PER_DAMP             11.816       2.101       0.000   21.94%       0.000      5.000      7.000
            8497.000     226.931       4.504     100.000    0.01%       9.000     18.000
     PA                   45.695      -0.023       0.000    0.28%      30.857     41.714     46.143
            8635.000     302.313      -0.227     100.000    0.07%      50.429     60.429
     NA                   15.181       1.393       0.000    6.94%       5.167      9.333     11.667
            8630.000     166.729       1.923      80.667    0.01%      14.500     23.333
     ANHEDONIA             0.000       0.540     -18.101    0.53%      -7.447     -2.612     -0.726
             189.000      76.569       0.578      30.245    0.53%       1.513      6.193


     WARNING: PROBLEMS OCCURRED IN SEVERAL ITERATIONS IN THE COMPUTATION OF THE STANDARDIZED ESTIMATES FOR SEVERAL
     CLUSTERS. THIS IS MOST LIKELY DUE TO AR COEFFICIENTS GREATER THAN 1 OR PARAMETERS GIVING NON-STATIONARY MODELS.
     SUCH POSTERIOR DRAWS ARE REMOVED. THE FOLLOWING CLUSTERS HAD SUCH PROBLEMS:
          150 33 140 101

THE MODEL ESTIMATION TERMINATED NORMALLY

     USE THE FBITERATIONS OPTION TO INCREASE THE NUMBER OF ITERATIONS BY A FACTOR
     OF AT LEAST TWO TO CHECK CONVERGENCE AND THAT THE PSR VALUE DOES NOT INCREASE.



MODEL FIT INFORMATION

Number of Free Parameters                              22

Information Criteria

          Deviance (DIC)                       555131.157
          Estimated Number of Parameters (pD)   39278.245



MODEL RESULTS

                                Posterior  One-Tailed         95% C.I.
                    Estimate       S.D.      P-Value   Lower 2.5%  Upper 2.5%  Significance

Within Level

 NA       WITH
    PA               -48.304       1.268      0.000     -50.852     -45.841      *

 Means
    PER_DAMP          11.798       0.169      0.000      11.459      12.128      *

 Variances
    PER_DAMP         227.995       3.515      0.000     221.034     235.140      *

 Residual Variances
    PA               136.123       2.213      0.000     131.718     140.465      *
    NA                72.687       1.207      0.000      70.380      75.140      *

Between Level

 SPR_PA     ON
    ANHEDONIA          0.003       0.002      0.058      -0.001       0.007

 SPR_NA     ON
    ANHEDONIA         -0.002       0.002      0.137      -0.006       0.002

 PA         ON
    ANHEDONIA         -0.496       0.102      0.000      -0.699      -0.299      *

 NA         ON
    ANHEDONIA          0.200       0.063      0.001       0.074       0.321      *

 NA       WITH
    PA               -12.545       6.644      0.023     -25.979      -0.349      *

 Means
    SPA_PA             0.363       0.018      0.000       0.327       0.398      *
    SNA_NA             0.288       0.018      0.000       0.253       0.322      *

 Intercepts
    PA                47.540       0.891      0.000      45.806      49.224      *
    NA                11.414       0.555      0.000      10.308      12.475      *
    SPR_PA            -0.089       0.019      0.000      -0.126      -0.052      *
    SPR_NA             0.222       0.017      0.000       0.189       0.256      *

 Variances
    SPA_PA             0.032       0.006      0.000       0.023       0.045      *
    SNA_NA             0.030       0.005      0.000       0.021       0.042      *

 Residual Variances
    PA               128.409      14.739      0.000     103.314     160.382      *
    NA                46.368       5.705      0.000      36.586      59.247      *
    SPR_PA             0.021       0.006      0.000       0.012       0.034      *
    SPR_NA             0.024       0.005      0.000       0.017       0.035      *


STANDARDIZED MODEL RESULTS


STDYX Standardization

                                Posterior  One-Tailed         95% C.I.
                    Estimate       S.D.      P-Value   Lower 2.5%  Upper 2.5%  Significance

Within-Level Standardized Estimates Averaged Over Clusters

 SPR_PA | PA ON
    PER_DAMP          -0.098       0.017      0.000      -0.130      -0.066      *

 SPA_PA | PA ON
    PA&1               0.365       0.012      0.000       0.340       0.386      *

 SPR_NA | NA ON
    PER_DAMP           0.318       0.016      0.000       0.287       0.349      *

 SNA_NA | NA ON
    NA&1               0.289       0.013      0.000       0.262       0.313      *

 NA       WITH
    PA                -0.486       0.009      0.000      -0.503      -0.469      *

 Means
    PER_DAMP           0.781       0.013      0.000       0.755       0.807      *

 Variances
    PER_DAMP           1.000       0.000      0.000       1.000       1.000

 Residual Variances
    PA                 0.799       0.010      0.000       0.779       0.819      *
    NA                 0.746       0.011      0.000       0.722       0.766      *

Between Level

 SPR_PA     ON
    ANHEDONIA          0.141       0.089      0.058      -0.041       0.315

 SPR_NA     ON
    ANHEDONIA         -0.089       0.079      0.137      -0.240       0.071

 PA         ON
    ANHEDONIA         -0.265       0.052      0.000      -0.364      -0.160      *

 NA         ON
    ANHEDONIA          0.182       0.056      0.001       0.066       0.289      *

 NA       WITH
    PA                -0.165       0.082      0.023      -0.318      -0.004      *

 Means
    SPA_PA             2.039       0.224      0.000       1.629       2.486      *
    SNA_NA             1.659       0.196      0.000       1.316       2.084      *

 Intercepts
    PA                 4.039       0.235      0.000       3.601       4.533      *
    NA                 1.645       0.122      0.000       1.412       1.886      *
    SPR_PA            -0.611       0.147      0.000      -0.900      -0.330      *
    SPR_NA             1.412       0.164      0.000       1.105       1.743      *

 Variances
    SPA_PA             1.000       0.000      0.000       1.000       1.000
    SNA_NA             1.000       0.000      0.000       1.000       1.000

 Residual Variances
    PA                 0.930       0.028      0.000       0.867       0.974      *
    NA                 0.967       0.020      0.000       0.916       0.996      *
    SPR_PA             0.980       0.027      0.000       0.901       1.000      *
    SPR_NA             0.992       0.016      0.000       0.942       1.000      *


STDY Standardization

                                Posterior  One-Tailed         95% C.I.
                    Estimate       S.D.      P-Value   Lower 2.5%  Upper 2.5%  Significance

Within-Level Standardized Estimates Averaged Over Clusters

 SPR_PA | PA ON
    PER_DAMP          -0.098       0.017      0.000      -0.130      -0.066      *

 SPA_PA | PA ON
    PA&1               0.027       0.001      0.000       0.025       0.028      *

 SPR_NA | NA ON
    PER_DAMP           0.318       0.016      0.000       0.287       0.349      *

 SNA_NA | NA ON
    NA&1               0.028       0.001      0.000       0.026       0.030      *

 NA       WITH
    PA                -0.486       0.009      0.000      -0.503      -0.469      *

 Means
    PER_DAMP           0.781       0.013      0.000       0.755       0.807      *

 Variances
    PER_DAMP           1.000       0.000      0.000       1.000       1.000

 Residual Variances
    PA                 0.799       0.010      0.000       0.779       0.819      *
    NA                 0.746       0.011      0.000       0.722       0.766      *

Between Level

 SPR_PA     ON
    ANHEDONIA          0.022       0.014      0.058      -0.006       0.050

 SPR_NA     ON
    ANHEDONIA         -0.014       0.012      0.137      -0.038       0.011

 PA         ON
    ANHEDONIA         -0.042       0.008      0.000      -0.058      -0.025      *

 NA         ON
    ANHEDONIA          0.029       0.009      0.001       0.010       0.046      *

 NA       WITH
    PA                -0.165       0.082      0.023      -0.318      -0.004      *

 Means
    SPA_PA             2.039       0.224      0.000       1.629       2.486      *
    SNA_NA             1.659       0.196      0.000       1.316       2.084      *

 Intercepts
    PA                 4.039       0.235      0.000       3.601       4.533      *
    NA                 1.645       0.122      0.000       1.412       1.886      *
    SPR_PA            -0.611       0.147      0.000      -0.900      -0.330      *
    SPR_NA             1.412       0.164      0.000       1.105       1.743      *

 Variances
    SPA_PA             1.000       0.000      0.000       1.000       1.000
    SNA_NA             1.000       0.000      0.000       1.000       1.000

 Residual Variances
    PA                 0.930       0.028      0.000       0.867       0.974      *
    NA                 0.967       0.020      0.000       0.916       0.996      *
    SPR_PA             0.980       0.027      0.000       0.901       1.000      *
    SPR_NA             0.992       0.016      0.000       0.942       1.000      *


STD Standardization

                                Posterior  One-Tailed         95% C.I.
                    Estimate       S.D.      P-Value   Lower 2.5%  Upper 2.5%  Significance

Within-Level Standardized Estimates Averaged Over Clusters

 SPR_PA | PA ON
    PER_DAMP          -0.088       0.015      0.000      -0.117      -0.059      *

 SPA_PA | PA ON
    PA&1               0.365       0.012      0.000       0.340       0.386      *

 SPR_NA | NA ON
    PER_DAMP           0.222       0.012      0.000       0.199       0.245      *

 SNA_NA | NA ON
    NA&1               0.289       0.013      0.000       0.262       0.313      *

 NA       WITH
    PA               -48.322       1.216      0.000     -50.752     -45.947      *

 Means
    PER_DAMP          11.799       0.170      0.000      11.456      12.131      *

 Variances
    PER_DAMP         227.881       3.475      0.000     220.981     235.091      *

 Residual Variances
    PA               136.126       2.151      0.000     131.907     140.331      *
    NA                72.695       1.178      0.000      70.348      74.970      *

Between Level

 SPR_PA     ON
    ANHEDONIA          0.022       0.014      0.058      -0.006       0.050

 SPR_NA     ON
    ANHEDONIA         -0.014       0.012      0.137      -0.038       0.011

 PA         ON
    ANHEDONIA         -0.496       0.102      0.000      -0.699      -0.299      *

 NA         ON
    ANHEDONIA          0.200       0.063      0.001       0.074       0.321      *

 NA       WITH
    PA               -12.545       6.644      0.023     -25.979      -0.349      *

 Means
    SPA_PA             2.039       0.224      0.000       1.629       2.486      *
    SNA_NA             1.659       0.196      0.000       1.316       2.084      *

 Intercepts
    PA                47.540       0.891      0.000      45.806      49.224      *
    NA                11.414       0.555      0.000      10.308      12.475      *
    SPR_PA            -0.611       0.147      0.000      -0.900      -0.330      *
    SPR_NA             1.412       0.164      0.000       1.105       1.743      *

 Variances
    SPA_PA             1.000       0.000      0.000       1.000       1.000
    SNA_NA             1.000       0.000      0.000       1.000       1.000

 Residual Variances
    PA               128.409      14.739      0.000     103.314     160.382      *
    NA                46.368       5.705      0.000      36.586      59.247      *
    SPR_PA             0.980       0.027      0.000       0.901       1.000      *
    SPR_NA             0.992       0.016      0.000       0.942       1.000      *


R-SQUARE

Within-Level R-Square Averaged Across Clusters

                                Posterior  One-Tailed         95% C.I.
    Variable        Estimate       S.D.      P-Value   Lower 2.5%  Upper 2.5%

    PA                 0.201       0.010      0.000       0.181       0.220
    NA                 0.254       0.011      0.000       0.234       0.278

Between Level

                                Posterior  One-Tailed         95% C.I.
    Variable        Estimate       S.D.      P-Value   Lower 2.5%  Upper 2.5%

    PA                 0.070       0.028      0.000       0.025       0.133
    NA                 0.033       0.020      0.000       0.004       0.083

                                Posterior  One-Tailed         95% C.I.
    Variable        Estimate       S.D.      P-Value   Lower 2.5%  Upper 2.5%

    SPR_PA             0.020       0.027      0.000       0.000       0.099
    SPR_NA             0.008       0.016      0.000       0.000       0.058


CREDIBILITY INTERVALS OF MODEL RESULTS

                  Lower .5%  Lower 2.5%    Lower 5%    Estimate    Upper 5%  Upper 2.5%   Upper .5%

Within Level

 NA       WITH
    PA             -51.680     -50.852     -50.362     -48.304     -46.267     -45.841     -44.980

 Means
    PER_DAMP        11.355      11.459      11.523      11.798      12.071      12.128      12.227

 Variances
    PER_DAMP       219.185     221.034     222.215     227.995     233.927     235.140     237.139

 Residual Variances
    PA             130.483     131.718     132.467     136.123     139.820     140.465     142.146
    NA              69.678      70.380      70.729      72.687      74.715      75.140      75.854

Between Level

 SPR_PA   ON
    ANHEDONIA       -0.002      -0.001       0.000       0.003       0.007       0.007       0.009

 SPR_NA   ON
    ANHEDONIA       -0.007      -0.006      -0.005      -0.002       0.001       0.002       0.003

 PA       ON
    ANHEDONIA       -0.763      -0.699      -0.667      -0.496      -0.330      -0.299      -0.244

 NA       ON
    ANHEDONIA        0.040       0.074       0.097       0.200       0.303       0.321       0.355

 NA       WITH
    PA             -30.568     -25.979     -23.983     -12.545      -2.114      -0.349       3.710

 Means
    SPA_PA           0.318       0.327       0.332       0.363       0.392       0.398       0.410
    SNA_NA           0.239       0.253       0.259       0.288       0.318       0.322       0.331

 Intercepts
    PA              45.202      45.806      46.079      47.540      48.991      49.224      49.807
    NA               9.992      10.308      10.501      11.414      12.306      12.475      12.786
    SPR_PA          -0.139      -0.126      -0.119      -0.089      -0.058      -0.052      -0.042
    SPR_NA           0.180       0.189       0.195       0.222       0.250       0.256       0.267

 Variances
    SPA_PA           0.020       0.023       0.024       0.032       0.042       0.045       0.050
    SNA_NA           0.019       0.021       0.022       0.030       0.040       0.042       0.047

 Residual Variances
    PA              97.814     103.314     106.382     128.409     155.056     160.382     173.446
    NA              34.150      36.586      38.116      46.368      56.783      59.247      63.923
    SPR_PA           0.010       0.012       0.013       0.021       0.032       0.034       0.039
    SPR_NA           0.015       0.017       0.018       0.024       0.033       0.035       0.040


CREDIBILITY INTERVALS OF STANDARDIZED MODEL RESULTS


STDYX Standardization

                  Lower .5%  Lower 2.5%    Lower 5%    Estimate    Upper 5%  Upper 2.5%   Upper .5%

Within Level

 NA       WITH
    PA               0.000      -0.503       0.000      -0.486       0.000      -0.469       0.000

 Means
    PER_DAMP         0.000       0.755       0.000       0.781       0.000       0.807       0.000

 Variances
    PER_DAMP         0.000       1.000       0.000       1.000       0.000       1.000       0.000

 Residual Variances
    PA               0.000       0.779       0.000       0.799       0.000       0.819       0.000
    NA               0.000       0.722       0.000       0.746       0.000       0.766       0.000

Between Level

 SPR_PA   ON
    ANHEDONIA       -0.085      -0.041      -0.006       0.141       0.286       0.315       0.368

 SPR_NA   ON
    ANHEDONIA       -0.284      -0.240      -0.216      -0.089       0.044       0.071       0.122

 PA       ON
    ANHEDONIA       -0.395      -0.364      -0.350      -0.265      -0.178      -0.160      -0.133

 NA       ON
    ANHEDONIA        0.035       0.066       0.089       0.182       0.272       0.289       0.320

 NA       WITH
    PA              -0.368      -0.318      -0.294      -0.165      -0.026      -0.004       0.047

 Means
    SPA_PA           1.504       1.629       1.696       2.039       2.418       2.486       2.661
    SNA_NA           1.216       1.316       1.361       1.659       2.010       2.084       2.230

 Intercepts
    PA               3.456       3.601       3.678       4.039       4.442       4.533       4.643
    NA               1.351       1.412       1.452       1.645       1.849       1.886       1.969
    SPR_PA          -1.023      -0.900      -0.864      -0.611      -0.374      -0.330      -0.255
    SPR_NA           1.024       1.105       1.147       1.412       1.693       1.743       1.869

 Variances
    SPA_PA           1.000       1.000       1.000       1.000       1.000       1.000       1.000
    SNA_NA           1.000       1.000       1.000       1.000       1.000       1.000       1.000

 Residual Variances
    PA               0.844       0.867       0.878       0.930       0.968       0.974       0.982
    NA               0.897       0.916       0.926       0.967       0.992       0.996       0.999
    SPR_PA           0.864       0.901       0.918       0.980       1.000       1.000       1.000
    SPR_NA           0.919       0.942       0.953       0.992       1.000       1.000       1.000


STDY Standardization

                  Lower .5%  Lower 2.5%    Lower 5%    Estimate    Upper 5%  Upper 2.5%   Upper .5%

Within Level

 NA       WITH
    PA               0.000      -0.503       0.000      -0.486       0.000      -0.469       0.000

 Means
    PER_DAMP         0.000       0.755       0.000       0.781       0.000       0.807       0.000

 Variances
    PER_DAMP         0.000       1.000       0.000       1.000       0.000       1.000       0.000

 Residual Variances
    PA               0.000       0.779       0.000       0.799       0.000       0.819       0.000
    NA               0.000       0.722       0.000       0.746       0.000       0.766       0.000

Between Level

 SPR_PA   ON
    ANHEDONIA       -0.013      -0.006      -0.001       0.022       0.045       0.050       0.058

 SPR_NA   ON
    ANHEDONIA       -0.045      -0.038      -0.034      -0.014       0.007       0.011       0.019

 PA       ON
    ANHEDONIA       -0.063      -0.058      -0.056      -0.042      -0.028      -0.025      -0.021

 NA       ON
    ANHEDONIA        0.006       0.010       0.014       0.029       0.043       0.046       0.051

 NA       WITH
    PA              -0.368      -0.318      -0.294      -0.165      -0.026      -0.004       0.047

 Means
    SPA_PA           1.504       1.629       1.696       2.039       2.418       2.486       2.661
    SNA_NA           1.216       1.316       1.361       1.659       2.010       2.084       2.230

 Intercepts
    PA               3.456       3.601       3.678       4.039       4.442       4.533       4.643
    NA               1.351       1.412       1.452       1.645       1.849       1.886       1.969
    SPR_PA          -1.023      -0.900      -0.864      -0.611      -0.374      -0.330      -0.255
    SPR_NA           1.024       1.105       1.147       1.412       1.693       1.743       1.869

 Variances
    SPA_PA           1.000       1.000       1.000       1.000       1.000       1.000       1.000
    SNA_NA           1.000       1.000       1.000       1.000       1.000       1.000       1.000

 Residual Variances
    PA               0.844       0.867       0.878       0.930       0.968       0.974       0.982
    NA               0.897       0.916       0.926       0.967       0.992       0.996       0.999
    SPR_PA           0.864       0.901       0.918       0.980       1.000       1.000       1.000
    SPR_NA           0.919       0.942       0.953       0.992       1.000       1.000       1.000


STD Standardization

                  Lower .5%  Lower 2.5%    Lower 5%    Estimate    Upper 5%  Upper 2.5%   Upper .5%

Within Level

 NA       WITH
    PA               0.000     -50.752       0.000     -48.322       0.000     -45.947       0.000

 Means
    PER_DAMP         0.000      11.456       0.000      11.799       0.000      12.131       0.000

 Variances
    PER_DAMP         0.000     220.981       0.000     227.881       0.000     235.091       0.000

 Residual Variances
    PA               0.000     131.907       0.000     136.126       0.000     140.331       0.000
    NA               0.000      70.348       0.000      72.695       0.000      74.970       0.000

Between Level

 SPR_PA   ON
    ANHEDONIA       -0.013      -0.006      -0.001       0.022       0.045       0.050       0.058

 SPR_NA   ON
    ANHEDONIA       -0.045      -0.038      -0.034      -0.014       0.007       0.011       0.019

 PA       ON
    ANHEDONIA       -0.763      -0.699      -0.667      -0.496      -0.330      -0.299      -0.244

 NA       ON
    ANHEDONIA        0.040       0.074       0.097       0.200       0.303       0.321       0.355

 NA       WITH
    PA             -30.568     -25.979     -23.983     -12.545      -2.114      -0.349       3.710

 Means
    SPA_PA           1.504       1.629       1.696       2.039       2.418       2.486       2.661
    SNA_NA           1.216       1.316       1.361       1.659       2.010       2.084       2.230

 Intercepts
    PA              45.202      45.806      46.079      47.540      48.991      49.224      49.807
    NA               9.992      10.308      10.501      11.414      12.306      12.475      12.786
    SPR_PA          -1.023      -0.900      -0.864      -0.611      -0.374      -0.330      -0.255
    SPR_NA           1.024       1.105       1.147       1.412       1.693       1.743       1.869

 Variances
    SPA_PA           1.000       1.000       1.000       1.000       1.000       1.000       1.000
    SNA_NA           1.000       1.000       1.000       1.000       1.000       1.000       1.000

 Residual Variances
    PA              97.814     103.314     106.382     128.409     155.056     160.382     173.446
    NA              34.150      36.586      38.116      46.368      56.783      59.247      63.923
    SPR_PA           0.864       0.901       0.918       0.980       1.000       1.000       1.000
    SPR_NA           0.919       0.942       0.953       0.992       1.000       1.000       1.000


TECHNICAL 1 OUTPUT


     PARAMETER SPECIFICATION FOR WITHIN


           NU
              PER_DAMP      PA            NA            PA&1          NA&1
              ________      ________      ________      ________      ________
                    0             0             0             0             0


           LAMBDA
              PER_DAMP      PA            NA            PA&1          NA&1
              ________      ________      ________      ________      ________
 PER_DAMP           0             0             0             0             0
 PA                 0             0             0             0             0
 NA                 0             0             0             0             0
 PA&1               0             0             0             0             0
 NA&1               0             0             0             0             0


           THETA
              PER_DAMP      PA            NA            PA&1          NA&1
              ________      ________      ________      ________      ________
 PER_DAMP           0
 PA                 0             0
 NA                 0             0             0
 PA&1               0             0             0             0
 NA&1               0             0             0             0             0


           ALPHA
              PER_DAMP      PA            NA            PA&1          NA&1
              ________      ________      ________      ________      ________
                    1             0             0             0             0


           BETA
              PER_DAMP      PA            NA            PA&1          NA&1
              ________      ________      ________      ________      ________
 PER_DAMP           0             0             0             0             0
 PA                 0             0             0             0             0
 NA                 0             0             0             0             0
 PA&1               0             0             0             0             0
 NA&1               0             0             0             0             0


           PSI
              PER_DAMP      PA            NA            PA&1          NA&1
              ________      ________      ________      ________      ________
 PER_DAMP           2
 PA                 0             3
 NA                 0             4             5
 PA&1               0             0             0             0
 NA&1               0             0             0             0             0


     PARAMETER SPECIFICATION FOR BETWEEN


           NU
              PA            NA            ANHEDONI
              ________      ________      ________
                    0             0             0


           LAMBDA
              SPR_PA        SPR_NA        SPA_PA        SNA_NA        PA
              ________      ________      ________      ________      ________
 PA                 0             0             0             0             0
 NA                 0             0             0             0             0
 ANHEDONI           0             0             0             0             0


           LAMBDA
              NA            ANHEDONI
              ________      ________
 PA                 0             0
 NA                 0             0
 ANHEDONI           0             0


           THETA
              PA            NA            ANHEDONI
              ________      ________      ________
 PA                 0
 NA                 0             0
 ANHEDONI           0             0             0


           ALPHA
              SPR_PA        SPR_NA        SPA_PA        SNA_NA        PA
              ________      ________      ________      ________      ________
                    6             7             8             9            10


           ALPHA
              NA            ANHEDONI
              ________      ________
                   11             0


           BETA
              SPR_PA        SPR_NA        SPA_PA        SNA_NA        PA
              ________      ________      ________      ________      ________
 SPR_PA             0             0             0             0             0
 SPR_NA             0             0             0             0             0
 SPA_PA             0             0             0             0             0
 SNA_NA             0             0             0             0             0
 PA                 0             0             0             0             0
 NA                 0             0             0             0             0
 ANHEDONI           0             0             0             0             0


           BETA
              NA            ANHEDONI
              ________      ________
 SPR_PA             0            12
 SPR_NA             0            13
 SPA_PA             0             0
 SNA_NA             0             0
 PA                 0            14
 NA                 0            15
 ANHEDONI           0             0


           PSI
              SPR_PA        SPR_NA        SPA_PA        SNA_NA        PA
              ________      ________      ________      ________      ________
 SPR_PA            16
 SPR_NA             0            17
 SPA_PA             0             0            18
 SNA_NA             0             0             0            19
 PA                 0             0             0             0            20
 NA                 0             0             0             0            21
 ANHEDONI           0             0             0             0             0


           PSI
              NA            ANHEDONI
              ________      ________
 NA                22
 ANHEDONI           0             0


     STARTING VALUES FOR WITHIN


           NU
              PER_DAMP      PA            NA            PA&1          NA&1
              ________      ________      ________      ________      ________
                0.000         0.000         0.000         0.000         0.000


           LAMBDA
              PER_DAMP      PA            NA            PA&1          NA&1
              ________      ________      ________      ________      ________
 PER_DAMP       1.000         0.000         0.000         0.000         0.000
 PA             0.000         1.000         0.000         0.000         0.000
 NA             0.000         0.000         1.000         0.000         0.000
 PA&1           0.000         0.000         0.000         1.000         0.000
 NA&1           0.000         0.000         0.000         0.000         1.000


           THETA
              PER_DAMP      PA            NA            PA&1          NA&1
              ________      ________      ________      ________      ________
 PER_DAMP       0.000
 PA             0.000         0.000
 NA             0.000         0.000         0.000
 PA&1           0.000         0.000         0.000         0.000
 NA&1           0.000         0.000         0.000         0.000         0.000


           ALPHA
              PER_DAMP      PA            NA            PA&1          NA&1
              ________      ________      ________      ________      ________
                0.000         0.000         0.000         0.000         0.000


           BETA
              PER_DAMP      PA            NA            PA&1          NA&1
              ________      ________      ________      ________      ________
 PER_DAMP       0.000         0.000         0.000         0.000         0.000
 PA             0.000         0.000         0.000         0.000         0.000
 NA             0.000         0.000         0.000         0.000         0.000
 PA&1           0.000         0.000         0.000         0.000         0.000
 NA&1           0.000         0.000         0.000         0.000         0.000


           PSI
              PER_DAMP      PA            NA            PA&1          NA&1
              ________      ________      ________      ________      ________
 PER_DAMP     113.466
 PA             0.000       151.157
 NA             0.000         0.000        83.364
 PA&1           0.000         0.000         0.000       151.150
 NA&1           0.000         0.000         0.000         0.000        83.335


     STARTING VALUES FOR BETWEEN


           NU
              PA            NA            ANHEDONI
              ________      ________      ________
                0.000         0.000         0.000


           LAMBDA
              SPR_PA        SPR_NA        SPA_PA        SNA_NA        PA
              ________      ________      ________      ________      ________
 PA             0.000         0.000         0.000         0.000         1.000
 NA             0.000         0.000         0.000         0.000         0.000
 ANHEDONI       0.000         0.000         0.000         0.000         0.000


           LAMBDA
              NA            ANHEDONI
              ________      ________
 PA             0.000         0.000
 NA             1.000         0.000
 ANHEDONI       0.000         1.000


           THETA
              PA            NA            ANHEDONI
              ________      ________      ________
 PA             0.000
 NA             0.000         0.000
 ANHEDONI       0.000         0.000         0.000


           ALPHA
              SPR_PA        SPR_NA        SPA_PA        SNA_NA        PA
              ________      ________      ________      ________      ________
                0.000         0.000         0.000         0.000        45.695


           ALPHA
              NA            ANHEDONI
              ________      ________
               15.181         0.000


           BETA
              SPR_PA        SPR_NA        SPA_PA        SNA_NA        PA
              ________      ________      ________      ________      ________
 SPR_PA         0.000         0.000         0.000         0.000         0.000
 SPR_NA         0.000         0.000         0.000         0.000         0.000
 SPA_PA         0.000         0.000         0.000         0.000         0.000
 SNA_NA         0.000         0.000         0.000         0.000         0.000
 PA             0.000         0.000         0.000         0.000         0.000
 NA             0.000         0.000         0.000         0.000         0.000
 ANHEDONI       0.000         0.000         0.000         0.000         0.000


           BETA
              NA            ANHEDONI
              ________      ________
 SPR_PA         0.000         0.000
 SPR_NA         0.000         0.000
 SPA_PA         0.000         0.000
 SNA_NA         0.000         0.000
 PA             0.000         0.000
 NA             0.000         0.000
 ANHEDONI       0.000         0.000


           PSI
              SPR_PA        SPR_NA        SPA_PA        SNA_NA        PA
              ________      ________      ________      ________      ________
 SPR_PA         1.000
 SPR_NA         0.000         1.000
 SPA_PA         0.000         0.000         1.000
 SNA_NA         0.000         0.000         0.000         1.000
 PA             0.000         0.000         0.000         0.000       151.157
 NA             0.000         0.000         0.000         0.000         0.000
 ANHEDONI       0.000         0.000         0.000         0.000         0.000


           PSI
              NA            ANHEDONI
              ________      ________
 NA            83.364
 ANHEDONI       0.000        39.729



     PRIORS FOR ALL PARAMETERS            PRIOR MEAN      PRIOR VARIANCE     PRIOR STD. DEV.

     Parameter 1~N(0.000,infinity)           0.0000            infinity            infinity
     Parameter 2~IG(-1.000,0.000)          infinity            infinity            infinity
     Parameter 3~IW(0.000,-3)              infinity            infinity            infinity
     Parameter 4~IW(0.000,-3)              infinity            infinity            infinity
     Parameter 5~IW(0.000,-3)              infinity            infinity            infinity
     Parameter 6~N(0.000,infinity)           0.0000            infinity            infinity
     Parameter 7~N(0.000,infinity)           0.0000            infinity            infinity
     Parameter 8~N(0.000,infinity)           0.0000            infinity            infinity
     Parameter 9~N(0.000,infinity)           0.0000            infinity            infinity
     Parameter 10~N(0.000,infinity)          0.0000            infinity            infinity
     Parameter 11~N(0.000,infinity)          0.0000            infinity            infinity
     Parameter 12~N(0.000,infinity)          0.0000            infinity            infinity
     Parameter 13~N(0.000,infinity)          0.0000            infinity            infinity
     Parameter 14~N(0.000,infinity)          0.0000            infinity            infinity
     Parameter 15~N(0.000,infinity)          0.0000            infinity            infinity
     Parameter 16~IG(-1.000,0.000)         infinity            infinity            infinity
     Parameter 17~IG(-1.000,0.000)         infinity            infinity            infinity
     Parameter 18~IG(-1.000,0.000)         infinity            infinity            infinity
     Parameter 19~IG(-1.000,0.000)         infinity            infinity            infinity
     Parameter 20~IW(0.000,-3)             infinity            infinity            infinity
     Parameter 21~IW(0.000,-3)             infinity            infinity            infinity
     Parameter 22~IW(0.000,-3)             infinity            infinity            infinity


TECHNICAL 8 OUTPUT


   TECHNICAL 8 OUTPUT FOR BAYES ESTIMATION

     PROCESSOR    BSEED
     1            0
     2            285380
     3            253358
     4            93468
     5            608496
     6            903420
     7            195873
     8            462953
     9            939021
     10           127215
     11           415931
     12           533738
     13           107446
     14           399671
     15           650371
     16           27071

                     POTENTIAL       PARAMETER WITH
     ITERATION    SCALE REDUCTION      HIGHEST PSR
     100              1.221               7
     200              1.128               7
     300              1.152               7
     400              1.038               7
     500              1.040               15
     600              1.041               6
     700              1.071               7
     800              1.050               8
     900              1.020               3
     1000             1.030               7
     1100             1.025               7
     1200             1.011               11
     1300             1.008               11
     1400             1.010               22
     1500             1.012               22
     1600             1.014               22
     1700             1.026               9
     1800             1.036               9
     1900             1.033               9
     2000             1.038               9
     2100             1.031               9
     2200             1.026               9
     2300             1.022               9
     2400             1.023               9
     2500             1.026               9
     2600             1.019               9
     2700             1.015               9
     2800             1.014               9
     2900             1.012               9
     3000             1.006               9


PLOT INFORMATION

The following plots are available:

  Histograms (sample values)
  Scatterplots (sample values)
  Between-level histograms (sample values, sample means/variances)
  Between-level scatterplots (sample values, sample means/variances)
  Time series plots (sample values, ACF, PACF)
  Histogram of subjects per time point
  Time interval plots
  Bayesian posterior parameter distributions
  Bayesian posterior parameter trace plots
  Bayesian autocorrelation plots

     Beginning Time:  23:24:07
        Ending Time:  23:26:32
       Elapsed Time:  00:02:25



MUTHEN & MUTHEN
3463 Stoner Ave.
Los Angeles, CA  90066

Tel: (310) 391-9971
Fax: (310) 391-8971
Web: www.StatModel.com
Support: Support@StatModel.com

Copyright (c) 1998-2022 Muthen & Muthen
