Mplus VERSION 8.8
MUTHEN & MUTHEN
08/26/2023   1:59 AM

INPUT INSTRUCTIONS


  DATA:
  FILE IS data1.dat;

  VARIABLE:   NAMES =
  	    Eth_ID Time Time_between Time_inc
  	    PA_enth NA_irri NA_verv PA_tevr PA_ener
       	    PA_kalm NA_nerv PA_daadk NA_verdr
  	    PA_vrol NA_boos PA_dankb NA_somb PER_att
      	    PER_refl PER_self PER_expr PER_damp
  	    PER_codamp PER_capit Sample age_yr gesl BDI
      	    Measures_valid BDI_anh Anhedonia
   	    BDI_sum PA NA day compliance;

              USEVARIABLES are PER_capit PA NA Anhedonia;
              MISSING is .;
              within = PER_capit;
              between = Anhedonia;
              cluster = Eth_ID;
              lagged= PA NA(1);
              tinterval=Time_inc (150);

  DEFINE:     CENTER Anhedonia (grandmean);

  ANALYSIS:   type = twolevel random;
              estimator = Bayes;
              biterations=(2000);
              bconvergence=0.005;
              thin=2;
              PROCESSORS=16;
  MODEL:
  %WITHIN%
  sPR_PA | PA on PER_capit;
  sPR_NA | NA on PER_capit;
  sPA_PA | PA on PA&1;
  sNA_NA | NA on NA&1;
  [PER_capit];


  %between%
  sPR_PA sPR_NA on Anhedonia;
  PA NA on Anhedonia;


  OUTPUT: standardized tech1 tech8 cinterval patterns;
  PLOT: TYPE = PLOT3;



*** WARNING in VARIABLE command
  Note that only the first 8 characters of variable names are used in the output.
  Shorten variable names to avoid any confusion.
*** WARNING in PLOT command
  Note that only the first 8 characters of variable names are used in plots.
  If variable names are not unique within the first 8 characters, problems
  may occur.
*** WARNING
  One or more individual-level variables have no variation within a
  cluster for the following clusters.

     Variable   Cluster IDs with no within-cluster variation

      PER_CAPI    165 127 73 177

*** WARNING
  Data set contains cases with missing on all variables.  Cases that appeared before the first
  case with observed data and that appeared after the last case with observed data were not
  included in the analysis.  Number of deleted cases:  1504
   4 WARNING(S) FOUND IN THE INPUT INSTRUCTIONS




SUMMARY OF ANALYSIS

Number of groups                                                 1
Number of observations                                       22812

Number of dependent variables                                    2
Number of independent variables                                  4
Number of continuous latent variables                            4

Observed dependent variables

  Continuous
   PA          NA

Observed independent variables
   PER_CAPI    ANHEDONI    PA&1        NA&1

Continuous latent variables
   SPR_PA      SPR_NA      SPA_PA      SNA_NA

Variables with special functions

  Cluster variable      ETH_ID

  Within variables
   PER_CAPI    PA&1        NA&1

  Between variables
   ANHEDONI

  Centering (GRANDMEAN)
   ANHEDONI


Estimator                                                    BAYES
Specifications for Bayesian Estimation
  Point estimate                                            MEDIAN
  Number of Markov chain Monte Carlo (MCMC) chains               2
  Random seed for the first chain                                0
  Starting value information                           UNPERTURBED
  Algorithm used for Markov chain Monte Carlo           GIBBS(PX1)
  Convergence criterion                                  0.500D-02
  Maximum number of iterations                               50000
  K-th iteration used for thinning                               2

Input data file(s)
  data1.dat
Input data format  FREE


SUMMARY OF DATA

     Number of clusters                        200

       Size (s)    Cluster ID with Size s

          1        129
          9        81
         11        128
         12        99
         13        64 150
         14        47 23 158
         19        169
         21        160
         22        175
         30        83
         33        8
         41        58
         43        41 199
         48        85 12
         51        17
         53        152
         56        28
         58        33
         67        121
         69        136
         80        82
         84        87
         88        72
         89        143
         91        140
         96        113
         97        34
        100        157 134
        101        10
        103        164
        105        52
        106        154
        107        101
        108        119
        109        90
        111        36
        113        182
        115        91 131 89
        116        188 15 75 77 78
        117        11
        118        195 57 49 16 66
        119        197 48 92 38 71 163 149 186 106 50
        120        148 108 61 98 55 165 7 192 168
        121        189
        122        174
        123        127
        124        184 161 117 51 103
        125        100 68 105 40 53 13 93 88 54 112 123 73 30 44
        126        120 102 173 76 107 109 111 80 65 172
        127        32 126 25 115 46 67 193 110 178 130 118 198 104 86 177
                   133 70 147 139 62
        128        196 156 180 18 59 5 153 96 43
        129        146 125 135 185 116 187 144 137 39 69 141 3 190
        130        138 14 166 97
        133        191
        134        2
        135        60 183 194 200 63 201
        136        122 56 26
        137        9 22 19 42 155 95 4
        138        29 94 132
        139        37 74 21 84 114 79 145 45 35
        142        27
        143        179
        144        171 170 24
        145        162 1 124 20
        146        6 151 167
        147        142 31
        148        176 159



SUMMARY OF MISSING DATA PATTERNS

     Number of missing data patterns            14


     MISSING DATA PATTERNS (x = not missing)

           1  2  3  4  5  6  7  8  9 10 11 12 13 14
 PER_CAPI  x  x              x  x           x     x
 PA        x  x        x  x        x     x  x     x
 NA        x  x        x  x                 x  x  x
 PA&1      x     x     x        x  x  x     x
 NA&1      x     x     x        x  x              x
 ANHEDONI  x  x  x  x  x  x  x  x  x  x  x  x  x  x


     MISSING DATA PATTERN FREQUENCIES

    Pattern   Frequency     Pattern   Frequency     Pattern   Frequency
          1        5014           6          85          11           4
          2        3506           7           2          12           5
          3        3393           8           3          13           1
          4       10730           9           2          14           1
          5          65          10           1


COVARIANCE COVERAGE OF DATA

Minimum covariance coverage value   0.100


     PROPORTION OF DATA PRESENT


           Covariance Coverage
              PER_CAPI      PA            NA            ANHEDONI
              ________      ________      ________      ________
 PER_CAPI       0.374
 PA             0.374         0.381
 NA             0.374         0.380         0.380
 ANHEDONI       0.374         0.381         0.380         1.000



UNIVARIATE SAMPLE STATISTICS


     UNIVARIATE HIGHER-ORDER MOMENT DESCRIPTIVE STATISTICS

         Variable/         Mean/     Skewness/   Minimum/ % with                Percentiles
        Sample Size      Variance    Kurtosis    Maximum  Min/Max      20%/60%    40%/80%    Median

     PER_CAPIT            24.233       0.982       0.000   16.25%       3.000      8.000     11.000
            8531.000     672.756      -0.194     100.000    1.00%      20.000     51.000
     PA                   45.712      -0.024       0.000    0.28%      31.000     41.714     46.143
            8682.000     302.283      -0.228     100.000    0.07%      50.429     60.429
     NA                   15.187       1.394       0.000    6.91%       5.167      9.333     11.667
            8677.000     166.739       1.923      80.667    0.01%      14.500     23.333
     ANHEDONIA             0.000       0.577     -17.906    0.50%      -7.529     -2.635     -0.893
             200.000      74.400       0.657      30.440    0.50%       1.646      6.282


     WARNING: PROBLEMS OCCURRED IN SEVERAL ITERATIONS IN THE COMPUTATION OF THE STANDARDIZED ESTIMATES FOR SEVERAL
     CLUSTERS. THIS IS MOST LIKELY DUE TO AR COEFFICIENTS GREATER THAN 1 OR PARAMETERS GIVING NON-STATIONARY MODELS.
     SUCH POSTERIOR DRAWS ARE REMOVED. THE FOLLOWING CLUSTERS HAD SUCH PROBLEMS:
          129 150 33

THE MODEL ESTIMATION TERMINATED NORMALLY

     USE THE FBITERATIONS OPTION TO INCREASE THE NUMBER OF ITERATIONS BY A FACTOR
     OF AT LEAST TWO TO CHECK CONVERGENCE AND THAT THE PSR VALUE DOES NOT INCREASE.



MODEL FIT INFORMATION

Number of Free Parameters                              22

Information Criteria

          Deviance (DIC)                       588000.085
          Estimated Number of Parameters (pD)   40807.889



MODEL RESULTS

                                Posterior  One-Tailed         95% C.I.
                    Estimate       S.D.      P-Value   Lower 2.5%  Upper 2.5%  Significance

Within Level

 NA       WITH
    PA               -50.214       1.282      0.000     -52.700     -47.677      *

 Means
    PER_CAPIT         24.168       0.276      0.000      23.620      24.679      *

 Variances
    PER_CAPIT        674.059      10.300      0.000     654.159     694.826      *

 Residual Variances
    PA               132.804       2.168      0.000     128.763     137.245      *
    NA                77.744       1.248      0.000      75.333      80.192      *

Between Level

 SPR_PA     ON
    ANHEDONIA         -0.002       0.001      0.060      -0.003       0.000

 SPR_NA     ON
    ANHEDONIA          0.001       0.001      0.116      -0.001       0.003

 PA         ON
    ANHEDONIA         -0.318       0.093      0.001      -0.503      -0.136      *

 NA         ON
    ANHEDONIA          0.124       0.074      0.054      -0.023       0.265

 NA       WITH
    PA               -13.026       7.042      0.030     -27.207       0.307

 Means
    SPA_PA             0.348       0.017      0.000       0.312       0.380      *
    SNA_NA             0.311       0.018      0.000       0.275       0.348      *

 Intercepts
    PA                40.822       0.833      0.000      39.127      42.450      *
    NA                16.146       0.652      0.000      14.821      17.457      *
    SPR_PA             0.127       0.009      0.000       0.109       0.145      *
    SPR_NA            -0.010       0.009      0.124      -0.027       0.008

 Variances
    SPA_PA             0.027       0.005      0.000       0.019       0.038      *
    SNA_NA             0.030       0.005      0.000       0.021       0.042      *

 Residual Variances
    PA               107.539      12.546      0.000      86.325     134.150      *
    NA                69.830       8.200      0.000      55.150      87.064      *
    SPR_PA             0.004       0.001      0.000       0.002       0.007      *
    SPR_NA             0.006       0.001      0.000       0.004       0.010      *


STANDARDIZED MODEL RESULTS


STDYX Standardization

                                Posterior  One-Tailed         95% C.I.
                    Estimate       S.D.      P-Value   Lower 2.5%  Upper 2.5%  Significance

Within-Level Standardized Estimates Averaged Over Clusters

 SPR_PA | PA ON
    PER_CAPIT          0.248       0.015      0.000       0.217       0.276      *

 SPA_PA | PA ON
    PA&1               0.348       0.013      0.000       0.323       0.372      *

 SPR_NA | NA ON
    PER_CAPIT         -0.029       0.017      0.052      -0.060       0.007

 SNA_NA | NA ON
    NA&1               0.311       0.013      0.000       0.285       0.338      *

 NA       WITH
    PA                -0.494       0.009      0.000      -0.510      -0.477      *

 Means
    PER_CAPIT          0.930       0.013      0.000       0.906       0.955      *

 Variances
    PER_CAPIT          1.000       0.000      0.000       1.000       1.000

 Residual Variances
    PA                 0.777       0.010      0.000       0.757       0.794      *
    NA                 0.832       0.009      0.000       0.813       0.851      *

Between Level

 SPR_PA     ON
    ANHEDONIA         -0.155       0.100      0.060      -0.351       0.045

 SPR_NA     ON
    ANHEDONIA          0.091       0.076      0.116      -0.057       0.244

 PA         ON
    ANHEDONIA         -0.190       0.054      0.001      -0.294      -0.082      *

 NA         ON
    ANHEDONIA          0.094       0.055      0.054      -0.018       0.196

 NA       WITH
    PA                -0.153       0.077      0.030      -0.296       0.004

 Means
    SPA_PA             2.122       0.228      0.000       1.696       2.605      *
    SNA_NA             1.806       0.212      0.000       1.434       2.251      *

 Intercepts
    PA                 3.862       0.227      0.000       3.411       4.310      *
    NA                 1.925       0.131      0.000       1.674       2.192      *
    SPR_PA             2.055       0.363      0.000       1.492       2.960      *
    SPR_NA            -0.128       0.115      0.124      -0.366       0.091

 Variances
    SPA_PA             1.000       0.000      0.000       1.000       1.000
    SNA_NA             1.000       0.000      0.000       1.000       1.000

 Residual Variances
    PA                 0.964       0.021      0.000       0.914       0.993      *
    NA                 0.991       0.011      0.000       0.961       1.000      *
    SPR_PA             0.976       0.034      0.000       0.877       1.000      *
    SPR_NA             0.992       0.016      0.000       0.940       1.000      *


STDY Standardization

                                Posterior  One-Tailed         95% C.I.
                    Estimate       S.D.      P-Value   Lower 2.5%  Upper 2.5%  Significance

Within-Level Standardized Estimates Averaged Over Clusters

 SPR_PA | PA ON
    PER_CAPIT          0.248       0.015      0.000       0.217       0.276      *

 SPA_PA | PA ON
    PA&1               0.026       0.001      0.000       0.024       0.027      *

 SPR_NA | NA ON
    PER_CAPIT         -0.029       0.017      0.052      -0.060       0.007

 SNA_NA | NA ON
    NA&1               0.031       0.001      0.000       0.028       0.034      *

 NA       WITH
    PA                -0.494       0.009      0.000      -0.510      -0.477      *

 Means
    PER_CAPIT          0.930       0.013      0.000       0.906       0.955      *

 Variances
    PER_CAPIT          1.000       0.000      0.000       1.000       1.000

 Residual Variances
    PA                 0.777       0.010      0.000       0.757       0.794      *
    NA                 0.832       0.009      0.000       0.813       0.851      *

Between Level

 SPR_PA     ON
    ANHEDONIA         -0.025       0.016      0.060      -0.056       0.007

 SPR_NA     ON
    ANHEDONIA          0.014       0.012      0.116      -0.009       0.039

 PA         ON
    ANHEDONIA         -0.030       0.009      0.001      -0.047      -0.013      *

 NA         ON
    ANHEDONIA          0.015       0.009      0.054      -0.003       0.031

 NA       WITH
    PA                -0.153       0.077      0.030      -0.296       0.004

 Means
    SPA_PA             2.122       0.228      0.000       1.696       2.605      *
    SNA_NA             1.806       0.212      0.000       1.434       2.251      *

 Intercepts
    PA                 3.862       0.227      0.000       3.411       4.310      *
    NA                 1.925       0.131      0.000       1.674       2.192      *
    SPR_PA             2.055       0.363      0.000       1.492       2.960      *
    SPR_NA            -0.128       0.115      0.124      -0.366       0.091

 Variances
    SPA_PA             1.000       0.000      0.000       1.000       1.000
    SNA_NA             1.000       0.000      0.000       1.000       1.000

 Residual Variances
    PA                 0.964       0.021      0.000       0.914       0.993      *
    NA                 0.991       0.011      0.000       0.961       1.000      *
    SPR_PA             0.976       0.034      0.000       0.877       1.000      *
    SPR_NA             0.992       0.016      0.000       0.940       1.000      *


STD Standardization

                                Posterior  One-Tailed         95% C.I.
                    Estimate       S.D.      P-Value   Lower 2.5%  Upper 2.5%  Significance

Within-Level Standardized Estimates Averaged Over Clusters

 SPR_PA | PA ON
    PER_CAPIT          0.127       0.008      0.000       0.111       0.142      *

 SPA_PA | PA ON
    PA&1               0.348       0.013      0.000       0.323       0.372      *

 SPR_NA | NA ON
    PER_CAPIT         -0.010       0.007      0.080      -0.022       0.004

 SNA_NA | NA ON
    NA&1               0.311       0.013      0.000       0.285       0.338      *

 NA       WITH
    PA               -50.214       1.282      0.000     -52.700     -47.677      *

 Means
    PER_CAPIT         24.168       0.276      0.000      23.620      24.679      *

 Variances
    PER_CAPIT        674.059      10.300      0.000     654.159     694.826      *

 Residual Variances
    PA               132.804       2.168      0.000     128.763     137.245      *
    NA                77.744       1.248      0.000      75.333      80.192      *

Between Level

 SPR_PA     ON
    ANHEDONIA         -0.025       0.016      0.060      -0.056       0.007

 SPR_NA     ON
    ANHEDONIA          0.014       0.012      0.116      -0.009       0.039

 PA         ON
    ANHEDONIA         -0.318       0.093      0.001      -0.503      -0.136      *

 NA         ON
    ANHEDONIA          0.124       0.074      0.054      -0.023       0.265

 NA       WITH
    PA               -13.026       7.042      0.030     -27.207       0.307

 Means
    SPA_PA             2.122       0.228      0.000       1.696       2.605      *
    SNA_NA             1.806       0.212      0.000       1.434       2.251      *

 Intercepts
    PA                40.822       0.833      0.000      39.127      42.450      *
    NA                16.146       0.652      0.000      14.821      17.457      *
    SPR_PA             2.055       0.363      0.000       1.492       2.960      *
    SPR_NA            -0.128       0.115      0.124      -0.366       0.091

 Variances
    SPA_PA             1.000       0.000      0.000       1.000       1.000
    SNA_NA             1.000       0.000      0.000       1.000       1.000

 Residual Variances
    PA               107.539      12.546      0.000      86.325     134.150      *
    NA                69.830       8.200      0.000      55.150      87.064      *
    SPR_PA             0.976       0.034      0.000       0.877       1.000      *
    SPR_NA             0.992       0.016      0.000       0.940       1.000      *


R-SQUARE

Within-Level R-Square Averaged Across Clusters

                                Posterior  One-Tailed         95% C.I.
    Variable        Estimate       S.D.      P-Value   Lower 2.5%  Upper 2.5%

    PA                 0.223       0.010      0.000       0.206       0.243
    NA                 0.168       0.009      0.000       0.149       0.187

Between Level

                                Posterior  One-Tailed         95% C.I.
    Variable        Estimate       S.D.      P-Value   Lower 2.5%  Upper 2.5%

    PA                 0.036       0.021      0.000       0.007       0.085
    NA                 0.009       0.011      0.000       0.000       0.039

                                Posterior  One-Tailed         95% C.I.
    Variable        Estimate       S.D.      P-Value   Lower 2.5%  Upper 2.5%

    SPR_PA             0.024       0.034      0.000       0.000       0.123
    SPR_NA             0.008       0.016      0.000       0.000       0.060


CREDIBILITY INTERVALS OF MODEL RESULTS

                  Lower .5%  Lower 2.5%    Lower 5%    Estimate    Upper 5%  Upper 2.5%   Upper .5%

Within Level

 NA       WITH
    PA             -53.637     -52.700     -52.294     -50.214     -48.062     -47.677     -46.902

 Means
    PER_CAPIT       23.404      23.620      23.703      24.168      24.607      24.679      24.795

 Variances
    PER_CAPIT      648.740     654.159     657.511     674.059     691.022     694.826     699.917

 Residual Variances
    PA             127.273     128.763     129.361     132.804     136.453     137.245     138.145
    NA              74.446      75.333      75.689      77.744      79.801      80.192      81.015

Between Level

 SPR_PA   ON
    ANHEDONIA       -0.004      -0.003      -0.003      -0.002       0.000       0.000       0.001

 SPR_NA   ON
    ANHEDONIA       -0.001      -0.001       0.000       0.001       0.003       0.003       0.003

 PA       ON
    ANHEDONIA       -0.552      -0.503      -0.472      -0.318      -0.171      -0.136      -0.078

 NA       ON
    ANHEDONIA       -0.074      -0.023      -0.006       0.124       0.246       0.265       0.304

 NA       WITH
    PA             -33.799     -27.207     -25.201     -13.026      -1.977       0.307       4.983

 Means
    SPA_PA           0.299       0.312       0.319       0.348       0.376       0.380       0.389
    SNA_NA           0.264       0.275       0.281       0.311       0.340       0.348       0.357

 Intercepts
    PA              38.638      39.127      39.426      40.822      42.191      42.450      42.907
    NA              14.397      14.821      15.063      16.146      17.237      17.457      17.896
    SPR_PA           0.105       0.109       0.112       0.127       0.142       0.145       0.153
    SPR_NA          -0.032      -0.027      -0.024      -0.010       0.005       0.008       0.014

 Variances
    SPA_PA           0.018       0.019       0.020       0.027       0.036       0.038       0.042
    SNA_NA           0.019       0.021       0.022       0.030       0.040       0.042       0.047

 Residual Variances
    PA              79.502      86.325      89.356     107.539     130.135     134.150     144.292
    NA              51.800      55.150      57.306      69.830      83.920      87.064      93.831
    SPR_PA           0.001       0.002       0.002       0.004       0.006       0.007       0.008
    SPR_NA           0.003       0.004       0.004       0.006       0.009       0.010       0.011


CREDIBILITY INTERVALS OF STANDARDIZED MODEL RESULTS


STDYX Standardization

                  Lower .5%  Lower 2.5%    Lower 5%    Estimate    Upper 5%  Upper 2.5%   Upper .5%

Within Level

 NA       WITH
    PA               0.000      -0.510       0.000      -0.494       0.000      -0.477       0.000

 Means
    PER_CAPIT        0.000       0.906       0.000       0.930       0.000       0.955       0.000

 Variances
    PER_CAPIT        0.000       1.000       0.000       1.000       0.000       1.000       0.000

 Residual Variances
    PA               0.000       0.757       0.000       0.777       0.000       0.794       0.000
    NA               0.000       0.813       0.000       0.832       0.000       0.851       0.000

Between Level

 SPR_PA   ON
    ANHEDONIA       -0.405      -0.351      -0.324      -0.155       0.009       0.045       0.088

 SPR_NA   ON
    ANHEDONIA       -0.095      -0.057      -0.033       0.091       0.219       0.244       0.281

 PA       ON
    ANHEDONIA       -0.330      -0.294      -0.275      -0.190      -0.101      -0.082      -0.048

 NA       ON
    ANHEDONIA       -0.053      -0.018      -0.004       0.094       0.183       0.196       0.227

 NA       WITH
    PA              -0.348      -0.296      -0.274      -0.153      -0.024       0.004       0.055

 Means
    SPA_PA           1.596       1.696       1.753       2.122       2.519       2.605       2.726
    SNA_NA           1.344       1.434       1.485       1.806       2.184       2.251       2.410

 Intercepts
    PA               3.279       3.411       3.496       3.862       4.240       4.310       4.419
    NA               1.603       1.674       1.714       1.925       2.143       2.192       2.275
    SPR_PA           1.367       1.492       1.573       2.055       2.761       2.960       3.301
    SPR_NA          -0.414      -0.366      -0.329      -0.128       0.053       0.091       0.149

 Variances
    SPA_PA           1.000       1.000       1.000       1.000       1.000       1.000       1.000
    SNA_NA           1.000       1.000       1.000       1.000       1.000       1.000       1.000

 Residual Variances
    PA               0.891       0.914       0.924       0.964       0.990       0.993       0.998
    NA               0.947       0.961       0.966       0.991       1.000       1.000       1.000
    SPR_PA           0.836       0.877       0.895       0.976       1.000       1.000       1.000
    SPR_NA           0.920       0.940       0.952       0.992       1.000       1.000       1.000


STDY Standardization

                  Lower .5%  Lower 2.5%    Lower 5%    Estimate    Upper 5%  Upper 2.5%   Upper .5%

Within Level

 NA       WITH
    PA               0.000      -0.510       0.000      -0.494       0.000      -0.477       0.000

 Means
    PER_CAPIT        0.000       0.906       0.000       0.930       0.000       0.955       0.000

 Variances
    PER_CAPIT        0.000       1.000       0.000       1.000       0.000       1.000       0.000

 Residual Variances
    PA               0.000       0.757       0.000       0.777       0.000       0.794       0.000
    NA               0.000       0.813       0.000       0.832       0.000       0.851       0.000

Between Level

 SPR_PA   ON
    ANHEDONIA       -0.064      -0.056      -0.052      -0.025       0.001       0.007       0.014

 SPR_NA   ON
    ANHEDONIA       -0.015      -0.009      -0.005       0.014       0.035       0.039       0.045

 PA       ON
    ANHEDONIA       -0.052      -0.047      -0.044      -0.030      -0.016      -0.013      -0.008

 NA       ON
    ANHEDONIA       -0.008      -0.003      -0.001       0.015       0.029       0.031       0.036

 NA       WITH
    PA              -0.348      -0.296      -0.274      -0.153      -0.024       0.004       0.055

 Means
    SPA_PA           1.596       1.696       1.753       2.122       2.519       2.605       2.726
    SNA_NA           1.344       1.434       1.485       1.806       2.184       2.251       2.410

 Intercepts
    PA               3.279       3.411       3.496       3.862       4.240       4.310       4.419
    NA               1.603       1.674       1.714       1.925       2.143       2.192       2.275
    SPR_PA           1.367       1.492       1.573       2.055       2.761       2.960       3.301
    SPR_NA          -0.414      -0.366      -0.329      -0.128       0.053       0.091       0.149

 Variances
    SPA_PA           1.000       1.000       1.000       1.000       1.000       1.000       1.000
    SNA_NA           1.000       1.000       1.000       1.000       1.000       1.000       1.000

 Residual Variances
    PA               0.891       0.914       0.924       0.964       0.990       0.993       0.998
    NA               0.947       0.961       0.966       0.991       1.000       1.000       1.000
    SPR_PA           0.836       0.877       0.895       0.976       1.000       1.000       1.000
    SPR_NA           0.920       0.940       0.952       0.992       1.000       1.000       1.000


STD Standardization

                  Lower .5%  Lower 2.5%    Lower 5%    Estimate    Upper 5%  Upper 2.5%   Upper .5%

Within Level

 NA       WITH
    PA               0.000     -52.700       0.000     -50.214       0.000     -47.677       0.000

 Means
    PER_CAPIT        0.000      23.620       0.000      24.168       0.000      24.679       0.000

 Variances
    PER_CAPIT        0.000     654.159       0.000     674.059       0.000     694.826       0.000

 Residual Variances
    PA               0.000     128.763       0.000     132.804       0.000     137.245       0.000
    NA               0.000      75.333       0.000      77.744       0.000      80.192       0.000

Between Level

 SPR_PA   ON
    ANHEDONIA       -0.064      -0.056      -0.052      -0.025       0.001       0.007       0.014

 SPR_NA   ON
    ANHEDONIA       -0.015      -0.009      -0.005       0.014       0.035       0.039       0.045

 PA       ON
    ANHEDONIA       -0.552      -0.503      -0.472      -0.318      -0.171      -0.136      -0.078

 NA       ON
    ANHEDONIA       -0.074      -0.023      -0.006       0.124       0.246       0.265       0.304

 NA       WITH
    PA             -33.799     -27.207     -25.201     -13.026      -1.977       0.307       4.983

 Means
    SPA_PA           1.596       1.696       1.753       2.122       2.519       2.605       2.726
    SNA_NA           1.344       1.434       1.485       1.806       2.184       2.251       2.410

 Intercepts
    PA              38.638      39.127      39.426      40.822      42.191      42.450      42.907
    NA              14.397      14.821      15.063      16.146      17.237      17.457      17.896
    SPR_PA           1.367       1.492       1.573       2.055       2.761       2.960       3.301
    SPR_NA          -0.414      -0.366      -0.329      -0.128       0.053       0.091       0.149

 Variances
    SPA_PA           1.000       1.000       1.000       1.000       1.000       1.000       1.000
    SNA_NA           1.000       1.000       1.000       1.000       1.000       1.000       1.000

 Residual Variances
    PA              79.502      86.325      89.356     107.539     130.135     134.150     144.292
    NA              51.800      55.150      57.306      69.830      83.920      87.064      93.831
    SPR_PA           0.836       0.877       0.895       0.976       1.000       1.000       1.000
    SPR_NA           0.920       0.940       0.952       0.992       1.000       1.000       1.000


TECHNICAL 1 OUTPUT


     PARAMETER SPECIFICATION FOR WITHIN


           NU
              PER_CAPI      PA            NA            PA&1          NA&1
              ________      ________      ________      ________      ________
                    0             0             0             0             0


           LAMBDA
              PER_CAPI      PA            NA            PA&1          NA&1
              ________      ________      ________      ________      ________
 PER_CAPI           0             0             0             0             0
 PA                 0             0             0             0             0
 NA                 0             0             0             0             0
 PA&1               0             0             0             0             0
 NA&1               0             0             0             0             0


           THETA
              PER_CAPI      PA            NA            PA&1          NA&1
              ________      ________      ________      ________      ________
 PER_CAPI           0
 PA                 0             0
 NA                 0             0             0
 PA&1               0             0             0             0
 NA&1               0             0             0             0             0


           ALPHA
              PER_CAPI      PA            NA            PA&1          NA&1
              ________      ________      ________      ________      ________
                    1             0             0             0             0


           BETA
              PER_CAPI      PA            NA            PA&1          NA&1
              ________      ________      ________      ________      ________
 PER_CAPI           0             0             0             0             0
 PA                 0             0             0             0             0
 NA                 0             0             0             0             0
 PA&1               0             0             0             0             0
 NA&1               0             0             0             0             0


           PSI
              PER_CAPI      PA            NA            PA&1          NA&1
              ________      ________      ________      ________      ________
 PER_CAPI           2
 PA                 0             3
 NA                 0             4             5
 PA&1               0             0             0             0
 NA&1               0             0             0             0             0


     PARAMETER SPECIFICATION FOR BETWEEN


           NU
              PA            NA            ANHEDONI
              ________      ________      ________
                    0             0             0


           LAMBDA
              SPR_PA        SPR_NA        SPA_PA        SNA_NA        PA
              ________      ________      ________      ________      ________
 PA                 0             0             0             0             0
 NA                 0             0             0             0             0
 ANHEDONI           0             0             0             0             0


           LAMBDA
              NA            ANHEDONI
              ________      ________
 PA                 0             0
 NA                 0             0
 ANHEDONI           0             0


           THETA
              PA            NA            ANHEDONI
              ________      ________      ________
 PA                 0
 NA                 0             0
 ANHEDONI           0             0             0


           ALPHA
              SPR_PA        SPR_NA        SPA_PA        SNA_NA        PA
              ________      ________      ________      ________      ________
                    6             7             8             9            10


           ALPHA
              NA            ANHEDONI
              ________      ________
                   11             0


           BETA
              SPR_PA        SPR_NA        SPA_PA        SNA_NA        PA
              ________      ________      ________      ________      ________
 SPR_PA             0             0             0             0             0
 SPR_NA             0             0             0             0             0
 SPA_PA             0             0             0             0             0
 SNA_NA             0             0             0             0             0
 PA                 0             0             0             0             0
 NA                 0             0             0             0             0
 ANHEDONI           0             0             0             0             0


           BETA
              NA            ANHEDONI
              ________      ________
 SPR_PA             0            12
 SPR_NA             0            13
 SPA_PA             0             0
 SNA_NA             0             0
 PA                 0            14
 NA                 0            15
 ANHEDONI           0             0


           PSI
              SPR_PA        SPR_NA        SPA_PA        SNA_NA        PA
              ________      ________      ________      ________      ________
 SPR_PA            16
 SPR_NA             0            17
 SPA_PA             0             0            18
 SNA_NA             0             0             0            19
 PA                 0             0             0             0            20
 NA                 0             0             0             0            21
 ANHEDONI           0             0             0             0             0


           PSI
              NA            ANHEDONI
              ________      ________
 NA                22
 ANHEDONI           0             0


     STARTING VALUES FOR WITHIN


           NU
              PER_CAPI      PA            NA            PA&1          NA&1
              ________      ________      ________      ________      ________
                0.000         0.000         0.000         0.000         0.000


           LAMBDA
              PER_CAPI      PA            NA            PA&1          NA&1
              ________      ________      ________      ________      ________
 PER_CAPI       1.000         0.000         0.000         0.000         0.000
 PA             0.000         1.000         0.000         0.000         0.000
 NA             0.000         0.000         1.000         0.000         0.000
 PA&1           0.000         0.000         0.000         1.000         0.000
 NA&1           0.000         0.000         0.000         0.000         1.000


           THETA
              PER_CAPI      PA            NA            PA&1          NA&1
              ________      ________      ________      ________      ________
 PER_CAPI       0.000
 PA             0.000         0.000
 NA             0.000         0.000         0.000
 PA&1           0.000         0.000         0.000         0.000
 NA&1           0.000         0.000         0.000         0.000         0.000


           ALPHA
              PER_CAPI      PA            NA            PA&1          NA&1
              ________      ________      ________      ________      ________
                0.000         0.000         0.000         0.000         0.000


           BETA
              PER_CAPI      PA            NA            PA&1          NA&1
              ________      ________      ________      ________      ________
 PER_CAPI       0.000         0.000         0.000         0.000         0.000
 PA             0.000         0.000         0.000         0.000         0.000
 NA             0.000         0.000         0.000         0.000         0.000
 PA&1           0.000         0.000         0.000         0.000         0.000
 NA&1           0.000         0.000         0.000         0.000         0.000


           PSI
              PER_CAPI      PA            NA            PA&1          NA&1
              ________      ________      ________      ________      ________
 PER_CAPI     336.378
 PA             0.000       151.142
 NA             0.000         0.000        83.369
 PA&1           0.000         0.000         0.000       151.154
 NA&1           0.000         0.000         0.000         0.000        83.284


     STARTING VALUES FOR BETWEEN


           NU
              PA            NA            ANHEDONI
              ________      ________      ________
                0.000         0.000         0.000


           LAMBDA
              SPR_PA        SPR_NA        SPA_PA        SNA_NA        PA
              ________      ________      ________      ________      ________
 PA             0.000         0.000         0.000         0.000         1.000
 NA             0.000         0.000         0.000         0.000         0.000
 ANHEDONI       0.000         0.000         0.000         0.000         0.000


           LAMBDA
              NA            ANHEDONI
              ________      ________
 PA             0.000         0.000
 NA             1.000         0.000
 ANHEDONI       0.000         1.000


           THETA
              PA            NA            ANHEDONI
              ________      ________      ________
 PA             0.000
 NA             0.000         0.000
 ANHEDONI       0.000         0.000         0.000


           ALPHA
              SPR_PA        SPR_NA        SPA_PA        SNA_NA        PA
              ________      ________      ________      ________      ________
                0.000         0.000         0.000         0.000        45.712


           ALPHA
              NA            ANHEDONI
              ________      ________
               15.187         0.000


           BETA
              SPR_PA        SPR_NA        SPA_PA        SNA_NA        PA
              ________      ________      ________      ________      ________
 SPR_PA         0.000         0.000         0.000         0.000         0.000
 SPR_NA         0.000         0.000         0.000         0.000         0.000
 SPA_PA         0.000         0.000         0.000         0.000         0.000
 SNA_NA         0.000         0.000         0.000         0.000         0.000
 PA             0.000         0.000         0.000         0.000         0.000
 NA             0.000         0.000         0.000         0.000         0.000
 ANHEDONI       0.000         0.000         0.000         0.000         0.000


           BETA
              NA            ANHEDONI
              ________      ________
 SPR_PA         0.000         0.000
 SPR_NA         0.000         0.000
 SPA_PA         0.000         0.000
 SNA_NA         0.000         0.000
 PA             0.000         0.000
 NA             0.000         0.000
 ANHEDONI       0.000         0.000


           PSI
              SPR_PA        SPR_NA        SPA_PA        SNA_NA        PA
              ________      ________      ________      ________      ________
 SPR_PA         1.000
 SPR_NA         0.000         1.000
 SPA_PA         0.000         0.000         1.000
 SNA_NA         0.000         0.000         0.000         1.000
 PA             0.000         0.000         0.000         0.000       151.142
 NA             0.000         0.000         0.000         0.000         0.000
 ANHEDONI       0.000         0.000         0.000         0.000         0.000


           PSI
              NA            ANHEDONI
              ________      ________
 NA            83.369
 ANHEDONI       0.000        39.493



     PRIORS FOR ALL PARAMETERS            PRIOR MEAN      PRIOR VARIANCE     PRIOR STD. DEV.

     Parameter 1~N(0.000,infinity)           0.0000            infinity            infinity
     Parameter 2~IG(-1.000,0.000)          infinity            infinity            infinity
     Parameter 3~IW(0.000,-3)              infinity            infinity            infinity
     Parameter 4~IW(0.000,-3)              infinity            infinity            infinity
     Parameter 5~IW(0.000,-3)              infinity            infinity            infinity
     Parameter 6~N(0.000,infinity)           0.0000            infinity            infinity
     Parameter 7~N(0.000,infinity)           0.0000            infinity            infinity
     Parameter 8~N(0.000,infinity)           0.0000            infinity            infinity
     Parameter 9~N(0.000,infinity)           0.0000            infinity            infinity
     Parameter 10~N(0.000,infinity)          0.0000            infinity            infinity
     Parameter 11~N(0.000,infinity)          0.0000            infinity            infinity
     Parameter 12~N(0.000,infinity)          0.0000            infinity            infinity
     Parameter 13~N(0.000,infinity)          0.0000            infinity            infinity
     Parameter 14~N(0.000,infinity)          0.0000            infinity            infinity
     Parameter 15~N(0.000,infinity)          0.0000            infinity            infinity
     Parameter 16~IG(-1.000,0.000)         infinity            infinity            infinity
     Parameter 17~IG(-1.000,0.000)         infinity            infinity            infinity
     Parameter 18~IG(-1.000,0.000)         infinity            infinity            infinity
     Parameter 19~IG(-1.000,0.000)         infinity            infinity            infinity
     Parameter 20~IW(0.000,-3)             infinity            infinity            infinity
     Parameter 21~IW(0.000,-3)             infinity            infinity            infinity
     Parameter 22~IW(0.000,-3)             infinity            infinity            infinity


TECHNICAL 8 OUTPUT


   TECHNICAL 8 OUTPUT FOR BAYES ESTIMATION

     PROCESSOR    BSEED
     1            0
     2            285380
     3            253358
     4            93468
     5            608496
     6            903420
     7            195873
     8            462953
     9            939021
     10           127215
     11           415931
     12           533738
     13           107446
     14           399671
     15           650371
     16           27071

                     POTENTIAL       PARAMETER WITH
     ITERATION    SCALE REDUCTION      HIGHEST PSR
     100              1.270               16
     200              1.167               8
     300              1.043               3
     400              1.018               7
     500              1.019               6
     600              1.020               5
     700              1.090               9
     800              1.074               9
     900              1.061               9
     1000             1.035               9
     1100             1.052               9
     1200             1.036               9
     1300             1.035               9
     1400             1.020               9
     1500             1.010               3
     1600             1.007               9
     1700             1.006               9
     1800             1.008               3
     1900             1.009               3
     2000             1.007               3


PLOT INFORMATION

The following plots are available:

  Histograms (sample values)
  Scatterplots (sample values)
  Between-level histograms (sample values, sample means/variances)
  Between-level scatterplots (sample values, sample means/variances)
  Time series plots (sample values, ACF, PACF)
  Histogram of subjects per time point
  Time interval plots
  Bayesian posterior parameter distributions
  Bayesian posterior parameter trace plots
  Bayesian autocorrelation plots

     Beginning Time:  01:59:41
        Ending Time:  02:01:26
       Elapsed Time:  00:01:45



MUTHEN & MUTHEN
3463 Stoner Ave.
Los Angeles, CA  90066

Tel: (310) 391-9971
Fax: (310) 391-8971
Web: www.StatModel.com
Support: Support@StatModel.com

Copyright (c) 1998-2022 Muthen & Muthen
