Mplus VERSION 8.8
MUTHEN & MUTHEN
07/13/2023  11:44 PM

INPUT INSTRUCTIONS


  DATA:
  FILE IS data3.dat;

  VARIABLE:   NAMES =
  	    Eth_ID Time Time_between Time_inc
  	    PA_enth NA_irri NA_verv PA_tevr PA_ener
       	    PA_kalm NA_nerv PA_daadk NA_verdr
  	    PA_vrol NA_boos PA_dankb NA_somb PER_att
      	    PER_refl PER_self PER_expr PER_damp
  	    PER_codamp PER_capit Sample age_yr gesl BDI
      	    Measures_valid BDI_anh Anhedonia
   	    BDI_sum PA NA day compliance;

              USEVARIABLES are PER_expr PA NA Anhedonia;
              MISSING is .;
              within = PER_expr;
              between = Anhedonia;
              cluster = Eth_ID;
              lagged= PA NA(1);
              tinterval=Time_inc (150);

  DEFINE:     CENTER Anhedonia (grandmean);

  ANALYSIS:   type = twolevel random;
              estimator = Bayes;
              biterations=(2000);
              bconvergence=0.005;
              thin=2;
              PROCESSORS=16;
  MODEL:
  %WITHIN%
  sPR_PA | PA on PER_expr;
  sPR_NA | NA on PER_expr;
  sPA_PA | PA on PA&1;
  sNA_NA | NA on NA&1;
  [PER_expr];


  %between%
  sPR_PA sPR_NA on Anhedonia;
  PA NA on Anhedonia;


  OUTPUT: standardized tech1 tech8 cinterval patterns;
  PLOT: TYPE = PLOT3;



*** WARNING in VARIABLE command
  Note that only the first 8 characters of variable names are used in the output.
  Shorten variable names to avoid any confusion.
*** WARNING in PLOT command
  Note that only the first 8 characters of variable names are used in plots.
  If variable names are not unique within the first 8 characters, problems
  may occur.
*** WARNING
  Data set contains cases with missing on all variables.  Cases that appeared before the first
  case with observed data and that appeared after the last case with observed data were not
  included in the analysis.  Number of deleted cases:  1179
   3 WARNING(S) FOUND IN THE INPUT INSTRUCTIONS




SUMMARY OF ANALYSIS

Number of groups                                                 1
Number of observations                                       22552

Number of dependent variables                                    2
Number of independent variables                                  4
Number of continuous latent variables                            4

Observed dependent variables

  Continuous
   PA          NA

Observed independent variables
   PER_EXPR    ANHEDONI    PA&1        NA&1

Continuous latent variables
   SPR_PA      SPR_NA      SPA_PA      SNA_NA

Variables with special functions

  Cluster variable      ETH_ID

  Within variables
   PER_EXPR    PA&1        NA&1

  Between variables
   ANHEDONI

  Centering (GRANDMEAN)
   ANHEDONI


Estimator                                                    BAYES
Specifications for Bayesian Estimation
  Point estimate                                            MEDIAN
  Number of Markov chain Monte Carlo (MCMC) chains               2
  Random seed for the first chain                                0
  Starting value information                           UNPERTURBED
  Algorithm used for Markov chain Monte Carlo           GIBBS(PX1)
  Convergence criterion                                  0.500D-02
  Maximum number of iterations                               50000
  K-th iteration used for thinning                               2

Input data file(s)
  data3.dat
Input data format  FREE


SUMMARY OF DATA

     Number of clusters                        189

       Size (s)    Cluster ID with Size s

         13        150
         14        23 158
         22        175
         30        83
         33        8
         41        58
         43        41
         48        85
         51        17
         53        152
         56        28
         58        33
         67        121
         80        82
         84        87
         88        72
         89        143
         91        140
         96        113
         97        34
        100        134 157
        101        10
        103        164
        105        52
        106        154
        107        101
        108        119
        109        90
        111        36
        113        182
        115        89 91 131
        116        78 15 77 188 75
        117        11
        118        57 66 195 49 16
        119        50 149 92 197 38 106 163 71 48 186
        120        192 61 165 168 108 55 148 7 98
        121        189
        122        174
        123        127
        124        103 117 184 51 161
        125        100 73 68 88 40 105 93 13 54 123 30 112 44 53
        126        107 76 109 111 172 173 102 120 80 65
        127        139 126 110 115 25 46 67 178 32 193 118 104 130 198
                   133 86 70 177 147 62
        128        18 43 156 180 196 59 5 153 96
        129        135 190 116 141 3 146 187 137 144 185 69 39 125
        130        14 166 138 97
        133        191
        134        2
        135        63 183 60 194 200 201
        136        26 56 122
        137        42 95 155 22 19 4 9
        138        29 94 132
        139        37 79 21 84 145 114 45 35 74
        142        27
        143        179
        144        171 24 170
        145        1 162 20 124
        146        6 167 151
        147        142 31
        148        176 159



SUMMARY OF MISSING DATA PATTERNS

     Number of missing data patterns            14


     MISSING DATA PATTERNS (x = not missing)

           1  2  3  4  5  6  7  8  9 10 11 12 13 14
 PER_EXPR  x  x           x     x           x     x
 PA        x  x        x     x     x     x  x     x
 NA        x  x        x     x              x  x  x
 PA&1      x     x           x  x  x  x     x
 NA&1      x     x           x  x  x              x
 ANHEDONI  x  x  x  x  x  x  x  x  x  x  x  x  x  x


     MISSING DATA PATTERN FREQUENCIES

    Pattern   Frequency     Pattern   Frequency     Pattern   Frequency
          1        5017           6           2          11           4
          2        3483           7          53          12           5
          3        3366           8           3          13           1
          4       10544           9           2          14           1
          5          70          10           1


COVARIANCE COVERAGE OF DATA

Minimum covariance coverage value   0.100


     PROPORTION OF DATA PRESENT


           Covariance Coverage
              PER_EXPR      PA            NA            ANHEDONI
              ________      ________      ________      ________
 PER_EXPR       0.377
 PA             0.377         0.383
 NA             0.377         0.383         0.383
 ANHEDONI       0.377         0.383         0.383         1.000



UNIVARIATE SAMPLE STATISTICS


     UNIVARIATE HIGHER-ORDER MOMENT DESCRIPTIVE STATISTICS

         Variable/         Mean/     Skewness/   Minimum/ % with                Percentiles
        Sample Size      Variance    Kurtosis    Maximum  Min/Max      20%/60%    40%/80%    Median

     PER_EXPR             42.600       0.022       0.000    6.22%       8.000     35.000     47.000
            8511.000     846.987      -1.199     100.000    2.22%      54.000     70.000
     PA                   45.695      -0.023       0.000    0.28%      30.857     41.714     46.143
            8635.000     302.313      -0.227     100.000    0.07%      50.429     60.429
     NA                   15.181       1.393       0.000    6.94%       5.167      9.333     11.667
            8630.000     166.729       1.923      80.667    0.01%      14.500     23.333
     ANHEDONIA             0.000       0.540     -18.101    0.53%      -7.447     -2.612     -0.726
             189.000      76.569       0.578      30.245    0.53%       1.513      6.193


THE MODEL ESTIMATION TERMINATED NORMALLY

     USE THE FBITERATIONS OPTION TO INCREASE THE NUMBER OF ITERATIONS BY A FACTOR
     OF AT LEAST TWO TO CHECK CONVERGENCE AND THAT THE PSR VALUE DOES NOT INCREASE.



MODEL FIT INFORMATION

Number of Free Parameters                              22

Information Criteria

          Deviance (DIC)                       581610.150
          Estimated Number of Parameters (pD)   37810.277



MODEL RESULTS

                                Posterior  One-Tailed         95% C.I.
                    Estimate       S.D.      P-Value   Lower 2.5%  Upper 2.5%  Significance

Within Level

 NA       WITH
    PA               -42.689       1.179      0.000     -45.006     -40.458      *

 Means
    PER_EXPR          42.441       0.311      0.000      41.826      43.056      *

 Variances
    PER_EXPR         851.085      13.220      0.000     825.831     877.137      *

 Residual Variances
    PA               118.353       1.935      0.000     114.717     122.266      *
    NA                74.513       1.228      0.000      72.152      76.977      *

Between Level

 SPR_PA     ON
    ANHEDONIA         -0.001       0.001      0.216      -0.002       0.001

 SPR_NA     ON
    ANHEDONIA          0.001       0.001      0.084      -0.001       0.003

 PA         ON
    ANHEDONIA         -0.250       0.094      0.003      -0.439      -0.071      *

 NA         ON
    ANHEDONIA          0.065       0.090      0.219      -0.102       0.255

 NA       WITH
    PA                -8.295       8.574      0.173     -24.720       8.563

 Means
    SPA_PA             0.305       0.016      0.000       0.273       0.336      *
    SNA_NA             0.296       0.018      0.000       0.261       0.331      *

 Intercepts
    PA                32.759       0.844      0.000      31.127      34.385      *
    NA                20.675       0.804      0.000      19.089      22.232      *
    SPR_PA             0.206       0.008      0.000       0.191       0.222      *
    SPR_NA            -0.076       0.007      0.000      -0.089      -0.063      *

 Variances
    SPA_PA             0.026       0.005      0.000       0.018       0.035      *
    SNA_NA             0.028       0.006      0.000       0.019       0.041      *

 Residual Variances
    PA                97.901      12.834      0.000      75.698     126.472      *
    NA                96.228      11.760      0.000      76.650     122.453      *
    SPR_PA             0.004       0.001      0.000       0.003       0.007      *
    SPR_NA             0.004       0.001      0.000       0.002       0.006      *


STANDARDIZED MODEL RESULTS


STDYX Standardization

                                Posterior  One-Tailed         95% C.I.
                    Estimate       S.D.      P-Value   Lower 2.5%  Upper 2.5%  Significance

Within-Level Standardized Estimates Averaged Over Clusters

 SPR_PA | PA ON
    PER_EXPR           0.443       0.012      0.000       0.419       0.464      *

 SPA_PA | PA ON
    PA&1               0.305       0.012      0.000       0.280       0.328      *

 SPR_NA | NA ON
    PER_EXPR          -0.222       0.014      0.000      -0.249      -0.195      *

 SNA_NA | NA ON
    NA&1               0.296       0.013      0.000       0.272       0.323      *

 NA       WITH
    PA                -0.455       0.009      0.000      -0.473      -0.437      *

 Means
    PER_EXPR           1.455       0.015      0.000       1.425       1.485      *

 Variances
    PER_EXPR           1.000       0.000      0.000       1.000       1.000

 Residual Variances
    PA                 0.670       0.010      0.000       0.651       0.690      *
    NA                 0.805       0.009      0.000       0.786       0.823      *

Between Level

 SPR_PA     ON
    ANHEDONIA         -0.068       0.086      0.216      -0.232       0.110

 SPR_NA     ON
    ANHEDONIA          0.114       0.082      0.084      -0.051       0.271

 PA         ON
    ANHEDONIA         -0.159       0.058      0.003      -0.273      -0.043      *

 NA         ON
    ANHEDONIA          0.041       0.057      0.219      -0.066       0.159

 NA       WITH
    PA                -0.085       0.086      0.173      -0.242       0.090

 Means
    SPA_PA             1.910       0.213      0.000       1.537       2.352      *
    SNA_NA             1.754       0.218      0.000       1.365       2.229      *

 Intercepts
    PA                 3.267       0.220      0.000       2.853       3.714      *
    NA                 2.100       0.145      0.000       1.827       2.394      *
    SPR_PA             3.094       0.356      0.000       2.506       3.890      *
    SPR_NA            -1.212       0.167      0.000      -1.575      -0.915      *

 Variances
    SPA_PA             1.000       0.000      0.000       1.000       1.000
    SNA_NA             1.000       0.000      0.000       1.000       1.000

 Residual Variances
    PA                 0.975       0.019      0.000       0.925       0.998      *
    NA                 0.998       0.007      0.000       0.975       1.000      *
    SPR_PA             0.994       0.015      0.000       0.946       1.000      *
    SPR_NA             0.987       0.020      0.000       0.926       1.000      *


STDY Standardization

                                Posterior  One-Tailed         95% C.I.
                    Estimate       S.D.      P-Value   Lower 2.5%  Upper 2.5%  Significance

Within-Level Standardized Estimates Averaged Over Clusters

 SPR_PA | PA ON
    PER_EXPR           0.443       0.012      0.000       0.419       0.464      *

 SPA_PA | PA ON
    PA&1               0.022       0.001      0.000       0.020       0.024      *

 SPR_NA | NA ON
    PER_EXPR          -0.222       0.014      0.000      -0.249      -0.195      *

 SNA_NA | NA ON
    NA&1               0.030       0.001      0.000       0.027       0.032      *

 NA       WITH
    PA                -0.455       0.009      0.000      -0.473      -0.437      *

 Means
    PER_EXPR           1.455       0.015      0.000       1.425       1.485      *

 Variances
    PER_EXPR           1.000       0.000      0.000       1.000       1.000

 Residual Variances
    PA                 0.670       0.010      0.000       0.651       0.690      *
    NA                 0.805       0.009      0.000       0.786       0.823      *

Between Level

 SPR_PA     ON
    ANHEDONIA         -0.011       0.014      0.216      -0.037       0.017

 SPR_NA     ON
    ANHEDONIA          0.018       0.013      0.084      -0.008       0.043

 PA         ON
    ANHEDONIA         -0.025       0.009      0.003      -0.043      -0.007      *

 NA         ON
    ANHEDONIA          0.007       0.009      0.219      -0.010       0.025

 NA       WITH
    PA                -0.085       0.086      0.173      -0.242       0.090

 Means
    SPA_PA             1.910       0.213      0.000       1.537       2.352      *
    SNA_NA             1.754       0.218      0.000       1.365       2.229      *

 Intercepts
    PA                 3.267       0.220      0.000       2.853       3.714      *
    NA                 2.100       0.145      0.000       1.827       2.394      *
    SPR_PA             3.094       0.356      0.000       2.506       3.890      *
    SPR_NA            -1.212       0.167      0.000      -1.575      -0.915      *

 Variances
    SPA_PA             1.000       0.000      0.000       1.000       1.000
    SNA_NA             1.000       0.000      0.000       1.000       1.000

 Residual Variances
    PA                 0.975       0.019      0.000       0.925       0.998      *
    NA                 0.998       0.007      0.000       0.975       1.000      *
    SPR_PA             0.994       0.015      0.000       0.946       1.000      *
    SPR_NA             0.987       0.020      0.000       0.926       1.000      *


STD Standardization

                                Posterior  One-Tailed         95% C.I.
                    Estimate       S.D.      P-Value   Lower 2.5%  Upper 2.5%  Significance

Within-Level Standardized Estimates Averaged Over Clusters

 SPR_PA | PA ON
    PER_EXPR           0.207       0.006      0.000       0.195       0.218      *

 SPA_PA | PA ON
    PA&1               0.305       0.012      0.000       0.280       0.328      *

 SPR_NA | NA ON
    PER_EXPR          -0.076       0.005      0.000      -0.086      -0.067      *

 SNA_NA | NA ON
    NA&1               0.296       0.013      0.000       0.272       0.323      *

 NA       WITH
    PA               -42.688       1.129      0.000     -44.905     -40.480      *

 Means
    PER_EXPR          42.433       0.307      0.000      41.826      43.028      *

 Variances
    PER_EXPR         850.395      13.033      0.000     826.308     876.664      *

 Residual Variances
    PA               118.341       1.933      0.000     114.659     122.181      *
    NA                74.517       1.167      0.000      72.211      76.762      *

Between Level

 SPR_PA     ON
    ANHEDONIA         -0.011       0.014      0.216      -0.037       0.017

 SPR_NA     ON
    ANHEDONIA          0.018       0.013      0.084      -0.008       0.043

 PA         ON
    ANHEDONIA         -0.250       0.094      0.003      -0.439      -0.071      *

 NA         ON
    ANHEDONIA          0.065       0.090      0.219      -0.102       0.255

 NA       WITH
    PA                -8.295       8.574      0.173     -24.720       8.563

 Means
    SPA_PA             1.910       0.213      0.000       1.537       2.352      *
    SNA_NA             1.754       0.218      0.000       1.365       2.229      *

 Intercepts
    PA                32.759       0.844      0.000      31.127      34.385      *
    NA                20.675       0.804      0.000      19.089      22.232      *
    SPR_PA             3.094       0.356      0.000       2.506       3.890      *
    SPR_NA            -1.212       0.167      0.000      -1.575      -0.915      *

 Variances
    SPA_PA             1.000       0.000      0.000       1.000       1.000
    SNA_NA             1.000       0.000      0.000       1.000       1.000

 Residual Variances
    PA                97.901      12.834      0.000      75.698     126.472      *
    NA                96.228      11.760      0.000      76.650     122.453      *
    SPR_PA             0.994       0.015      0.000       0.946       1.000      *
    SPR_NA             0.987       0.020      0.000       0.926       1.000      *


R-SQUARE

Within-Level R-Square Averaged Across Clusters

                                Posterior  One-Tailed         95% C.I.
    Variable        Estimate       S.D.      P-Value   Lower 2.5%  Upper 2.5%

    PA                 0.330       0.010      0.000       0.310       0.349
    NA                 0.195       0.009      0.000       0.177       0.214

Between Level

                                Posterior  One-Tailed         95% C.I.
    Variable        Estimate       S.D.      P-Value   Lower 2.5%  Upper 2.5%

    PA                 0.025       0.019      0.000       0.002       0.075
    NA                 0.002       0.007      0.000       0.000       0.025

                                Posterior  One-Tailed         95% C.I.
    Variable        Estimate       S.D.      P-Value   Lower 2.5%  Upper 2.5%

    SPR_PA             0.006       0.015      0.000       0.000       0.054
    SPR_NA             0.013       0.020      0.000       0.000       0.073


CREDIBILITY INTERVALS OF MODEL RESULTS

                  Lower .5%  Lower 2.5%    Lower 5%    Estimate    Upper 5%  Upper 2.5%   Upper .5%

Within Level

 NA       WITH
    PA             -45.936     -45.006     -44.673     -42.689     -40.795     -40.458     -39.781

 Means
    PER_EXPR        41.629      41.826      41.942      42.441      42.955      43.056      43.231

 Variances
    PER_EXPR       817.363     825.831     829.708     851.085     873.209     877.137     887.218

 Residual Variances
    PA             113.021     114.717     115.299     118.353     121.603     122.266     123.637
    NA              71.428      72.152      72.507      74.513      76.556      76.977      77.833

Between Level

 SPR_PA   ON
    ANHEDONIA       -0.003      -0.002      -0.002      -0.001       0.001       0.001       0.002

 SPR_NA   ON
    ANHEDONIA       -0.001      -0.001       0.000       0.001       0.002       0.003       0.003

 PA       ON
    ANHEDONIA       -0.490      -0.439      -0.409      -0.250      -0.100      -0.071      -0.016

 NA       ON
    ANHEDONIA       -0.160      -0.102      -0.074       0.065       0.219       0.255       0.297

 NA       WITH
    PA             -30.403     -24.720     -22.251      -8.295       6.171       8.563      12.974

 Means
    SPA_PA           0.261       0.273       0.279       0.305       0.332       0.336       0.346
    SNA_NA           0.248       0.261       0.266       0.296       0.325       0.331       0.340

 Intercepts
    PA              30.617      31.127      31.379      32.759      34.136      34.385      34.938
    NA              18.653      19.089      19.314      20.675      21.933      22.232      22.756
    SPR_PA           0.185       0.191       0.194       0.206       0.220       0.222       0.227
    SPR_NA          -0.093      -0.089      -0.087      -0.076      -0.065      -0.063      -0.058

 Variances
    SPA_PA           0.016       0.018       0.019       0.026       0.034       0.035       0.038
    SNA_NA           0.017       0.019       0.021       0.028       0.039       0.041       0.046

 Residual Variances
    PA              70.612      75.698      79.004      97.901     121.466     126.472     135.274
    NA              71.354      76.650      79.617      96.228     117.392     122.453     134.325
    SPR_PA           0.002       0.003       0.003       0.004       0.006       0.007       0.008
    SPR_NA           0.002       0.002       0.003       0.004       0.005       0.006       0.007


CREDIBILITY INTERVALS OF STANDARDIZED MODEL RESULTS


STDYX Standardization

                  Lower .5%  Lower 2.5%    Lower 5%    Estimate    Upper 5%  Upper 2.5%   Upper .5%

Within Level

 NA       WITH
    PA               0.000      -0.473       0.000      -0.455       0.000      -0.437       0.000

 Means
    PER_EXPR         0.000       1.425       0.000       1.455       0.000       1.485       0.000

 Variances
    PER_EXPR         0.000       1.000       0.000       1.000       0.000       1.000       0.000

 Residual Variances
    PA               0.000       0.651       0.000       0.670       0.000       0.690       0.000
    NA               0.000       0.786       0.000       0.805       0.000       0.823       0.000

Between Level

 SPR_PA   ON
    ANHEDONIA       -0.285      -0.232      -0.206      -0.068       0.075       0.110       0.169

 SPR_NA   ON
    ANHEDONIA       -0.098      -0.051      -0.023       0.114       0.246       0.271       0.318

 PA       ON
    ANHEDONIA       -0.300      -0.273      -0.255      -0.159      -0.062      -0.043      -0.011

 NA       ON
    ANHEDONIA       -0.100      -0.066      -0.046       0.041       0.141       0.159       0.192

 NA       WITH
    PA              -0.283      -0.242      -0.220      -0.085       0.062       0.090       0.127

 Means
    SPA_PA           1.444       1.537       1.594       1.910       2.282       2.352       2.554
    SNA_NA           1.254       1.365       1.423       1.754       2.152       2.229       2.385

 Intercepts
    PA               2.735       2.853       2.917       3.267       3.638       3.714       3.854
    NA               1.736       1.827       1.869       2.100       2.347       2.394       2.465
    SPR_PA           2.323       2.506       2.586       3.094       3.750       3.890       4.194
    SPR_NA          -1.724      -1.575      -1.503      -1.212      -0.962      -0.915      -0.808

 Variances
    SPA_PA           1.000       1.000       1.000       1.000       1.000       1.000       1.000
    SNA_NA           1.000       1.000       1.000       1.000       1.000       1.000       1.000

 Residual Variances
    PA               0.910       0.925       0.935       0.975       0.996       0.998       1.000
    NA               0.963       0.975       0.980       0.998       1.000       1.000       1.000
    SPR_PA           0.919       0.946       0.957       0.994       1.000       1.000       1.000
    SPR_NA           0.899       0.926       0.939       0.987       1.000       1.000       1.000


STDY Standardization

                  Lower .5%  Lower 2.5%    Lower 5%    Estimate    Upper 5%  Upper 2.5%   Upper .5%

Within Level

 NA       WITH
    PA               0.000      -0.473       0.000      -0.455       0.000      -0.437       0.000

 Means
    PER_EXPR         0.000       1.425       0.000       1.455       0.000       1.485       0.000

 Variances
    PER_EXPR         0.000       1.000       0.000       1.000       0.000       1.000       0.000

 Residual Variances
    PA               0.000       0.651       0.000       0.670       0.000       0.690       0.000
    NA               0.000       0.786       0.000       0.805       0.000       0.823       0.000

Between Level

 SPR_PA   ON
    ANHEDONIA       -0.045      -0.037      -0.033      -0.011       0.012       0.017       0.027

 SPR_NA   ON
    ANHEDONIA       -0.016      -0.008      -0.004       0.018       0.039       0.043       0.051

 PA       ON
    ANHEDONIA       -0.048      -0.043      -0.041      -0.025      -0.010      -0.007      -0.002

 NA       ON
    ANHEDONIA       -0.016      -0.010      -0.007       0.007       0.022       0.025       0.030

 NA       WITH
    PA              -0.283      -0.242      -0.220      -0.085       0.062       0.090       0.127

 Means
    SPA_PA           1.444       1.537       1.594       1.910       2.282       2.352       2.554
    SNA_NA           1.254       1.365       1.423       1.754       2.152       2.229       2.385

 Intercepts
    PA               2.735       2.853       2.917       3.267       3.638       3.714       3.854
    NA               1.736       1.827       1.869       2.100       2.347       2.394       2.465
    SPR_PA           2.323       2.506       2.586       3.094       3.750       3.890       4.194
    SPR_NA          -1.724      -1.575      -1.503      -1.212      -0.962      -0.915      -0.808

 Variances
    SPA_PA           1.000       1.000       1.000       1.000       1.000       1.000       1.000
    SNA_NA           1.000       1.000       1.000       1.000       1.000       1.000       1.000

 Residual Variances
    PA               0.910       0.925       0.935       0.975       0.996       0.998       1.000
    NA               0.963       0.975       0.980       0.998       1.000       1.000       1.000
    SPR_PA           0.919       0.946       0.957       0.994       1.000       1.000       1.000
    SPR_NA           0.899       0.926       0.939       0.987       1.000       1.000       1.000


STD Standardization

                  Lower .5%  Lower 2.5%    Lower 5%    Estimate    Upper 5%  Upper 2.5%   Upper .5%

Within Level

 NA       WITH
    PA               0.000     -44.905       0.000     -42.688       0.000     -40.480       0.000

 Means
    PER_EXPR         0.000      41.826       0.000      42.433       0.000      43.028       0.000

 Variances
    PER_EXPR         0.000     826.308       0.000     850.395       0.000     876.664       0.000

 Residual Variances
    PA               0.000     114.659       0.000     118.341       0.000     122.181       0.000
    NA               0.000      72.211       0.000      74.517       0.000      76.762       0.000

Between Level

 SPR_PA   ON
    ANHEDONIA       -0.045      -0.037      -0.033      -0.011       0.012       0.017       0.027

 SPR_NA   ON
    ANHEDONIA       -0.016      -0.008      -0.004       0.018       0.039       0.043       0.051

 PA       ON
    ANHEDONIA       -0.490      -0.439      -0.409      -0.250      -0.100      -0.071      -0.016

 NA       ON
    ANHEDONIA       -0.160      -0.102      -0.074       0.065       0.219       0.255       0.297

 NA       WITH
    PA             -30.403     -24.720     -22.251      -8.295       6.171       8.563      12.974

 Means
    SPA_PA           1.444       1.537       1.594       1.910       2.282       2.352       2.554
    SNA_NA           1.254       1.365       1.423       1.754       2.152       2.229       2.385

 Intercepts
    PA              30.617      31.127      31.379      32.759      34.136      34.385      34.938
    NA              18.653      19.089      19.314      20.675      21.933      22.232      22.756
    SPR_PA           2.323       2.506       2.586       3.094       3.750       3.890       4.194
    SPR_NA          -1.724      -1.575      -1.503      -1.212      -0.962      -0.915      -0.808

 Variances
    SPA_PA           1.000       1.000       1.000       1.000       1.000       1.000       1.000
    SNA_NA           1.000       1.000       1.000       1.000       1.000       1.000       1.000

 Residual Variances
    PA              70.612      75.698      79.004      97.901     121.466     126.472     135.274
    NA              71.354      76.650      79.617      96.228     117.392     122.453     134.325
    SPR_PA           0.919       0.946       0.957       0.994       1.000       1.000       1.000
    SPR_NA           0.899       0.926       0.939       0.987       1.000       1.000       1.000


TECHNICAL 1 OUTPUT


     PARAMETER SPECIFICATION FOR WITHIN


           NU
              PER_EXPR      PA            NA            PA&1          NA&1
              ________      ________      ________      ________      ________
                    0             0             0             0             0


           LAMBDA
              PER_EXPR      PA            NA            PA&1          NA&1
              ________      ________      ________      ________      ________
 PER_EXPR           0             0             0             0             0
 PA                 0             0             0             0             0
 NA                 0             0             0             0             0
 PA&1               0             0             0             0             0
 NA&1               0             0             0             0             0


           THETA
              PER_EXPR      PA            NA            PA&1          NA&1
              ________      ________      ________      ________      ________
 PER_EXPR           0
 PA                 0             0
 NA                 0             0             0
 PA&1               0             0             0             0
 NA&1               0             0             0             0             0


           ALPHA
              PER_EXPR      PA            NA            PA&1          NA&1
              ________      ________      ________      ________      ________
                    1             0             0             0             0


           BETA
              PER_EXPR      PA            NA            PA&1          NA&1
              ________      ________      ________      ________      ________
 PER_EXPR           0             0             0             0             0
 PA                 0             0             0             0             0
 NA                 0             0             0             0             0
 PA&1               0             0             0             0             0
 NA&1               0             0             0             0             0


           PSI
              PER_EXPR      PA            NA            PA&1          NA&1
              ________      ________      ________      ________      ________
 PER_EXPR           2
 PA                 0             3
 NA                 0             4             5
 PA&1               0             0             0             0
 NA&1               0             0             0             0             0


     PARAMETER SPECIFICATION FOR BETWEEN


           NU
              PA            NA            ANHEDONI
              ________      ________      ________
                    0             0             0


           LAMBDA
              SPR_PA        SPR_NA        SPA_PA        SNA_NA        PA
              ________      ________      ________      ________      ________
 PA                 0             0             0             0             0
 NA                 0             0             0             0             0
 ANHEDONI           0             0             0             0             0


           LAMBDA
              NA            ANHEDONI
              ________      ________
 PA                 0             0
 NA                 0             0
 ANHEDONI           0             0


           THETA
              PA            NA            ANHEDONI
              ________      ________      ________
 PA                 0
 NA                 0             0
 ANHEDONI           0             0             0


           ALPHA
              SPR_PA        SPR_NA        SPA_PA        SNA_NA        PA
              ________      ________      ________      ________      ________
                    6             7             8             9            10


           ALPHA
              NA            ANHEDONI
              ________      ________
                   11             0


           BETA
              SPR_PA        SPR_NA        SPA_PA        SNA_NA        PA
              ________      ________      ________      ________      ________
 SPR_PA             0             0             0             0             0
 SPR_NA             0             0             0             0             0
 SPA_PA             0             0             0             0             0
 SNA_NA             0             0             0             0             0
 PA                 0             0             0             0             0
 NA                 0             0             0             0             0
 ANHEDONI           0             0             0             0             0


           BETA
              NA            ANHEDONI
              ________      ________
 SPR_PA             0            12
 SPR_NA             0            13
 SPA_PA             0             0
 SNA_NA             0             0
 PA                 0            14
 NA                 0            15
 ANHEDONI           0             0


           PSI
              SPR_PA        SPR_NA        SPA_PA        SNA_NA        PA
              ________      ________      ________      ________      ________
 SPR_PA            16
 SPR_NA             0            17
 SPA_PA             0             0            18
 SNA_NA             0             0             0            19
 PA                 0             0             0             0            20
 NA                 0             0             0             0            21
 ANHEDONI           0             0             0             0             0


           PSI
              NA            ANHEDONI
              ________      ________
 NA                22
 ANHEDONI           0             0


     STARTING VALUES FOR WITHIN


           NU
              PER_EXPR      PA            NA            PA&1          NA&1
              ________      ________      ________      ________      ________
                0.000         0.000         0.000         0.000         0.000


           LAMBDA
              PER_EXPR      PA            NA            PA&1          NA&1
              ________      ________      ________      ________      ________
 PER_EXPR       1.000         0.000         0.000         0.000         0.000
 PA             0.000         1.000         0.000         0.000         0.000
 NA             0.000         0.000         1.000         0.000         0.000
 PA&1           0.000         0.000         0.000         1.000         0.000
 NA&1           0.000         0.000         0.000         0.000         1.000


           THETA
              PER_EXPR      PA            NA            PA&1          NA&1
              ________      ________      ________      ________      ________
 PER_EXPR       0.000
 PA             0.000         0.000
 NA             0.000         0.000         0.000
 PA&1           0.000         0.000         0.000         0.000
 NA&1           0.000         0.000         0.000         0.000         0.000


           ALPHA
              PER_EXPR      PA            NA            PA&1          NA&1
              ________      ________      ________      ________      ________
                0.000         0.000         0.000         0.000         0.000


           BETA
              PER_EXPR      PA            NA            PA&1          NA&1
              ________      ________      ________      ________      ________
 PER_EXPR       0.000         0.000         0.000         0.000         0.000
 PA             0.000         0.000         0.000         0.000         0.000
 NA             0.000         0.000         0.000         0.000         0.000
 PA&1           0.000         0.000         0.000         0.000         0.000
 NA&1           0.000         0.000         0.000         0.000         0.000


           PSI
              PER_EXPR      PA            NA            PA&1          NA&1
              ________      ________      ________      ________      ________
 PER_EXPR     423.494
 PA             0.000       151.157
 NA             0.000         0.000        83.364
 PA&1           0.000         0.000         0.000       151.150
 NA&1           0.000         0.000         0.000         0.000        83.335


     STARTING VALUES FOR BETWEEN


           NU
              PA            NA            ANHEDONI
              ________      ________      ________
                0.000         0.000         0.000


           LAMBDA
              SPR_PA        SPR_NA        SPA_PA        SNA_NA        PA
              ________      ________      ________      ________      ________
 PA             0.000         0.000         0.000         0.000         1.000
 NA             0.000         0.000         0.000         0.000         0.000
 ANHEDONI       0.000         0.000         0.000         0.000         0.000


           LAMBDA
              NA            ANHEDONI
              ________      ________
 PA             0.000         0.000
 NA             1.000         0.000
 ANHEDONI       0.000         1.000


           THETA
              PA            NA            ANHEDONI
              ________      ________      ________
 PA             0.000
 NA             0.000         0.000
 ANHEDONI       0.000         0.000         0.000


           ALPHA
              SPR_PA        SPR_NA        SPA_PA        SNA_NA        PA
              ________      ________      ________      ________      ________
                0.000         0.000         0.000         0.000        45.695


           ALPHA
              NA            ANHEDONI
              ________      ________
               15.181         0.000


           BETA
              SPR_PA        SPR_NA        SPA_PA        SNA_NA        PA
              ________      ________      ________      ________      ________
 SPR_PA         0.000         0.000         0.000         0.000         0.000
 SPR_NA         0.000         0.000         0.000         0.000         0.000
 SPA_PA         0.000         0.000         0.000         0.000         0.000
 SNA_NA         0.000         0.000         0.000         0.000         0.000
 PA             0.000         0.000         0.000         0.000         0.000
 NA             0.000         0.000         0.000         0.000         0.000
 ANHEDONI       0.000         0.000         0.000         0.000         0.000


           BETA
              NA            ANHEDONI
              ________      ________
 SPR_PA         0.000         0.000
 SPR_NA         0.000         0.000
 SPA_PA         0.000         0.000
 SNA_NA         0.000         0.000
 PA             0.000         0.000
 NA             0.000         0.000
 ANHEDONI       0.000         0.000


           PSI
              SPR_PA        SPR_NA        SPA_PA        SNA_NA        PA
              ________      ________      ________      ________      ________
 SPR_PA         1.000
 SPR_NA         0.000         1.000
 SPA_PA         0.000         0.000         1.000
 SNA_NA         0.000         0.000         0.000         1.000
 PA             0.000         0.000         0.000         0.000       151.157
 NA             0.000         0.000         0.000         0.000         0.000
 ANHEDONI       0.000         0.000         0.000         0.000         0.000


           PSI
              NA            ANHEDONI
              ________      ________
 NA            83.364
 ANHEDONI       0.000        39.729



     PRIORS FOR ALL PARAMETERS            PRIOR MEAN      PRIOR VARIANCE     PRIOR STD. DEV.

     Parameter 1~N(0.000,infinity)           0.0000            infinity            infinity
     Parameter 2~IG(-1.000,0.000)          infinity            infinity            infinity
     Parameter 3~IW(0.000,-3)              infinity            infinity            infinity
     Parameter 4~IW(0.000,-3)              infinity            infinity            infinity
     Parameter 5~IW(0.000,-3)              infinity            infinity            infinity
     Parameter 6~N(0.000,infinity)           0.0000            infinity            infinity
     Parameter 7~N(0.000,infinity)           0.0000            infinity            infinity
     Parameter 8~N(0.000,infinity)           0.0000            infinity            infinity
     Parameter 9~N(0.000,infinity)           0.0000            infinity            infinity
     Parameter 10~N(0.000,infinity)          0.0000            infinity            infinity
     Parameter 11~N(0.000,infinity)          0.0000            infinity            infinity
     Parameter 12~N(0.000,infinity)          0.0000            infinity            infinity
     Parameter 13~N(0.000,infinity)          0.0000            infinity            infinity
     Parameter 14~N(0.000,infinity)          0.0000            infinity            infinity
     Parameter 15~N(0.000,infinity)          0.0000            infinity            infinity
     Parameter 16~IG(-1.000,0.000)         infinity            infinity            infinity
     Parameter 17~IG(-1.000,0.000)         infinity            infinity            infinity
     Parameter 18~IG(-1.000,0.000)         infinity            infinity            infinity
     Parameter 19~IG(-1.000,0.000)         infinity            infinity            infinity
     Parameter 20~IW(0.000,-3)             infinity            infinity            infinity
     Parameter 21~IW(0.000,-3)             infinity            infinity            infinity
     Parameter 22~IW(0.000,-3)             infinity            infinity            infinity


TECHNICAL 8 OUTPUT


   TECHNICAL 8 OUTPUT FOR BAYES ESTIMATION

     PROCESSOR    BSEED
     1            0
     2            285380
     3            253358
     4            93468
     5            608496
     6            903420
     7            195873
     8            462953
     9            939021
     10           127215
     11           415931
     12           533738
     13           107446
     14           399671
     15           650371
     16           27071

                     POTENTIAL       PARAMETER WITH
     ITERATION    SCALE REDUCTION      HIGHEST PSR
     100              1.356               8
     200              1.042               8
     300              1.069               8
     400              1.048               1
     500              1.017               3
     600              1.019               14
     700              1.058               9
     800              1.037               9
     900              1.023               9
     1000             1.044               9
     1100             1.028               9
     1200             1.029               9
     1300             1.033               9
     1400             1.016               18
     1500             1.012               18
     1600             1.012               9
     1700             1.030               9
     1800             1.037               9
     1900             1.024               9
     2000             1.030               9
     2100             1.027               9
     2200             1.023               9
     2300             1.016               9
     2400             1.019               9
     2500             1.022               9
     2600             1.016               9
     2700             1.013               9
     2800             1.018               9
     2900             1.017               9
     3000             1.014               9
     3100             1.011               9
     3200             1.008               9


PLOT INFORMATION

The following plots are available:

  Histograms (sample values)
  Scatterplots (sample values)
  Between-level histograms (sample values, sample means/variances)
  Between-level scatterplots (sample values, sample means/variances)
  Time series plots (sample values, ACF, PACF)
  Histogram of subjects per time point
  Time interval plots
  Bayesian posterior parameter distributions
  Bayesian posterior parameter trace plots
  Bayesian autocorrelation plots

     Beginning Time:  23:44:52
        Ending Time:  23:47:24
       Elapsed Time:  00:02:32



MUTHEN & MUTHEN
3463 Stoner Ave.
Los Angeles, CA  90066

Tel: (310) 391-9971
Fax: (310) 391-8971
Web: www.StatModel.com
Support: Support@StatModel.com

Copyright (c) 1998-2022 Muthen & Muthen
