Mplus VERSION 8.8
MUTHEN & MUTHEN
08/26/2023   1:47 AM

INPUT INSTRUCTIONS


  DATA:
  FILE IS data3.dat;

  VARIABLE:   NAMES =
  	    Eth_ID Time Time_between Time_inc
  	    PA_enth NA_irri NA_verv PA_tevr PA_ener
       	    PA_kalm NA_nerv PA_daadk NA_verdr
  	    PA_vrol NA_boos PA_dankb NA_somb PER_att
      	    PER_refl PER_self PER_expr PER_damp
  	    PER_codamp PER_capit Sample age_yr gesl BDI
      	    Measures_valid BDI_anh Anhedonia
   	    BDI_sum PA NA day compliance;

              USEVARIABLES are PER_att PA NA Anhedonia;
              MISSING is .;
              within = PER_att;
              between = Anhedonia;
              cluster = Eth_ID;
              lagged= PA NA(1);
              tinterval=Time_inc (150);

  DEFINE:     CENTER Anhedonia (grandmean);

  ANALYSIS:   type = twolevel random;
              estimator = Bayes;
              biterations=(2000);
              bconvergence=0.005;
              thin=2;
              PROCESSORS=16;
  MODEL:
  %WITHIN%
  sPR_PA | PA on PER_att;
  sPR_NA | NA on PER_att;
  sPA_PA | PA on PA&1;
  sNA_NA | NA on NA&1;
  [PER_att];


  %between%
  sPR_PA sPR_NA on Anhedonia;
  PA NA on Anhedonia;


  OUTPUT: standardized tech1 tech8 cinterval patterns;
  PLOT: TYPE = PLOT3;



*** WARNING in VARIABLE command
  Note that only the first 8 characters of variable names are used in the output.
  Shorten variable names to avoid any confusion.
*** WARNING in PLOT command
  Note that only the first 8 characters of variable names are used in plots.
  If variable names are not unique within the first 8 characters, problems
  may occur.
*** WARNING
  One or more individual-level variables have no variation within a
  cluster for the following clusters.

     Variable   Cluster IDs with no within-cluster variation

      PER_ATT     165

*** WARNING
  Data set contains cases with missing on all variables.  Cases that appeared before the first
  case with observed data and that appeared after the last case with observed data were not
  included in the analysis.  Number of deleted cases:  679
   4 WARNING(S) FOUND IN THE INPUT INSTRUCTIONS




SUMMARY OF ANALYSIS

Number of groups                                                 1
Number of observations                                       20160

Number of dependent variables                                    2
Number of independent variables                                  4
Number of continuous latent variables                            4

Observed dependent variables

  Continuous
   PA          NA

Observed independent variables
   PER_ATT     ANHEDONI    PA&1        NA&1

Continuous latent variables
   SPR_PA      SPR_NA      SPA_PA      SNA_NA

Variables with special functions

  Cluster variable      ETH_ID

  Within variables
   PER_ATT     PA&1        NA&1

  Between variables
   ANHEDONI

  Centering (GRANDMEAN)
   ANHEDONI


Estimator                                                    BAYES
Specifications for Bayesian Estimation
  Point estimate                                            MEDIAN
  Number of Markov chain Monte Carlo (MCMC) chains               2
  Random seed for the first chain                                0
  Starting value information                           UNPERTURBED
  Algorithm used for Markov chain Monte Carlo           GIBBS(PX1)
  Convergence criterion                                  0.500D-02
  Maximum number of iterations                               50000
  K-th iteration used for thinning                               2

Input data file(s)
  data3.dat
Input data format  FREE


SUMMARY OF DATA

     Number of clusters                        159

       Size (s)    Cluster ID with Size s

         56        28
         80        82
         84        87
         88        72
         97        34
        101        10
        105        52
        108        119
        111        36
        113        182
        115        89 131
        116        15 188 75 77
        117        11
        118        16 66 49 57 195
        119        197 71 48 149 50 92 38 186 163 106
        120        55 168 7 108 148 192 61 98 165
        122        174
        123        127
        124        161 117 103 51
        125        53 54 13 40 44 88 30 68 100 93 105 112 123 73
        126        107 172 173 102 65 109 111 80 76 120
        127        70 177 133 62 139 118 110 25 115 67 46 104 178 126 193
                   32 86 198 147
        128        43 153 59 156 96 180 18 5
        129        141 144 125 3 185 146 135 190 187 39 137 116 69
        130        138 166 97 14
        133        191
        134        2
        135        194 63 60 183 201 200
        136        26 56
        137        95 4 9 22 19 42
        138        132 29 94
        139        45 74 35 37 84 21 79 145 114
        142        27
        143        179
        144        170 24 171
        145        1 124 162 20
        146        151 6 167
        147        142 31
        148        159 176



SUMMARY OF MISSING DATA PATTERNS

     Number of missing data patterns            13


     MISSING DATA PATTERNS (x = not missing)

           1  2  3  4  5  6  7  8  9 10 11 12 13
 PER_ATT   x  x              x     x     x     x
 PA        x  x        x  x     x  x     x  x
 NA        x  x        x  x        x  x  x
 PA&1      x     x     x     x     x        x
 NA&1      x     x     x     x           x  x
 ANHEDONI  x  x  x  x  x  x  x  x  x  x  x  x  x


     MISSING DATA PATTERN FREQUENCIES

    Pattern   Frequency     Pattern   Frequency     Pattern   Frequency
          1        4892           6          50          11           1
          2        3227           7           3          12           1
          3        3121           8           4          13           1
          4        8808           9           5
          5          46          10           1


COVARIANCE COVERAGE OF DATA

Minimum covariance coverage value   0.100


     PROPORTION OF DATA PRESENT


           Covariance Coverage
              PER_ATT       PA            NA            ANHEDONI
              ________      ________      ________      ________
 PER_ATT        0.403
 PA             0.403         0.408
 NA             0.403         0.408         0.408
 ANHEDONI       0.403         0.408         0.408         1.000



UNIVARIATE SAMPLE STATISTICS


     UNIVARIATE HIGHER-ORDER MOMENT DESCRIPTIVE STATISTICS

         Variable/         Mean/     Skewness/   Minimum/ % with                Percentiles
        Sample Size      Variance    Kurtosis    Maximum  Min/Max      20%/60%    40%/80%    Median

     PER_ATT              30.951       0.468       0.000    9.73%       6.000     17.000     27.000
            8129.000     621.163      -0.867     100.000    0.47%      38.000     55.000
     PA                   44.345       0.056       0.000    0.32%      29.000     40.000     44.667
            8226.000     301.997      -0.250     100.000    0.07%      49.167     59.167
     NA                   14.975       1.412       0.000    7.26%       5.000      9.167     11.500
            8222.000     164.910       1.997      80.667    0.01%      14.333     23.000
     ANHEDONIA             0.000       0.630     -18.380    0.63%      -7.330     -2.924     -0.934
             159.000      79.008       0.606      29.966    0.63%       1.234      6.118


THE MODEL ESTIMATION TERMINATED NORMALLY

     USE THE FBITERATIONS OPTION TO INCREASE THE NUMBER OF ITERATIONS BY A FACTOR
     OF AT LEAST TWO TO CHECK CONVERGENCE AND THAT THE PSR VALUE DOES NOT INCREASE.



MODEL FIT INFORMATION

Number of Free Parameters                              22

Information Criteria

          Deviance (DIC)                       515212.680
          Estimated Number of Parameters (pD)   34131.689



MODEL RESULTS

                                Posterior  One-Tailed         95% C.I.
                    Estimate       S.D.      P-Value   Lower 2.5%  Upper 2.5%  Significance

Within Level

 NA       WITH
    PA               -44.640       1.293      0.000     -47.430     -42.296      *

 Means
    PER_ATT           30.859       0.277      0.000      30.275      31.381      *

 Variances
    PER_ATT          623.451       9.788      0.000     604.878     643.252      *

 Residual Variances
    PA               124.810       2.084      0.000     120.880     128.997      *
    NA                75.609       1.289      0.000      73.239      78.293      *

Between Level

 SPR_PA     ON
    ANHEDONIA          0.000       0.001      0.403      -0.002       0.003

 SPR_NA     ON
    ANHEDONIA          0.001       0.001      0.242      -0.001       0.003

 PA         ON
    ANHEDONIA         -0.404       0.106      0.000      -0.606      -0.197      *

 NA         ON
    ANHEDONIA          0.171       0.081      0.019       0.009       0.333      *

 NA       WITH
    PA               -11.315       8.539      0.083     -28.354       5.481

 Means
    SPA_PA             0.336       0.017      0.000       0.302       0.367      *
    SNA_NA             0.304       0.018      0.000       0.267       0.337      *

 Intercepts
    PA                36.985       0.941      0.000      35.192      38.919      *
    NA                15.661       0.749      0.000      14.161      17.089      *
    SPR_PA             0.142       0.011      0.000       0.120       0.164      *
    SPR_NA            -0.009       0.009      0.169      -0.027       0.008

 Variances
    SPA_PA             0.027       0.005      0.000       0.019       0.038      *
    SNA_NA             0.028       0.005      0.000       0.020       0.040      *

 Residual Variances
    PA               114.098      15.288      0.000      89.383     148.053      *
    NA                70.752       9.913      0.000      55.067      93.060      *
    SPR_PA             0.009       0.002      0.000       0.006       0.014      *
    SPR_NA             0.008       0.001      0.000       0.005       0.011      *


STANDARDIZED MODEL RESULTS


STDYX Standardization

                                Posterior  One-Tailed         95% C.I.
                    Estimate       S.D.      P-Value   Lower 2.5%  Upper 2.5%  Significance

Within-Level Standardized Estimates Averaged Over Clusters

 SPR_PA | PA ON
    PER_ATT            0.268       0.014      0.000       0.242       0.296      *

 SPA_PA | PA ON
    PA&1               0.336       0.011      0.000       0.315       0.358      *

 SPR_NA | NA ON
    PER_ATT           -0.025       0.015      0.043      -0.054       0.003

 SNA_NA | NA ON
    NA&1               0.304       0.012      0.000       0.279       0.326      *

 NA       WITH
    PA                -0.460       0.010      0.000      -0.480      -0.442      *

 Means
    PER_ATT            1.236       0.015      0.000       1.208       1.265      *

 Variances
    PER_ATT            1.000       0.000      0.000       1.000       1.000

 Residual Variances
    PA                 0.761       0.009      0.000       0.742       0.778      *
    NA                 0.833       0.008      0.000       0.818       0.850      *

Between Level

 SPR_PA     ON
    ANHEDONIA          0.019       0.079      0.403      -0.140       0.169

 SPR_NA     ON
    ANHEDONIA          0.053       0.072      0.242      -0.091       0.189

 PA         ON
    ANHEDONIA         -0.232       0.059      0.000      -0.344      -0.113      *

 NA         ON
    ANHEDONIA          0.128       0.060      0.019       0.008       0.246      *

 NA       WITH
    PA                -0.128       0.091      0.083      -0.293       0.061

 Means
    SPA_PA             2.070       0.225      0.000       1.655       2.537      *
    SNA_NA             1.797       0.205      0.000       1.415       2.235      *

 Intercepts
    PA                 3.362       0.228      0.000       2.928       3.815      *
    NA                 1.844       0.149      0.000       1.557       2.135      *
    SPR_PA             1.480       0.194      0.000       1.131       1.904      *
    SPR_NA            -0.097       0.104      0.169      -0.314       0.092

 Variances
    SPA_PA             1.000       0.000      0.000       1.000       1.000
    SNA_NA             1.000       0.000      0.000       1.000       1.000

 Residual Variances
    PA                 0.946       0.028      0.000       0.882       0.987      *
    NA                 0.984       0.016      0.000       0.940       1.000      *
    SPR_PA             0.997       0.009      0.000       0.967       1.000      *
    SPR_NA             0.996       0.010      0.000       0.964       1.000      *


STDY Standardization

                                Posterior  One-Tailed         95% C.I.
                    Estimate       S.D.      P-Value   Lower 2.5%  Upper 2.5%  Significance

Within-Level Standardized Estimates Averaged Over Clusters

 SPR_PA | PA ON
    PER_ATT            0.268       0.014      0.000       0.242       0.296      *

 SPA_PA | PA ON
    PA&1               0.025       0.001      0.000       0.024       0.027      *

 SPR_NA | NA ON
    PER_ATT           -0.025       0.015      0.043      -0.054       0.003

 SNA_NA | NA ON
    NA&1               0.031       0.001      0.000       0.028       0.033      *

 NA       WITH
    PA                -0.460       0.010      0.000      -0.480      -0.442      *

 Means
    PER_ATT            1.236       0.015      0.000       1.208       1.265      *

 Variances
    PER_ATT            1.000       0.000      0.000       1.000       1.000

 Residual Variances
    PA                 0.761       0.009      0.000       0.742       0.778      *
    NA                 0.833       0.008      0.000       0.818       0.850      *

Between Level

 SPR_PA     ON
    ANHEDONIA          0.003       0.012      0.403      -0.022       0.027

 SPR_NA     ON
    ANHEDONIA          0.008       0.011      0.242      -0.014       0.030

 PA         ON
    ANHEDONIA         -0.037       0.009      0.000      -0.054      -0.018      *

 NA         ON
    ANHEDONIA          0.020       0.009      0.019       0.001       0.039      *

 NA       WITH
    PA                -0.128       0.091      0.083      -0.293       0.061

 Means
    SPA_PA             2.070       0.225      0.000       1.655       2.537      *
    SNA_NA             1.797       0.205      0.000       1.415       2.235      *

 Intercepts
    PA                 3.362       0.228      0.000       2.928       3.815      *
    NA                 1.844       0.149      0.000       1.557       2.135      *
    SPR_PA             1.480       0.194      0.000       1.131       1.904      *
    SPR_NA            -0.097       0.104      0.169      -0.314       0.092

 Variances
    SPA_PA             1.000       0.000      0.000       1.000       1.000
    SNA_NA             1.000       0.000      0.000       1.000       1.000

 Residual Variances
    PA                 0.946       0.028      0.000       0.882       0.987      *
    NA                 0.984       0.016      0.000       0.940       1.000      *
    SPR_PA             0.997       0.009      0.000       0.967       1.000      *
    SPR_NA             0.996       0.010      0.000       0.964       1.000      *


STD Standardization

                                Posterior  One-Tailed         95% C.I.
                    Estimate       S.D.      P-Value   Lower 2.5%  Upper 2.5%  Significance

Within-Level Standardized Estimates Averaged Over Clusters

 SPR_PA | PA ON
    PER_ATT            0.142       0.008      0.000       0.128       0.158      *

 SPA_PA | PA ON
    PA&1               0.336       0.011      0.000       0.315       0.358      *

 SPR_NA | NA ON
    PER_ATT           -0.009       0.006      0.064      -0.020       0.002

 SNA_NA | NA ON
    NA&1               0.304       0.012      0.000       0.279       0.326      *

 NA       WITH
    PA               -44.640       1.293      0.000     -47.430     -42.296      *

 Means
    PER_ATT           30.859       0.277      0.000      30.275      31.381      *

 Variances
    PER_ATT          623.451       9.788      0.000     604.878     643.252      *

 Residual Variances
    PA               124.810       2.084      0.000     120.880     128.997      *
    NA                75.609       1.289      0.000      73.239      78.293      *

Between Level

 SPR_PA     ON
    ANHEDONIA          0.003       0.012      0.403      -0.022       0.027

 SPR_NA     ON
    ANHEDONIA          0.008       0.011      0.242      -0.014       0.030

 PA         ON
    ANHEDONIA         -0.404       0.106      0.000      -0.606      -0.197      *

 NA         ON
    ANHEDONIA          0.171       0.081      0.019       0.009       0.333      *

 NA       WITH
    PA               -11.315       8.539      0.083     -28.354       5.481

 Means
    SPA_PA             2.070       0.225      0.000       1.655       2.537      *
    SNA_NA             1.797       0.205      0.000       1.415       2.235      *

 Intercepts
    PA                36.985       0.941      0.000      35.192      38.919      *
    NA                15.661       0.749      0.000      14.161      17.089      *
    SPR_PA             1.480       0.194      0.000       1.131       1.904      *
    SPR_NA            -0.097       0.104      0.169      -0.314       0.092

 Variances
    SPA_PA             1.000       0.000      0.000       1.000       1.000
    SNA_NA             1.000       0.000      0.000       1.000       1.000

 Residual Variances
    PA               114.098      15.288      0.000      89.383     148.053      *
    NA                70.752       9.913      0.000      55.067      93.060      *
    SPR_PA             0.997       0.009      0.000       0.967       1.000      *
    SPR_NA             0.996       0.010      0.000       0.964       1.000      *


R-SQUARE

Within-Level R-Square Averaged Across Clusters

                                Posterior  One-Tailed         95% C.I.
    Variable        Estimate       S.D.      P-Value   Lower 2.5%  Upper 2.5%

    PA                 0.239       0.009      0.000       0.222       0.258
    NA                 0.167       0.008      0.000       0.149       0.182

Between Level

                                Posterior  One-Tailed         95% C.I.
    Variable        Estimate       S.D.      P-Value   Lower 2.5%  Upper 2.5%

    PA                 0.054       0.028      0.000       0.013       0.118
    NA                 0.016       0.016      0.000       0.000       0.060

                                Posterior  One-Tailed         95% C.I.
    Variable        Estimate       S.D.      P-Value   Lower 2.5%  Upper 2.5%

    SPR_PA             0.003       0.009      0.000       0.000       0.033
    SPR_NA             0.004       0.010      0.000       0.000       0.036


CREDIBILITY INTERVALS OF MODEL RESULTS

                  Lower .5%  Lower 2.5%    Lower 5%    Estimate    Upper 5%  Upper 2.5%   Upper .5%

Within Level

 NA       WITH
    PA             -48.185     -47.430     -46.921     -44.640     -42.720     -42.296     -41.539

 Means
    PER_ATT         30.094      30.275      30.394      30.859      31.300      31.381      31.626

 Variances
    PER_ATT        598.939     604.878     607.890     623.451     639.835     643.252     648.992

 Residual Variances
    PA             119.839     120.880     121.452     124.810     128.421     128.997     130.141
    NA              72.269      73.239      73.541      75.609      77.838      78.293      79.037

Between Level

 SPR_PA   ON
    ANHEDONIA       -0.003      -0.002      -0.002       0.000       0.002       0.003       0.003

 SPR_NA   ON
    ANHEDONIA       -0.002      -0.001      -0.001       0.001       0.002       0.003       0.003

 PA       ON
    ANHEDONIA       -0.677      -0.606      -0.579      -0.404      -0.225      -0.197      -0.135

 NA       ON
    ANHEDONIA       -0.030       0.009       0.038       0.171       0.306       0.333       0.374

 NA       WITH
    PA             -34.128     -28.354     -25.303     -11.315       2.567       5.481      11.944

 Means
    SPA_PA           0.289       0.302       0.308       0.336       0.363       0.367       0.382
    SNA_NA           0.252       0.267       0.273       0.304       0.333       0.337       0.348

 Intercepts
    PA              34.514      35.192      35.493      36.985      38.573      38.919      39.411
    NA              13.729      14.161      14.400      15.661      16.890      17.089      17.512
    SPR_PA           0.113       0.120       0.125       0.142       0.160       0.164       0.170
    SPR_NA          -0.033      -0.027      -0.024      -0.009       0.006       0.008       0.014

 Variances
    SPA_PA           0.017       0.019       0.020       0.027       0.036       0.038       0.042
    SNA_NA           0.018       0.020       0.021       0.028       0.038       0.040       0.044

 Residual Variances
    PA              80.088      89.383      92.674     114.098     142.200     148.053     159.605
    NA              50.521      55.067      57.033      70.752      88.503      93.060     101.767
    SPR_PA           0.006       0.006       0.007       0.009       0.013       0.014       0.015
    SPR_NA           0.005       0.005       0.006       0.008       0.010       0.011       0.012


CREDIBILITY INTERVALS OF STANDARDIZED MODEL RESULTS


STDYX Standardization

                  Lower .5%  Lower 2.5%    Lower 5%    Estimate    Upper 5%  Upper 2.5%   Upper .5%

Within Level

 NA       WITH
    PA               0.000      -0.480       0.000      -0.460       0.000      -0.442       0.000

 Means
    PER_ATT          0.000       1.208       0.000       1.236       0.000       1.265       0.000

 Variances
    PER_ATT          0.000       1.000       0.000       1.000       0.000       1.000       0.000

 Residual Variances
    PA               0.000       0.742       0.000       0.761       0.000       0.778       0.000
    NA               0.000       0.818       0.000       0.833       0.000       0.850       0.000

Between Level

 SPR_PA   ON
    ANHEDONIA       -0.187      -0.140      -0.114       0.019       0.148       0.169       0.211

 SPR_NA   ON
    ANHEDONIA       -0.124      -0.091      -0.069       0.053       0.169       0.189       0.228

 PA       ON
    ANHEDONIA       -0.369      -0.344      -0.330      -0.232      -0.130      -0.113      -0.080

 NA       ON
    ANHEDONIA       -0.023       0.008       0.028       0.128       0.226       0.246       0.272

 NA       WITH
    PA              -0.345      -0.293      -0.270      -0.128       0.029       0.061       0.132

 Means
    SPA_PA           1.533       1.655       1.711       2.070       2.462       2.537       2.687
    SNA_NA           1.307       1.415       1.485       1.797       2.161       2.235       2.394

 Intercepts
    PA               2.813       2.928       2.995       3.362       3.742       3.815       3.984
    NA               1.479       1.557       1.599       1.844       2.095       2.135       2.236
    SPR_PA           1.006       1.131       1.188       1.480       1.835       1.904       2.047
    SPR_NA          -0.380      -0.314      -0.273      -0.097       0.067       0.092       0.160

 Variances
    SPA_PA           1.000       1.000       1.000       1.000       1.000       1.000       1.000
    SNA_NA           1.000       1.000       1.000       1.000       1.000       1.000       1.000

 Residual Variances
    PA               0.864       0.882       0.891       0.946       0.983       0.987       0.994
    NA               0.926       0.940       0.949       0.984       0.999       1.000       1.000
    SPR_PA           0.949       0.967       0.975       0.997       1.000       1.000       1.000
    SPR_NA           0.948       0.964       0.971       0.996       1.000       1.000       1.000


STDY Standardization

                  Lower .5%  Lower 2.5%    Lower 5%    Estimate    Upper 5%  Upper 2.5%   Upper .5%

Within Level

 NA       WITH
    PA               0.000      -0.480       0.000      -0.460       0.000      -0.442       0.000

 Means
    PER_ATT          0.000       1.208       0.000       1.236       0.000       1.265       0.000

 Variances
    PER_ATT          0.000       1.000       0.000       1.000       0.000       1.000       0.000

 Residual Variances
    PA               0.000       0.742       0.000       0.761       0.000       0.778       0.000
    NA               0.000       0.818       0.000       0.833       0.000       0.850       0.000

Between Level

 SPR_PA   ON
    ANHEDONIA       -0.029      -0.022      -0.018       0.003       0.023       0.027       0.033

 SPR_NA   ON
    ANHEDONIA       -0.020      -0.014      -0.011       0.008       0.027       0.030       0.036

 PA       ON
    ANHEDONIA       -0.058      -0.054      -0.052      -0.037      -0.020      -0.018      -0.013

 NA       ON
    ANHEDONIA       -0.004       0.001       0.004       0.020       0.036       0.039       0.043

 NA       WITH
    PA              -0.345      -0.293      -0.270      -0.128       0.029       0.061       0.132

 Means
    SPA_PA           1.533       1.655       1.711       2.070       2.462       2.537       2.687
    SNA_NA           1.307       1.415       1.485       1.797       2.161       2.235       2.394

 Intercepts
    PA               2.813       2.928       2.995       3.362       3.742       3.815       3.984
    NA               1.479       1.557       1.599       1.844       2.095       2.135       2.236
    SPR_PA           1.006       1.131       1.188       1.480       1.835       1.904       2.047
    SPR_NA          -0.380      -0.314      -0.273      -0.097       0.067       0.092       0.160

 Variances
    SPA_PA           1.000       1.000       1.000       1.000       1.000       1.000       1.000
    SNA_NA           1.000       1.000       1.000       1.000       1.000       1.000       1.000

 Residual Variances
    PA               0.864       0.882       0.891       0.946       0.983       0.987       0.994
    NA               0.926       0.940       0.949       0.984       0.999       1.000       1.000
    SPR_PA           0.949       0.967       0.975       0.997       1.000       1.000       1.000
    SPR_NA           0.948       0.964       0.971       0.996       1.000       1.000       1.000


STD Standardization

                  Lower .5%  Lower 2.5%    Lower 5%    Estimate    Upper 5%  Upper 2.5%   Upper .5%

Within Level

 NA       WITH
    PA               0.000     -47.430       0.000     -44.640       0.000     -42.296       0.000

 Means
    PER_ATT          0.000      30.275       0.000      30.859       0.000      31.381       0.000

 Variances
    PER_ATT          0.000     604.878       0.000     623.451       0.000     643.252       0.000

 Residual Variances
    PA               0.000     120.880       0.000     124.810       0.000     128.997       0.000
    NA               0.000      73.239       0.000      75.609       0.000      78.293       0.000

Between Level

 SPR_PA   ON
    ANHEDONIA       -0.029      -0.022      -0.018       0.003       0.023       0.027       0.033

 SPR_NA   ON
    ANHEDONIA       -0.020      -0.014      -0.011       0.008       0.027       0.030       0.036

 PA       ON
    ANHEDONIA       -0.677      -0.606      -0.579      -0.404      -0.225      -0.197      -0.135

 NA       ON
    ANHEDONIA       -0.030       0.009       0.038       0.171       0.306       0.333       0.374

 NA       WITH
    PA             -34.128     -28.354     -25.303     -11.315       2.567       5.481      11.944

 Means
    SPA_PA           1.533       1.655       1.711       2.070       2.462       2.537       2.687
    SNA_NA           1.307       1.415       1.485       1.797       2.161       2.235       2.394

 Intercepts
    PA              34.514      35.192      35.493      36.985      38.573      38.919      39.411
    NA              13.729      14.161      14.400      15.661      16.890      17.089      17.512
    SPR_PA           1.006       1.131       1.188       1.480       1.835       1.904       2.047
    SPR_NA          -0.380      -0.314      -0.273      -0.097       0.067       0.092       0.160

 Variances
    SPA_PA           1.000       1.000       1.000       1.000       1.000       1.000       1.000
    SNA_NA           1.000       1.000       1.000       1.000       1.000       1.000       1.000

 Residual Variances
    PA              80.088      89.383      92.674     114.098     142.200     148.053     159.605
    NA              50.521      55.067      57.033      70.752      88.503      93.060     101.767
    SPR_PA           0.949       0.967       0.975       0.997       1.000       1.000       1.000
    SPR_NA           0.948       0.964       0.971       0.996       1.000       1.000       1.000


TECHNICAL 1 OUTPUT


     PARAMETER SPECIFICATION FOR WITHIN


           NU
              PER_ATT       PA            NA            PA&1          NA&1
              ________      ________      ________      ________      ________
                    0             0             0             0             0


           LAMBDA
              PER_ATT       PA            NA            PA&1          NA&1
              ________      ________      ________      ________      ________
 PER_ATT            0             0             0             0             0
 PA                 0             0             0             0             0
 NA                 0             0             0             0             0
 PA&1               0             0             0             0             0
 NA&1               0             0             0             0             0


           THETA
              PER_ATT       PA            NA            PA&1          NA&1
              ________      ________      ________      ________      ________
 PER_ATT            0
 PA                 0             0
 NA                 0             0             0
 PA&1               0             0             0             0
 NA&1               0             0             0             0             0


           ALPHA
              PER_ATT       PA            NA            PA&1          NA&1
              ________      ________      ________      ________      ________
                    1             0             0             0             0


           BETA
              PER_ATT       PA            NA            PA&1          NA&1
              ________      ________      ________      ________      ________
 PER_ATT            0             0             0             0             0
 PA                 0             0             0             0             0
 NA                 0             0             0             0             0
 PA&1               0             0             0             0             0
 NA&1               0             0             0             0             0


           PSI
              PER_ATT       PA            NA            PA&1          NA&1
              ________      ________      ________      ________      ________
 PER_ATT            2
 PA                 0             3
 NA                 0             4             5
 PA&1               0             0             0             0
 NA&1               0             0             0             0             0


     PARAMETER SPECIFICATION FOR BETWEEN


           NU
              PA            NA            ANHEDONI
              ________      ________      ________
                    0             0             0


           LAMBDA
              SPR_PA        SPR_NA        SPA_PA        SNA_NA        PA
              ________      ________      ________      ________      ________
 PA                 0             0             0             0             0
 NA                 0             0             0             0             0
 ANHEDONI           0             0             0             0             0


           LAMBDA
              NA            ANHEDONI
              ________      ________
 PA                 0             0
 NA                 0             0
 ANHEDONI           0             0


           THETA
              PA            NA            ANHEDONI
              ________      ________      ________
 PA                 0
 NA                 0             0
 ANHEDONI           0             0             0


           ALPHA
              SPR_PA        SPR_NA        SPA_PA        SNA_NA        PA
              ________      ________      ________      ________      ________
                    6             7             8             9            10


           ALPHA
              NA            ANHEDONI
              ________      ________
                   11             0


           BETA
              SPR_PA        SPR_NA        SPA_PA        SNA_NA        PA
              ________      ________      ________      ________      ________
 SPR_PA             0             0             0             0             0
 SPR_NA             0             0             0             0             0
 SPA_PA             0             0             0             0             0
 SNA_NA             0             0             0             0             0
 PA                 0             0             0             0             0
 NA                 0             0             0             0             0
 ANHEDONI           0             0             0             0             0


           BETA
              NA            ANHEDONI
              ________      ________
 SPR_PA             0            12
 SPR_NA             0            13
 SPA_PA             0             0
 SNA_NA             0             0
 PA                 0            14
 NA                 0            15
 ANHEDONI           0             0


           PSI
              SPR_PA        SPR_NA        SPA_PA        SNA_NA        PA
              ________      ________      ________      ________      ________
 SPR_PA            16
 SPR_NA             0            17
 SPA_PA             0             0            18
 SNA_NA             0             0             0            19
 PA                 0             0             0             0            20
 NA                 0             0             0             0            21
 ANHEDONI           0             0             0             0             0


           PSI
              NA            ANHEDONI
              ________      ________
 NA                22
 ANHEDONI           0             0


     STARTING VALUES FOR WITHIN


           NU
              PER_ATT       PA            NA            PA&1          NA&1
              ________      ________      ________      ________      ________
                0.000         0.000         0.000         0.000         0.000


           LAMBDA
              PER_ATT       PA            NA            PA&1          NA&1
              ________      ________      ________      ________      ________
 PER_ATT        1.000         0.000         0.000         0.000         0.000
 PA             0.000         1.000         0.000         0.000         0.000
 NA             0.000         0.000         1.000         0.000         0.000
 PA&1           0.000         0.000         0.000         1.000         0.000
 NA&1           0.000         0.000         0.000         0.000         1.000


           THETA
              PER_ATT       PA            NA            PA&1          NA&1
              ________      ________      ________      ________      ________
 PER_ATT        0.000
 PA             0.000         0.000
 NA             0.000         0.000         0.000
 PA&1           0.000         0.000         0.000         0.000
 NA&1           0.000         0.000         0.000         0.000         0.000


           ALPHA
              PER_ATT       PA            NA            PA&1          NA&1
              ________      ________      ________      ________      ________
                0.000         0.000         0.000         0.000         0.000


           BETA
              PER_ATT       PA            NA            PA&1          NA&1
              ________      ________      ________      ________      ________
 PER_ATT        0.000         0.000         0.000         0.000         0.000
 PA             0.000         0.000         0.000         0.000         0.000
 NA             0.000         0.000         0.000         0.000         0.000
 PA&1           0.000         0.000         0.000         0.000         0.000
 NA&1           0.000         0.000         0.000         0.000         0.000


           PSI
              PER_ATT       PA            NA            PA&1          NA&1
              ________      ________      ________      ________      ________
 PER_ATT      310.581
 PA             0.000       150.998
 NA             0.000         0.000        82.455
 PA&1           0.000         0.000         0.000       151.182
 NA&1           0.000         0.000         0.000         0.000        82.346


     STARTING VALUES FOR BETWEEN


           NU
              PA            NA            ANHEDONI
              ________      ________      ________
                0.000         0.000         0.000


           LAMBDA
              SPR_PA        SPR_NA        SPA_PA        SNA_NA        PA
              ________      ________      ________      ________      ________
 PA             0.000         0.000         0.000         0.000         1.000
 NA             0.000         0.000         0.000         0.000         0.000
 ANHEDONI       0.000         0.000         0.000         0.000         0.000


           LAMBDA
              NA            ANHEDONI
              ________      ________
 PA             0.000         0.000
 NA             1.000         0.000
 ANHEDONI       0.000         1.000


           THETA
              PA            NA            ANHEDONI
              ________      ________      ________
 PA             0.000
 NA             0.000         0.000
 ANHEDONI       0.000         0.000         0.000


           ALPHA
              SPR_PA        SPR_NA        SPA_PA        SNA_NA        PA
              ________      ________      ________      ________      ________
                0.000         0.000         0.000         0.000        44.345


           ALPHA
              NA            ANHEDONI
              ________      ________
               14.975         0.000


           BETA
              SPR_PA        SPR_NA        SPA_PA        SNA_NA        PA
              ________      ________      ________      ________      ________
 SPR_PA         0.000         0.000         0.000         0.000         0.000
 SPR_NA         0.000         0.000         0.000         0.000         0.000
 SPA_PA         0.000         0.000         0.000         0.000         0.000
 SNA_NA         0.000         0.000         0.000         0.000         0.000
 PA             0.000         0.000         0.000         0.000         0.000
 NA             0.000         0.000         0.000         0.000         0.000
 ANHEDONI       0.000         0.000         0.000         0.000         0.000


           BETA
              NA            ANHEDONI
              ________      ________
 SPR_PA         0.000         0.000
 SPR_NA         0.000         0.000
 SPA_PA         0.000         0.000
 SNA_NA         0.000         0.000
 PA             0.000         0.000
 NA             0.000         0.000
 ANHEDONI       0.000         0.000


           PSI
              SPR_PA        SPR_NA        SPA_PA        SNA_NA        PA
              ________      ________      ________      ________      ________
 SPR_PA         1.000
 SPR_NA         0.000         1.000
 SPA_PA         0.000         0.000         1.000
 SNA_NA         0.000         0.000         0.000         1.000
 PA             0.000         0.000         0.000         0.000       150.998
 NA             0.000         0.000         0.000         0.000         0.000
 ANHEDONI       0.000         0.000         0.000         0.000         0.000


           PSI
              NA            ANHEDONI
              ________      ________
 NA            82.455
 ANHEDONI       0.000        40.163



     PRIORS FOR ALL PARAMETERS            PRIOR MEAN      PRIOR VARIANCE     PRIOR STD. DEV.

     Parameter 1~N(0.000,infinity)           0.0000            infinity            infinity
     Parameter 2~IG(-1.000,0.000)          infinity            infinity            infinity
     Parameter 3~IW(0.000,-3)              infinity            infinity            infinity
     Parameter 4~IW(0.000,-3)              infinity            infinity            infinity
     Parameter 5~IW(0.000,-3)              infinity            infinity            infinity
     Parameter 6~N(0.000,infinity)           0.0000            infinity            infinity
     Parameter 7~N(0.000,infinity)           0.0000            infinity            infinity
     Parameter 8~N(0.000,infinity)           0.0000            infinity            infinity
     Parameter 9~N(0.000,infinity)           0.0000            infinity            infinity
     Parameter 10~N(0.000,infinity)          0.0000            infinity            infinity
     Parameter 11~N(0.000,infinity)          0.0000            infinity            infinity
     Parameter 12~N(0.000,infinity)          0.0000            infinity            infinity
     Parameter 13~N(0.000,infinity)          0.0000            infinity            infinity
     Parameter 14~N(0.000,infinity)          0.0000            infinity            infinity
     Parameter 15~N(0.000,infinity)          0.0000            infinity            infinity
     Parameter 16~IG(-1.000,0.000)         infinity            infinity            infinity
     Parameter 17~IG(-1.000,0.000)         infinity            infinity            infinity
     Parameter 18~IG(-1.000,0.000)         infinity            infinity            infinity
     Parameter 19~IG(-1.000,0.000)         infinity            infinity            infinity
     Parameter 20~IW(0.000,-3)             infinity            infinity            infinity
     Parameter 21~IW(0.000,-3)             infinity            infinity            infinity
     Parameter 22~IW(0.000,-3)             infinity            infinity            infinity


TECHNICAL 8 OUTPUT


   TECHNICAL 8 OUTPUT FOR BAYES ESTIMATION

     PROCESSOR    BSEED
     1            0
     2            285380
     3            253358
     4            93468
     5            608496
     6            903420
     7            195873
     8            462953
     9            939021
     10           127215
     11           415931
     12           533738
     13           107446
     14           399671
     15           650371
     16           27071

                     POTENTIAL       PARAMETER WITH
     ITERATION    SCALE REDUCTION      HIGHEST PSR
     100              1.051               19
     200              1.048               10
     300              1.049               7
     400              1.027               5
     500              1.024               5
     600              1.017               11
     700              1.018               5
     800              1.020               5
     900              1.019               5
     1000             1.013               5
     1100             1.013               19
     1200             1.005               8
     1300             1.004               1
     1400             1.005               6
     1500             1.006               6
     1600             1.007               6
     1700             1.003               11
     1800             1.003               4
     1900             1.003               7
     2000             1.002               7


PLOT INFORMATION

The following plots are available:

  Histograms (sample values)
  Scatterplots (sample values)
  Between-level histograms (sample values, sample means/variances)
  Between-level scatterplots (sample values, sample means/variances)
  Time series plots (sample values, ACF, PACF)
  Histogram of subjects per time point
  Time interval plots
  Bayesian posterior parameter distributions
  Bayesian posterior parameter trace plots
  Bayesian autocorrelation plots

     Beginning Time:  01:47:48
        Ending Time:  01:49:16
       Elapsed Time:  00:01:28



MUTHEN & MUTHEN
3463 Stoner Ave.
Los Angeles, CA  90066

Tel: (310) 391-9971
Fax: (310) 391-8971
Web: www.StatModel.com
Support: Support@StatModel.com

Copyright (c) 1998-2022 Muthen & Muthen
