Mplus VERSION 8.8
MUTHEN & MUTHEN
08/26/2023   3:56 AM

INPUT INSTRUCTIONS


  DATA:
  FILE IS data3.dat;

  VARIABLE:   NAMES =
  	    Eth_ID Time Time_between Time_inc
  	    PA_enth NA_irri NA_verv PA_tevr PA_ener
       	    PA_kalm NA_nerv PA_daadk NA_verdr
  	    PA_vrol NA_boos PA_dankb NA_somb PER_att
      	    PER_refl PER_self PER_expr PER_damp
  	    PER_codamp PER_capit Sample age_yr gesl BDI
      	    Measures_valid BDI_anh Anhedonia
   	    BDI_sum PA NA day compliance;

              USEVARIABLES are PER_refl PA NA Anhedonia;
              MISSING is .;
              within = PER_refl;
              between = Anhedonia;
              cluster = Eth_ID;
              lagged= PA NA(1);
              tinterval=Time_inc (150);

  DEFINE:     CENTER Anhedonia (grandmean);

  ANALYSIS:   type = twolevel random;
              estimator = Bayes;
              biterations=(2000);
              bconvergence=0.005;
              thin=2;
              PROCESSORS=16;
  MODEL:
  %WITHIN%
  sPR_PA | PA on PER_refl;
  sPR_NA | NA on PER_refl;
  sPA_PA | PA on PA&1;
  sNA_NA | NA on NA&1;
  [PER_refl];


  %between%
  sPR_PA sPR_NA on Anhedonia;
  PA NA on Anhedonia;


  OUTPUT: standardized tech1 tech8 cinterval patterns;
  PLOT: TYPE = PLOT3;



*** WARNING in VARIABLE command
  Note that only the first 8 characters of variable names are used in the output.
  Shorten variable names to avoid any confusion.
*** WARNING in PLOT command
  Note that only the first 8 characters of variable names are used in plots.
  If variable names are not unique within the first 8 characters, problems
  may occur.
*** WARNING
  One or more individual-level variables have no variation within a
  cluster for the following clusters.

     Variable   Cluster IDs with no within-cluster variation

      PER_REFL    165 73

*** WARNING
  Data set contains cases with missing on all variables.  Cases that appeared before the first
  case with observed data and that appeared after the last case with observed data were not
  included in the analysis.  Number of deleted cases:  679
   4 WARNING(S) FOUND IN THE INPUT INSTRUCTIONS




SUMMARY OF ANALYSIS

Number of groups                                                 1
Number of observations                                       20160

Number of dependent variables                                    2
Number of independent variables                                  4
Number of continuous latent variables                            4

Observed dependent variables

  Continuous
   PA          NA

Observed independent variables
   PER_REFL    ANHEDONI    PA&1        NA&1

Continuous latent variables
   SPR_PA      SPR_NA      SPA_PA      SNA_NA

Variables with special functions

  Cluster variable      ETH_ID

  Within variables
   PER_REFL    PA&1        NA&1

  Between variables
   ANHEDONI

  Centering (GRANDMEAN)
   ANHEDONI


Estimator                                                    BAYES
Specifications for Bayesian Estimation
  Point estimate                                            MEDIAN
  Number of Markov chain Monte Carlo (MCMC) chains               2
  Random seed for the first chain                                0
  Starting value information                           UNPERTURBED
  Algorithm used for Markov chain Monte Carlo           GIBBS(PX1)
  Convergence criterion                                  0.500D-02
  Maximum number of iterations                               50000
  K-th iteration used for thinning                               2

Input data file(s)
  data3.dat
Input data format  FREE


SUMMARY OF DATA

     Number of clusters                        159

       Size (s)    Cluster ID with Size s

         56        28
         80        82
         84        87
         88        72
         97        34
        101        10
        105        52
        108        119
        111        36
        113        182
        115        89 131
        116        15 188 75 77
        117        11
        118        16 66 49 57 195
        119        197 71 48 149 50 92 38 186 163 106
        120        55 168 7 108 148 192 61 98 165
        122        174
        123        127
        124        161 117 103 51
        125        53 54 13 40 44 88 30 68 100 93 105 112 123 73
        126        107 172 173 102 65 109 111 80 76 120
        127        70 177 133 62 139 118 110 25 115 67 46 104 178 126 193
                   32 86 198 147
        128        43 153 59 156 96 180 18 5
        129        141 144 125 3 185 146 135 190 187 39 137 116 69
        130        138 166 97 14
        133        191
        134        2
        135        194 63 60 183 201 200
        136        26 56
        137        95 4 9 22 19 42
        138        132 29 94
        139        45 74 35 37 84 21 79 145 114
        142        27
        143        179
        144        170 24 171
        145        1 124 162 20
        146        151 6 167
        147        142 31
        148        159 176



SUMMARY OF MISSING DATA PATTERNS

     Number of missing data patterns            13


     MISSING DATA PATTERNS (x = not missing)

           1  2  3  4  5  6  7  8  9 10 11 12 13
 PER_REFL  x  x              x     x     x     x
 PA        x  x        x  x     x  x     x  x
 NA        x  x        x  x        x  x  x
 PA&1      x     x        x  x     x        x
 NA&1      x     x        x  x           x  x
 ANHEDONI  x  x  x  x  x  x  x  x  x  x  x  x  x


     MISSING DATA PATTERN FREQUENCIES

    Pattern   Frequency     Pattern   Frequency     Pattern   Frequency
          1        4888           6          50          11           1
          2        3224           7           3          12           1
          3        3121           8           4          13           1
          4        8808           9           5
          5          53          10           1


COVARIANCE COVERAGE OF DATA

Minimum covariance coverage value   0.100


     PROPORTION OF DATA PRESENT


           Covariance Coverage
              PER_REFL      PA            NA            ANHEDONI
              ________      ________      ________      ________
 PER_REFL       0.403
 PA             0.403         0.408
 NA             0.403         0.408         0.408
 ANHEDONI       0.403         0.408         0.408         1.000



UNIVARIATE SAMPLE STATISTICS


     UNIVARIATE HIGHER-ORDER MOMENT DESCRIPTIVE STATISTICS

         Variable/         Mean/     Skewness/   Minimum/ % with                Percentiles
        Sample Size      Variance    Kurtosis    Maximum  Min/Max      20%/60%    40%/80%    Median

     PER_REFL             28.217       0.692       0.000    9.73%       5.000     14.000     23.000
            8122.000     570.189      -0.419     100.000    0.49%      32.000     51.000
     PA                   44.345       0.056       0.000    0.32%      29.000     40.000     44.667
            8226.000     301.997      -0.250     100.000    0.07%      49.167     59.167
     NA                   14.975       1.412       0.000    7.26%       5.000      9.167     11.500
            8222.000     164.910       1.997      80.667    0.01%      14.333     23.000
     ANHEDONIA             0.000       0.630     -18.380    0.63%      -7.330     -2.924     -0.934
             159.000      79.008       0.606      29.966    0.63%       1.234      6.118


THE MODEL ESTIMATION TERMINATED NORMALLY

     USE THE FBITERATIONS OPTION TO INCREASE THE NUMBER OF ITERATIONS BY A FACTOR
     OF AT LEAST TWO TO CHECK CONVERGENCE AND THAT THE PSR VALUE DOES NOT INCREASE.



MODEL FIT INFORMATION

Number of Free Parameters                              22

Information Criteria

          Deviance (DIC)                       512901.405
          Estimated Number of Parameters (pD)   33910.849



MODEL RESULTS

                                Posterior  One-Tailed         95% C.I.
                    Estimate       S.D.      P-Value   Lower 2.5%  Upper 2.5%  Significance

Within Level

 NA       WITH
    PA               -43.601       1.260      0.000     -46.081     -41.235      *

 Means
    PER_REFL          28.125       0.266      0.000      27.619      28.653      *

 Variances
    PER_REFL         572.374       8.932      0.000     554.951     589.378      *

 Residual Variances
    PA               122.750       2.050      0.000     118.870     126.909      *
    NA                74.956       1.272      0.000      72.573      77.588      *

Between Level

 SPR_PA     ON
    ANHEDONIA          0.000       0.001      0.494      -0.002       0.002

 SPR_NA     ON
    ANHEDONIA          0.002       0.001      0.026       0.000       0.004

 PA         ON
    ANHEDONIA         -0.371       0.110      0.000      -0.588      -0.151      *

 NA         ON
    ANHEDONIA          0.113       0.085      0.089      -0.045       0.275

 NA       WITH
    PA               -15.404       9.039      0.043     -34.179       1.831

 Means
    SPA_PA             0.328       0.018      0.000       0.290       0.360      *
    SNA_NA             0.308       0.018      0.000       0.272       0.341      *

 Intercepts
    PA                36.831       0.928      0.000      35.032      38.626      *
    NA                16.431       0.781      0.000      14.867      17.908      *
    SPR_PA             0.165       0.011      0.000       0.144       0.186      *
    SPR_NA            -0.028       0.009      0.002      -0.045      -0.010      *

 Variances
    SPA_PA             0.028       0.005      0.000       0.020       0.040      *
    SNA_NA             0.030       0.005      0.000       0.021       0.041      *

 Residual Variances
    PA               122.087      15.819      0.000      95.444     158.270      *
    NA                81.868      11.041      0.000      62.927     107.311      *
    SPR_PA             0.009       0.002      0.000       0.006       0.013      *
    SPR_NA             0.008       0.002      0.000       0.006       0.012      *


STANDARDIZED MODEL RESULTS


STDYX Standardization

                                Posterior  One-Tailed         95% C.I.
                    Estimate       S.D.      P-Value   Lower 2.5%  Upper 2.5%  Significance

Within-Level Standardized Estimates Averaged Over Clusters

 SPR_PA | PA ON
    PER_REFL           0.298       0.013      0.000       0.272       0.324      *

 SPA_PA | PA ON
    PA&1               0.327       0.012      0.000       0.302       0.351      *

 SPR_NA | NA ON
    PER_REFL          -0.069       0.014      0.000      -0.095      -0.040      *

 SNA_NA | NA ON
    NA&1               0.307       0.012      0.000       0.282       0.329      *

 NA       WITH
    PA                -0.454       0.010      0.000      -0.472      -0.436      *

 Means
    PER_REFL           1.176       0.015      0.000       1.147       1.204      *

 Variances
    PER_REFL           1.000       0.000      0.000       1.000       1.000

 Residual Variances
    PA                 0.751       0.009      0.000       0.733       0.769      *
    NA                 0.826       0.008      0.000       0.810       0.843      *

Between Level

 SPR_PA     ON
    ANHEDONIA          0.001       0.080      0.494      -0.162       0.156

 SPR_NA     ON
    ANHEDONIA          0.142       0.073      0.026      -0.001       0.294

 PA         ON
    ANHEDONIA         -0.207       0.060      0.000      -0.321      -0.085      *

 NA         ON
    ANHEDONIA          0.079       0.059      0.089      -0.031       0.194

 NA       WITH
    PA                -0.156       0.085      0.043      -0.316       0.019

 Means
    SPA_PA             1.953       0.215      0.000       1.554       2.383      *
    SNA_NA             1.793       0.211      0.000       1.412       2.236      *

 Intercepts
    PA                 3.253       0.217      0.000       2.840       3.691      *
    NA                 1.807       0.146      0.000       1.521       2.088      *
    SPR_PA             1.708       0.211      0.000       1.356       2.196      *
    SPR_NA            -0.306       0.105      0.002      -0.511      -0.100      *

 Variances
    SPA_PA             1.000       0.000      0.000       1.000       1.000
    SNA_NA             1.000       0.000      0.000       1.000       1.000

 Residual Variances
    PA                 0.957       0.025      0.000       0.897       0.993      *
    NA                 0.994       0.010      0.000       0.962       1.000      *
    SPR_PA             0.997       0.009      0.000       0.968       1.000      *
    SPR_NA             0.980       0.023      0.000       0.913       1.000      *


STDY Standardization

                                Posterior  One-Tailed         95% C.I.
                    Estimate       S.D.      P-Value   Lower 2.5%  Upper 2.5%  Significance

Within-Level Standardized Estimates Averaged Over Clusters

 SPR_PA | PA ON
    PER_REFL           0.298       0.013      0.000       0.272       0.324      *

 SPA_PA | PA ON
    PA&1               0.025       0.001      0.000       0.023       0.026      *

 SPR_NA | NA ON
    PER_REFL          -0.069       0.014      0.000      -0.095      -0.040      *

 SNA_NA | NA ON
    NA&1               0.031       0.001      0.000       0.028       0.033      *

 NA       WITH
    PA                -0.454       0.010      0.000      -0.472      -0.436      *

 Means
    PER_REFL           1.176       0.015      0.000       1.147       1.204      *

 Variances
    PER_REFL           1.000       0.000      0.000       1.000       1.000

 Residual Variances
    PA                 0.751       0.009      0.000       0.733       0.769      *
    NA                 0.826       0.008      0.000       0.810       0.843      *

Between Level

 SPR_PA     ON
    ANHEDONIA          0.000       0.013      0.494      -0.025       0.025

 SPR_NA     ON
    ANHEDONIA          0.022       0.012      0.026       0.000       0.046

 PA         ON
    ANHEDONIA         -0.033       0.009      0.000      -0.051      -0.013      *

 NA         ON
    ANHEDONIA          0.012       0.009      0.089      -0.005       0.031

 NA       WITH
    PA                -0.156       0.085      0.043      -0.316       0.019

 Means
    SPA_PA             1.953       0.215      0.000       1.554       2.383      *
    SNA_NA             1.793       0.211      0.000       1.412       2.236      *

 Intercepts
    PA                 3.253       0.217      0.000       2.840       3.691      *
    NA                 1.807       0.146      0.000       1.521       2.088      *
    SPR_PA             1.708       0.211      0.000       1.356       2.196      *
    SPR_NA            -0.306       0.105      0.002      -0.511      -0.100      *

 Variances
    SPA_PA             1.000       0.000      0.000       1.000       1.000
    SNA_NA             1.000       0.000      0.000       1.000       1.000

 Residual Variances
    PA                 0.957       0.025      0.000       0.897       0.993      *
    NA                 0.994       0.010      0.000       0.962       1.000      *
    SPR_PA             0.997       0.009      0.000       0.968       1.000      *
    SPR_NA             0.980       0.023      0.000       0.913       1.000      *


STD Standardization

                                Posterior  One-Tailed         95% C.I.
                    Estimate       S.D.      P-Value   Lower 2.5%  Upper 2.5%  Significance

Within-Level Standardized Estimates Averaged Over Clusters

 SPR_PA | PA ON
    PER_REFL           0.165       0.008      0.000       0.150       0.179      *

 SPA_PA | PA ON
    PA&1               0.327       0.012      0.000       0.302       0.351      *

 SPR_NA | NA ON
    PER_REFL          -0.028       0.006      0.000      -0.039      -0.016      *

 SNA_NA | NA ON
    NA&1               0.307       0.012      0.000       0.282       0.329      *

 NA       WITH
    PA               -43.601       1.260      0.000     -46.081     -41.235      *

 Means
    PER_REFL          28.125       0.266      0.000      27.619      28.653      *

 Variances
    PER_REFL         572.374       8.932      0.000     554.951     589.378      *

 Residual Variances
    PA               122.750       2.050      0.000     118.870     126.909      *
    NA                74.956       1.272      0.000      72.573      77.588      *

Between Level

 SPR_PA     ON
    ANHEDONIA          0.000       0.013      0.494      -0.025       0.025

 SPR_NA     ON
    ANHEDONIA          0.022       0.012      0.026       0.000       0.046

 PA         ON
    ANHEDONIA         -0.371       0.110      0.000      -0.588      -0.151      *

 NA         ON
    ANHEDONIA          0.113       0.085      0.089      -0.045       0.275

 NA       WITH
    PA               -15.404       9.039      0.043     -34.179       1.831

 Means
    SPA_PA             1.953       0.215      0.000       1.554       2.383      *
    SNA_NA             1.793       0.211      0.000       1.412       2.236      *

 Intercepts
    PA                36.831       0.928      0.000      35.032      38.626      *
    NA                16.431       0.781      0.000      14.867      17.908      *
    SPR_PA             1.708       0.211      0.000       1.356       2.196      *
    SPR_NA            -0.306       0.105      0.002      -0.511      -0.100      *

 Variances
    SPA_PA             1.000       0.000      0.000       1.000       1.000
    SNA_NA             1.000       0.000      0.000       1.000       1.000

 Residual Variances
    PA               122.087      15.819      0.000      95.444     158.270      *
    NA                81.868      11.041      0.000      62.927     107.311      *
    SPR_PA             0.997       0.009      0.000       0.968       1.000      *
    SPR_NA             0.980       0.023      0.000       0.913       1.000      *


R-SQUARE

Within-Level R-Square Averaged Across Clusters

                                Posterior  One-Tailed         95% C.I.
    Variable        Estimate       S.D.      P-Value   Lower 2.5%  Upper 2.5%

    PA                 0.249       0.009      0.000       0.231       0.267
    NA                 0.174       0.008      0.000       0.157       0.190

Between Level

                                Posterior  One-Tailed         95% C.I.
    Variable        Estimate       S.D.      P-Value   Lower 2.5%  Upper 2.5%

    PA                 0.043       0.025      0.000       0.007       0.103
    NA                 0.006       0.010      0.000       0.000       0.038

                                Posterior  One-Tailed         95% C.I.
    Variable        Estimate       S.D.      P-Value   Lower 2.5%  Upper 2.5%

    SPR_PA             0.003       0.009      0.000       0.000       0.031
    SPR_NA             0.020       0.023      0.000       0.000       0.086


CREDIBILITY INTERVALS OF MODEL RESULTS

                  Lower .5%  Lower 2.5%    Lower 5%    Estimate    Upper 5%  Upper 2.5%   Upper .5%

Within Level

 NA       WITH
    PA             -46.762     -46.081     -45.705     -43.601     -41.588     -41.235     -40.630

 Means
    PER_REFL        27.404      27.619      27.703      28.125      28.567      28.653      28.829

 Variances
    PER_REFL       550.242     554.951     557.912     572.374     587.197     589.378     594.785

 Residual Variances
    PA             117.666     118.870     119.505     122.750     126.204     126.909     128.222
    NA              71.901      72.573      72.923      74.956      77.093      77.588      78.407

Between Level

 SPR_PA   ON
    ANHEDONIA       -0.003      -0.002      -0.002       0.000       0.002       0.002       0.003

 SPR_NA   ON
    ANHEDONIA       -0.001       0.000       0.000       0.002       0.004       0.004       0.005

 PA       ON
    ANHEDONIA       -0.659      -0.588      -0.548      -0.371      -0.188      -0.151      -0.082

 NA       ON
    ANHEDONIA       -0.102      -0.045      -0.022       0.113       0.252       0.275       0.327

 NA       WITH
    PA             -41.038     -34.179     -31.059     -15.404      -0.828       1.831       5.849

 Means
    SPA_PA           0.280       0.290       0.295       0.328       0.354       0.360       0.371
    SNA_NA           0.259       0.272       0.276       0.308       0.336       0.341       0.353

 Intercepts
    PA              34.407      35.032      35.293      36.831      38.369      38.626      39.153
    NA              14.319      14.867      15.107      16.431      17.682      17.908      18.351
    SPR_PA           0.135       0.144       0.147       0.165       0.183       0.186       0.193
    SPR_NA          -0.051      -0.045      -0.043      -0.028      -0.012      -0.010      -0.004

 Variances
    SPA_PA           0.018       0.020       0.021       0.028       0.038       0.040       0.044
    SNA_NA           0.018       0.021       0.022       0.030       0.039       0.041       0.047

 Residual Variances
    PA              88.718      95.444      99.754     122.087     150.383     158.270     172.972
    NA              59.311      62.927      65.840      81.868     102.210     107.311     115.618
    SPR_PA           0.005       0.006       0.007       0.009       0.013       0.013       0.014
    SPR_NA           0.005       0.006       0.006       0.008       0.011       0.012       0.013


CREDIBILITY INTERVALS OF STANDARDIZED MODEL RESULTS


STDYX Standardization

                  Lower .5%  Lower 2.5%    Lower 5%    Estimate    Upper 5%  Upper 2.5%   Upper .5%

Within Level

 NA       WITH
    PA               0.000      -0.472       0.000      -0.454       0.000      -0.436       0.000

 Means
    PER_REFL         0.000       1.147       0.000       1.176       0.000       1.204       0.000

 Variances
    PER_REFL         0.000       1.000       0.000       1.000       0.000       1.000       0.000

 Residual Variances
    PA               0.000       0.733       0.000       0.751       0.000       0.769       0.000
    NA               0.000       0.810       0.000       0.826       0.000       0.843       0.000

Between Level

 SPR_PA   ON
    ANHEDONIA       -0.219      -0.162      -0.135       0.001       0.130       0.156       0.192

 SPR_NA   ON
    ANHEDONIA       -0.036      -0.001       0.021       0.142       0.268       0.294       0.333

 PA       ON
    ANHEDONIA       -0.349      -0.321      -0.301      -0.207      -0.105      -0.085      -0.045

 NA       ON
    ANHEDONIA       -0.068      -0.031      -0.016       0.079       0.175       0.194       0.224

 NA       WITH
    PA              -0.366      -0.316      -0.297      -0.156      -0.008       0.019       0.067

 Means
    SPA_PA           1.430       1.554       1.610       1.953       2.311       2.383       2.523
    SNA_NA           1.319       1.412       1.475       1.793       2.168       2.236       2.426

 Intercepts
    PA               2.688       2.840       2.912       3.253       3.634       3.691       3.819
    NA               1.455       1.521       1.566       1.807       2.053       2.088       2.195
    SPR_PA           1.266       1.356       1.401       1.708       2.100       2.196       2.384
    SPR_NA          -0.570      -0.511      -0.475      -0.306      -0.133      -0.100      -0.037

 Variances
    SPA_PA           1.000       1.000       1.000       1.000       1.000       1.000       1.000
    SNA_NA           1.000       1.000       1.000       1.000       1.000       1.000       1.000

 Residual Variances
    PA               0.878       0.897       0.910       0.957       0.989       0.993       0.998
    NA               0.949       0.962       0.969       0.994       1.000       1.000       1.000
    SPR_PA           0.949       0.968       0.975       0.997       1.000       1.000       1.000
    SPR_NA           0.887       0.913       0.928       0.980       0.999       1.000       1.000


STDY Standardization

                  Lower .5%  Lower 2.5%    Lower 5%    Estimate    Upper 5%  Upper 2.5%   Upper .5%

Within Level

 NA       WITH
    PA               0.000      -0.472       0.000      -0.454       0.000      -0.436       0.000

 Means
    PER_REFL         0.000       1.147       0.000       1.176       0.000       1.204       0.000

 Variances
    PER_REFL         0.000       1.000       0.000       1.000       0.000       1.000       0.000

 Residual Variances
    PA               0.000       0.733       0.000       0.751       0.000       0.769       0.000
    NA               0.000       0.810       0.000       0.826       0.000       0.843       0.000

Between Level

 SPR_PA   ON
    ANHEDONIA       -0.035      -0.025      -0.021       0.000       0.020       0.025       0.030

 SPR_NA   ON
    ANHEDONIA       -0.006       0.000       0.003       0.022       0.042       0.046       0.053

 PA       ON
    ANHEDONIA       -0.055      -0.051      -0.047      -0.033      -0.017      -0.013      -0.007

 NA       ON
    ANHEDONIA       -0.011      -0.005      -0.002       0.012       0.028       0.031       0.035

 NA       WITH
    PA              -0.366      -0.316      -0.297      -0.156      -0.008       0.019       0.067

 Means
    SPA_PA           1.430       1.554       1.610       1.953       2.311       2.383       2.523
    SNA_NA           1.319       1.412       1.475       1.793       2.168       2.236       2.426

 Intercepts
    PA               2.688       2.840       2.912       3.253       3.634       3.691       3.819
    NA               1.455       1.521       1.566       1.807       2.053       2.088       2.195
    SPR_PA           1.266       1.356       1.401       1.708       2.100       2.196       2.384
    SPR_NA          -0.570      -0.511      -0.475      -0.306      -0.133      -0.100      -0.037

 Variances
    SPA_PA           1.000       1.000       1.000       1.000       1.000       1.000       1.000
    SNA_NA           1.000       1.000       1.000       1.000       1.000       1.000       1.000

 Residual Variances
    PA               0.878       0.897       0.910       0.957       0.989       0.993       0.998
    NA               0.949       0.962       0.969       0.994       1.000       1.000       1.000
    SPR_PA           0.949       0.968       0.975       0.997       1.000       1.000       1.000
    SPR_NA           0.887       0.913       0.928       0.980       0.999       1.000       1.000


STD Standardization

                  Lower .5%  Lower 2.5%    Lower 5%    Estimate    Upper 5%  Upper 2.5%   Upper .5%

Within Level

 NA       WITH
    PA               0.000     -46.081       0.000     -43.601       0.000     -41.235       0.000

 Means
    PER_REFL         0.000      27.619       0.000      28.125       0.000      28.653       0.000

 Variances
    PER_REFL         0.000     554.951       0.000     572.374       0.000     589.378       0.000

 Residual Variances
    PA               0.000     118.870       0.000     122.750       0.000     126.909       0.000
    NA               0.000      72.573       0.000      74.956       0.000      77.588       0.000

Between Level

 SPR_PA   ON
    ANHEDONIA       -0.035      -0.025      -0.021       0.000       0.020       0.025       0.030

 SPR_NA   ON
    ANHEDONIA       -0.006       0.000       0.003       0.022       0.042       0.046       0.053

 PA       ON
    ANHEDONIA       -0.659      -0.588      -0.548      -0.371      -0.188      -0.151      -0.082

 NA       ON
    ANHEDONIA       -0.102      -0.045      -0.022       0.113       0.252       0.275       0.327

 NA       WITH
    PA             -41.038     -34.179     -31.059     -15.404      -0.828       1.831       5.849

 Means
    SPA_PA           1.430       1.554       1.610       1.953       2.311       2.383       2.523
    SNA_NA           1.319       1.412       1.475       1.793       2.168       2.236       2.426

 Intercepts
    PA              34.407      35.032      35.293      36.831      38.369      38.626      39.153
    NA              14.319      14.867      15.107      16.431      17.682      17.908      18.351
    SPR_PA           1.266       1.356       1.401       1.708       2.100       2.196       2.384
    SPR_NA          -0.570      -0.511      -0.475      -0.306      -0.133      -0.100      -0.037

 Variances
    SPA_PA           1.000       1.000       1.000       1.000       1.000       1.000       1.000
    SNA_NA           1.000       1.000       1.000       1.000       1.000       1.000       1.000

 Residual Variances
    PA              88.718      95.444      99.754     122.087     150.383     158.270     172.972
    NA              59.311      62.927      65.840      81.868     102.210     107.311     115.618
    SPR_PA           0.949       0.968       0.975       0.997       1.000       1.000       1.000
    SPR_NA           0.887       0.913       0.928       0.980       0.999       1.000       1.000


TECHNICAL 1 OUTPUT


     PARAMETER SPECIFICATION FOR WITHIN


           NU
              PER_REFL      PA            NA            PA&1          NA&1
              ________      ________      ________      ________      ________
                    0             0             0             0             0


           LAMBDA
              PER_REFL      PA            NA            PA&1          NA&1
              ________      ________      ________      ________      ________
 PER_REFL           0             0             0             0             0
 PA                 0             0             0             0             0
 NA                 0             0             0             0             0
 PA&1               0             0             0             0             0
 NA&1               0             0             0             0             0


           THETA
              PER_REFL      PA            NA            PA&1          NA&1
              ________      ________      ________      ________      ________
 PER_REFL           0
 PA                 0             0
 NA                 0             0             0
 PA&1               0             0             0             0
 NA&1               0             0             0             0             0


           ALPHA
              PER_REFL      PA            NA            PA&1          NA&1
              ________      ________      ________      ________      ________
                    1             0             0             0             0


           BETA
              PER_REFL      PA            NA            PA&1          NA&1
              ________      ________      ________      ________      ________
 PER_REFL           0             0             0             0             0
 PA                 0             0             0             0             0
 NA                 0             0             0             0             0
 PA&1               0             0             0             0             0
 NA&1               0             0             0             0             0


           PSI
              PER_REFL      PA            NA            PA&1          NA&1
              ________      ________      ________      ________      ________
 PER_REFL           2
 PA                 0             3
 NA                 0             4             5
 PA&1               0             0             0             0
 NA&1               0             0             0             0             0


     PARAMETER SPECIFICATION FOR BETWEEN


           NU
              PA            NA            ANHEDONI
              ________      ________      ________
                    0             0             0


           LAMBDA
              SPR_PA        SPR_NA        SPA_PA        SNA_NA        PA
              ________      ________      ________      ________      ________
 PA                 0             0             0             0             0
 NA                 0             0             0             0             0
 ANHEDONI           0             0             0             0             0


           LAMBDA
              NA            ANHEDONI
              ________      ________
 PA                 0             0
 NA                 0             0
 ANHEDONI           0             0


           THETA
              PA            NA            ANHEDONI
              ________      ________      ________
 PA                 0
 NA                 0             0
 ANHEDONI           0             0             0


           ALPHA
              SPR_PA        SPR_NA        SPA_PA        SNA_NA        PA
              ________      ________      ________      ________      ________
                    6             7             8             9            10


           ALPHA
              NA            ANHEDONI
              ________      ________
                   11             0


           BETA
              SPR_PA        SPR_NA        SPA_PA        SNA_NA        PA
              ________      ________      ________      ________      ________
 SPR_PA             0             0             0             0             0
 SPR_NA             0             0             0             0             0
 SPA_PA             0             0             0             0             0
 SNA_NA             0             0             0             0             0
 PA                 0             0             0             0             0
 NA                 0             0             0             0             0
 ANHEDONI           0             0             0             0             0


           BETA
              NA            ANHEDONI
              ________      ________
 SPR_PA             0            12
 SPR_NA             0            13
 SPA_PA             0             0
 SNA_NA             0             0
 PA                 0            14
 NA                 0            15
 ANHEDONI           0             0


           PSI
              SPR_PA        SPR_NA        SPA_PA        SNA_NA        PA
              ________      ________      ________      ________      ________
 SPR_PA            16
 SPR_NA             0            17
 SPA_PA             0             0            18
 SNA_NA             0             0             0            19
 PA                 0             0             0             0            20
 NA                 0             0             0             0            21
 ANHEDONI           0             0             0             0             0


           PSI
              NA            ANHEDONI
              ________      ________
 NA                22
 ANHEDONI           0             0


     STARTING VALUES FOR WITHIN


           NU
              PER_REFL      PA            NA            PA&1          NA&1
              ________      ________      ________      ________      ________
                0.000         0.000         0.000         0.000         0.000


           LAMBDA
              PER_REFL      PA            NA            PA&1          NA&1
              ________      ________      ________      ________      ________
 PER_REFL       1.000         0.000         0.000         0.000         0.000
 PA             0.000         1.000         0.000         0.000         0.000
 NA             0.000         0.000         1.000         0.000         0.000
 PA&1           0.000         0.000         0.000         1.000         0.000
 NA&1           0.000         0.000         0.000         0.000         1.000


           THETA
              PER_REFL      PA            NA            PA&1          NA&1
              ________      ________      ________      ________      ________
 PER_REFL       0.000
 PA             0.000         0.000
 NA             0.000         0.000         0.000
 PA&1           0.000         0.000         0.000         0.000
 NA&1           0.000         0.000         0.000         0.000         0.000


           ALPHA
              PER_REFL      PA            NA            PA&1          NA&1
              ________      ________      ________      ________      ________
                0.000         0.000         0.000         0.000         0.000


           BETA
              PER_REFL      PA            NA            PA&1          NA&1
              ________      ________      ________      ________      ________
 PER_REFL       0.000         0.000         0.000         0.000         0.000
 PA             0.000         0.000         0.000         0.000         0.000
 NA             0.000         0.000         0.000         0.000         0.000
 PA&1           0.000         0.000         0.000         0.000         0.000
 NA&1           0.000         0.000         0.000         0.000         0.000


           PSI
              PER_REFL      PA            NA            PA&1          NA&1
              ________      ________      ________      ________      ________
 PER_REFL     285.094
 PA             0.000       150.998
 NA             0.000         0.000        82.455
 PA&1           0.000         0.000         0.000       151.182
 NA&1           0.000         0.000         0.000         0.000        82.346


     STARTING VALUES FOR BETWEEN


           NU
              PA            NA            ANHEDONI
              ________      ________      ________
                0.000         0.000         0.000


           LAMBDA
              SPR_PA        SPR_NA        SPA_PA        SNA_NA        PA
              ________      ________      ________      ________      ________
 PA             0.000         0.000         0.000         0.000         1.000
 NA             0.000         0.000         0.000         0.000         0.000
 ANHEDONI       0.000         0.000         0.000         0.000         0.000


           LAMBDA
              NA            ANHEDONI
              ________      ________
 PA             0.000         0.000
 NA             1.000         0.000
 ANHEDONI       0.000         1.000


           THETA
              PA            NA            ANHEDONI
              ________      ________      ________
 PA             0.000
 NA             0.000         0.000
 ANHEDONI       0.000         0.000         0.000


           ALPHA
              SPR_PA        SPR_NA        SPA_PA        SNA_NA        PA
              ________      ________      ________      ________      ________
                0.000         0.000         0.000         0.000        44.345


           ALPHA
              NA            ANHEDONI
              ________      ________
               14.975         0.000


           BETA
              SPR_PA        SPR_NA        SPA_PA        SNA_NA        PA
              ________      ________      ________      ________      ________
 SPR_PA         0.000         0.000         0.000         0.000         0.000
 SPR_NA         0.000         0.000         0.000         0.000         0.000
 SPA_PA         0.000         0.000         0.000         0.000         0.000
 SNA_NA         0.000         0.000         0.000         0.000         0.000
 PA             0.000         0.000         0.000         0.000         0.000
 NA             0.000         0.000         0.000         0.000         0.000
 ANHEDONI       0.000         0.000         0.000         0.000         0.000


           BETA
              NA            ANHEDONI
              ________      ________
 SPR_PA         0.000         0.000
 SPR_NA         0.000         0.000
 SPA_PA         0.000         0.000
 SNA_NA         0.000         0.000
 PA             0.000         0.000
 NA             0.000         0.000
 ANHEDONI       0.000         0.000


           PSI
              SPR_PA        SPR_NA        SPA_PA        SNA_NA        PA
              ________      ________      ________      ________      ________
 SPR_PA         1.000
 SPR_NA         0.000         1.000
 SPA_PA         0.000         0.000         1.000
 SNA_NA         0.000         0.000         0.000         1.000
 PA             0.000         0.000         0.000         0.000       150.998
 NA             0.000         0.000         0.000         0.000         0.000
 ANHEDONI       0.000         0.000         0.000         0.000         0.000


           PSI
              NA            ANHEDONI
              ________      ________
 NA            82.455
 ANHEDONI       0.000        40.163



     PRIORS FOR ALL PARAMETERS            PRIOR MEAN      PRIOR VARIANCE     PRIOR STD. DEV.

     Parameter 1~N(0.000,infinity)           0.0000            infinity            infinity
     Parameter 2~IG(-1.000,0.000)          infinity            infinity            infinity
     Parameter 3~IW(0.000,-3)              infinity            infinity            infinity
     Parameter 4~IW(0.000,-3)              infinity            infinity            infinity
     Parameter 5~IW(0.000,-3)              infinity            infinity            infinity
     Parameter 6~N(0.000,infinity)           0.0000            infinity            infinity
     Parameter 7~N(0.000,infinity)           0.0000            infinity            infinity
     Parameter 8~N(0.000,infinity)           0.0000            infinity            infinity
     Parameter 9~N(0.000,infinity)           0.0000            infinity            infinity
     Parameter 10~N(0.000,infinity)          0.0000            infinity            infinity
     Parameter 11~N(0.000,infinity)          0.0000            infinity            infinity
     Parameter 12~N(0.000,infinity)          0.0000            infinity            infinity
     Parameter 13~N(0.000,infinity)          0.0000            infinity            infinity
     Parameter 14~N(0.000,infinity)          0.0000            infinity            infinity
     Parameter 15~N(0.000,infinity)          0.0000            infinity            infinity
     Parameter 16~IG(-1.000,0.000)         infinity            infinity            infinity
     Parameter 17~IG(-1.000,0.000)         infinity            infinity            infinity
     Parameter 18~IG(-1.000,0.000)         infinity            infinity            infinity
     Parameter 19~IG(-1.000,0.000)         infinity            infinity            infinity
     Parameter 20~IW(0.000,-3)             infinity            infinity            infinity
     Parameter 21~IW(0.000,-3)             infinity            infinity            infinity
     Parameter 22~IW(0.000,-3)             infinity            infinity            infinity


TECHNICAL 8 OUTPUT


   TECHNICAL 8 OUTPUT FOR BAYES ESTIMATION

     PROCESSOR    BSEED
     1            0
     2            285380
     3            253358
     4            93468
     5            608496
     6            903420
     7            195873
     8            462953
     9            939021
     10           127215
     11           415931
     12           533738
     13           107446
     14           399671
     15           650371
     16           27071

                     POTENTIAL       PARAMETER WITH
     ITERATION    SCALE REDUCTION      HIGHEST PSR
     100              1.042               5
     200              1.047               9
     300              1.036               1
     400              1.011               1
     500              1.011               7
     600              1.014               5
     700              1.017               2
     800              1.008               2
     900              1.007               2
     1000             1.009               2
     1100             1.012               5
     1200             1.021               5
     1300             1.018               5
     1400             1.016               1
     1500             1.011               5
     1600             1.003               1
     1700             1.002               15
     1800             1.006               8
     1900             1.003               22
     2000             1.004               6


PLOT INFORMATION

The following plots are available:

  Histograms (sample values)
  Scatterplots (sample values)
  Between-level histograms (sample values, sample means/variances)
  Between-level scatterplots (sample values, sample means/variances)
  Time series plots (sample values, ACF, PACF)
  Histogram of subjects per time point
  Time interval plots
  Bayesian posterior parameter distributions
  Bayesian posterior parameter trace plots
  Bayesian autocorrelation plots

     Beginning Time:  03:56:12
        Ending Time:  03:57:41
       Elapsed Time:  00:01:29



MUTHEN & MUTHEN
3463 Stoner Ave.
Los Angeles, CA  90066

Tel: (310) 391-9971
Fax: (310) 391-8971
Web: www.StatModel.com
Support: Support@StatModel.com

Copyright (c) 1998-2022 Muthen & Muthen
