Mplus VERSION 8.8
MUTHEN & MUTHEN
07/13/2023  11:58 PM

INPUT INSTRUCTIONS


  DATA:
  FILE IS data1.dat;

  VARIABLE:   NAMES =
  	    Eth_ID Time Time_between Time_inc
  	    PA_enth NA_irri NA_verv PA_tevr PA_ener
       	    PA_kalm NA_nerv PA_daadk NA_verdr
  	    PA_vrol NA_boos PA_dankb NA_somb PER_att
      	    PER_refl PER_self PER_expr PER_damp
  	    PER_codamp PER_capit Sample age_yr gesl BDI
      	    Measures_valid BDI_anh Anhedonia
   	    BDI_sum PA NA day compliance;

              USEVARIABLES are PER_refl PA NA Anhedonia;
              MISSING is .;
              within = PER_refl;
              between = Anhedonia;
              cluster = Eth_ID;
              lagged= PA NA(1);
              tinterval=Time_inc (150);

  DEFINE:     CENTER Anhedonia (grandmean);

  ANALYSIS:   type = twolevel random;
              estimator = Bayes;
              biterations=(2000);
              bconvergence=0.005;
              thin=2;
              PROCESSORS=16;
  MODEL:
  %WITHIN%
  sPR_PA | PA on PER_refl;
  sPR_NA | NA on PER_refl;
  sPA_PA | PA on PA&1;
  sNA_NA | NA on NA&1;
  [PER_refl];


  %between%
  sPR_PA sPR_NA on Anhedonia;
  PA NA on Anhedonia;


  OUTPUT: standardized tech1 tech8 cinterval patterns;
  PLOT: TYPE = PLOT3;



*** WARNING in VARIABLE command
  Note that only the first 8 characters of variable names are used in the output.
  Shorten variable names to avoid any confusion.
*** WARNING in PLOT command
  Note that only the first 8 characters of variable names are used in plots.
  If variable names are not unique within the first 8 characters, problems
  may occur.
*** WARNING
  One or more individual-level variables have no variation within a
  cluster for the following clusters.

     Variable   Cluster IDs with no within-cluster variation

      PER_REFL    165 73

*** WARNING
  Data set contains cases with missing on all variables.  Cases that appeared before the first
  case with observed data and that appeared after the last case with observed data were not
  included in the analysis.  Number of deleted cases:  1504
   4 WARNING(S) FOUND IN THE INPUT INSTRUCTIONS




SUMMARY OF ANALYSIS

Number of groups                                                 1
Number of observations                                       22812

Number of dependent variables                                    2
Number of independent variables                                  4
Number of continuous latent variables                            4

Observed dependent variables

  Continuous
   PA          NA

Observed independent variables
   PER_REFL    ANHEDONI    PA&1        NA&1

Continuous latent variables
   SPR_PA      SPR_NA      SPA_PA      SNA_NA

Variables with special functions

  Cluster variable      ETH_ID

  Within variables
   PER_REFL    PA&1        NA&1

  Between variables
   ANHEDONI

  Centering (GRANDMEAN)
   ANHEDONI


Estimator                                                    BAYES
Specifications for Bayesian Estimation
  Point estimate                                            MEDIAN
  Number of Markov chain Monte Carlo (MCMC) chains               2
  Random seed for the first chain                                0
  Starting value information                           UNPERTURBED
  Algorithm used for Markov chain Monte Carlo           GIBBS(PX1)
  Convergence criterion                                  0.500D-02
  Maximum number of iterations                               50000
  K-th iteration used for thinning                               2

Input data file(s)
  data1.dat
Input data format  FREE


SUMMARY OF DATA

     Number of clusters                        200

       Size (s)    Cluster ID with Size s

          1        129
          9        81
         11        128
         12        99
         13        64 150
         14        47 23 158
         19        169
         21        160
         22        175
         30        83
         33        8
         41        58
         43        41 199
         48        85 12
         51        17
         53        152
         56        28
         58        33
         67        121
         69        136
         80        82
         84        87
         88        72
         89        143
         91        140
         96        113
         97        34
        100        157 134
        101        10
        103        164
        105        52
        106        154
        107        101
        108        119
        109        90
        111        36
        113        182
        115        91 131 89
        116        188 15 75 77 78
        117        11
        118        195 57 49 16 66
        119        197 48 92 38 71 163 149 186 106 50
        120        148 108 61 98 55 165 7 192 168
        121        189
        122        174
        123        127
        124        184 161 117 51 103
        125        100 68 105 40 53 13 93 88 54 112 123 73 30 44
        126        120 102 173 76 107 109 111 80 65 172
        127        32 126 25 115 46 67 193 110 178 130 118 198 104 86 177
                   133 70 147 139 62
        128        196 156 180 18 59 5 153 96 43
        129        146 125 135 185 116 187 144 137 39 69 141 3 190
        130        138 14 166 97
        133        191
        134        2
        135        60 183 194 200 63 201
        136        122 56 26
        137        9 22 19 42 155 95 4
        138        29 94 132
        139        37 74 21 84 114 79 145 45 35
        142        27
        143        179
        144        171 170 24
        145        162 1 124 20
        146        6 151 167
        147        142 31
        148        176 159



SUMMARY OF MISSING DATA PATTERNS

     Number of missing data patterns            14


     MISSING DATA PATTERNS (x = not missing)

           1  2  3  4  5  6  7  8  9 10 11 12 13 14
 PER_REFL  x  x              x  x           x     x
 PA        x  x        x  x        x     x  x     x
 NA        x  x        x  x                 x  x  x
 PA&1      x     x     x        x  x  x     x
 NA&1      x     x     x        x  x              x
 ANHEDONI  x  x  x  x  x  x  x  x  x  x  x  x  x  x


     MISSING DATA PATTERN FREQUENCIES

    Pattern   Frequency     Pattern   Frequency     Pattern   Frequency
          1        5028           6          69          11           4
          2        3522           7           2          12           5
          3        3393           8           3          13           1
          4       10730           9           2          14           1
          5          51          10           1


COVARIANCE COVERAGE OF DATA

Minimum covariance coverage value   0.100


     PROPORTION OF DATA PRESENT


           Covariance Coverage
              PER_REFL      PA            NA            ANHEDONI
              ________      ________      ________      ________
 PER_REFL       0.375
 PA             0.375         0.381
 NA             0.375         0.380         0.380
 ANHEDONI       0.375         0.381         0.380         1.000



UNIVARIATE SAMPLE STATISTICS


     UNIVARIATE HIGHER-ORDER MOMENT DESCRIPTIVE STATISTICS

         Variable/         Mean/     Skewness/   Minimum/ % with                Percentiles
        Sample Size      Variance    Kurtosis    Maximum  Min/Max      20%/60%    40%/80%    Median

     PER_REFL             28.591       0.675       0.000    9.31%       6.000     15.000     23.000
            8561.000     575.941      -0.461     100.000    0.49%      32.000     51.000
     PA                   45.712      -0.024       0.000    0.28%      31.000     41.714     46.143
            8682.000     302.283      -0.228     100.000    0.07%      50.429     60.429
     NA                   15.187       1.394       0.000    6.91%       5.167      9.333     11.667
            8677.000     166.739       1.923      80.667    0.01%      14.500     23.333
     ANHEDONIA             0.000       0.577     -17.906    0.50%      -7.529     -2.635     -0.893
             200.000      74.400       0.657      30.440    0.50%       1.646      6.282


     WARNING: PROBLEMS OCCURRED IN SEVERAL ITERATIONS IN THE COMPUTATION OF THE STANDARDIZED ESTIMATES FOR SEVERAL
     CLUSTERS. THIS IS MOST LIKELY DUE TO AR COEFFICIENTS GREATER THAN 1 OR PARAMETERS GIVING NON-STATIONARY MODELS.
     SUCH POSTERIOR DRAWS ARE REMOVED. THE FOLLOWING CLUSTERS HAD SUCH PROBLEMS:
          129 128 23 33 101

THE MODEL ESTIMATION TERMINATED NORMALLY

     USE THE FBITERATIONS OPTION TO INCREASE THE NUMBER OF ITERATIONS BY A FACTOR
     OF AT LEAST TWO TO CHECK CONVERGENCE AND THAT THE PSR VALUE DOES NOT INCREASE.



MODEL FIT INFORMATION

Number of Free Parameters                              22

Information Criteria

          Deviance (DIC)                       582662.809
          Estimated Number of Parameters (pD)   40095.117



MODEL RESULTS

                                Posterior  One-Tailed         95% C.I.
                    Estimate       S.D.      P-Value   Lower 2.5%  Upper 2.5%  Significance

Within Level

 NA       WITH
    PA               -47.984       1.314      0.000     -50.563     -45.466      *

 Means
    PER_REFL          28.482       0.255      0.000      27.990      28.998      *

 Variances
    PER_REFL         578.782       8.927      0.000     560.987     596.152      *

 Residual Variances
    PA               126.799       2.084      0.000     122.783     130.882      *
    NA                76.822       1.289      0.000      74.357      79.344      *

Between Level

 SPR_PA     ON
    ANHEDONIA          0.000       0.001      0.484      -0.002       0.002

 SPR_NA     ON
    ANHEDONIA          0.002       0.001      0.013       0.000       0.004      *

 PA         ON
    ANHEDONIA         -0.381       0.098      0.000      -0.570      -0.193      *

 NA         ON
    ANHEDONIA          0.075       0.081      0.184      -0.086       0.236

 NA       WITH
    PA               -17.495       7.711      0.009     -33.508      -3.299      *

 Means
    SPA_PA             0.338       0.017      0.000       0.304       0.371      *
    SNA_NA             0.301       0.019      0.000       0.262       0.336      *

 Intercepts
    PA                38.161       0.871      0.000      36.471      39.804      *
    NA                16.883       0.690      0.000      15.540      18.240      *
    SPR_PA             0.165       0.010      0.000       0.145       0.185      *
    SPR_NA            -0.024       0.009      0.002      -0.041      -0.008      *

 Variances
    SPA_PA             0.029       0.005      0.000       0.021       0.040      *
    SNA_NA             0.033       0.006      0.000       0.023       0.048      *

 Residual Variances
    PA               110.233      13.278      0.000      86.924     138.752      *
    NA                76.849       9.354      0.000      60.807      97.095      *
    SPR_PA             0.009       0.002      0.000       0.006       0.013      *
    SPR_NA             0.007       0.001      0.000       0.005       0.010      *


STANDARDIZED MODEL RESULTS


STDYX Standardization

                                Posterior  One-Tailed         95% C.I.
                    Estimate       S.D.      P-Value   Lower 2.5%  Upper 2.5%  Significance

Within-Level Standardized Estimates Averaged Over Clusters

 SPR_PA | PA ON
    PER_REFL           0.295       0.013      0.000       0.271       0.323      *

 SPA_PA | PA ON
    PA&1               0.338       0.012      0.000       0.314       0.360      *

 SPR_NA | NA ON
    PER_REFL          -0.060       0.014      0.000      -0.090      -0.034      *

 SNA_NA | NA ON
    NA&1               0.301       0.014      0.000       0.273       0.327      *

 NA       WITH
    PA                -0.487       0.009      0.000      -0.504      -0.468      *

 Means
    PER_REFL           1.185       0.014      0.000       1.157       1.212      *

 Variances
    PER_REFL           1.000       0.000      0.000       1.000       1.000

 Residual Variances
    PA                 0.745       0.010      0.000       0.726       0.763      *
    NA                 0.832       0.009      0.000       0.814       0.848      *

Between Level

 SPR_PA     ON
    ANHEDONIA          0.003       0.072      0.484      -0.137       0.146

 SPR_NA     ON
    ANHEDONIA          0.164       0.071      0.013       0.022       0.300      *

 PA         ON
    ANHEDONIA         -0.222       0.056      0.000      -0.326      -0.112      *

 NA         ON
    ANHEDONIA          0.053       0.058      0.184      -0.059       0.167

 NA       WITH
    PA                -0.192       0.078      0.009      -0.341      -0.037      *

 Means
    SPA_PA             1.979       0.204      0.000       1.617       2.418      *
    SNA_NA             1.667       0.209      0.000       1.276       2.096      *

 Intercepts
    PA                 3.541       0.221      0.000       3.123       3.996      *
    NA                 1.920       0.135      0.000       1.673       2.196      *
    SPR_PA             1.726       0.195      0.000       1.389       2.155      *
    SPR_NA            -0.287       0.108      0.002      -0.512      -0.084      *

 Variances
    SPA_PA             1.000       0.000      0.000       1.000       1.000
    SNA_NA             1.000       0.000      0.000       1.000       1.000

 Residual Variances
    PA                 0.951       0.025      0.000       0.894       0.987      *
    NA                 0.997       0.008      0.000       0.972       1.000      *
    SPR_PA             0.998       0.007      0.000       0.973       1.000      *
    SPR_NA             0.973       0.024      0.000       0.910       0.999      *


STDY Standardization

                                Posterior  One-Tailed         95% C.I.
                    Estimate       S.D.      P-Value   Lower 2.5%  Upper 2.5%  Significance

Within-Level Standardized Estimates Averaged Over Clusters

 SPR_PA | PA ON
    PER_REFL           0.295       0.013      0.000       0.271       0.323      *

 SPA_PA | PA ON
    PA&1               0.025       0.001      0.000       0.023       0.027      *

 SPR_NA | NA ON
    PER_REFL          -0.060       0.014      0.000      -0.090      -0.034      *

 SNA_NA | NA ON
    NA&1               0.030       0.001      0.000       0.027       0.033      *

 NA       WITH
    PA                -0.487       0.009      0.000      -0.504      -0.468      *

 Means
    PER_REFL           1.185       0.014      0.000       1.157       1.212      *

 Variances
    PER_REFL           1.000       0.000      0.000       1.000       1.000

 Residual Variances
    PA                 0.745       0.010      0.000       0.726       0.763      *
    NA                 0.832       0.009      0.000       0.814       0.848      *

Between Level

 SPR_PA     ON
    ANHEDONIA          0.000       0.012      0.484      -0.022       0.023

 SPR_NA     ON
    ANHEDONIA          0.026       0.011      0.013       0.004       0.048      *

 PA         ON
    ANHEDONIA         -0.035       0.009      0.000      -0.052      -0.018      *

 NA         ON
    ANHEDONIA          0.009       0.009      0.184      -0.009       0.027

 NA       WITH
    PA                -0.192       0.078      0.009      -0.341      -0.037      *

 Means
    SPA_PA             1.979       0.204      0.000       1.617       2.418      *
    SNA_NA             1.667       0.209      0.000       1.276       2.096      *

 Intercepts
    PA                 3.541       0.221      0.000       3.123       3.996      *
    NA                 1.920       0.135      0.000       1.673       2.196      *
    SPR_PA             1.726       0.195      0.000       1.389       2.155      *
    SPR_NA            -0.287       0.108      0.002      -0.512      -0.084      *

 Variances
    SPA_PA             1.000       0.000      0.000       1.000       1.000
    SNA_NA             1.000       0.000      0.000       1.000       1.000

 Residual Variances
    PA                 0.951       0.025      0.000       0.894       0.987      *
    NA                 0.997       0.008      0.000       0.972       1.000      *
    SPR_PA             0.998       0.007      0.000       0.973       1.000      *
    SPR_NA             0.973       0.024      0.000       0.910       0.999      *


STD Standardization

                                Posterior  One-Tailed         95% C.I.
                    Estimate       S.D.      P-Value   Lower 2.5%  Upper 2.5%  Significance

Within-Level Standardized Estimates Averaged Over Clusters

 SPR_PA | PA ON
    PER_REFL           0.165       0.008      0.000       0.151       0.181      *

 SPA_PA | PA ON
    PA&1               0.338       0.012      0.000       0.314       0.360      *

 SPR_NA | NA ON
    PER_REFL          -0.024       0.006      0.000      -0.036      -0.013      *

 SNA_NA | NA ON
    NA&1               0.301       0.014      0.000       0.273       0.327      *

 NA       WITH
    PA               -47.990       1.321      0.000     -50.591     -45.425      *

 Means
    PER_REFL          28.481       0.255      0.000      27.987      29.002      *

 Variances
    PER_REFL         578.924       8.941      0.000     560.910     596.258      *

 Residual Variances
    PA               126.811       2.081      0.000     122.775     130.882      *
    NA                76.824       1.279      0.000      74.349      79.281      *

Between Level

 SPR_PA     ON
    ANHEDONIA          0.000       0.012      0.484      -0.022       0.023

 SPR_NA     ON
    ANHEDONIA          0.026       0.011      0.013       0.004       0.048      *

 PA         ON
    ANHEDONIA         -0.381       0.098      0.000      -0.570      -0.193      *

 NA         ON
    ANHEDONIA          0.075       0.081      0.184      -0.086       0.236

 NA       WITH
    PA               -17.495       7.711      0.009     -33.508      -3.299      *

 Means
    SPA_PA             1.979       0.204      0.000       1.617       2.418      *
    SNA_NA             1.667       0.209      0.000       1.276       2.096      *

 Intercepts
    PA                38.161       0.871      0.000      36.471      39.804      *
    NA                16.883       0.690      0.000      15.540      18.240      *
    SPR_PA             1.726       0.195      0.000       1.389       2.155      *
    SPR_NA            -0.287       0.108      0.002      -0.512      -0.084      *

 Variances
    SPA_PA             1.000       0.000      0.000       1.000       1.000
    SNA_NA             1.000       0.000      0.000       1.000       1.000

 Residual Variances
    PA               110.233      13.278      0.000      86.924     138.752      *
    NA                76.849       9.354      0.000      60.807      97.095      *
    SPR_PA             0.998       0.007      0.000       0.973       1.000      *
    SPR_NA             0.973       0.024      0.000       0.910       0.999      *


R-SQUARE

Within-Level R-Square Averaged Across Clusters

                                Posterior  One-Tailed         95% C.I.
    Variable        Estimate       S.D.      P-Value   Lower 2.5%  Upper 2.5%

    PA                 0.255       0.010      0.000       0.237       0.274
    NA                 0.168       0.009      0.000       0.152       0.186

Between Level

                                Posterior  One-Tailed         95% C.I.
    Variable        Estimate       S.D.      P-Value   Lower 2.5%  Upper 2.5%

    PA                 0.049       0.025      0.000       0.013       0.106
    NA                 0.003       0.008      0.000       0.000       0.028

                                Posterior  One-Tailed         95% C.I.
    Variable        Estimate       S.D.      P-Value   Lower 2.5%  Upper 2.5%

    SPR_PA             0.002       0.007      0.000       0.000       0.027
    SPR_NA             0.027       0.024      0.000       0.001       0.090


CREDIBILITY INTERVALS OF MODEL RESULTS

                  Lower .5%  Lower 2.5%    Lower 5%    Estimate    Upper 5%  Upper 2.5%   Upper .5%

Within Level

 NA       WITH
    PA             -51.611     -50.563     -50.210     -47.984     -45.929     -45.466     -44.786

 Means
    PER_REFL        27.863      27.990      28.069      28.482      28.907      28.998      29.146

 Variances
    PER_REFL       555.216     560.987     564.182     578.782     593.309     596.152     604.094

 Residual Variances
    PA             121.669     122.783     123.368     126.799     130.129     130.882     132.643
    NA              73.604      74.357      74.711      76.822      78.960      79.344      80.276

Between Level

 SPR_PA   ON
    ANHEDONIA       -0.003      -0.002      -0.002       0.000       0.002       0.002       0.003

 SPR_NA   ON
    ANHEDONIA        0.000       0.000       0.001       0.002       0.004       0.004       0.005

 PA       ON
    ANHEDONIA       -0.637      -0.570      -0.541      -0.381      -0.222      -0.193      -0.130

 NA       ON
    ANHEDONIA       -0.129      -0.086      -0.063       0.075       0.205       0.236       0.304

 NA       WITH
    PA             -38.645     -33.508     -30.883     -17.495      -5.389      -3.299       0.734

 Means
    SPA_PA           0.293       0.304       0.310       0.338       0.365       0.371       0.380
    SNA_NA           0.251       0.262       0.268       0.301       0.331       0.336       0.347

 Intercepts
    PA              36.015      36.471      36.684      38.161      39.597      39.804      40.271
    NA              15.105      15.540      15.731      16.883      18.032      18.240      18.614
    SPR_PA           0.140       0.145       0.149       0.165       0.183       0.185       0.193
    SPR_NA          -0.047      -0.041      -0.038      -0.024      -0.010      -0.008      -0.003

 Variances
    SPA_PA           0.019       0.021       0.022       0.029       0.038       0.040       0.045
    SNA_NA           0.020       0.023       0.024       0.033       0.045       0.048       0.054

 Residual Variances
    PA              81.366      86.924      90.096     110.233     133.934     138.752     149.564
    NA              56.369      60.807      62.953      76.849      93.556      97.095     105.110
    SPR_PA           0.005       0.006       0.007       0.009       0.012       0.013       0.014
    SPR_NA           0.004       0.005       0.005       0.007       0.010       0.010       0.012


CREDIBILITY INTERVALS OF STANDARDIZED MODEL RESULTS


STDYX Standardization

                  Lower .5%  Lower 2.5%    Lower 5%    Estimate    Upper 5%  Upper 2.5%   Upper .5%

Within Level

 NA       WITH
    PA               0.000      -0.504       0.000      -0.487       0.000      -0.468       0.000

 Means
    PER_REFL         0.000       1.157       0.000       1.185       0.000       1.212       0.000

 Variances
    PER_REFL         0.000       1.000       0.000       1.000       0.000       1.000       0.000

 Residual Variances
    PA               0.000       0.726       0.000       0.745       0.000       0.763       0.000
    NA               0.000       0.814       0.000       0.832       0.000       0.848       0.000

Between Level

 SPR_PA   ON
    ANHEDONIA       -0.186      -0.137      -0.114       0.003       0.125       0.146       0.182

 SPR_NA   ON
    ANHEDONIA       -0.033       0.022       0.046       0.164       0.279       0.300       0.338

 PA       ON
    ANHEDONIA       -0.366      -0.326      -0.311      -0.222      -0.130      -0.112      -0.074

 NA       ON
    ANHEDONIA       -0.087      -0.059      -0.044       0.053       0.147       0.167       0.218

 NA       WITH
    PA              -0.377      -0.341      -0.316      -0.192      -0.062      -0.037       0.009

 Means
    SPA_PA           1.523       1.617       1.669       1.979       2.347       2.418       2.560
    SNA_NA           1.143       1.276       1.332       1.667       2.026       2.096       2.211

 Intercepts
    PA               2.988       3.123       3.184       3.541       3.915       3.996       4.158
    NA               1.566       1.673       1.704       1.920       2.147       2.196       2.272
    SPR_PA           1.316       1.389       1.440       1.726       2.068       2.155       2.320
    SPR_NA          -0.587      -0.512      -0.470      -0.287      -0.113      -0.084      -0.028

 Variances
    SPA_PA           1.000       1.000       1.000       1.000       1.000       1.000       1.000
    SNA_NA           1.000       1.000       1.000       1.000       1.000       1.000       1.000

 Residual Variances
    PA               0.866       0.894       0.903       0.951       0.983       0.987       0.995
    NA               0.953       0.972       0.978       0.997       1.000       1.000       1.000
    SPR_PA           0.958       0.973       0.979       0.998       1.000       1.000       1.000
    SPR_NA           0.885       0.910       0.922       0.973       0.998       0.999       1.000


STDY Standardization

                  Lower .5%  Lower 2.5%    Lower 5%    Estimate    Upper 5%  Upper 2.5%   Upper .5%

Within Level

 NA       WITH
    PA               0.000      -0.504       0.000      -0.487       0.000      -0.468       0.000

 Means
    PER_REFL         0.000       1.157       0.000       1.185       0.000       1.212       0.000

 Variances
    PER_REFL         0.000       1.000       0.000       1.000       0.000       1.000       0.000

 Residual Variances
    PA               0.000       0.726       0.000       0.745       0.000       0.763       0.000
    NA               0.000       0.814       0.000       0.832       0.000       0.848       0.000

Between Level

 SPR_PA   ON
    ANHEDONIA       -0.030      -0.022      -0.018       0.000       0.020       0.023       0.029

 SPR_NA   ON
    ANHEDONIA       -0.005       0.004       0.007       0.026       0.044       0.048       0.054

 PA       ON
    ANHEDONIA       -0.058      -0.052      -0.049      -0.035      -0.021      -0.018      -0.012

 NA       ON
    ANHEDONIA       -0.014      -0.009      -0.007       0.009       0.023       0.027       0.035

 NA       WITH
    PA              -0.377      -0.341      -0.316      -0.192      -0.062      -0.037       0.009

 Means
    SPA_PA           1.523       1.617       1.669       1.979       2.347       2.418       2.560
    SNA_NA           1.143       1.276       1.332       1.667       2.026       2.096       2.211

 Intercepts
    PA               2.988       3.123       3.184       3.541       3.915       3.996       4.158
    NA               1.566       1.673       1.704       1.920       2.147       2.196       2.272
    SPR_PA           1.316       1.389       1.440       1.726       2.068       2.155       2.320
    SPR_NA          -0.587      -0.512      -0.470      -0.287      -0.113      -0.084      -0.028

 Variances
    SPA_PA           1.000       1.000       1.000       1.000       1.000       1.000       1.000
    SNA_NA           1.000       1.000       1.000       1.000       1.000       1.000       1.000

 Residual Variances
    PA               0.866       0.894       0.903       0.951       0.983       0.987       0.995
    NA               0.953       0.972       0.978       0.997       1.000       1.000       1.000
    SPR_PA           0.958       0.973       0.979       0.998       1.000       1.000       1.000
    SPR_NA           0.885       0.910       0.922       0.973       0.998       0.999       1.000


STD Standardization

                  Lower .5%  Lower 2.5%    Lower 5%    Estimate    Upper 5%  Upper 2.5%   Upper .5%

Within Level

 NA       WITH
    PA               0.000     -50.591       0.000     -47.990       0.000     -45.425       0.000

 Means
    PER_REFL         0.000      27.987       0.000      28.481       0.000      29.002       0.000

 Variances
    PER_REFL         0.000     560.910       0.000     578.924       0.000     596.258       0.000

 Residual Variances
    PA               0.000     122.775       0.000     126.811       0.000     130.882       0.000
    NA               0.000      74.349       0.000      76.824       0.000      79.281       0.000

Between Level

 SPR_PA   ON
    ANHEDONIA       -0.030      -0.022      -0.018       0.000       0.020       0.023       0.029

 SPR_NA   ON
    ANHEDONIA       -0.005       0.004       0.007       0.026       0.044       0.048       0.054

 PA       ON
    ANHEDONIA       -0.637      -0.570      -0.541      -0.381      -0.222      -0.193      -0.130

 NA       ON
    ANHEDONIA       -0.129      -0.086      -0.063       0.075       0.205       0.236       0.304

 NA       WITH
    PA             -38.645     -33.508     -30.883     -17.495      -5.389      -3.299       0.734

 Means
    SPA_PA           1.523       1.617       1.669       1.979       2.347       2.418       2.560
    SNA_NA           1.143       1.276       1.332       1.667       2.026       2.096       2.211

 Intercepts
    PA              36.015      36.471      36.684      38.161      39.597      39.804      40.271
    NA              15.105      15.540      15.731      16.883      18.032      18.240      18.614
    SPR_PA           1.316       1.389       1.440       1.726       2.068       2.155       2.320
    SPR_NA          -0.587      -0.512      -0.470      -0.287      -0.113      -0.084      -0.028

 Variances
    SPA_PA           1.000       1.000       1.000       1.000       1.000       1.000       1.000
    SNA_NA           1.000       1.000       1.000       1.000       1.000       1.000       1.000

 Residual Variances
    PA              81.366      86.924      90.096     110.233     133.934     138.752     149.564
    NA              56.369      60.807      62.953      76.849      93.556      97.095     105.110
    SPR_PA           0.958       0.973       0.979       0.998       1.000       1.000       1.000
    SPR_NA           0.885       0.910       0.922       0.973       0.998       0.999       1.000


TECHNICAL 1 OUTPUT


     PARAMETER SPECIFICATION FOR WITHIN


           NU
              PER_REFL      PA            NA            PA&1          NA&1
              ________      ________      ________      ________      ________
                    0             0             0             0             0


           LAMBDA
              PER_REFL      PA            NA            PA&1          NA&1
              ________      ________      ________      ________      ________
 PER_REFL           0             0             0             0             0
 PA                 0             0             0             0             0
 NA                 0             0             0             0             0
 PA&1               0             0             0             0             0
 NA&1               0             0             0             0             0


           THETA
              PER_REFL      PA            NA            PA&1          NA&1
              ________      ________      ________      ________      ________
 PER_REFL           0
 PA                 0             0
 NA                 0             0             0
 PA&1               0             0             0             0
 NA&1               0             0             0             0             0


           ALPHA
              PER_REFL      PA            NA            PA&1          NA&1
              ________      ________      ________      ________      ________
                    1             0             0             0             0


           BETA
              PER_REFL      PA            NA            PA&1          NA&1
              ________      ________      ________      ________      ________
 PER_REFL           0             0             0             0             0
 PA                 0             0             0             0             0
 NA                 0             0             0             0             0
 PA&1               0             0             0             0             0
 NA&1               0             0             0             0             0


           PSI
              PER_REFL      PA            NA            PA&1          NA&1
              ________      ________      ________      ________      ________
 PER_REFL           2
 PA                 0             3
 NA                 0             4             5
 PA&1               0             0             0             0
 NA&1               0             0             0             0             0


     PARAMETER SPECIFICATION FOR BETWEEN


           NU
              PA            NA            ANHEDONI
              ________      ________      ________
                    0             0             0


           LAMBDA
              SPR_PA        SPR_NA        SPA_PA        SNA_NA        PA
              ________      ________      ________      ________      ________
 PA                 0             0             0             0             0
 NA                 0             0             0             0             0
 ANHEDONI           0             0             0             0             0


           LAMBDA
              NA            ANHEDONI
              ________      ________
 PA                 0             0
 NA                 0             0
 ANHEDONI           0             0


           THETA
              PA            NA            ANHEDONI
              ________      ________      ________
 PA                 0
 NA                 0             0
 ANHEDONI           0             0             0


           ALPHA
              SPR_PA        SPR_NA        SPA_PA        SNA_NA        PA
              ________      ________      ________      ________      ________
                    6             7             8             9            10


           ALPHA
              NA            ANHEDONI
              ________      ________
                   11             0


           BETA
              SPR_PA        SPR_NA        SPA_PA        SNA_NA        PA
              ________      ________      ________      ________      ________
 SPR_PA             0             0             0             0             0
 SPR_NA             0             0             0             0             0
 SPA_PA             0             0             0             0             0
 SNA_NA             0             0             0             0             0
 PA                 0             0             0             0             0
 NA                 0             0             0             0             0
 ANHEDONI           0             0             0             0             0


           BETA
              NA            ANHEDONI
              ________      ________
 SPR_PA             0            12
 SPR_NA             0            13
 SPA_PA             0             0
 SNA_NA             0             0
 PA                 0            14
 NA                 0            15
 ANHEDONI           0             0


           PSI
              SPR_PA        SPR_NA        SPA_PA        SNA_NA        PA
              ________      ________      ________      ________      ________
 SPR_PA            16
 SPR_NA             0            17
 SPA_PA             0             0            18
 SNA_NA             0             0             0            19
 PA                 0             0             0             0            20
 NA                 0             0             0             0            21
 ANHEDONI           0             0             0             0             0


           PSI
              NA            ANHEDONI
              ________      ________
 NA                22
 ANHEDONI           0             0


     STARTING VALUES FOR WITHIN


           NU
              PER_REFL      PA            NA            PA&1          NA&1
              ________      ________      ________      ________      ________
                0.000         0.000         0.000         0.000         0.000


           LAMBDA
              PER_REFL      PA            NA            PA&1          NA&1
              ________      ________      ________      ________      ________
 PER_REFL       1.000         0.000         0.000         0.000         0.000
 PA             0.000         1.000         0.000         0.000         0.000
 NA             0.000         0.000         1.000         0.000         0.000
 PA&1           0.000         0.000         0.000         1.000         0.000
 NA&1           0.000         0.000         0.000         0.000         1.000


           THETA
              PER_REFL      PA            NA            PA&1          NA&1
              ________      ________      ________      ________      ________
 PER_REFL       0.000
 PA             0.000         0.000
 NA             0.000         0.000         0.000
 PA&1           0.000         0.000         0.000         0.000
 NA&1           0.000         0.000         0.000         0.000         0.000


           ALPHA
              PER_REFL      PA            NA            PA&1          NA&1
              ________      ________      ________      ________      ________
                0.000         0.000         0.000         0.000         0.000


           BETA
              PER_REFL      PA            NA            PA&1          NA&1
              ________      ________      ________      ________      ________
 PER_REFL       0.000         0.000         0.000         0.000         0.000
 PA             0.000         0.000         0.000         0.000         0.000
 NA             0.000         0.000         0.000         0.000         0.000
 PA&1           0.000         0.000         0.000         0.000         0.000
 NA&1           0.000         0.000         0.000         0.000         0.000


           PSI
              PER_REFL      PA            NA            PA&1          NA&1
              ________      ________      ________      ________      ________
 PER_REFL     287.971
 PA             0.000       151.142
 NA             0.000         0.000        83.369
 PA&1           0.000         0.000         0.000       151.154
 NA&1           0.000         0.000         0.000         0.000        83.284


     STARTING VALUES FOR BETWEEN


           NU
              PA            NA            ANHEDONI
              ________      ________      ________
                0.000         0.000         0.000


           LAMBDA
              SPR_PA        SPR_NA        SPA_PA        SNA_NA        PA
              ________      ________      ________      ________      ________
 PA             0.000         0.000         0.000         0.000         1.000
 NA             0.000         0.000         0.000         0.000         0.000
 ANHEDONI       0.000         0.000         0.000         0.000         0.000


           LAMBDA
              NA            ANHEDONI
              ________      ________
 PA             0.000         0.000
 NA             1.000         0.000
 ANHEDONI       0.000         1.000


           THETA
              PA            NA            ANHEDONI
              ________      ________      ________
 PA             0.000
 NA             0.000         0.000
 ANHEDONI       0.000         0.000         0.000


           ALPHA
              SPR_PA        SPR_NA        SPA_PA        SNA_NA        PA
              ________      ________      ________      ________      ________
                0.000         0.000         0.000         0.000        45.712


           ALPHA
              NA            ANHEDONI
              ________      ________
               15.187         0.000


           BETA
              SPR_PA        SPR_NA        SPA_PA        SNA_NA        PA
              ________      ________      ________      ________      ________
 SPR_PA         0.000         0.000         0.000         0.000         0.000
 SPR_NA         0.000         0.000         0.000         0.000         0.000
 SPA_PA         0.000         0.000         0.000         0.000         0.000
 SNA_NA         0.000         0.000         0.000         0.000         0.000
 PA             0.000         0.000         0.000         0.000         0.000
 NA             0.000         0.000         0.000         0.000         0.000
 ANHEDONI       0.000         0.000         0.000         0.000         0.000


           BETA
              NA            ANHEDONI
              ________      ________
 SPR_PA         0.000         0.000
 SPR_NA         0.000         0.000
 SPA_PA         0.000         0.000
 SNA_NA         0.000         0.000
 PA             0.000         0.000
 NA             0.000         0.000
 ANHEDONI       0.000         0.000


           PSI
              SPR_PA        SPR_NA        SPA_PA        SNA_NA        PA
              ________      ________      ________      ________      ________
 SPR_PA         1.000
 SPR_NA         0.000         1.000
 SPA_PA         0.000         0.000         1.000
 SNA_NA         0.000         0.000         0.000         1.000
 PA             0.000         0.000         0.000         0.000       151.142
 NA             0.000         0.000         0.000         0.000         0.000
 ANHEDONI       0.000         0.000         0.000         0.000         0.000


           PSI
              NA            ANHEDONI
              ________      ________
 NA            83.369
 ANHEDONI       0.000        39.493



     PRIORS FOR ALL PARAMETERS            PRIOR MEAN      PRIOR VARIANCE     PRIOR STD. DEV.

     Parameter 1~N(0.000,infinity)           0.0000            infinity            infinity
     Parameter 2~IG(-1.000,0.000)          infinity            infinity            infinity
     Parameter 3~IW(0.000,-3)              infinity            infinity            infinity
     Parameter 4~IW(0.000,-3)              infinity            infinity            infinity
     Parameter 5~IW(0.000,-3)              infinity            infinity            infinity
     Parameter 6~N(0.000,infinity)           0.0000            infinity            infinity
     Parameter 7~N(0.000,infinity)           0.0000            infinity            infinity
     Parameter 8~N(0.000,infinity)           0.0000            infinity            infinity
     Parameter 9~N(0.000,infinity)           0.0000            infinity            infinity
     Parameter 10~N(0.000,infinity)          0.0000            infinity            infinity
     Parameter 11~N(0.000,infinity)          0.0000            infinity            infinity
     Parameter 12~N(0.000,infinity)          0.0000            infinity            infinity
     Parameter 13~N(0.000,infinity)          0.0000            infinity            infinity
     Parameter 14~N(0.000,infinity)          0.0000            infinity            infinity
     Parameter 15~N(0.000,infinity)          0.0000            infinity            infinity
     Parameter 16~IG(-1.000,0.000)         infinity            infinity            infinity
     Parameter 17~IG(-1.000,0.000)         infinity            infinity            infinity
     Parameter 18~IG(-1.000,0.000)         infinity            infinity            infinity
     Parameter 19~IG(-1.000,0.000)         infinity            infinity            infinity
     Parameter 20~IW(0.000,-3)             infinity            infinity            infinity
     Parameter 21~IW(0.000,-3)             infinity            infinity            infinity
     Parameter 22~IW(0.000,-3)             infinity            infinity            infinity


TECHNICAL 8 OUTPUT


   TECHNICAL 8 OUTPUT FOR BAYES ESTIMATION

     PROCESSOR    BSEED
     1            0
     2            285380
     3            253358
     4            93468
     5            608496
     6            903420
     7            195873
     8            462953
     9            939021
     10           127215
     11           415931
     12           533738
     13           107446
     14           399671
     15           650371
     16           27071

                     POTENTIAL       PARAMETER WITH
     ITERATION    SCALE REDUCTION      HIGHEST PSR
     100              1.062               22
     200              1.064               7
     300              1.044               6
     400              1.023               10
     500              1.013               1
     600              1.033               3
     700              1.048               3
     800              1.045               3
     900              1.037               8
     1000             1.023               8
     1100             1.023               8
     1200             1.026               9
     1300             1.027               9
     1400             1.028               9
     1500             1.012               9
     1600             1.017               9
     1700             1.012               9
     1800             1.010               9
     1900             1.017               9
     2000             1.009               8
     2100             1.010               9
     2200             1.010               9
     2300             1.007               9


PLOT INFORMATION

The following plots are available:

  Histograms (sample values)
  Scatterplots (sample values)
  Between-level histograms (sample values, sample means/variances)
  Between-level scatterplots (sample values, sample means/variances)
  Time series plots (sample values, ACF, PACF)
  Histogram of subjects per time point
  Time interval plots
  Bayesian posterior parameter distributions
  Bayesian posterior parameter trace plots
  Bayesian autocorrelation plots

     Beginning Time:  23:58:38
        Ending Time:  00:00:37
       Elapsed Time:  00:01:59



MUTHEN & MUTHEN
3463 Stoner Ave.
Los Angeles, CA  90066

Tel: (310) 391-9971
Fax: (310) 391-8971
Web: www.StatModel.com
Support: Support@StatModel.com

Copyright (c) 1998-2022 Muthen & Muthen
