Mplus VERSION 8.8
MUTHEN & MUTHEN
08/26/2023   2:10 AM

INPUT INSTRUCTIONS


  DATA:
  FILE IS data3.dat;

  VARIABLE:   NAMES =
  	    Eth_ID Time Time_between Time_inc
  	    PA_enth NA_irri NA_verv PA_tevr PA_ener
       	    PA_kalm NA_nerv PA_daadk NA_verdr
  	    PA_vrol NA_boos PA_dankb NA_somb PER_att
      	    PER_refl PER_self PER_expr PER_damp
  	    PER_codamp PER_capit Sample age_yr gesl BDI
      	    Measures_valid BDI_anh Anhedonia
   	    BDI_sum PA NA day compliance;

              USEVARIABLES are PER_capit PA NA Anhedonia;
              MISSING is .;
              within = PER_capit;
              between = Anhedonia;
              cluster = Eth_ID;
              lagged= PA NA(1);
              tinterval=Time_inc (150);

  DEFINE:     CENTER Anhedonia (grandmean);

  ANALYSIS:   type = twolevel random;
              estimator = Bayes;
              biterations=(2000);
              bconvergence=0.005;
              thin=2;
              PROCESSORS=16;
  MODEL:
  %WITHIN%
  sPR_PA | PA on PER_capit;
  sPR_NA | NA on PER_capit;
  sPA_PA | PA on PA&1;
  sNA_NA | NA on NA&1;
  [PER_capit];


  %between%
  sPR_PA sPR_NA on Anhedonia;
  PA NA on Anhedonia;


  OUTPUT: standardized tech1 tech8 cinterval patterns;
  PLOT: TYPE = PLOT3;



*** WARNING in VARIABLE command
  Note that only the first 8 characters of variable names are used in the output.
  Shorten variable names to avoid any confusion.
*** WARNING in PLOT command
  Note that only the first 8 characters of variable names are used in plots.
  If variable names are not unique within the first 8 characters, problems
  may occur.
*** WARNING
  One or more individual-level variables have no variation within a
  cluster for the following clusters.

     Variable   Cluster IDs with no within-cluster variation

      PER_CAPI    165 127 73 177

*** WARNING
  Data set contains cases with missing on all variables.  Cases that appeared before the first
  case with observed data and that appeared after the last case with observed data were not
  included in the analysis.  Number of deleted cases:  679
   4 WARNING(S) FOUND IN THE INPUT INSTRUCTIONS




SUMMARY OF ANALYSIS

Number of groups                                                 1
Number of observations                                       20160

Number of dependent variables                                    2
Number of independent variables                                  4
Number of continuous latent variables                            4

Observed dependent variables

  Continuous
   PA          NA

Observed independent variables
   PER_CAPI    ANHEDONI    PA&1        NA&1

Continuous latent variables
   SPR_PA      SPR_NA      SPA_PA      SNA_NA

Variables with special functions

  Cluster variable      ETH_ID

  Within variables
   PER_CAPI    PA&1        NA&1

  Between variables
   ANHEDONI

  Centering (GRANDMEAN)
   ANHEDONI


Estimator                                                    BAYES
Specifications for Bayesian Estimation
  Point estimate                                            MEDIAN
  Number of Markov chain Monte Carlo (MCMC) chains               2
  Random seed for the first chain                                0
  Starting value information                           UNPERTURBED
  Algorithm used for Markov chain Monte Carlo           GIBBS(PX1)
  Convergence criterion                                  0.500D-02
  Maximum number of iterations                               50000
  K-th iteration used for thinning                               2

Input data file(s)
  data3.dat
Input data format  FREE


SUMMARY OF DATA

     Number of clusters                        159

       Size (s)    Cluster ID with Size s

         56        28
         80        82
         84        87
         88        72
         97        34
        101        10
        105        52
        108        119
        111        36
        113        182
        115        89 131
        116        15 188 75 77
        117        11
        118        16 66 49 57 195
        119        197 71 48 149 50 92 38 186 163 106
        120        55 168 7 108 148 192 61 98 165
        122        174
        123        127
        124        161 117 103 51
        125        53 54 13 40 44 88 30 68 100 93 105 112 123 73
        126        107 172 173 102 65 109 111 80 76 120
        127        70 177 133 62 139 118 110 25 115 67 46 104 178 126 193
                   32 86 198 147
        128        43 153 59 156 96 180 18 5
        129        141 144 125 3 185 146 135 190 187 39 137 116 69
        130        138 166 97 14
        133        191
        134        2
        135        194 63 60 183 201 200
        136        26 56
        137        95 4 9 22 19 42
        138        132 29 94
        139        45 74 35 37 84 21 79 145 114
        142        27
        143        179
        144        170 24 171
        145        1 124 162 20
        146        151 6 167
        147        142 31
        148        159 176



SUMMARY OF MISSING DATA PATTERNS

     Number of missing data patterns            13


     MISSING DATA PATTERNS (x = not missing)

           1  2  3  4  5  6  7  8  9 10 11 12 13
 PER_CAPI  x  x              x     x     x     x
 PA        x  x        x  x     x  x     x  x
 NA        x  x        x  x        x  x  x
 PA&1      x     x        x  x     x        x
 NA&1      x     x        x  x           x  x
 ANHEDONI  x  x  x  x  x  x  x  x  x  x  x  x  x


     MISSING DATA PATTERN FREQUENCIES

    Pattern   Frequency     Pattern   Frequency     Pattern   Frequency
          1        4875           6          63          11           1
          2        3209           7           3          12           1
          3        3121           8           4          13           1
          4        8808           9           5
          5          68          10           1


COVARIANCE COVERAGE OF DATA

Minimum covariance coverage value   0.100


     PROPORTION OF DATA PRESENT


           Covariance Coverage
              PER_CAPI      PA            NA            ANHEDONI
              ________      ________      ________      ________
 PER_CAPI       0.401
 PA             0.401         0.408
 NA             0.401         0.408         0.408
 ANHEDONI       0.401         0.408         0.408         1.000



UNIVARIATE SAMPLE STATISTICS


     UNIVARIATE HIGHER-ORDER MOMENT DESCRIPTIVE STATISTICS

         Variable/         Mean/     Skewness/   Minimum/ % with                Percentiles
        Sample Size      Variance    Kurtosis    Maximum  Min/Max      20%/60%    40%/80%    Median

     PER_CAPIT            23.940       1.000       0.000   16.79%       2.000      7.000     11.000
            8094.000     670.135      -0.150     100.000    1.03%      20.000     51.000
     PA                   44.345       0.056       0.000    0.32%      29.000     40.000     44.667
            8226.000     301.997      -0.250     100.000    0.07%      49.167     59.167
     NA                   14.975       1.412       0.000    7.26%       5.000      9.167     11.500
            8222.000     164.910       1.997      80.667    0.01%      14.333     23.000
     ANHEDONIA             0.000       0.630     -18.380    0.63%      -7.330     -2.924     -0.934
             159.000      79.008       0.606      29.966    0.63%       1.234      6.118


THE MODEL ESTIMATION TERMINATED NORMALLY

     USE THE FBITERATIONS OPTION TO INCREASE THE NUMBER OF ITERATIONS BY A FACTOR
     OF AT LEAST TWO TO CHECK CONVERGENCE AND THAT THE PSR VALUE DOES NOT INCREASE.



MODEL FIT INFORMATION

Number of Free Parameters                              22

Information Criteria

          Deviance (DIC)                       517685.699
          Estimated Number of Parameters (pD)   34481.645



MODEL RESULTS

                                Posterior  One-Tailed         95% C.I.
                    Estimate       S.D.      P-Value   Lower 2.5%  Upper 2.5%  Significance

Within Level

 NA       WITH
    PA               -45.531       1.302      0.000     -48.008     -42.983      *

 Means
    PER_CAPIT         23.882       0.283      0.000      23.326      24.464      *

 Variances
    PER_CAPIT        671.427      10.553      0.000     651.325     692.261      *

 Residual Variances
    PA               128.100       2.098      0.000     124.125     132.299      *
    NA                75.900       1.290      0.000      73.448      78.610      *

Between Level

 SPR_PA     ON
    ANHEDONIA         -0.001       0.001      0.095      -0.004       0.001

 SPR_NA     ON
    ANHEDONIA          0.001       0.001      0.148      -0.001       0.003

 PA         ON
    ANHEDONIA         -0.316       0.103      0.001      -0.511      -0.109      *

 NA         ON
    ANHEDONIA          0.151       0.082      0.034      -0.014       0.307

 NA       WITH
    PA               -11.327       8.444      0.082     -29.428       4.157

 Means
    SPA_PA             0.337       0.018      0.000       0.302       0.371      *
    SNA_NA             0.313       0.018      0.000       0.277       0.349      *

 Intercepts
    PA                39.360       0.940      0.000      37.492      41.210      *
    NA                15.808       0.750      0.000      14.291      17.214      *
    SPR_PA             0.126       0.009      0.000       0.108       0.145      *
    SPR_NA            -0.015       0.010      0.062      -0.032       0.004

 Variances
    SPA_PA             0.027       0.005      0.000       0.018       0.037      *
    SNA_NA             0.029       0.005      0.000       0.020       0.041      *

 Residual Variances
    PA               119.098      15.237      0.000      94.310     154.402      *
    NA                71.951       9.542      0.000      56.374      92.396      *
    SPR_PA             0.005       0.001      0.000       0.002       0.008      *
    SPR_NA             0.006       0.001      0.000       0.004       0.010      *


STANDARDIZED MODEL RESULTS


STDYX Standardization

                                Posterior  One-Tailed         95% C.I.
                    Estimate       S.D.      P-Value   Lower 2.5%  Upper 2.5%  Significance

Within-Level Standardized Estimates Averaged Over Clusters

 SPR_PA | PA ON
    PER_CAPIT          0.249       0.015      0.000       0.220       0.279      *

 SPA_PA | PA ON
    PA&1               0.337       0.012      0.000       0.313       0.361      *

 SPR_NA | NA ON
    PER_CAPIT         -0.042       0.017      0.007      -0.074      -0.008      *

 SNA_NA | NA ON
    NA&1               0.313       0.012      0.000       0.289       0.336      *

 NA       WITH
    PA                -0.462       0.009      0.000      -0.479      -0.442      *

 Means
    PER_CAPIT          0.922       0.013      0.000       0.897       0.947      *

 Variances
    PER_CAPIT          1.000       0.000      0.000       1.000       1.000

 Residual Variances
    PA                 0.781       0.010      0.000       0.762       0.799      *
    NA                 0.831       0.009      0.000       0.812       0.847      *

Between Level

 SPR_PA     ON
    ANHEDONIA         -0.127       0.098      0.095      -0.326       0.060

 SPR_NA     ON
    ANHEDONIA          0.084       0.082      0.148      -0.076       0.248

 PA         ON
    ANHEDONIA         -0.179       0.057      0.001      -0.284      -0.062      *

 NA         ON
    ANHEDONIA          0.112       0.060      0.034      -0.010       0.223

 NA       WITH
    PA                -0.126       0.087      0.082      -0.295       0.048

 Means
    SPA_PA             2.069       0.243      0.000       1.640       2.606      *
    SNA_NA             1.834       0.214      0.000       1.449       2.293      *

 Intercepts
    PA                 3.545       0.234      0.000       3.086       4.009      *
    NA                 1.844       0.141      0.000       1.575       2.128      *
    SPR_PA             1.827       0.333      0.000       1.307       2.617      *
    SPR_NA            -0.184       0.123      0.062      -0.431       0.053

 Variances
    SPA_PA             1.000       0.000      0.000       1.000       1.000
    SNA_NA             1.000       0.000      0.000       1.000       1.000

 Residual Variances
    PA                 0.968       0.020      0.000       0.919       0.996      *
    NA                 0.987       0.014      0.000       0.950       1.000      *
    SPR_PA             0.984       0.029      0.000       0.893       1.000      *
    SPR_NA             0.992       0.017      0.000       0.938       1.000      *


STDY Standardization

                                Posterior  One-Tailed         95% C.I.
                    Estimate       S.D.      P-Value   Lower 2.5%  Upper 2.5%  Significance

Within-Level Standardized Estimates Averaged Over Clusters

 SPR_PA | PA ON
    PER_CAPIT          0.249       0.015      0.000       0.220       0.279      *

 SPA_PA | PA ON
    PA&1               0.025       0.001      0.000       0.024       0.027      *

 SPR_NA | NA ON
    PER_CAPIT         -0.042       0.017      0.007      -0.074      -0.008      *

 SNA_NA | NA ON
    NA&1               0.031       0.001      0.000       0.029       0.034      *

 NA       WITH
    PA                -0.462       0.009      0.000      -0.479      -0.442      *

 Means
    PER_CAPIT          0.922       0.013      0.000       0.897       0.947      *

 Variances
    PER_CAPIT          1.000       0.000      0.000       1.000       1.000

 Residual Variances
    PA                 0.781       0.010      0.000       0.762       0.799      *
    NA                 0.831       0.009      0.000       0.812       0.847      *

Between Level

 SPR_PA     ON
    ANHEDONIA         -0.020       0.016      0.095      -0.052       0.009

 SPR_NA     ON
    ANHEDONIA          0.013       0.013      0.148      -0.012       0.039

 PA         ON
    ANHEDONIA         -0.028       0.009      0.001      -0.045      -0.010      *

 NA         ON
    ANHEDONIA          0.018       0.009      0.034      -0.002       0.035

 NA       WITH
    PA                -0.126       0.087      0.082      -0.295       0.048

 Means
    SPA_PA             2.069       0.243      0.000       1.640       2.606      *
    SNA_NA             1.834       0.214      0.000       1.449       2.293      *

 Intercepts
    PA                 3.545       0.234      0.000       3.086       4.009      *
    NA                 1.844       0.141      0.000       1.575       2.128      *
    SPR_PA             1.827       0.333      0.000       1.307       2.617      *
    SPR_NA            -0.184       0.123      0.062      -0.431       0.053

 Variances
    SPA_PA             1.000       0.000      0.000       1.000       1.000
    SNA_NA             1.000       0.000      0.000       1.000       1.000

 Residual Variances
    PA                 0.968       0.020      0.000       0.919       0.996      *
    NA                 0.987       0.014      0.000       0.950       1.000      *
    SPR_PA             0.984       0.029      0.000       0.893       1.000      *
    SPR_NA             0.992       0.017      0.000       0.938       1.000      *


STD Standardization

                                Posterior  One-Tailed         95% C.I.
                    Estimate       S.D.      P-Value   Lower 2.5%  Upper 2.5%  Significance

Within-Level Standardized Estimates Averaged Over Clusters

 SPR_PA | PA ON
    PER_CAPIT          0.126       0.008      0.000       0.111       0.141      *

 SPA_PA | PA ON
    PA&1               0.337       0.012      0.000       0.313       0.361      *

 SPR_NA | NA ON
    PER_CAPIT         -0.015       0.007      0.014      -0.028      -0.002      *

 SNA_NA | NA ON
    NA&1               0.313       0.012      0.000       0.289       0.336      *

 NA       WITH
    PA               -45.531       1.302      0.000     -48.008     -42.983      *

 Means
    PER_CAPIT         23.882       0.283      0.000      23.326      24.464      *

 Variances
    PER_CAPIT        671.427      10.553      0.000     651.325     692.261      *

 Residual Variances
    PA               128.100       2.098      0.000     124.125     132.299      *
    NA                75.900       1.290      0.000      73.448      78.610      *

Between Level

 SPR_PA     ON
    ANHEDONIA         -0.020       0.016      0.095      -0.052       0.009

 SPR_NA     ON
    ANHEDONIA          0.013       0.013      0.148      -0.012       0.039

 PA         ON
    ANHEDONIA         -0.316       0.103      0.001      -0.511      -0.109      *

 NA         ON
    ANHEDONIA          0.151       0.082      0.034      -0.014       0.307

 NA       WITH
    PA               -11.327       8.444      0.082     -29.428       4.157

 Means
    SPA_PA             2.069       0.243      0.000       1.640       2.606      *
    SNA_NA             1.834       0.214      0.000       1.449       2.293      *

 Intercepts
    PA                39.360       0.940      0.000      37.492      41.210      *
    NA                15.808       0.750      0.000      14.291      17.214      *
    SPR_PA             1.827       0.333      0.000       1.307       2.617      *
    SPR_NA            -0.184       0.123      0.062      -0.431       0.053

 Variances
    SPA_PA             1.000       0.000      0.000       1.000       1.000
    SNA_NA             1.000       0.000      0.000       1.000       1.000

 Residual Variances
    PA               119.098      15.237      0.000      94.310     154.402      *
    NA                71.951       9.542      0.000      56.374      92.396      *
    SPR_PA             0.984       0.029      0.000       0.893       1.000      *
    SPR_NA             0.992       0.017      0.000       0.938       1.000      *


R-SQUARE

Within-Level R-Square Averaged Across Clusters

                                Posterior  One-Tailed         95% C.I.
    Variable        Estimate       S.D.      P-Value   Lower 2.5%  Upper 2.5%

    PA                 0.219       0.010      0.000       0.200       0.238
    NA                 0.169       0.009      0.000       0.152       0.188

Between Level

                                Posterior  One-Tailed         95% C.I.
    Variable        Estimate       S.D.      P-Value   Lower 2.5%  Upper 2.5%

    PA                 0.032       0.020      0.000       0.004       0.080
    NA                 0.013       0.014      0.000       0.000       0.050

                                Posterior  One-Tailed         95% C.I.
    Variable        Estimate       S.D.      P-Value   Lower 2.5%  Upper 2.5%

    SPR_PA             0.016       0.029      0.000       0.000       0.106
    SPR_NA             0.008       0.017      0.000       0.000       0.061


CREDIBILITY INTERVALS OF MODEL RESULTS

                  Lower .5%  Lower 2.5%    Lower 5%    Estimate    Upper 5%  Upper 2.5%   Upper .5%

Within Level

 NA       WITH
    PA             -48.971     -48.008     -47.695     -45.531     -43.384     -42.983     -42.188

 Means
    PER_CAPIT       23.150      23.326      23.418      23.882      24.359      24.464      24.628

 Variances
    PER_CAPIT      645.542     651.325     654.369     671.427     689.266     692.261     698.586

 Residual Variances
    PA             122.964     124.125     124.860     128.100     131.673     132.299     133.623
    NA              72.557      73.448      73.871      75.900      78.041      78.610      79.384

Between Level

 SPR_PA   ON
    ANHEDONIA       -0.004      -0.004      -0.003      -0.001       0.000       0.001       0.001

 SPR_NA   ON
    ANHEDONIA       -0.001      -0.001      -0.001       0.001       0.003       0.003       0.004

 PA       ON
    ANHEDONIA       -0.589      -0.511      -0.480      -0.316      -0.140      -0.109      -0.039

 NA       ON
    ANHEDONIA       -0.066      -0.014       0.016       0.151       0.282       0.307       0.355

 NA       WITH
    PA             -34.224     -29.428     -26.307     -11.327       1.871       4.157       8.067

 Means
    SPA_PA           0.291       0.302       0.308       0.337       0.366       0.371       0.383
    SNA_NA           0.264       0.277       0.283       0.313       0.344       0.349       0.360

 Intercepts
    PA              36.909      37.492      37.801      39.360      40.886      41.210      41.776
    NA              13.818      14.291      14.510      15.808      17.009      17.214      17.718
    SPR_PA           0.101       0.108       0.110       0.126       0.142       0.145       0.150
    SPR_NA          -0.038      -0.032      -0.030      -0.015       0.001       0.004       0.010

 Variances
    SPA_PA           0.016       0.018       0.019       0.027       0.036       0.037       0.043
    SNA_NA           0.018       0.020       0.021       0.029       0.039       0.041       0.045

 Residual Variances
    PA              88.115      94.310      98.053     119.098     147.269     154.402     168.569
    NA              51.905      56.374      59.003      71.951      89.653      92.396     100.123
    SPR_PA           0.002       0.002       0.003       0.005       0.007       0.008       0.009
    SPR_NA           0.003       0.004       0.004       0.006       0.009       0.010       0.011


CREDIBILITY INTERVALS OF STANDARDIZED MODEL RESULTS


STDYX Standardization

                  Lower .5%  Lower 2.5%    Lower 5%    Estimate    Upper 5%  Upper 2.5%   Upper .5%

Within Level

 NA       WITH
    PA               0.000      -0.479       0.000      -0.462       0.000      -0.442       0.000

 Means
    PER_CAPIT        0.000       0.897       0.000       0.922       0.000       0.947       0.000

 Variances
    PER_CAPIT        0.000       1.000       0.000       1.000       0.000       1.000       0.000

 Residual Variances
    PA               0.000       0.762       0.000       0.781       0.000       0.799       0.000
    NA               0.000       0.812       0.000       0.831       0.000       0.847       0.000

Between Level

 SPR_PA   ON
    ANHEDONIA       -0.400      -0.326      -0.294      -0.127       0.030       0.060       0.120

 SPR_NA   ON
    ANHEDONIA       -0.112      -0.076      -0.053       0.084       0.223       0.248       0.290

 PA       ON
    ANHEDONIA       -0.326      -0.284      -0.270      -0.179      -0.080      -0.062      -0.023

 NA       ON
    ANHEDONIA       -0.047      -0.010       0.012       0.112       0.206       0.223       0.260

 NA       WITH
    PA              -0.348      -0.295      -0.271      -0.126       0.020       0.048       0.088

 Means
    SPA_PA           1.508       1.640       1.703       2.069       2.502       2.606       2.749
    SNA_NA           1.345       1.449       1.502       1.834       2.225       2.293       2.429

 Intercepts
    PA               2.954       3.086       3.158       3.545       3.926       4.009       4.151
    NA               1.478       1.575       1.616       1.844       2.075       2.128       2.195
    SPR_PA           1.168       1.307       1.376       1.827       2.473       2.617       2.926
    SPR_NA          -0.523      -0.431      -0.394      -0.184       0.010       0.053       0.114

 Variances
    SPA_PA           1.000       1.000       1.000       1.000       1.000       1.000       1.000
    SNA_NA           1.000       1.000       1.000       1.000       1.000       1.000       1.000

 Residual Variances
    PA               0.894       0.919       0.927       0.968       0.994       0.996       0.999
    NA               0.932       0.950       0.957       0.987       1.000       1.000       1.000
    SPR_PA           0.840       0.893       0.914       0.984       1.000       1.000       1.000
    SPR_NA           0.915       0.938       0.950       0.992       1.000       1.000       1.000


STDY Standardization

                  Lower .5%  Lower 2.5%    Lower 5%    Estimate    Upper 5%  Upper 2.5%   Upper .5%

Within Level

 NA       WITH
    PA               0.000      -0.479       0.000      -0.462       0.000      -0.442       0.000

 Means
    PER_CAPIT        0.000       0.897       0.000       0.922       0.000       0.947       0.000

 Variances
    PER_CAPIT        0.000       1.000       0.000       1.000       0.000       1.000       0.000

 Residual Variances
    PA               0.000       0.762       0.000       0.781       0.000       0.799       0.000
    NA               0.000       0.812       0.000       0.831       0.000       0.847       0.000

Between Level

 SPR_PA   ON
    ANHEDONIA       -0.063      -0.052      -0.046      -0.020       0.005       0.009       0.019

 SPR_NA   ON
    ANHEDONIA       -0.018      -0.012      -0.008       0.013       0.035       0.039       0.046

 PA       ON
    ANHEDONIA       -0.051      -0.045      -0.043      -0.028      -0.013      -0.010      -0.004

 NA       ON
    ANHEDONIA       -0.007      -0.002       0.002       0.018       0.032       0.035       0.041

 NA       WITH
    PA              -0.348      -0.295      -0.271      -0.126       0.020       0.048       0.088

 Means
    SPA_PA           1.508       1.640       1.703       2.069       2.502       2.606       2.749
    SNA_NA           1.345       1.449       1.502       1.834       2.225       2.293       2.429

 Intercepts
    PA               2.954       3.086       3.158       3.545       3.926       4.009       4.151
    NA               1.478       1.575       1.616       1.844       2.075       2.128       2.195
    SPR_PA           1.168       1.307       1.376       1.827       2.473       2.617       2.926
    SPR_NA          -0.523      -0.431      -0.394      -0.184       0.010       0.053       0.114

 Variances
    SPA_PA           1.000       1.000       1.000       1.000       1.000       1.000       1.000
    SNA_NA           1.000       1.000       1.000       1.000       1.000       1.000       1.000

 Residual Variances
    PA               0.894       0.919       0.927       0.968       0.994       0.996       0.999
    NA               0.932       0.950       0.957       0.987       1.000       1.000       1.000
    SPR_PA           0.840       0.893       0.914       0.984       1.000       1.000       1.000
    SPR_NA           0.915       0.938       0.950       0.992       1.000       1.000       1.000


STD Standardization

                  Lower .5%  Lower 2.5%    Lower 5%    Estimate    Upper 5%  Upper 2.5%   Upper .5%

Within Level

 NA       WITH
    PA               0.000     -48.008       0.000     -45.531       0.000     -42.983       0.000

 Means
    PER_CAPIT        0.000      23.326       0.000      23.882       0.000      24.464       0.000

 Variances
    PER_CAPIT        0.000     651.325       0.000     671.427       0.000     692.261       0.000

 Residual Variances
    PA               0.000     124.125       0.000     128.100       0.000     132.299       0.000
    NA               0.000      73.448       0.000      75.900       0.000      78.610       0.000

Between Level

 SPR_PA   ON
    ANHEDONIA       -0.063      -0.052      -0.046      -0.020       0.005       0.009       0.019

 SPR_NA   ON
    ANHEDONIA       -0.018      -0.012      -0.008       0.013       0.035       0.039       0.046

 PA       ON
    ANHEDONIA       -0.589      -0.511      -0.480      -0.316      -0.140      -0.109      -0.039

 NA       ON
    ANHEDONIA       -0.066      -0.014       0.016       0.151       0.282       0.307       0.355

 NA       WITH
    PA             -34.224     -29.428     -26.307     -11.327       1.871       4.157       8.067

 Means
    SPA_PA           1.508       1.640       1.703       2.069       2.502       2.606       2.749
    SNA_NA           1.345       1.449       1.502       1.834       2.225       2.293       2.429

 Intercepts
    PA              36.909      37.492      37.801      39.360      40.886      41.210      41.776
    NA              13.818      14.291      14.510      15.808      17.009      17.214      17.718
    SPR_PA           1.168       1.307       1.376       1.827       2.473       2.617       2.926
    SPR_NA          -0.523      -0.431      -0.394      -0.184       0.010       0.053       0.114

 Variances
    SPA_PA           1.000       1.000       1.000       1.000       1.000       1.000       1.000
    SNA_NA           1.000       1.000       1.000       1.000       1.000       1.000       1.000

 Residual Variances
    PA              88.115      94.310      98.053     119.098     147.269     154.402     168.569
    NA              51.905      56.374      59.003      71.951      89.653      92.396     100.123
    SPR_PA           0.840       0.893       0.914       0.984       1.000       1.000       1.000
    SPR_NA           0.915       0.938       0.950       0.992       1.000       1.000       1.000


TECHNICAL 1 OUTPUT


     PARAMETER SPECIFICATION FOR WITHIN


           NU
              PER_CAPI      PA            NA            PA&1          NA&1
              ________      ________      ________      ________      ________
                    0             0             0             0             0


           LAMBDA
              PER_CAPI      PA            NA            PA&1          NA&1
              ________      ________      ________      ________      ________
 PER_CAPI           0             0             0             0             0
 PA                 0             0             0             0             0
 NA                 0             0             0             0             0
 PA&1               0             0             0             0             0
 NA&1               0             0             0             0             0


           THETA
              PER_CAPI      PA            NA            PA&1          NA&1
              ________      ________      ________      ________      ________
 PER_CAPI           0
 PA                 0             0
 NA                 0             0             0
 PA&1               0             0             0             0
 NA&1               0             0             0             0             0


           ALPHA
              PER_CAPI      PA            NA            PA&1          NA&1
              ________      ________      ________      ________      ________
                    1             0             0             0             0


           BETA
              PER_CAPI      PA            NA            PA&1          NA&1
              ________      ________      ________      ________      ________
 PER_CAPI           0             0             0             0             0
 PA                 0             0             0             0             0
 NA                 0             0             0             0             0
 PA&1               0             0             0             0             0
 NA&1               0             0             0             0             0


           PSI
              PER_CAPI      PA            NA            PA&1          NA&1
              ________      ________      ________      ________      ________
 PER_CAPI           2
 PA                 0             3
 NA                 0             4             5
 PA&1               0             0             0             0
 NA&1               0             0             0             0             0


     PARAMETER SPECIFICATION FOR BETWEEN


           NU
              PA            NA            ANHEDONI
              ________      ________      ________
                    0             0             0


           LAMBDA
              SPR_PA        SPR_NA        SPA_PA        SNA_NA        PA
              ________      ________      ________      ________      ________
 PA                 0             0             0             0             0
 NA                 0             0             0             0             0
 ANHEDONI           0             0             0             0             0


           LAMBDA
              NA            ANHEDONI
              ________      ________
 PA                 0             0
 NA                 0             0
 ANHEDONI           0             0


           THETA
              PA            NA            ANHEDONI
              ________      ________      ________
 PA                 0
 NA                 0             0
 ANHEDONI           0             0             0


           ALPHA
              SPR_PA        SPR_NA        SPA_PA        SNA_NA        PA
              ________      ________      ________      ________      ________
                    6             7             8             9            10


           ALPHA
              NA            ANHEDONI
              ________      ________
                   11             0


           BETA
              SPR_PA        SPR_NA        SPA_PA        SNA_NA        PA
              ________      ________      ________      ________      ________
 SPR_PA             0             0             0             0             0
 SPR_NA             0             0             0             0             0
 SPA_PA             0             0             0             0             0
 SNA_NA             0             0             0             0             0
 PA                 0             0             0             0             0
 NA                 0             0             0             0             0
 ANHEDONI           0             0             0             0             0


           BETA
              NA            ANHEDONI
              ________      ________
 SPR_PA             0            12
 SPR_NA             0            13
 SPA_PA             0             0
 SNA_NA             0             0
 PA                 0            14
 NA                 0            15
 ANHEDONI           0             0


           PSI
              SPR_PA        SPR_NA        SPA_PA        SNA_NA        PA
              ________      ________      ________      ________      ________
 SPR_PA            16
 SPR_NA             0            17
 SPA_PA             0             0            18
 SNA_NA             0             0             0            19
 PA                 0             0             0             0            20
 NA                 0             0             0             0            21
 ANHEDONI           0             0             0             0             0


           PSI
              NA            ANHEDONI
              ________      ________
 NA                22
 ANHEDONI           0             0


     STARTING VALUES FOR WITHIN


           NU
              PER_CAPI      PA            NA            PA&1          NA&1
              ________      ________      ________      ________      ________
                0.000         0.000         0.000         0.000         0.000


           LAMBDA
              PER_CAPI      PA            NA            PA&1          NA&1
              ________      ________      ________      ________      ________
 PER_CAPI       1.000         0.000         0.000         0.000         0.000
 PA             0.000         1.000         0.000         0.000         0.000
 NA             0.000         0.000         1.000         0.000         0.000
 PA&1           0.000         0.000         0.000         1.000         0.000
 NA&1           0.000         0.000         0.000         0.000         1.000


           THETA
              PER_CAPI      PA            NA            PA&1          NA&1
              ________      ________      ________      ________      ________
 PER_CAPI       0.000
 PA             0.000         0.000
 NA             0.000         0.000         0.000
 PA&1           0.000         0.000         0.000         0.000
 NA&1           0.000         0.000         0.000         0.000         0.000


           ALPHA
              PER_CAPI      PA            NA            PA&1          NA&1
              ________      ________      ________      ________      ________
                0.000         0.000         0.000         0.000         0.000


           BETA
              PER_CAPI      PA            NA            PA&1          NA&1
              ________      ________      ________      ________      ________
 PER_CAPI       0.000         0.000         0.000         0.000         0.000
 PA             0.000         0.000         0.000         0.000         0.000
 NA             0.000         0.000         0.000         0.000         0.000
 PA&1           0.000         0.000         0.000         0.000         0.000
 NA&1           0.000         0.000         0.000         0.000         0.000


           PSI
              PER_CAPI      PA            NA            PA&1          NA&1
              ________      ________      ________      ________      ________
 PER_CAPI     335.068
 PA             0.000       150.998
 NA             0.000         0.000        82.455
 PA&1           0.000         0.000         0.000       151.182
 NA&1           0.000         0.000         0.000         0.000        82.346


     STARTING VALUES FOR BETWEEN


           NU
              PA            NA            ANHEDONI
              ________      ________      ________
                0.000         0.000         0.000


           LAMBDA
              SPR_PA        SPR_NA        SPA_PA        SNA_NA        PA
              ________      ________      ________      ________      ________
 PA             0.000         0.000         0.000         0.000         1.000
 NA             0.000         0.000         0.000         0.000         0.000
 ANHEDONI       0.000         0.000         0.000         0.000         0.000


           LAMBDA
              NA            ANHEDONI
              ________      ________
 PA             0.000         0.000
 NA             1.000         0.000
 ANHEDONI       0.000         1.000


           THETA
              PA            NA            ANHEDONI
              ________      ________      ________
 PA             0.000
 NA             0.000         0.000
 ANHEDONI       0.000         0.000         0.000


           ALPHA
              SPR_PA        SPR_NA        SPA_PA        SNA_NA        PA
              ________      ________      ________      ________      ________
                0.000         0.000         0.000         0.000        44.345


           ALPHA
              NA            ANHEDONI
              ________      ________
               14.975         0.000


           BETA
              SPR_PA        SPR_NA        SPA_PA        SNA_NA        PA
              ________      ________      ________      ________      ________
 SPR_PA         0.000         0.000         0.000         0.000         0.000
 SPR_NA         0.000         0.000         0.000         0.000         0.000
 SPA_PA         0.000         0.000         0.000         0.000         0.000
 SNA_NA         0.000         0.000         0.000         0.000         0.000
 PA             0.000         0.000         0.000         0.000         0.000
 NA             0.000         0.000         0.000         0.000         0.000
 ANHEDONI       0.000         0.000         0.000         0.000         0.000


           BETA
              NA            ANHEDONI
              ________      ________
 SPR_PA         0.000         0.000
 SPR_NA         0.000         0.000
 SPA_PA         0.000         0.000
 SNA_NA         0.000         0.000
 PA             0.000         0.000
 NA             0.000         0.000
 ANHEDONI       0.000         0.000


           PSI
              SPR_PA        SPR_NA        SPA_PA        SNA_NA        PA
              ________      ________      ________      ________      ________
 SPR_PA         1.000
 SPR_NA         0.000         1.000
 SPA_PA         0.000         0.000         1.000
 SNA_NA         0.000         0.000         0.000         1.000
 PA             0.000         0.000         0.000         0.000       150.998
 NA             0.000         0.000         0.000         0.000         0.000
 ANHEDONI       0.000         0.000         0.000         0.000         0.000


           PSI
              NA            ANHEDONI
              ________      ________
 NA            82.455
 ANHEDONI       0.000        40.163



     PRIORS FOR ALL PARAMETERS            PRIOR MEAN      PRIOR VARIANCE     PRIOR STD. DEV.

     Parameter 1~N(0.000,infinity)           0.0000            infinity            infinity
     Parameter 2~IG(-1.000,0.000)          infinity            infinity            infinity
     Parameter 3~IW(0.000,-3)              infinity            infinity            infinity
     Parameter 4~IW(0.000,-3)              infinity            infinity            infinity
     Parameter 5~IW(0.000,-3)              infinity            infinity            infinity
     Parameter 6~N(0.000,infinity)           0.0000            infinity            infinity
     Parameter 7~N(0.000,infinity)           0.0000            infinity            infinity
     Parameter 8~N(0.000,infinity)           0.0000            infinity            infinity
     Parameter 9~N(0.000,infinity)           0.0000            infinity            infinity
     Parameter 10~N(0.000,infinity)          0.0000            infinity            infinity
     Parameter 11~N(0.000,infinity)          0.0000            infinity            infinity
     Parameter 12~N(0.000,infinity)          0.0000            infinity            infinity
     Parameter 13~N(0.000,infinity)          0.0000            infinity            infinity
     Parameter 14~N(0.000,infinity)          0.0000            infinity            infinity
     Parameter 15~N(0.000,infinity)          0.0000            infinity            infinity
     Parameter 16~IG(-1.000,0.000)         infinity            infinity            infinity
     Parameter 17~IG(-1.000,0.000)         infinity            infinity            infinity
     Parameter 18~IG(-1.000,0.000)         infinity            infinity            infinity
     Parameter 19~IG(-1.000,0.000)         infinity            infinity            infinity
     Parameter 20~IW(0.000,-3)             infinity            infinity            infinity
     Parameter 21~IW(0.000,-3)             infinity            infinity            infinity
     Parameter 22~IW(0.000,-3)             infinity            infinity            infinity


TECHNICAL 8 OUTPUT


   TECHNICAL 8 OUTPUT FOR BAYES ESTIMATION

     PROCESSOR    BSEED
     1            0
     2            285380
     3            253358
     4            93468
     5            608496
     6            903420
     7            195873
     8            462953
     9            939021
     10           127215
     11           415931
     12           533738
     13           107446
     14           399671
     15           650371
     16           27071

                     POTENTIAL       PARAMETER WITH
     ITERATION    SCALE REDUCTION      HIGHEST PSR
     100              1.412               9
     200              1.072               15
     300              1.032               22
     400              1.032               6
     500              1.003               18
     600              1.006               15
     700              1.008               2
     800              1.007               15
     900              1.009               15
     1000             1.011               8
     1100             1.018               3
     1200             1.019               4
     1300             1.015               3
     1400             1.020               3
     1500             1.023               3
     1600             1.020               3
     1700             1.011               3
     1800             1.007               3
     1900             1.010               3
     2000             1.005               7


PLOT INFORMATION

The following plots are available:

  Histograms (sample values)
  Scatterplots (sample values)
  Between-level histograms (sample values, sample means/variances)
  Between-level scatterplots (sample values, sample means/variances)
  Time series plots (sample values, ACF, PACF)
  Histogram of subjects per time point
  Time interval plots
  Bayesian posterior parameter distributions
  Bayesian posterior parameter trace plots
  Bayesian autocorrelation plots

     Beginning Time:  02:10:20
        Ending Time:  02:11:48
       Elapsed Time:  00:01:28



MUTHEN & MUTHEN
3463 Stoner Ave.
Los Angeles, CA  90066

Tel: (310) 391-9971
Fax: (310) 391-8971
Web: www.StatModel.com
Support: Support@StatModel.com

Copyright (c) 1998-2022 Muthen & Muthen
