Mplus VERSION 8.8
MUTHEN & MUTHEN
08/25/2023   6:57 PM

INPUT INSTRUCTIONS


  DATA:
  FILE IS data6.dat;

  VARIABLE:   NAMES =
  	    Eth_ID Time Time_between Time_inc
  	    PA_enth NA_irri NA_verv PA_tevr PA_ener
       	    PA_kalm NA_nerv PA_daadk NA_verdr
  	    PA_vrol NA_boos PA_dankb NA_somb PER_att
      	    PER_refl PER_self PER_expr PER_damp
  	    PER_codamp PER_capit Sample age_yr gesl BDI
      	    Measures_valid BDI_anh Anhedonia
   	    BDI_sum PA NA day compliance;

              USEVARIABLES are PER_damp PA NA;
              MISSING is .;
              within = PER_damp;
              between = ;
              cluster = Eth_ID;
              lagged= PA NA(1);
              tinterval=Time_inc (150);

  ANALYSIS:   type = twolevel random;
              estimator = Bayes;
              biterations=(2000);
              bconvergence=0.005;
              thin=2;
              PROCESSORS=16;
  MODEL:
  %WITHIN%
  sPR_PA | PA on PER_damp;
  sPR_NA | NA on PER_damp;
  sPA_PA | PA on PA&1;
  sNA_NA | NA on NA&1;
  [PER_damp];


  %between%



  OUTPUT: standardized tech1 tech8 cinterval patterns;
  PLOT: TYPE = PLOT3;



*** WARNING in MODEL command
  A y-variable has been declared on the within level but not referred to on
  the between level.  Please check that this is what is intended.  If this is not intended,
  specify the variable as a within variable.  Problem with:  PA
*** WARNING in MODEL command
  A y-variable has been declared on the within level but not referred to on
  the between level.  Please check that this is what is intended.  If this is not intended,
  specify the variable as a within variable.  Problem with:  NA
*** WARNING
  One or more individual-level variables have no variation within a
  cluster for the following clusters.

     Variable   Cluster IDs with no within-cluster variation

      PER_DAMP    82 71 148 165 127 177 180

*** WARNING
  Data set contains cases with missing on all variables.  Cases that appeared before the first
  case with observed data and that appeared after the last case with observed data were not
  included in the analysis.  Number of deleted cases:  679
   4 WARNING(S) FOUND IN THE INPUT INSTRUCTIONS




SUMMARY OF ANALYSIS

Number of groups                                                 1
Number of observations                                       20160

Number of dependent variables                                    2
Number of independent variables                                  3
Number of continuous latent variables                            4

Observed dependent variables

  Continuous
   PA          NA

Observed independent variables
   PER_DAMP    PA&1        NA&1

Continuous latent variables
   SPR_PA      SPR_NA      SPA_PA      SNA_NA

Variables with special functions

  Cluster variable      ETH_ID

  Within variables
   PER_DAMP    PA&1        NA&1


Estimator                                                    BAYES
Specifications for Bayesian Estimation
  Point estimate                                            MEDIAN
  Number of Markov chain Monte Carlo (MCMC) chains               2
  Random seed for the first chain                                0
  Starting value information                           UNPERTURBED
  Algorithm used for Markov chain Monte Carlo           GIBBS(PX1)
  Convergence criterion                                  0.500D-02
  Maximum number of iterations                               50000
  K-th iteration used for thinning                               2

Input data file(s)
  data6.dat
Input data format  FREE


SUMMARY OF DATA

     Number of clusters                        159

       Size (s)    Cluster ID with Size s

         56        28
         80        82
         84        87
         88        72
         97        34
        101        10
        105        52
        108        119
        111        36
        113        182
        115        89 131
        116        15 188 75 77
        117        11
        118        16 66 49 57 195
        119        197 71 48 149 50 92 38 186 163 106
        120        55 168 7 108 148 192 61 98 165
        122        174
        123        127
        124        161 117 103 51
        125        53 54 13 40 44 88 30 68 100 93 105 112 123 73
        126        107 172 173 102 65 109 111 80 76 120
        127        70 177 133 62 139 118 110 25 115 67 46 104 178 126 193
                   32 86 198 147
        128        43 153 59 156 96 180 18 5
        129        141 144 125 3 185 146 135 190 187 39 137 116 69
        130        138 166 97 14
        133        191
        134        2
        135        194 63 60 183 201 200
        136        26 56
        137        95 4 9 22 19 42
        138        132 29 94
        139        45 74 35 37 84 21 79 145 114
        142        27
        143        179
        144        170 24 171
        145        1 124 162 20
        146        151 6 167
        147        142 31
        148        159 176



SUMMARY OF MISSING DATA PATTERNS

     Number of missing data patterns            13


     MISSING DATA PATTERNS (x = not missing)

           1  2  3  4  5  6  7  8  9 10 11 12 13
 PER_DAMP  x  x              x     x     x     x
 PA        x  x        x  x     x  x     x  x
 NA        x  x        x  x        x  x  x
 PA&1      x     x        x  x     x        x
 NA&1      x     x        x  x           x  x


     MISSING DATA PATTERN FREQUENCIES

    Pattern   Frequency     Pattern   Frequency     Pattern   Frequency
          1        4881           6          57          11           1
          2        3214           7           3          12           1
          3        3121           8           4          13           1
          4        8808           9           5
          5          63          10           1


COVARIANCE COVERAGE OF DATA

Minimum covariance coverage value   0.100


     PROPORTION OF DATA PRESENT


           Covariance Coverage
              PER_DAMP      PA            NA
              ________      ________      ________
 PER_DAMP       0.402
 PA             0.402         0.408
 NA             0.402         0.408         0.408



UNIVARIATE SAMPLE STATISTICS


     UNIVARIATE HIGHER-ORDER MOMENT DESCRIPTIVE STATISTICS

         Variable/         Mean/     Skewness/   Minimum/ % with                Percentiles
        Sample Size      Variance    Kurtosis    Maximum  Min/Max      20%/60%    40%/80%    Median

     PER_DAMP             11.539       2.123       0.000   22.73%       0.000      5.000      7.000
            8105.000     221.235       4.572      91.000    0.01%       9.000     17.000
     PA                   47.250      -0.053       0.000    0.35%      32.167     43.333     47.833
            8226.000     318.049      -0.209     100.000    0.11%      52.000     62.333
     NA                   14.975       1.412       0.000    7.26%       5.000      9.167     11.500
            8222.000     164.910       1.997      80.667    0.01%      14.333     23.000


THE MODEL ESTIMATION TERMINATED NORMALLY

     USE THE FBITERATIONS OPTION TO INCREASE THE NUMBER OF ITERATIONS BY A FACTOR
     OF AT LEAST TWO TO CHECK CONVERGENCE AND THAT THE PSR VALUE DOES NOT INCREASE.



MODEL FIT INFORMATION

Number of Free Parameters                              17

Information Criteria

          Deviance (DIC)                       494702.346
          Estimated Number of Parameters (pD)   33547.334



MODEL RESULTS

                                Posterior  One-Tailed         95% C.I.
                    Estimate       S.D.      P-Value   Lower 2.5%  Upper 2.5%  Significance

Within Level

 NA       WITH
    PA               -51.381       1.274      0.000     -53.888     -48.980      *

 Means
    PER_DAMP          11.526       0.166      0.000      11.194      11.843      *

 Variances
    PER_DAMP         221.942       3.478      0.000     215.476     229.000      *

 Residual Variances
    PA               145.470       2.375      0.000     140.634     150.019      *
    NA                71.605       1.206      0.000      69.252      74.019      *

Between Level

 Means
    PA                49.293       1.037      0.000      47.318      51.295      *
    NA                11.139       0.599      0.000       9.990      12.319      *
    SPR_PA            -0.115       0.021      0.000      -0.154      -0.073      *
    SPR_NA             0.222       0.018      0.000       0.185       0.256      *
    SPA_PA             0.346       0.018      0.000       0.310       0.380      *
    SNA_NA             0.288       0.017      0.000       0.257       0.323      *

 Variances
    PA               154.586      19.524      0.000     122.563     197.955      *
    NA                49.030       6.452      0.000      38.475      63.175      *
    SPR_PA             0.023       0.006      0.000       0.013       0.036      *
    SPR_NA             0.025       0.005      0.000       0.017       0.036      *
    SPA_PA             0.028       0.005      0.000       0.020       0.041      *
    SNA_NA             0.027       0.005      0.000       0.019       0.038      *


STANDARDIZED MODEL RESULTS


STDYX Standardization

                                Posterior  One-Tailed         95% C.I.
                    Estimate       S.D.      P-Value   Lower 2.5%  Upper 2.5%  Significance

Within-Level Standardized Estimates Averaged Over Clusters

 SPR_PA | PA ON
    PER_DAMP          -0.123       0.018      0.000      -0.158      -0.088      *

 SPA_PA | PA ON
    PA&1               0.345       0.013      0.000       0.321       0.371      *

 SPR_NA | NA ON
    PER_DAMP           0.316       0.017      0.000       0.283       0.349      *

 SNA_NA | NA ON
    NA&1               0.288       0.012      0.000       0.266       0.311      *

 NA       WITH
    PA                -0.503       0.008      0.000      -0.519      -0.487      *

 Means
    PER_DAMP           0.774       0.012      0.000       0.748       0.798      *

 Variances
    PER_DAMP           1.000       0.000      0.000       1.000       1.000

 Residual Variances
    PA                 0.811       0.010      0.000       0.792       0.830      *
    NA                 0.750       0.012      0.000       0.727       0.772      *

Between Level

 Means
    PA                 3.960       0.261      0.000       3.467       4.491      *
    NA                 1.589       0.127      0.000       1.348       1.842      *
    SPR_PA            -0.760       0.176      0.000      -1.138      -0.457      *
    SPR_NA             1.406       0.169      0.000       1.105       1.756      *
    SPA_PA             2.059       0.236      0.000       1.637       2.566      *
    SNA_NA             1.769       0.198      0.000       1.404       2.174      *

 Variances
    PA                 1.000       0.000      0.000       1.000       1.000
    NA                 1.000       0.000      0.000       1.000       1.000
    SPR_PA             1.000       0.000      0.000       1.000       1.000
    SPR_NA             1.000       0.000      0.000       1.000       1.000
    SPA_PA             1.000       0.000      0.000       1.000       1.000
    SNA_NA             1.000       0.000      0.000       1.000       1.000


STDY Standardization

                                Posterior  One-Tailed         95% C.I.
                    Estimate       S.D.      P-Value   Lower 2.5%  Upper 2.5%  Significance

Within-Level Standardized Estimates Averaged Over Clusters

 SPR_PA | PA ON
    PER_DAMP          -0.123       0.018      0.000      -0.158      -0.088      *

 SPA_PA | PA ON
    PA&1               0.025       0.001      0.000       0.023       0.027      *

 SPR_NA | NA ON
    PER_DAMP           0.316       0.017      0.000       0.283       0.349      *

 SNA_NA | NA ON
    NA&1               0.028       0.001      0.000       0.026       0.031      *

 NA       WITH
    PA                -0.503       0.008      0.000      -0.519      -0.487      *

 Means
    PER_DAMP           0.774       0.012      0.000       0.748       0.798      *

 Variances
    PER_DAMP           1.000       0.000      0.000       1.000       1.000

 Residual Variances
    PA                 0.811       0.010      0.000       0.792       0.830      *
    NA                 0.750       0.012      0.000       0.727       0.772      *

Between Level

 Means
    PA                 3.960       0.261      0.000       3.467       4.491      *
    NA                 1.589       0.127      0.000       1.348       1.842      *
    SPR_PA            -0.760       0.176      0.000      -1.138      -0.457      *
    SPR_NA             1.406       0.169      0.000       1.105       1.756      *
    SPA_PA             2.059       0.236      0.000       1.637       2.566      *
    SNA_NA             1.769       0.198      0.000       1.404       2.174      *

 Variances
    PA                 1.000       0.000      0.000       1.000       1.000
    NA                 1.000       0.000      0.000       1.000       1.000
    SPR_PA             1.000       0.000      0.000       1.000       1.000
    SPR_NA             1.000       0.000      0.000       1.000       1.000
    SPA_PA             1.000       0.000      0.000       1.000       1.000
    SNA_NA             1.000       0.000      0.000       1.000       1.000


STD Standardization

                                Posterior  One-Tailed         95% C.I.
                    Estimate       S.D.      P-Value   Lower 2.5%  Upper 2.5%  Significance

Within-Level Standardized Estimates Averaged Over Clusters

 SPR_PA | PA ON
    PER_DAMP          -0.114       0.017      0.000      -0.148      -0.081      *

 SPA_PA | PA ON
    PA&1               0.345       0.013      0.000       0.321       0.371      *

 SPR_NA | NA ON
    PER_DAMP           0.222       0.013      0.000       0.197       0.246      *

 SNA_NA | NA ON
    NA&1               0.288       0.012      0.000       0.266       0.311      *

 NA       WITH
    PA               -51.381       1.274      0.000     -53.888     -48.980      *

 Means
    PER_DAMP          11.526       0.166      0.000      11.194      11.843      *

 Variances
    PER_DAMP         221.942       3.478      0.000     215.476     229.000      *

 Residual Variances
    PA               145.470       2.375      0.000     140.634     150.019      *
    NA                71.605       1.206      0.000      69.252      74.019      *

Between Level

 Means
    PA                49.293       1.037      0.000      47.318      51.295      *
    NA                11.139       0.599      0.000       9.990      12.319      *
    SPR_PA            -0.760       0.176      0.000      -1.138      -0.457      *
    SPR_NA             1.406       0.169      0.000       1.105       1.756      *
    SPA_PA             2.059       0.236      0.000       1.637       2.566      *
    SNA_NA             1.769       0.198      0.000       1.404       2.174      *

 Variances
    PA               154.586      19.524      0.000     122.563     197.955      *
    NA                49.030       6.452      0.000      38.475      63.175      *
    SPR_PA             1.000       0.000      0.000       1.000       1.000
    SPR_NA             1.000       0.000      0.000       1.000       1.000
    SPA_PA             1.000       0.000      0.000       1.000       1.000
    SNA_NA             1.000       0.000      0.000       1.000       1.000


R-SQUARE

Within-Level R-Square Averaged Across Clusters

                                Posterior  One-Tailed         95% C.I.
    Variable        Estimate       S.D.      P-Value   Lower 2.5%  Upper 2.5%

    PA                 0.189       0.010      0.000       0.170       0.208
    NA                 0.250       0.012      0.000       0.228       0.273


CREDIBILITY INTERVALS OF MODEL RESULTS

                  Lower .5%  Lower 2.5%    Lower 5%    Estimate    Upper 5%  Upper 2.5%   Upper .5%

Within Level

 NA       WITH
    PA             -54.511     -53.888     -53.583     -51.381     -49.358     -48.980     -48.036

 Means
    PER_DAMP        11.081      11.194      11.249      11.526      11.793      11.843      11.957

 Variances
    PER_DAMP       213.406     215.476     216.308     221.942     227.865     229.000     230.528

 Residual Variances
    PA             139.210     140.634     141.586     145.470     149.318     150.019     151.344
    NA              68.639      69.252      69.631      71.605      73.654      74.019      74.876

Between Level

 Means
    PA              46.728      47.318      47.575      49.293      51.000      51.295      52.081
    NA               9.660       9.990      10.164      11.139      12.125      12.319      12.789
    SPR_PA          -0.169      -0.154      -0.148      -0.115      -0.080      -0.073      -0.063
    SPR_NA           0.174       0.185       0.191       0.222       0.251       0.256       0.268
    SPA_PA           0.295       0.310       0.316       0.346       0.375       0.380       0.391
    SNA_NA           0.242       0.257       0.260       0.288       0.318       0.323       0.332

 Variances
    PA             113.066     122.563     126.368     154.586     191.162     197.955     215.116
    NA              36.046      38.475      39.676      49.030      60.962      63.175      69.552
    SPR_PA           0.010       0.013       0.015       0.023       0.034       0.036       0.041
    SPR_NA           0.015       0.017       0.018       0.025       0.034       0.036       0.040
    SPA_PA           0.017       0.020       0.021       0.028       0.038       0.041       0.046
    SNA_NA           0.017       0.019       0.020       0.027       0.036       0.038       0.043


CREDIBILITY INTERVALS OF STANDARDIZED MODEL RESULTS


STDYX Standardization

                  Lower .5%  Lower 2.5%    Lower 5%    Estimate    Upper 5%  Upper 2.5%   Upper .5%

Within Level

 NA       WITH
    PA               0.000      -0.519       0.000      -0.503       0.000      -0.487       0.000

 Means
    PER_DAMP         0.000       0.748       0.000       0.774       0.000       0.798       0.000

 Variances
    PER_DAMP         0.000       1.000       0.000       1.000       0.000       1.000       0.000

 Residual Variances
    PA               0.000       0.792       0.000       0.811       0.000       0.830       0.000
    NA               0.000       0.727       0.000       0.750       0.000       0.772       0.000

Between Level

 Means
    PA               3.307       3.467       3.541       3.960       4.408       4.491       4.673
    NA               1.266       1.348       1.386       1.589       1.804       1.842       1.939
    SPR_PA          -1.343      -1.138      -1.067      -0.760      -0.492      -0.457      -0.386
    SPR_NA           1.026       1.105       1.150       1.406       1.706       1.756       1.892
    SPA_PA           1.482       1.637       1.701       2.059       2.462       2.566       2.759
    SNA_NA           1.255       1.404       1.458       1.769       2.101       2.174       2.305

 Variances
    PA               1.000       1.000       1.000       1.000       1.000       1.000       1.000
    NA               1.000       1.000       1.000       1.000       1.000       1.000       1.000
    SPR_PA           1.000       1.000       1.000       1.000       1.000       1.000       1.000
    SPR_NA           1.000       1.000       1.000       1.000       1.000       1.000       1.000
    SPA_PA           1.000       1.000       1.000       1.000       1.000       1.000       1.000
    SNA_NA           1.000       1.000       1.000       1.000       1.000       1.000       1.000


STDY Standardization

                  Lower .5%  Lower 2.5%    Lower 5%    Estimate    Upper 5%  Upper 2.5%   Upper .5%

Within Level

 NA       WITH
    PA               0.000      -0.519       0.000      -0.503       0.000      -0.487       0.000

 Means
    PER_DAMP         0.000       0.748       0.000       0.774       0.000       0.798       0.000

 Variances
    PER_DAMP         0.000       1.000       0.000       1.000       0.000       1.000       0.000

 Residual Variances
    PA               0.000       0.792       0.000       0.811       0.000       0.830       0.000
    NA               0.000       0.727       0.000       0.750       0.000       0.772       0.000

Between Level

 Means
    PA               3.307       3.467       3.541       3.960       4.408       4.491       4.673
    NA               1.266       1.348       1.386       1.589       1.804       1.842       1.939
    SPR_PA          -1.343      -1.138      -1.067      -0.760      -0.492      -0.457      -0.386
    SPR_NA           1.026       1.105       1.150       1.406       1.706       1.756       1.892
    SPA_PA           1.482       1.637       1.701       2.059       2.462       2.566       2.759
    SNA_NA           1.255       1.404       1.458       1.769       2.101       2.174       2.305

 Variances
    PA               1.000       1.000       1.000       1.000       1.000       1.000       1.000
    NA               1.000       1.000       1.000       1.000       1.000       1.000       1.000
    SPR_PA           1.000       1.000       1.000       1.000       1.000       1.000       1.000
    SPR_NA           1.000       1.000       1.000       1.000       1.000       1.000       1.000
    SPA_PA           1.000       1.000       1.000       1.000       1.000       1.000       1.000
    SNA_NA           1.000       1.000       1.000       1.000       1.000       1.000       1.000


STD Standardization

                  Lower .5%  Lower 2.5%    Lower 5%    Estimate    Upper 5%  Upper 2.5%   Upper .5%

Within Level

 NA       WITH
    PA               0.000     -53.888       0.000     -51.381       0.000     -48.980       0.000

 Means
    PER_DAMP         0.000      11.194       0.000      11.526       0.000      11.843       0.000

 Variances
    PER_DAMP         0.000     215.476       0.000     221.942       0.000     229.000       0.000

 Residual Variances
    PA               0.000     140.634       0.000     145.470       0.000     150.019       0.000
    NA               0.000      69.252       0.000      71.605       0.000      74.019       0.000

Between Level

 Means
    PA              46.728      47.318      47.575      49.293      51.000      51.295      52.081
    NA               9.660       9.990      10.164      11.139      12.125      12.319      12.789
    SPR_PA          -1.343      -1.138      -1.067      -0.760      -0.492      -0.457      -0.386
    SPR_NA           1.026       1.105       1.150       1.406       1.706       1.756       1.892
    SPA_PA           1.482       1.637       1.701       2.059       2.462       2.566       2.759
    SNA_NA           1.255       1.404       1.458       1.769       2.101       2.174       2.305

 Variances
    PA             113.066     122.563     126.368     154.586     191.162     197.955     215.116
    NA              36.046      38.475      39.676      49.030      60.962      63.175      69.552
    SPR_PA           1.000       1.000       1.000       1.000       1.000       1.000       1.000
    SPR_NA           1.000       1.000       1.000       1.000       1.000       1.000       1.000
    SPA_PA           1.000       1.000       1.000       1.000       1.000       1.000       1.000
    SNA_NA           1.000       1.000       1.000       1.000       1.000       1.000       1.000


TECHNICAL 1 OUTPUT


     PARAMETER SPECIFICATION FOR WITHIN


           NU
              PER_DAMP      PA            NA            PA&1          NA&1
              ________      ________      ________      ________      ________
                    0             0             0             0             0


           LAMBDA
              PER_DAMP      PA            NA            PA&1          NA&1
              ________      ________      ________      ________      ________
 PER_DAMP           0             0             0             0             0
 PA                 0             0             0             0             0
 NA                 0             0             0             0             0
 PA&1               0             0             0             0             0
 NA&1               0             0             0             0             0


           THETA
              PER_DAMP      PA            NA            PA&1          NA&1
              ________      ________      ________      ________      ________
 PER_DAMP           0
 PA                 0             0
 NA                 0             0             0
 PA&1               0             0             0             0
 NA&1               0             0             0             0             0


           ALPHA
              PER_DAMP      PA            NA            PA&1          NA&1
              ________      ________      ________      ________      ________
                    1             0             0             0             0


           BETA
              PER_DAMP      PA            NA            PA&1          NA&1
              ________      ________      ________      ________      ________
 PER_DAMP           0             0             0             0             0
 PA                 0             0             0             0             0
 NA                 0             0             0             0             0
 PA&1               0             0             0             0             0
 NA&1               0             0             0             0             0


           PSI
              PER_DAMP      PA            NA            PA&1          NA&1
              ________      ________      ________      ________      ________
 PER_DAMP           2
 PA                 0             3
 NA                 0             4             5
 PA&1               0             0             0             0
 NA&1               0             0             0             0             0


     PARAMETER SPECIFICATION FOR BETWEEN


           NU
              PA            NA
              ________      ________
                    0             0


           LAMBDA
              SPR_PA        SPR_NA        SPA_PA        SNA_NA        PA
              ________      ________      ________      ________      ________
 PA                 0             0             0             0             0
 NA                 0             0             0             0             0


           LAMBDA
              NA
              ________
 PA                 0
 NA                 0


           THETA
              PA            NA
              ________      ________
 PA                 0
 NA                 0             0


           ALPHA
              SPR_PA        SPR_NA        SPA_PA        SNA_NA        PA
              ________      ________      ________      ________      ________
                    6             7             8             9            10


           ALPHA
              NA
              ________
                   11


           BETA
              SPR_PA        SPR_NA        SPA_PA        SNA_NA        PA
              ________      ________      ________      ________      ________
 SPR_PA             0             0             0             0             0
 SPR_NA             0             0             0             0             0
 SPA_PA             0             0             0             0             0
 SNA_NA             0             0             0             0             0
 PA                 0             0             0             0             0
 NA                 0             0             0             0             0


           BETA
              NA
              ________
 SPR_PA             0
 SPR_NA             0
 SPA_PA             0
 SNA_NA             0
 PA                 0
 NA                 0


           PSI
              SPR_PA        SPR_NA        SPA_PA        SNA_NA        PA
              ________      ________      ________      ________      ________
 SPR_PA            12
 SPR_NA             0            13
 SPA_PA             0             0            14
 SNA_NA             0             0             0            15
 PA                 0             0             0             0            16
 NA                 0             0             0             0             0


           PSI
              NA
              ________
 NA                17


     STARTING VALUES FOR WITHIN


           NU
              PER_DAMP      PA            NA            PA&1          NA&1
              ________      ________      ________      ________      ________
                0.000         0.000         0.000         0.000         0.000


           LAMBDA
              PER_DAMP      PA            NA            PA&1          NA&1
              ________      ________      ________      ________      ________
 PER_DAMP       1.000         0.000         0.000         0.000         0.000
 PA             0.000         1.000         0.000         0.000         0.000
 NA             0.000         0.000         1.000         0.000         0.000
 PA&1           0.000         0.000         0.000         1.000         0.000
 NA&1           0.000         0.000         0.000         0.000         1.000


           THETA
              PER_DAMP      PA            NA            PA&1          NA&1
              ________      ________      ________      ________      ________
 PER_DAMP       0.000
 PA             0.000         0.000
 NA             0.000         0.000         0.000
 PA&1           0.000         0.000         0.000         0.000
 NA&1           0.000         0.000         0.000         0.000         0.000


           ALPHA
              PER_DAMP      PA            NA            PA&1          NA&1
              ________      ________      ________      ________      ________
                0.000         0.000         0.000         0.000         0.000


           BETA
              PER_DAMP      PA            NA            PA&1          NA&1
              ________      ________      ________      ________      ________
 PER_DAMP       0.000         0.000         0.000         0.000         0.000
 PA             0.000         0.000         0.000         0.000         0.000
 NA             0.000         0.000         0.000         0.000         0.000
 PA&1           0.000         0.000         0.000         0.000         0.000
 NA&1           0.000         0.000         0.000         0.000         0.000


           PSI
              PER_DAMP      PA            NA            PA&1          NA&1
              ________      ________      ________      ________      ________
 PER_DAMP     110.617
 PA             0.000       159.025
 NA             0.000         0.000        82.455
 PA&1           0.000         0.000         0.000       159.207
 NA&1           0.000         0.000         0.000         0.000        82.346


     STARTING VALUES FOR BETWEEN


           NU
              PA            NA
              ________      ________
                0.000         0.000


           LAMBDA
              SPR_PA        SPR_NA        SPA_PA        SNA_NA        PA
              ________      ________      ________      ________      ________
 PA             0.000         0.000         0.000         0.000         1.000
 NA             0.000         0.000         0.000         0.000         0.000


           LAMBDA
              NA
              ________
 PA             0.000
 NA             1.000


           THETA
              PA            NA
              ________      ________
 PA             0.000
 NA             0.000         0.000


           ALPHA
              SPR_PA        SPR_NA        SPA_PA        SNA_NA        PA
              ________      ________      ________      ________      ________
                0.000         0.000         0.000         0.000        47.250


           ALPHA
              NA
              ________
               14.975


           BETA
              SPR_PA        SPR_NA        SPA_PA        SNA_NA        PA
              ________      ________      ________      ________      ________
 SPR_PA         0.000         0.000         0.000         0.000         0.000
 SPR_NA         0.000         0.000         0.000         0.000         0.000
 SPA_PA         0.000         0.000         0.000         0.000         0.000
 SNA_NA         0.000         0.000         0.000         0.000         0.000
 PA             0.000         0.000         0.000         0.000         0.000
 NA             0.000         0.000         0.000         0.000         0.000


           BETA
              NA
              ________
 SPR_PA         0.000
 SPR_NA         0.000
 SPA_PA         0.000
 SNA_NA         0.000
 PA             0.000
 NA             0.000


           PSI
              SPR_PA        SPR_NA        SPA_PA        SNA_NA        PA
              ________      ________      ________      ________      ________
 SPR_PA         1.000
 SPR_NA         0.000         1.000
 SPA_PA         0.000         0.000         1.000
 SNA_NA         0.000         0.000         0.000         1.000
 PA             0.000         0.000         0.000         0.000       159.025
 NA             0.000         0.000         0.000         0.000         0.000


           PSI
              NA
              ________
 NA            82.455



     PRIORS FOR ALL PARAMETERS            PRIOR MEAN      PRIOR VARIANCE     PRIOR STD. DEV.

     Parameter 1~N(0.000,infinity)           0.0000            infinity            infinity
     Parameter 2~IG(-1.000,0.000)          infinity            infinity            infinity
     Parameter 3~IW(0.000,-3)              infinity            infinity            infinity
     Parameter 4~IW(0.000,-3)              infinity            infinity            infinity
     Parameter 5~IW(0.000,-3)              infinity            infinity            infinity
     Parameter 6~N(0.000,infinity)           0.0000            infinity            infinity
     Parameter 7~N(0.000,infinity)           0.0000            infinity            infinity
     Parameter 8~N(0.000,infinity)           0.0000            infinity            infinity
     Parameter 9~N(0.000,infinity)           0.0000            infinity            infinity
     Parameter 10~N(0.000,infinity)          0.0000            infinity            infinity
     Parameter 11~N(0.000,infinity)          0.0000            infinity            infinity
     Parameter 12~IG(-1.000,0.000)         infinity            infinity            infinity
     Parameter 13~IG(-1.000,0.000)         infinity            infinity            infinity
     Parameter 14~IG(-1.000,0.000)         infinity            infinity            infinity
     Parameter 15~IG(-1.000,0.000)         infinity            infinity            infinity
     Parameter 16~IG(-1.000,0.000)         infinity            infinity            infinity
     Parameter 17~IG(-1.000,0.000)         infinity            infinity            infinity


TECHNICAL 8 OUTPUT


   TECHNICAL 8 OUTPUT FOR BAYES ESTIMATION

     PROCESSOR    BSEED
     1            0
     2            285380
     3            253358
     4            93468
     5            608496
     6            903420
     7            195873
     8            462953
     9            939021
     10           127215
     11           415931
     12           533738
     13           107446
     14           399671
     15           650371
     16           27071

                     POTENTIAL       PARAMETER WITH
     ITERATION    SCALE REDUCTION      HIGHEST PSR
     100              1.484               6
     200              1.235               6
     300              1.038               9
     400              1.086               5
     500              1.065               5
     600              1.020               17
     700              1.009               8
     800              1.014               13
     900              1.016               13
     1000             1.012               13
     1100             1.015               13
     1200             1.014               13
     1300             1.021               13
     1400             1.014               13
     1500             1.008               13
     1600             1.005               8
     1700             1.006               8
     1800             1.007               8
     1900             1.005               12
     2000             1.005               8


PLOT INFORMATION

The following plots are available:

  Histograms (sample values)
  Scatterplots (sample values)
  Between-level histograms (sample values, sample means/variances)
  Between-level scatterplots (sample values, sample means/variances)
  Time series plots (sample values, ACF, PACF)
  Histogram of subjects per time point
  Time interval plots
  Bayesian posterior parameter distributions
  Bayesian posterior parameter trace plots
  Bayesian autocorrelation plots

     Beginning Time:  18:57:22
        Ending Time:  18:58:41
       Elapsed Time:  00:01:19



MUTHEN & MUTHEN
3463 Stoner Ave.
Los Angeles, CA  90066

Tel: (310) 391-9971
Fax: (310) 391-8971
Web: www.StatModel.com
Support: Support@StatModel.com

Copyright (c) 1998-2022 Muthen & Muthen
