Mplus VERSION 8.8
MUTHEN & MUTHEN
08/25/2023   6:32 PM

INPUT INSTRUCTIONS


  DATA:
  FILE IS data4.dat;

  VARIABLE:   NAMES =
  	    Eth_ID Time Time_between Time_inc
  	    PA_enth NA_irri NA_verv PA_tevr PA_ener
       	    PA_kalm NA_nerv PA_daadk NA_verdr
  	    PA_vrol NA_boos PA_dankb NA_somb PER_att
      	    PER_refl PER_self PER_expr PER_damp
  	    PER_codamp PER_capit Sample age_yr gesl BDI
      	    Measures_valid BDI_anh Anhedonia
   	    BDI_sum PA NA day compliance;

              USEVARIABLES are PER_codamp PA NA;
              MISSING is .;
              within = PER_codamp;
              between = ;
              cluster = Eth_ID;
              lagged= PA NA(1);
              tinterval=Time_inc (150);

  ANALYSIS:   type = twolevel random;
              estimator = Bayes;
              biterations=(2000);
              bconvergence=0.005;
              thin=2;
              PROCESSORS=16;
  MODEL:
  %WITHIN%
  sPR_PA | PA on PER_codamp;
  sPR_NA | NA on PER_codamp;
  sPA_PA | PA on PA&1;
  sNA_NA | NA on NA&1;
  [PER_codamp];


  %between%



  OUTPUT: standardized tech1 tech8 cinterval patterns;
  PLOT: TYPE = PLOT3;



*** WARNING in VARIABLE command
  Note that only the first 8 characters of variable names are used in the output.
  Shorten variable names to avoid any confusion.
*** WARNING in MODEL command
  A y-variable has been declared on the within level but not referred to on
  the between level.  Please check that this is what is intended.  If this is not intended,
  specify the variable as a within variable.  Problem with:  PA
*** WARNING in MODEL command
  A y-variable has been declared on the within level but not referred to on
  the between level.  Please check that this is what is intended.  If this is not intended,
  specify the variable as a within variable.  Problem with:  NA
*** WARNING in PLOT command
  Note that only the first 8 characters of variable names are used in plots.
  If variable names are not unique within the first 8 characters, problems
  may occur.
*** WARNING
  One or more individual-level variables have no variation within a
  cluster for the following clusters.

     Variable   Cluster IDs with no within-cluster variation

      PER_CODA    82 89 71 148 165 127 73 177

*** WARNING
  Data set contains cases with missing on all variables.  Cases that appeared before the first
  case with observed data and that appeared after the last case with observed data were not
  included in the analysis.  Number of deleted cases:  679
   6 WARNING(S) FOUND IN THE INPUT INSTRUCTIONS




SUMMARY OF ANALYSIS

Number of groups                                                 1
Number of observations                                       20160

Number of dependent variables                                    2
Number of independent variables                                  3
Number of continuous latent variables                            4

Observed dependent variables

  Continuous
   PA          NA

Observed independent variables
   PER_CODA    PA&1        NA&1

Continuous latent variables
   SPR_PA      SPR_NA      SPA_PA      SNA_NA

Variables with special functions

  Cluster variable      ETH_ID

  Within variables
   PER_CODA    PA&1        NA&1


Estimator                                                    BAYES
Specifications for Bayesian Estimation
  Point estimate                                            MEDIAN
  Number of Markov chain Monte Carlo (MCMC) chains               2
  Random seed for the first chain                                0
  Starting value information                           UNPERTURBED
  Algorithm used for Markov chain Monte Carlo           GIBBS(PX1)
  Convergence criterion                                  0.500D-02
  Maximum number of iterations                               50000
  K-th iteration used for thinning                               2

Input data file(s)
  data4.dat
Input data format  FREE


SUMMARY OF DATA

     Number of clusters                        159

       Size (s)    Cluster ID with Size s

         56        28
         80        82
         84        87
         88        72
         97        34
        101        10
        105        52
        108        119
        111        36
        113        182
        115        89 131
        116        15 188 75 77
        117        11
        118        16 66 49 57 195
        119        197 71 48 149 50 92 38 186 163 106
        120        55 168 7 108 148 192 61 98 165
        122        174
        123        127
        124        161 117 103 51
        125        53 54 13 40 44 88 30 68 100 93 105 112 123 73
        126        107 172 173 102 65 109 111 80 76 120
        127        70 177 133 62 139 118 110 25 115 67 46 104 178 126 193
                   32 86 198 147
        128        43 153 59 156 96 180 18 5
        129        141 144 125 3 185 146 135 190 187 39 137 116 69
        130        138 166 97 14
        133        191
        134        2
        135        194 63 60 183 201 200
        136        26 56
        137        95 4 9 22 19 42
        138        132 29 94
        139        45 74 35 37 84 21 79 145 114
        142        27
        143        179
        144        170 24 171
        145        1 124 162 20
        146        151 6 167
        147        142 31
        148        159 176



SUMMARY OF MISSING DATA PATTERNS

     Number of missing data patterns            13


     MISSING DATA PATTERNS (x = not missing)

           1  2  3  4  5  6  7  8  9 10 11 12 13
 PER_CODA  x  x              x     x     x     x
 PA        x  x        x  x     x  x     x  x
 NA        x  x        x  x        x  x  x
 PA&1      x     x        x  x     x        x
 NA&1      x     x        x  x           x  x


     MISSING DATA PATTERN FREQUENCIES

    Pattern   Frequency     Pattern   Frequency     Pattern   Frequency
          1        4871           6          67          11           1
          2        3199           7           3          12           1
          3        3121           8           4          13           1
          4        8808           9           5
          5          78          10           1


COVARIANCE COVERAGE OF DATA

Minimum covariance coverage value   0.100


     PROPORTION OF DATA PRESENT


           Covariance Coverage
              PER_CODA      PA            NA
              ________      ________      ________
 PER_CODA       0.401
 PA             0.401         0.408
 NA             0.401         0.408         0.408



UNIVARIATE SAMPLE STATISTICS


     UNIVARIATE HIGHER-ORDER MOMENT DESCRIPTIVE STATISTICS

         Variable/         Mean/     Skewness/   Minimum/ % with                Percentiles
        Sample Size      Variance    Kurtosis    Maximum  Min/Max      20%/60%    40%/80%    Median

     PER_CODAMP            9.792       2.490       0.000   25.02%       0.000      4.000      6.000
            8080.000     179.259       6.918     100.000    0.01%       7.000     14.000
     PA                   46.383      -0.035       0.000    0.30%      31.500     42.333     47.000
            8226.000     303.472      -0.189     100.000    0.10%      51.000     61.000
     NA                   14.975       1.412       0.000    7.26%       5.000      9.167     11.500
            8222.000     164.910       1.997      80.667    0.01%      14.333     23.000


THE MODEL ESTIMATION TERMINATED NORMALLY

     USE THE FBITERATIONS OPTION TO INCREASE THE NUMBER OF ITERATIONS BY A FACTOR
     OF AT LEAST TWO TO CHECK CONVERGENCE AND THAT THE PSR VALUE DOES NOT INCREASE.



MODEL FIT INFORMATION

Number of Free Parameters                              17

Information Criteria

          Deviance (DIC)                       491213.478
          Estimated Number of Parameters (pD)   34426.062



MODEL RESULTS

                                Posterior  One-Tailed         95% C.I.
                    Estimate       S.D.      P-Value   Lower 2.5%  Upper 2.5%  Significance

Within Level

 NA       WITH
    PA               -52.955       1.312      0.000     -55.633     -50.423      *

 Means
    PER_CODAMP         9.782       0.152      0.000       9.486      10.081      *

 Variances
    PER_CODAMP       179.748       2.843      0.000     174.480     185.554      *

 Residual Variances
    PA               140.845       2.249      0.000     136.464     145.290      *
    NA                74.700       1.259      0.000      72.338      77.123      *

Between Level

 Means
    PA                46.717       0.989      0.000      44.805      48.632      *
    NA                12.175       0.638      0.000      10.938      13.480      *
    SPR_PA            -0.025       0.018      0.074      -0.063       0.010
    SPR_NA             0.194       0.022      0.000       0.154       0.239      *
    SPA_PA             0.355       0.018      0.000       0.317       0.389      *
    SNA_NA             0.306       0.017      0.000       0.272       0.339      *

 Variances
    PA               139.570      17.373      0.000     111.070     179.431      *
    NA                54.431       7.232      0.000      42.301      70.668      *
    SPR_PA             0.008       0.004      0.000       0.002       0.019      *
    SPR_NA             0.029       0.008      0.000       0.017       0.046      *
    SPA_PA             0.027       0.005      0.000       0.019       0.040      *
    SNA_NA             0.024       0.005      0.000       0.017       0.035      *


STANDARDIZED MODEL RESULTS


STDYX Standardization

                                Posterior  One-Tailed         95% C.I.
                    Estimate       S.D.      P-Value   Lower 2.5%  Upper 2.5%  Significance

Within-Level Standardized Estimates Averaged Over Clusters

 SPR_PA | PA ON
    PER_CODAMP        -0.025       0.018      0.074      -0.061       0.008

 SPA_PA | PA ON
    PA&1               0.354       0.013      0.000       0.328       0.378      *

 SPR_NA | NA ON
    PER_CODAMP         0.249       0.021      0.000       0.205       0.287      *

 SNA_NA | NA ON
    NA&1               0.306       0.011      0.000       0.283       0.328      *

 NA       WITH
    PA                -0.516       0.009      0.000      -0.532      -0.499      *

 Means
    PER_CODAMP         0.730       0.013      0.000       0.705       0.755      *

 Variances
    PER_CODAMP         1.000       0.000      0.000       1.000       1.000

 Residual Variances
    PA                 0.839       0.009      0.000       0.821       0.855      *
    NA                 0.779       0.013      0.000       0.753       0.804      *

Between Level

 Means
    PA                 3.956       0.256      0.000       3.448       4.455      *
    NA                 1.658       0.134      0.000       1.384       1.923      *
    SPR_PA            -0.292       0.242      0.074      -0.863       0.123
    SPR_NA             1.144       0.171      0.000       0.830       1.505      *
    SPA_PA             2.136       0.254      0.000       1.684       2.678      *
    SNA_NA             1.955       0.230      0.000       1.552       2.462      *

 Variances
    PA                 1.000       0.000      0.000       1.000       1.000
    NA                 1.000       0.000      0.000       1.000       1.000
    SPR_PA             1.000       0.000      0.000       1.000       1.000
    SPR_NA             1.000       0.000      0.000       1.000       1.000
    SPA_PA             1.000       0.000      0.000       1.000       1.000
    SNA_NA             1.000       0.000      0.000       1.000       1.000


STDY Standardization

                                Posterior  One-Tailed         95% C.I.
                    Estimate       S.D.      P-Value   Lower 2.5%  Upper 2.5%  Significance

Within-Level Standardized Estimates Averaged Over Clusters

 SPR_PA | PA ON
    PER_CODAMP        -0.025       0.018      0.074      -0.061       0.008

 SPA_PA | PA ON
    PA&1               0.026       0.001      0.000       0.024       0.028      *

 SPR_NA | NA ON
    PER_CODAMP         0.249       0.021      0.000       0.205       0.287      *

 SNA_NA | NA ON
    NA&1               0.030       0.001      0.000       0.028       0.033      *

 NA       WITH
    PA                -0.516       0.009      0.000      -0.532      -0.499      *

 Means
    PER_CODAMP         0.730       0.013      0.000       0.705       0.755      *

 Variances
    PER_CODAMP         1.000       0.000      0.000       1.000       1.000

 Residual Variances
    PA                 0.839       0.009      0.000       0.821       0.855      *
    NA                 0.779       0.013      0.000       0.753       0.804      *

Between Level

 Means
    PA                 3.956       0.256      0.000       3.448       4.455      *
    NA                 1.658       0.134      0.000       1.384       1.923      *
    SPR_PA            -0.292       0.242      0.074      -0.863       0.123
    SPR_NA             1.144       0.171      0.000       0.830       1.505      *
    SPA_PA             2.136       0.254      0.000       1.684       2.678      *
    SNA_NA             1.955       0.230      0.000       1.552       2.462      *

 Variances
    PA                 1.000       0.000      0.000       1.000       1.000
    NA                 1.000       0.000      0.000       1.000       1.000
    SPR_PA             1.000       0.000      0.000       1.000       1.000
    SPR_NA             1.000       0.000      0.000       1.000       1.000
    SPA_PA             1.000       0.000      0.000       1.000       1.000
    SNA_NA             1.000       0.000      0.000       1.000       1.000


STD Standardization

                                Posterior  One-Tailed         95% C.I.
                    Estimate       S.D.      P-Value   Lower 2.5%  Upper 2.5%  Significance

Within-Level Standardized Estimates Averaged Over Clusters

 SPR_PA | PA ON
    PER_CODAMP        -0.025       0.017      0.074      -0.060       0.008

 SPA_PA | PA ON
    PA&1               0.354       0.013      0.000       0.328       0.378      *

 SPR_NA | NA ON
    PER_CODAMP         0.193       0.017      0.000       0.159       0.226      *

 SNA_NA | NA ON
    NA&1               0.306       0.011      0.000       0.283       0.328      *

 NA       WITH
    PA               -52.981       1.306      0.000     -55.621     -50.426      *

 Means
    PER_CODAMP         9.783       0.151      0.000       9.489      10.081      *

 Variances
    PER_CODAMP       179.734       2.847      0.000     174.334     185.373      *

 Residual Variances
    PA               140.941       2.218      0.000     136.644     145.326      *
    NA                74.709       1.239      0.000      72.338      77.110      *

Between Level

 Means
    PA                46.717       0.989      0.000      44.805      48.632      *
    NA                12.175       0.638      0.000      10.938      13.480      *
    SPR_PA            -0.292       0.242      0.074      -0.863       0.123
    SPR_NA             1.144       0.171      0.000       0.830       1.505      *
    SPA_PA             2.136       0.254      0.000       1.684       2.678      *
    SNA_NA             1.955       0.230      0.000       1.552       2.462      *

 Variances
    PA               139.570      17.373      0.000     111.070     179.431      *
    NA                54.431       7.232      0.000      42.301      70.668      *
    SPR_PA             1.000       0.000      0.000       1.000       1.000
    SPR_NA             1.000       0.000      0.000       1.000       1.000
    SPA_PA             1.000       0.000      0.000       1.000       1.000
    SNA_NA             1.000       0.000      0.000       1.000       1.000


R-SQUARE

Within-Level R-Square Averaged Across Clusters

                                Posterior  One-Tailed         95% C.I.
    Variable        Estimate       S.D.      P-Value   Lower 2.5%  Upper 2.5%

    PA                 0.161       0.009      0.000       0.145       0.179
    NA                 0.221       0.013      0.000       0.196       0.247


CREDIBILITY INTERVALS OF MODEL RESULTS

                  Lower .5%  Lower 2.5%    Lower 5%    Estimate    Upper 5%  Upper 2.5%   Upper .5%

Within Level

 NA       WITH
    PA             -56.388     -55.633     -55.013     -52.955     -50.763     -50.423     -49.769

 Means
    PER_CODAMP       9.398       9.486       9.525       9.782      10.030      10.081      10.168

 Variances
    PER_CODAMP     173.118     174.480     175.186     179.748     184.689     185.554     187.483

 Residual Variances
    PA             135.522     136.464     137.092     140.845     144.652     145.290     146.552
    NA              71.559      72.338      72.665      74.700      76.774      77.123      78.030

Between Level

 Means
    PA              44.080      44.805      45.091      46.717      48.306      48.632      49.285
    NA              10.486      10.938      11.151      12.175      13.292      13.480      13.814
    SPR_PA          -0.072      -0.063      -0.057      -0.025       0.004       0.010       0.019
    SPR_NA           0.140       0.154       0.159       0.194       0.231       0.239       0.254
    SPA_PA           0.306       0.317       0.322       0.355       0.384       0.389       0.397
    SNA_NA           0.262       0.272       0.277       0.306       0.333       0.339       0.347

 Variances
    PA             104.282     111.070     115.776     139.570     171.358     179.431     199.017
    NA              38.953      42.301      44.255      54.431      67.892      70.668      77.458
    SPR_PA           0.001       0.002       0.002       0.008       0.017       0.019       0.023
    SPR_NA           0.015       0.017       0.019       0.029       0.043       0.046       0.055
    SPA_PA           0.017       0.019       0.020       0.027       0.037       0.040       0.043
    SNA_NA           0.014       0.017       0.018       0.024       0.033       0.035       0.039


CREDIBILITY INTERVALS OF STANDARDIZED MODEL RESULTS


STDYX Standardization

                  Lower .5%  Lower 2.5%    Lower 5%    Estimate    Upper 5%  Upper 2.5%   Upper .5%

Within Level

 NA       WITH
    PA               0.000      -0.532       0.000      -0.516       0.000      -0.499       0.000

 Means
    PER_CODAMP       0.000       0.705       0.000       0.730       0.000       0.755       0.000

 Variances
    PER_CODAMP       0.000       1.000       0.000       1.000       0.000       1.000       0.000

 Residual Variances
    PA               0.000       0.821       0.000       0.839       0.000       0.855       0.000
    NA               0.000       0.753       0.000       0.779       0.000       0.804       0.000

Between Level

 Means
    PA               3.283       3.448       3.534       3.956       4.374       4.455       4.587
    NA               1.296       1.384       1.431       1.658       1.880       1.923       2.006
    SPR_PA          -1.085      -0.863      -0.745      -0.292       0.046       0.123       0.290
    SPR_NA           0.744       0.830       0.880       1.144       1.447       1.505       1.613
    SPA_PA           1.558       1.684       1.752       2.136       2.598       2.678       2.874
    SNA_NA           1.435       1.552       1.605       1.955       2.360       2.462       2.655

 Variances
    PA               1.000       1.000       1.000       1.000       1.000       1.000       1.000
    NA               1.000       1.000       1.000       1.000       1.000       1.000       1.000
    SPR_PA           1.000       1.000       1.000       1.000       1.000       1.000       1.000
    SPR_NA           1.000       1.000       1.000       1.000       1.000       1.000       1.000
    SPA_PA           1.000       1.000       1.000       1.000       1.000       1.000       1.000
    SNA_NA           1.000       1.000       1.000       1.000       1.000       1.000       1.000


STDY Standardization

                  Lower .5%  Lower 2.5%    Lower 5%    Estimate    Upper 5%  Upper 2.5%   Upper .5%

Within Level

 NA       WITH
    PA               0.000      -0.532       0.000      -0.516       0.000      -0.499       0.000

 Means
    PER_CODAMP       0.000       0.705       0.000       0.730       0.000       0.755       0.000

 Variances
    PER_CODAMP       0.000       1.000       0.000       1.000       0.000       1.000       0.000

 Residual Variances
    PA               0.000       0.821       0.000       0.839       0.000       0.855       0.000
    NA               0.000       0.753       0.000       0.779       0.000       0.804       0.000

Between Level

 Means
    PA               3.283       3.448       3.534       3.956       4.374       4.455       4.587
    NA               1.296       1.384       1.431       1.658       1.880       1.923       2.006
    SPR_PA          -1.085      -0.863      -0.745      -0.292       0.046       0.123       0.290
    SPR_NA           0.744       0.830       0.880       1.144       1.447       1.505       1.613
    SPA_PA           1.558       1.684       1.752       2.136       2.598       2.678       2.874
    SNA_NA           1.435       1.552       1.605       1.955       2.360       2.462       2.655

 Variances
    PA               1.000       1.000       1.000       1.000       1.000       1.000       1.000
    NA               1.000       1.000       1.000       1.000       1.000       1.000       1.000
    SPR_PA           1.000       1.000       1.000       1.000       1.000       1.000       1.000
    SPR_NA           1.000       1.000       1.000       1.000       1.000       1.000       1.000
    SPA_PA           1.000       1.000       1.000       1.000       1.000       1.000       1.000
    SNA_NA           1.000       1.000       1.000       1.000       1.000       1.000       1.000


STD Standardization

                  Lower .5%  Lower 2.5%    Lower 5%    Estimate    Upper 5%  Upper 2.5%   Upper .5%

Within Level

 NA       WITH
    PA               0.000     -55.621       0.000     -52.981       0.000     -50.426       0.000

 Means
    PER_CODAMP       0.000       9.489       0.000       9.783       0.000      10.081       0.000

 Variances
    PER_CODAMP       0.000     174.334       0.000     179.734       0.000     185.373       0.000

 Residual Variances
    PA               0.000     136.644       0.000     140.941       0.000     145.326       0.000
    NA               0.000      72.338       0.000      74.709       0.000      77.110       0.000

Between Level

 Means
    PA              44.080      44.805      45.091      46.717      48.306      48.632      49.285
    NA              10.486      10.938      11.151      12.175      13.292      13.480      13.814
    SPR_PA          -1.085      -0.863      -0.745      -0.292       0.046       0.123       0.290
    SPR_NA           0.744       0.830       0.880       1.144       1.447       1.505       1.613
    SPA_PA           1.558       1.684       1.752       2.136       2.598       2.678       2.874
    SNA_NA           1.435       1.552       1.605       1.955       2.360       2.462       2.655

 Variances
    PA             104.282     111.070     115.776     139.570     171.358     179.431     199.017
    NA              38.953      42.301      44.255      54.431      67.892      70.668      77.458
    SPR_PA           1.000       1.000       1.000       1.000       1.000       1.000       1.000
    SPR_NA           1.000       1.000       1.000       1.000       1.000       1.000       1.000
    SPA_PA           1.000       1.000       1.000       1.000       1.000       1.000       1.000
    SNA_NA           1.000       1.000       1.000       1.000       1.000       1.000       1.000


TECHNICAL 1 OUTPUT


     PARAMETER SPECIFICATION FOR WITHIN


           NU
              PER_CODA      PA            NA            PA&1          NA&1
              ________      ________      ________      ________      ________
                    0             0             0             0             0


           LAMBDA
              PER_CODA      PA            NA            PA&1          NA&1
              ________      ________      ________      ________      ________
 PER_CODA           0             0             0             0             0
 PA                 0             0             0             0             0
 NA                 0             0             0             0             0
 PA&1               0             0             0             0             0
 NA&1               0             0             0             0             0


           THETA
              PER_CODA      PA            NA            PA&1          NA&1
              ________      ________      ________      ________      ________
 PER_CODA           0
 PA                 0             0
 NA                 0             0             0
 PA&1               0             0             0             0
 NA&1               0             0             0             0             0


           ALPHA
              PER_CODA      PA            NA            PA&1          NA&1
              ________      ________      ________      ________      ________
                    1             0             0             0             0


           BETA
              PER_CODA      PA            NA            PA&1          NA&1
              ________      ________      ________      ________      ________
 PER_CODA           0             0             0             0             0
 PA                 0             0             0             0             0
 NA                 0             0             0             0             0
 PA&1               0             0             0             0             0
 NA&1               0             0             0             0             0


           PSI
              PER_CODA      PA            NA            PA&1          NA&1
              ________      ________      ________      ________      ________
 PER_CODA           2
 PA                 0             3
 NA                 0             4             5
 PA&1               0             0             0             0
 NA&1               0             0             0             0             0


     PARAMETER SPECIFICATION FOR BETWEEN


           NU
              PA            NA
              ________      ________
                    0             0


           LAMBDA
              SPR_PA        SPR_NA        SPA_PA        SNA_NA        PA
              ________      ________      ________      ________      ________
 PA                 0             0             0             0             0
 NA                 0             0             0             0             0


           LAMBDA
              NA
              ________
 PA                 0
 NA                 0


           THETA
              PA            NA
              ________      ________
 PA                 0
 NA                 0             0


           ALPHA
              SPR_PA        SPR_NA        SPA_PA        SNA_NA        PA
              ________      ________      ________      ________      ________
                    6             7             8             9            10


           ALPHA
              NA
              ________
                   11


           BETA
              SPR_PA        SPR_NA        SPA_PA        SNA_NA        PA
              ________      ________      ________      ________      ________
 SPR_PA             0             0             0             0             0
 SPR_NA             0             0             0             0             0
 SPA_PA             0             0             0             0             0
 SNA_NA             0             0             0             0             0
 PA                 0             0             0             0             0
 NA                 0             0             0             0             0


           BETA
              NA
              ________
 SPR_PA             0
 SPR_NA             0
 SPA_PA             0
 SNA_NA             0
 PA                 0
 NA                 0


           PSI
              SPR_PA        SPR_NA        SPA_PA        SNA_NA        PA
              ________      ________      ________      ________      ________
 SPR_PA            12
 SPR_NA             0            13
 SPA_PA             0             0            14
 SNA_NA             0             0             0            15
 PA                 0             0             0             0            16
 NA                 0             0             0             0             0


           PSI
              NA
              ________
 NA                17


     STARTING VALUES FOR WITHIN


           NU
              PER_CODA      PA            NA            PA&1          NA&1
              ________      ________      ________      ________      ________
                0.000         0.000         0.000         0.000         0.000


           LAMBDA
              PER_CODA      PA            NA            PA&1          NA&1
              ________      ________      ________      ________      ________
 PER_CODA       1.000         0.000         0.000         0.000         0.000
 PA             0.000         1.000         0.000         0.000         0.000
 NA             0.000         0.000         1.000         0.000         0.000
 PA&1           0.000         0.000         0.000         1.000         0.000
 NA&1           0.000         0.000         0.000         0.000         1.000


           THETA
              PER_CODA      PA            NA            PA&1          NA&1
              ________      ________      ________      ________      ________
 PER_CODA       0.000
 PA             0.000         0.000
 NA             0.000         0.000         0.000
 PA&1           0.000         0.000         0.000         0.000
 NA&1           0.000         0.000         0.000         0.000         0.000


           ALPHA
              PER_CODA      PA            NA            PA&1          NA&1
              ________      ________      ________      ________      ________
                0.000         0.000         0.000         0.000         0.000


           BETA
              PER_CODA      PA            NA            PA&1          NA&1
              ________      ________      ________      ________      ________
 PER_CODA       0.000         0.000         0.000         0.000         0.000
 PA             0.000         0.000         0.000         0.000         0.000
 NA             0.000         0.000         0.000         0.000         0.000
 PA&1           0.000         0.000         0.000         0.000         0.000
 NA&1           0.000         0.000         0.000         0.000         0.000


           PSI
              PER_CODA      PA            NA            PA&1          NA&1
              ________      ________      ________      ________      ________
 PER_CODA      89.629
 PA             0.000       151.736
 NA             0.000         0.000        82.455
 PA&1           0.000         0.000         0.000       151.854
 NA&1           0.000         0.000         0.000         0.000        82.346


     STARTING VALUES FOR BETWEEN


           NU
              PA            NA
              ________      ________
                0.000         0.000


           LAMBDA
              SPR_PA        SPR_NA        SPA_PA        SNA_NA        PA
              ________      ________      ________      ________      ________
 PA             0.000         0.000         0.000         0.000         1.000
 NA             0.000         0.000         0.000         0.000         0.000


           LAMBDA
              NA
              ________
 PA             0.000
 NA             1.000


           THETA
              PA            NA
              ________      ________
 PA             0.000
 NA             0.000         0.000


           ALPHA
              SPR_PA        SPR_NA        SPA_PA        SNA_NA        PA
              ________      ________      ________      ________      ________
                0.000         0.000         0.000         0.000        46.383


           ALPHA
              NA
              ________
               14.975


           BETA
              SPR_PA        SPR_NA        SPA_PA        SNA_NA        PA
              ________      ________      ________      ________      ________
 SPR_PA         0.000         0.000         0.000         0.000         0.000
 SPR_NA         0.000         0.000         0.000         0.000         0.000
 SPA_PA         0.000         0.000         0.000         0.000         0.000
 SNA_NA         0.000         0.000         0.000         0.000         0.000
 PA             0.000         0.000         0.000         0.000         0.000
 NA             0.000         0.000         0.000         0.000         0.000


           BETA
              NA
              ________
 SPR_PA         0.000
 SPR_NA         0.000
 SPA_PA         0.000
 SNA_NA         0.000
 PA             0.000
 NA             0.000


           PSI
              SPR_PA        SPR_NA        SPA_PA        SNA_NA        PA
              ________      ________      ________      ________      ________
 SPR_PA         1.000
 SPR_NA         0.000         1.000
 SPA_PA         0.000         0.000         1.000
 SNA_NA         0.000         0.000         0.000         1.000
 PA             0.000         0.000         0.000         0.000       151.736
 NA             0.000         0.000         0.000         0.000         0.000


           PSI
              NA
              ________
 NA            82.455



     PRIORS FOR ALL PARAMETERS            PRIOR MEAN      PRIOR VARIANCE     PRIOR STD. DEV.

     Parameter 1~N(0.000,infinity)           0.0000            infinity            infinity
     Parameter 2~IG(-1.000,0.000)          infinity            infinity            infinity
     Parameter 3~IW(0.000,-3)              infinity            infinity            infinity
     Parameter 4~IW(0.000,-3)              infinity            infinity            infinity
     Parameter 5~IW(0.000,-3)              infinity            infinity            infinity
     Parameter 6~N(0.000,infinity)           0.0000            infinity            infinity
     Parameter 7~N(0.000,infinity)           0.0000            infinity            infinity
     Parameter 8~N(0.000,infinity)           0.0000            infinity            infinity
     Parameter 9~N(0.000,infinity)           0.0000            infinity            infinity
     Parameter 10~N(0.000,infinity)          0.0000            infinity            infinity
     Parameter 11~N(0.000,infinity)          0.0000            infinity            infinity
     Parameter 12~IG(-1.000,0.000)         infinity            infinity            infinity
     Parameter 13~IG(-1.000,0.000)         infinity            infinity            infinity
     Parameter 14~IG(-1.000,0.000)         infinity            infinity            infinity
     Parameter 15~IG(-1.000,0.000)         infinity            infinity            infinity
     Parameter 16~IG(-1.000,0.000)         infinity            infinity            infinity
     Parameter 17~IG(-1.000,0.000)         infinity            infinity            infinity


TECHNICAL 8 OUTPUT


   TECHNICAL 8 OUTPUT FOR BAYES ESTIMATION

     PROCESSOR    BSEED
     1            0
     2            285380
     3            253358
     4            93468
     5            608496
     6            903420
     7            195873
     8            462953
     9            939021
     10           127215
     11           415931
     12           533738
     13           107446
     14           399671
     15           650371
     16           27071

                     POTENTIAL       PARAMETER WITH
     ITERATION    SCALE REDUCTION      HIGHEST PSR
     100              1.160               9
     200              1.349               13
     300              1.129               13
     400              1.047               13
     500              1.032               7
     600              1.028               7
     700              1.016               6
     800              1.020               7
     900              1.048               6
     1000             1.025               7
     1100             1.031               7
     1200             1.024               13
     1300             1.027               13
     1400             1.010               9
     1500             1.008               9
     1600             1.008               9
     1700             1.009               9
     1800             1.007               9
     1900             1.007               9
     2000             1.011               6
     2100             1.014               6
     2200             1.015               6
     2300             1.017               6
     2400             1.010               9
     2500             1.011               6
     2600             1.005               6


PLOT INFORMATION

The following plots are available:

  Histograms (sample values)
  Scatterplots (sample values)
  Between-level histograms (sample values, sample means/variances)
  Between-level scatterplots (sample values, sample means/variances)
  Time series plots (sample values, ACF, PACF)
  Histogram of subjects per time point
  Time interval plots
  Bayesian posterior parameter distributions
  Bayesian posterior parameter trace plots
  Bayesian autocorrelation plots

     Beginning Time:  18:32:04
        Ending Time:  18:33:42
       Elapsed Time:  00:01:38



MUTHEN & MUTHEN
3463 Stoner Ave.
Los Angeles, CA  90066

Tel: (310) 391-9971
Fax: (310) 391-8971
Web: www.StatModel.com
Support: Support@StatModel.com

Copyright (c) 1998-2022 Muthen & Muthen
