Mplus VERSION 8.8
MUTHEN & MUTHEN
07/13/2023   3:16 PM

INPUT INSTRUCTIONS


  DATA:
  FILE IS data7.dat;

  VARIABLE:   NAMES =
  	    Eth_ID Time Time_between Time_inc
  	    PA_enth NA_irri NA_verv PA_tevr PA_ener
       	    PA_kalm NA_nerv PA_daadk NA_verdr
  	    PA_vrol NA_boos PA_dankb NA_somb PER_att
      	    PER_refl PER_self PER_expr PER_damp
  	    PER_codamp PER_capit Sample age_yr gesl BDI
      	    Measures_valid BDI_anh Anhedonia
   	    BDI_sum PA NA day compliance;

              USEVARIABLES are PER_expr PA NA;
              MISSING is .;
              within = PER_expr;
              between = ;
              cluster = Eth_ID;
              lagged= PA NA(1);
              tinterval=Time_inc (150);

  ANALYSIS:   type = twolevel random;
              estimator = Bayes;
              biterations=(2000);
              bconvergence=0.005;
              thin=2;
              PROCESSORS=16;
  MODEL:
  %WITHIN%
  sPR_PA | PA on PER_expr;
  sPR_NA | NA on PER_expr;
  sPA_PA | PA on PA&1;
  sNA_NA | NA on NA&1;
  [PER_expr];


  %between%



  OUTPUT: standardized tech1 tech8 cinterval patterns;
  PLOT: TYPE = PLOT3;



*** WARNING in MODEL command
  A y-variable has been declared on the within level but not referred to on
  the between level.  Please check that this is what is intended.  If this is not intended,
  specify the variable as a within variable.  Problem with:  PA
*** WARNING in MODEL command
  A y-variable has been declared on the within level but not referred to on
  the between level.  Please check that this is what is intended.  If this is not intended,
  specify the variable as a within variable.  Problem with:  NA
*** WARNING
  Data set contains cases with missing on all variables.  Cases that appeared before the first
  case with observed data and that appeared after the last case with observed data were not
  included in the analysis.  Number of deleted cases:  682
   3 WARNING(S) FOUND IN THE INPUT INSTRUCTIONS




SUMMARY OF ANALYSIS

Number of groups                                                 1
Number of observations                                       20263

Number of dependent variables                                    2
Number of independent variables                                  3
Number of continuous latent variables                            4

Observed dependent variables

  Continuous
   PA          NA

Observed independent variables
   PER_EXPR    PA&1        NA&1

Continuous latent variables
   SPR_PA      SPR_NA      SPA_PA      SNA_NA

Variables with special functions

  Cluster variable      ETH_ID

  Within variables
   PER_EXPR    PA&1        NA&1


Estimator                                                    BAYES
Specifications for Bayesian Estimation
  Point estimate                                            MEDIAN
  Number of Markov chain Monte Carlo (MCMC) chains               2
  Random seed for the first chain                                0
  Starting value information                           UNPERTURBED
  Algorithm used for Markov chain Monte Carlo           GIBBS(PX1)
  Convergence criterion                                  0.500D-02
  Maximum number of iterations                               50000
  K-th iteration used for thinning                               2

Input data file(s)
  data7.dat
Input data format  FREE


SUMMARY OF DATA

     Number of clusters                        160

       Size (s)    Cluster ID with Size s

         56        28
         80        82
         84        87
         88        72
         97        34
        101        10
        103        164
        105        52
        108        119
        111        36
        113        182
        115        89 131
        116        15 188 77 75
        117        11
        118        195 57 49 66 16
        119        197 106 48 149 50 92 38 71 163 186
        120        55 168 148 108 61 192 98 7 165
        122        174
        123        127
        124        161 117 103 51
        125        13 40 44 123 88 112 68 100 105 93 73 30 53 54
        126        102 172 173 65 109 111 80 76 120 107
        127        133 177 147 62 139 110 104 115 25 46 67 126 178 32 193
                   118 86 198 70
        128        43 153 156 96 180 18 59 5
        129        125 144 3 146 185 135 39 190 187 116 137 141 69
        130        14 166 97 138
        133        191
        134        2
        135        194 60 201 63 183 200
        136        56 26
        137        95 4 22 9 19 42
        138        132 29 94
        139        37 145 45 74 79 21 84 35 114
        142        27
        143        179
        144        24 170 171
        145        162 124 1 20
        146        6 151 167
        147        142 31
        148        176 159



SUMMARY OF MISSING DATA PATTERNS

     Number of missing data patterns            13


     MISSING DATA PATTERNS (x = not missing)

           1  2  3  4  5  6  7  8  9 10 11 12 13
 PER_EXPR  x  x              x     x     x     x
 PA        x  x        x  x     x  x     x  x
 NA        x  x        x  x        x  x  x
 PA&1      x     x        x  x     x        x
 NA&1      x     x        x  x           x  x


     MISSING DATA PATTERN FREQUENCIES

    Pattern   Frequency     Pattern   Frequency     Pattern   Frequency
          1        4892           6          52          11           1
          2        3237           7           3          12           1
          3        3135           8           4          13           1
          4        8876           9           5
          5          55          10           1


COVARIANCE COVERAGE OF DATA

Minimum covariance coverage value   0.100


     PROPORTION OF DATA PRESENT


           Covariance Coverage
              PER_EXPR      PA            NA
              ________      ________      ________
 PER_EXPR       0.402
 PA             0.401         0.407
 NA             0.401         0.407         0.407



UNIVARIATE SAMPLE STATISTICS


     UNIVARIATE HIGHER-ORDER MOMENT DESCRIPTIVE STATISTICS

         Variable/         Mean/     Skewness/   Minimum/ % with                Percentiles
        Sample Size      Variance    Kurtosis    Maximum  Min/Max      20%/60%    40%/80%    Median

     PER_EXPR             42.881       0.011       0.000    6.35%       8.000     35.000     47.000
            8139.000     852.568      -1.198     100.000    2.31%      55.000     70.000
     PA                   45.594      -0.010       0.000    0.29%      30.857     41.571     46.143
            8247.000     301.917      -0.210     100.000    0.07%      50.286     60.286
     NA                   14.987       1.411       0.000    7.24%       5.000      9.167     11.500
            8243.000     164.803       1.994      80.667    0.01%      14.333     23.000


THE MODEL ESTIMATION TERMINATED NORMALLY

     USE THE FBITERATIONS OPTION TO INCREASE THE NUMBER OF ITERATIONS BY A FACTOR
     OF AT LEAST TWO TO CHECK CONVERGENCE AND THAT THE PSR VALUE DOES NOT INCREASE.



MODEL FIT INFORMATION

Number of Free Parameters                              17

Information Criteria

          Deviance (DIC)                       520382.341
          Estimated Number of Parameters (pD)   32370.926



MODEL RESULTS

                                Posterior  One-Tailed         95% C.I.
                    Estimate       S.D.      P-Value   Lower 2.5%  Upper 2.5%  Significance

Within Level

 NA       WITH
    PA               -42.158       1.143      0.000     -44.411     -39.880      *

 Means
    PER_EXPR          42.724       0.323      0.000      42.089      43.366      *

 Variances
    PER_EXPR         855.675      13.589      0.000     829.124     882.575      *

 Residual Variances
    PA               116.957       1.945      0.000     113.283     120.895      *
    NA                72.954       1.209      0.000      70.551      75.312      *

Between Level

 Means
    PA                32.456       0.920      0.000      30.697      34.252      *
    NA                20.393       0.851      0.000      18.726      22.078      *
    SPR_PA             0.205       0.008      0.000       0.188       0.221      *
    SPR_NA            -0.079       0.007      0.000      -0.092      -0.066      *
    SPA_PA             0.298       0.017      0.000       0.265       0.331      *
    SNA_NA             0.302       0.017      0.000       0.267       0.335      *

 Variances
    PA               101.418      13.946      0.000      78.284     133.773      *
    NA                98.822      13.106      0.000      77.186     129.593      *
    SPR_PA             0.005       0.001      0.000       0.003       0.007      *
    SPR_NA             0.004       0.001      0.000       0.003       0.006      *
    SPA_PA             0.024       0.005      0.000       0.017       0.035      *
    SNA_NA             0.025       0.005      0.000       0.017       0.036      *


STANDARDIZED MODEL RESULTS


STDYX Standardization

                                Posterior  One-Tailed         95% C.I.
                    Estimate       S.D.      P-Value   Lower 2.5%  Upper 2.5%  Significance

Within-Level Standardized Estimates Averaged Over Clusters

 SPR_PA | PA ON
    PER_EXPR           0.444       0.011      0.000       0.421       0.464      *

 SPA_PA | PA ON
    PA&1               0.298       0.011      0.000       0.276       0.321      *

 SPR_NA | NA ON
    PER_EXPR          -0.233       0.013      0.000      -0.260      -0.207      *

 SNA_NA | NA ON
    NA&1               0.302       0.013      0.000       0.277       0.327      *

 NA       WITH
    PA                -0.456       0.009      0.000      -0.473      -0.438      *

 Means
    PER_EXPR           1.461       0.016      0.000       1.429       1.492      *

 Variances
    PER_EXPR           1.000       0.000      0.000       1.000       1.000

 Residual Variances
    PA                 0.675       0.010      0.000       0.655       0.695      *
    NA                 0.799       0.009      0.000       0.782       0.816      *

Between Level

 Means
    PA                 3.227       0.233      0.000       2.786       3.718      *
    NA                 2.049       0.151      0.000       1.755       2.358      *
    SPR_PA             2.990       0.358      0.000       2.392       3.807      *
    SPR_NA            -1.217       0.171      0.000      -1.585      -0.902      *
    SPA_PA             1.916       0.230      0.000       1.503       2.412      *
    SNA_NA             1.913       0.242      0.000       1.508       2.459      *

 Variances
    PA                 1.000       0.000      0.000       1.000       1.000
    NA                 1.000       0.000      0.000       1.000       1.000
    SPR_PA             1.000       0.000      0.000       1.000       1.000
    SPR_NA             1.000       0.000      0.000       1.000       1.000
    SPA_PA             1.000       0.000      0.000       1.000       1.000
    SNA_NA             1.000       0.000      0.000       1.000       1.000


STDY Standardization

                                Posterior  One-Tailed         95% C.I.
                    Estimate       S.D.      P-Value   Lower 2.5%  Upper 2.5%  Significance

Within-Level Standardized Estimates Averaged Over Clusters

 SPR_PA | PA ON
    PER_EXPR           0.444       0.011      0.000       0.421       0.464      *

 SPA_PA | PA ON
    PA&1               0.022       0.001      0.000       0.020       0.024      *

 SPR_NA | NA ON
    PER_EXPR          -0.233       0.013      0.000      -0.260      -0.207      *

 SNA_NA | NA ON
    NA&1               0.031       0.001      0.000       0.028       0.033      *

 NA       WITH
    PA                -0.456       0.009      0.000      -0.473      -0.438      *

 Means
    PER_EXPR           1.461       0.016      0.000       1.429       1.492      *

 Variances
    PER_EXPR           1.000       0.000      0.000       1.000       1.000

 Residual Variances
    PA                 0.675       0.010      0.000       0.655       0.695      *
    NA                 0.799       0.009      0.000       0.782       0.816      *

Between Level

 Means
    PA                 3.227       0.233      0.000       2.786       3.718      *
    NA                 2.049       0.151      0.000       1.755       2.358      *
    SPR_PA             2.990       0.358      0.000       2.392       3.807      *
    SPR_NA            -1.217       0.171      0.000      -1.585      -0.902      *
    SPA_PA             1.916       0.230      0.000       1.503       2.412      *
    SNA_NA             1.913       0.242      0.000       1.508       2.459      *

 Variances
    PA                 1.000       0.000      0.000       1.000       1.000
    NA                 1.000       0.000      0.000       1.000       1.000
    SPR_PA             1.000       0.000      0.000       1.000       1.000
    SPR_NA             1.000       0.000      0.000       1.000       1.000
    SPA_PA             1.000       0.000      0.000       1.000       1.000
    SNA_NA             1.000       0.000      0.000       1.000       1.000


STD Standardization

                                Posterior  One-Tailed         95% C.I.
                    Estimate       S.D.      P-Value   Lower 2.5%  Upper 2.5%  Significance

Within-Level Standardized Estimates Averaged Over Clusters

 SPR_PA | PA ON
    PER_EXPR           0.205       0.006      0.000       0.193       0.216      *

 SPA_PA | PA ON
    PA&1               0.298       0.011      0.000       0.276       0.321      *

 SPR_NA | NA ON
    PER_EXPR          -0.079       0.005      0.000      -0.089      -0.070      *

 SNA_NA | NA ON
    NA&1               0.302       0.013      0.000       0.277       0.327      *

 NA       WITH
    PA               -42.160       1.135      0.000     -44.412     -39.880      *

 Means
    PER_EXPR          42.730       0.322      0.000      42.099      43.378      *

 Variances
    PER_EXPR         855.926      13.661      0.000     829.115     882.697      *

 Residual Variances
    PA               117.006       1.942      0.000     113.283     120.914      *
    NA                72.963       1.195      0.000      70.600      75.326      *

Between Level

 Means
    PA                32.456       0.920      0.000      30.697      34.252      *
    NA                20.393       0.851      0.000      18.726      22.078      *
    SPR_PA             2.990       0.358      0.000       2.392       3.807      *
    SPR_NA            -1.217       0.171      0.000      -1.585      -0.902      *
    SPA_PA             1.916       0.230      0.000       1.503       2.412      *
    SNA_NA             1.913       0.242      0.000       1.508       2.459      *

 Variances
    PA               101.418      13.946      0.000      78.284     133.773      *
    NA                98.822      13.106      0.000      77.186     129.593      *
    SPR_PA             1.000       0.000      0.000       1.000       1.000
    SPR_NA             1.000       0.000      0.000       1.000       1.000
    SPA_PA             1.000       0.000      0.000       1.000       1.000
    SNA_NA             1.000       0.000      0.000       1.000       1.000


R-SQUARE

Within-Level R-Square Averaged Across Clusters

                                Posterior  One-Tailed         95% C.I.
    Variable        Estimate       S.D.      P-Value   Lower 2.5%  Upper 2.5%

    PA                 0.325       0.010      0.000       0.305       0.345
    NA                 0.201       0.009      0.000       0.184       0.218


CREDIBILITY INTERVALS OF MODEL RESULTS

                  Lower .5%  Lower 2.5%    Lower 5%    Estimate    Upper 5%  Upper 2.5%   Upper .5%

Within Level

 NA       WITH
    PA             -45.136     -44.411     -44.003     -42.158     -40.267     -39.880     -39.277

 Means
    PER_EXPR        41.933      42.089      42.192      42.724      43.254      43.366      43.527

 Variances
    PER_EXPR       821.862     829.124     833.108     855.675     878.214     882.575     890.646

 Residual Variances
    PA             112.261     113.283     113.808     116.957     120.212     120.895     122.036
    NA              69.836      70.551      70.923      72.954      74.960      75.312      76.011

Between Level

 Means
    PA              30.062      30.697      31.008      32.456      34.004      34.252      34.724
    NA              18.271      18.726      19.012      20.393      21.824      22.078      22.549
    SPR_PA           0.184       0.188       0.191       0.205       0.219       0.221       0.226
    SPR_NA          -0.097      -0.092      -0.090      -0.079      -0.068      -0.066      -0.060
    SPA_PA           0.251       0.265       0.270       0.298       0.326       0.331       0.345
    SNA_NA           0.258       0.267       0.271       0.302       0.330       0.335       0.345

 Variances
    PA              70.391      78.284      81.797     101.418     126.330     133.773     146.019
    NA              72.680      77.186      80.612      98.822     123.437     129.593     140.016
    SPR_PA           0.003       0.003       0.003       0.005       0.007       0.007       0.008
    SPR_NA           0.002       0.003       0.003       0.004       0.006       0.006       0.007
    SPA_PA           0.015       0.017       0.018       0.024       0.033       0.035       0.038
    SNA_NA           0.014       0.017       0.018       0.025       0.034       0.036       0.040


CREDIBILITY INTERVALS OF STANDARDIZED MODEL RESULTS


STDYX Standardization

                  Lower .5%  Lower 2.5%    Lower 5%    Estimate    Upper 5%  Upper 2.5%   Upper .5%

Within Level

 NA       WITH
    PA               0.000      -0.473       0.000      -0.456       0.000      -0.438       0.000

 Means
    PER_EXPR         0.000       1.429       0.000       1.461       0.000       1.492       0.000

 Variances
    PER_EXPR         0.000       1.000       0.000       1.000       0.000       1.000       0.000

 Residual Variances
    PA               0.000       0.655       0.000       0.675       0.000       0.695       0.000
    NA               0.000       0.782       0.000       0.799       0.000       0.816       0.000

Between Level

 Means
    PA               2.649       2.786       2.848       3.227       3.618       3.718       3.882
    NA               1.651       1.755       1.806       2.049       2.309       2.358       2.452
    SPR_PA           2.230       2.392       2.488       2.990       3.643       3.807       4.141
    SPR_NA          -1.711      -1.585      -1.519      -1.217      -0.951      -0.902      -0.811
    SPA_PA           1.394       1.503       1.571       1.916       2.336       2.412       2.613
    SNA_NA           1.370       1.508       1.568       1.913       2.339       2.459       2.737

 Variances
    PA               1.000       1.000       1.000       1.000       1.000       1.000       1.000
    NA               1.000       1.000       1.000       1.000       1.000       1.000       1.000
    SPR_PA           1.000       1.000       1.000       1.000       1.000       1.000       1.000
    SPR_NA           1.000       1.000       1.000       1.000       1.000       1.000       1.000
    SPA_PA           1.000       1.000       1.000       1.000       1.000       1.000       1.000
    SNA_NA           1.000       1.000       1.000       1.000       1.000       1.000       1.000


STDY Standardization

                  Lower .5%  Lower 2.5%    Lower 5%    Estimate    Upper 5%  Upper 2.5%   Upper .5%

Within Level

 NA       WITH
    PA               0.000      -0.473       0.000      -0.456       0.000      -0.438       0.000

 Means
    PER_EXPR         0.000       1.429       0.000       1.461       0.000       1.492       0.000

 Variances
    PER_EXPR         0.000       1.000       0.000       1.000       0.000       1.000       0.000

 Residual Variances
    PA               0.000       0.655       0.000       0.675       0.000       0.695       0.000
    NA               0.000       0.782       0.000       0.799       0.000       0.816       0.000

Between Level

 Means
    PA               2.649       2.786       2.848       3.227       3.618       3.718       3.882
    NA               1.651       1.755       1.806       2.049       2.309       2.358       2.452
    SPR_PA           2.230       2.392       2.488       2.990       3.643       3.807       4.141
    SPR_NA          -1.711      -1.585      -1.519      -1.217      -0.951      -0.902      -0.811
    SPA_PA           1.394       1.503       1.571       1.916       2.336       2.412       2.613
    SNA_NA           1.370       1.508       1.568       1.913       2.339       2.459       2.737

 Variances
    PA               1.000       1.000       1.000       1.000       1.000       1.000       1.000
    NA               1.000       1.000       1.000       1.000       1.000       1.000       1.000
    SPR_PA           1.000       1.000       1.000       1.000       1.000       1.000       1.000
    SPR_NA           1.000       1.000       1.000       1.000       1.000       1.000       1.000
    SPA_PA           1.000       1.000       1.000       1.000       1.000       1.000       1.000
    SNA_NA           1.000       1.000       1.000       1.000       1.000       1.000       1.000


STD Standardization

                  Lower .5%  Lower 2.5%    Lower 5%    Estimate    Upper 5%  Upper 2.5%   Upper .5%

Within Level

 NA       WITH
    PA               0.000     -44.412       0.000     -42.160       0.000     -39.880       0.000

 Means
    PER_EXPR         0.000      42.099       0.000      42.730       0.000      43.378       0.000

 Variances
    PER_EXPR         0.000     829.115       0.000     855.926       0.000     882.697       0.000

 Residual Variances
    PA               0.000     113.283       0.000     117.006       0.000     120.914       0.000
    NA               0.000      70.600       0.000      72.963       0.000      75.326       0.000

Between Level

 Means
    PA              30.062      30.697      31.008      32.456      34.004      34.252      34.724
    NA              18.271      18.726      19.012      20.393      21.824      22.078      22.549
    SPR_PA           2.230       2.392       2.488       2.990       3.643       3.807       4.141
    SPR_NA          -1.711      -1.585      -1.519      -1.217      -0.951      -0.902      -0.811
    SPA_PA           1.394       1.503       1.571       1.916       2.336       2.412       2.613
    SNA_NA           1.370       1.508       1.568       1.913       2.339       2.459       2.737

 Variances
    PA              70.391      78.284      81.797     101.418     126.330     133.773     146.019
    NA              72.680      77.186      80.612      98.822     123.437     129.593     140.016
    SPR_PA           1.000       1.000       1.000       1.000       1.000       1.000       1.000
    SPR_NA           1.000       1.000       1.000       1.000       1.000       1.000       1.000
    SPA_PA           1.000       1.000       1.000       1.000       1.000       1.000       1.000
    SNA_NA           1.000       1.000       1.000       1.000       1.000       1.000       1.000


TECHNICAL 1 OUTPUT


     PARAMETER SPECIFICATION FOR WITHIN


           NU
              PER_EXPR      PA            NA            PA&1          NA&1
              ________      ________      ________      ________      ________
                    0             0             0             0             0


           LAMBDA
              PER_EXPR      PA            NA            PA&1          NA&1
              ________      ________      ________      ________      ________
 PER_EXPR           0             0             0             0             0
 PA                 0             0             0             0             0
 NA                 0             0             0             0             0
 PA&1               0             0             0             0             0
 NA&1               0             0             0             0             0


           THETA
              PER_EXPR      PA            NA            PA&1          NA&1
              ________      ________      ________      ________      ________
 PER_EXPR           0
 PA                 0             0
 NA                 0             0             0
 PA&1               0             0             0             0
 NA&1               0             0             0             0             0


           ALPHA
              PER_EXPR      PA            NA            PA&1          NA&1
              ________      ________      ________      ________      ________
                    1             0             0             0             0


           BETA
              PER_EXPR      PA            NA            PA&1          NA&1
              ________      ________      ________      ________      ________
 PER_EXPR           0             0             0             0             0
 PA                 0             0             0             0             0
 NA                 0             0             0             0             0
 PA&1               0             0             0             0             0
 NA&1               0             0             0             0             0


           PSI
              PER_EXPR      PA            NA            PA&1          NA&1
              ________      ________      ________      ________      ________
 PER_EXPR           2
 PA                 0             3
 NA                 0             4             5
 PA&1               0             0             0             0
 NA&1               0             0             0             0             0


     PARAMETER SPECIFICATION FOR BETWEEN


           NU
              PA            NA
              ________      ________
                    0             0


           LAMBDA
              SPR_PA        SPR_NA        SPA_PA        SNA_NA        PA
              ________      ________      ________      ________      ________
 PA                 0             0             0             0             0
 NA                 0             0             0             0             0


           LAMBDA
              NA
              ________
 PA                 0
 NA                 0


           THETA
              PA            NA
              ________      ________
 PA                 0
 NA                 0             0


           ALPHA
              SPR_PA        SPR_NA        SPA_PA        SNA_NA        PA
              ________      ________      ________      ________      ________
                    6             7             8             9            10


           ALPHA
              NA
              ________
                   11


           BETA
              SPR_PA        SPR_NA        SPA_PA        SNA_NA        PA
              ________      ________      ________      ________      ________
 SPR_PA             0             0             0             0             0
 SPR_NA             0             0             0             0             0
 SPA_PA             0             0             0             0             0
 SNA_NA             0             0             0             0             0
 PA                 0             0             0             0             0
 NA                 0             0             0             0             0


           BETA
              NA
              ________
 SPR_PA             0
 SPR_NA             0
 SPA_PA             0
 SNA_NA             0
 PA                 0
 NA                 0


           PSI
              SPR_PA        SPR_NA        SPA_PA        SNA_NA        PA
              ________      ________      ________      ________      ________
 SPR_PA            12
 SPR_NA             0            13
 SPA_PA             0             0            14
 SNA_NA             0             0             0            15
 PA                 0             0             0             0            16
 NA                 0             0             0             0             0


           PSI
              NA
              ________
 NA                17


     STARTING VALUES FOR WITHIN


           NU
              PER_EXPR      PA            NA            PA&1          NA&1
              ________      ________      ________      ________      ________
                0.000         0.000         0.000         0.000         0.000


           LAMBDA
              PER_EXPR      PA            NA            PA&1          NA&1
              ________      ________      ________      ________      ________
 PER_EXPR       1.000         0.000         0.000         0.000         0.000
 PA             0.000         1.000         0.000         0.000         0.000
 NA             0.000         0.000         1.000         0.000         0.000
 PA&1           0.000         0.000         0.000         1.000         0.000
 NA&1           0.000         0.000         0.000         0.000         1.000


           THETA
              PER_EXPR      PA            NA            PA&1          NA&1
              ________      ________      ________      ________      ________
 PER_EXPR       0.000
 PA             0.000         0.000
 NA             0.000         0.000         0.000
 PA&1           0.000         0.000         0.000         0.000
 NA&1           0.000         0.000         0.000         0.000         0.000


           ALPHA
              PER_EXPR      PA            NA            PA&1          NA&1
              ________      ________      ________      ________      ________
                0.000         0.000         0.000         0.000         0.000


           BETA
              PER_EXPR      PA            NA            PA&1          NA&1
              ________      ________      ________      ________      ________
 PER_EXPR       0.000         0.000         0.000         0.000         0.000
 PA             0.000         0.000         0.000         0.000         0.000
 NA             0.000         0.000         0.000         0.000         0.000
 PA&1           0.000         0.000         0.000         0.000         0.000
 NA&1           0.000         0.000         0.000         0.000         0.000


           PSI
              PER_EXPR      PA            NA            PA&1          NA&1
              ________      ________      ________      ________      ________
 PER_EXPR     426.284
 PA             0.000       150.959
 NA             0.000         0.000        82.401
 PA&1           0.000         0.000         0.000       151.094
 NA&1           0.000         0.000         0.000         0.000        82.300


     STARTING VALUES FOR BETWEEN


           NU
              PA            NA
              ________      ________
                0.000         0.000


           LAMBDA
              SPR_PA        SPR_NA        SPA_PA        SNA_NA        PA
              ________      ________      ________      ________      ________
 PA             0.000         0.000         0.000         0.000         1.000
 NA             0.000         0.000         0.000         0.000         0.000


           LAMBDA
              NA
              ________
 PA             0.000
 NA             1.000


           THETA
              PA            NA
              ________      ________
 PA             0.000
 NA             0.000         0.000


           ALPHA
              SPR_PA        SPR_NA        SPA_PA        SNA_NA        PA
              ________      ________      ________      ________      ________
                0.000         0.000         0.000         0.000        45.594


           ALPHA
              NA
              ________
               14.987


           BETA
              SPR_PA        SPR_NA        SPA_PA        SNA_NA        PA
              ________      ________      ________      ________      ________
 SPR_PA         0.000         0.000         0.000         0.000         0.000
 SPR_NA         0.000         0.000         0.000         0.000         0.000
 SPA_PA         0.000         0.000         0.000         0.000         0.000
 SNA_NA         0.000         0.000         0.000         0.000         0.000
 PA             0.000         0.000         0.000         0.000         0.000
 NA             0.000         0.000         0.000         0.000         0.000


           BETA
              NA
              ________
 SPR_PA         0.000
 SPR_NA         0.000
 SPA_PA         0.000
 SNA_NA         0.000
 PA             0.000
 NA             0.000


           PSI
              SPR_PA        SPR_NA        SPA_PA        SNA_NA        PA
              ________      ________      ________      ________      ________
 SPR_PA         1.000
 SPR_NA         0.000         1.000
 SPA_PA         0.000         0.000         1.000
 SNA_NA         0.000         0.000         0.000         1.000
 PA             0.000         0.000         0.000         0.000       150.959
 NA             0.000         0.000         0.000         0.000         0.000


           PSI
              NA
              ________
 NA            82.401



     PRIORS FOR ALL PARAMETERS            PRIOR MEAN      PRIOR VARIANCE     PRIOR STD. DEV.

     Parameter 1~N(0.000,infinity)           0.0000            infinity            infinity
     Parameter 2~IG(-1.000,0.000)          infinity            infinity            infinity
     Parameter 3~IW(0.000,-3)              infinity            infinity            infinity
     Parameter 4~IW(0.000,-3)              infinity            infinity            infinity
     Parameter 5~IW(0.000,-3)              infinity            infinity            infinity
     Parameter 6~N(0.000,infinity)           0.0000            infinity            infinity
     Parameter 7~N(0.000,infinity)           0.0000            infinity            infinity
     Parameter 8~N(0.000,infinity)           0.0000            infinity            infinity
     Parameter 9~N(0.000,infinity)           0.0000            infinity            infinity
     Parameter 10~N(0.000,infinity)          0.0000            infinity            infinity
     Parameter 11~N(0.000,infinity)          0.0000            infinity            infinity
     Parameter 12~IG(-1.000,0.000)         infinity            infinity            infinity
     Parameter 13~IG(-1.000,0.000)         infinity            infinity            infinity
     Parameter 14~IG(-1.000,0.000)         infinity            infinity            infinity
     Parameter 15~IG(-1.000,0.000)         infinity            infinity            infinity
     Parameter 16~IG(-1.000,0.000)         infinity            infinity            infinity
     Parameter 17~IG(-1.000,0.000)         infinity            infinity            infinity


TECHNICAL 8 OUTPUT


   TECHNICAL 8 OUTPUT FOR BAYES ESTIMATION

     PROCESSOR    BSEED
     1            0
     2            285380
     3            253358
     4            93468
     5            608496
     6            903420
     7            195873
     8            462953
     9            939021
     10           127215
     11           415931
     12           533738
     13           107446
     14           399671
     15           650371
     16           27071

                     POTENTIAL       PARAMETER WITH
     ITERATION    SCALE REDUCTION      HIGHEST PSR
     100              1.144               4
     200              1.060               4
     300              1.058               8
     400              1.140               8
     500              1.062               8
     600              1.030               8
     700              1.020               8
     800              1.009               3
     900              1.008               5
     1000             1.007               3
     1100             1.006               5
     1200             1.007               5
     1300             1.013               5
     1400             1.016               5
     1500             1.006               4
     1600             1.007               5
     1700             1.009               6
     1800             1.010               9
     1900             1.007               9
     2000             1.010               9
     2100             1.010               9
     2200             1.011               9
     2300             1.007               6


PLOT INFORMATION

The following plots are available:

  Histograms (sample values)
  Scatterplots (sample values)
  Between-level histograms (sample values, sample means/variances)
  Between-level scatterplots (sample values, sample means/variances)
  Time series plots (sample values, ACF, PACF)
  Histogram of subjects per time point
  Time interval plots
  Bayesian posterior parameter distributions
  Bayesian posterior parameter trace plots
  Bayesian autocorrelation plots

     Beginning Time:  15:16:46
        Ending Time:  15:18:17
       Elapsed Time:  00:01:31



MUTHEN & MUTHEN
3463 Stoner Ave.
Los Angeles, CA  90066

Tel: (310) 391-9971
Fax: (310) 391-8971
Web: www.StatModel.com
Support: Support@StatModel.com

Copyright (c) 1998-2022 Muthen & Muthen
