Mplus VERSION 8.8
MUTHEN & MUTHEN
08/25/2023   7:48 PM

INPUT INSTRUCTIONS


  DATA:
  FILE IS data11.dat;

  VARIABLE:   NAMES =
  	    Eth_ID Time Time_between Time_inc
  	    PA_enth NA_irri NA_verv PA_tevr PA_ener
       	    PA_kalm NA_nerv PA_daadk NA_verdr
  	    PA_vrol NA_boos PA_dankb NA_somb PER_att
      	    PER_refl PER_self PER_expr PER_damp
  	    PER_codamp PER_capit Sample age_yr gesl BDI
      	    Measures_valid BDI_anh Anhedonia
   	    BDI_sum PA NA day compliance;

              USEVARIABLES are PER_self PA NA;
              MISSING is .;
              within = PER_self;
              between = ;
              cluster = Eth_ID;
              lagged= PA NA(1);
              tinterval=Time_inc (150);

  ANALYSIS:   type = twolevel random;
              estimator = Bayes;
              biterations=(2000);
              bconvergence=0.005;
              thin=2;
              PROCESSORS=16;
  MODEL:
  %WITHIN%
  sPR_PA | PA on PER_self;
  sPR_NA | NA on PER_self;
  sPA_PA | PA on PA&1;
  sNA_NA | NA on NA&1;
  [PER_self];


  %between%



  OUTPUT: standardized tech1 tech8 cinterval patterns;
  PLOT: TYPE = PLOT3;



*** WARNING in MODEL command
  A y-variable has been declared on the within level but not referred to on
  the between level.  Please check that this is what is intended.  If this is not intended,
  specify the variable as a within variable.  Problem with:  PA
*** WARNING in MODEL command
  A y-variable has been declared on the within level but not referred to on
  the between level.  Please check that this is what is intended.  If this is not intended,
  specify the variable as a within variable.  Problem with:  NA
*** WARNING
  One or more individual-level variables have no variation within a
  cluster for the following clusters.

     Variable   Cluster IDs with no within-cluster variation

      PER_SELF    71

*** WARNING
  Data set contains cases with missing on all variables.  Cases that appeared before the first
  case with observed data and that appeared after the last case with observed data were not
  included in the analysis.  Number of deleted cases:  679
   4 WARNING(S) FOUND IN THE INPUT INSTRUCTIONS




SUMMARY OF ANALYSIS

Number of groups                                                 1
Number of observations                                       20160

Number of dependent variables                                    2
Number of independent variables                                  3
Number of continuous latent variables                            4

Observed dependent variables

  Continuous
   PA          NA

Observed independent variables
   PER_SELF    PA&1        NA&1

Continuous latent variables
   SPR_PA      SPR_NA      SPA_PA      SNA_NA

Variables with special functions

  Cluster variable      ETH_ID

  Within variables
   PER_SELF    PA&1        NA&1


Estimator                                                    BAYES
Specifications for Bayesian Estimation
  Point estimate                                            MEDIAN
  Number of Markov chain Monte Carlo (MCMC) chains               2
  Random seed for the first chain                                0
  Starting value information                           UNPERTURBED
  Algorithm used for Markov chain Monte Carlo           GIBBS(PX1)
  Convergence criterion                                  0.500D-02
  Maximum number of iterations                               50000
  K-th iteration used for thinning                               2

Input data file(s)
  data11.dat
Input data format  FREE


SUMMARY OF DATA

     Number of clusters                        159

       Size (s)    Cluster ID with Size s

         56        28
         80        82
         84        87
         88        72
         97        34
        101        10
        105        52
        108        119
        111        36
        113        182
        115        89 131
        116        15 188 75 77
        117        11
        118        16 66 49 57 195
        119        197 71 48 149 50 92 38 186 163 106
        120        55 168 7 108 148 192 61 98 165
        122        174
        123        127
        124        161 117 103 51
        125        53 54 13 40 44 88 30 68 100 93 105 112 123 73
        126        107 172 173 102 65 109 111 80 76 120
        127        70 177 133 62 139 118 110 25 115 67 46 104 178 126 193
                   32 86 198 147
        128        43 153 59 156 96 180 18 5
        129        141 144 125 3 185 146 135 190 187 39 137 116 69
        130        138 166 97 14
        133        191
        134        2
        135        194 63 60 183 201 200
        136        26 56
        137        95 4 9 22 19 42
        138        132 29 94
        139        45 74 35 37 84 21 79 145 114
        142        27
        143        179
        144        170 24 171
        145        1 124 162 20
        146        151 6 167
        147        142 31
        148        159 176



SUMMARY OF MISSING DATA PATTERNS

     Number of missing data patterns            13


     MISSING DATA PATTERNS (x = not missing)

           1  2  3  4  5  6  7  8  9 10 11 12 13
 PER_SELF  x  x              x     x     x     x
 PA        x  x        x  x     x  x     x  x
 NA        x  x        x  x        x  x  x
 PA&1      x     x        x  x     x        x
 NA&1      x     x        x  x           x  x


     MISSING DATA PATTERN FREQUENCIES

    Pattern   Frequency     Pattern   Frequency     Pattern   Frequency
          1        4884           6          54          11           1
          2        3221           7           3          12           1
          3        3121           8           4          13           1
          4        8808           9           5
          5          56          10           1


COVARIANCE COVERAGE OF DATA

Minimum covariance coverage value   0.100


     PROPORTION OF DATA PRESENT


           Covariance Coverage
              PER_SELF      PA            NA
              ________      ________      ________
 PER_SELF       0.403
 PA             0.402         0.408
 NA             0.402         0.408         0.408



UNIVARIATE SAMPLE STATISTICS


     UNIVARIATE HIGHER-ORDER MOMENT DESCRIPTIVE STATISTICS

         Variable/         Mean/     Skewness/   Minimum/ % with                Percentiles
        Sample Size      Variance    Kurtosis    Maximum  Min/Max      20%/60%    40%/80%    Median

     PER_SELF             22.518       1.136       0.000   13.68%       3.000      8.000     12.000
            8115.000     560.218       0.374     100.000    0.70%      19.000     45.000
     PA                   45.572      -0.010       0.000    0.29%      30.857     41.571     46.143
            8226.000     302.012      -0.210     100.000    0.07%      50.286     60.286
     NA                   15.167       1.446       0.000    8.12%       4.800      9.000     11.400
            8222.000     179.158       2.137      89.400    0.01%      14.400     23.400


THE MODEL ESTIMATION TERMINATED NORMALLY

     USE THE FBITERATIONS OPTION TO INCREASE THE NUMBER OF ITERATIONS BY A FACTOR
     OF AT LEAST TWO TO CHECK CONVERGENCE AND THAT THE PSR VALUE DOES NOT INCREASE.



MODEL FIT INFORMATION

Number of Free Parameters                              17

Information Criteria

          Deviance (DIC)                       515686.397
          Estimated Number of Parameters (pD)   34373.159



MODEL RESULTS

                                Posterior  One-Tailed         95% C.I.
                    Estimate       S.D.      P-Value   Lower 2.5%  Upper 2.5%  Significance

Within Level

 NA       WITH
    PA               -52.541       1.422      0.000     -55.443     -49.706      *

 Means
    PER_SELF          22.459       0.261      0.000      21.939      22.984      *

 Variances
    PER_SELF         561.475       9.082      0.000     543.735     579.352      *

 Residual Variances
    PA               127.279       2.189      0.000     123.111     131.492      *
    NA                87.280       1.481      0.000      84.494      90.253      *

Between Level

 Means
    PA                39.743       0.982      0.000      37.874      41.725      *
    NA                16.714       0.768      0.000      15.155      18.210      *
    SPR_PA             0.160       0.011      0.000       0.138       0.182      *
    SPR_NA            -0.044       0.009      0.000      -0.062      -0.027      *
    SPA_PA             0.334       0.018      0.000       0.299       0.369      *
    SNA_NA             0.304       0.018      0.000       0.269       0.339      *

 Variances
    PA               136.836      17.438      0.000     107.163     176.279      *
    NA                78.494       9.827      0.000      62.067      99.765      *
    SPR_PA             0.007       0.002      0.000       0.005       0.011      *
    SPR_NA             0.005       0.001      0.000       0.003       0.008      *
    SPA_PA             0.027       0.005      0.000       0.019       0.038      *
    SNA_NA             0.025       0.005      0.000       0.017       0.038      *


STANDARDIZED MODEL RESULTS


STDYX Standardization

                                Posterior  One-Tailed         95% C.I.
                    Estimate       S.D.      P-Value   Lower 2.5%  Upper 2.5%  Significance

Within-Level Standardized Estimates Averaged Over Clusters

 SPR_PA | PA ON
    PER_SELF           0.284       0.014      0.000       0.255       0.313      *

 SPA_PA | PA ON
    PA&1               0.334       0.012      0.000       0.311       0.357      *

 SPR_NA | NA ON
    PER_SELF          -0.101       0.015      0.000      -0.131      -0.072      *

 SNA_NA | NA ON
    NA&1               0.305       0.012      0.000       0.280       0.329      *

 NA       WITH
    PA                -0.499       0.009      0.000      -0.515      -0.481      *

 Means
    PER_SELF           0.948       0.013      0.000       0.922       0.974      *

 Variances
    PER_SELF           1.000       0.000      0.000       1.000       1.000

 Residual Variances
    PA                 0.761       0.010      0.000       0.741       0.781      *
    NA                 0.844       0.008      0.000       0.828       0.860      *

Between Level

 Means
    PA                 3.394       0.230      0.000       2.956       3.863      *
    NA                 1.891       0.139      0.000       1.622       2.165      *
    SPR_PA             1.878       0.260      0.000       1.419       2.424      *
    SPR_NA            -0.602       0.148      0.000      -0.927      -0.342      *
    SPA_PA             2.028       0.231      0.000       1.622       2.545      *
    SNA_NA             1.916       0.240      0.000       1.487       2.444      *

 Variances
    PA                 1.000       0.000      0.000       1.000       1.000
    NA                 1.000       0.000      0.000       1.000       1.000
    SPR_PA             1.000       0.000      0.000       1.000       1.000
    SPR_NA             1.000       0.000      0.000       1.000       1.000
    SPA_PA             1.000       0.000      0.000       1.000       1.000
    SNA_NA             1.000       0.000      0.000       1.000       1.000


STDY Standardization

                                Posterior  One-Tailed         95% C.I.
                    Estimate       S.D.      P-Value   Lower 2.5%  Upper 2.5%  Significance

Within-Level Standardized Estimates Averaged Over Clusters

 SPR_PA | PA ON
    PER_SELF           0.284       0.014      0.000       0.255       0.313      *

 SPA_PA | PA ON
    PA&1               0.025       0.001      0.000       0.023       0.027      *

 SPR_NA | NA ON
    PER_SELF          -0.101       0.015      0.000      -0.131      -0.072      *

 SNA_NA | NA ON
    NA&1               0.029       0.001      0.000       0.027       0.031      *

 NA       WITH
    PA                -0.499       0.009      0.000      -0.515      -0.481      *

 Means
    PER_SELF           0.948       0.013      0.000       0.922       0.974      *

 Variances
    PER_SELF           1.000       0.000      0.000       1.000       1.000

 Residual Variances
    PA                 0.761       0.010      0.000       0.741       0.781      *
    NA                 0.844       0.008      0.000       0.828       0.860      *

Between Level

 Means
    PA                 3.394       0.230      0.000       2.956       3.863      *
    NA                 1.891       0.139      0.000       1.622       2.165      *
    SPR_PA             1.878       0.260      0.000       1.419       2.424      *
    SPR_NA            -0.602       0.148      0.000      -0.927      -0.342      *
    SPA_PA             2.028       0.231      0.000       1.622       2.545      *
    SNA_NA             1.916       0.240      0.000       1.487       2.444      *

 Variances
    PA                 1.000       0.000      0.000       1.000       1.000
    NA                 1.000       0.000      0.000       1.000       1.000
    SPR_PA             1.000       0.000      0.000       1.000       1.000
    SPR_NA             1.000       0.000      0.000       1.000       1.000
    SPA_PA             1.000       0.000      0.000       1.000       1.000
    SNA_NA             1.000       0.000      0.000       1.000       1.000


STD Standardization

                                Posterior  One-Tailed         95% C.I.
                    Estimate       S.D.      P-Value   Lower 2.5%  Upper 2.5%  Significance

Within-Level Standardized Estimates Averaged Over Clusters

 SPR_PA | PA ON
    PER_SELF           0.160       0.008      0.000       0.143       0.176      *

 SPA_PA | PA ON
    PA&1               0.334       0.012      0.000       0.311       0.357      *

 SPR_NA | NA ON
    PER_SELF          -0.044       0.007      0.000      -0.058      -0.031      *

 SNA_NA | NA ON
    NA&1               0.305       0.012      0.000       0.280       0.329      *

 NA       WITH
    PA               -52.513       1.398      0.000     -55.384     -49.745      *

 Means
    PER_SELF          22.461       0.264      0.000      21.925      22.987      *

 Variances
    PER_SELF         561.663       9.033      0.000     543.893     579.636      *

 Residual Variances
    PA               127.257       2.185      0.000     123.151     131.492      *
    NA                87.227       1.469      0.000      84.458      90.117      *

Between Level

 Means
    PA                39.743       0.982      0.000      37.874      41.725      *
    NA                16.714       0.768      0.000      15.155      18.210      *
    SPR_PA             1.878       0.260      0.000       1.419       2.424      *
    SPR_NA            -0.602       0.148      0.000      -0.927      -0.342      *
    SPA_PA             2.028       0.231      0.000       1.622       2.545      *
    SNA_NA             1.916       0.240      0.000       1.487       2.444      *

 Variances
    PA               136.836      17.438      0.000     107.163     176.279      *
    NA                78.494       9.827      0.000      62.067      99.765      *
    SPR_PA             1.000       0.000      0.000       1.000       1.000
    SPR_NA             1.000       0.000      0.000       1.000       1.000
    SPA_PA             1.000       0.000      0.000       1.000       1.000
    SNA_NA             1.000       0.000      0.000       1.000       1.000


R-SQUARE

Within-Level R-Square Averaged Across Clusters

                                Posterior  One-Tailed         95% C.I.
    Variable        Estimate       S.D.      P-Value   Lower 2.5%  Upper 2.5%

    PA                 0.239       0.010      0.000       0.218       0.259
    NA                 0.156       0.008      0.000       0.140       0.172


CREDIBILITY INTERVALS OF MODEL RESULTS

                  Lower .5%  Lower 2.5%    Lower 5%    Estimate    Upper 5%  Upper 2.5%   Upper .5%

Within Level

 NA       WITH
    PA             -56.352     -55.443     -54.912     -52.541     -50.234     -49.706     -49.151

 Means
    PER_SELF        21.800      21.939      22.037      22.459      22.890      22.984      23.103

 Variances
    PER_SELF       536.829     543.735     546.481     561.475     576.459     579.352     584.313

 Residual Variances
    PA             121.675     123.111     123.709     127.279     130.904     131.492     133.145
    NA              83.548      84.494      84.872      87.280      89.755      90.253      91.296

Between Level

 Means
    PA              37.143      37.874      38.135      39.743      41.323      41.725      42.211
    NA              14.767      15.155      15.464      16.714      17.963      18.210      18.725
    SPR_PA           0.129       0.138       0.142       0.160       0.177       0.182       0.188
    SPR_NA          -0.067      -0.062      -0.059      -0.044      -0.030      -0.027      -0.021
    SPA_PA           0.289       0.299       0.304       0.334       0.363       0.369       0.378
    SNA_NA           0.258       0.269       0.275       0.304       0.334       0.339       0.347

 Variances
    PA              99.950     107.163     111.780     136.836     169.029     176.279     187.258
    NA              57.976      62.067      64.093      78.494      95.911      99.765     109.496
    SPR_PA           0.004       0.005       0.005       0.007       0.011       0.011       0.012
    SPR_NA           0.003       0.003       0.004       0.005       0.008       0.008       0.009
    SPA_PA           0.017       0.019       0.020       0.027       0.036       0.038       0.042
    SNA_NA           0.015       0.017       0.018       0.025       0.035       0.038       0.040


CREDIBILITY INTERVALS OF STANDARDIZED MODEL RESULTS


STDYX Standardization

                  Lower .5%  Lower 2.5%    Lower 5%    Estimate    Upper 5%  Upper 2.5%   Upper .5%

Within Level

 NA       WITH
    PA               0.000      -0.515       0.000      -0.499       0.000      -0.481       0.000

 Means
    PER_SELF         0.000       0.922       0.000       0.948       0.000       0.974       0.000

 Variances
    PER_SELF         0.000       1.000       0.000       1.000       0.000       1.000       0.000

 Residual Variances
    PA               0.000       0.741       0.000       0.761       0.000       0.781       0.000
    NA               0.000       0.828       0.000       0.844       0.000       0.860       0.000

Between Level

 Means
    PA               2.817       2.956       3.030       3.394       3.786       3.863       4.004
    NA               1.540       1.622       1.655       1.891       2.118       2.165       2.250
    SPR_PA           1.304       1.419       1.485       1.878       2.336       2.424       2.598
    SPR_NA          -1.070      -0.927      -0.864      -0.602      -0.376      -0.342      -0.255
    SPA_PA           1.506       1.622       1.684       2.028       2.441       2.545       2.732
    SNA_NA           1.371       1.487       1.550       1.916       2.344       2.444       2.644

 Variances
    PA               1.000       1.000       1.000       1.000       1.000       1.000       1.000
    NA               1.000       1.000       1.000       1.000       1.000       1.000       1.000
    SPR_PA           1.000       1.000       1.000       1.000       1.000       1.000       1.000
    SPR_NA           1.000       1.000       1.000       1.000       1.000       1.000       1.000
    SPA_PA           1.000       1.000       1.000       1.000       1.000       1.000       1.000
    SNA_NA           1.000       1.000       1.000       1.000       1.000       1.000       1.000


STDY Standardization

                  Lower .5%  Lower 2.5%    Lower 5%    Estimate    Upper 5%  Upper 2.5%   Upper .5%

Within Level

 NA       WITH
    PA               0.000      -0.515       0.000      -0.499       0.000      -0.481       0.000

 Means
    PER_SELF         0.000       0.922       0.000       0.948       0.000       0.974       0.000

 Variances
    PER_SELF         0.000       1.000       0.000       1.000       0.000       1.000       0.000

 Residual Variances
    PA               0.000       0.741       0.000       0.761       0.000       0.781       0.000
    NA               0.000       0.828       0.000       0.844       0.000       0.860       0.000

Between Level

 Means
    PA               2.817       2.956       3.030       3.394       3.786       3.863       4.004
    NA               1.540       1.622       1.655       1.891       2.118       2.165       2.250
    SPR_PA           1.304       1.419       1.485       1.878       2.336       2.424       2.598
    SPR_NA          -1.070      -0.927      -0.864      -0.602      -0.376      -0.342      -0.255
    SPA_PA           1.506       1.622       1.684       2.028       2.441       2.545       2.732
    SNA_NA           1.371       1.487       1.550       1.916       2.344       2.444       2.644

 Variances
    PA               1.000       1.000       1.000       1.000       1.000       1.000       1.000
    NA               1.000       1.000       1.000       1.000       1.000       1.000       1.000
    SPR_PA           1.000       1.000       1.000       1.000       1.000       1.000       1.000
    SPR_NA           1.000       1.000       1.000       1.000       1.000       1.000       1.000
    SPA_PA           1.000       1.000       1.000       1.000       1.000       1.000       1.000
    SNA_NA           1.000       1.000       1.000       1.000       1.000       1.000       1.000


STD Standardization

                  Lower .5%  Lower 2.5%    Lower 5%    Estimate    Upper 5%  Upper 2.5%   Upper .5%

Within Level

 NA       WITH
    PA               0.000     -55.384       0.000     -52.513       0.000     -49.745       0.000

 Means
    PER_SELF         0.000      21.925       0.000      22.461       0.000      22.987       0.000

 Variances
    PER_SELF         0.000     543.893       0.000     561.663       0.000     579.636       0.000

 Residual Variances
    PA               0.000     123.151       0.000     127.257       0.000     131.492       0.000
    NA               0.000      84.458       0.000      87.227       0.000      90.117       0.000

Between Level

 Means
    PA              37.143      37.874      38.135      39.743      41.323      41.725      42.211
    NA              14.767      15.155      15.464      16.714      17.963      18.210      18.725
    SPR_PA           1.304       1.419       1.485       1.878       2.336       2.424       2.598
    SPR_NA          -1.070      -0.927      -0.864      -0.602      -0.376      -0.342      -0.255
    SPA_PA           1.506       1.622       1.684       2.028       2.441       2.545       2.732
    SNA_NA           1.371       1.487       1.550       1.916       2.344       2.444       2.644

 Variances
    PA              99.950     107.163     111.780     136.836     169.029     176.279     187.258
    NA              57.976      62.067      64.093      78.494      95.911      99.765     109.496
    SPR_PA           1.000       1.000       1.000       1.000       1.000       1.000       1.000
    SPR_NA           1.000       1.000       1.000       1.000       1.000       1.000       1.000
    SPA_PA           1.000       1.000       1.000       1.000       1.000       1.000       1.000
    SNA_NA           1.000       1.000       1.000       1.000       1.000       1.000       1.000


TECHNICAL 1 OUTPUT


     PARAMETER SPECIFICATION FOR WITHIN


           NU
              PER_SELF      PA            NA            PA&1          NA&1
              ________      ________      ________      ________      ________
                    0             0             0             0             0


           LAMBDA
              PER_SELF      PA            NA            PA&1          NA&1
              ________      ________      ________      ________      ________
 PER_SELF           0             0             0             0             0
 PA                 0             0             0             0             0
 NA                 0             0             0             0             0
 PA&1               0             0             0             0             0
 NA&1               0             0             0             0             0


           THETA
              PER_SELF      PA            NA            PA&1          NA&1
              ________      ________      ________      ________      ________
 PER_SELF           0
 PA                 0             0
 NA                 0             0             0
 PA&1               0             0             0             0
 NA&1               0             0             0             0             0


           ALPHA
              PER_SELF      PA            NA            PA&1          NA&1
              ________      ________      ________      ________      ________
                    1             0             0             0             0


           BETA
              PER_SELF      PA            NA            PA&1          NA&1
              ________      ________      ________      ________      ________
 PER_SELF           0             0             0             0             0
 PA                 0             0             0             0             0
 NA                 0             0             0             0             0
 PA&1               0             0             0             0             0
 NA&1               0             0             0             0             0


           PSI
              PER_SELF      PA            NA            PA&1          NA&1
              ________      ________      ________      ________      ________
 PER_SELF           2
 PA                 0             3
 NA                 0             4             5
 PA&1               0             0             0             0
 NA&1               0             0             0             0             0


     PARAMETER SPECIFICATION FOR BETWEEN


           NU
              PA            NA
              ________      ________
                    0             0


           LAMBDA
              SPR_PA        SPR_NA        SPA_PA        SNA_NA        PA
              ________      ________      ________      ________      ________
 PA                 0             0             0             0             0
 NA                 0             0             0             0             0


           LAMBDA
              NA
              ________
 PA                 0
 NA                 0


           THETA
              PA            NA
              ________      ________
 PA                 0
 NA                 0             0


           ALPHA
              SPR_PA        SPR_NA        SPA_PA        SNA_NA        PA
              ________      ________      ________      ________      ________
                    6             7             8             9            10


           ALPHA
              NA
              ________
                   11


           BETA
              SPR_PA        SPR_NA        SPA_PA        SNA_NA        PA
              ________      ________      ________      ________      ________
 SPR_PA             0             0             0             0             0
 SPR_NA             0             0             0             0             0
 SPA_PA             0             0             0             0             0
 SNA_NA             0             0             0             0             0
 PA                 0             0             0             0             0
 NA                 0             0             0             0             0


           BETA
              NA
              ________
 SPR_PA             0
 SPR_NA             0
 SPA_PA             0
 SNA_NA             0
 PA                 0
 NA                 0


           PSI
              SPR_PA        SPR_NA        SPA_PA        SNA_NA        PA
              ________      ________      ________      ________      ________
 SPR_PA            12
 SPR_NA             0            13
 SPA_PA             0             0            14
 SNA_NA             0             0             0            15
 PA                 0             0             0             0            16
 NA                 0             0             0             0             0


           PSI
              NA
              ________
 NA                17


     STARTING VALUES FOR WITHIN


           NU
              PER_SELF      PA            NA            PA&1          NA&1
              ________      ________      ________      ________      ________
                0.000         0.000         0.000         0.000         0.000


           LAMBDA
              PER_SELF      PA            NA            PA&1          NA&1
              ________      ________      ________      ________      ________
 PER_SELF       1.000         0.000         0.000         0.000         0.000
 PA             0.000         1.000         0.000         0.000         0.000
 NA             0.000         0.000         1.000         0.000         0.000
 PA&1           0.000         0.000         0.000         1.000         0.000
 NA&1           0.000         0.000         0.000         0.000         1.000


           THETA
              PER_SELF      PA            NA            PA&1          NA&1
              ________      ________      ________      ________      ________
 PER_SELF       0.000
 PA             0.000         0.000
 NA             0.000         0.000         0.000
 PA&1           0.000         0.000         0.000         0.000
 NA&1           0.000         0.000         0.000         0.000         0.000


           ALPHA
              PER_SELF      PA            NA            PA&1          NA&1
              ________      ________      ________      ________      ________
                0.000         0.000         0.000         0.000         0.000


           BETA
              PER_SELF      PA            NA            PA&1          NA&1
              ________      ________      ________      ________      ________
 PER_SELF       0.000         0.000         0.000         0.000         0.000
 PA             0.000         0.000         0.000         0.000         0.000
 NA             0.000         0.000         0.000         0.000         0.000
 PA&1           0.000         0.000         0.000         0.000         0.000
 NA&1           0.000         0.000         0.000         0.000         0.000


           PSI
              PER_SELF      PA            NA            PA&1          NA&1
              ________      ________      ________      ________      ________
 PER_SELF     280.109
 PA             0.000       151.006
 NA             0.000         0.000        89.579
 PA&1           0.000         0.000         0.000       151.126
 NA&1           0.000         0.000         0.000         0.000        89.443


     STARTING VALUES FOR BETWEEN


           NU
              PA            NA
              ________      ________
                0.000         0.000


           LAMBDA
              SPR_PA        SPR_NA        SPA_PA        SNA_NA        PA
              ________      ________      ________      ________      ________
 PA             0.000         0.000         0.000         0.000         1.000
 NA             0.000         0.000         0.000         0.000         0.000


           LAMBDA
              NA
              ________
 PA             0.000
 NA             1.000


           THETA
              PA            NA
              ________      ________
 PA             0.000
 NA             0.000         0.000


           ALPHA
              SPR_PA        SPR_NA        SPA_PA        SNA_NA        PA
              ________      ________      ________      ________      ________
                0.000         0.000         0.000         0.000        45.572


           ALPHA
              NA
              ________
               15.167


           BETA
              SPR_PA        SPR_NA        SPA_PA        SNA_NA        PA
              ________      ________      ________      ________      ________
 SPR_PA         0.000         0.000         0.000         0.000         0.000
 SPR_NA         0.000         0.000         0.000         0.000         0.000
 SPA_PA         0.000         0.000         0.000         0.000         0.000
 SNA_NA         0.000         0.000         0.000         0.000         0.000
 PA             0.000         0.000         0.000         0.000         0.000
 NA             0.000         0.000         0.000         0.000         0.000


           BETA
              NA
              ________
 SPR_PA         0.000
 SPR_NA         0.000
 SPA_PA         0.000
 SNA_NA         0.000
 PA             0.000
 NA             0.000


           PSI
              SPR_PA        SPR_NA        SPA_PA        SNA_NA        PA
              ________      ________      ________      ________      ________
 SPR_PA         1.000
 SPR_NA         0.000         1.000
 SPA_PA         0.000         0.000         1.000
 SNA_NA         0.000         0.000         0.000         1.000
 PA             0.000         0.000         0.000         0.000       151.006
 NA             0.000         0.000         0.000         0.000         0.000


           PSI
              NA
              ________
 NA            89.579



     PRIORS FOR ALL PARAMETERS            PRIOR MEAN      PRIOR VARIANCE     PRIOR STD. DEV.

     Parameter 1~N(0.000,infinity)           0.0000            infinity            infinity
     Parameter 2~IG(-1.000,0.000)          infinity            infinity            infinity
     Parameter 3~IW(0.000,-3)              infinity            infinity            infinity
     Parameter 4~IW(0.000,-3)              infinity            infinity            infinity
     Parameter 5~IW(0.000,-3)              infinity            infinity            infinity
     Parameter 6~N(0.000,infinity)           0.0000            infinity            infinity
     Parameter 7~N(0.000,infinity)           0.0000            infinity            infinity
     Parameter 8~N(0.000,infinity)           0.0000            infinity            infinity
     Parameter 9~N(0.000,infinity)           0.0000            infinity            infinity
     Parameter 10~N(0.000,infinity)          0.0000            infinity            infinity
     Parameter 11~N(0.000,infinity)          0.0000            infinity            infinity
     Parameter 12~IG(-1.000,0.000)         infinity            infinity            infinity
     Parameter 13~IG(-1.000,0.000)         infinity            infinity            infinity
     Parameter 14~IG(-1.000,0.000)         infinity            infinity            infinity
     Parameter 15~IG(-1.000,0.000)         infinity            infinity            infinity
     Parameter 16~IG(-1.000,0.000)         infinity            infinity            infinity
     Parameter 17~IG(-1.000,0.000)         infinity            infinity            infinity


TECHNICAL 8 OUTPUT


   TECHNICAL 8 OUTPUT FOR BAYES ESTIMATION

     PROCESSOR    BSEED
     1            0
     2            285380
     3            253358
     4            93468
     5            608496
     6            903420
     7            195873
     8            462953
     9            939021
     10           127215
     11           415931
     12           533738
     13           107446
     14           399671
     15           650371
     16           27071

                     POTENTIAL       PARAMETER WITH
     ITERATION    SCALE REDUCTION      HIGHEST PSR
     100              1.093               16
     200              1.096               8
     300              1.074               4
     400              1.035               4
     500              1.047               4
     600              1.025               9
     700              1.043               9
     800              1.022               9
     900              1.013               9
     1000             1.014               9
     1100             1.016               5
     1200             1.030               8
     1300             1.032               8
     1400             1.029               8
     1500             1.023               8
     1600             1.015               8
     1700             1.010               6
     1800             1.012               6
     1900             1.017               6
     2000             1.018               6
     2100             1.013               6
     2200             1.016               6
     2300             1.009               6
     2400             1.004               6


PLOT INFORMATION

The following plots are available:

  Histograms (sample values)
  Scatterplots (sample values)
  Between-level histograms (sample values, sample means/variances)
  Between-level scatterplots (sample values, sample means/variances)
  Time series plots (sample values, ACF, PACF)
  Histogram of subjects per time point
  Time interval plots
  Bayesian posterior parameter distributions
  Bayesian posterior parameter trace plots
  Bayesian autocorrelation plots

     Beginning Time:  19:48:36
        Ending Time:  19:50:07
       Elapsed Time:  00:01:31



MUTHEN & MUTHEN
3463 Stoner Ave.
Los Angeles, CA  90066

Tel: (310) 391-9971
Fax: (310) 391-8971
Web: www.StatModel.com
Support: Support@StatModel.com

Copyright (c) 1998-2022 Muthen & Muthen
