Mplus VERSION 8.8
MUTHEN & MUTHEN
08/25/2023   7:50 PM

INPUT INSTRUCTIONS


  DATA:
  FILE IS data12.dat;

  VARIABLE:   NAMES =
  	    Eth_ID Time Time_between Time_inc
  	    PA_enth NA_irri NA_verv PA_tevr PA_ener
       	    PA_kalm NA_nerv PA_daadk NA_verdr
  	    PA_vrol NA_boos PA_dankb NA_somb PER_att
      	    PER_refl PER_self PER_expr PER_damp
  	    PER_codamp PER_capit Sample age_yr gesl BDI
      	    Measures_valid BDI_anh Anhedonia
   	    BDI_sum PA NA day compliance;

              USEVARIABLES are PER_self PA NA;
              MISSING is .;
              within = PER_self;
              between = ;
              cluster = Eth_ID;
              lagged= PA NA(1);
              tinterval=Time_inc (150);

  ANALYSIS:   type = twolevel random;
              estimator = Bayes;
              biterations=(2000);
              bconvergence=0.005;
              thin=2;
              PROCESSORS=16;
  MODEL:
  %WITHIN%
  sPR_PA | PA on PER_self;
  sPR_NA | NA on PER_self;
  sPA_PA | PA on PA&1;
  sNA_NA | NA on NA&1;
  [PER_self];


  %between%



  OUTPUT: standardized tech1 tech8 cinterval patterns;
  PLOT: TYPE = PLOT3;



*** WARNING in MODEL command
  A y-variable has been declared on the within level but not referred to on
  the between level.  Please check that this is what is intended.  If this is not intended,
  specify the variable as a within variable.  Problem with:  PA
*** WARNING in MODEL command
  A y-variable has been declared on the within level but not referred to on
  the between level.  Please check that this is what is intended.  If this is not intended,
  specify the variable as a within variable.  Problem with:  NA
*** WARNING
  One or more individual-level variables have no variation within a
  cluster for the following clusters.

     Variable   Cluster IDs with no within-cluster variation

      PER_SELF    71

*** WARNING
  Data set contains cases with missing on all variables.  Cases that appeared before the first
  case with observed data and that appeared after the last case with observed data were not
  included in the analysis.  Number of deleted cases:  679
   4 WARNING(S) FOUND IN THE INPUT INSTRUCTIONS




SUMMARY OF ANALYSIS

Number of groups                                                 1
Number of observations                                       20160

Number of dependent variables                                    2
Number of independent variables                                  3
Number of continuous latent variables                            4

Observed dependent variables

  Continuous
   PA          NA

Observed independent variables
   PER_SELF    PA&1        NA&1

Continuous latent variables
   SPR_PA      SPR_NA      SPA_PA      SNA_NA

Variables with special functions

  Cluster variable      ETH_ID

  Within variables
   PER_SELF    PA&1        NA&1


Estimator                                                    BAYES
Specifications for Bayesian Estimation
  Point estimate                                            MEDIAN
  Number of Markov chain Monte Carlo (MCMC) chains               2
  Random seed for the first chain                                0
  Starting value information                           UNPERTURBED
  Algorithm used for Markov chain Monte Carlo           GIBBS(PX1)
  Convergence criterion                                  0.500D-02
  Maximum number of iterations                               50000
  K-th iteration used for thinning                               2

Input data file(s)
  data12.dat
Input data format  FREE


SUMMARY OF DATA

     Number of clusters                        159

       Size (s)    Cluster ID with Size s

         56        28
         80        82
         84        87
         88        72
         97        34
        101        10
        105        52
        108        119
        111        36
        113        182
        115        89 131
        116        15 188 75 77
        117        11
        118        16 66 49 57 195
        119        197 71 48 149 50 92 38 186 163 106
        120        55 168 7 108 148 192 61 98 165
        122        174
        123        127
        124        161 117 103 51
        125        53 54 13 40 44 88 30 68 100 93 105 112 123 73
        126        107 172 173 102 65 109 111 80 76 120
        127        70 177 133 62 139 118 110 25 115 67 46 104 178 126 193
                   32 86 198 147
        128        43 153 59 156 96 180 18 5
        129        141 144 125 3 185 146 135 190 187 39 137 116 69
        130        138 166 97 14
        133        191
        134        2
        135        194 63 60 183 201 200
        136        26 56
        137        95 4 9 22 19 42
        138        132 29 94
        139        45 74 35 37 84 21 79 145 114
        142        27
        143        179
        144        170 24 171
        145        1 124 162 20
        146        151 6 167
        147        142 31
        148        159 176



SUMMARY OF MISSING DATA PATTERNS

     Number of missing data patterns            13


     MISSING DATA PATTERNS (x = not missing)

           1  2  3  4  5  6  7  8  9 10 11 12 13
 PER_SELF  x  x              x     x     x     x
 PA        x  x        x  x     x  x     x  x
 NA        x  x        x  x        x  x  x
 PA&1      x     x        x  x     x        x
 NA&1      x     x        x  x           x  x


     MISSING DATA PATTERN FREQUENCIES

    Pattern   Frequency     Pattern   Frequency     Pattern   Frequency
          1        4883           6          54          11           1
          2        3221           7           3          12           1
          3        3121           8           5          13           1
          4        8808           9           6
          5          55          10           1


COVARIANCE COVERAGE OF DATA

Minimum covariance coverage value   0.100


     PROPORTION OF DATA PRESENT


           Covariance Coverage
              PER_SELF      PA            NA
              ________      ________      ________
 PER_SELF       0.403
 PA             0.402         0.408
 NA             0.402         0.408         0.408



UNIVARIATE SAMPLE STATISTICS


     UNIVARIATE HIGHER-ORDER MOMENT DESCRIPTIVE STATISTICS

         Variable/         Mean/     Skewness/   Minimum/ % with                Percentiles
        Sample Size      Variance    Kurtosis    Maximum  Min/Max      20%/60%    40%/80%    Median

     PER_SELF             22.518       1.136       0.000   13.68%       3.000      8.000     12.000
            8115.000     560.218       0.374     100.000    0.70%      19.000     45.000
     PA                   45.572      -0.010       0.000    0.29%      30.857     41.571     46.143
            8226.000     302.012      -0.210     100.000    0.07%      50.286     60.286
     NA                   15.612       1.288       0.000    7.51%       5.200      9.600     12.200
            8221.000     169.530       1.589      84.200    0.01%      15.200     24.400


THE MODEL ESTIMATION TERMINATED NORMALLY

     USE THE FBITERATIONS OPTION TO INCREASE THE NUMBER OF ITERATIONS BY A FACTOR
     OF AT LEAST TWO TO CHECK CONVERGENCE AND THAT THE PSR VALUE DOES NOT INCREASE.



MODEL FIT INFORMATION

Number of Free Parameters                              17

Information Criteria

          Deviance (DIC)                       515553.008
          Estimated Number of Parameters (pD)   34416.675



MODEL RESULTS

                                Posterior  One-Tailed         95% C.I.
                    Estimate       S.D.      P-Value   Lower 2.5%  Upper 2.5%  Significance

Within Level

 NA       WITH
    PA               -51.823       1.385      0.000     -54.646     -49.184      *

 Means
    PER_SELF          22.463       0.261      0.000      21.963      22.982      *

 Variances
    PER_SELF         561.738       9.064      0.000     543.563     579.583      *

 Residual Variances
    PA               127.230       2.190      0.000     122.978     131.695      *
    NA                86.118       1.458      0.000      83.288      88.988      *

Between Level

 Means
    PA                39.770       0.988      0.000      37.846      41.734      *
    NA                16.910       0.717      0.000      15.473      18.327      *
    SPR_PA             0.159       0.011      0.000       0.137       0.181      *
    SPR_NA            -0.039       0.009      0.000      -0.055      -0.022      *
    SPA_PA             0.338       0.017      0.000       0.304       0.371      *
    SNA_NA             0.300       0.018      0.000       0.265       0.335      *

 Variances
    PA               137.747      17.625      0.000     107.616     178.147      *
    NA                68.042       8.642      0.000      53.338      86.909      *
    SPR_PA             0.007       0.002      0.000       0.004       0.011      *
    SPR_NA             0.005       0.001      0.000       0.003       0.007      *
    SPA_PA             0.026       0.005      0.000       0.018       0.037      *
    SNA_NA             0.025       0.005      0.000       0.016       0.036      *


STANDARDIZED MODEL RESULTS


STDYX Standardization

                                Posterior  One-Tailed         95% C.I.
                    Estimate       S.D.      P-Value   Lower 2.5%  Upper 2.5%  Significance

Within-Level Standardized Estimates Averaged Over Clusters

 SPR_PA | PA ON
    PER_SELF           0.283       0.014      0.000       0.255       0.311      *

 SPA_PA | PA ON
    PA&1               0.338       0.012      0.000       0.313       0.359      *

 SPR_NA | NA ON
    PER_SELF          -0.089       0.015      0.000      -0.119      -0.061      *

 SNA_NA | NA ON
    NA&1               0.300       0.013      0.000       0.275       0.325      *

 NA       WITH
    PA                -0.495       0.009      0.000      -0.512      -0.478      *

 Means
    PER_SELF           0.948       0.013      0.000       0.923       0.975      *

 Variances
    PER_SELF           1.000       0.000      0.000       1.000       1.000

 Residual Variances
    PA                 0.761       0.010      0.000       0.741       0.780      *
    NA                 0.853       0.008      0.000       0.836       0.869      *

Between Level

 Means
    PA                 3.385       0.230      0.000       2.951       3.865      *
    NA                 2.055       0.148      0.000       1.763       2.348      *
    SPR_PA             1.882       0.260      0.000       1.419       2.425      *
    SPR_NA            -0.558       0.147      0.000      -0.865      -0.299      *
    SPA_PA             2.089       0.236      0.000       1.689       2.604      *
    SNA_NA             1.913       0.247      0.000       1.469       2.449      *

 Variances
    PA                 1.000       0.000      0.000       1.000       1.000
    NA                 1.000       0.000      0.000       1.000       1.000
    SPR_PA             1.000       0.000      0.000       1.000       1.000
    SPR_NA             1.000       0.000      0.000       1.000       1.000
    SPA_PA             1.000       0.000      0.000       1.000       1.000
    SNA_NA             1.000       0.000      0.000       1.000       1.000


STDY Standardization

                                Posterior  One-Tailed         95% C.I.
                    Estimate       S.D.      P-Value   Lower 2.5%  Upper 2.5%  Significance

Within-Level Standardized Estimates Averaged Over Clusters

 SPR_PA | PA ON
    PER_SELF           0.283       0.014      0.000       0.255       0.311      *

 SPA_PA | PA ON
    PA&1               0.025       0.001      0.000       0.023       0.027      *

 SPR_NA | NA ON
    PER_SELF          -0.089       0.015      0.000      -0.119      -0.061      *

 SNA_NA | NA ON
    NA&1               0.029       0.001      0.000       0.026       0.031      *

 NA       WITH
    PA                -0.495       0.009      0.000      -0.512      -0.478      *

 Means
    PER_SELF           0.948       0.013      0.000       0.923       0.975      *

 Variances
    PER_SELF           1.000       0.000      0.000       1.000       1.000

 Residual Variances
    PA                 0.761       0.010      0.000       0.741       0.780      *
    NA                 0.853       0.008      0.000       0.836       0.869      *

Between Level

 Means
    PA                 3.385       0.230      0.000       2.951       3.865      *
    NA                 2.055       0.148      0.000       1.763       2.348      *
    SPR_PA             1.882       0.260      0.000       1.419       2.425      *
    SPR_NA            -0.558       0.147      0.000      -0.865      -0.299      *
    SPA_PA             2.089       0.236      0.000       1.689       2.604      *
    SNA_NA             1.913       0.247      0.000       1.469       2.449      *

 Variances
    PA                 1.000       0.000      0.000       1.000       1.000
    NA                 1.000       0.000      0.000       1.000       1.000
    SPR_PA             1.000       0.000      0.000       1.000       1.000
    SPR_NA             1.000       0.000      0.000       1.000       1.000
    SPA_PA             1.000       0.000      0.000       1.000       1.000
    SNA_NA             1.000       0.000      0.000       1.000       1.000


STD Standardization

                                Posterior  One-Tailed         95% C.I.
                    Estimate       S.D.      P-Value   Lower 2.5%  Upper 2.5%  Significance

Within-Level Standardized Estimates Averaged Over Clusters

 SPR_PA | PA ON
    PER_SELF           0.159       0.008      0.000       0.143       0.175      *

 SPA_PA | PA ON
    PA&1               0.338       0.012      0.000       0.313       0.359      *

 SPR_NA | NA ON
    PER_SELF          -0.038       0.006      0.000      -0.051      -0.026      *

 SNA_NA | NA ON
    NA&1               0.300       0.013      0.000       0.275       0.325      *

 NA       WITH
    PA               -51.803       1.368      0.000     -54.632     -49.218      *

 Means
    PER_SELF          22.472       0.264      0.000      21.954      22.983      *

 Variances
    PER_SELF         561.891       9.022      0.000     544.019     579.726      *

 Residual Variances
    PA               127.260       2.196      0.000     123.003     131.712      *
    NA                86.105       1.455      0.000      83.229      88.936      *

Between Level

 Means
    PA                39.770       0.988      0.000      37.846      41.734      *
    NA                16.910       0.717      0.000      15.473      18.327      *
    SPR_PA             1.882       0.260      0.000       1.419       2.425      *
    SPR_NA            -0.558       0.147      0.000      -0.865      -0.299      *
    SPA_PA             2.089       0.236      0.000       1.689       2.604      *
    SNA_NA             1.913       0.247      0.000       1.469       2.449      *

 Variances
    PA               137.747      17.625      0.000     107.616     178.147      *
    NA                68.042       8.642      0.000      53.338      86.909      *
    SPR_PA             1.000       0.000      0.000       1.000       1.000
    SPR_NA             1.000       0.000      0.000       1.000       1.000
    SPA_PA             1.000       0.000      0.000       1.000       1.000
    SNA_NA             1.000       0.000      0.000       1.000       1.000


R-SQUARE

Within-Level R-Square Averaged Across Clusters

                                Posterior  One-Tailed         95% C.I.
    Variable        Estimate       S.D.      P-Value   Lower 2.5%  Upper 2.5%

    PA                 0.239       0.010      0.000       0.220       0.259
    NA                 0.147       0.008      0.000       0.131       0.164


CREDIBILITY INTERVALS OF MODEL RESULTS

                  Lower .5%  Lower 2.5%    Lower 5%    Estimate    Upper 5%  Upper 2.5%   Upper .5%

Within Level

 NA       WITH
    PA             -55.481     -54.646     -54.213     -51.823     -49.541     -49.184     -48.383

 Means
    PER_SELF        21.804      21.963      22.035      22.463      22.902      22.982      23.120

 Variances
    PER_SELF       537.816     543.563     546.896     561.738     576.547     579.583     585.293

 Residual Variances
    PA             121.984     122.978     123.814     127.230     130.888     131.695     132.911
    NA              82.434      83.288      83.725      86.118      88.486      88.988      90.040

Between Level

 Means
    PA              37.182      37.846      38.154      39.770      41.420      41.734      42.287
    NA              14.976      15.473      15.743      16.910      18.075      18.327      18.830
    SPR_PA           0.131       0.137       0.141       0.159       0.177       0.181       0.189
    SPR_NA          -0.061      -0.055      -0.052      -0.039      -0.024      -0.022      -0.016
    SPA_PA           0.293       0.304       0.309       0.338       0.366       0.371       0.381
    SNA_NA           0.253       0.265       0.271       0.300       0.330       0.335       0.343

 Variances
    PA             100.393     107.616     112.365     137.747     171.350     178.147     190.230
    NA              49.842      53.338      55.336      68.042      83.460      86.909      96.241
    SPR_PA           0.004       0.004       0.005       0.007       0.011       0.011       0.013
    SPR_NA           0.002       0.003       0.003       0.005       0.007       0.007       0.008
    SPA_PA           0.016       0.018       0.019       0.026       0.035       0.037       0.040
    SNA_NA           0.014       0.016       0.017       0.025       0.035       0.036       0.040


CREDIBILITY INTERVALS OF STANDARDIZED MODEL RESULTS


STDYX Standardization

                  Lower .5%  Lower 2.5%    Lower 5%    Estimate    Upper 5%  Upper 2.5%   Upper .5%

Within Level

 NA       WITH
    PA               0.000      -0.512       0.000      -0.495       0.000      -0.478       0.000

 Means
    PER_SELF         0.000       0.923       0.000       0.948       0.000       0.975       0.000

 Variances
    PER_SELF         0.000       1.000       0.000       1.000       0.000       1.000       0.000

 Residual Variances
    PA               0.000       0.741       0.000       0.761       0.000       0.780       0.000
    NA               0.000       0.836       0.000       0.853       0.000       0.869       0.000

Between Level

 Means
    PA               2.813       2.951       3.019       3.385       3.777       3.865       3.997
    NA               1.672       1.763       1.805       2.055       2.301       2.348       2.426
    SPR_PA           1.281       1.419       1.490       1.882       2.332       2.425       2.656
    SPR_NA          -0.976      -0.865      -0.819      -0.558      -0.338      -0.299      -0.212
    SPA_PA           1.574       1.689       1.734       2.089       2.515       2.604       2.817
    SNA_NA           1.365       1.469       1.558       1.913       2.357       2.449       2.657

 Variances
    PA               1.000       1.000       1.000       1.000       1.000       1.000       1.000
    NA               1.000       1.000       1.000       1.000       1.000       1.000       1.000
    SPR_PA           1.000       1.000       1.000       1.000       1.000       1.000       1.000
    SPR_NA           1.000       1.000       1.000       1.000       1.000       1.000       1.000
    SPA_PA           1.000       1.000       1.000       1.000       1.000       1.000       1.000
    SNA_NA           1.000       1.000       1.000       1.000       1.000       1.000       1.000


STDY Standardization

                  Lower .5%  Lower 2.5%    Lower 5%    Estimate    Upper 5%  Upper 2.5%   Upper .5%

Within Level

 NA       WITH
    PA               0.000      -0.512       0.000      -0.495       0.000      -0.478       0.000

 Means
    PER_SELF         0.000       0.923       0.000       0.948       0.000       0.975       0.000

 Variances
    PER_SELF         0.000       1.000       0.000       1.000       0.000       1.000       0.000

 Residual Variances
    PA               0.000       0.741       0.000       0.761       0.000       0.780       0.000
    NA               0.000       0.836       0.000       0.853       0.000       0.869       0.000

Between Level

 Means
    PA               2.813       2.951       3.019       3.385       3.777       3.865       3.997
    NA               1.672       1.763       1.805       2.055       2.301       2.348       2.426
    SPR_PA           1.281       1.419       1.490       1.882       2.332       2.425       2.656
    SPR_NA          -0.976      -0.865      -0.819      -0.558      -0.338      -0.299      -0.212
    SPA_PA           1.574       1.689       1.734       2.089       2.515       2.604       2.817
    SNA_NA           1.365       1.469       1.558       1.913       2.357       2.449       2.657

 Variances
    PA               1.000       1.000       1.000       1.000       1.000       1.000       1.000
    NA               1.000       1.000       1.000       1.000       1.000       1.000       1.000
    SPR_PA           1.000       1.000       1.000       1.000       1.000       1.000       1.000
    SPR_NA           1.000       1.000       1.000       1.000       1.000       1.000       1.000
    SPA_PA           1.000       1.000       1.000       1.000       1.000       1.000       1.000
    SNA_NA           1.000       1.000       1.000       1.000       1.000       1.000       1.000


STD Standardization

                  Lower .5%  Lower 2.5%    Lower 5%    Estimate    Upper 5%  Upper 2.5%   Upper .5%

Within Level

 NA       WITH
    PA               0.000     -54.632       0.000     -51.803       0.000     -49.218       0.000

 Means
    PER_SELF         0.000      21.954       0.000      22.472       0.000      22.983       0.000

 Variances
    PER_SELF         0.000     544.019       0.000     561.891       0.000     579.726       0.000

 Residual Variances
    PA               0.000     123.003       0.000     127.260       0.000     131.712       0.000
    NA               0.000      83.229       0.000      86.105       0.000      88.936       0.000

Between Level

 Means
    PA              37.182      37.846      38.154      39.770      41.420      41.734      42.287
    NA              14.976      15.473      15.743      16.910      18.075      18.327      18.830
    SPR_PA           1.281       1.419       1.490       1.882       2.332       2.425       2.656
    SPR_NA          -0.976      -0.865      -0.819      -0.558      -0.338      -0.299      -0.212
    SPA_PA           1.574       1.689       1.734       2.089       2.515       2.604       2.817
    SNA_NA           1.365       1.469       1.558       1.913       2.357       2.449       2.657

 Variances
    PA             100.393     107.616     112.365     137.747     171.350     178.147     190.230
    NA              49.842      53.338      55.336      68.042      83.460      86.909      96.241
    SPR_PA           1.000       1.000       1.000       1.000       1.000       1.000       1.000
    SPR_NA           1.000       1.000       1.000       1.000       1.000       1.000       1.000
    SPA_PA           1.000       1.000       1.000       1.000       1.000       1.000       1.000
    SNA_NA           1.000       1.000       1.000       1.000       1.000       1.000       1.000


TECHNICAL 1 OUTPUT


     PARAMETER SPECIFICATION FOR WITHIN


           NU
              PER_SELF      PA            NA            PA&1          NA&1
              ________      ________      ________      ________      ________
                    0             0             0             0             0


           LAMBDA
              PER_SELF      PA            NA            PA&1          NA&1
              ________      ________      ________      ________      ________
 PER_SELF           0             0             0             0             0
 PA                 0             0             0             0             0
 NA                 0             0             0             0             0
 PA&1               0             0             0             0             0
 NA&1               0             0             0             0             0


           THETA
              PER_SELF      PA            NA            PA&1          NA&1
              ________      ________      ________      ________      ________
 PER_SELF           0
 PA                 0             0
 NA                 0             0             0
 PA&1               0             0             0             0
 NA&1               0             0             0             0             0


           ALPHA
              PER_SELF      PA            NA            PA&1          NA&1
              ________      ________      ________      ________      ________
                    1             0             0             0             0


           BETA
              PER_SELF      PA            NA            PA&1          NA&1
              ________      ________      ________      ________      ________
 PER_SELF           0             0             0             0             0
 PA                 0             0             0             0             0
 NA                 0             0             0             0             0
 PA&1               0             0             0             0             0
 NA&1               0             0             0             0             0


           PSI
              PER_SELF      PA            NA            PA&1          NA&1
              ________      ________      ________      ________      ________
 PER_SELF           2
 PA                 0             3
 NA                 0             4             5
 PA&1               0             0             0             0
 NA&1               0             0             0             0             0


     PARAMETER SPECIFICATION FOR BETWEEN


           NU
              PA            NA
              ________      ________
                    0             0


           LAMBDA
              SPR_PA        SPR_NA        SPA_PA        SNA_NA        PA
              ________      ________      ________      ________      ________
 PA                 0             0             0             0             0
 NA                 0             0             0             0             0


           LAMBDA
              NA
              ________
 PA                 0
 NA                 0


           THETA
              PA            NA
              ________      ________
 PA                 0
 NA                 0             0


           ALPHA
              SPR_PA        SPR_NA        SPA_PA        SNA_NA        PA
              ________      ________      ________      ________      ________
                    6             7             8             9            10


           ALPHA
              NA
              ________
                   11


           BETA
              SPR_PA        SPR_NA        SPA_PA        SNA_NA        PA
              ________      ________      ________      ________      ________
 SPR_PA             0             0             0             0             0
 SPR_NA             0             0             0             0             0
 SPA_PA             0             0             0             0             0
 SNA_NA             0             0             0             0             0
 PA                 0             0             0             0             0
 NA                 0             0             0             0             0


           BETA
              NA
              ________
 SPR_PA             0
 SPR_NA             0
 SPA_PA             0
 SNA_NA             0
 PA                 0
 NA                 0


           PSI
              SPR_PA        SPR_NA        SPA_PA        SNA_NA        PA
              ________      ________      ________      ________      ________
 SPR_PA            12
 SPR_NA             0            13
 SPA_PA             0             0            14
 SNA_NA             0             0             0            15
 PA                 0             0             0             0            16
 NA                 0             0             0             0             0


           PSI
              NA
              ________
 NA                17


     STARTING VALUES FOR WITHIN


           NU
              PER_SELF      PA            NA            PA&1          NA&1
              ________      ________      ________      ________      ________
                0.000         0.000         0.000         0.000         0.000


           LAMBDA
              PER_SELF      PA            NA            PA&1          NA&1
              ________      ________      ________      ________      ________
 PER_SELF       1.000         0.000         0.000         0.000         0.000
 PA             0.000         1.000         0.000         0.000         0.000
 NA             0.000         0.000         1.000         0.000         0.000
 PA&1           0.000         0.000         0.000         1.000         0.000
 NA&1           0.000         0.000         0.000         0.000         1.000


           THETA
              PER_SELF      PA            NA            PA&1          NA&1
              ________      ________      ________      ________      ________
 PER_SELF       0.000
 PA             0.000         0.000
 NA             0.000         0.000         0.000
 PA&1           0.000         0.000         0.000         0.000
 NA&1           0.000         0.000         0.000         0.000         0.000


           ALPHA
              PER_SELF      PA            NA            PA&1          NA&1
              ________      ________      ________      ________      ________
                0.000         0.000         0.000         0.000         0.000


           BETA
              PER_SELF      PA            NA            PA&1          NA&1
              ________      ________      ________      ________      ________
 PER_SELF       0.000         0.000         0.000         0.000         0.000
 PA             0.000         0.000         0.000         0.000         0.000
 NA             0.000         0.000         0.000         0.000         0.000
 PA&1           0.000         0.000         0.000         0.000         0.000
 NA&1           0.000         0.000         0.000         0.000         0.000


           PSI
              PER_SELF      PA            NA            PA&1          NA&1
              ________      ________      ________      ________      ________
 PER_SELF     280.109
 PA             0.000       151.006
 NA             0.000         0.000        84.765
 PA&1           0.000         0.000         0.000       151.126
 NA&1           0.000         0.000         0.000         0.000        84.764


     STARTING VALUES FOR BETWEEN


           NU
              PA            NA
              ________      ________
                0.000         0.000


           LAMBDA
              SPR_PA        SPR_NA        SPA_PA        SNA_NA        PA
              ________      ________      ________      ________      ________
 PA             0.000         0.000         0.000         0.000         1.000
 NA             0.000         0.000         0.000         0.000         0.000


           LAMBDA
              NA
              ________
 PA             0.000
 NA             1.000


           THETA
              PA            NA
              ________      ________
 PA             0.000
 NA             0.000         0.000


           ALPHA
              SPR_PA        SPR_NA        SPA_PA        SNA_NA        PA
              ________      ________      ________      ________      ________
                0.000         0.000         0.000         0.000        45.572


           ALPHA
              NA
              ________
               15.612


           BETA
              SPR_PA        SPR_NA        SPA_PA        SNA_NA        PA
              ________      ________      ________      ________      ________
 SPR_PA         0.000         0.000         0.000         0.000         0.000
 SPR_NA         0.000         0.000         0.000         0.000         0.000
 SPA_PA         0.000         0.000         0.000         0.000         0.000
 SNA_NA         0.000         0.000         0.000         0.000         0.000
 PA             0.000         0.000         0.000         0.000         0.000
 NA             0.000         0.000         0.000         0.000         0.000


           BETA
              NA
              ________
 SPR_PA         0.000
 SPR_NA         0.000
 SPA_PA         0.000
 SNA_NA         0.000
 PA             0.000
 NA             0.000


           PSI
              SPR_PA        SPR_NA        SPA_PA        SNA_NA        PA
              ________      ________      ________      ________      ________
 SPR_PA         1.000
 SPR_NA         0.000         1.000
 SPA_PA         0.000         0.000         1.000
 SNA_NA         0.000         0.000         0.000         1.000
 PA             0.000         0.000         0.000         0.000       151.006
 NA             0.000         0.000         0.000         0.000         0.000


           PSI
              NA
              ________
 NA            84.765



     PRIORS FOR ALL PARAMETERS            PRIOR MEAN      PRIOR VARIANCE     PRIOR STD. DEV.

     Parameter 1~N(0.000,infinity)           0.0000            infinity            infinity
     Parameter 2~IG(-1.000,0.000)          infinity            infinity            infinity
     Parameter 3~IW(0.000,-3)              infinity            infinity            infinity
     Parameter 4~IW(0.000,-3)              infinity            infinity            infinity
     Parameter 5~IW(0.000,-3)              infinity            infinity            infinity
     Parameter 6~N(0.000,infinity)           0.0000            infinity            infinity
     Parameter 7~N(0.000,infinity)           0.0000            infinity            infinity
     Parameter 8~N(0.000,infinity)           0.0000            infinity            infinity
     Parameter 9~N(0.000,infinity)           0.0000            infinity            infinity
     Parameter 10~N(0.000,infinity)          0.0000            infinity            infinity
     Parameter 11~N(0.000,infinity)          0.0000            infinity            infinity
     Parameter 12~IG(-1.000,0.000)         infinity            infinity            infinity
     Parameter 13~IG(-1.000,0.000)         infinity            infinity            infinity
     Parameter 14~IG(-1.000,0.000)         infinity            infinity            infinity
     Parameter 15~IG(-1.000,0.000)         infinity            infinity            infinity
     Parameter 16~IG(-1.000,0.000)         infinity            infinity            infinity
     Parameter 17~IG(-1.000,0.000)         infinity            infinity            infinity


TECHNICAL 8 OUTPUT


   TECHNICAL 8 OUTPUT FOR BAYES ESTIMATION

     PROCESSOR    BSEED
     1            0
     2            285380
     3            253358
     4            93468
     5            608496
     6            903420
     7            195873
     8            462953
     9            939021
     10           127215
     11           415931
     12           533738
     13           107446
     14           399671
     15           650371
     16           27071

                     POTENTIAL       PARAMETER WITH
     ITERATION    SCALE REDUCTION      HIGHEST PSR
     100              1.072               7
     200              1.090               2
     300              1.075               4
     400              1.031               4
     500              1.052               4
     600              1.028               9
     700              1.030               9
     800              1.020               9
     900              1.013               5
     1000             1.010               5
     1100             1.016               5
     1200             1.016               5
     1300             1.015               8
     1400             1.016               5
     1500             1.013               8
     1600             1.009               7
     1700             1.010               6
     1800             1.010               6
     1900             1.014               6
     2000             1.018               6
     2100             1.015               6
     2200             1.017               6
     2300             1.009               6
     2400             1.005               6


PLOT INFORMATION

The following plots are available:

  Histograms (sample values)
  Scatterplots (sample values)
  Between-level histograms (sample values, sample means/variances)
  Between-level scatterplots (sample values, sample means/variances)
  Time series plots (sample values, ACF, PACF)
  Histogram of subjects per time point
  Time interval plots
  Bayesian posterior parameter distributions
  Bayesian posterior parameter trace plots
  Bayesian autocorrelation plots

     Beginning Time:  19:50:08
        Ending Time:  19:51:39
       Elapsed Time:  00:01:31



MUTHEN & MUTHEN
3463 Stoner Ave.
Los Angeles, CA  90066

Tel: (310) 391-9971
Fax: (310) 391-8971
Web: www.StatModel.com
Support: Support@StatModel.com

Copyright (c) 1998-2022 Muthen & Muthen
