Mplus VERSION 8.8
MUTHEN & MUTHEN
08/25/2023   7:18 PM

INPUT INSTRUCTIONS


  DATA:
  FILE IS data6.dat;

  VARIABLE:   NAMES =
  	    Eth_ID Time Time_between Time_inc
  	    PA_enth NA_irri NA_verv PA_tevr PA_ener
       	    PA_kalm NA_nerv PA_daadk NA_verdr
  	    PA_vrol NA_boos PA_dankb NA_somb PER_att
      	    PER_refl PER_self PER_expr PER_damp
  	    PER_codamp PER_capit Sample age_yr gesl BDI
      	    Measures_valid BDI_anh Anhedonia
   	    BDI_sum PA NA day compliance;

              USEVARIABLES are PER_expr PA NA;
              MISSING is .;
              within = PER_expr;
              between = ;
              cluster = Eth_ID;
              lagged= PA NA(1);
              tinterval=Time_inc (150);

  ANALYSIS:   type = twolevel random;
              estimator = Bayes;
              biterations=(2000);
              bconvergence=0.005;
              thin=2;
              PROCESSORS=16;
  MODEL:
  %WITHIN%
  sPR_PA | PA on PER_expr;
  sPR_NA | NA on PER_expr;
  sPA_PA | PA on PA&1;
  sNA_NA | NA on NA&1;
  [PER_expr];


  %between%



  OUTPUT: standardized tech1 tech8 cinterval patterns;
  PLOT: TYPE = PLOT3;



*** WARNING in MODEL command
  A y-variable has been declared on the within level but not referred to on
  the between level.  Please check that this is what is intended.  If this is not intended,
  specify the variable as a within variable.  Problem with:  PA
*** WARNING in MODEL command
  A y-variable has been declared on the within level but not referred to on
  the between level.  Please check that this is what is intended.  If this is not intended,
  specify the variable as a within variable.  Problem with:  NA
*** WARNING
  Data set contains cases with missing on all variables.  Cases that appeared before the first
  case with observed data and that appeared after the last case with observed data were not
  included in the analysis.  Number of deleted cases:  679
   3 WARNING(S) FOUND IN THE INPUT INSTRUCTIONS




SUMMARY OF ANALYSIS

Number of groups                                                 1
Number of observations                                       20160

Number of dependent variables                                    2
Number of independent variables                                  3
Number of continuous latent variables                            4

Observed dependent variables

  Continuous
   PA          NA

Observed independent variables
   PER_EXPR    PA&1        NA&1

Continuous latent variables
   SPR_PA      SPR_NA      SPA_PA      SNA_NA

Variables with special functions

  Cluster variable      ETH_ID

  Within variables
   PER_EXPR    PA&1        NA&1


Estimator                                                    BAYES
Specifications for Bayesian Estimation
  Point estimate                                            MEDIAN
  Number of Markov chain Monte Carlo (MCMC) chains               2
  Random seed for the first chain                                0
  Starting value information                           UNPERTURBED
  Algorithm used for Markov chain Monte Carlo           GIBBS(PX1)
  Convergence criterion                                  0.500D-02
  Maximum number of iterations                               50000
  K-th iteration used for thinning                               2

Input data file(s)
  data6.dat
Input data format  FREE


SUMMARY OF DATA

     Number of clusters                        159

       Size (s)    Cluster ID with Size s

         56        28
         80        82
         84        87
         88        72
         97        34
        101        10
        105        52
        108        119
        111        36
        113        182
        115        89 131
        116        15 188 75 77
        117        11
        118        16 66 49 57 195
        119        197 71 48 149 50 92 38 186 163 106
        120        55 168 7 108 148 192 61 98 165
        122        174
        123        127
        124        161 117 103 51
        125        53 54 13 40 44 88 30 68 100 93 105 112 123 73
        126        107 172 173 102 65 109 111 80 76 120
        127        70 177 133 62 139 118 110 25 115 67 46 104 178 126 193
                   32 86 198 147
        128        43 153 59 156 96 180 18 5
        129        141 144 125 3 185 146 135 190 187 39 137 116 69
        130        138 166 97 14
        133        191
        134        2
        135        194 63 60 183 201 200
        136        26 56
        137        95 4 9 22 19 42
        138        132 29 94
        139        45 74 35 37 84 21 79 145 114
        142        27
        143        179
        144        170 24 171
        145        1 124 162 20
        146        151 6 167
        147        142 31
        148        159 176



SUMMARY OF MISSING DATA PATTERNS

     Number of missing data patterns            13


     MISSING DATA PATTERNS (x = not missing)

           1  2  3  4  5  6  7  8  9 10 11 12 13
 PER_EXPR  x  x              x     x     x     x
 PA        x  x        x  x     x  x     x  x
 NA        x  x        x  x        x  x  x
 PA&1      x     x        x  x     x        x
 NA&1      x     x        x  x           x  x


     MISSING DATA PATTERN FREQUENCIES

    Pattern   Frequency     Pattern   Frequency     Pattern   Frequency
          1        4886           6          52          11           1
          2        3223           7           3          12           1
          3        3121           8           4          13           1
          4        8808           9           5
          5          54          10           1


COVARIANCE COVERAGE OF DATA

Minimum covariance coverage value   0.100


     PROPORTION OF DATA PRESENT


           Covariance Coverage
              PER_EXPR      PA            NA
              ________      ________      ________
 PER_EXPR       0.403
 PA             0.403         0.408
 NA             0.403         0.408         0.408



UNIVARIATE SAMPLE STATISTICS


     UNIVARIATE HIGHER-ORDER MOMENT DESCRIPTIVE STATISTICS

         Variable/         Mean/     Skewness/   Minimum/ % with                Percentiles
        Sample Size      Variance    Kurtosis    Maximum  Min/Max      20%/60%    40%/80%    Median

     PER_EXPR             42.897       0.009       0.000    6.37%       8.000     35.000     47.000
            8119.000     852.491      -1.197     100.000    2.32%      55.000     70.000
     PA                   47.250      -0.053       0.000    0.35%      32.167     43.333     47.833
            8226.000     318.049      -0.209     100.000    0.11%      52.000     62.333
     NA                   14.975       1.412       0.000    7.26%       5.000      9.167     11.500
            8222.000     164.910       1.997      80.667    0.01%      14.333     23.000


THE MODEL ESTIMATION TERMINATED NORMALLY

     USE THE FBITERATIONS OPTION TO INCREASE THE NUMBER OF ITERATIONS BY A FACTOR
     OF AT LEAST TWO TO CHECK CONVERGENCE AND THAT THE PSR VALUE DOES NOT INCREASE.



MODEL FIT INFORMATION

Number of Free Parameters                              17

Information Criteria

          Deviance (DIC)                       518308.174
          Estimated Number of Parameters (pD)   31910.616



MODEL RESULTS

                                Posterior  One-Tailed         95% C.I.
                    Estimate       S.D.      P-Value   Lower 2.5%  Upper 2.5%  Significance

Within Level

 NA       WITH
    PA               -45.537       1.301      0.000     -48.019     -43.051      *

 Means
    PER_EXPR          42.713       0.321      0.000      42.068      43.310      *

 Variances
    PER_EXPR         855.936      13.460      0.000     830.087     882.337      *

 Residual Variances
    PA               125.022       2.225      0.000     120.741     129.452      *
    NA                73.056       1.235      0.000      70.628      75.487      *

Between Level

 Means
    PA                33.535       0.943      0.000      31.746      35.425      *
    NA                20.440       0.848      0.000      18.727      22.046      *
    SPR_PA             0.217       0.009      0.000       0.200       0.233      *
    SPR_NA            -0.081       0.007      0.000      -0.094      -0.067      *
    SPA_PA             0.286       0.017      0.000       0.253       0.320      *
    SNA_NA             0.300       0.018      0.000       0.266       0.336      *

 Variances
    PA               106.702      14.419      0.000      81.104     139.574      *
    NA               100.866      13.165      0.000      78.435     129.516      *
    SPR_PA             0.005       0.001      0.000       0.003       0.008      *
    SPR_NA             0.004       0.001      0.000       0.003       0.006      *
    SPA_PA             0.024       0.004      0.000       0.017       0.034      *
    SNA_NA             0.024       0.005      0.000       0.016       0.034      *


STANDARDIZED MODEL RESULTS


STDYX Standardization

                                Posterior  One-Tailed         95% C.I.
                    Estimate       S.D.      P-Value   Lower 2.5%  Upper 2.5%  Significance

Within-Level Standardized Estimates Averaged Over Clusters

 SPR_PA | PA ON
    PER_EXPR           0.453       0.011      0.000       0.431       0.475      *

 SPA_PA | PA ON
    PA&1               0.286       0.012      0.000       0.263       0.308      *

 SPR_NA | NA ON
    PER_EXPR          -0.236       0.013      0.000      -0.262      -0.210      *

 SNA_NA | NA ON
    NA&1               0.299       0.012      0.000       0.276       0.324      *

 NA       WITH
    PA                -0.476       0.009      0.000      -0.495      -0.458      *

 Means
    PER_EXPR           1.460       0.016      0.000       1.428       1.492      *

 Variances
    PER_EXPR           1.000       0.000      0.000       1.000       1.000

 Residual Variances
    PA                 0.673       0.010      0.000       0.653       0.694      *
    NA                 0.800       0.009      0.000       0.781       0.817      *

Between Level

 Means
    PA                 3.257       0.234      0.000       2.815       3.756      *
    NA                 2.035       0.150      0.000       1.747       2.342      *
    SPR_PA             2.965       0.353      0.000       2.401       3.753      *
    SPR_NA            -1.235       0.164      0.000      -1.588      -0.948      *
    SPA_PA             1.836       0.217      0.000       1.455       2.310      *
    SNA_NA             1.945       0.243      0.000       1.535       2.471      *

 Variances
    PA                 1.000       0.000      0.000       1.000       1.000
    NA                 1.000       0.000      0.000       1.000       1.000
    SPR_PA             1.000       0.000      0.000       1.000       1.000
    SPR_NA             1.000       0.000      0.000       1.000       1.000
    SPA_PA             1.000       0.000      0.000       1.000       1.000
    SNA_NA             1.000       0.000      0.000       1.000       1.000


STDY Standardization

                                Posterior  One-Tailed         95% C.I.
                    Estimate       S.D.      P-Value   Lower 2.5%  Upper 2.5%  Significance

Within-Level Standardized Estimates Averaged Over Clusters

 SPR_PA | PA ON
    PER_EXPR           0.453       0.011      0.000       0.431       0.475      *

 SPA_PA | PA ON
    PA&1               0.020       0.001      0.000       0.019       0.022      *

 SPR_NA | NA ON
    PER_EXPR          -0.236       0.013      0.000      -0.262      -0.210      *

 SNA_NA | NA ON
    NA&1               0.030       0.001      0.000       0.028       0.033      *

 NA       WITH
    PA                -0.476       0.009      0.000      -0.495      -0.458      *

 Means
    PER_EXPR           1.460       0.016      0.000       1.428       1.492      *

 Variances
    PER_EXPR           1.000       0.000      0.000       1.000       1.000

 Residual Variances
    PA                 0.673       0.010      0.000       0.653       0.694      *
    NA                 0.800       0.009      0.000       0.781       0.817      *

Between Level

 Means
    PA                 3.257       0.234      0.000       2.815       3.756      *
    NA                 2.035       0.150      0.000       1.747       2.342      *
    SPR_PA             2.965       0.353      0.000       2.401       3.753      *
    SPR_NA            -1.235       0.164      0.000      -1.588      -0.948      *
    SPA_PA             1.836       0.217      0.000       1.455       2.310      *
    SNA_NA             1.945       0.243      0.000       1.535       2.471      *

 Variances
    PA                 1.000       0.000      0.000       1.000       1.000
    NA                 1.000       0.000      0.000       1.000       1.000
    SPR_PA             1.000       0.000      0.000       1.000       1.000
    SPR_NA             1.000       0.000      0.000       1.000       1.000
    SPA_PA             1.000       0.000      0.000       1.000       1.000
    SNA_NA             1.000       0.000      0.000       1.000       1.000


STD Standardization

                                Posterior  One-Tailed         95% C.I.
                    Estimate       S.D.      P-Value   Lower 2.5%  Upper 2.5%  Significance

Within-Level Standardized Estimates Averaged Over Clusters

 SPR_PA | PA ON
    PER_EXPR           0.217       0.006      0.000       0.205       0.229      *

 SPA_PA | PA ON
    PA&1               0.286       0.012      0.000       0.263       0.308      *

 SPR_NA | NA ON
    PER_EXPR          -0.080       0.005      0.000      -0.089      -0.071      *

 SNA_NA | NA ON
    NA&1               0.299       0.012      0.000       0.276       0.324      *

 NA       WITH
    PA               -45.537       1.301      0.000     -48.019     -43.051      *

 Means
    PER_EXPR          42.713       0.321      0.000      42.068      43.310      *

 Variances
    PER_EXPR         855.936      13.460      0.000     830.087     882.337      *

 Residual Variances
    PA               125.022       2.225      0.000     120.741     129.452      *
    NA                73.056       1.235      0.000      70.628      75.487      *

Between Level

 Means
    PA                33.535       0.943      0.000      31.746      35.425      *
    NA                20.440       0.848      0.000      18.727      22.046      *
    SPR_PA             2.965       0.353      0.000       2.401       3.753      *
    SPR_NA            -1.235       0.164      0.000      -1.588      -0.948      *
    SPA_PA             1.836       0.217      0.000       1.455       2.310      *
    SNA_NA             1.945       0.243      0.000       1.535       2.471      *

 Variances
    PA               106.702      14.419      0.000      81.104     139.574      *
    NA               100.866      13.165      0.000      78.435     129.516      *
    SPR_PA             1.000       0.000      0.000       1.000       1.000
    SPR_NA             1.000       0.000      0.000       1.000       1.000
    SPA_PA             1.000       0.000      0.000       1.000       1.000
    SNA_NA             1.000       0.000      0.000       1.000       1.000


R-SQUARE

Within-Level R-Square Averaged Across Clusters

                                Posterior  One-Tailed         95% C.I.
    Variable        Estimate       S.D.      P-Value   Lower 2.5%  Upper 2.5%

    PA                 0.327       0.010      0.000       0.306       0.347
    NA                 0.200       0.009      0.000       0.183       0.219


CREDIBILITY INTERVALS OF MODEL RESULTS

                  Lower .5%  Lower 2.5%    Lower 5%    Estimate    Upper 5%  Upper 2.5%   Upper .5%

Within Level

 NA       WITH
    PA             -49.000     -48.019     -47.698     -45.537     -43.434     -43.051     -42.340

 Means
    PER_EXPR        41.855      42.068      42.161      42.713      43.218      43.310      43.534

 Variances
    PER_EXPR       823.129     830.087     834.253     855.936     878.357     882.337     891.372

 Residual Variances
    PA             120.019     120.741     121.376     125.022     128.785     129.452     130.758
    NA              69.828      70.628      71.045      73.056      75.131      75.487      76.290

Between Level

 Means
    PA              31.240      31.746      32.031      33.535      35.183      35.425      36.015
    NA              18.368      18.727      18.982      20.440      21.790      22.046      22.588
    SPR_PA           0.194       0.200       0.203       0.217       0.230       0.233       0.238
    SPR_NA          -0.098      -0.094      -0.092      -0.081      -0.069      -0.067      -0.062
    SPA_PA           0.243       0.253       0.258       0.286       0.314       0.320       0.330
    SNA_NA           0.251       0.266       0.270       0.300       0.330       0.336       0.347

 Variances
    PA              75.610      81.104      85.459     106.702     132.726     139.574     150.808
    NA              71.794      78.435      81.868     100.866     124.807     129.516     144.995
    SPR_PA           0.003       0.003       0.004       0.005       0.007       0.008       0.009
    SPR_NA           0.002       0.003       0.003       0.004       0.006       0.006       0.007
    SPA_PA           0.015       0.017       0.018       0.024       0.032       0.034       0.038
    SNA_NA           0.014       0.016       0.017       0.024       0.032       0.034       0.037


CREDIBILITY INTERVALS OF STANDARDIZED MODEL RESULTS


STDYX Standardization

                  Lower .5%  Lower 2.5%    Lower 5%    Estimate    Upper 5%  Upper 2.5%   Upper .5%

Within Level

 NA       WITH
    PA               0.000      -0.495       0.000      -0.476       0.000      -0.458       0.000

 Means
    PER_EXPR         0.000       1.428       0.000       1.460       0.000       1.492       0.000

 Variances
    PER_EXPR         0.000       1.000       0.000       1.000       0.000       1.000       0.000

 Residual Variances
    PA               0.000       0.653       0.000       0.673       0.000       0.694       0.000
    NA               0.000       0.781       0.000       0.800       0.000       0.817       0.000

Between Level

 Means
    PA               2.696       2.815       2.878       3.257       3.655       3.756       3.913
    NA               1.648       1.747       1.792       2.035       2.288       2.342       2.432
    SPR_PA           2.258       2.401       2.467       2.965       3.622       3.753       4.183
    SPR_NA          -1.721      -1.588      -1.522      -1.235      -0.982      -0.948      -0.859
    SPA_PA           1.365       1.455       1.519       1.836       2.231       2.310       2.495
    SNA_NA           1.394       1.535       1.599       1.945       2.391       2.471       2.671

 Variances
    PA               1.000       1.000       1.000       1.000       1.000       1.000       1.000
    NA               1.000       1.000       1.000       1.000       1.000       1.000       1.000
    SPR_PA           1.000       1.000       1.000       1.000       1.000       1.000       1.000
    SPR_NA           1.000       1.000       1.000       1.000       1.000       1.000       1.000
    SPA_PA           1.000       1.000       1.000       1.000       1.000       1.000       1.000
    SNA_NA           1.000       1.000       1.000       1.000       1.000       1.000       1.000


STDY Standardization

                  Lower .5%  Lower 2.5%    Lower 5%    Estimate    Upper 5%  Upper 2.5%   Upper .5%

Within Level

 NA       WITH
    PA               0.000      -0.495       0.000      -0.476       0.000      -0.458       0.000

 Means
    PER_EXPR         0.000       1.428       0.000       1.460       0.000       1.492       0.000

 Variances
    PER_EXPR         0.000       1.000       0.000       1.000       0.000       1.000       0.000

 Residual Variances
    PA               0.000       0.653       0.000       0.673       0.000       0.694       0.000
    NA               0.000       0.781       0.000       0.800       0.000       0.817       0.000

Between Level

 Means
    PA               2.696       2.815       2.878       3.257       3.655       3.756       3.913
    NA               1.648       1.747       1.792       2.035       2.288       2.342       2.432
    SPR_PA           2.258       2.401       2.467       2.965       3.622       3.753       4.183
    SPR_NA          -1.721      -1.588      -1.522      -1.235      -0.982      -0.948      -0.859
    SPA_PA           1.365       1.455       1.519       1.836       2.231       2.310       2.495
    SNA_NA           1.394       1.535       1.599       1.945       2.391       2.471       2.671

 Variances
    PA               1.000       1.000       1.000       1.000       1.000       1.000       1.000
    NA               1.000       1.000       1.000       1.000       1.000       1.000       1.000
    SPR_PA           1.000       1.000       1.000       1.000       1.000       1.000       1.000
    SPR_NA           1.000       1.000       1.000       1.000       1.000       1.000       1.000
    SPA_PA           1.000       1.000       1.000       1.000       1.000       1.000       1.000
    SNA_NA           1.000       1.000       1.000       1.000       1.000       1.000       1.000


STD Standardization

                  Lower .5%  Lower 2.5%    Lower 5%    Estimate    Upper 5%  Upper 2.5%   Upper .5%

Within Level

 NA       WITH
    PA               0.000     -48.019       0.000     -45.537       0.000     -43.051       0.000

 Means
    PER_EXPR         0.000      42.068       0.000      42.713       0.000      43.310       0.000

 Variances
    PER_EXPR         0.000     830.087       0.000     855.936       0.000     882.337       0.000

 Residual Variances
    PA               0.000     120.741       0.000     125.022       0.000     129.452       0.000
    NA               0.000      70.628       0.000      73.056       0.000      75.487       0.000

Between Level

 Means
    PA              31.240      31.746      32.031      33.535      35.183      35.425      36.015
    NA              18.368      18.727      18.982      20.440      21.790      22.046      22.588
    SPR_PA           2.258       2.401       2.467       2.965       3.622       3.753       4.183
    SPR_NA          -1.721      -1.588      -1.522      -1.235      -0.982      -0.948      -0.859
    SPA_PA           1.365       1.455       1.519       1.836       2.231       2.310       2.495
    SNA_NA           1.394       1.535       1.599       1.945       2.391       2.471       2.671

 Variances
    PA              75.610      81.104      85.459     106.702     132.726     139.574     150.808
    NA              71.794      78.435      81.868     100.866     124.807     129.516     144.995
    SPR_PA           1.000       1.000       1.000       1.000       1.000       1.000       1.000
    SPR_NA           1.000       1.000       1.000       1.000       1.000       1.000       1.000
    SPA_PA           1.000       1.000       1.000       1.000       1.000       1.000       1.000
    SNA_NA           1.000       1.000       1.000       1.000       1.000       1.000       1.000


TECHNICAL 1 OUTPUT


     PARAMETER SPECIFICATION FOR WITHIN


           NU
              PER_EXPR      PA            NA            PA&1          NA&1
              ________      ________      ________      ________      ________
                    0             0             0             0             0


           LAMBDA
              PER_EXPR      PA            NA            PA&1          NA&1
              ________      ________      ________      ________      ________
 PER_EXPR           0             0             0             0             0
 PA                 0             0             0             0             0
 NA                 0             0             0             0             0
 PA&1               0             0             0             0             0
 NA&1               0             0             0             0             0


           THETA
              PER_EXPR      PA            NA            PA&1          NA&1
              ________      ________      ________      ________      ________
 PER_EXPR           0
 PA                 0             0
 NA                 0             0             0
 PA&1               0             0             0             0
 NA&1               0             0             0             0             0


           ALPHA
              PER_EXPR      PA            NA            PA&1          NA&1
              ________      ________      ________      ________      ________
                    1             0             0             0             0


           BETA
              PER_EXPR      PA            NA            PA&1          NA&1
              ________      ________      ________      ________      ________
 PER_EXPR           0             0             0             0             0
 PA                 0             0             0             0             0
 NA                 0             0             0             0             0
 PA&1               0             0             0             0             0
 NA&1               0             0             0             0             0


           PSI
              PER_EXPR      PA            NA            PA&1          NA&1
              ________      ________      ________      ________      ________
 PER_EXPR           2
 PA                 0             3
 NA                 0             4             5
 PA&1               0             0             0             0
 NA&1               0             0             0             0             0


     PARAMETER SPECIFICATION FOR BETWEEN


           NU
              PA            NA
              ________      ________
                    0             0


           LAMBDA
              SPR_PA        SPR_NA        SPA_PA        SNA_NA        PA
              ________      ________      ________      ________      ________
 PA                 0             0             0             0             0
 NA                 0             0             0             0             0


           LAMBDA
              NA
              ________
 PA                 0
 NA                 0


           THETA
              PA            NA
              ________      ________
 PA                 0
 NA                 0             0


           ALPHA
              SPR_PA        SPR_NA        SPA_PA        SNA_NA        PA
              ________      ________      ________      ________      ________
                    6             7             8             9            10


           ALPHA
              NA
              ________
                   11


           BETA
              SPR_PA        SPR_NA        SPA_PA        SNA_NA        PA
              ________      ________      ________      ________      ________
 SPR_PA             0             0             0             0             0
 SPR_NA             0             0             0             0             0
 SPA_PA             0             0             0             0             0
 SNA_NA             0             0             0             0             0
 PA                 0             0             0             0             0
 NA                 0             0             0             0             0


           BETA
              NA
              ________
 SPR_PA             0
 SPR_NA             0
 SPA_PA             0
 SNA_NA             0
 PA                 0
 NA                 0


           PSI
              SPR_PA        SPR_NA        SPA_PA        SNA_NA        PA
              ________      ________      ________      ________      ________
 SPR_PA            12
 SPR_NA             0            13
 SPA_PA             0             0            14
 SNA_NA             0             0             0            15
 PA                 0             0             0             0            16
 NA                 0             0             0             0             0


           PSI
              NA
              ________
 NA                17


     STARTING VALUES FOR WITHIN


           NU
              PER_EXPR      PA            NA            PA&1          NA&1
              ________      ________      ________      ________      ________
                0.000         0.000         0.000         0.000         0.000


           LAMBDA
              PER_EXPR      PA            NA            PA&1          NA&1
              ________      ________      ________      ________      ________
 PER_EXPR       1.000         0.000         0.000         0.000         0.000
 PA             0.000         1.000         0.000         0.000         0.000
 NA             0.000         0.000         1.000         0.000         0.000
 PA&1           0.000         0.000         0.000         1.000         0.000
 NA&1           0.000         0.000         0.000         0.000         1.000


           THETA
              PER_EXPR      PA            NA            PA&1          NA&1
              ________      ________      ________      ________      ________
 PER_EXPR       0.000
 PA             0.000         0.000
 NA             0.000         0.000         0.000
 PA&1           0.000         0.000         0.000         0.000
 NA&1           0.000         0.000         0.000         0.000         0.000


           ALPHA
              PER_EXPR      PA            NA            PA&1          NA&1
              ________      ________      ________      ________      ________
                0.000         0.000         0.000         0.000         0.000


           BETA
              PER_EXPR      PA            NA            PA&1          NA&1
              ________      ________      ________      ________      ________
 PER_EXPR       0.000         0.000         0.000         0.000         0.000
 PA             0.000         0.000         0.000         0.000         0.000
 NA             0.000         0.000         0.000         0.000         0.000
 PA&1           0.000         0.000         0.000         0.000         0.000
 NA&1           0.000         0.000         0.000         0.000         0.000


           PSI
              PER_EXPR      PA            NA            PA&1          NA&1
              ________      ________      ________      ________      ________
 PER_EXPR     426.246
 PA             0.000       159.025
 NA             0.000         0.000        82.455
 PA&1           0.000         0.000         0.000       159.207
 NA&1           0.000         0.000         0.000         0.000        82.346


     STARTING VALUES FOR BETWEEN


           NU
              PA            NA
              ________      ________
                0.000         0.000


           LAMBDA
              SPR_PA        SPR_NA        SPA_PA        SNA_NA        PA
              ________      ________      ________      ________      ________
 PA             0.000         0.000         0.000         0.000         1.000
 NA             0.000         0.000         0.000         0.000         0.000


           LAMBDA
              NA
              ________
 PA             0.000
 NA             1.000


           THETA
              PA            NA
              ________      ________
 PA             0.000
 NA             0.000         0.000


           ALPHA
              SPR_PA        SPR_NA        SPA_PA        SNA_NA        PA
              ________      ________      ________      ________      ________
                0.000         0.000         0.000         0.000        47.250


           ALPHA
              NA
              ________
               14.975


           BETA
              SPR_PA        SPR_NA        SPA_PA        SNA_NA        PA
              ________      ________      ________      ________      ________
 SPR_PA         0.000         0.000         0.000         0.000         0.000
 SPR_NA         0.000         0.000         0.000         0.000         0.000
 SPA_PA         0.000         0.000         0.000         0.000         0.000
 SNA_NA         0.000         0.000         0.000         0.000         0.000
 PA             0.000         0.000         0.000         0.000         0.000
 NA             0.000         0.000         0.000         0.000         0.000


           BETA
              NA
              ________
 SPR_PA         0.000
 SPR_NA         0.000
 SPA_PA         0.000
 SNA_NA         0.000
 PA             0.000
 NA             0.000


           PSI
              SPR_PA        SPR_NA        SPA_PA        SNA_NA        PA
              ________      ________      ________      ________      ________
 SPR_PA         1.000
 SPR_NA         0.000         1.000
 SPA_PA         0.000         0.000         1.000
 SNA_NA         0.000         0.000         0.000         1.000
 PA             0.000         0.000         0.000         0.000       159.025
 NA             0.000         0.000         0.000         0.000         0.000


           PSI
              NA
              ________
 NA            82.455



     PRIORS FOR ALL PARAMETERS            PRIOR MEAN      PRIOR VARIANCE     PRIOR STD. DEV.

     Parameter 1~N(0.000,infinity)           0.0000            infinity            infinity
     Parameter 2~IG(-1.000,0.000)          infinity            infinity            infinity
     Parameter 3~IW(0.000,-3)              infinity            infinity            infinity
     Parameter 4~IW(0.000,-3)              infinity            infinity            infinity
     Parameter 5~IW(0.000,-3)              infinity            infinity            infinity
     Parameter 6~N(0.000,infinity)           0.0000            infinity            infinity
     Parameter 7~N(0.000,infinity)           0.0000            infinity            infinity
     Parameter 8~N(0.000,infinity)           0.0000            infinity            infinity
     Parameter 9~N(0.000,infinity)           0.0000            infinity            infinity
     Parameter 10~N(0.000,infinity)          0.0000            infinity            infinity
     Parameter 11~N(0.000,infinity)          0.0000            infinity            infinity
     Parameter 12~IG(-1.000,0.000)         infinity            infinity            infinity
     Parameter 13~IG(-1.000,0.000)         infinity            infinity            infinity
     Parameter 14~IG(-1.000,0.000)         infinity            infinity            infinity
     Parameter 15~IG(-1.000,0.000)         infinity            infinity            infinity
     Parameter 16~IG(-1.000,0.000)         infinity            infinity            infinity
     Parameter 17~IG(-1.000,0.000)         infinity            infinity            infinity


TECHNICAL 8 OUTPUT


   TECHNICAL 8 OUTPUT FOR BAYES ESTIMATION

     PROCESSOR    BSEED
     1            0
     2            285380
     3            253358
     4            93468
     5            608496
     6            903420
     7            195873
     8            462953
     9            939021
     10           127215
     11           415931
     12           533738
     13           107446
     14           399671
     15           650371
     16           27071

                     POTENTIAL       PARAMETER WITH
     ITERATION    SCALE REDUCTION      HIGHEST PSR
     100              1.084               6
     200              1.128               8
     300              1.005               8
     400              1.041               8
     500              1.016               8
     600              1.006               1
     700              1.029               8
     800              1.032               8
     900              1.005               8
     1000             1.003               10
     1100             1.007               17
     1200             1.004               17
     1300             1.004               5
     1400             1.004               8
     1500             1.008               8
     1600             1.003               15
     1700             1.003               2
     1800             1.009               2
     1900             1.009               2
     2000             1.004               2


PLOT INFORMATION

The following plots are available:

  Histograms (sample values)
  Scatterplots (sample values)
  Between-level histograms (sample values, sample means/variances)
  Between-level scatterplots (sample values, sample means/variances)
  Time series plots (sample values, ACF, PACF)
  Histogram of subjects per time point
  Time interval plots
  Bayesian posterior parameter distributions
  Bayesian posterior parameter trace plots
  Bayesian autocorrelation plots

     Beginning Time:  19:18:05
        Ending Time:  19:19:24
       Elapsed Time:  00:01:19



MUTHEN & MUTHEN
3463 Stoner Ave.
Los Angeles, CA  90066

Tel: (310) 391-9971
Fax: (310) 391-8971
Web: www.StatModel.com
Support: Support@StatModel.com

Copyright (c) 1998-2022 Muthen & Muthen
