Mplus VERSION 8.8
MUTHEN & MUTHEN
08/25/2023   5:59 PM

INPUT INSTRUCTIONS


  DATA:
  FILE IS data11.dat;

  VARIABLE:   NAMES =
  	    Eth_ID Time Time_between Time_inc
  	    PA_enth NA_irri NA_verv PA_tevr PA_ener
       	    PA_kalm NA_nerv PA_daadk NA_verdr
  	    PA_vrol NA_boos PA_dankb NA_somb PER_att
      	    PER_refl PER_self PER_expr PER_damp
  	    PER_codamp PER_capit Sample age_yr gesl BDI
      	    Measures_valid BDI_anh Anhedonia
   	    BDI_sum PA NA day compliance;

              USEVARIABLES are PER_capit PA NA;
              MISSING is .;
              within = PER_capit;
              between = ;
              cluster = Eth_ID;
              lagged= PA NA(1);
              tinterval=Time_inc (150);

  ANALYSIS:   type = twolevel random;
              estimator = Bayes;
              biterations=(2000);
              bconvergence=0.005;
              thin=2;
              PROCESSORS=16;
  MODEL:
  %WITHIN%
  sPR_PA | PA on PER_capit;
  sPR_NA | NA on PER_capit;
  sPA_PA | PA on PA&1;
  sNA_NA | NA on NA&1;
  [PER_capit];


  %between%



  OUTPUT: standardized tech1 tech8 cinterval patterns;
  PLOT: TYPE = PLOT3;



*** WARNING in VARIABLE command
  Note that only the first 8 characters of variable names are used in the output.
  Shorten variable names to avoid any confusion.
*** WARNING in MODEL command
  A y-variable has been declared on the within level but not referred to on
  the between level.  Please check that this is what is intended.  If this is not intended,
  specify the variable as a within variable.  Problem with:  PA
*** WARNING in MODEL command
  A y-variable has been declared on the within level but not referred to on
  the between level.  Please check that this is what is intended.  If this is not intended,
  specify the variable as a within variable.  Problem with:  NA
*** WARNING in PLOT command
  Note that only the first 8 characters of variable names are used in plots.
  If variable names are not unique within the first 8 characters, problems
  may occur.
*** WARNING
  One or more individual-level variables have no variation within a
  cluster for the following clusters.

     Variable   Cluster IDs with no within-cluster variation

      PER_CAPI    165 127 73 177

*** WARNING
  Data set contains cases with missing on all variables.  Cases that appeared before the first
  case with observed data and that appeared after the last case with observed data were not
  included in the analysis.  Number of deleted cases:  679
   6 WARNING(S) FOUND IN THE INPUT INSTRUCTIONS




SUMMARY OF ANALYSIS

Number of groups                                                 1
Number of observations                                       20160

Number of dependent variables                                    2
Number of independent variables                                  3
Number of continuous latent variables                            4

Observed dependent variables

  Continuous
   PA          NA

Observed independent variables
   PER_CAPI    PA&1        NA&1

Continuous latent variables
   SPR_PA      SPR_NA      SPA_PA      SNA_NA

Variables with special functions

  Cluster variable      ETH_ID

  Within variables
   PER_CAPI    PA&1        NA&1


Estimator                                                    BAYES
Specifications for Bayesian Estimation
  Point estimate                                            MEDIAN
  Number of Markov chain Monte Carlo (MCMC) chains               2
  Random seed for the first chain                                0
  Starting value information                           UNPERTURBED
  Algorithm used for Markov chain Monte Carlo           GIBBS(PX1)
  Convergence criterion                                  0.500D-02
  Maximum number of iterations                               50000
  K-th iteration used for thinning                               2

Input data file(s)
  data11.dat
Input data format  FREE


SUMMARY OF DATA

     Number of clusters                        159

       Size (s)    Cluster ID with Size s

         56        28
         80        82
         84        87
         88        72
         97        34
        101        10
        105        52
        108        119
        111        36
        113        182
        115        89 131
        116        15 188 75 77
        117        11
        118        16 66 49 57 195
        119        197 71 48 149 50 92 38 186 163 106
        120        55 168 7 108 148 192 61 98 165
        122        174
        123        127
        124        161 117 103 51
        125        53 54 13 40 44 88 30 68 100 93 105 112 123 73
        126        107 172 173 102 65 109 111 80 76 120
        127        70 177 133 62 139 118 110 25 115 67 46 104 178 126 193
                   32 86 198 147
        128        43 153 59 156 96 180 18 5
        129        141 144 125 3 185 146 135 190 187 39 137 116 69
        130        138 166 97 14
        133        191
        134        2
        135        194 63 60 183 201 200
        136        26 56
        137        95 4 9 22 19 42
        138        132 29 94
        139        45 74 35 37 84 21 79 145 114
        142        27
        143        179
        144        170 24 171
        145        1 124 162 20
        146        151 6 167
        147        142 31
        148        159 176



SUMMARY OF MISSING DATA PATTERNS

     Number of missing data patterns            13


     MISSING DATA PATTERNS (x = not missing)

           1  2  3  4  5  6  7  8  9 10 11 12 13
 PER_CAPI  x  x              x     x     x     x
 PA        x  x        x  x     x  x     x  x
 NA        x  x        x  x        x  x  x
 PA&1      x     x        x  x     x        x
 NA&1      x     x        x  x           x  x


     MISSING DATA PATTERN FREQUENCIES

    Pattern   Frequency     Pattern   Frequency     Pattern   Frequency
          1        4875           6          63          11           1
          2        3209           7           3          12           1
          3        3121           8           4          13           1
          4        8808           9           5
          5          68          10           1


COVARIANCE COVERAGE OF DATA

Minimum covariance coverage value   0.100


     PROPORTION OF DATA PRESENT


           Covariance Coverage
              PER_CAPI      PA            NA
              ________      ________      ________
 PER_CAPI       0.401
 PA             0.401         0.408
 NA             0.401         0.408         0.408



UNIVARIATE SAMPLE STATISTICS


     UNIVARIATE HIGHER-ORDER MOMENT DESCRIPTIVE STATISTICS

         Variable/         Mean/     Skewness/   Minimum/ % with                Percentiles
        Sample Size      Variance    Kurtosis    Maximum  Min/Max      20%/60%    40%/80%    Median

     PER_CAPIT            23.940       1.000       0.000   16.79%       2.000      7.000     11.000
            8094.000     670.135      -0.150     100.000    1.03%      20.000     51.000
     PA                   45.572      -0.010       0.000    0.29%      30.857     41.571     46.143
            8226.000     302.012      -0.210     100.000    0.07%      50.286     60.286
     NA                   15.167       1.446       0.000    8.12%       4.800      9.000     11.400
            8222.000     179.158       2.137      89.400    0.01%      14.400     23.400


THE MODEL ESTIMATION TERMINATED NORMALLY

     USE THE FBITERATIONS OPTION TO INCREASE THE NUMBER OF ITERATIONS BY A FACTOR
     OF AT LEAST TWO TO CHECK CONVERGENCE AND THAT THE PSR VALUE DOES NOT INCREASE.



MODEL FIT INFORMATION

Number of Free Parameters                              17

Information Criteria

          Deviance (DIC)                       519932.312
          Estimated Number of Parameters (pD)   34587.815



MODEL RESULTS

                                Posterior  One-Tailed         95% C.I.
                    Estimate       S.D.      P-Value   Lower 2.5%  Upper 2.5%  Significance

Within Level

 NA       WITH
    PA               -53.679       1.434      0.000     -56.524     -50.822      *

 Means
    PER_CAPIT         23.880       0.285      0.000      23.308      24.439      *

 Variances
    PER_CAPIT        672.241      10.365      0.000     652.914     693.344      *

 Residual Variances
    PA               130.590       2.231      0.000     126.032     135.023      *
    NA                87.246       1.512      0.000      84.455      90.506      *

Between Level

 Means
    PA                40.545       0.936      0.000      38.768      42.432      *
    NA                16.086       0.746      0.000      14.621      17.540      *
    SPR_PA             0.126       0.009      0.000       0.108       0.144      *
    SPR_NA            -0.017       0.009      0.036      -0.035       0.002
    SPA_PA             0.341       0.017      0.000       0.306       0.374      *
    SNA_NA             0.306       0.017      0.000       0.272       0.339      *

 Variances
    PA               123.289      15.477      0.000      97.965     158.703      *
    NA                74.441       9.838      0.000      58.807      97.103      *
    SPR_PA             0.004       0.001      0.000       0.002       0.008      *
    SPR_NA             0.007       0.001      0.000       0.004       0.010      *
    SPA_PA             0.026       0.005      0.000       0.017       0.036      *
    SNA_NA             0.025       0.005      0.000       0.017       0.036      *


STANDARDIZED MODEL RESULTS


STDYX Standardization

                                Posterior  One-Tailed         95% C.I.
                    Estimate       S.D.      P-Value   Lower 2.5%  Upper 2.5%  Significance

Within-Level Standardized Estimates Averaged Over Clusters

 SPR_PA | PA ON
    PER_CAPIT          0.247       0.015      0.000       0.217       0.275      *

 SPA_PA | PA ON
    PA&1               0.342       0.012      0.000       0.316       0.364      *

 SPR_NA | NA ON
    PER_CAPIT         -0.044       0.016      0.004      -0.076      -0.012      *

 SNA_NA | NA ON
    NA&1               0.306       0.012      0.000       0.282       0.328      *

 NA       WITH
    PA                -0.503       0.009      0.000      -0.520      -0.485      *

 Means
    PER_CAPIT          0.921       0.013      0.000       0.894       0.947      *

 Variances
    PER_CAPIT          1.000       0.000      0.000       1.000       1.000

 Residual Variances
    PA                 0.782       0.009      0.000       0.764       0.799      *
    NA                 0.842       0.008      0.000       0.826       0.859      *

Between Level

 Means
    PA                 3.658       0.240      0.000       3.205       4.136      *
    NA                 1.863       0.142      0.000       1.586       2.143      *
    SPR_PA             1.879       0.349      0.000       1.347       2.712      *
    SPR_NA            -0.216       0.123      0.036      -0.472       0.018
    SPA_PA             2.135       0.248      0.000       1.714       2.679      *
    SNA_NA             1.938       0.228      0.000       1.535       2.425      *

 Variances
    PA                 1.000       0.000      0.000       1.000       1.000
    NA                 1.000       0.000      0.000       1.000       1.000
    SPR_PA             1.000       0.000      0.000       1.000       1.000
    SPR_NA             1.000       0.000      0.000       1.000       1.000
    SPA_PA             1.000       0.000      0.000       1.000       1.000
    SNA_NA             1.000       0.000      0.000       1.000       1.000


STDY Standardization

                                Posterior  One-Tailed         95% C.I.
                    Estimate       S.D.      P-Value   Lower 2.5%  Upper 2.5%  Significance

Within-Level Standardized Estimates Averaged Over Clusters

 SPR_PA | PA ON
    PER_CAPIT          0.247       0.015      0.000       0.217       0.275      *

 SPA_PA | PA ON
    PA&1               0.026       0.001      0.000       0.024       0.027      *

 SPR_NA | NA ON
    PER_CAPIT         -0.044       0.016      0.004      -0.076      -0.012      *

 SNA_NA | NA ON
    NA&1               0.029       0.001      0.000       0.027       0.031      *

 NA       WITH
    PA                -0.503       0.009      0.000      -0.520      -0.485      *

 Means
    PER_CAPIT          0.921       0.013      0.000       0.894       0.947      *

 Variances
    PER_CAPIT          1.000       0.000      0.000       1.000       1.000

 Residual Variances
    PA                 0.782       0.009      0.000       0.764       0.799      *
    NA                 0.842       0.008      0.000       0.826       0.859      *

Between Level

 Means
    PA                 3.658       0.240      0.000       3.205       4.136      *
    NA                 1.863       0.142      0.000       1.586       2.143      *
    SPR_PA             1.879       0.349      0.000       1.347       2.712      *
    SPR_NA            -0.216       0.123      0.036      -0.472       0.018
    SPA_PA             2.135       0.248      0.000       1.714       2.679      *
    SNA_NA             1.938       0.228      0.000       1.535       2.425      *

 Variances
    PA                 1.000       0.000      0.000       1.000       1.000
    NA                 1.000       0.000      0.000       1.000       1.000
    SPR_PA             1.000       0.000      0.000       1.000       1.000
    SPR_NA             1.000       0.000      0.000       1.000       1.000
    SPA_PA             1.000       0.000      0.000       1.000       1.000
    SNA_NA             1.000       0.000      0.000       1.000       1.000


STD Standardization

                                Posterior  One-Tailed         95% C.I.
                    Estimate       S.D.      P-Value   Lower 2.5%  Upper 2.5%  Significance

Within-Level Standardized Estimates Averaged Over Clusters

 SPR_PA | PA ON
    PER_CAPIT          0.126       0.008      0.000       0.111       0.140      *

 SPA_PA | PA ON
    PA&1               0.342       0.012      0.000       0.316       0.364      *

 SPR_NA | NA ON
    PER_CAPIT         -0.017       0.007      0.007      -0.030      -0.004      *

 SNA_NA | NA ON
    NA&1               0.306       0.012      0.000       0.282       0.328      *

 NA       WITH
    PA               -53.675       1.436      0.000     -56.539     -50.843      *

 Means
    PER_CAPIT         23.880       0.288      0.000      23.298      24.439      *

 Variances
    PER_CAPIT        672.275      10.360      0.000     652.956     693.444      *

 Residual Variances
    PA               130.597       2.260      0.000     125.991     135.037      *
    NA                87.242       1.500      0.000      84.447      90.391      *

Between Level

 Means
    PA                40.545       0.936      0.000      38.768      42.432      *
    NA                16.086       0.746      0.000      14.621      17.540      *
    SPR_PA             1.879       0.349      0.000       1.347       2.712      *
    SPR_NA            -0.216       0.123      0.036      -0.472       0.018
    SPA_PA             2.135       0.248      0.000       1.714       2.679      *
    SNA_NA             1.938       0.228      0.000       1.535       2.425      *

 Variances
    PA               123.289      15.477      0.000      97.965     158.703      *
    NA                74.441       9.838      0.000      58.807      97.103      *
    SPR_PA             1.000       0.000      0.000       1.000       1.000
    SPR_NA             1.000       0.000      0.000       1.000       1.000
    SPA_PA             1.000       0.000      0.000       1.000       1.000
    SNA_NA             1.000       0.000      0.000       1.000       1.000


R-SQUARE

Within-Level R-Square Averaged Across Clusters

                                Posterior  One-Tailed         95% C.I.
    Variable        Estimate       S.D.      P-Value   Lower 2.5%  Upper 2.5%

    PA                 0.218       0.009      0.000       0.201       0.236
    NA                 0.158       0.008      0.000       0.141       0.174


CREDIBILITY INTERVALS OF MODEL RESULTS

                  Lower .5%  Lower 2.5%    Lower 5%    Estimate    Upper 5%  Upper 2.5%   Upper .5%

Within Level

 NA       WITH
    PA             -57.285     -56.524     -55.987     -53.679     -51.326     -50.822     -49.996

 Means
    PER_CAPIT       23.142      23.308      23.413      23.880      24.350      24.439      24.589

 Variances
    PER_CAPIT      646.427     652.914     655.741     672.241     690.091     693.344     700.045

 Residual Variances
    PA             124.745     126.032     126.859     130.590     134.209     135.023     136.598
    NA              83.535      84.455      84.917      87.246      89.773      90.506      91.404

Between Level

 Means
    PA              38.201      38.768      39.003      40.545      42.124      42.432      42.932
    NA              14.094      14.621      14.832      16.086      17.342      17.540      18.037
    SPR_PA           0.101       0.108       0.111       0.126       0.141       0.144       0.150
    SPR_NA          -0.041      -0.035      -0.033      -0.017      -0.002       0.002       0.007
    SPA_PA           0.292       0.306       0.312       0.341       0.369       0.374       0.386
    SNA_NA           0.259       0.272       0.278       0.306       0.333       0.339       0.349

 Variances
    PA              89.640      97.965     101.423     123.289     152.042     158.703     171.983
    NA              53.729      58.807      60.921      74.441      92.888      97.103     104.393
    SPR_PA           0.002       0.002       0.003       0.004       0.007       0.008       0.009
    SPR_NA           0.004       0.004       0.005       0.007       0.009       0.010       0.011
    SPA_PA           0.015       0.017       0.018       0.026       0.034       0.036       0.040
    SNA_NA           0.015       0.017       0.018       0.025       0.034       0.036       0.039


CREDIBILITY INTERVALS OF STANDARDIZED MODEL RESULTS


STDYX Standardization

                  Lower .5%  Lower 2.5%    Lower 5%    Estimate    Upper 5%  Upper 2.5%   Upper .5%

Within Level

 NA       WITH
    PA               0.000      -0.520       0.000      -0.503       0.000      -0.485       0.000

 Means
    PER_CAPIT        0.000       0.894       0.000       0.921       0.000       0.947       0.000

 Variances
    PER_CAPIT        0.000       1.000       0.000       1.000       0.000       1.000       0.000

 Residual Variances
    PA               0.000       0.764       0.000       0.782       0.000       0.799       0.000
    NA               0.000       0.826       0.000       0.842       0.000       0.859       0.000

Between Level

 Means
    PA               3.053       3.205       3.269       3.658       4.051       4.136       4.276
    NA               1.490       1.586       1.629       1.863       2.093       2.143       2.264
    SPR_PA           1.194       1.347       1.411       1.879       2.555       2.712       3.087
    SPR_NA          -0.544      -0.472      -0.426      -0.216      -0.020       0.018       0.076
    SPA_PA           1.601       1.714       1.767       2.135       2.579       2.679       2.847
    SNA_NA           1.428       1.535       1.598       1.938       2.339       2.425       2.567

 Variances
    PA               1.000       1.000       1.000       1.000       1.000       1.000       1.000
    NA               1.000       1.000       1.000       1.000       1.000       1.000       1.000
    SPR_PA           1.000       1.000       1.000       1.000       1.000       1.000       1.000
    SPR_NA           1.000       1.000       1.000       1.000       1.000       1.000       1.000
    SPA_PA           1.000       1.000       1.000       1.000       1.000       1.000       1.000
    SNA_NA           1.000       1.000       1.000       1.000       1.000       1.000       1.000


STDY Standardization

                  Lower .5%  Lower 2.5%    Lower 5%    Estimate    Upper 5%  Upper 2.5%   Upper .5%

Within Level

 NA       WITH
    PA               0.000      -0.520       0.000      -0.503       0.000      -0.485       0.000

 Means
    PER_CAPIT        0.000       0.894       0.000       0.921       0.000       0.947       0.000

 Variances
    PER_CAPIT        0.000       1.000       0.000       1.000       0.000       1.000       0.000

 Residual Variances
    PA               0.000       0.764       0.000       0.782       0.000       0.799       0.000
    NA               0.000       0.826       0.000       0.842       0.000       0.859       0.000

Between Level

 Means
    PA               3.053       3.205       3.269       3.658       4.051       4.136       4.276
    NA               1.490       1.586       1.629       1.863       2.093       2.143       2.264
    SPR_PA           1.194       1.347       1.411       1.879       2.555       2.712       3.087
    SPR_NA          -0.544      -0.472      -0.426      -0.216      -0.020       0.018       0.076
    SPA_PA           1.601       1.714       1.767       2.135       2.579       2.679       2.847
    SNA_NA           1.428       1.535       1.598       1.938       2.339       2.425       2.567

 Variances
    PA               1.000       1.000       1.000       1.000       1.000       1.000       1.000
    NA               1.000       1.000       1.000       1.000       1.000       1.000       1.000
    SPR_PA           1.000       1.000       1.000       1.000       1.000       1.000       1.000
    SPR_NA           1.000       1.000       1.000       1.000       1.000       1.000       1.000
    SPA_PA           1.000       1.000       1.000       1.000       1.000       1.000       1.000
    SNA_NA           1.000       1.000       1.000       1.000       1.000       1.000       1.000


STD Standardization

                  Lower .5%  Lower 2.5%    Lower 5%    Estimate    Upper 5%  Upper 2.5%   Upper .5%

Within Level

 NA       WITH
    PA               0.000     -56.539       0.000     -53.675       0.000     -50.843       0.000

 Means
    PER_CAPIT        0.000      23.298       0.000      23.880       0.000      24.439       0.000

 Variances
    PER_CAPIT        0.000     652.956       0.000     672.275       0.000     693.444       0.000

 Residual Variances
    PA               0.000     125.991       0.000     130.597       0.000     135.037       0.000
    NA               0.000      84.447       0.000      87.242       0.000      90.391       0.000

Between Level

 Means
    PA              38.201      38.768      39.003      40.545      42.124      42.432      42.932
    NA              14.094      14.621      14.832      16.086      17.342      17.540      18.037
    SPR_PA           1.194       1.347       1.411       1.879       2.555       2.712       3.087
    SPR_NA          -0.544      -0.472      -0.426      -0.216      -0.020       0.018       0.076
    SPA_PA           1.601       1.714       1.767       2.135       2.579       2.679       2.847
    SNA_NA           1.428       1.535       1.598       1.938       2.339       2.425       2.567

 Variances
    PA              89.640      97.965     101.423     123.289     152.042     158.703     171.983
    NA              53.729      58.807      60.921      74.441      92.888      97.103     104.393
    SPR_PA           1.000       1.000       1.000       1.000       1.000       1.000       1.000
    SPR_NA           1.000       1.000       1.000       1.000       1.000       1.000       1.000
    SPA_PA           1.000       1.000       1.000       1.000       1.000       1.000       1.000
    SNA_NA           1.000       1.000       1.000       1.000       1.000       1.000       1.000


TECHNICAL 1 OUTPUT


     PARAMETER SPECIFICATION FOR WITHIN


           NU
              PER_CAPI      PA            NA            PA&1          NA&1
              ________      ________      ________      ________      ________
                    0             0             0             0             0


           LAMBDA
              PER_CAPI      PA            NA            PA&1          NA&1
              ________      ________      ________      ________      ________
 PER_CAPI           0             0             0             0             0
 PA                 0             0             0             0             0
 NA                 0             0             0             0             0
 PA&1               0             0             0             0             0
 NA&1               0             0             0             0             0


           THETA
              PER_CAPI      PA            NA            PA&1          NA&1
              ________      ________      ________      ________      ________
 PER_CAPI           0
 PA                 0             0
 NA                 0             0             0
 PA&1               0             0             0             0
 NA&1               0             0             0             0             0


           ALPHA
              PER_CAPI      PA            NA            PA&1          NA&1
              ________      ________      ________      ________      ________
                    1             0             0             0             0


           BETA
              PER_CAPI      PA            NA            PA&1          NA&1
              ________      ________      ________      ________      ________
 PER_CAPI           0             0             0             0             0
 PA                 0             0             0             0             0
 NA                 0             0             0             0             0
 PA&1               0             0             0             0             0
 NA&1               0             0             0             0             0


           PSI
              PER_CAPI      PA            NA            PA&1          NA&1
              ________      ________      ________      ________      ________
 PER_CAPI           2
 PA                 0             3
 NA                 0             4             5
 PA&1               0             0             0             0
 NA&1               0             0             0             0             0


     PARAMETER SPECIFICATION FOR BETWEEN


           NU
              PA            NA
              ________      ________
                    0             0


           LAMBDA
              SPR_PA        SPR_NA        SPA_PA        SNA_NA        PA
              ________      ________      ________      ________      ________
 PA                 0             0             0             0             0
 NA                 0             0             0             0             0


           LAMBDA
              NA
              ________
 PA                 0
 NA                 0


           THETA
              PA            NA
              ________      ________
 PA                 0
 NA                 0             0


           ALPHA
              SPR_PA        SPR_NA        SPA_PA        SNA_NA        PA
              ________      ________      ________      ________      ________
                    6             7             8             9            10


           ALPHA
              NA
              ________
                   11


           BETA
              SPR_PA        SPR_NA        SPA_PA        SNA_NA        PA
              ________      ________      ________      ________      ________
 SPR_PA             0             0             0             0             0
 SPR_NA             0             0             0             0             0
 SPA_PA             0             0             0             0             0
 SNA_NA             0             0             0             0             0
 PA                 0             0             0             0             0
 NA                 0             0             0             0             0


           BETA
              NA
              ________
 SPR_PA             0
 SPR_NA             0
 SPA_PA             0
 SNA_NA             0
 PA                 0
 NA                 0


           PSI
              SPR_PA        SPR_NA        SPA_PA        SNA_NA        PA
              ________      ________      ________      ________      ________
 SPR_PA            12
 SPR_NA             0            13
 SPA_PA             0             0            14
 SNA_NA             0             0             0            15
 PA                 0             0             0             0            16
 NA                 0             0             0             0             0


           PSI
              NA
              ________
 NA                17


     STARTING VALUES FOR WITHIN


           NU
              PER_CAPI      PA            NA            PA&1          NA&1
              ________      ________      ________      ________      ________
                0.000         0.000         0.000         0.000         0.000


           LAMBDA
              PER_CAPI      PA            NA            PA&1          NA&1
              ________      ________      ________      ________      ________
 PER_CAPI       1.000         0.000         0.000         0.000         0.000
 PA             0.000         1.000         0.000         0.000         0.000
 NA             0.000         0.000         1.000         0.000         0.000
 PA&1           0.000         0.000         0.000         1.000         0.000
 NA&1           0.000         0.000         0.000         0.000         1.000


           THETA
              PER_CAPI      PA            NA            PA&1          NA&1
              ________      ________      ________      ________      ________
 PER_CAPI       0.000
 PA             0.000         0.000
 NA             0.000         0.000         0.000
 PA&1           0.000         0.000         0.000         0.000
 NA&1           0.000         0.000         0.000         0.000         0.000


           ALPHA
              PER_CAPI      PA            NA            PA&1          NA&1
              ________      ________      ________      ________      ________
                0.000         0.000         0.000         0.000         0.000


           BETA
              PER_CAPI      PA            NA            PA&1          NA&1
              ________      ________      ________      ________      ________
 PER_CAPI       0.000         0.000         0.000         0.000         0.000
 PA             0.000         0.000         0.000         0.000         0.000
 NA             0.000         0.000         0.000         0.000         0.000
 PA&1           0.000         0.000         0.000         0.000         0.000
 NA&1           0.000         0.000         0.000         0.000         0.000


           PSI
              PER_CAPI      PA            NA            PA&1          NA&1
              ________      ________      ________      ________      ________
 PER_CAPI     335.068
 PA             0.000       151.006
 NA             0.000         0.000        89.579
 PA&1           0.000         0.000         0.000       151.126
 NA&1           0.000         0.000         0.000         0.000        89.443


     STARTING VALUES FOR BETWEEN


           NU
              PA            NA
              ________      ________
                0.000         0.000


           LAMBDA
              SPR_PA        SPR_NA        SPA_PA        SNA_NA        PA
              ________      ________      ________      ________      ________
 PA             0.000         0.000         0.000         0.000         1.000
 NA             0.000         0.000         0.000         0.000         0.000


           LAMBDA
              NA
              ________
 PA             0.000
 NA             1.000


           THETA
              PA            NA
              ________      ________
 PA             0.000
 NA             0.000         0.000


           ALPHA
              SPR_PA        SPR_NA        SPA_PA        SNA_NA        PA
              ________      ________      ________      ________      ________
                0.000         0.000         0.000         0.000        45.572


           ALPHA
              NA
              ________
               15.167


           BETA
              SPR_PA        SPR_NA        SPA_PA        SNA_NA        PA
              ________      ________      ________      ________      ________
 SPR_PA         0.000         0.000         0.000         0.000         0.000
 SPR_NA         0.000         0.000         0.000         0.000         0.000
 SPA_PA         0.000         0.000         0.000         0.000         0.000
 SNA_NA         0.000         0.000         0.000         0.000         0.000
 PA             0.000         0.000         0.000         0.000         0.000
 NA             0.000         0.000         0.000         0.000         0.000


           BETA
              NA
              ________
 SPR_PA         0.000
 SPR_NA         0.000
 SPA_PA         0.000
 SNA_NA         0.000
 PA             0.000
 NA             0.000


           PSI
              SPR_PA        SPR_NA        SPA_PA        SNA_NA        PA
              ________      ________      ________      ________      ________
 SPR_PA         1.000
 SPR_NA         0.000         1.000
 SPA_PA         0.000         0.000         1.000
 SNA_NA         0.000         0.000         0.000         1.000
 PA             0.000         0.000         0.000         0.000       151.006
 NA             0.000         0.000         0.000         0.000         0.000


           PSI
              NA
              ________
 NA            89.579



     PRIORS FOR ALL PARAMETERS            PRIOR MEAN      PRIOR VARIANCE     PRIOR STD. DEV.

     Parameter 1~N(0.000,infinity)           0.0000            infinity            infinity
     Parameter 2~IG(-1.000,0.000)          infinity            infinity            infinity
     Parameter 3~IW(0.000,-3)              infinity            infinity            infinity
     Parameter 4~IW(0.000,-3)              infinity            infinity            infinity
     Parameter 5~IW(0.000,-3)              infinity            infinity            infinity
     Parameter 6~N(0.000,infinity)           0.0000            infinity            infinity
     Parameter 7~N(0.000,infinity)           0.0000            infinity            infinity
     Parameter 8~N(0.000,infinity)           0.0000            infinity            infinity
     Parameter 9~N(0.000,infinity)           0.0000            infinity            infinity
     Parameter 10~N(0.000,infinity)          0.0000            infinity            infinity
     Parameter 11~N(0.000,infinity)          0.0000            infinity            infinity
     Parameter 12~IG(-1.000,0.000)         infinity            infinity            infinity
     Parameter 13~IG(-1.000,0.000)         infinity            infinity            infinity
     Parameter 14~IG(-1.000,0.000)         infinity            infinity            infinity
     Parameter 15~IG(-1.000,0.000)         infinity            infinity            infinity
     Parameter 16~IG(-1.000,0.000)         infinity            infinity            infinity
     Parameter 17~IG(-1.000,0.000)         infinity            infinity            infinity


TECHNICAL 8 OUTPUT


   TECHNICAL 8 OUTPUT FOR BAYES ESTIMATION

     PROCESSOR    BSEED
     1            0
     2            285380
     3            253358
     4            93468
     5            608496
     6            903420
     7            195873
     8            462953
     9            939021
     10           127215
     11           415931
     12           533738
     13           107446
     14           399671
     15           650371
     16           27071

                     POTENTIAL       PARAMETER WITH
     ITERATION    SCALE REDUCTION      HIGHEST PSR
     100              1.147               6
     200              1.044               9
     300              1.033               6
     400              1.021               3
     500              1.008               3
     600              1.006               17
     700              1.015               1
     800              1.012               1
     900              1.011               1
     1000             1.008               1
     1100             1.010               1
     1200             1.013               8
     1300             1.009               8
     1400             1.011               5
     1500             1.018               5
     1600             1.017               5
     1700             1.014               5
     1800             1.010               5
     1900             1.007               5
     2000             1.013               5
     2100             1.009               5
     2200             1.008               5
     2300             1.008               5


PLOT INFORMATION

The following plots are available:

  Histograms (sample values)
  Scatterplots (sample values)
  Between-level histograms (sample values, sample means/variances)
  Between-level scatterplots (sample values, sample means/variances)
  Time series plots (sample values, ACF, PACF)
  Histogram of subjects per time point
  Time interval plots
  Bayesian posterior parameter distributions
  Bayesian posterior parameter trace plots
  Bayesian autocorrelation plots

     Beginning Time:  17:59:37
        Ending Time:  18:01:06
       Elapsed Time:  00:01:29



MUTHEN & MUTHEN
3463 Stoner Ave.
Los Angeles, CA  90066

Tel: (310) 391-9971
Fax: (310) 391-8971
Web: www.StatModel.com
Support: Support@StatModel.com

Copyright (c) 1998-2022 Muthen & Muthen
