Mplus VERSION 8.8
MUTHEN & MUTHEN
08/25/2023   6:05 PM

INPUT INSTRUCTIONS


  DATA:
  FILE IS data2.dat;

  VARIABLE:   NAMES =
  	    Eth_ID Time Time_between Time_inc
  	    PA_enth NA_irri NA_verv PA_tevr PA_ener
       	    PA_kalm NA_nerv PA_daadk NA_verdr
  	    PA_vrol NA_boos PA_dankb NA_somb PER_att
      	    PER_refl PER_self PER_expr PER_damp
  	    PER_codamp PER_capit Sample age_yr gesl BDI
      	    Measures_valid BDI_anh Anhedonia
   	    BDI_sum PA NA day compliance;

              USEVARIABLES are PER_capit PA NA;
              MISSING is .;
              within = PER_capit;
              between = ;
              cluster = Eth_ID;
              lagged= PA NA(1);
              tinterval=Time_inc (150);

  ANALYSIS:   type = twolevel random;
              estimator = Bayes;
              biterations=(2000);
              bconvergence=0.005;
              thin=2;
              PROCESSORS=16;
  MODEL:
  %WITHIN%
  sPR_PA | PA on PER_capit;
  sPR_NA | NA on PER_capit;
  sPA_PA | PA on PA&1;
  sNA_NA | NA on NA&1;
  [PER_capit];


  %between%



  OUTPUT: standardized tech1 tech8 cinterval patterns;
  PLOT: TYPE = PLOT3;



*** WARNING in VARIABLE command
  Note that only the first 8 characters of variable names are used in the output.
  Shorten variable names to avoid any confusion.
*** WARNING in MODEL command
  A y-variable has been declared on the within level but not referred to on
  the between level.  Please check that this is what is intended.  If this is not intended,
  specify the variable as a within variable.  Problem with:  PA
*** WARNING in MODEL command
  A y-variable has been declared on the within level but not referred to on
  the between level.  Please check that this is what is intended.  If this is not intended,
  specify the variable as a within variable.  Problem with:  NA
*** WARNING in PLOT command
  Note that only the first 8 characters of variable names are used in plots.
  If variable names are not unique within the first 8 characters, problems
  may occur.
*** WARNING
  One or more individual-level variables have no variation within a
  cluster for the following clusters.

     Variable   Cluster IDs with no within-cluster variation

      PER_CAPI    165 127 73 177

*** WARNING
  Data set contains cases with missing on all variables.  Cases that appeared before the first
  case with observed data and that appeared after the last case with observed data were not
  included in the analysis.  Number of deleted cases:  679
   6 WARNING(S) FOUND IN THE INPUT INSTRUCTIONS




SUMMARY OF ANALYSIS

Number of groups                                                 1
Number of observations                                       20160

Number of dependent variables                                    2
Number of independent variables                                  3
Number of continuous latent variables                            4

Observed dependent variables

  Continuous
   PA          NA

Observed independent variables
   PER_CAPI    PA&1        NA&1

Continuous latent variables
   SPR_PA      SPR_NA      SPA_PA      SNA_NA

Variables with special functions

  Cluster variable      ETH_ID

  Within variables
   PER_CAPI    PA&1        NA&1


Estimator                                                    BAYES
Specifications for Bayesian Estimation
  Point estimate                                            MEDIAN
  Number of Markov chain Monte Carlo (MCMC) chains               2
  Random seed for the first chain                                0
  Starting value information                           UNPERTURBED
  Algorithm used for Markov chain Monte Carlo           GIBBS(PX1)
  Convergence criterion                                  0.500D-02
  Maximum number of iterations                               50000
  K-th iteration used for thinning                               2

Input data file(s)
  data2.dat
Input data format  FREE


SUMMARY OF DATA

     Number of clusters                        159

       Size (s)    Cluster ID with Size s

         56        28
         80        82
         84        87
         88        72
         97        34
        101        10
        105        52
        108        119
        111        36
        113        182
        115        89 131
        116        15 188 75 77
        117        11
        118        16 66 49 57 195
        119        197 71 48 149 50 92 38 186 163 106
        120        55 168 7 108 148 192 61 98 165
        122        174
        123        127
        124        161 117 103 51
        125        53 54 13 40 44 88 30 68 100 93 105 112 123 73
        126        107 172 173 102 65 109 111 80 76 120
        127        70 177 133 62 139 118 110 25 115 67 46 104 178 126 193
                   32 86 198 147
        128        43 153 59 156 96 180 18 5
        129        141 144 125 3 185 146 135 190 187 39 137 116 69
        130        138 166 97 14
        133        191
        134        2
        135        194 63 60 183 201 200
        136        26 56
        137        95 4 9 22 19 42
        138        132 29 94
        139        45 74 35 37 84 21 79 145 114
        142        27
        143        179
        144        170 24 171
        145        1 124 162 20
        146        151 6 167
        147        142 31
        148        159 176



SUMMARY OF MISSING DATA PATTERNS

     Number of missing data patterns            11


     MISSING DATA PATTERNS (x = not missing)

           1  2  3  4  5  6  7  8  9 10 11
 PER_CAPI  x  x              x     x  x
 PA        x  x        x  x        x
 NA        x  x        x  x     x  x     x
 PA&1      x     x        x  x           x
 NA&1      x     x        x  x     x     x


     MISSING DATA PATTERN FREQUENCIES

    Pattern   Frequency     Pattern   Frequency     Pattern   Frequency
          1        4873           5          67           9           3
          2        3214           6          62          10           1
          3        3122           7           3          11           1
          4        8812           8           2


COVARIANCE COVERAGE OF DATA

Minimum covariance coverage value   0.100


     PROPORTION OF DATA PRESENT


           Covariance Coverage
              PER_CAPI      PA            NA
              ________      ________      ________
 PER_CAPI       0.401
 PA             0.401         0.408
 NA             0.401         0.408         0.408



UNIVARIATE SAMPLE STATISTICS


     UNIVARIATE HIGHER-ORDER MOMENT DESCRIPTIVE STATISTICS

         Variable/         Mean/     Skewness/   Minimum/ % with                Percentiles
        Sample Size      Variance    Kurtosis    Maximum  Min/Max      20%/60%    40%/80%    Median

     PER_CAPIT            23.940       1.000       0.000   16.79%       2.000      7.000     11.000
            8094.000     670.135      -0.150     100.000    1.03%      20.000     51.000
     PA                   46.073      -0.024       0.000    0.29%      31.500     42.167     46.500
            8219.000     297.046      -0.154     100.000    0.09%      50.667     60.667
     NA                   14.975       1.412       0.000    7.26%       5.000      9.167     11.500
            8222.000     164.910       1.997      80.667    0.01%      14.333     23.000


THE MODEL ESTIMATION TERMINATED NORMALLY

     USE THE FBITERATIONS OPTION TO INCREASE THE NUMBER OF ITERATIONS BY A FACTOR
     OF AT LEAST TWO TO CHECK CONVERGENCE AND THAT THE PSR VALUE DOES NOT INCREASE.



MODEL FIT INFORMATION

Number of Free Parameters                              17

Information Criteria

          Deviance (DIC)                       517954.778
          Estimated Number of Parameters (pD)   34609.628



MODEL RESULTS

                                Posterior  One-Tailed         95% C.I.
                    Estimate       S.D.      P-Value   Lower 2.5%  Upper 2.5%  Significance

Within Level

 NA       WITH
    PA               -47.815       1.274      0.000     -50.371     -45.412      *

 Means
    PER_CAPIT         23.928       0.282      0.000      23.371      24.458      *

 Variances
    PER_CAPIT        671.544      10.566      0.000     649.862     691.783      *

 Residual Variances
    PA               131.773       2.168      0.000     127.506     136.014      *
    NA                75.913       1.267      0.000      73.529      78.471      *

Between Level

 Means
    PA                41.319       0.952      0.000      39.454      43.088      *
    NA                15.841       0.735      0.000      14.363      17.243      *
    SPR_PA             0.121       0.009      0.000       0.104       0.138      *
    SPR_NA            -0.016       0.009      0.036      -0.033       0.001
    SPA_PA             0.341       0.017      0.000       0.309       0.373      *
    SNA_NA             0.315       0.018      0.000       0.278       0.351      *

 Variances
    PA               120.613      14.698      0.000      95.682     152.710      *
    NA                73.732       9.488      0.000      58.473      95.130      *
    SPR_PA             0.004       0.001      0.000       0.002       0.006      *
    SPR_NA             0.006       0.001      0.000       0.004       0.009      *
    SPA_PA             0.023       0.004      0.000       0.016       0.033      *
    SNA_NA             0.028       0.005      0.000       0.020       0.039      *


STANDARDIZED MODEL RESULTS


STDYX Standardization

                                Posterior  One-Tailed         95% C.I.
                    Estimate       S.D.      P-Value   Lower 2.5%  Upper 2.5%  Significance

Within-Level Standardized Estimates Averaged Over Clusters

 SPR_PA | PA ON
    PER_CAPIT          0.238       0.014      0.000       0.210       0.266      *

 SPA_PA | PA ON
    PA&1               0.340       0.012      0.000       0.317       0.363      *

 SPR_NA | NA ON
    PER_CAPIT         -0.045       0.016      0.004      -0.074      -0.013      *

 SNA_NA | NA ON
    NA&1               0.315       0.012      0.000       0.292       0.338      *

 NA       WITH
    PA                -0.478       0.009      0.000      -0.495      -0.461      *

 Means
    PER_CAPIT          0.923       0.013      0.000       0.898       0.949      *

 Variances
    PER_CAPIT          1.000       0.000      0.000       1.000       1.000

 Residual Variances
    PA                 0.792       0.009      0.000       0.774       0.809      *
    NA                 0.833       0.009      0.000       0.814       0.849      *

Between Level

 Means
    PA                 3.758       0.244      0.000       3.305       4.245      *
    NA                 1.845       0.138      0.000       1.564       2.118      *
    SPR_PA             2.033       0.438      0.000       1.447       3.204      *
    SPR_NA            -0.210       0.116      0.036      -0.440       0.015
    SPA_PA             2.234       0.259      0.000       1.774       2.799      *
    SNA_NA             1.874       0.211      0.000       1.506       2.320      *

 Variances
    PA                 1.000       0.000      0.000       1.000       1.000
    NA                 1.000       0.000      0.000       1.000       1.000
    SPR_PA             1.000       0.000      0.000       1.000       1.000
    SPR_NA             1.000       0.000      0.000       1.000       1.000
    SPA_PA             1.000       0.000      0.000       1.000       1.000
    SNA_NA             1.000       0.000      0.000       1.000       1.000


STDY Standardization

                                Posterior  One-Tailed         95% C.I.
                    Estimate       S.D.      P-Value   Lower 2.5%  Upper 2.5%  Significance

Within-Level Standardized Estimates Averaged Over Clusters

 SPR_PA | PA ON
    PER_CAPIT          0.238       0.014      0.000       0.210       0.266      *

 SPA_PA | PA ON
    PA&1               0.026       0.001      0.000       0.024       0.027      *

 SPR_NA | NA ON
    PER_CAPIT         -0.045       0.016      0.004      -0.074      -0.013      *

 SNA_NA | NA ON
    NA&1               0.032       0.001      0.000       0.029       0.034      *

 NA       WITH
    PA                -0.478       0.009      0.000      -0.495      -0.461      *

 Means
    PER_CAPIT          0.923       0.013      0.000       0.898       0.949      *

 Variances
    PER_CAPIT          1.000       0.000      0.000       1.000       1.000

 Residual Variances
    PA                 0.792       0.009      0.000       0.774       0.809      *
    NA                 0.833       0.009      0.000       0.814       0.849      *

Between Level

 Means
    PA                 3.758       0.244      0.000       3.305       4.245      *
    NA                 1.845       0.138      0.000       1.564       2.118      *
    SPR_PA             2.033       0.438      0.000       1.447       3.204      *
    SPR_NA            -0.210       0.116      0.036      -0.440       0.015
    SPA_PA             2.234       0.259      0.000       1.774       2.799      *
    SNA_NA             1.874       0.211      0.000       1.506       2.320      *

 Variances
    PA                 1.000       0.000      0.000       1.000       1.000
    NA                 1.000       0.000      0.000       1.000       1.000
    SPR_PA             1.000       0.000      0.000       1.000       1.000
    SPR_NA             1.000       0.000      0.000       1.000       1.000
    SPA_PA             1.000       0.000      0.000       1.000       1.000
    SNA_NA             1.000       0.000      0.000       1.000       1.000


STD Standardization

                                Posterior  One-Tailed         95% C.I.
                    Estimate       S.D.      P-Value   Lower 2.5%  Upper 2.5%  Significance

Within-Level Standardized Estimates Averaged Over Clusters

 SPR_PA | PA ON
    PER_CAPIT          0.121       0.007      0.000       0.106       0.135      *

 SPA_PA | PA ON
    PA&1               0.340       0.012      0.000       0.317       0.363      *

 SPR_NA | NA ON
    PER_CAPIT         -0.016       0.006      0.009      -0.028      -0.004      *

 SNA_NA | NA ON
    NA&1               0.315       0.012      0.000       0.292       0.338      *

 NA       WITH
    PA               -47.815       1.274      0.000     -50.371     -45.412      *

 Means
    PER_CAPIT         23.928       0.282      0.000      23.371      24.458      *

 Variances
    PER_CAPIT        671.544      10.566      0.000     649.862     691.783      *

 Residual Variances
    PA               131.773       2.168      0.000     127.506     136.014      *
    NA                75.913       1.267      0.000      73.529      78.471      *

Between Level

 Means
    PA                41.319       0.952      0.000      39.454      43.088      *
    NA                15.841       0.735      0.000      14.363      17.243      *
    SPR_PA             2.033       0.438      0.000       1.447       3.204      *
    SPR_NA            -0.210       0.116      0.036      -0.440       0.015
    SPA_PA             2.234       0.259      0.000       1.774       2.799      *
    SNA_NA             1.874       0.211      0.000       1.506       2.320      *

 Variances
    PA               120.613      14.698      0.000      95.682     152.710      *
    NA                73.732       9.488      0.000      58.473      95.130      *
    SPR_PA             1.000       0.000      0.000       1.000       1.000
    SPR_NA             1.000       0.000      0.000       1.000       1.000
    SPA_PA             1.000       0.000      0.000       1.000       1.000
    SNA_NA             1.000       0.000      0.000       1.000       1.000


R-SQUARE

Within-Level R-Square Averaged Across Clusters

                                Posterior  One-Tailed         95% C.I.
    Variable        Estimate       S.D.      P-Value   Lower 2.5%  Upper 2.5%

    PA                 0.208       0.009      0.000       0.191       0.226
    NA                 0.167       0.009      0.000       0.151       0.185


CREDIBILITY INTERVALS OF MODEL RESULTS

                  Lower .5%  Lower 2.5%    Lower 5%    Estimate    Upper 5%  Upper 2.5%   Upper .5%

Within Level

 NA       WITH
    PA             -51.250     -50.371     -49.882     -47.815     -45.744     -45.412     -44.726

 Means
    PER_CAPIT       23.183      23.371      23.462      23.928      24.377      24.458      24.610

 Variances
    PER_CAPIT      643.773     649.862     654.096     671.544     689.159     691.783     696.887

 Residual Variances
    PA             126.219     127.506     128.279     131.773     135.339     136.014     137.656
    NA              72.856      73.529      73.852      75.913      78.043      78.471      79.259

Between Level

 Means
    PA              38.924      39.454      39.761      41.319      42.861      43.088      43.621
    NA              13.961      14.363      14.575      15.841      16.996      17.243      17.791
    SPR_PA           0.100       0.104       0.106       0.121       0.135       0.138       0.143
    SPR_NA          -0.037      -0.033      -0.030      -0.016      -0.001       0.001       0.007
    SPA_PA           0.299       0.309       0.313       0.341       0.368       0.373       0.383
    SNA_NA           0.263       0.278       0.285       0.315       0.345       0.351       0.362

 Variances
    PA              89.303      95.682      99.136     120.613     146.564     152.710     164.331
    NA              54.345      58.473      60.271      73.732      91.591      95.130     101.209
    SPR_PA           0.001       0.002       0.002       0.004       0.006       0.006       0.007
    SPR_NA           0.003       0.004       0.004       0.006       0.009       0.009       0.010
    SPA_PA           0.014       0.016       0.017       0.023       0.031       0.033       0.037
    SNA_NA           0.018       0.020       0.021       0.028       0.037       0.039       0.043


CREDIBILITY INTERVALS OF STANDARDIZED MODEL RESULTS


STDYX Standardization

                  Lower .5%  Lower 2.5%    Lower 5%    Estimate    Upper 5%  Upper 2.5%   Upper .5%

Within Level

 NA       WITH
    PA               0.000      -0.495       0.000      -0.478       0.000      -0.461       0.000

 Means
    PER_CAPIT        0.000       0.898       0.000       0.923       0.000       0.949       0.000

 Variances
    PER_CAPIT        0.000       1.000       0.000       1.000       0.000       1.000       0.000

 Residual Variances
    PA               0.000       0.774       0.000       0.792       0.000       0.809       0.000
    NA               0.000       0.814       0.000       0.833       0.000       0.849       0.000

Between Level

 Means
    PA               3.160       3.305       3.363       3.758       4.168       4.245       4.419
    NA               1.493       1.564       1.619       1.845       2.072       2.118       2.196
    SPR_PA           1.291       1.447       1.532       2.033       2.952       3.204       3.663
    SPR_NA          -0.503      -0.440      -0.399      -0.210      -0.018       0.015       0.082
    SPA_PA           1.675       1.774       1.841       2.234       2.709       2.799       2.996
    SNA_NA           1.352       1.506       1.556       1.874       2.244       2.320       2.508

 Variances
    PA               1.000       1.000       1.000       1.000       1.000       1.000       1.000
    NA               1.000       1.000       1.000       1.000       1.000       1.000       1.000
    SPR_PA           1.000       1.000       1.000       1.000       1.000       1.000       1.000
    SPR_NA           1.000       1.000       1.000       1.000       1.000       1.000       1.000
    SPA_PA           1.000       1.000       1.000       1.000       1.000       1.000       1.000
    SNA_NA           1.000       1.000       1.000       1.000       1.000       1.000       1.000


STDY Standardization

                  Lower .5%  Lower 2.5%    Lower 5%    Estimate    Upper 5%  Upper 2.5%   Upper .5%

Within Level

 NA       WITH
    PA               0.000      -0.495       0.000      -0.478       0.000      -0.461       0.000

 Means
    PER_CAPIT        0.000       0.898       0.000       0.923       0.000       0.949       0.000

 Variances
    PER_CAPIT        0.000       1.000       0.000       1.000       0.000       1.000       0.000

 Residual Variances
    PA               0.000       0.774       0.000       0.792       0.000       0.809       0.000
    NA               0.000       0.814       0.000       0.833       0.000       0.849       0.000

Between Level

 Means
    PA               3.160       3.305       3.363       3.758       4.168       4.245       4.419
    NA               1.493       1.564       1.619       1.845       2.072       2.118       2.196
    SPR_PA           1.291       1.447       1.532       2.033       2.952       3.204       3.663
    SPR_NA          -0.503      -0.440      -0.399      -0.210      -0.018       0.015       0.082
    SPA_PA           1.675       1.774       1.841       2.234       2.709       2.799       2.996
    SNA_NA           1.352       1.506       1.556       1.874       2.244       2.320       2.508

 Variances
    PA               1.000       1.000       1.000       1.000       1.000       1.000       1.000
    NA               1.000       1.000       1.000       1.000       1.000       1.000       1.000
    SPR_PA           1.000       1.000       1.000       1.000       1.000       1.000       1.000
    SPR_NA           1.000       1.000       1.000       1.000       1.000       1.000       1.000
    SPA_PA           1.000       1.000       1.000       1.000       1.000       1.000       1.000
    SNA_NA           1.000       1.000       1.000       1.000       1.000       1.000       1.000


STD Standardization

                  Lower .5%  Lower 2.5%    Lower 5%    Estimate    Upper 5%  Upper 2.5%   Upper .5%

Within Level

 NA       WITH
    PA               0.000     -50.371       0.000     -47.815       0.000     -45.412       0.000

 Means
    PER_CAPIT        0.000      23.371       0.000      23.928       0.000      24.458       0.000

 Variances
    PER_CAPIT        0.000     649.862       0.000     671.544       0.000     691.783       0.000

 Residual Variances
    PA               0.000     127.506       0.000     131.773       0.000     136.014       0.000
    NA               0.000      73.529       0.000      75.913       0.000      78.471       0.000

Between Level

 Means
    PA              38.924      39.454      39.761      41.319      42.861      43.088      43.621
    NA              13.961      14.363      14.575      15.841      16.996      17.243      17.791
    SPR_PA           1.291       1.447       1.532       2.033       2.952       3.204       3.663
    SPR_NA          -0.503      -0.440      -0.399      -0.210      -0.018       0.015       0.082
    SPA_PA           1.675       1.774       1.841       2.234       2.709       2.799       2.996
    SNA_NA           1.352       1.506       1.556       1.874       2.244       2.320       2.508

 Variances
    PA              89.303      95.682      99.136     120.613     146.564     152.710     164.331
    NA              54.345      58.473      60.271      73.732      91.591      95.130     101.209
    SPR_PA           1.000       1.000       1.000       1.000       1.000       1.000       1.000
    SPR_NA           1.000       1.000       1.000       1.000       1.000       1.000       1.000
    SPA_PA           1.000       1.000       1.000       1.000       1.000       1.000       1.000
    SNA_NA           1.000       1.000       1.000       1.000       1.000       1.000       1.000


TECHNICAL 1 OUTPUT


     PARAMETER SPECIFICATION FOR WITHIN


           NU
              PER_CAPI      PA            NA            PA&1          NA&1
              ________      ________      ________      ________      ________
                    0             0             0             0             0


           LAMBDA
              PER_CAPI      PA            NA            PA&1          NA&1
              ________      ________      ________      ________      ________
 PER_CAPI           0             0             0             0             0
 PA                 0             0             0             0             0
 NA                 0             0             0             0             0
 PA&1               0             0             0             0             0
 NA&1               0             0             0             0             0


           THETA
              PER_CAPI      PA            NA            PA&1          NA&1
              ________      ________      ________      ________      ________
 PER_CAPI           0
 PA                 0             0
 NA                 0             0             0
 PA&1               0             0             0             0
 NA&1               0             0             0             0             0


           ALPHA
              PER_CAPI      PA            NA            PA&1          NA&1
              ________      ________      ________      ________      ________
                    1             0             0             0             0


           BETA
              PER_CAPI      PA            NA            PA&1          NA&1
              ________      ________      ________      ________      ________
 PER_CAPI           0             0             0             0             0
 PA                 0             0             0             0             0
 NA                 0             0             0             0             0
 PA&1               0             0             0             0             0
 NA&1               0             0             0             0             0


           PSI
              PER_CAPI      PA            NA            PA&1          NA&1
              ________      ________      ________      ________      ________
 PER_CAPI           2
 PA                 0             3
 NA                 0             4             5
 PA&1               0             0             0             0
 NA&1               0             0             0             0             0


     PARAMETER SPECIFICATION FOR BETWEEN


           NU
              PA            NA
              ________      ________
                    0             0


           LAMBDA
              SPR_PA        SPR_NA        SPA_PA        SNA_NA        PA
              ________      ________      ________      ________      ________
 PA                 0             0             0             0             0
 NA                 0             0             0             0             0


           LAMBDA
              NA
              ________
 PA                 0
 NA                 0


           THETA
              PA            NA
              ________      ________
 PA                 0
 NA                 0             0


           ALPHA
              SPR_PA        SPR_NA        SPA_PA        SNA_NA        PA
              ________      ________      ________      ________      ________
                    6             7             8             9            10


           ALPHA
              NA
              ________
                   11


           BETA
              SPR_PA        SPR_NA        SPA_PA        SNA_NA        PA
              ________      ________      ________      ________      ________
 SPR_PA             0             0             0             0             0
 SPR_NA             0             0             0             0             0
 SPA_PA             0             0             0             0             0
 SNA_NA             0             0             0             0             0
 PA                 0             0             0             0             0
 NA                 0             0             0             0             0


           BETA
              NA
              ________
 SPR_PA             0
 SPR_NA             0
 SPA_PA             0
 SNA_NA             0
 PA                 0
 NA                 0


           PSI
              SPR_PA        SPR_NA        SPA_PA        SNA_NA        PA
              ________      ________      ________      ________      ________
 SPR_PA            12
 SPR_NA             0            13
 SPA_PA             0             0            14
 SNA_NA             0             0             0            15
 PA                 0             0             0             0            16
 NA                 0             0             0             0             0


           PSI
              NA
              ________
 NA                17


     STARTING VALUES FOR WITHIN


           NU
              PER_CAPI      PA            NA            PA&1          NA&1
              ________      ________      ________      ________      ________
                0.000         0.000         0.000         0.000         0.000


           LAMBDA
              PER_CAPI      PA            NA            PA&1          NA&1
              ________      ________      ________      ________      ________
 PER_CAPI       1.000         0.000         0.000         0.000         0.000
 PA             0.000         1.000         0.000         0.000         0.000
 NA             0.000         0.000         1.000         0.000         0.000
 PA&1           0.000         0.000         0.000         1.000         0.000
 NA&1           0.000         0.000         0.000         0.000         1.000


           THETA
              PER_CAPI      PA            NA            PA&1          NA&1
              ________      ________      ________      ________      ________
 PER_CAPI       0.000
 PA             0.000         0.000
 NA             0.000         0.000         0.000
 PA&1           0.000         0.000         0.000         0.000
 NA&1           0.000         0.000         0.000         0.000         0.000


           ALPHA
              PER_CAPI      PA            NA            PA&1          NA&1
              ________      ________      ________      ________      ________
                0.000         0.000         0.000         0.000         0.000


           BETA
              PER_CAPI      PA            NA            PA&1          NA&1
              ________      ________      ________      ________      ________
 PER_CAPI       0.000         0.000         0.000         0.000         0.000
 PA             0.000         0.000         0.000         0.000         0.000
 NA             0.000         0.000         0.000         0.000         0.000
 PA&1           0.000         0.000         0.000         0.000         0.000
 NA&1           0.000         0.000         0.000         0.000         0.000


           PSI
              PER_CAPI      PA            NA            PA&1          NA&1
              ________      ________      ________      ________      ________
 PER_CAPI     335.068
 PA             0.000       148.523
 NA             0.000         0.000        82.455
 PA&1           0.000         0.000         0.000       148.591
 NA&1           0.000         0.000         0.000         0.000        82.346


     STARTING VALUES FOR BETWEEN


           NU
              PA            NA
              ________      ________
                0.000         0.000


           LAMBDA
              SPR_PA        SPR_NA        SPA_PA        SNA_NA        PA
              ________      ________      ________      ________      ________
 PA             0.000         0.000         0.000         0.000         1.000
 NA             0.000         0.000         0.000         0.000         0.000


           LAMBDA
              NA
              ________
 PA             0.000
 NA             1.000


           THETA
              PA            NA
              ________      ________
 PA             0.000
 NA             0.000         0.000


           ALPHA
              SPR_PA        SPR_NA        SPA_PA        SNA_NA        PA
              ________      ________      ________      ________      ________
                0.000         0.000         0.000         0.000        46.073


           ALPHA
              NA
              ________
               14.975


           BETA
              SPR_PA        SPR_NA        SPA_PA        SNA_NA        PA
              ________      ________      ________      ________      ________
 SPR_PA         0.000         0.000         0.000         0.000         0.000
 SPR_NA         0.000         0.000         0.000         0.000         0.000
 SPA_PA         0.000         0.000         0.000         0.000         0.000
 SNA_NA         0.000         0.000         0.000         0.000         0.000
 PA             0.000         0.000         0.000         0.000         0.000
 NA             0.000         0.000         0.000         0.000         0.000


           BETA
              NA
              ________
 SPR_PA         0.000
 SPR_NA         0.000
 SPA_PA         0.000
 SNA_NA         0.000
 PA             0.000
 NA             0.000


           PSI
              SPR_PA        SPR_NA        SPA_PA        SNA_NA        PA
              ________      ________      ________      ________      ________
 SPR_PA         1.000
 SPR_NA         0.000         1.000
 SPA_PA         0.000         0.000         1.000
 SNA_NA         0.000         0.000         0.000         1.000
 PA             0.000         0.000         0.000         0.000       148.523
 NA             0.000         0.000         0.000         0.000         0.000


           PSI
              NA
              ________
 NA            82.455



     PRIORS FOR ALL PARAMETERS            PRIOR MEAN      PRIOR VARIANCE     PRIOR STD. DEV.

     Parameter 1~N(0.000,infinity)           0.0000            infinity            infinity
     Parameter 2~IG(-1.000,0.000)          infinity            infinity            infinity
     Parameter 3~IW(0.000,-3)              infinity            infinity            infinity
     Parameter 4~IW(0.000,-3)              infinity            infinity            infinity
     Parameter 5~IW(0.000,-3)              infinity            infinity            infinity
     Parameter 6~N(0.000,infinity)           0.0000            infinity            infinity
     Parameter 7~N(0.000,infinity)           0.0000            infinity            infinity
     Parameter 8~N(0.000,infinity)           0.0000            infinity            infinity
     Parameter 9~N(0.000,infinity)           0.0000            infinity            infinity
     Parameter 10~N(0.000,infinity)          0.0000            infinity            infinity
     Parameter 11~N(0.000,infinity)          0.0000            infinity            infinity
     Parameter 12~IG(-1.000,0.000)         infinity            infinity            infinity
     Parameter 13~IG(-1.000,0.000)         infinity            infinity            infinity
     Parameter 14~IG(-1.000,0.000)         infinity            infinity            infinity
     Parameter 15~IG(-1.000,0.000)         infinity            infinity            infinity
     Parameter 16~IG(-1.000,0.000)         infinity            infinity            infinity
     Parameter 17~IG(-1.000,0.000)         infinity            infinity            infinity


TECHNICAL 8 OUTPUT


   TECHNICAL 8 OUTPUT FOR BAYES ESTIMATION

     PROCESSOR    BSEED
     1            0
     2            285380
     3            253358
     4            93468
     5            608496
     6            903420
     7            195873
     8            462953
     9            939021
     10           127215
     11           415931
     12           533738
     13           107446
     14           399671
     15           650371
     16           27071

                     POTENTIAL       PARAMETER WITH
     ITERATION    SCALE REDUCTION      HIGHEST PSR
     100              1.112               16
     200              1.044               9
     300              1.037               7
     400              1.030               9
     500              1.028               8
     600              1.030               8
     700              1.019               7
     800              1.013               7
     900              1.009               4
     1000             1.023               4
     1100             1.011               5
     1200             1.012               5
     1300             1.015               6
     1400             1.017               6
     1500             1.013               6
     1600             1.007               6
     1700             1.005               6
     1800             1.003               1
     1900             1.003               1
     2000             1.002               10


PLOT INFORMATION

The following plots are available:

  Histograms (sample values)
  Scatterplots (sample values)
  Between-level histograms (sample values, sample means/variances)
  Between-level scatterplots (sample values, sample means/variances)
  Time series plots (sample values, ACF, PACF)
  Histogram of subjects per time point
  Time interval plots
  Bayesian posterior parameter distributions
  Bayesian posterior parameter trace plots
  Bayesian autocorrelation plots

     Beginning Time:  18:05:29
        Ending Time:  18:06:48
       Elapsed Time:  00:01:19



MUTHEN & MUTHEN
3463 Stoner Ave.
Los Angeles, CA  90066

Tel: (310) 391-9971
Fax: (310) 391-8971
Web: www.StatModel.com
Support: Support@StatModel.com

Copyright (c) 1998-2022 Muthen & Muthen
