Mplus VERSION 8.8
MUTHEN & MUTHEN
07/13/2023   2:50 PM

INPUT INSTRUCTIONS


  DATA:
  FILE IS data3.dat;

  VARIABLE:   NAMES =
  	    Eth_ID Time Time_between Time_inc
  	    PA_enth NA_irri NA_verv PA_tevr PA_ener
       	    PA_kalm NA_nerv PA_daadk NA_verdr
  	    PA_vrol NA_boos PA_dankb NA_somb PER_att
      	    PER_refl PER_self PER_expr PER_damp
  	    PER_codamp PER_capit Sample age_yr gesl BDI
      	    Measures_valid BDI_anh Anhedonia
   	    BDI_sum PA NA day compliance;

              USEVARIABLES are PER_damp PA NA;
              MISSING is .;
              within = PER_damp;
              between = ;
              cluster = Eth_ID;
              lagged= PA NA(1);
              tinterval=Time_inc (150);

  ANALYSIS:   type = twolevel random;
              estimator = Bayes;
              biterations=(2000);
              bconvergence=0.005;
              thin=2;
              PROCESSORS=16;
  MODEL:
  %WITHIN%
  sPR_PA | PA on PER_damp;
  sPR_NA | NA on PER_damp;
  sPA_PA | PA on PA&1;
  sNA_NA | NA on NA&1;
  [PER_damp];


  %between%



  OUTPUT: standardized tech1 tech8 cinterval patterns;
  PLOT: TYPE = PLOT3;



*** WARNING in MODEL command
  A y-variable has been declared on the within level but not referred to on
  the between level.  Please check that this is what is intended.  If this is not intended,
  specify the variable as a within variable.  Problem with:  PA
*** WARNING in MODEL command
  A y-variable has been declared on the within level but not referred to on
  the between level.  Please check that this is what is intended.  If this is not intended,
  specify the variable as a within variable.  Problem with:  NA
*** WARNING
  One or more individual-level variables have no variation within a
  cluster for the following clusters.

     Variable   Cluster IDs with no within-cluster variation

      PER_DAMP    23 82 71 165 148 127 177 180

*** WARNING
  Data set contains cases with missing on all variables.  Cases that appeared before the first
  case with observed data and that appeared after the last case with observed data were not
  included in the analysis.  Number of deleted cases:  1179
   4 WARNING(S) FOUND IN THE INPUT INSTRUCTIONS




SUMMARY OF ANALYSIS

Number of groups                                                 1
Number of observations                                       22552

Number of dependent variables                                    2
Number of independent variables                                  3
Number of continuous latent variables                            4

Observed dependent variables

  Continuous
   PA          NA

Observed independent variables
   PER_DAMP    PA&1        NA&1

Continuous latent variables
   SPR_PA      SPR_NA      SPA_PA      SNA_NA

Variables with special functions

  Cluster variable      ETH_ID

  Within variables
   PER_DAMP    PA&1        NA&1


Estimator                                                    BAYES
Specifications for Bayesian Estimation
  Point estimate                                            MEDIAN
  Number of Markov chain Monte Carlo (MCMC) chains               2
  Random seed for the first chain                                0
  Starting value information                           UNPERTURBED
  Algorithm used for Markov chain Monte Carlo           GIBBS(PX1)
  Convergence criterion                                  0.500D-02
  Maximum number of iterations                               50000
  K-th iteration used for thinning                               2

Input data file(s)
  data3.dat
Input data format  FREE


SUMMARY OF DATA

     Number of clusters                        189

       Size (s)    Cluster ID with Size s

         13        150
         14        23 158
         22        175
         30        83
         33        8
         41        58
         43        41
         48        85
         51        17
         53        152
         56        28
         58        33
         67        121
         80        82
         84        87
         88        72
         89        143
         91        140
         96        113
         97        34
        100        134 157
        101        10
        103        164
        105        52
        106        154
        107        101
        108        119
        109        90
        111        36
        113        182
        115        89 91 131
        116        78 15 77 188 75
        117        11
        118        57 66 195 49 16
        119        50 149 92 197 38 106 163 71 48 186
        120        192 61 165 168 108 55 148 7 98
        121        189
        122        174
        123        127
        124        103 117 184 51 161
        125        100 73 68 88 40 105 93 13 54 123 30 112 44 53
        126        107 76 109 111 172 173 102 120 80 65
        127        139 126 110 115 25 46 67 178 32 193 118 104 130 198
                   133 86 70 177 147 62
        128        18 43 156 180 196 59 5 153 96
        129        135 190 116 141 3 146 187 137 144 185 69 39 125
        130        14 166 138 97
        133        191
        134        2
        135        63 183 60 194 200 201
        136        26 56 122
        137        42 95 155 22 19 4 9
        138        29 94 132
        139        37 79 21 84 145 114 45 35 74
        142        27
        143        179
        144        171 24 170
        145        1 162 20 124
        146        6 167 151
        147        142 31
        148        176 159



SUMMARY OF MISSING DATA PATTERNS

     Number of missing data patterns            14


     MISSING DATA PATTERNS (x = not missing)

           1  2  3  4  5  6  7  8  9 10 11 12 13 14
 PER_DAMP  x  x           x     x           x     x
 PA        x  x        x     x     x     x  x     x
 NA        x  x        x     x              x  x  x
 PA&1      x     x           x  x  x  x     x
 NA&1      x     x           x  x  x              x


     MISSING DATA PATTERN FREQUENCIES

    Pattern   Frequency     Pattern   Frequency     Pattern   Frequency
          1        5012           6           2          11           4
          2        3474           7          58          12           5
          3        3366           8           3          13           1
          4       10544           9           2          14           1
          5          79          10           1


COVARIANCE COVERAGE OF DATA

Minimum covariance coverage value   0.100


     PROPORTION OF DATA PRESENT


           Covariance Coverage
              PER_DAMP      PA            NA
              ________      ________      ________
 PER_DAMP       0.377
 PA             0.377         0.383
 NA             0.377         0.383         0.383



UNIVARIATE SAMPLE STATISTICS


     UNIVARIATE HIGHER-ORDER MOMENT DESCRIPTIVE STATISTICS

         Variable/         Mean/     Skewness/   Minimum/ % with                Percentiles
        Sample Size      Variance    Kurtosis    Maximum  Min/Max      20%/60%    40%/80%    Median

     PER_DAMP             11.816       2.101       0.000   21.94%       0.000      5.000      7.000
            8497.000     226.931       4.504     100.000    0.01%       9.000     18.000
     PA                   45.695      -0.023       0.000    0.28%      30.857     41.714     46.143
            8635.000     302.313      -0.227     100.000    0.07%      50.429     60.429
     NA                   15.181       1.393       0.000    6.94%       5.167      9.333     11.667
            8630.000     166.729       1.923      80.667    0.01%      14.500     23.333


     WARNING: PROBLEMS OCCURRED IN SEVERAL ITERATIONS IN THE COMPUTATION OF THE STANDARDIZED ESTIMATES FOR SEVERAL
     CLUSTERS. THIS IS MOST LIKELY DUE TO AR COEFFICIENTS GREATER THAN 1 OR PARAMETERS GIVING NON-STATIONARY MODELS.
     SUCH POSTERIOR DRAWS ARE REMOVED. THE FOLLOWING CLUSTERS HAD SUCH PROBLEMS:
          33

THE MODEL ESTIMATION TERMINATED NORMALLY

     USE THE FBITERATIONS OPTION TO INCREASE THE NUMBER OF ITERATIONS BY A FACTOR
     OF AT LEAST TWO TO CHECK CONVERGENCE AND THAT THE PSR VALUE DOES NOT INCREASE.



MODEL FIT INFORMATION

Number of Free Parameters                              17

Information Criteria

          Deviance (DIC)                       555227.115
          Estimated Number of Parameters (pD)   39320.560



MODEL RESULTS

                                Posterior  One-Tailed         95% C.I.
                    Estimate       S.D.      P-Value   Lower 2.5%  Upper 2.5%  Significance

Within Level

 NA       WITH
    PA               -48.442       1.297      0.000     -51.068     -45.962      *

 Means
    PER_DAMP          11.799       0.161      0.000      11.488      12.108      *

 Variances
    PER_DAMP         227.873       3.493      0.000     220.815     234.767      *

 Residual Variances
    PA               136.224       2.270      0.000     131.876     140.817      *
    NA                72.804       1.220      0.000      70.497      75.299      *

Between Level

 Means
    PA                47.544       0.942      0.000      45.747      49.403      *
    NA                11.437       0.567      0.000      10.358      12.553      *
    SPR_PA            -0.087       0.019      0.000      -0.123      -0.050      *
    SPR_NA             0.221       0.017      0.000       0.189       0.254      *
    SPA_PA             0.364       0.017      0.000       0.329       0.396      *
    SNA_NA             0.288       0.018      0.000       0.252       0.323      *

 Variances
    PA               140.545      16.411      0.000     112.741     176.926      *
    NA                47.379       6.035      0.000      37.433      60.938      *
    SPR_PA             0.020       0.005      0.000       0.012       0.032      *
    SPR_NA             0.024       0.005      0.000       0.017       0.035      *
    SPA_PA             0.031       0.006      0.000       0.022       0.044      *
    SNA_NA             0.030       0.005      0.000       0.021       0.042      *


STANDARDIZED MODEL RESULTS


STDYX Standardization

                                Posterior  One-Tailed         95% C.I.
                    Estimate       S.D.      P-Value   Lower 2.5%  Upper 2.5%  Significance

Within-Level Standardized Estimates Averaged Over Clusters

 SPR_PA | PA ON
    PER_DAMP          -0.097       0.017      0.000      -0.129      -0.064      *

 SPA_PA | PA ON
    PA&1               0.364       0.012      0.000       0.340       0.385      *

 SPR_NA | NA ON
    PER_DAMP           0.317       0.016      0.000       0.283       0.347      *

 SNA_NA | NA ON
    NA&1               0.288       0.013      0.000       0.262       0.314      *

 NA       WITH
    PA                -0.486       0.009      0.000      -0.503      -0.469      *

 Means
    PER_DAMP           0.781       0.012      0.000       0.759       0.806      *

 Variances
    PER_DAMP           1.000       0.000      0.000       1.000       1.000

 Residual Variances
    PA                 0.801       0.009      0.000       0.783       0.819      *
    NA                 0.747       0.011      0.000       0.725       0.768      *

Between Level

 Means
    PA                 4.016       0.244      0.000       3.528       4.503      *
    NA                 1.662       0.128      0.000       1.418       1.914      *
    SPR_PA            -0.609       0.149      0.000      -0.930      -0.329      *
    SPR_NA             1.413       0.168      0.000       1.112       1.767      *
    SPA_PA             2.055       0.218      0.000       1.636       2.500      *
    SNA_NA             1.674       0.197      0.000       1.307       2.082      *

 Variances
    PA                 1.000       0.000      0.000       1.000       1.000
    NA                 1.000       0.000      0.000       1.000       1.000
    SPR_PA             1.000       0.000      0.000       1.000       1.000
    SPR_NA             1.000       0.000      0.000       1.000       1.000
    SPA_PA             1.000       0.000      0.000       1.000       1.000
    SNA_NA             1.000       0.000      0.000       1.000       1.000


STDY Standardization

                                Posterior  One-Tailed         95% C.I.
                    Estimate       S.D.      P-Value   Lower 2.5%  Upper 2.5%  Significance

Within-Level Standardized Estimates Averaged Over Clusters

 SPR_PA | PA ON
    PER_DAMP          -0.097       0.017      0.000      -0.129      -0.064      *

 SPA_PA | PA ON
    PA&1               0.027       0.001      0.000       0.025       0.028      *

 SPR_NA | NA ON
    PER_DAMP           0.317       0.016      0.000       0.283       0.347      *

 SNA_NA | NA ON
    NA&1               0.028       0.001      0.000       0.025       0.031      *

 NA       WITH
    PA                -0.486       0.009      0.000      -0.503      -0.469      *

 Means
    PER_DAMP           0.781       0.012      0.000       0.759       0.806      *

 Variances
    PER_DAMP           1.000       0.000      0.000       1.000       1.000

 Residual Variances
    PA                 0.801       0.009      0.000       0.783       0.819      *
    NA                 0.747       0.011      0.000       0.725       0.768      *

Between Level

 Means
    PA                 4.016       0.244      0.000       3.528       4.503      *
    NA                 1.662       0.128      0.000       1.418       1.914      *
    SPR_PA            -0.609       0.149      0.000      -0.930      -0.329      *
    SPR_NA             1.413       0.168      0.000       1.112       1.767      *
    SPA_PA             2.055       0.218      0.000       1.636       2.500      *
    SNA_NA             1.674       0.197      0.000       1.307       2.082      *

 Variances
    PA                 1.000       0.000      0.000       1.000       1.000
    NA                 1.000       0.000      0.000       1.000       1.000
    SPR_PA             1.000       0.000      0.000       1.000       1.000
    SPR_NA             1.000       0.000      0.000       1.000       1.000
    SPA_PA             1.000       0.000      0.000       1.000       1.000
    SNA_NA             1.000       0.000      0.000       1.000       1.000


STD Standardization

                                Posterior  One-Tailed         95% C.I.
                    Estimate       S.D.      P-Value   Lower 2.5%  Upper 2.5%  Significance

Within-Level Standardized Estimates Averaged Over Clusters

 SPR_PA | PA ON
    PER_DAMP          -0.087       0.015      0.000      -0.116      -0.057      *

 SPA_PA | PA ON
    PA&1               0.364       0.012      0.000       0.340       0.385      *

 SPR_NA | NA ON
    PER_DAMP           0.221       0.012      0.000       0.196       0.244      *

 SNA_NA | NA ON
    NA&1               0.288       0.013      0.000       0.262       0.314      *

 NA       WITH
    PA               -48.434       1.291      0.000     -51.019     -45.956      *

 Means
    PER_DAMP          11.795       0.161      0.000      11.487      12.098      *

 Variances
    PER_DAMP         227.896       3.505      0.000     220.798     234.767      *

 Residual Variances
    PA               136.228       2.288      0.000     131.849     140.821      *
    NA                72.794       1.207      0.000      70.501      75.251      *

Between Level

 Means
    PA                47.544       0.942      0.000      45.747      49.403      *
    NA                11.437       0.567      0.000      10.358      12.553      *
    SPR_PA            -0.609       0.149      0.000      -0.930      -0.329      *
    SPR_NA             1.413       0.168      0.000       1.112       1.767      *
    SPA_PA             2.055       0.218      0.000       1.636       2.500      *
    SNA_NA             1.674       0.197      0.000       1.307       2.082      *

 Variances
    PA               140.545      16.411      0.000     112.741     176.926      *
    NA                47.379       6.035      0.000      37.433      60.938      *
    SPR_PA             1.000       0.000      0.000       1.000       1.000
    SPR_NA             1.000       0.000      0.000       1.000       1.000
    SPA_PA             1.000       0.000      0.000       1.000       1.000
    SNA_NA             1.000       0.000      0.000       1.000       1.000


R-SQUARE

Within-Level R-Square Averaged Across Clusters

                                Posterior  One-Tailed         95% C.I.
    Variable        Estimate       S.D.      P-Value   Lower 2.5%  Upper 2.5%

    PA                 0.199       0.009      0.000       0.181       0.217
    NA                 0.253       0.011      0.000       0.232       0.275


CREDIBILITY INTERVALS OF MODEL RESULTS

                  Lower .5%  Lower 2.5%    Lower 5%    Estimate    Upper 5%  Upper 2.5%   Upper .5%

Within Level

 NA       WITH
    PA             -51.969     -51.068     -50.615     -48.442     -46.308     -45.962     -45.239

 Means
    PER_DAMP        11.379      11.488      11.534      11.799      12.059      12.108      12.239

 Variances
    PER_DAMP       218.783     220.815     222.015     227.873     233.527     234.767     236.527

 Residual Variances
    PA             130.614     131.876     132.496     136.224     140.074     140.817     142.076
    NA              69.817      70.497      70.880      72.804      74.882      75.299      76.240

Between Level

 Means
    PA              45.166      45.747      46.035      47.544      49.104      49.403      49.991
    NA               9.990      10.358      10.505      11.437      12.380      12.553      12.912
    SPR_PA          -0.133      -0.123      -0.118      -0.087      -0.056      -0.050      -0.040
    SPR_NA           0.179       0.189       0.193       0.221       0.249       0.254       0.263
    SPA_PA           0.314       0.329       0.335       0.364       0.392       0.396       0.407
    SNA_NA           0.236       0.252       0.258       0.288       0.317       0.323       0.334

 Variances
    PA             105.810     112.741     116.990     140.545     170.136     176.926     193.263
    NA              34.166      37.433      38.978      47.379      58.855      60.938      66.352
    SPR_PA           0.010       0.012       0.013       0.020       0.030       0.032       0.037
    SPR_NA           0.015       0.017       0.018       0.024       0.033       0.035       0.040
    SPA_PA           0.020       0.022       0.023       0.031       0.042       0.044       0.049
    SNA_NA           0.019       0.021       0.023       0.030       0.040       0.042       0.046


CREDIBILITY INTERVALS OF STANDARDIZED MODEL RESULTS


STDYX Standardization

                  Lower .5%  Lower 2.5%    Lower 5%    Estimate    Upper 5%  Upper 2.5%   Upper .5%

Within Level

 NA       WITH
    PA               0.000      -0.503       0.000      -0.486       0.000      -0.469       0.000

 Means
    PER_DAMP         0.000       0.759       0.000       0.781       0.000       0.806       0.000

 Variances
    PER_DAMP         0.000       1.000       0.000       1.000       0.000       1.000       0.000

 Residual Variances
    PA               0.000       0.783       0.000       0.801       0.000       0.819       0.000
    NA               0.000       0.725       0.000       0.747       0.000       0.768       0.000

Between Level

 Means
    PA               3.367       3.528       3.622       4.016       4.409       4.503       4.697
    NA               1.323       1.418       1.448       1.662       1.878       1.914       2.000
    SPR_PA          -1.050      -0.930      -0.868      -0.609      -0.377      -0.329      -0.260
    SPR_NA           1.016       1.112       1.155       1.413       1.709       1.767       1.888
    SPA_PA           1.526       1.636       1.716       2.055       2.430       2.500       2.670
    SNA_NA           1.219       1.307       1.358       1.674       2.011       2.082       2.234

 Variances
    PA               1.000       1.000       1.000       1.000       1.000       1.000       1.000
    NA               1.000       1.000       1.000       1.000       1.000       1.000       1.000
    SPR_PA           1.000       1.000       1.000       1.000       1.000       1.000       1.000
    SPR_NA           1.000       1.000       1.000       1.000       1.000       1.000       1.000
    SPA_PA           1.000       1.000       1.000       1.000       1.000       1.000       1.000
    SNA_NA           1.000       1.000       1.000       1.000       1.000       1.000       1.000


STDY Standardization

                  Lower .5%  Lower 2.5%    Lower 5%    Estimate    Upper 5%  Upper 2.5%   Upper .5%

Within Level

 NA       WITH
    PA               0.000      -0.503       0.000      -0.486       0.000      -0.469       0.000

 Means
    PER_DAMP         0.000       0.759       0.000       0.781       0.000       0.806       0.000

 Variances
    PER_DAMP         0.000       1.000       0.000       1.000       0.000       1.000       0.000

 Residual Variances
    PA               0.000       0.783       0.000       0.801       0.000       0.819       0.000
    NA               0.000       0.725       0.000       0.747       0.000       0.768       0.000

Between Level

 Means
    PA               3.367       3.528       3.622       4.016       4.409       4.503       4.697
    NA               1.323       1.418       1.448       1.662       1.878       1.914       2.000
    SPR_PA          -1.050      -0.930      -0.868      -0.609      -0.377      -0.329      -0.260
    SPR_NA           1.016       1.112       1.155       1.413       1.709       1.767       1.888
    SPA_PA           1.526       1.636       1.716       2.055       2.430       2.500       2.670
    SNA_NA           1.219       1.307       1.358       1.674       2.011       2.082       2.234

 Variances
    PA               1.000       1.000       1.000       1.000       1.000       1.000       1.000
    NA               1.000       1.000       1.000       1.000       1.000       1.000       1.000
    SPR_PA           1.000       1.000       1.000       1.000       1.000       1.000       1.000
    SPR_NA           1.000       1.000       1.000       1.000       1.000       1.000       1.000
    SPA_PA           1.000       1.000       1.000       1.000       1.000       1.000       1.000
    SNA_NA           1.000       1.000       1.000       1.000       1.000       1.000       1.000


STD Standardization

                  Lower .5%  Lower 2.5%    Lower 5%    Estimate    Upper 5%  Upper 2.5%   Upper .5%

Within Level

 NA       WITH
    PA               0.000     -51.019       0.000     -48.434       0.000     -45.956       0.000

 Means
    PER_DAMP         0.000      11.487       0.000      11.795       0.000      12.098       0.000

 Variances
    PER_DAMP         0.000     220.798       0.000     227.896       0.000     234.767       0.000

 Residual Variances
    PA               0.000     131.849       0.000     136.228       0.000     140.821       0.000
    NA               0.000      70.501       0.000      72.794       0.000      75.251       0.000

Between Level

 Means
    PA              45.166      45.747      46.035      47.544      49.104      49.403      49.991
    NA               9.990      10.358      10.505      11.437      12.380      12.553      12.912
    SPR_PA          -1.050      -0.930      -0.868      -0.609      -0.377      -0.329      -0.260
    SPR_NA           1.016       1.112       1.155       1.413       1.709       1.767       1.888
    SPA_PA           1.526       1.636       1.716       2.055       2.430       2.500       2.670
    SNA_NA           1.219       1.307       1.358       1.674       2.011       2.082       2.234

 Variances
    PA             105.810     112.741     116.990     140.545     170.136     176.926     193.263
    NA              34.166      37.433      38.978      47.379      58.855      60.938      66.352
    SPR_PA           1.000       1.000       1.000       1.000       1.000       1.000       1.000
    SPR_NA           1.000       1.000       1.000       1.000       1.000       1.000       1.000
    SPA_PA           1.000       1.000       1.000       1.000       1.000       1.000       1.000
    SNA_NA           1.000       1.000       1.000       1.000       1.000       1.000       1.000


TECHNICAL 1 OUTPUT


     PARAMETER SPECIFICATION FOR WITHIN


           NU
              PER_DAMP      PA            NA            PA&1          NA&1
              ________      ________      ________      ________      ________
                    0             0             0             0             0


           LAMBDA
              PER_DAMP      PA            NA            PA&1          NA&1
              ________      ________      ________      ________      ________
 PER_DAMP           0             0             0             0             0
 PA                 0             0             0             0             0
 NA                 0             0             0             0             0
 PA&1               0             0             0             0             0
 NA&1               0             0             0             0             0


           THETA
              PER_DAMP      PA            NA            PA&1          NA&1
              ________      ________      ________      ________      ________
 PER_DAMP           0
 PA                 0             0
 NA                 0             0             0
 PA&1               0             0             0             0
 NA&1               0             0             0             0             0


           ALPHA
              PER_DAMP      PA            NA            PA&1          NA&1
              ________      ________      ________      ________      ________
                    1             0             0             0             0


           BETA
              PER_DAMP      PA            NA            PA&1          NA&1
              ________      ________      ________      ________      ________
 PER_DAMP           0             0             0             0             0
 PA                 0             0             0             0             0
 NA                 0             0             0             0             0
 PA&1               0             0             0             0             0
 NA&1               0             0             0             0             0


           PSI
              PER_DAMP      PA            NA            PA&1          NA&1
              ________      ________      ________      ________      ________
 PER_DAMP           2
 PA                 0             3
 NA                 0             4             5
 PA&1               0             0             0             0
 NA&1               0             0             0             0             0


     PARAMETER SPECIFICATION FOR BETWEEN


           NU
              PA            NA
              ________      ________
                    0             0


           LAMBDA
              SPR_PA        SPR_NA        SPA_PA        SNA_NA        PA
              ________      ________      ________      ________      ________
 PA                 0             0             0             0             0
 NA                 0             0             0             0             0


           LAMBDA
              NA
              ________
 PA                 0
 NA                 0


           THETA
              PA            NA
              ________      ________
 PA                 0
 NA                 0             0


           ALPHA
              SPR_PA        SPR_NA        SPA_PA        SNA_NA        PA
              ________      ________      ________      ________      ________
                    6             7             8             9            10


           ALPHA
              NA
              ________
                   11


           BETA
              SPR_PA        SPR_NA        SPA_PA        SNA_NA        PA
              ________      ________      ________      ________      ________
 SPR_PA             0             0             0             0             0
 SPR_NA             0             0             0             0             0
 SPA_PA             0             0             0             0             0
 SNA_NA             0             0             0             0             0
 PA                 0             0             0             0             0
 NA                 0             0             0             0             0


           BETA
              NA
              ________
 SPR_PA             0
 SPR_NA             0
 SPA_PA             0
 SNA_NA             0
 PA                 0
 NA                 0


           PSI
              SPR_PA        SPR_NA        SPA_PA        SNA_NA        PA
              ________      ________      ________      ________      ________
 SPR_PA            12
 SPR_NA             0            13
 SPA_PA             0             0            14
 SNA_NA             0             0             0            15
 PA                 0             0             0             0            16
 NA                 0             0             0             0             0


           PSI
              NA
              ________
 NA                17


     STARTING VALUES FOR WITHIN


           NU
              PER_DAMP      PA            NA            PA&1          NA&1
              ________      ________      ________      ________      ________
                0.000         0.000         0.000         0.000         0.000


           LAMBDA
              PER_DAMP      PA            NA            PA&1          NA&1
              ________      ________      ________      ________      ________
 PER_DAMP       1.000         0.000         0.000         0.000         0.000
 PA             0.000         1.000         0.000         0.000         0.000
 NA             0.000         0.000         1.000         0.000         0.000
 PA&1           0.000         0.000         0.000         1.000         0.000
 NA&1           0.000         0.000         0.000         0.000         1.000


           THETA
              PER_DAMP      PA            NA            PA&1          NA&1
              ________      ________      ________      ________      ________
 PER_DAMP       0.000
 PA             0.000         0.000
 NA             0.000         0.000         0.000
 PA&1           0.000         0.000         0.000         0.000
 NA&1           0.000         0.000         0.000         0.000         0.000


           ALPHA
              PER_DAMP      PA            NA            PA&1          NA&1
              ________      ________      ________      ________      ________
                0.000         0.000         0.000         0.000         0.000


           BETA
              PER_DAMP      PA            NA            PA&1          NA&1
              ________      ________      ________      ________      ________
 PER_DAMP       0.000         0.000         0.000         0.000         0.000
 PA             0.000         0.000         0.000         0.000         0.000
 NA             0.000         0.000         0.000         0.000         0.000
 PA&1           0.000         0.000         0.000         0.000         0.000
 NA&1           0.000         0.000         0.000         0.000         0.000


           PSI
              PER_DAMP      PA            NA            PA&1          NA&1
              ________      ________      ________      ________      ________
 PER_DAMP     113.466
 PA             0.000       151.157
 NA             0.000         0.000        83.364
 PA&1           0.000         0.000         0.000       151.150
 NA&1           0.000         0.000         0.000         0.000        83.335


     STARTING VALUES FOR BETWEEN


           NU
              PA            NA
              ________      ________
                0.000         0.000


           LAMBDA
              SPR_PA        SPR_NA        SPA_PA        SNA_NA        PA
              ________      ________      ________      ________      ________
 PA             0.000         0.000         0.000         0.000         1.000
 NA             0.000         0.000         0.000         0.000         0.000


           LAMBDA
              NA
              ________
 PA             0.000
 NA             1.000


           THETA
              PA            NA
              ________      ________
 PA             0.000
 NA             0.000         0.000


           ALPHA
              SPR_PA        SPR_NA        SPA_PA        SNA_NA        PA
              ________      ________      ________      ________      ________
                0.000         0.000         0.000         0.000        45.695


           ALPHA
              NA
              ________
               15.181


           BETA
              SPR_PA        SPR_NA        SPA_PA        SNA_NA        PA
              ________      ________      ________      ________      ________
 SPR_PA         0.000         0.000         0.000         0.000         0.000
 SPR_NA         0.000         0.000         0.000         0.000         0.000
 SPA_PA         0.000         0.000         0.000         0.000         0.000
 SNA_NA         0.000         0.000         0.000         0.000         0.000
 PA             0.000         0.000         0.000         0.000         0.000
 NA             0.000         0.000         0.000         0.000         0.000


           BETA
              NA
              ________
 SPR_PA         0.000
 SPR_NA         0.000
 SPA_PA         0.000
 SNA_NA         0.000
 PA             0.000
 NA             0.000


           PSI
              SPR_PA        SPR_NA        SPA_PA        SNA_NA        PA
              ________      ________      ________      ________      ________
 SPR_PA         1.000
 SPR_NA         0.000         1.000
 SPA_PA         0.000         0.000         1.000
 SNA_NA         0.000         0.000         0.000         1.000
 PA             0.000         0.000         0.000         0.000       151.157
 NA             0.000         0.000         0.000         0.000         0.000


           PSI
              NA
              ________
 NA            83.364



     PRIORS FOR ALL PARAMETERS            PRIOR MEAN      PRIOR VARIANCE     PRIOR STD. DEV.

     Parameter 1~N(0.000,infinity)           0.0000            infinity            infinity
     Parameter 2~IG(-1.000,0.000)          infinity            infinity            infinity
     Parameter 3~IW(0.000,-3)              infinity            infinity            infinity
     Parameter 4~IW(0.000,-3)              infinity            infinity            infinity
     Parameter 5~IW(0.000,-3)              infinity            infinity            infinity
     Parameter 6~N(0.000,infinity)           0.0000            infinity            infinity
     Parameter 7~N(0.000,infinity)           0.0000            infinity            infinity
     Parameter 8~N(0.000,infinity)           0.0000            infinity            infinity
     Parameter 9~N(0.000,infinity)           0.0000            infinity            infinity
     Parameter 10~N(0.000,infinity)          0.0000            infinity            infinity
     Parameter 11~N(0.000,infinity)          0.0000            infinity            infinity
     Parameter 12~IG(-1.000,0.000)         infinity            infinity            infinity
     Parameter 13~IG(-1.000,0.000)         infinity            infinity            infinity
     Parameter 14~IG(-1.000,0.000)         infinity            infinity            infinity
     Parameter 15~IG(-1.000,0.000)         infinity            infinity            infinity
     Parameter 16~IG(-1.000,0.000)         infinity            infinity            infinity
     Parameter 17~IG(-1.000,0.000)         infinity            infinity            infinity


TECHNICAL 8 OUTPUT


   TECHNICAL 8 OUTPUT FOR BAYES ESTIMATION

     PROCESSOR    BSEED
     1            0
     2            285380
     3            253358
     4            93468
     5            608496
     6            903420
     7            195873
     8            462953
     9            939021
     10           127215
     11           415931
     12           533738
     13           107446
     14           399671
     15           650371
     16           27071

                     POTENTIAL       PARAMETER WITH
     ITERATION    SCALE REDUCTION      HIGHEST PSR
     100              1.247               8
     200              1.185               3
     300              1.118               7
     400              1.119               5
     500              1.027               5
     600              1.026               9
     700              1.045               7
     800              1.023               7
     900              1.027               7
     1000             1.049               7
     1100             1.035               7
     1200             1.027               7
     1300             1.024               7
     1400             1.024               6
     1500             1.019               7
     1600             1.023               7
     1700             1.009               7
     1800             1.005               3
     1900             1.010               8
     2000             1.010               8
     2100             1.011               8
     2200             1.006               3


PLOT INFORMATION

The following plots are available:

  Histograms (sample values)
  Scatterplots (sample values)
  Between-level histograms (sample values, sample means/variances)
  Between-level scatterplots (sample values, sample means/variances)
  Time series plots (sample values, ACF, PACF)
  Histogram of subjects per time point
  Time interval plots
  Bayesian posterior parameter distributions
  Bayesian posterior parameter trace plots
  Bayesian autocorrelation plots

     Beginning Time:  14:50:55
        Ending Time:  14:52:34
       Elapsed Time:  00:01:39



MUTHEN & MUTHEN
3463 Stoner Ave.
Los Angeles, CA  90066

Tel: (310) 391-9971
Fax: (310) 391-8971
Web: www.StatModel.com
Support: Support@StatModel.com

Copyright (c) 1998-2022 Muthen & Muthen
