Mplus VERSION 8.8
MUTHEN & MUTHEN
08/25/2023   6:55 PM

INPUT INSTRUCTIONS


  DATA:
  FILE IS data5.dat;

  VARIABLE:   NAMES =
  	    Eth_ID Time Time_between Time_inc
  	    PA_enth NA_irri NA_verv PA_tevr PA_ener
       	    PA_kalm NA_nerv PA_daadk NA_verdr
  	    PA_vrol NA_boos PA_dankb NA_somb PER_att
      	    PER_refl PER_self PER_expr PER_damp
  	    PER_codamp PER_capit Sample age_yr gesl BDI
      	    Measures_valid BDI_anh Anhedonia
   	    BDI_sum PA NA day compliance;

              USEVARIABLES are PER_damp PA NA;
              MISSING is .;
              within = PER_damp;
              between = ;
              cluster = Eth_ID;
              lagged= PA NA(1);
              tinterval=Time_inc (150);

  ANALYSIS:   type = twolevel random;
              estimator = Bayes;
              biterations=(2000);
              bconvergence=0.005;
              thin=2;
              PROCESSORS=16;
  MODEL:
  %WITHIN%
  sPR_PA | PA on PER_damp;
  sPR_NA | NA on PER_damp;
  sPA_PA | PA on PA&1;
  sNA_NA | NA on NA&1;
  [PER_damp];


  %between%



  OUTPUT: standardized tech1 tech8 cinterval patterns;
  PLOT: TYPE = PLOT3;



*** WARNING in MODEL command
  A y-variable has been declared on the within level but not referred to on
  the between level.  Please check that this is what is intended.  If this is not intended,
  specify the variable as a within variable.  Problem with:  PA
*** WARNING in MODEL command
  A y-variable has been declared on the within level but not referred to on
  the between level.  Please check that this is what is intended.  If this is not intended,
  specify the variable as a within variable.  Problem with:  NA
*** WARNING
  One or more individual-level variables have no variation within a
  cluster for the following clusters.

     Variable   Cluster IDs with no within-cluster variation

      PER_DAMP    82 71 148 165 127 177 180

*** WARNING
  Data set contains cases with missing on all variables.  Cases that appeared before the first
  case with observed data and that appeared after the last case with observed data were not
  included in the analysis.  Number of deleted cases:  679
   4 WARNING(S) FOUND IN THE INPUT INSTRUCTIONS




SUMMARY OF ANALYSIS

Number of groups                                                 1
Number of observations                                       20160

Number of dependent variables                                    2
Number of independent variables                                  3
Number of continuous latent variables                            4

Observed dependent variables

  Continuous
   PA          NA

Observed independent variables
   PER_DAMP    PA&1        NA&1

Continuous latent variables
   SPR_PA      SPR_NA      SPA_PA      SNA_NA

Variables with special functions

  Cluster variable      ETH_ID

  Within variables
   PER_DAMP    PA&1        NA&1


Estimator                                                    BAYES
Specifications for Bayesian Estimation
  Point estimate                                            MEDIAN
  Number of Markov chain Monte Carlo (MCMC) chains               2
  Random seed for the first chain                                0
  Starting value information                           UNPERTURBED
  Algorithm used for Markov chain Monte Carlo           GIBBS(PX1)
  Convergence criterion                                  0.500D-02
  Maximum number of iterations                               50000
  K-th iteration used for thinning                               2

Input data file(s)
  data5.dat
Input data format  FREE


SUMMARY OF DATA

     Number of clusters                        159

       Size (s)    Cluster ID with Size s

         56        28
         80        82
         84        87
         88        72
         97        34
        101        10
        105        52
        108        119
        111        36
        113        182
        115        89 131
        116        15 188 75 77
        117        11
        118        16 66 49 57 195
        119        197 71 48 149 50 92 38 186 163 106
        120        55 168 7 108 148 192 61 98 165
        122        174
        123        127
        124        161 117 103 51
        125        53 54 13 40 44 88 30 68 100 93 105 112 123 73
        126        107 172 173 102 65 109 111 80 76 120
        127        70 177 133 62 139 118 110 25 115 67 46 104 178 126 193
                   32 86 198 147
        128        43 153 59 156 96 180 18 5
        129        141 144 125 3 185 146 135 190 187 39 137 116 69
        130        138 166 97 14
        133        191
        134        2
        135        194 63 60 183 201 200
        136        26 56
        137        95 4 9 22 19 42
        138        132 29 94
        139        45 74 35 37 84 21 79 145 114
        142        27
        143        179
        144        170 24 171
        145        1 124 162 20
        146        151 6 167
        147        142 31
        148        159 176



SUMMARY OF MISSING DATA PATTERNS

     Number of missing data patterns            13


     MISSING DATA PATTERNS (x = not missing)

           1  2  3  4  5  6  7  8  9 10 11 12 13
 PER_DAMP  x  x              x     x     x     x
 PA        x  x        x  x     x  x     x  x
 NA        x  x        x  x        x  x  x
 PA&1      x     x        x  x     x        x
 NA&1      x     x        x  x           x  x


     MISSING DATA PATTERN FREQUENCIES

    Pattern   Frequency     Pattern   Frequency     Pattern   Frequency
          1        4881           6          57          11           1
          2        3214           7           3          12           1
          3        3121           8           4          13           1
          4        8808           9           5
          5          63          10           1


COVARIANCE COVERAGE OF DATA

Minimum covariance coverage value   0.100


     PROPORTION OF DATA PRESENT


           Covariance Coverage
              PER_DAMP      PA            NA
              ________      ________      ________
 PER_DAMP       0.402
 PA             0.402         0.408
 NA             0.402         0.408         0.408



UNIVARIATE SAMPLE STATISTICS


     UNIVARIATE HIGHER-ORDER MOMENT DESCRIPTIVE STATISTICS

         Variable/         Mean/     Skewness/   Minimum/ % with                Percentiles
        Sample Size      Variance    Kurtosis    Maximum  Min/Max      20%/60%    40%/80%    Median

     PER_DAMP             11.539       2.123       0.000   22.73%       0.000      5.000      7.000
            8105.000     221.235       4.572      91.000    0.01%       9.000     17.000
     PA                   43.655       0.043       0.000    0.52%      27.167     39.000     44.000
            8226.000     353.677      -0.337     100.000    0.13%      48.667     59.833
     NA                   14.975       1.412       0.000    7.26%       5.000      9.167     11.500
            8222.000     164.910       1.997      80.667    0.01%      14.333     23.000


THE MODEL ESTIMATION TERMINATED NORMALLY

     USE THE FBITERATIONS OPTION TO INCREASE THE NUMBER OF ITERATIONS BY A FACTOR
     OF AT LEAST TWO TO CHECK CONVERGENCE AND THAT THE PSR VALUE DOES NOT INCREASE.



MODEL FIT INFORMATION

Number of Free Parameters                              17

Information Criteria

          Deviance (DIC)                       497707.964
          Estimated Number of Parameters (pD)   33642.034



MODEL RESULTS

                                Posterior  One-Tailed         95% C.I.
                    Estimate       S.D.      P-Value   Lower 2.5%  Upper 2.5%  Significance

Within Level

 NA       WITH
    PA               -49.003       1.346      0.000     -51.764     -46.464      *

 Means
    PER_DAMP          11.528       0.163      0.000      11.208      11.849      *

 Variances
    PER_DAMP         222.173       3.489      0.000     215.683     229.274      *

 Residual Variances
    PA               159.505       2.677      0.000     154.167     164.776      *
    NA                71.415       1.198      0.000      69.020      73.787      *

Between Level

 Means
    PA                45.406       1.112      0.000      43.216      47.535      *
    NA                11.112       0.604      0.000       9.904      12.276      *
    SPR_PA            -0.097       0.022      0.000      -0.139      -0.055      *
    SPR_NA             0.223       0.019      0.000       0.184       0.257      *
    SPA_PA             0.364       0.018      0.000       0.329       0.400      *
    SNA_NA             0.286       0.018      0.000       0.251       0.321      *

 Variances
    PA               170.820      20.840      0.000     136.093     216.781      *
    NA                49.057       6.289      0.000      38.685      63.206      *
    SPR_PA             0.024       0.007      0.000       0.013       0.042      *
    SPR_NA             0.027       0.005      0.000       0.018       0.038      *
    SPA_PA             0.027       0.005      0.000       0.018       0.039      *
    SNA_NA             0.029       0.005      0.000       0.021       0.041      *


STANDARDIZED MODEL RESULTS


STDYX Standardization

                                Posterior  One-Tailed         95% C.I.
                    Estimate       S.D.      P-Value   Lower 2.5%  Upper 2.5%  Significance

Within-Level Standardized Estimates Averaged Over Clusters

 SPR_PA | PA ON
    PER_DAMP          -0.100       0.018      0.000      -0.135      -0.064      *

 SPA_PA | PA ON
    PA&1               0.365       0.013      0.000       0.339       0.390      *

 SPR_NA | NA ON
    PER_DAMP           0.316       0.017      0.000       0.279       0.347      *

 SNA_NA | NA ON
    NA&1               0.285       0.012      0.000       0.262       0.308      *

 NA       WITH
    PA                -0.459       0.009      0.000      -0.478      -0.441      *

 Means
    PER_DAMP           0.773       0.012      0.000       0.749       0.799      *

 Variances
    PER_DAMP           1.000       0.000      0.000       1.000       1.000

 Residual Variances
    PA                 0.805       0.011      0.000       0.785       0.826      *
    NA                 0.747       0.012      0.000       0.725       0.769      *

Between Level

 Means
    PA                 3.473       0.223      0.000       3.050       3.911      *
    NA                 1.588       0.127      0.000       1.341       1.836      *
    SPR_PA            -0.632       0.166      0.000      -0.978      -0.332      *
    SPR_NA             1.362       0.164      0.000       1.064       1.702      *
    SPA_PA             2.211       0.260      0.000       1.757       2.774      *
    SNA_NA             1.669       0.187      0.000       1.321       2.053      *

 Variances
    PA                 1.000       0.000      0.000       1.000       1.000
    NA                 1.000       0.000      0.000       1.000       1.000
    SPR_PA             1.000       0.000      0.000       1.000       1.000
    SPR_NA             1.000       0.000      0.000       1.000       1.000
    SPA_PA             1.000       0.000      0.000       1.000       1.000
    SNA_NA             1.000       0.000      0.000       1.000       1.000


STDY Standardization

                                Posterior  One-Tailed         95% C.I.
                    Estimate       S.D.      P-Value   Lower 2.5%  Upper 2.5%  Significance

Within-Level Standardized Estimates Averaged Over Clusters

 SPR_PA | PA ON
    PER_DAMP          -0.100       0.018      0.000      -0.135      -0.064      *

 SPA_PA | PA ON
    PA&1               0.025       0.001      0.000       0.023       0.027      *

 SPR_NA | NA ON
    PER_DAMP           0.316       0.017      0.000       0.279       0.347      *

 SNA_NA | NA ON
    NA&1               0.028       0.001      0.000       0.026       0.030      *

 NA       WITH
    PA                -0.459       0.009      0.000      -0.478      -0.441      *

 Means
    PER_DAMP           0.773       0.012      0.000       0.749       0.799      *

 Variances
    PER_DAMP           1.000       0.000      0.000       1.000       1.000

 Residual Variances
    PA                 0.805       0.011      0.000       0.785       0.826      *
    NA                 0.747       0.012      0.000       0.725       0.769      *

Between Level

 Means
    PA                 3.473       0.223      0.000       3.050       3.911      *
    NA                 1.588       0.127      0.000       1.341       1.836      *
    SPR_PA            -0.632       0.166      0.000      -0.978      -0.332      *
    SPR_NA             1.362       0.164      0.000       1.064       1.702      *
    SPA_PA             2.211       0.260      0.000       1.757       2.774      *
    SNA_NA             1.669       0.187      0.000       1.321       2.053      *

 Variances
    PA                 1.000       0.000      0.000       1.000       1.000
    NA                 1.000       0.000      0.000       1.000       1.000
    SPR_PA             1.000       0.000      0.000       1.000       1.000
    SPR_NA             1.000       0.000      0.000       1.000       1.000
    SPA_PA             1.000       0.000      0.000       1.000       1.000
    SNA_NA             1.000       0.000      0.000       1.000       1.000


STD Standardization

                                Posterior  One-Tailed         95% C.I.
                    Estimate       S.D.      P-Value   Lower 2.5%  Upper 2.5%  Significance

Within-Level Standardized Estimates Averaged Over Clusters

 SPR_PA | PA ON
    PER_DAMP          -0.098       0.018      0.000      -0.132      -0.063      *

 SPA_PA | PA ON
    PA&1               0.365       0.013      0.000       0.339       0.390      *

 SPR_NA | NA ON
    PER_DAMP           0.223       0.013      0.000       0.195       0.246      *

 SNA_NA | NA ON
    NA&1               0.285       0.012      0.000       0.262       0.308      *

 NA       WITH
    PA               -48.942       1.364      0.000     -51.806     -46.399      *

 Means
    PER_DAMP          11.531       0.162      0.000      11.218      11.854      *

 Variances
    PER_DAMP         222.207       3.472      0.000     215.750     229.404      *

 Residual Variances
    PA               159.419       2.655      0.000     154.233     164.844      *
    NA                71.416       1.205      0.000      68.873      73.754      *

Between Level

 Means
    PA                45.406       1.112      0.000      43.216      47.535      *
    NA                11.112       0.604      0.000       9.904      12.276      *
    SPR_PA            -0.632       0.166      0.000      -0.978      -0.332      *
    SPR_NA             1.362       0.164      0.000       1.064       1.702      *
    SPA_PA             2.211       0.260      0.000       1.757       2.774      *
    SNA_NA             1.669       0.187      0.000       1.321       2.053      *

 Variances
    PA               170.820      20.840      0.000     136.093     216.781      *
    NA                49.057       6.289      0.000      38.685      63.206      *
    SPR_PA             1.000       0.000      0.000       1.000       1.000
    SPR_NA             1.000       0.000      0.000       1.000       1.000
    SPA_PA             1.000       0.000      0.000       1.000       1.000
    SNA_NA             1.000       0.000      0.000       1.000       1.000


R-SQUARE

Within-Level R-Square Averaged Across Clusters

                                Posterior  One-Tailed         95% C.I.
    Variable        Estimate       S.D.      P-Value   Lower 2.5%  Upper 2.5%

    PA                 0.195       0.011      0.000       0.174       0.215
    NA                 0.253       0.012      0.000       0.230       0.275


CREDIBILITY INTERVALS OF MODEL RESULTS

                  Lower .5%  Lower 2.5%    Lower 5%    Estimate    Upper 5%  Upper 2.5%   Upper .5%

Within Level

 NA       WITH
    PA             -52.556     -51.764     -51.337     -49.003     -46.837     -46.464     -45.828

 Means
    PER_DAMP        11.085      11.208      11.259      11.528      11.797      11.849      11.954

 Variances
    PER_DAMP       213.526     215.683     216.547     222.173     228.034     229.274     231.531

 Residual Variances
    PA             152.900     154.167     155.114     159.505     163.926     164.776     166.319
    NA              68.329      69.020      69.369      71.415      73.366      73.787      74.668

Between Level

 Means
    PA              42.609      43.216      43.548      45.406      47.232      47.535      48.279
    NA               9.391       9.904      10.104      11.112      12.086      12.276      12.650
    SPR_PA          -0.155      -0.139      -0.132      -0.097      -0.061      -0.055      -0.043
    SPR_NA           0.173       0.184       0.191       0.223       0.252       0.257       0.268
    SPA_PA           0.312       0.329       0.334       0.364       0.394       0.400       0.410
    SNA_NA           0.238       0.251       0.257       0.286       0.315       0.321       0.332

 Variances
    PA             125.770     136.093     141.224     170.820     209.688     216.781     236.306
    NA              36.284      38.685      39.947      49.057      60.631      63.206      69.517
    SPR_PA           0.010       0.013       0.014       0.024       0.038       0.042       0.049
    SPR_NA           0.016       0.018       0.019       0.027       0.036       0.038       0.043
    SPA_PA           0.016       0.018       0.020       0.027       0.037       0.039       0.044
    SNA_NA           0.019       0.021       0.022       0.029       0.039       0.041       0.046


CREDIBILITY INTERVALS OF STANDARDIZED MODEL RESULTS


STDYX Standardization

                  Lower .5%  Lower 2.5%    Lower 5%    Estimate    Upper 5%  Upper 2.5%   Upper .5%

Within Level

 NA       WITH
    PA               0.000      -0.478       0.000      -0.459       0.000      -0.441       0.000

 Means
    PER_DAMP         0.000       0.749       0.000       0.773       0.000       0.799       0.000

 Variances
    PER_DAMP         0.000       1.000       0.000       1.000       0.000       1.000       0.000

 Residual Variances
    PA               0.000       0.785       0.000       0.805       0.000       0.826       0.000
    NA               0.000       0.725       0.000       0.747       0.000       0.769       0.000

Between Level

 Means
    PA               2.923       3.050       3.114       3.473       3.846       3.911       4.046
    NA               1.270       1.341       1.382       1.588       1.800       1.836       1.913
    SPR_PA          -1.136      -0.978      -0.913      -0.632      -0.371      -0.332      -0.263
    SPR_NA           0.981       1.064       1.112       1.362       1.653       1.702       1.825
    SPA_PA           1.611       1.757       1.819       2.211       2.672       2.774       2.986
    SNA_NA           1.195       1.321       1.377       1.669       1.994       2.053       2.173

 Variances
    PA               1.000       1.000       1.000       1.000       1.000       1.000       1.000
    NA               1.000       1.000       1.000       1.000       1.000       1.000       1.000
    SPR_PA           1.000       1.000       1.000       1.000       1.000       1.000       1.000
    SPR_NA           1.000       1.000       1.000       1.000       1.000       1.000       1.000
    SPA_PA           1.000       1.000       1.000       1.000       1.000       1.000       1.000
    SNA_NA           1.000       1.000       1.000       1.000       1.000       1.000       1.000


STDY Standardization

                  Lower .5%  Lower 2.5%    Lower 5%    Estimate    Upper 5%  Upper 2.5%   Upper .5%

Within Level

 NA       WITH
    PA               0.000      -0.478       0.000      -0.459       0.000      -0.441       0.000

 Means
    PER_DAMP         0.000       0.749       0.000       0.773       0.000       0.799       0.000

 Variances
    PER_DAMP         0.000       1.000       0.000       1.000       0.000       1.000       0.000

 Residual Variances
    PA               0.000       0.785       0.000       0.805       0.000       0.826       0.000
    NA               0.000       0.725       0.000       0.747       0.000       0.769       0.000

Between Level

 Means
    PA               2.923       3.050       3.114       3.473       3.846       3.911       4.046
    NA               1.270       1.341       1.382       1.588       1.800       1.836       1.913
    SPR_PA          -1.136      -0.978      -0.913      -0.632      -0.371      -0.332      -0.263
    SPR_NA           0.981       1.064       1.112       1.362       1.653       1.702       1.825
    SPA_PA           1.611       1.757       1.819       2.211       2.672       2.774       2.986
    SNA_NA           1.195       1.321       1.377       1.669       1.994       2.053       2.173

 Variances
    PA               1.000       1.000       1.000       1.000       1.000       1.000       1.000
    NA               1.000       1.000       1.000       1.000       1.000       1.000       1.000
    SPR_PA           1.000       1.000       1.000       1.000       1.000       1.000       1.000
    SPR_NA           1.000       1.000       1.000       1.000       1.000       1.000       1.000
    SPA_PA           1.000       1.000       1.000       1.000       1.000       1.000       1.000
    SNA_NA           1.000       1.000       1.000       1.000       1.000       1.000       1.000


STD Standardization

                  Lower .5%  Lower 2.5%    Lower 5%    Estimate    Upper 5%  Upper 2.5%   Upper .5%

Within Level

 NA       WITH
    PA               0.000     -51.806       0.000     -48.942       0.000     -46.399       0.000

 Means
    PER_DAMP         0.000      11.218       0.000      11.531       0.000      11.854       0.000

 Variances
    PER_DAMP         0.000     215.750       0.000     222.207       0.000     229.404       0.000

 Residual Variances
    PA               0.000     154.233       0.000     159.419       0.000     164.844       0.000
    NA               0.000      68.873       0.000      71.416       0.000      73.754       0.000

Between Level

 Means
    PA              42.609      43.216      43.548      45.406      47.232      47.535      48.279
    NA               9.391       9.904      10.104      11.112      12.086      12.276      12.650
    SPR_PA          -1.136      -0.978      -0.913      -0.632      -0.371      -0.332      -0.263
    SPR_NA           0.981       1.064       1.112       1.362       1.653       1.702       1.825
    SPA_PA           1.611       1.757       1.819       2.211       2.672       2.774       2.986
    SNA_NA           1.195       1.321       1.377       1.669       1.994       2.053       2.173

 Variances
    PA             125.770     136.093     141.224     170.820     209.688     216.781     236.306
    NA              36.284      38.685      39.947      49.057      60.631      63.206      69.517
    SPR_PA           1.000       1.000       1.000       1.000       1.000       1.000       1.000
    SPR_NA           1.000       1.000       1.000       1.000       1.000       1.000       1.000
    SPA_PA           1.000       1.000       1.000       1.000       1.000       1.000       1.000
    SNA_NA           1.000       1.000       1.000       1.000       1.000       1.000       1.000


TECHNICAL 1 OUTPUT


     PARAMETER SPECIFICATION FOR WITHIN


           NU
              PER_DAMP      PA            NA            PA&1          NA&1
              ________      ________      ________      ________      ________
                    0             0             0             0             0


           LAMBDA
              PER_DAMP      PA            NA            PA&1          NA&1
              ________      ________      ________      ________      ________
 PER_DAMP           0             0             0             0             0
 PA                 0             0             0             0             0
 NA                 0             0             0             0             0
 PA&1               0             0             0             0             0
 NA&1               0             0             0             0             0


           THETA
              PER_DAMP      PA            NA            PA&1          NA&1
              ________      ________      ________      ________      ________
 PER_DAMP           0
 PA                 0             0
 NA                 0             0             0
 PA&1               0             0             0             0
 NA&1               0             0             0             0             0


           ALPHA
              PER_DAMP      PA            NA            PA&1          NA&1
              ________      ________      ________      ________      ________
                    1             0             0             0             0


           BETA
              PER_DAMP      PA            NA            PA&1          NA&1
              ________      ________      ________      ________      ________
 PER_DAMP           0             0             0             0             0
 PA                 0             0             0             0             0
 NA                 0             0             0             0             0
 PA&1               0             0             0             0             0
 NA&1               0             0             0             0             0


           PSI
              PER_DAMP      PA            NA            PA&1          NA&1
              ________      ________      ________      ________      ________
 PER_DAMP           2
 PA                 0             3
 NA                 0             4             5
 PA&1               0             0             0             0
 NA&1               0             0             0             0             0


     PARAMETER SPECIFICATION FOR BETWEEN


           NU
              PA            NA
              ________      ________
                    0             0


           LAMBDA
              SPR_PA        SPR_NA        SPA_PA        SNA_NA        PA
              ________      ________      ________      ________      ________
 PA                 0             0             0             0             0
 NA                 0             0             0             0             0


           LAMBDA
              NA
              ________
 PA                 0
 NA                 0


           THETA
              PA            NA
              ________      ________
 PA                 0
 NA                 0             0


           ALPHA
              SPR_PA        SPR_NA        SPA_PA        SNA_NA        PA
              ________      ________      ________      ________      ________
                    6             7             8             9            10


           ALPHA
              NA
              ________
                   11


           BETA
              SPR_PA        SPR_NA        SPA_PA        SNA_NA        PA
              ________      ________      ________      ________      ________
 SPR_PA             0             0             0             0             0
 SPR_NA             0             0             0             0             0
 SPA_PA             0             0             0             0             0
 SNA_NA             0             0             0             0             0
 PA                 0             0             0             0             0
 NA                 0             0             0             0             0


           BETA
              NA
              ________
 SPR_PA             0
 SPR_NA             0
 SPA_PA             0
 SNA_NA             0
 PA                 0
 NA                 0


           PSI
              SPR_PA        SPR_NA        SPA_PA        SNA_NA        PA
              ________      ________      ________      ________      ________
 SPR_PA            12
 SPR_NA             0            13
 SPA_PA             0             0            14
 SNA_NA             0             0             0            15
 PA                 0             0             0             0            16
 NA                 0             0             0             0             0


           PSI
              NA
              ________
 NA                17


     STARTING VALUES FOR WITHIN


           NU
              PER_DAMP      PA            NA            PA&1          NA&1
              ________      ________      ________      ________      ________
                0.000         0.000         0.000         0.000         0.000


           LAMBDA
              PER_DAMP      PA            NA            PA&1          NA&1
              ________      ________      ________      ________      ________
 PER_DAMP       1.000         0.000         0.000         0.000         0.000
 PA             0.000         1.000         0.000         0.000         0.000
 NA             0.000         0.000         1.000         0.000         0.000
 PA&1           0.000         0.000         0.000         1.000         0.000
 NA&1           0.000         0.000         0.000         0.000         1.000


           THETA
              PER_DAMP      PA            NA            PA&1          NA&1
              ________      ________      ________      ________      ________
 PER_DAMP       0.000
 PA             0.000         0.000
 NA             0.000         0.000         0.000
 PA&1           0.000         0.000         0.000         0.000
 NA&1           0.000         0.000         0.000         0.000         0.000


           ALPHA
              PER_DAMP      PA            NA            PA&1          NA&1
              ________      ________      ________      ________      ________
                0.000         0.000         0.000         0.000         0.000


           BETA
              PER_DAMP      PA            NA            PA&1          NA&1
              ________      ________      ________      ________      ________
 PER_DAMP       0.000         0.000         0.000         0.000         0.000
 PA             0.000         0.000         0.000         0.000         0.000
 NA             0.000         0.000         0.000         0.000         0.000
 PA&1           0.000         0.000         0.000         0.000         0.000
 NA&1           0.000         0.000         0.000         0.000         0.000


           PSI
              PER_DAMP      PA            NA            PA&1          NA&1
              ________      ________      ________      ________      ________
 PER_DAMP     110.617
 PA             0.000       176.839
 NA             0.000         0.000        82.455
 PA&1           0.000         0.000         0.000       176.900
 NA&1           0.000         0.000         0.000         0.000        82.346


     STARTING VALUES FOR BETWEEN


           NU
              PA            NA
              ________      ________
                0.000         0.000


           LAMBDA
              SPR_PA        SPR_NA        SPA_PA        SNA_NA        PA
              ________      ________      ________      ________      ________
 PA             0.000         0.000         0.000         0.000         1.000
 NA             0.000         0.000         0.000         0.000         0.000


           LAMBDA
              NA
              ________
 PA             0.000
 NA             1.000


           THETA
              PA            NA
              ________      ________
 PA             0.000
 NA             0.000         0.000


           ALPHA
              SPR_PA        SPR_NA        SPA_PA        SNA_NA        PA
              ________      ________      ________      ________      ________
                0.000         0.000         0.000         0.000        43.655


           ALPHA
              NA
              ________
               14.975


           BETA
              SPR_PA        SPR_NA        SPA_PA        SNA_NA        PA
              ________      ________      ________      ________      ________
 SPR_PA         0.000         0.000         0.000         0.000         0.000
 SPR_NA         0.000         0.000         0.000         0.000         0.000
 SPA_PA         0.000         0.000         0.000         0.000         0.000
 SNA_NA         0.000         0.000         0.000         0.000         0.000
 PA             0.000         0.000         0.000         0.000         0.000
 NA             0.000         0.000         0.000         0.000         0.000


           BETA
              NA
              ________
 SPR_PA         0.000
 SPR_NA         0.000
 SPA_PA         0.000
 SNA_NA         0.000
 PA             0.000
 NA             0.000


           PSI
              SPR_PA        SPR_NA        SPA_PA        SNA_NA        PA
              ________      ________      ________      ________      ________
 SPR_PA         1.000
 SPR_NA         0.000         1.000
 SPA_PA         0.000         0.000         1.000
 SNA_NA         0.000         0.000         0.000         1.000
 PA             0.000         0.000         0.000         0.000       176.839
 NA             0.000         0.000         0.000         0.000         0.000


           PSI
              NA
              ________
 NA            82.455



     PRIORS FOR ALL PARAMETERS            PRIOR MEAN      PRIOR VARIANCE     PRIOR STD. DEV.

     Parameter 1~N(0.000,infinity)           0.0000            infinity            infinity
     Parameter 2~IG(-1.000,0.000)          infinity            infinity            infinity
     Parameter 3~IW(0.000,-3)              infinity            infinity            infinity
     Parameter 4~IW(0.000,-3)              infinity            infinity            infinity
     Parameter 5~IW(0.000,-3)              infinity            infinity            infinity
     Parameter 6~N(0.000,infinity)           0.0000            infinity            infinity
     Parameter 7~N(0.000,infinity)           0.0000            infinity            infinity
     Parameter 8~N(0.000,infinity)           0.0000            infinity            infinity
     Parameter 9~N(0.000,infinity)           0.0000            infinity            infinity
     Parameter 10~N(0.000,infinity)          0.0000            infinity            infinity
     Parameter 11~N(0.000,infinity)          0.0000            infinity            infinity
     Parameter 12~IG(-1.000,0.000)         infinity            infinity            infinity
     Parameter 13~IG(-1.000,0.000)         infinity            infinity            infinity
     Parameter 14~IG(-1.000,0.000)         infinity            infinity            infinity
     Parameter 15~IG(-1.000,0.000)         infinity            infinity            infinity
     Parameter 16~IG(-1.000,0.000)         infinity            infinity            infinity
     Parameter 17~IG(-1.000,0.000)         infinity            infinity            infinity


TECHNICAL 8 OUTPUT


   TECHNICAL 8 OUTPUT FOR BAYES ESTIMATION

     PROCESSOR    BSEED
     1            0
     2            285380
     3            253358
     4            93468
     5            608496
     6            903420
     7            195873
     8            462953
     9            939021
     10           127215
     11           415931
     12           533738
     13           107446
     14           399671
     15           650371
     16           27071

                     POTENTIAL       PARAMETER WITH
     ITERATION    SCALE REDUCTION      HIGHEST PSR
     100              1.353               12
     200              1.191               6
     300              1.041               9
     400              1.095               5
     500              1.067               5
     600              1.021               8
     700              1.024               12
     800              1.029               12
     900              1.018               13
     1000             1.016               13
     1100             1.019               13
     1200             1.018               13
     1300             1.027               13
     1400             1.019               13
     1500             1.010               13
     1600             1.014               12
     1700             1.007               12
     1800             1.011               12
     1900             1.019               12
     2000             1.015               12
     2100             1.016               12
     2200             1.014               8
     2300             1.014               12
     2400             1.011               8
     2500             1.012               8
     2600             1.008               12


PLOT INFORMATION

The following plots are available:

  Histograms (sample values)
  Scatterplots (sample values)
  Between-level histograms (sample values, sample means/variances)
  Between-level scatterplots (sample values, sample means/variances)
  Time series plots (sample values, ACF, PACF)
  Histogram of subjects per time point
  Time interval plots
  Bayesian posterior parameter distributions
  Bayesian posterior parameter trace plots
  Bayesian autocorrelation plots

     Beginning Time:  18:55:45
        Ending Time:  18:57:21
       Elapsed Time:  00:01:36



MUTHEN & MUTHEN
3463 Stoner Ave.
Los Angeles, CA  90066

Tel: (310) 391-9971
Fax: (310) 391-8971
Web: www.StatModel.com
Support: Support@StatModel.com

Copyright (c) 1998-2022 Muthen & Muthen
