Mplus VERSION 8.8
MUTHEN & MUTHEN
07/13/2023   3:24 PM

INPUT INSTRUCTIONS


  DATA:
  FILE IS data10.dat;

  VARIABLE:   NAMES =
  	    Eth_ID Time Time_between Time_inc
  	    PA_enth NA_irri NA_verv PA_tevr PA_ener
       	    PA_kalm NA_nerv PA_daadk NA_verdr
  	    PA_vrol NA_boos PA_dankb NA_somb PER_att
      	    PER_refl PER_self PER_expr PER_damp
  	    PER_codamp PER_capit Sample age_yr gesl BDI
      	    Measures_valid BDI_anh Anhedonia
   	    BDI_sum PA NA day compliance;

              USEVARIABLES are PER_refl PA NA;
              MISSING is .;
              within = PER_refl;
              between = ;
              cluster = Eth_ID;
              lagged= PA NA(1);
              tinterval=Time_inc (150);

  ANALYSIS:   type = twolevel random;
              estimator = Bayes;
              biterations=(2000);
              bconvergence=0.005;
              thin=2;
              PROCESSORS=16;
  MODEL:
  %WITHIN%
  sPR_PA | PA on PER_refl;
  sPR_NA | NA on PER_refl;
  sPA_PA | PA on PA&1;
  sNA_NA | NA on NA&1;
  [PER_refl];


  %between%



  OUTPUT: standardized tech1 tech8 cinterval patterns;
  PLOT: TYPE = PLOT3;



*** WARNING in MODEL command
  A y-variable has been declared on the within level but not referred to on
  the between level.  Please check that this is what is intended.  If this is not intended,
  specify the variable as a within variable.  Problem with:  PA
*** WARNING in MODEL command
  A y-variable has been declared on the within level but not referred to on
  the between level.  Please check that this is what is intended.  If this is not intended,
  specify the variable as a within variable.  Problem with:  NA
*** WARNING
  One or more individual-level variables have no variation within a
  cluster for the following clusters.

     Variable   Cluster IDs with no within-cluster variation

      PER_REFL    165 73

*** WARNING
  Data set contains cases with missing on all variables.  Cases that appeared before the first
  case with observed data and that appeared after the last case with observed data were not
  included in the analysis.  Number of deleted cases:  569
   4 WARNING(S) FOUND IN THE INPUT INSTRUCTIONS




SUMMARY OF ANALYSIS

Number of groups                                                 1
Number of observations                                       19556

Number of dependent variables                                    2
Number of independent variables                                  3
Number of continuous latent variables                            4

Observed dependent variables

  Continuous
   PA          NA

Observed independent variables
   PER_REFL    PA&1        NA&1

Continuous latent variables
   SPR_PA      SPR_NA      SPA_PA      SNA_NA

Variables with special functions

  Cluster variable      ETH_ID

  Within variables
   PER_REFL    PA&1        NA&1


Estimator                                                    BAYES
Specifications for Bayesian Estimation
  Point estimate                                            MEDIAN
  Number of Markov chain Monte Carlo (MCMC) chains               2
  Random seed for the first chain                                0
  Starting value information                           UNPERTURBED
  Algorithm used for Markov chain Monte Carlo           GIBBS(PX1)
  Convergence criterion                                  0.500D-02
  Maximum number of iterations                               50000
  K-th iteration used for thinning                               2

Input data file(s)
  data10.dat
Input data format  FREE


SUMMARY OF DATA

     Number of clusters                        153

       Size (s)    Cluster ID with Size s

         84        87
         88        72
         97        34
        101        10
        108        119
        111        36
        113        182
        115        131 89
        116        15 77 75
        117        11
        118        57 16 49 66
        119        186 197 71 48 50 149 92 38 106 163
        120        148 55 7 165 168 98 61 192 108
        122        174
        123        127
        124        161 51 117 103
        125        123 112 68 73 13 53 54 30 88 40 93 44 100 105
        126        102 120 65 107 172 173 80 76 109 111
        127        133 147 70 177 32 139 62 86 25 115 67 46 178 118 110
                   104 193 126 198
        128        18 59 153 180 96 5 156 43
        129        39 144 141 146 185 116 190 187 135 3 137 69
        130        166 97 138 14
        133        191
        134        2
        135        183 63 60 194 201 200
        136        56 26
        137        4 95 19 22 9 42
        138        94 29 132
        139        114 45 79 37 21 145 84 35 74
        142        27
        143        179
        144        24 170 171
        145        124 162 1 20
        146        151 6 167
        147        142 31
        148        176 159



SUMMARY OF MISSING DATA PATTERNS

     Number of missing data patterns            12


     MISSING DATA PATTERNS (x = not missing)

           1  2  3  4  5  6  7  8  9 10 11 12
 PER_REFL  x  x              x     x     x
 PA        x  x  x        x     x  x     x  x
 NA        x  x  x        x        x  x  x
 PA&1      x     x  x        x     x        x
 NA&1      x     x  x        x           x  x


     MISSING DATA PATTERN FREQUENCIES

    Pattern   Frequency     Pattern   Frequency     Pattern   Frequency
          1        4834           5        8460           9           5
          2        3125           6          49          10           1
          3          49           7           3          11           1
          4        3024           8           4          12           1


COVARIANCE COVERAGE OF DATA

Minimum covariance coverage value   0.100


     PROPORTION OF DATA PRESENT


           Covariance Coverage
              PER_REFL      PA            NA
              ________      ________      ________
 PER_REFL       0.407
 PA             0.407         0.413
 NA             0.407         0.412         0.412



UNIVARIATE SAMPLE STATISTICS


     UNIVARIATE HIGHER-ORDER MOMENT DESCRIPTIVE STATISTICS

         Variable/         Mean/     Skewness/   Minimum/ % with                Percentiles
        Sample Size      Variance    Kurtosis    Maximum  Min/Max      20%/60%    40%/80%    Median

     PER_REFL             28.141       0.700       0.000    9.91%       5.000     14.000     23.000
            7968.000     571.032      -0.402     100.000    0.50%      32.000     50.000
     PA                   45.431      -0.008       0.000    0.30%      30.714     41.429     45.857
            8068.000     301.278      -0.215     100.000    0.07%      50.143     60.143
     NA                   14.890       1.413       0.000    7.18%       5.000      9.167     11.500
            8064.000     161.957       2.022      80.667    0.01%      14.167     22.833


THE MODEL ESTIMATION TERMINATED NORMALLY

     USE THE FBITERATIONS OPTION TO INCREASE THE NUMBER OF ITERATIONS BY A FACTOR
     OF AT LEAST TWO TO CHECK CONVERGENCE AND THAT THE PSR VALUE DOES NOT INCREASE.



MODEL FIT INFORMATION

Number of Free Parameters                              17

Information Criteria

          Deviance (DIC)                       496553.115
          Estimated Number of Parameters (pD)   32695.107



MODEL RESULTS

                                Posterior  One-Tailed         95% C.I.
                    Estimate       S.D.      P-Value   Lower 2.5%  Upper 2.5%  Significance

Within Level

 NA       WITH
    PA               -46.554       1.287      0.000     -49.149     -44.025      *

 Means
    PER_REFL          28.051       0.268      0.000      27.519      28.589      *

 Variances
    PER_REFL         573.184       8.925      0.000     556.041     590.813      *

 Residual Variances
    PA               124.025       2.108      0.000     120.051     128.316      *
    NA                74.040       1.251      0.000      71.688      76.478      *

Between Level

 Means
    PA                37.833       1.009      0.000      35.872      39.808      *
    NA                16.211       0.775      0.000      14.687      17.722      *
    SPR_PA             0.165       0.011      0.000       0.143       0.187      *
    SPR_NA            -0.027       0.010      0.001      -0.047      -0.009      *
    SPA_PA             0.330       0.018      0.000       0.294       0.366      *
    SNA_NA             0.304       0.018      0.000       0.270       0.339      *

 Variances
    PA               129.875      16.997      0.000     100.363     165.879      *
    NA                77.640      10.229      0.000      61.282     101.431      *
    SPR_PA             0.010       0.002      0.000       0.006       0.014      *
    SPR_NA             0.008       0.002      0.000       0.006       0.012      *
    SPA_PA             0.027       0.005      0.000       0.019       0.038      *
    SNA_NA             0.025       0.005      0.000       0.017       0.036      *


STANDARDIZED MODEL RESULTS


STDYX Standardization

                                Posterior  One-Tailed         95% C.I.
                    Estimate       S.D.      P-Value   Lower 2.5%  Upper 2.5%  Significance

Within-Level Standardized Estimates Averaged Over Clusters

 SPR_PA | PA ON
    PER_REFL           0.298       0.014      0.000       0.269       0.325      *

 SPA_PA | PA ON
    PA&1               0.331       0.012      0.000       0.306       0.354      *

 SPR_NA | NA ON
    PER_REFL          -0.069       0.015      0.000      -0.100      -0.040      *

 SNA_NA | NA ON
    NA&1               0.304       0.013      0.000       0.279       0.328      *

 NA       WITH
    PA                -0.486       0.009      0.000      -0.504      -0.466      *

 Means
    PER_REFL           1.172       0.015      0.000       1.143       1.201      *

 Variances
    PER_REFL           1.000       0.000      0.000       1.000       1.000

 Residual Variances
    PA                 0.749       0.010      0.000       0.730       0.768      *
    NA                 0.833       0.009      0.000       0.815       0.849      *

Between Level

 Means
    PA                 3.322       0.229      0.000       2.910       3.793      *
    NA                 1.840       0.143      0.000       1.557       2.113      *
    SPR_PA             1.691       0.207      0.000       1.319       2.137      *
    SPR_NA            -0.302       0.110      0.001      -0.529      -0.095      *
    SPA_PA             2.006       0.222      0.000       1.606       2.472      *
    SNA_NA             1.927       0.239      0.000       1.506       2.459      *

 Variances
    PA                 1.000       0.000      0.000       1.000       1.000
    NA                 1.000       0.000      0.000       1.000       1.000
    SPR_PA             1.000       0.000      0.000       1.000       1.000
    SPR_NA             1.000       0.000      0.000       1.000       1.000
    SPA_PA             1.000       0.000      0.000       1.000       1.000
    SNA_NA             1.000       0.000      0.000       1.000       1.000


STDY Standardization

                                Posterior  One-Tailed         95% C.I.
                    Estimate       S.D.      P-Value   Lower 2.5%  Upper 2.5%  Significance

Within-Level Standardized Estimates Averaged Over Clusters

 SPR_PA | PA ON
    PER_REFL           0.298       0.014      0.000       0.269       0.325      *

 SPA_PA | PA ON
    PA&1               0.025       0.001      0.000       0.023       0.027      *

 SPR_NA | NA ON
    PER_REFL          -0.069       0.015      0.000      -0.100      -0.040      *

 SNA_NA | NA ON
    NA&1               0.031       0.001      0.000       0.029       0.034      *

 NA       WITH
    PA                -0.486       0.009      0.000      -0.504      -0.466      *

 Means
    PER_REFL           1.172       0.015      0.000       1.143       1.201      *

 Variances
    PER_REFL           1.000       0.000      0.000       1.000       1.000

 Residual Variances
    PA                 0.749       0.010      0.000       0.730       0.768      *
    NA                 0.833       0.009      0.000       0.815       0.849      *

Between Level

 Means
    PA                 3.322       0.229      0.000       2.910       3.793      *
    NA                 1.840       0.143      0.000       1.557       2.113      *
    SPR_PA             1.691       0.207      0.000       1.319       2.137      *
    SPR_NA            -0.302       0.110      0.001      -0.529      -0.095      *
    SPA_PA             2.006       0.222      0.000       1.606       2.472      *
    SNA_NA             1.927       0.239      0.000       1.506       2.459      *

 Variances
    PA                 1.000       0.000      0.000       1.000       1.000
    NA                 1.000       0.000      0.000       1.000       1.000
    SPR_PA             1.000       0.000      0.000       1.000       1.000
    SPR_NA             1.000       0.000      0.000       1.000       1.000
    SPA_PA             1.000       0.000      0.000       1.000       1.000
    SNA_NA             1.000       0.000      0.000       1.000       1.000


STD Standardization

                                Posterior  One-Tailed         95% C.I.
                    Estimate       S.D.      P-Value   Lower 2.5%  Upper 2.5%  Significance

Within-Level Standardized Estimates Averaged Over Clusters

 SPR_PA | PA ON
    PER_REFL           0.165       0.008      0.000       0.150       0.181      *

 SPA_PA | PA ON
    PA&1               0.331       0.012      0.000       0.306       0.354      *

 SPR_NA | NA ON
    PER_REFL          -0.027       0.006      0.000      -0.040      -0.015      *

 SNA_NA | NA ON
    NA&1               0.304       0.013      0.000       0.279       0.328      *

 NA       WITH
    PA               -46.554       1.277      0.000     -49.132     -44.026      *

 Means
    PER_REFL          28.055       0.266      0.000      27.532      28.595      *

 Variances
    PER_REFL         573.219       8.960      0.000     555.929     590.721      *

 Residual Variances
    PA               124.043       2.127      0.000     119.997     128.385      *
    NA                74.063       1.254      0.000      71.690      76.478      *

Between Level

 Means
    PA                37.833       1.009      0.000      35.872      39.808      *
    NA                16.211       0.775      0.000      14.687      17.722      *
    SPR_PA             1.691       0.207      0.000       1.319       2.137      *
    SPR_NA            -0.302       0.110      0.001      -0.529      -0.095      *
    SPA_PA             2.006       0.222      0.000       1.606       2.472      *
    SNA_NA             1.927       0.239      0.000       1.506       2.459      *

 Variances
    PA               129.875      16.997      0.000     100.363     165.879      *
    NA                77.640      10.229      0.000      61.282     101.431      *
    SPR_PA             1.000       0.000      0.000       1.000       1.000
    SPR_NA             1.000       0.000      0.000       1.000       1.000
    SPA_PA             1.000       0.000      0.000       1.000       1.000
    SNA_NA             1.000       0.000      0.000       1.000       1.000


R-SQUARE

Within-Level R-Square Averaged Across Clusters

                                Posterior  One-Tailed         95% C.I.
    Variable        Estimate       S.D.      P-Value   Lower 2.5%  Upper 2.5%

    PA                 0.251       0.010      0.000       0.232       0.269
    NA                 0.167       0.009      0.000       0.151       0.185


CREDIBILITY INTERVALS OF MODEL RESULTS

                  Lower .5%  Lower 2.5%    Lower 5%    Estimate    Upper 5%  Upper 2.5%   Upper .5%

Within Level

 NA       WITH
    PA             -49.893     -49.149     -48.729     -46.554     -44.428     -44.025     -43.371

 Means
    PER_REFL        27.362      27.519      27.608      28.051      28.484      28.589      28.724

 Variances
    PER_REFL       550.824     556.041     559.148     573.184     588.269     590.813     596.732

 Residual Variances
    PA             119.157     120.051     120.566     124.025     127.570     128.316     129.826
    NA              70.792      71.688      72.085      74.040      76.069      76.478      77.621

Between Level

 Means
    PA              35.213      35.872      36.198      37.833      39.492      39.808      40.508
    NA              14.149      14.687      14.910      16.211      17.479      17.722      18.200
    SPR_PA           0.136       0.143       0.146       0.165       0.183       0.187       0.195
    SPR_NA          -0.053      -0.047      -0.043      -0.027      -0.012      -0.009      -0.002
    SPA_PA           0.283       0.294       0.300       0.330       0.360       0.366       0.376
    SNA_NA           0.256       0.270       0.275       0.304       0.334       0.339       0.351

 Variances
    PA              93.617     100.363     104.534     129.875     160.141     165.879     184.049
    NA              56.956      61.282      63.726      77.640      96.992     101.431     109.939
    SPR_PA           0.006       0.006       0.007       0.010       0.013       0.014       0.015
    SPR_NA           0.005       0.006       0.006       0.008       0.011       0.012       0.014
    SPA_PA           0.017       0.019       0.020       0.027       0.036       0.038       0.042
    SNA_NA           0.015       0.017       0.018       0.025       0.034       0.036       0.040


CREDIBILITY INTERVALS OF STANDARDIZED MODEL RESULTS


STDYX Standardization

                  Lower .5%  Lower 2.5%    Lower 5%    Estimate    Upper 5%  Upper 2.5%   Upper .5%

Within Level

 NA       WITH
    PA               0.000      -0.504       0.000      -0.486       0.000      -0.466       0.000

 Means
    PER_REFL         0.000       1.143       0.000       1.172       0.000       1.201       0.000

 Variances
    PER_REFL         0.000       1.000       0.000       1.000       0.000       1.000       0.000

 Residual Variances
    PA               0.000       0.730       0.000       0.749       0.000       0.768       0.000
    NA               0.000       0.815       0.000       0.833       0.000       0.849       0.000

Between Level

 Means
    PA               2.780       2.910       2.962       3.322       3.726       3.793       3.924
    NA               1.451       1.557       1.602       1.840       2.068       2.113       2.190
    SPR_PA           1.203       1.319       1.373       1.691       2.053       2.137       2.294
    SPR_NA          -0.615      -0.529      -0.487      -0.302      -0.129      -0.095      -0.021
    SPA_PA           1.506       1.606       1.668       2.006       2.388       2.472       2.646
    SNA_NA           1.375       1.506       1.572       1.927       2.360       2.459       2.621

 Variances
    PA               1.000       1.000       1.000       1.000       1.000       1.000       1.000
    NA               1.000       1.000       1.000       1.000       1.000       1.000       1.000
    SPR_PA           1.000       1.000       1.000       1.000       1.000       1.000       1.000
    SPR_NA           1.000       1.000       1.000       1.000       1.000       1.000       1.000
    SPA_PA           1.000       1.000       1.000       1.000       1.000       1.000       1.000
    SNA_NA           1.000       1.000       1.000       1.000       1.000       1.000       1.000


STDY Standardization

                  Lower .5%  Lower 2.5%    Lower 5%    Estimate    Upper 5%  Upper 2.5%   Upper .5%

Within Level

 NA       WITH
    PA               0.000      -0.504       0.000      -0.486       0.000      -0.466       0.000

 Means
    PER_REFL         0.000       1.143       0.000       1.172       0.000       1.201       0.000

 Variances
    PER_REFL         0.000       1.000       0.000       1.000       0.000       1.000       0.000

 Residual Variances
    PA               0.000       0.730       0.000       0.749       0.000       0.768       0.000
    NA               0.000       0.815       0.000       0.833       0.000       0.849       0.000

Between Level

 Means
    PA               2.780       2.910       2.962       3.322       3.726       3.793       3.924
    NA               1.451       1.557       1.602       1.840       2.068       2.113       2.190
    SPR_PA           1.203       1.319       1.373       1.691       2.053       2.137       2.294
    SPR_NA          -0.615      -0.529      -0.487      -0.302      -0.129      -0.095      -0.021
    SPA_PA           1.506       1.606       1.668       2.006       2.388       2.472       2.646
    SNA_NA           1.375       1.506       1.572       1.927       2.360       2.459       2.621

 Variances
    PA               1.000       1.000       1.000       1.000       1.000       1.000       1.000
    NA               1.000       1.000       1.000       1.000       1.000       1.000       1.000
    SPR_PA           1.000       1.000       1.000       1.000       1.000       1.000       1.000
    SPR_NA           1.000       1.000       1.000       1.000       1.000       1.000       1.000
    SPA_PA           1.000       1.000       1.000       1.000       1.000       1.000       1.000
    SNA_NA           1.000       1.000       1.000       1.000       1.000       1.000       1.000


STD Standardization

                  Lower .5%  Lower 2.5%    Lower 5%    Estimate    Upper 5%  Upper 2.5%   Upper .5%

Within Level

 NA       WITH
    PA               0.000     -49.132       0.000     -46.554       0.000     -44.026       0.000

 Means
    PER_REFL         0.000      27.532       0.000      28.055       0.000      28.595       0.000

 Variances
    PER_REFL         0.000     555.929       0.000     573.219       0.000     590.721       0.000

 Residual Variances
    PA               0.000     119.997       0.000     124.043       0.000     128.385       0.000
    NA               0.000      71.690       0.000      74.063       0.000      76.478       0.000

Between Level

 Means
    PA              35.213      35.872      36.198      37.833      39.492      39.808      40.508
    NA              14.149      14.687      14.910      16.211      17.479      17.722      18.200
    SPR_PA           1.203       1.319       1.373       1.691       2.053       2.137       2.294
    SPR_NA          -0.615      -0.529      -0.487      -0.302      -0.129      -0.095      -0.021
    SPA_PA           1.506       1.606       1.668       2.006       2.388       2.472       2.646
    SNA_NA           1.375       1.506       1.572       1.927       2.360       2.459       2.621

 Variances
    PA              93.617     100.363     104.534     129.875     160.141     165.879     184.049
    NA              56.956      61.282      63.726      77.640      96.992     101.431     109.939
    SPR_PA           1.000       1.000       1.000       1.000       1.000       1.000       1.000
    SPR_NA           1.000       1.000       1.000       1.000       1.000       1.000       1.000
    SPA_PA           1.000       1.000       1.000       1.000       1.000       1.000       1.000
    SNA_NA           1.000       1.000       1.000       1.000       1.000       1.000       1.000


TECHNICAL 1 OUTPUT


     PARAMETER SPECIFICATION FOR WITHIN


           NU
              PER_REFL      PA            NA            PA&1          NA&1
              ________      ________      ________      ________      ________
                    0             0             0             0             0


           LAMBDA
              PER_REFL      PA            NA            PA&1          NA&1
              ________      ________      ________      ________      ________
 PER_REFL           0             0             0             0             0
 PA                 0             0             0             0             0
 NA                 0             0             0             0             0
 PA&1               0             0             0             0             0
 NA&1               0             0             0             0             0


           THETA
              PER_REFL      PA            NA            PA&1          NA&1
              ________      ________      ________      ________      ________
 PER_REFL           0
 PA                 0             0
 NA                 0             0             0
 PA&1               0             0             0             0
 NA&1               0             0             0             0             0


           ALPHA
              PER_REFL      PA            NA            PA&1          NA&1
              ________      ________      ________      ________      ________
                    1             0             0             0             0


           BETA
              PER_REFL      PA            NA            PA&1          NA&1
              ________      ________      ________      ________      ________
 PER_REFL           0             0             0             0             0
 PA                 0             0             0             0             0
 NA                 0             0             0             0             0
 PA&1               0             0             0             0             0
 NA&1               0             0             0             0             0


           PSI
              PER_REFL      PA            NA            PA&1          NA&1
              ________      ________      ________      ________      ________
 PER_REFL           2
 PA                 0             3
 NA                 0             4             5
 PA&1               0             0             0             0
 NA&1               0             0             0             0             0


     PARAMETER SPECIFICATION FOR BETWEEN


           NU
              PA            NA
              ________      ________
                    0             0


           LAMBDA
              SPR_PA        SPR_NA        SPA_PA        SNA_NA        PA
              ________      ________      ________      ________      ________
 PA                 0             0             0             0             0
 NA                 0             0             0             0             0


           LAMBDA
              NA
              ________
 PA                 0
 NA                 0


           THETA
              PA            NA
              ________      ________
 PA                 0
 NA                 0             0


           ALPHA
              SPR_PA        SPR_NA        SPA_PA        SNA_NA        PA
              ________      ________      ________      ________      ________
                    6             7             8             9            10


           ALPHA
              NA
              ________
                   11


           BETA
              SPR_PA        SPR_NA        SPA_PA        SNA_NA        PA
              ________      ________      ________      ________      ________
 SPR_PA             0             0             0             0             0
 SPR_NA             0             0             0             0             0
 SPA_PA             0             0             0             0             0
 SNA_NA             0             0             0             0             0
 PA                 0             0             0             0             0
 NA                 0             0             0             0             0


           BETA
              NA
              ________
 SPR_PA             0
 SPR_NA             0
 SPA_PA             0
 SNA_NA             0
 PA                 0
 NA                 0


           PSI
              SPR_PA        SPR_NA        SPA_PA        SNA_NA        PA
              ________      ________      ________      ________      ________
 SPR_PA            12
 SPR_NA             0            13
 SPA_PA             0             0            14
 SNA_NA             0             0             0            15
 PA                 0             0             0             0            16
 NA                 0             0             0             0             0


           PSI
              NA
              ________
 NA                17


     STARTING VALUES FOR WITHIN


           NU
              PER_REFL      PA            NA            PA&1          NA&1
              ________      ________      ________      ________      ________
                0.000         0.000         0.000         0.000         0.000


           LAMBDA
              PER_REFL      PA            NA            PA&1          NA&1
              ________      ________      ________      ________      ________
 PER_REFL       1.000         0.000         0.000         0.000         0.000
 PA             0.000         1.000         0.000         0.000         0.000
 NA             0.000         0.000         1.000         0.000         0.000
 PA&1           0.000         0.000         0.000         1.000         0.000
 NA&1           0.000         0.000         0.000         0.000         1.000


           THETA
              PER_REFL      PA            NA            PA&1          NA&1
              ________      ________      ________      ________      ________
 PER_REFL       0.000
 PA             0.000         0.000
 NA             0.000         0.000         0.000
 PA&1           0.000         0.000         0.000         0.000
 NA&1           0.000         0.000         0.000         0.000         0.000


           ALPHA
              PER_REFL      PA            NA            PA&1          NA&1
              ________      ________      ________      ________      ________
                0.000         0.000         0.000         0.000         0.000


           BETA
              PER_REFL      PA            NA            PA&1          NA&1
              ________      ________      ________      ________      ________
 PER_REFL       0.000         0.000         0.000         0.000         0.000
 PA             0.000         0.000         0.000         0.000         0.000
 NA             0.000         0.000         0.000         0.000         0.000
 PA&1           0.000         0.000         0.000         0.000         0.000
 NA&1           0.000         0.000         0.000         0.000         0.000


           PSI
              PER_REFL      PA            NA            PA&1          NA&1
              ________      ________      ________      ________      ________
 PER_REFL     285.516
 PA             0.000       150.639
 NA             0.000         0.000        80.979
 PA&1           0.000         0.000         0.000       150.688
 NA&1           0.000         0.000         0.000         0.000        80.867


     STARTING VALUES FOR BETWEEN


           NU
              PA            NA
              ________      ________
                0.000         0.000


           LAMBDA
              SPR_PA        SPR_NA        SPA_PA        SNA_NA        PA
              ________      ________      ________      ________      ________
 PA             0.000         0.000         0.000         0.000         1.000
 NA             0.000         0.000         0.000         0.000         0.000


           LAMBDA
              NA
              ________
 PA             0.000
 NA             1.000


           THETA
              PA            NA
              ________      ________
 PA             0.000
 NA             0.000         0.000


           ALPHA
              SPR_PA        SPR_NA        SPA_PA        SNA_NA        PA
              ________      ________      ________      ________      ________
                0.000         0.000         0.000         0.000        45.431


           ALPHA
              NA
              ________
               14.890


           BETA
              SPR_PA        SPR_NA        SPA_PA        SNA_NA        PA
              ________      ________      ________      ________      ________
 SPR_PA         0.000         0.000         0.000         0.000         0.000
 SPR_NA         0.000         0.000         0.000         0.000         0.000
 SPA_PA         0.000         0.000         0.000         0.000         0.000
 SNA_NA         0.000         0.000         0.000         0.000         0.000
 PA             0.000         0.000         0.000         0.000         0.000
 NA             0.000         0.000         0.000         0.000         0.000


           BETA
              NA
              ________
 SPR_PA         0.000
 SPR_NA         0.000
 SPA_PA         0.000
 SNA_NA         0.000
 PA             0.000
 NA             0.000


           PSI
              SPR_PA        SPR_NA        SPA_PA        SNA_NA        PA
              ________      ________      ________      ________      ________
 SPR_PA         1.000
 SPR_NA         0.000         1.000
 SPA_PA         0.000         0.000         1.000
 SNA_NA         0.000         0.000         0.000         1.000
 PA             0.000         0.000         0.000         0.000       150.639
 NA             0.000         0.000         0.000         0.000         0.000


           PSI
              NA
              ________
 NA            80.979



     PRIORS FOR ALL PARAMETERS            PRIOR MEAN      PRIOR VARIANCE     PRIOR STD. DEV.

     Parameter 1~N(0.000,infinity)           0.0000            infinity            infinity
     Parameter 2~IG(-1.000,0.000)          infinity            infinity            infinity
     Parameter 3~IW(0.000,-3)              infinity            infinity            infinity
     Parameter 4~IW(0.000,-3)              infinity            infinity            infinity
     Parameter 5~IW(0.000,-3)              infinity            infinity            infinity
     Parameter 6~N(0.000,infinity)           0.0000            infinity            infinity
     Parameter 7~N(0.000,infinity)           0.0000            infinity            infinity
     Parameter 8~N(0.000,infinity)           0.0000            infinity            infinity
     Parameter 9~N(0.000,infinity)           0.0000            infinity            infinity
     Parameter 10~N(0.000,infinity)          0.0000            infinity            infinity
     Parameter 11~N(0.000,infinity)          0.0000            infinity            infinity
     Parameter 12~IG(-1.000,0.000)         infinity            infinity            infinity
     Parameter 13~IG(-1.000,0.000)         infinity            infinity            infinity
     Parameter 14~IG(-1.000,0.000)         infinity            infinity            infinity
     Parameter 15~IG(-1.000,0.000)         infinity            infinity            infinity
     Parameter 16~IG(-1.000,0.000)         infinity            infinity            infinity
     Parameter 17~IG(-1.000,0.000)         infinity            infinity            infinity


TECHNICAL 8 OUTPUT


   TECHNICAL 8 OUTPUT FOR BAYES ESTIMATION

     PROCESSOR    BSEED
     1            0
     2            285380
     3            253358
     4            93468
     5            608496
     6            903420
     7            195873
     8            462953
     9            939021
     10           127215
     11           415931
     12           533738
     13           107446
     14           399671
     15           650371
     16           27071

                     POTENTIAL       PARAMETER WITH
     ITERATION    SCALE REDUCTION      HIGHEST PSR
     100              1.104               7
     200              1.044               8
     300              1.010               9
     400              1.012               8
     500              1.006               4
     600              1.030               7
     700              1.019               4
     800              1.015               8
     900              1.005               9
     1000             1.004               7
     1100             1.002               9
     1200             1.007               9
     1300             1.008               11
     1400             1.010               11
     1500             1.006               9
     1600             1.008               5
     1700             1.009               5
     1800             1.007               5
     1900             1.009               7
     2000             1.015               7
     2100             1.011               7
     2200             1.013               7
     2300             1.008               7


PLOT INFORMATION

The following plots are available:

  Histograms (sample values)
  Scatterplots (sample values)
  Between-level histograms (sample values, sample means/variances)
  Between-level scatterplots (sample values, sample means/variances)
  Time series plots (sample values, ACF, PACF)
  Histogram of subjects per time point
  Time interval plots
  Bayesian posterior parameter distributions
  Bayesian posterior parameter trace plots
  Bayesian autocorrelation plots

     Beginning Time:  15:24:08
        Ending Time:  15:25:34
       Elapsed Time:  00:01:26



MUTHEN & MUTHEN
3463 Stoner Ave.
Los Angeles, CA  90066

Tel: (310) 391-9971
Fax: (310) 391-8971
Web: www.StatModel.com
Support: Support@StatModel.com

Copyright (c) 1998-2022 Muthen & Muthen
