Mplus VERSION 8.8
MUTHEN & MUTHEN
07/13/2023   6:25 PM

INPUT INSTRUCTIONS


  DATA:
  FILE IS data1.dat;

  VARIABLE:   NAMES =
  	    Eth_ID Time Time_between Time_inc
  	    PA_enth NA_irri NA_verv PA_tevr PA_ener
       	    PA_kalm NA_nerv PA_daadk NA_verdr
  	    PA_vrol NA_boos PA_dankb NA_somb PER_att
      	    PER_refl PER_self PER_expr PER_damp
  	    PER_codamp PER_capit Sample age_yr gesl BDI
      	    Measures_valid BDI_anh Anhedonia
   	    BDI_sum PA NA day compliance;

              USEVARIABLES are PER_refl PA NA Anhedonia;
              MISSING is .;
              within = ;
              between = Anhedonia;
              cluster = Eth_ID;
              lagged= PA NA(1);
              tinterval=Time_inc (150);

  DEFINE:     CENTER Anhedonia (grandmean);

  ANALYSIS:   type = twolevel random;
              estimator = Bayes;
              biterations=(2000);
              bconvergence=0.005;
              thin=2;
              PROCESSORS=16;
  MODEL:
  %WITHIN%
  sPA_PR | PER_refl on PA&1;
  sNA_PR | PER_refl on NA&1;
  PA on PA&1@0;
  NA on NA&1@0;
  PER_refl with PA@0;
  PER_refl with NA@0;

  %between%
  sPA_PR sNA_PR on Anhedonia;
  PER_refl on Anhedonia;


  OUTPUT: standardized tech1 tech8 cinterval patterns;
  PLOT: TYPE = PLOT3;



*** WARNING in VARIABLE command
  Note that only the first 8 characters of variable names are used in the output.
  Shorten variable names to avoid any confusion.
*** WARNING in MODEL command
  A y-variable has been declared on the within level but not referred to on
  the between level.  Please check that this is what is intended.  If this is not intended,
  specify the variable as a within variable.  Problem with:  PA
*** WARNING in MODEL command
  A y-variable has been declared on the within level but not referred to on
  the between level.  Please check that this is what is intended.  If this is not intended,
  specify the variable as a within variable.  Problem with:  NA
*** WARNING in PLOT command
  Note that only the first 8 characters of variable names are used in plots.
  If variable names are not unique within the first 8 characters, problems
  may occur.
*** WARNING
  One or more individual-level variables have no variation within a
  cluster for the following clusters.

     Variable   Cluster IDs with no within-cluster variation

      PER_REFL    165 73

*** WARNING
  Data set contains cases with missing on all variables.  Cases that appeared before the first
  case with observed data and that appeared after the last case with observed data were not
  included in the analysis.  Number of deleted cases:  1504
   6 WARNING(S) FOUND IN THE INPUT INSTRUCTIONS




SUMMARY OF ANALYSIS

Number of groups                                                 1
Number of observations                                       22812

Number of dependent variables                                    3
Number of independent variables                                  3
Number of continuous latent variables                            2

Observed dependent variables

  Continuous
   PER_REFL    PA          NA

Observed independent variables
   ANHEDONI    PA&1        NA&1

Continuous latent variables
   SPA_PR      SNA_PR

Variables with special functions

  Cluster variable      ETH_ID

  Within variables
   PA&1        NA&1

  Between variables
   ANHEDONI

  Centering (GRANDMEAN)
   ANHEDONI


Estimator                                                    BAYES
Specifications for Bayesian Estimation
  Point estimate                                            MEDIAN
  Number of Markov chain Monte Carlo (MCMC) chains               2
  Random seed for the first chain                                0
  Starting value information                           UNPERTURBED
  Algorithm used for Markov chain Monte Carlo           GIBBS(PX1)
  Convergence criterion                                  0.500D-02
  Maximum number of iterations                               50000
  K-th iteration used for thinning                               2

Input data file(s)
  data1.dat
Input data format  FREE


SUMMARY OF DATA

     Number of clusters                        200

       Size (s)    Cluster ID with Size s

          1        129
          9        81
         11        128
         12        99
         13        64 150
         14        47 23 158
         19        169
         21        160
         22        175
         30        83
         33        8
         41        58
         43        41 199
         48        85 12
         51        17
         53        152
         56        28
         58        33
         67        121
         69        136
         80        82
         84        87
         88        72
         89        143
         91        140
         96        113
         97        34
        100        157 134
        101        10
        103        164
        105        52
        106        154
        107        101
        108        119
        109        90
        111        36
        113        182
        115        91 131 89
        116        188 15 75 77 78
        117        11
        118        195 57 49 16 66
        119        197 48 92 38 71 163 149 186 106 50
        120        148 108 61 98 55 165 7 192 168
        121        189
        122        174
        123        127
        124        184 161 117 51 103
        125        100 68 105 40 53 13 93 88 54 112 123 73 30 44
        126        120 102 173 76 107 109 111 80 65 172
        127        32 126 25 115 46 67 193 110 178 130 118 198 104 86 177
                   133 70 147 139 62
        128        196 156 180 18 59 5 153 96 43
        129        146 125 135 185 116 187 144 137 39 69 141 3 190
        130        138 14 166 97
        133        191
        134        2
        135        60 183 194 200 63 201
        136        122 56 26
        137        9 22 19 42 155 95 4
        138        29 94 132
        139        37 74 21 84 114 79 145 45 35
        142        27
        143        179
        144        171 170 24
        145        162 1 124 20
        146        6 151 167
        147        142 31
        148        176 159



SUMMARY OF MISSING DATA PATTERNS

     Number of missing data patterns            14


     MISSING DATA PATTERNS (x = not missing)

           1  2  3  4  5  6  7  8  9 10 11 12 13 14
 PER_REFL  x  x              x  x           x     x
 PA        x  x        x  x        x     x  x     x
 NA        x  x        x  x                 x  x  x
 PA&1      x     x     x        x  x  x     x
 NA&1      x     x     x        x  x              x
 ANHEDONI  x  x  x  x  x  x  x  x  x  x  x  x  x  x


     MISSING DATA PATTERN FREQUENCIES

    Pattern   Frequency     Pattern   Frequency     Pattern   Frequency
          1        5028           6          69          11           4
          2        3522           7           2          12           5
          3        3393           8           3          13           1
          4       10730           9           2          14           1
          5          51          10           1


COVARIANCE COVERAGE OF DATA

Minimum covariance coverage value   0.100


     PROPORTION OF DATA PRESENT


           Covariance Coverage
              PER_REFL      PA            NA            ANHEDONI
              ________      ________      ________      ________
 PER_REFL       0.375
 PA             0.375         0.381
 NA             0.375         0.380         0.380
 ANHEDONI       0.375         0.381         0.380         1.000



UNIVARIATE SAMPLE STATISTICS


     UNIVARIATE HIGHER-ORDER MOMENT DESCRIPTIVE STATISTICS

         Variable/         Mean/     Skewness/   Minimum/ % with                Percentiles
        Sample Size      Variance    Kurtosis    Maximum  Min/Max      20%/60%    40%/80%    Median

     PER_REFL             28.591       0.675       0.000    9.31%       6.000     15.000     23.000
            8561.000     575.941      -0.461     100.000    0.49%      32.000     51.000
     PA                   45.712      -0.024       0.000    0.28%      31.000     41.714     46.143
            8682.000     302.283      -0.228     100.000    0.07%      50.429     60.429
     NA                   15.187       1.394       0.000    6.91%       5.167      9.333     11.667
            8677.000     166.739       1.923      80.667    0.01%      14.500     23.333
     ANHEDONIA             0.000       0.577     -17.906    0.50%      -7.529     -2.635     -0.893
             200.000      74.400       0.657      30.440    0.50%       1.646      6.282


THE MODEL ESTIMATION TERMINATED NORMALLY

     USE THE FBITERATIONS OPTION TO INCREASE THE NUMBER OF ITERATIONS BY A FACTOR
     OF AT LEAST TWO TO CHECK CONVERGENCE AND THAT THE PSR VALUE DOES NOT INCREASE.



MODEL FIT INFORMATION

Number of Free Parameters                              17

Information Criteria

          Deviance (DIC)                       584436.847
          Estimated Number of Parameters (pD)   42948.307



MODEL RESULTS

                                Posterior  One-Tailed         95% C.I.
                    Estimate       S.D.      P-Value   Lower 2.5%  Upper 2.5%  Significance

Within Level

 PA         ON
    PA&1               0.000       0.000      1.000       0.000       0.000

 NA         ON
    NA&1               0.000       0.000      1.000       0.000       0.000

 PER_REFL WITH
    PA                 0.000       0.000      1.000       0.000       0.000
    NA                 0.000       0.000      1.000       0.000       0.000

 NA       WITH
    PA               -60.577       1.560      0.000     -63.711     -57.652      *

 Residual Variances
    PER_REFL         326.510       6.218      0.000     315.755     339.369      *
    PA               173.086       2.616      0.000     168.037     178.295      *
    NA                93.563       1.477      0.000      90.814      96.565      *

Between Level

 SPA_PR     ON
    ANHEDONIA         -0.006       0.004      0.032      -0.014       0.000

 SNA_PR     ON
    ANHEDONIA         -0.005       0.005      0.123      -0.015       0.003

 PER_REFL   ON
    ANHEDONIA         -0.179       0.129      0.096      -0.426       0.080

 Means
    PA                46.183       0.810      0.000      44.533      47.715      *
    NA                15.777       0.638      0.000      14.530      17.042      *

 Intercepts
    PER_REFL          30.004       1.089      0.000      27.870      32.144      *
    SPA_PR             0.270       0.033      0.000       0.201       0.332      *
    SNA_PR             0.207       0.048      0.000       0.117       0.302      *

 Variances
    PA               126.118      13.423      0.000     103.382     156.036      *
    NA                77.876       8.367      0.000      63.489      96.257      *

 Residual Variances
    PER_REFL         227.436      25.144      0.000     185.996     281.317      *
    SPA_PR             0.075       0.017      0.000       0.045       0.114      *
    SNA_PR             0.131       0.047      0.000       0.052       0.239      *


STANDARDIZED MODEL RESULTS


STDYX Standardization

                                Posterior  One-Tailed         95% C.I.
                    Estimate       S.D.      P-Value   Lower 2.5%  Upper 2.5%  Significance

Within-Level Standardized Estimates Averaged Over Clusters

 SPA_PR | PER_REFL ON
    PA&1               0.181       0.018      0.000       0.147       0.216      *

 SNA_PR | PER_REFL ON
    NA&1               0.105       0.019      0.000       0.068       0.142      *

 PA         ON
    PA&1               0.000       0.000      1.000       0.000       0.000

 NA         ON
    NA&1               0.000       0.000      1.000       0.000       0.000

 PER_REFL WITH
    PA                 0.000       0.000      1.000       0.000       0.000
    NA                 0.000       0.000      1.000       0.000       0.000

 NA       WITH
    PA                -0.476       0.009      0.000      -0.493      -0.459      *

 Residual Variances
    PER_REFL           0.913       0.011      0.000       0.892       0.935      *
    PA                 1.000       0.000      0.000       1.000       1.000
    NA                 1.000       0.000      0.000       1.000       1.000

Between Level

 SPA_PR     ON
    ANHEDONIA         -0.148       0.081      0.032      -0.302       0.007

 SNA_PR     ON
    ANHEDONIA         -0.093       0.082      0.123      -0.253       0.060

 PER_REFL   ON
    ANHEDONIA         -0.074       0.053      0.096      -0.173       0.033

 Means
    PA                 4.115       0.226      0.000       3.694       4.548      *
    NA                 1.792       0.118      0.000       1.559       2.022      *

 Intercepts
    PER_REFL           1.983       0.127      0.000       1.742       2.232      *
    SPA_PR             0.972       0.169      0.000       0.678       1.333      *
    SNA_PR             0.576       0.155      0.000       0.321       0.906      *

 Variances
    PA                 1.000       0.000      0.000       1.000       1.000
    NA                 1.000       0.000      0.000       1.000       1.000

 Residual Variances
    PER_REFL           0.994       0.008      0.000       0.970       1.000      *
    SPA_PR             0.978       0.025      0.000       0.909       1.000      *
    SNA_PR             0.991       0.018      0.000       0.936       1.000      *


STDY Standardization

                                Posterior  One-Tailed         95% C.I.
                    Estimate       S.D.      P-Value   Lower 2.5%  Upper 2.5%  Significance

Within-Level Standardized Estimates Averaged Over Clusters

 SPA_PR | PER_REFL ON
    PA&1               0.014       0.001      0.000       0.011       0.016      *

 SNA_PR | PER_REFL ON
    NA&1               0.011       0.002      0.000       0.007       0.015      *

 PA         ON
    PA&1               0.000       0.000      1.000       0.000       0.000

 NA         ON
    NA&1               0.000       0.000      1.000       0.000       0.000

 PER_REFL WITH
    PA                 0.000       0.000      1.000       0.000       0.000
    NA                 0.000       0.000      1.000       0.000       0.000

 NA       WITH
    PA                -0.476       0.009      0.000      -0.493      -0.459      *

 Residual Variances
    PER_REFL           0.913       0.011      0.000       0.892       0.935      *
    PA                 1.000       0.000      0.000       1.000       1.000
    NA                 1.000       0.000      0.000       1.000       1.000

Between Level

 SPA_PR     ON
    ANHEDONIA         -0.024       0.013      0.032      -0.048       0.001

 SNA_PR     ON
    ANHEDONIA         -0.015       0.013      0.123      -0.040       0.010

 PER_REFL   ON
    ANHEDONIA         -0.012       0.008      0.096      -0.028       0.005

 Means
    PA                 4.115       0.226      0.000       3.694       4.548      *
    NA                 1.792       0.118      0.000       1.559       2.022      *

 Intercepts
    PER_REFL           1.983       0.127      0.000       1.742       2.232      *
    SPA_PR             0.972       0.169      0.000       0.678       1.333      *
    SNA_PR             0.576       0.155      0.000       0.321       0.906      *

 Variances
    PA                 1.000       0.000      0.000       1.000       1.000
    NA                 1.000       0.000      0.000       1.000       1.000

 Residual Variances
    PER_REFL           0.994       0.008      0.000       0.970       1.000      *
    SPA_PR             0.978       0.025      0.000       0.909       1.000      *
    SNA_PR             0.991       0.018      0.000       0.936       1.000      *


STD Standardization

                                Posterior  One-Tailed         95% C.I.
                    Estimate       S.D.      P-Value   Lower 2.5%  Upper 2.5%  Significance

Within-Level Standardized Estimates Averaged Over Clusters

 SPA_PR | PER_REFL ON
    PA&1               0.268       0.026      0.000       0.218       0.320      *

 SNA_PR | PER_REFL ON
    NA&1               0.209       0.040      0.000       0.132       0.284      *

 PA         ON
    PA&1               0.000       0.000      1.000       0.000       0.000

 NA         ON
    NA&1               0.000       0.000      1.000       0.000       0.000

 PER_REFL WITH
    PA                 0.000       0.000      1.000       0.000       0.000
    NA                 0.000       0.000      1.000       0.000       0.000

 NA       WITH
    PA               -60.574       1.560      0.000     -63.707     -57.634      *

 Residual Variances
    PER_REFL         326.574       6.228      0.000     315.572     339.369      *
    PA               173.120       2.615      0.000     168.009     178.309      *
    NA                93.563       1.479      0.000      90.814      96.571      *

Between Level

 SPA_PR     ON
    ANHEDONIA         -0.024       0.013      0.032      -0.048       0.001

 SNA_PR     ON
    ANHEDONIA         -0.015       0.013      0.123      -0.040       0.010

 PER_REFL   ON
    ANHEDONIA         -0.179       0.129      0.096      -0.426       0.080

 Means
    PA                46.183       0.810      0.000      44.533      47.715      *
    NA                15.777       0.638      0.000      14.530      17.042      *

 Intercepts
    PER_REFL          30.004       1.089      0.000      27.870      32.144      *
    SPA_PR             0.972       0.169      0.000       0.678       1.333      *
    SNA_PR             0.576       0.155      0.000       0.321       0.906      *

 Variances
    PA               126.118      13.423      0.000     103.382     156.036      *
    NA                77.876       8.367      0.000      63.489      96.257      *

 Residual Variances
    PER_REFL         227.436      25.144      0.000     185.996     281.317      *
    SPA_PR             0.978       0.025      0.000       0.909       1.000      *
    SNA_PR             0.991       0.018      0.000       0.936       1.000      *


R-SQUARE

Within-Level R-Square Averaged Across Clusters

                                Posterior  One-Tailed         95% C.I.
    Variable        Estimate       S.D.      P-Value   Lower 2.5%  Upper 2.5%

    PER_REFL           0.087       0.011      0.000       0.064       0.108
    PA                 0.000       0.000      1.000       0.000       0.000
    NA                 0.000       0.000      1.000       0.000       0.000

Between Level

                                Posterior  One-Tailed         95% C.I.
    Variable        Estimate       S.D.      P-Value   Lower 2.5%  Upper 2.5%

    PER_REFL           0.006       0.008      0.000       0.000       0.030

                                Posterior  One-Tailed         95% C.I.
    Variable        Estimate       S.D.      P-Value   Lower 2.5%  Upper 2.5%

    SPA_PR             0.022       0.025      0.000       0.000       0.091
    SNA_PR             0.009       0.018      0.000       0.000       0.064


CREDIBILITY INTERVALS OF MODEL RESULTS

                  Lower .5%  Lower 2.5%    Lower 5%    Estimate    Upper 5%  Upper 2.5%   Upper .5%

Within Level

 PA       ON
    PA&1             0.000       0.000       0.000       0.000       0.000       0.000       0.000

 NA       ON
    NA&1             0.000       0.000       0.000       0.000       0.000       0.000       0.000

 PER_REFL WITH
    PA               0.000       0.000       0.000       0.000       0.000       0.000       0.000
    NA               0.000       0.000       0.000       0.000       0.000       0.000       0.000

 NA       WITH
    PA             -64.595     -63.711     -63.215     -60.577     -58.093     -57.652     -56.629

 Residual Variances
    PER_REFL       312.325     315.755     317.043     326.510     337.352     339.369     343.298
    PA             166.786     168.037     168.618     173.086     177.452     178.295     180.127
    NA              90.084      90.814      91.127      93.563      96.055      96.565      97.736

Between Level

 SPA_PR   ON
    ANHEDONIA       -0.015      -0.014      -0.012      -0.006      -0.001       0.000       0.003

 SNA_PR   ON
    ANHEDONIA       -0.018      -0.015      -0.013      -0.005       0.002       0.003       0.006

 PER_REFL ON
    ANHEDONIA       -0.503      -0.426      -0.375      -0.179       0.044       0.080       0.174

 Means
    PA              44.051      44.533      44.844      46.183      47.522      47.715      48.169
    NA              14.120      14.530      14.749      15.777      16.833      17.042      17.406

 Intercepts
    PER_REFL        27.230      27.870      28.257      30.004      31.770      32.144      32.875
    SPA_PR           0.178       0.201       0.212       0.270       0.323       0.332       0.353
    SNA_PR           0.083       0.117       0.130       0.207       0.287       0.302       0.335

 Variances
    PA              97.796     103.382     106.896     126.118     150.496     156.036     165.637
    NA              58.490      63.489      65.662      77.876      92.583      96.257     104.055

 Residual Variances
    PER_REFL       173.590     185.996     191.421     227.436     272.559     281.317     306.477
    SPA_PR           0.038       0.045       0.049       0.075       0.106       0.114       0.130
    SNA_PR           0.037       0.052       0.059       0.131       0.218       0.239       0.283


CREDIBILITY INTERVALS OF STANDARDIZED MODEL RESULTS


STDYX Standardization

                  Lower .5%  Lower 2.5%    Lower 5%    Estimate    Upper 5%  Upper 2.5%   Upper .5%

Within Level

 PA       ON
    PA&1             0.000       0.000       0.000       0.000       0.000       0.000       0.000

 NA       ON
    NA&1             0.000       0.000       0.000       0.000       0.000       0.000       0.000

 PER_REFL WITH
    PA               0.000       0.000       0.000       0.000       0.000       0.000       0.000
    NA               0.000       0.000       0.000       0.000       0.000       0.000       0.000

 NA       WITH
    PA               0.000      -0.493       0.000      -0.476       0.000      -0.459       0.000

 Residual Variances
    PER_REFL         0.000       0.892       0.000       0.913       0.000       0.935       0.000
    PA               0.000       1.000       0.000       1.000       0.000       1.000       0.000
    NA               0.000       1.000       0.000       1.000       0.000       1.000       0.000

Between Level

 SPA_PR   ON
    ANHEDONIA       -0.344      -0.302      -0.278      -0.148      -0.016       0.007       0.061

 SNA_PR   ON
    ANHEDONIA       -0.302      -0.253      -0.229      -0.093       0.036       0.060       0.113

 PER_REFL ON
    ANHEDONIA       -0.205      -0.173      -0.157      -0.074       0.018       0.033       0.074

 Means
    PA               3.521       3.694       3.748       4.115       4.488       4.548       4.705
    NA               1.495       1.559       1.598       1.792       1.988       2.022       2.089

 Intercepts
    PER_REFL         1.661       1.742       1.786       1.983       2.192       2.232       2.305
    SPA_PR           0.602       0.678       0.716       0.972       1.267       1.333       1.474
    SNA_PR           0.226       0.321       0.351       0.576       0.861       0.906       1.042

 Variances
    PA               1.000       1.000       1.000       1.000       1.000       1.000       1.000
    NA               1.000       1.000       1.000       1.000       1.000       1.000       1.000

 Residual Variances
    PER_REFL         0.958       0.970       0.975       0.994       1.000       1.000       1.000
    SPA_PR           0.882       0.909       0.923       0.978       0.999       1.000       1.000
    SNA_PR           0.909       0.936       0.948       0.991       1.000       1.000       1.000


STDY Standardization

                  Lower .5%  Lower 2.5%    Lower 5%    Estimate    Upper 5%  Upper 2.5%   Upper .5%

Within Level

 PA       ON
    PA&1             0.000       0.000       0.000       0.000       0.000       0.000       0.000

 NA       ON
    NA&1             0.000       0.000       0.000       0.000       0.000       0.000       0.000

 PER_REFL WITH
    PA               0.000       0.000       0.000       0.000       0.000       0.000       0.000
    NA               0.000       0.000       0.000       0.000       0.000       0.000       0.000

 NA       WITH
    PA               0.000      -0.493       0.000      -0.476       0.000      -0.459       0.000

 Residual Variances
    PER_REFL         0.000       0.892       0.000       0.913       0.000       0.935       0.000
    PA               0.000       1.000       0.000       1.000       0.000       1.000       0.000
    NA               0.000       1.000       0.000       1.000       0.000       1.000       0.000

Between Level

 SPA_PR   ON
    ANHEDONIA       -0.055      -0.048      -0.044      -0.024      -0.003       0.001       0.010

 SNA_PR   ON
    ANHEDONIA       -0.048      -0.040      -0.036      -0.015       0.006       0.010       0.018

 PER_REFL ON
    ANHEDONIA       -0.033      -0.028      -0.025      -0.012       0.003       0.005       0.012

 Means
    PA               3.521       3.694       3.748       4.115       4.488       4.548       4.705
    NA               1.495       1.559       1.598       1.792       1.988       2.022       2.089

 Intercepts
    PER_REFL         1.661       1.742       1.786       1.983       2.192       2.232       2.305
    SPA_PR           0.602       0.678       0.716       0.972       1.267       1.333       1.474
    SNA_PR           0.226       0.321       0.351       0.576       0.861       0.906       1.042

 Variances
    PA               1.000       1.000       1.000       1.000       1.000       1.000       1.000
    NA               1.000       1.000       1.000       1.000       1.000       1.000       1.000

 Residual Variances
    PER_REFL         0.958       0.970       0.975       0.994       1.000       1.000       1.000
    SPA_PR           0.882       0.909       0.923       0.978       0.999       1.000       1.000
    SNA_PR           0.909       0.936       0.948       0.991       1.000       1.000       1.000


STD Standardization

                  Lower .5%  Lower 2.5%    Lower 5%    Estimate    Upper 5%  Upper 2.5%   Upper .5%

Within Level

 PA       ON
    PA&1             0.000       0.000       0.000       0.000       0.000       0.000       0.000

 NA       ON
    NA&1             0.000       0.000       0.000       0.000       0.000       0.000       0.000

 PER_REFL WITH
    PA               0.000       0.000       0.000       0.000       0.000       0.000       0.000
    NA               0.000       0.000       0.000       0.000       0.000       0.000       0.000

 NA       WITH
    PA               0.000     -63.707       0.000     -60.574       0.000     -57.634       0.000

 Residual Variances
    PER_REFL         0.000     315.572       0.000     326.574       0.000     339.369       0.000
    PA               0.000     168.009       0.000     173.120       0.000     178.309       0.000
    NA               0.000      90.814       0.000      93.563       0.000      96.571       0.000

Between Level

 SPA_PR   ON
    ANHEDONIA       -0.055      -0.048      -0.044      -0.024      -0.003       0.001       0.010

 SNA_PR   ON
    ANHEDONIA       -0.048      -0.040      -0.036      -0.015       0.006       0.010       0.018

 PER_REFL ON
    ANHEDONIA       -0.503      -0.426      -0.375      -0.179       0.044       0.080       0.174

 Means
    PA              44.051      44.533      44.844      46.183      47.522      47.715      48.169
    NA              14.120      14.530      14.749      15.777      16.833      17.042      17.406

 Intercepts
    PER_REFL        27.230      27.870      28.257      30.004      31.770      32.144      32.875
    SPA_PR           0.602       0.678       0.716       0.972       1.267       1.333       1.474
    SNA_PR           0.226       0.321       0.351       0.576       0.861       0.906       1.042

 Variances
    PA              97.796     103.382     106.896     126.118     150.496     156.036     165.637
    NA              58.490      63.489      65.662      77.876      92.583      96.257     104.055

 Residual Variances
    PER_REFL       173.590     185.996     191.421     227.436     272.559     281.317     306.477
    SPA_PR           0.882       0.909       0.923       0.978       0.999       1.000       1.000
    SNA_PR           0.909       0.936       0.948       0.991       1.000       1.000       1.000


TECHNICAL 1 OUTPUT


     PARAMETER SPECIFICATION FOR WITHIN


           NU
              PER_REFL      PA            NA            PA&1          NA&1
              ________      ________      ________      ________      ________
                    0             0             0             0             0


           LAMBDA
              PER_REFL      PA            NA            PA&1          NA&1
              ________      ________      ________      ________      ________
 PER_REFL           0             0             0             0             0
 PA                 0             0             0             0             0
 NA                 0             0             0             0             0
 PA&1               0             0             0             0             0
 NA&1               0             0             0             0             0


           THETA
              PER_REFL      PA            NA            PA&1          NA&1
              ________      ________      ________      ________      ________
 PER_REFL           0
 PA                 0             0
 NA                 0             0             0
 PA&1               0             0             0             0
 NA&1               0             0             0             0             0


           ALPHA
              PER_REFL      PA            NA            PA&1          NA&1
              ________      ________      ________      ________      ________
                    0             0             0             0             0


           BETA
              PER_REFL      PA            NA            PA&1          NA&1
              ________      ________      ________      ________      ________
 PER_REFL           0             0             0             0             0
 PA                 0             0             0             0             0
 NA                 0             0             0             0             0
 PA&1               0             0             0             0             0
 NA&1               0             0             0             0             0


           PSI
              PER_REFL      PA            NA            PA&1          NA&1
              ________      ________      ________      ________      ________
 PER_REFL           1
 PA                 0             2
 NA                 0             3             4
 PA&1               0             0             0             0
 NA&1               0             0             0             0             0


     PARAMETER SPECIFICATION FOR BETWEEN


           NU
              PER_REFL      PA            NA            ANHEDONI
              ________      ________      ________      ________
                    0             0             0             0


           LAMBDA
              SPA_PR        SNA_PR        PER_REFL      PA            NA
              ________      ________      ________      ________      ________
 PER_REFL           0             0             0             0             0
 PA                 0             0             0             0             0
 NA                 0             0             0             0             0
 ANHEDONI           0             0             0             0             0


           LAMBDA
              ANHEDONI
              ________
 PER_REFL           0
 PA                 0
 NA                 0
 ANHEDONI           0


           THETA
              PER_REFL      PA            NA            ANHEDONI
              ________      ________      ________      ________
 PER_REFL           0
 PA                 0             0
 NA                 0             0             0
 ANHEDONI           0             0             0             0


           ALPHA
              SPA_PR        SNA_PR        PER_REFL      PA            NA
              ________      ________      ________      ________      ________
                    5             6             7             8             9


           ALPHA
              ANHEDONI
              ________
                    0


           BETA
              SPA_PR        SNA_PR        PER_REFL      PA            NA
              ________      ________      ________      ________      ________
 SPA_PR             0             0             0             0             0
 SNA_PR             0             0             0             0             0
 PER_REFL           0             0             0             0             0
 PA                 0             0             0             0             0
 NA                 0             0             0             0             0
 ANHEDONI           0             0             0             0             0


           BETA
              ANHEDONI
              ________
 SPA_PR            10
 SNA_PR            11
 PER_REFL          12
 PA                 0
 NA                 0
 ANHEDONI           0


           PSI
              SPA_PR        SNA_PR        PER_REFL      PA            NA
              ________      ________      ________      ________      ________
 SPA_PR            13
 SNA_PR             0            14
 PER_REFL           0             0            15
 PA                 0             0             0            16
 NA                 0             0             0             0            17
 ANHEDONI           0             0             0             0             0


           PSI
              ANHEDONI
              ________
 ANHEDONI           0


     STARTING VALUES FOR WITHIN


           NU
              PER_REFL      PA            NA            PA&1          NA&1
              ________      ________      ________      ________      ________
                0.000         0.000         0.000         0.000         0.000


           LAMBDA
              PER_REFL      PA            NA            PA&1          NA&1
              ________      ________      ________      ________      ________
 PER_REFL       1.000         0.000         0.000         0.000         0.000
 PA             0.000         1.000         0.000         0.000         0.000
 NA             0.000         0.000         1.000         0.000         0.000
 PA&1           0.000         0.000         0.000         1.000         0.000
 NA&1           0.000         0.000         0.000         0.000         1.000


           THETA
              PER_REFL      PA            NA            PA&1          NA&1
              ________      ________      ________      ________      ________
 PER_REFL       0.000
 PA             0.000         0.000
 NA             0.000         0.000         0.000
 PA&1           0.000         0.000         0.000         0.000
 NA&1           0.000         0.000         0.000         0.000         0.000


           ALPHA
              PER_REFL      PA            NA            PA&1          NA&1
              ________      ________      ________      ________      ________
                0.000         0.000         0.000         0.000         0.000


           BETA
              PER_REFL      PA            NA            PA&1          NA&1
              ________      ________      ________      ________      ________
 PER_REFL       0.000         0.000         0.000         0.000         0.000
 PA             0.000         0.000         0.000         0.000         0.000
 NA             0.000         0.000         0.000         0.000         0.000
 PA&1           0.000         0.000         0.000         0.000         0.000
 NA&1           0.000         0.000         0.000         0.000         0.000


           PSI
              PER_REFL      PA            NA            PA&1          NA&1
              ________      ________      ________      ________      ________
 PER_REFL     287.971
 PA             0.000       151.142
 NA             0.000         0.000        83.369
 PA&1           0.000         0.000         0.000       151.154
 NA&1           0.000         0.000         0.000         0.000        83.284


     STARTING VALUES FOR BETWEEN


           NU
              PER_REFL      PA            NA            ANHEDONI
              ________      ________      ________      ________
                0.000         0.000         0.000         0.000


           LAMBDA
              SPA_PR        SNA_PR        PER_REFL      PA            NA
              ________      ________      ________      ________      ________
 PER_REFL       0.000         0.000         1.000         0.000         0.000
 PA             0.000         0.000         0.000         1.000         0.000
 NA             0.000         0.000         0.000         0.000         1.000
 ANHEDONI       0.000         0.000         0.000         0.000         0.000


           LAMBDA
              ANHEDONI
              ________
 PER_REFL       0.000
 PA             0.000
 NA             0.000
 ANHEDONI       1.000


           THETA
              PER_REFL      PA            NA            ANHEDONI
              ________      ________      ________      ________
 PER_REFL       0.000
 PA             0.000         0.000
 NA             0.000         0.000         0.000
 ANHEDONI       0.000         0.000         0.000         0.000


           ALPHA
              SPA_PR        SNA_PR        PER_REFL      PA            NA
              ________      ________      ________      ________      ________
                0.000         0.000        28.591        45.712        15.187


           ALPHA
              ANHEDONI
              ________
                0.000


           BETA
              SPA_PR        SNA_PR        PER_REFL      PA            NA
              ________      ________      ________      ________      ________
 SPA_PR         0.000         0.000         0.000         0.000         0.000
 SNA_PR         0.000         0.000         0.000         0.000         0.000
 PER_REFL       0.000         0.000         0.000         0.000         0.000
 PA             0.000         0.000         0.000         0.000         0.000
 NA             0.000         0.000         0.000         0.000         0.000
 ANHEDONI       0.000         0.000         0.000         0.000         0.000


           BETA
              ANHEDONI
              ________
 SPA_PR         0.000
 SNA_PR         0.000
 PER_REFL       0.000
 PA             0.000
 NA             0.000
 ANHEDONI       0.000


           PSI
              SPA_PR        SNA_PR        PER_REFL      PA            NA
              ________      ________      ________      ________      ________
 SPA_PR         1.000
 SNA_PR         0.000         1.000
 PER_REFL       0.000         0.000       287.971
 PA             0.000         0.000         0.000       151.142
 NA             0.000         0.000         0.000         0.000        83.369
 ANHEDONI       0.000         0.000         0.000         0.000         0.000


           PSI
              ANHEDONI
              ________
 ANHEDONI      39.493



     PRIORS FOR ALL PARAMETERS            PRIOR MEAN      PRIOR VARIANCE     PRIOR STD. DEV.

     Parameter 1~IG(-1.000,0.000)          infinity            infinity            infinity
     Parameter 2~IW(0.000,-3)              infinity            infinity            infinity
     Parameter 3~IW(0.000,-3)              infinity            infinity            infinity
     Parameter 4~IW(0.000,-3)              infinity            infinity            infinity
     Parameter 5~N(0.000,infinity)           0.0000            infinity            infinity
     Parameter 6~N(0.000,infinity)           0.0000            infinity            infinity
     Parameter 7~N(0.000,infinity)           0.0000            infinity            infinity
     Parameter 8~N(0.000,infinity)           0.0000            infinity            infinity
     Parameter 9~N(0.000,infinity)           0.0000            infinity            infinity
     Parameter 10~N(0.000,infinity)          0.0000            infinity            infinity
     Parameter 11~N(0.000,infinity)          0.0000            infinity            infinity
     Parameter 12~N(0.000,infinity)          0.0000            infinity            infinity
     Parameter 13~IG(-1.000,0.000)         infinity            infinity            infinity
     Parameter 14~IG(-1.000,0.000)         infinity            infinity            infinity
     Parameter 15~IG(-1.000,0.000)         infinity            infinity            infinity
     Parameter 16~IG(-1.000,0.000)         infinity            infinity            infinity
     Parameter 17~IG(-1.000,0.000)         infinity            infinity            infinity


TECHNICAL 8 OUTPUT


   TECHNICAL 8 OUTPUT FOR BAYES ESTIMATION

     PROCESSOR    BSEED
     1            0
     2            285380
     3            253358
     4            93468
     5            608496
     6            903420
     7            195873
     8            462953
     9            939021
     10           127215
     11           415931
     12           533738
     13           107446
     14           399671
     15           650371
     16           27071

                     POTENTIAL       PARAMETER WITH
     ITERATION    SCALE REDUCTION      HIGHEST PSR
     100              1.372               14
     200              1.065               6
     300              1.060               13
     400              1.085               1
     500              1.074               14
     600              1.040               13
     700              1.020               13
     800              1.015               13
     900              1.006               13
     1000             1.011               2
     1100             1.008               2
     1200             1.009               2
     1300             1.009               1
     1400             1.009               14
     1500             1.009               2
     1600             1.012               2
     1700             1.011               2
     1800             1.010               5
     1900             1.009               14
     2000             1.009               1
     2100             1.004               1


PLOT INFORMATION

The following plots are available:

  Histograms (sample values)
  Scatterplots (sample values)
  Between-level histograms (sample values, sample means/variances)
  Between-level scatterplots (sample values, sample means/variances)
  Time series plots (sample values, ACF, PACF)
  Histogram of subjects per time point
  Time interval plots
  Bayesian posterior parameter distributions
  Bayesian posterior parameter trace plots
  Bayesian autocorrelation plots

     Beginning Time:  18:25:19
        Ending Time:  18:26:48
       Elapsed Time:  00:01:29



MUTHEN & MUTHEN
3463 Stoner Ave.
Los Angeles, CA  90066

Tel: (310) 391-9971
Fax: (310) 391-8971
Web: www.StatModel.com
Support: Support@StatModel.com

Copyright (c) 1998-2022 Muthen & Muthen
