Mplus VERSION 8.8
MUTHEN & MUTHEN
07/13/2023   4:05 PM

INPUT INSTRUCTIONS


  DATA:
  FILE IS data10.dat;

  VARIABLE:   NAMES =
  	    Eth_ID Time Time_between Time_inc
  	    PA_enth NA_irri NA_verv PA_tevr PA_ener
       	    PA_kalm NA_nerv PA_daadk NA_verdr
  	    PA_vrol NA_boos PA_dankb NA_somb PER_att
      	    PER_refl PER_self PER_expr PER_damp
  	    PER_codamp PER_capit Sample age_yr gesl BDI
      	    Measures_valid BDI_anh Anhedonia
   	    BDI_sum PA NA day compliance;

              USEVARIABLES are PER_att PA NA Anhedonia;
              MISSING is .;
              within = ;
              between = Anhedonia;
              cluster = Eth_ID;
              lagged= PA NA(1);
              tinterval=Time_inc (150);

  DEFINE:     CENTER Anhedonia (grandmean);

  ANALYSIS:   type = twolevel random;
              estimator = Bayes;
              biterations=(2000);
              bconvergence=0.005;
              thin=2;
              PROCESSORS=16;
  MODEL:
  %WITHIN%
  sPA_PR | PER_att on PA&1;
  sNA_PR | PER_att on NA&1;
  PA on PA&1@0;
  NA on NA&1@0;
  PER_att with PA@0;
  PER_att with NA@0;

  %between%
  sPA_PR sNA_PR on Anhedonia;
  PER_att on Anhedonia;


  OUTPUT: standardized tech1 tech8 cinterval patterns;
  PLOT: TYPE = PLOT3;



*** WARNING in VARIABLE command
  Note that only the first 8 characters of variable names are used in the output.
  Shorten variable names to avoid any confusion.
*** WARNING in MODEL command
  A y-variable has been declared on the within level but not referred to on
  the between level.  Please check that this is what is intended.  If this is not intended,
  specify the variable as a within variable.  Problem with:  PA
*** WARNING in MODEL command
  A y-variable has been declared on the within level but not referred to on
  the between level.  Please check that this is what is intended.  If this is not intended,
  specify the variable as a within variable.  Problem with:  NA
*** WARNING in PLOT command
  Note that only the first 8 characters of variable names are used in plots.
  If variable names are not unique within the first 8 characters, problems
  may occur.
*** WARNING
  One or more individual-level variables have no variation within a
  cluster for the following clusters.

     Variable   Cluster IDs with no within-cluster variation

      PER_ATT     165

*** WARNING
  Data set contains cases with missing on all variables.  Cases that appeared before the first
  case with observed data and that appeared after the last case with observed data were not
  included in the analysis.  Number of deleted cases:  569
   6 WARNING(S) FOUND IN THE INPUT INSTRUCTIONS




SUMMARY OF ANALYSIS

Number of groups                                                 1
Number of observations                                       19556

Number of dependent variables                                    3
Number of independent variables                                  3
Number of continuous latent variables                            2

Observed dependent variables

  Continuous
   PER_ATT     PA          NA

Observed independent variables
   ANHEDONI    PA&1        NA&1

Continuous latent variables
   SPA_PR      SNA_PR

Variables with special functions

  Cluster variable      ETH_ID

  Within variables
   PA&1        NA&1

  Between variables
   ANHEDONI

  Centering (GRANDMEAN)
   ANHEDONI


Estimator                                                    BAYES
Specifications for Bayesian Estimation
  Point estimate                                            MEDIAN
  Number of Markov chain Monte Carlo (MCMC) chains               2
  Random seed for the first chain                                0
  Starting value information                           UNPERTURBED
  Algorithm used for Markov chain Monte Carlo           GIBBS(PX1)
  Convergence criterion                                  0.500D-02
  Maximum number of iterations                               50000
  K-th iteration used for thinning                               2

Input data file(s)
  data10.dat
Input data format  FREE


SUMMARY OF DATA

     Number of clusters                        153

       Size (s)    Cluster ID with Size s

         84        87
         88        72
         97        34
        101        10
        108        119
        111        36
        113        182
        115        131 89
        116        15 77 75
        117        11
        118        57 16 49 66
        119        186 197 71 48 50 149 92 38 106 163
        120        148 55 7 165 168 98 61 192 108
        122        174
        123        127
        124        161 51 117 103
        125        123 112 68 73 13 53 54 30 88 40 93 44 100 105
        126        102 120 65 107 172 173 80 76 109 111
        127        133 147 70 177 32 139 62 86 25 115 67 46 178 118 110
                   104 193 126 198
        128        18 59 153 180 96 5 156 43
        129        39 144 141 146 185 116 190 187 135 3 137 69
        130        166 97 138 14
        133        191
        134        2
        135        183 63 60 194 201 200
        136        56 26
        137        4 95 19 22 9 42
        138        94 29 132
        139        114 45 79 37 21 145 84 35 74
        142        27
        143        179
        144        24 170 171
        145        124 162 1 20
        146        151 6 167
        147        142 31
        148        176 159



SUMMARY OF MISSING DATA PATTERNS

     Number of missing data patterns            12


     MISSING DATA PATTERNS (x = not missing)

           1  2  3  4  5  6  7  8  9 10 11 12
 PER_ATT   x  x              x     x     x
 PA        x  x  x        x     x  x     x  x
 NA        x  x  x        x        x  x  x
 PA&1      x     x  x        x     x        x
 NA&1      x     x  x        x           x  x
 ANHEDONI  x  x  x  x  x  x  x  x  x  x  x  x


     MISSING DATA PATTERN FREQUENCIES

    Pattern   Frequency     Pattern   Frequency     Pattern   Frequency
          1        4838           5        8460           9           5
          2        3127           6          47          10           1
          3          45           7           3          11           1
          4        3024           8           4          12           1


COVARIANCE COVERAGE OF DATA

Minimum covariance coverage value   0.100


     PROPORTION OF DATA PRESENT


           Covariance Coverage
              PER_ATT       PA            NA            ANHEDONI
              ________      ________      ________      ________
 PER_ATT        0.408
 PA             0.408         0.413
 NA             0.408         0.412         0.412
 ANHEDONI       0.408         0.413         0.412         1.000



UNIVARIATE SAMPLE STATISTICS


     UNIVARIATE HIGHER-ORDER MOMENT DESCRIPTIVE STATISTICS

         Variable/         Mean/     Skewness/   Minimum/ % with                Percentiles
        Sample Size      Variance    Kurtosis    Maximum  Min/Max      20%/60%    40%/80%    Median

     PER_ATT              30.820       0.474       0.000    9.92%       6.000     17.000     27.000
            7974.000     619.900      -0.856     100.000    0.46%      37.000     55.000
     PA                   45.431      -0.008       0.000    0.30%      30.714     41.429     45.857
            8068.000     301.278      -0.215     100.000    0.07%      50.143     60.143
     NA                   14.890       1.413       0.000    7.18%       5.000      9.167     11.500
            8064.000     161.957       2.022      80.667    0.01%      14.167     22.833
     ANHEDONIA             0.000       0.640     -18.368    0.65%      -7.318     -2.912     -0.923
             153.000      80.541       0.592      29.977    0.65%       1.246      6.129


THE MODEL ESTIMATION TERMINATED NORMALLY

     USE THE FBITERATIONS OPTION TO INCREASE THE NUMBER OF ITERATIONS BY A FACTOR
     OF AT LEAST TWO TO CHECK CONVERGENCE AND THAT THE PSR VALUE DOES NOT INCREASE.



MODEL FIT INFORMATION

Number of Free Parameters                              17

Information Criteria

          Deviance (DIC)                       497383.071
          Estimated Number of Parameters (pD)   34916.764



MODEL RESULTS

                                Posterior  One-Tailed         95% C.I.
                    Estimate       S.D.      P-Value   Lower 2.5%  Upper 2.5%  Significance

Within Level

 PA         ON
    PA&1               0.000       0.000      1.000       0.000       0.000

 NA         ON
    NA&1               0.000       0.000      1.000       0.000       0.000

 PER_ATT  WITH
    PA                 0.000       0.000      1.000       0.000       0.000
    NA                 0.000       0.000      1.000       0.000       0.000

 NA       WITH
    PA               -59.230       1.572      0.000     -62.412     -56.211      *

 Residual Variances
    PER_ATT          319.870       5.919      0.000     308.219     331.816      *
    PA               168.900       2.705      0.000     163.620     174.177      *
    NA                90.241       1.459      0.000      87.456      92.946      *

Between Level

 SPA_PR     ON
    ANHEDONIA         -0.003       0.003      0.236      -0.009       0.004

 SNA_PR     ON
    ANHEDONIA         -0.003       0.005      0.259      -0.013       0.006

 PER_ATT    ON
    ANHEDONIA         -0.026       0.157      0.438      -0.323       0.270

 Means
    PA                45.395       0.961      0.000      43.493      47.252      *
    NA                14.970       0.708      0.000      13.584      16.390      *

 Intercepts
    PER_ATT           30.608       1.368      0.000      27.815      33.264      *
    SPA_PR             0.220       0.033      0.000       0.155       0.285      *
    SNA_PR             0.214       0.044      0.000       0.130       0.305      *

 Variances
    PA               138.236      16.568      0.000     110.968     174.821      *
    NA                76.149       9.447      0.000      60.079      97.524      *

 Residual Variances
    PER_ATT          282.526      34.076      0.000     225.283     359.261      *
    SPA_PR             0.063       0.016      0.000       0.038       0.099      *
    SNA_PR             0.112       0.042      0.000       0.043       0.208      *


STANDARDIZED MODEL RESULTS


STDYX Standardization

                                Posterior  One-Tailed         95% C.I.
                    Estimate       S.D.      P-Value   Lower 2.5%  Upper 2.5%  Significance

Within-Level Standardized Estimates Averaged Over Clusters

 SPA_PR | PER_ATT ON
    PA&1               0.150       0.018      0.000       0.117       0.185      *

 SNA_PR | PER_ATT ON
    NA&1               0.108       0.018      0.000       0.075       0.145      *

 PA         ON
    PA&1               0.000       0.000      1.000       0.000       0.000

 NA         ON
    NA&1               0.000       0.000      1.000       0.000       0.000

 PER_ATT  WITH
    PA                 0.000       0.000      1.000       0.000       0.000
    NA                 0.000       0.000      1.000       0.000       0.000

 NA       WITH
    PA                -0.480       0.009      0.000      -0.498      -0.463      *

 Residual Variances
    PER_ATT            0.928       0.009      0.000       0.912       0.945      *
    PA                 1.000       0.000      0.000       1.000       1.000
    NA                 1.000       0.000      0.000       1.000       1.000

Between Level

 SPA_PR     ON
    ANHEDONIA         -0.064       0.088      0.236      -0.244       0.108

 SNA_PR     ON
    ANHEDONIA         -0.056       0.092      0.259      -0.239       0.117

 PER_ATT    ON
    ANHEDONIA         -0.010       0.059      0.438      -0.121       0.101

 Means
    PA                 3.862       0.241      0.000       3.392       4.352      *
    NA                 1.717       0.133      0.000       1.464       1.975      *

 Intercepts
    PER_ATT            1.815       0.134      0.000       1.554       2.086      *
    SPA_PR             0.868       0.171      0.000       0.582       1.240      *
    SNA_PR             0.642       0.198      0.000       0.336       1.087      *

 Variances
    PA                 1.000       0.000      0.000       1.000       1.000
    NA                 1.000       0.000      0.000       1.000       1.000

 Residual Variances
    PER_ATT            0.998       0.005      0.000       0.982       1.000      *
    SPA_PR             0.994       0.016      0.000       0.940       1.000      *
    SNA_PR             0.995       0.016      0.000       0.941       1.000      *


STDY Standardization

                                Posterior  One-Tailed         95% C.I.
                    Estimate       S.D.      P-Value   Lower 2.5%  Upper 2.5%  Significance

Within-Level Standardized Estimates Averaged Over Clusters

 SPA_PR | PER_ATT ON
    PA&1               0.012       0.001      0.000       0.009       0.014      *

 SNA_PR | PER_ATT ON
    NA&1               0.011       0.002      0.000       0.008       0.015      *

 PA         ON
    PA&1               0.000       0.000      1.000       0.000       0.000

 NA         ON
    NA&1               0.000       0.000      1.000       0.000       0.000

 PER_ATT  WITH
    PA                 0.000       0.000      1.000       0.000       0.000
    NA                 0.000       0.000      1.000       0.000       0.000

 NA       WITH
    PA                -0.480       0.009      0.000      -0.498      -0.463      *

 Residual Variances
    PER_ATT            0.928       0.009      0.000       0.912       0.945      *
    PA                 1.000       0.000      0.000       1.000       1.000
    NA                 1.000       0.000      0.000       1.000       1.000

Between Level

 SPA_PR     ON
    ANHEDONIA         -0.010       0.014      0.236      -0.038       0.017

 SNA_PR     ON
    ANHEDONIA         -0.009       0.014      0.259      -0.038       0.018

 PER_ATT    ON
    ANHEDONIA         -0.002       0.009      0.438      -0.019       0.016

 Means
    PA                 3.862       0.241      0.000       3.392       4.352      *
    NA                 1.717       0.133      0.000       1.464       1.975      *

 Intercepts
    PER_ATT            1.815       0.134      0.000       1.554       2.086      *
    SPA_PR             0.868       0.171      0.000       0.582       1.240      *
    SNA_PR             0.642       0.198      0.000       0.336       1.087      *

 Variances
    PA                 1.000       0.000      0.000       1.000       1.000
    NA                 1.000       0.000      0.000       1.000       1.000

 Residual Variances
    PER_ATT            0.998       0.005      0.000       0.982       1.000      *
    SPA_PR             0.994       0.016      0.000       0.940       1.000      *
    SNA_PR             0.995       0.016      0.000       0.941       1.000      *


STD Standardization

                                Posterior  One-Tailed         95% C.I.
                    Estimate       S.D.      P-Value   Lower 2.5%  Upper 2.5%  Significance

Within-Level Standardized Estimates Averaged Over Clusters

 SPA_PR | PER_ATT ON
    PA&1               0.220       0.026      0.000       0.172       0.272      *

 SNA_PR | PER_ATT ON
    NA&1               0.213       0.035      0.000       0.147       0.287      *

 PA         ON
    PA&1               0.000       0.000      1.000       0.000       0.000

 NA         ON
    NA&1               0.000       0.000      1.000       0.000       0.000

 PER_ATT  WITH
    PA                 0.000       0.000      1.000       0.000       0.000
    NA                 0.000       0.000      1.000       0.000       0.000

 NA       WITH
    PA               -59.230       1.572      0.000     -62.412     -56.211      *

 Residual Variances
    PER_ATT          319.870       5.919      0.000     308.219     331.816      *
    PA               168.900       2.705      0.000     163.620     174.177      *
    NA                90.241       1.459      0.000      87.456      92.946      *

Between Level

 SPA_PR     ON
    ANHEDONIA         -0.010       0.014      0.236      -0.038       0.017

 SNA_PR     ON
    ANHEDONIA         -0.009       0.014      0.259      -0.038       0.018

 PER_ATT    ON
    ANHEDONIA         -0.026       0.157      0.438      -0.323       0.270

 Means
    PA                45.395       0.961      0.000      43.493      47.252      *
    NA                14.970       0.708      0.000      13.584      16.390      *

 Intercepts
    PER_ATT           30.608       1.368      0.000      27.815      33.264      *
    SPA_PR             0.868       0.171      0.000       0.582       1.240      *
    SNA_PR             0.642       0.198      0.000       0.336       1.087      *

 Variances
    PA               138.236      16.568      0.000     110.968     174.821      *
    NA                76.149       9.447      0.000      60.079      97.524      *

 Residual Variances
    PER_ATT          282.526      34.076      0.000     225.283     359.261      *
    SPA_PR             0.994       0.016      0.000       0.940       1.000      *
    SNA_PR             0.995       0.016      0.000       0.941       1.000      *


R-SQUARE

Within-Level R-Square Averaged Across Clusters

                                Posterior  One-Tailed         95% C.I.
    Variable        Estimate       S.D.      P-Value   Lower 2.5%  Upper 2.5%

    PER_ATT            0.072       0.009      0.000       0.055       0.088
    PA                 0.000       0.000      1.000       0.000       0.000
    NA                 0.000       0.000      1.000       0.000       0.000

Between Level

                                Posterior  One-Tailed         95% C.I.
    Variable        Estimate       S.D.      P-Value   Lower 2.5%  Upper 2.5%

    PER_ATT            0.002       0.005      0.000       0.000       0.017

                                Posterior  One-Tailed         95% C.I.
    Variable        Estimate       S.D.      P-Value   Lower 2.5%  Upper 2.5%

    SPA_PR             0.006       0.016      0.000       0.000       0.059
    SNA_PR             0.005       0.016      0.000       0.000       0.059


CREDIBILITY INTERVALS OF MODEL RESULTS

                  Lower .5%  Lower 2.5%    Lower 5%    Estimate    Upper 5%  Upper 2.5%   Upper .5%

Within Level

 PA       ON
    PA&1             0.000       0.000       0.000       0.000       0.000       0.000       0.000

 NA       ON
    NA&1             0.000       0.000       0.000       0.000       0.000       0.000       0.000

 PER_ATT  WITH
    PA               0.000       0.000       0.000       0.000       0.000       0.000       0.000
    NA               0.000       0.000       0.000       0.000       0.000       0.000       0.000

 NA       WITH
    PA             -63.152     -62.412     -61.897     -59.230     -56.686     -56.211     -55.357

 Residual Variances
    PER_ATT        305.415     308.219     310.305     319.870     329.694     331.816     334.461
    PA             161.627     163.620     164.369     168.900     173.239     174.177     175.249
    NA              86.570      87.456      87.786      90.241      92.588      92.946      93.766

Between Level

 SPA_PR   ON
    ANHEDONIA       -0.012      -0.009      -0.008      -0.003       0.003       0.004       0.006

 SNA_PR   ON
    ANHEDONIA       -0.016      -0.013      -0.011      -0.003       0.004       0.006       0.009

 PER_ATT  ON
    ANHEDONIA       -0.435      -0.323      -0.284      -0.026       0.229       0.270       0.368

 Means
    PA              42.814      43.493      43.788      45.395      46.946      47.252      47.799
    NA              13.155      13.584      13.787      14.970      16.111      16.390      16.876

 Intercepts
    PER_ATT         27.117      27.815      28.336      30.608      32.828      33.264      34.172
    SPA_PR           0.135       0.155       0.167       0.220       0.275       0.285       0.306
    SNA_PR           0.101       0.130       0.142       0.214       0.286       0.305       0.332

 Variances
    PA             103.504     110.968     114.754     138.236     168.448     174.821     191.357
    NA              55.418      60.079      62.740      76.149      93.506      97.524     104.013

 Residual Variances
    PER_ATT        208.386     225.283     235.647     282.526     343.433     359.261     397.085
    SPA_PR           0.032       0.038       0.041       0.063       0.092       0.099       0.112
    SNA_PR           0.024       0.043       0.053       0.112       0.194       0.208       0.228


CREDIBILITY INTERVALS OF STANDARDIZED MODEL RESULTS


STDYX Standardization

                  Lower .5%  Lower 2.5%    Lower 5%    Estimate    Upper 5%  Upper 2.5%   Upper .5%

Within Level

 PA       ON
    PA&1             0.000       0.000       0.000       0.000       0.000       0.000       0.000

 NA       ON
    NA&1             0.000       0.000       0.000       0.000       0.000       0.000       0.000

 PER_ATT  WITH
    PA               0.000       0.000       0.000       0.000       0.000       0.000       0.000
    NA               0.000       0.000       0.000       0.000       0.000       0.000       0.000

 NA       WITH
    PA               0.000      -0.498       0.000      -0.480       0.000      -0.463       0.000

 Residual Variances
    PER_ATT          0.000       0.912       0.000       0.928       0.000       0.945       0.000
    PA               0.000       1.000       0.000       1.000       0.000       1.000       0.000
    NA               0.000       1.000       0.000       1.000       0.000       1.000       0.000

Between Level

 SPA_PR   ON
    ANHEDONIA       -0.291      -0.244      -0.214      -0.064       0.082       0.108       0.150

 SNA_PR   ON
    ANHEDONIA       -0.290      -0.239      -0.209      -0.056       0.094       0.117       0.178

 PER_ATT  ON
    ANHEDONIA       -0.165      -0.121      -0.108      -0.010       0.087       0.101       0.133

 Means
    PA               3.228       3.392       3.473       3.862       4.253       4.352       4.498
    NA               1.380       1.464       1.494       1.717       1.924       1.975       2.069

 Intercepts
    PER_ATT          1.450       1.554       1.592       1.815       2.040       2.086       2.173
    SPA_PR           0.496       0.582       0.621       0.868       1.182       1.240       1.345
    SNA_PR           0.264       0.336       0.383       0.642       0.983       1.087       1.352

 Variances
    PA               1.000       1.000       1.000       1.000       1.000       1.000       1.000
    NA               1.000       1.000       1.000       1.000       1.000       1.000       1.000

 Residual Variances
    PER_ATT          0.973       0.982       0.987       0.998       1.000       1.000       1.000
    SPA_PR           0.915       0.940       0.954       0.994       1.000       1.000       1.000
    SNA_PR           0.916       0.941       0.955       0.995       1.000       1.000       1.000


STDY Standardization

                  Lower .5%  Lower 2.5%    Lower 5%    Estimate    Upper 5%  Upper 2.5%   Upper .5%

Within Level

 PA       ON
    PA&1             0.000       0.000       0.000       0.000       0.000       0.000       0.000

 NA       ON
    NA&1             0.000       0.000       0.000       0.000       0.000       0.000       0.000

 PER_ATT  WITH
    PA               0.000       0.000       0.000       0.000       0.000       0.000       0.000
    NA               0.000       0.000       0.000       0.000       0.000       0.000       0.000

 NA       WITH
    PA               0.000      -0.498       0.000      -0.480       0.000      -0.463       0.000

 Residual Variances
    PER_ATT          0.000       0.912       0.000       0.928       0.000       0.945       0.000
    PA               0.000       1.000       0.000       1.000       0.000       1.000       0.000
    NA               0.000       1.000       0.000       1.000       0.000       1.000       0.000

Between Level

 SPA_PR   ON
    ANHEDONIA       -0.046      -0.038      -0.034      -0.010       0.013       0.017       0.023

 SNA_PR   ON
    ANHEDONIA       -0.045      -0.038      -0.033      -0.009       0.015       0.018       0.028

 PER_ATT  ON
    ANHEDONIA       -0.026      -0.019      -0.017      -0.002       0.014       0.016       0.021

 Means
    PA               3.228       3.392       3.473       3.862       4.253       4.352       4.498
    NA               1.380       1.464       1.494       1.717       1.924       1.975       2.069

 Intercepts
    PER_ATT          1.450       1.554       1.592       1.815       2.040       2.086       2.173
    SPA_PR           0.496       0.582       0.621       0.868       1.182       1.240       1.345
    SNA_PR           0.264       0.336       0.383       0.642       0.983       1.087       1.352

 Variances
    PA               1.000       1.000       1.000       1.000       1.000       1.000       1.000
    NA               1.000       1.000       1.000       1.000       1.000       1.000       1.000

 Residual Variances
    PER_ATT          0.973       0.982       0.987       0.998       1.000       1.000       1.000
    SPA_PR           0.915       0.940       0.954       0.994       1.000       1.000       1.000
    SNA_PR           0.916       0.941       0.955       0.995       1.000       1.000       1.000


STD Standardization

                  Lower .5%  Lower 2.5%    Lower 5%    Estimate    Upper 5%  Upper 2.5%   Upper .5%

Within Level

 PA       ON
    PA&1             0.000       0.000       0.000       0.000       0.000       0.000       0.000

 NA       ON
    NA&1             0.000       0.000       0.000       0.000       0.000       0.000       0.000

 PER_ATT  WITH
    PA               0.000       0.000       0.000       0.000       0.000       0.000       0.000
    NA               0.000       0.000       0.000       0.000       0.000       0.000       0.000

 NA       WITH
    PA               0.000     -62.412       0.000     -59.230       0.000     -56.211       0.000

 Residual Variances
    PER_ATT          0.000     308.219       0.000     319.870       0.000     331.816       0.000
    PA               0.000     163.620       0.000     168.900       0.000     174.177       0.000
    NA               0.000      87.456       0.000      90.241       0.000      92.946       0.000

Between Level

 SPA_PR   ON
    ANHEDONIA       -0.046      -0.038      -0.034      -0.010       0.013       0.017       0.023

 SNA_PR   ON
    ANHEDONIA       -0.045      -0.038      -0.033      -0.009       0.015       0.018       0.028

 PER_ATT  ON
    ANHEDONIA       -0.435      -0.323      -0.284      -0.026       0.229       0.270       0.368

 Means
    PA              42.814      43.493      43.788      45.395      46.946      47.252      47.799
    NA              13.155      13.584      13.787      14.970      16.111      16.390      16.876

 Intercepts
    PER_ATT         27.117      27.815      28.336      30.608      32.828      33.264      34.172
    SPA_PR           0.496       0.582       0.621       0.868       1.182       1.240       1.345
    SNA_PR           0.264       0.336       0.383       0.642       0.983       1.087       1.352

 Variances
    PA             103.504     110.968     114.754     138.236     168.448     174.821     191.357
    NA              55.418      60.079      62.740      76.149      93.506      97.524     104.013

 Residual Variances
    PER_ATT        208.386     225.283     235.647     282.526     343.433     359.261     397.085
    SPA_PR           0.915       0.940       0.954       0.994       1.000       1.000       1.000
    SNA_PR           0.916       0.941       0.955       0.995       1.000       1.000       1.000


TECHNICAL 1 OUTPUT


     PARAMETER SPECIFICATION FOR WITHIN


           NU
              PER_ATT       PA            NA            PA&1          NA&1
              ________      ________      ________      ________      ________
                    0             0             0             0             0


           LAMBDA
              PER_ATT       PA            NA            PA&1          NA&1
              ________      ________      ________      ________      ________
 PER_ATT            0             0             0             0             0
 PA                 0             0             0             0             0
 NA                 0             0             0             0             0
 PA&1               0             0             0             0             0
 NA&1               0             0             0             0             0


           THETA
              PER_ATT       PA            NA            PA&1          NA&1
              ________      ________      ________      ________      ________
 PER_ATT            0
 PA                 0             0
 NA                 0             0             0
 PA&1               0             0             0             0
 NA&1               0             0             0             0             0


           ALPHA
              PER_ATT       PA            NA            PA&1          NA&1
              ________      ________      ________      ________      ________
                    0             0             0             0             0


           BETA
              PER_ATT       PA            NA            PA&1          NA&1
              ________      ________      ________      ________      ________
 PER_ATT            0             0             0             0             0
 PA                 0             0             0             0             0
 NA                 0             0             0             0             0
 PA&1               0             0             0             0             0
 NA&1               0             0             0             0             0


           PSI
              PER_ATT       PA            NA            PA&1          NA&1
              ________      ________      ________      ________      ________
 PER_ATT            1
 PA                 0             2
 NA                 0             3             4
 PA&1               0             0             0             0
 NA&1               0             0             0             0             0


     PARAMETER SPECIFICATION FOR BETWEEN


           NU
              PER_ATT       PA            NA            ANHEDONI
              ________      ________      ________      ________
                    0             0             0             0


           LAMBDA
              SPA_PR        SNA_PR        PER_ATT       PA            NA
              ________      ________      ________      ________      ________
 PER_ATT            0             0             0             0             0
 PA                 0             0             0             0             0
 NA                 0             0             0             0             0
 ANHEDONI           0             0             0             0             0


           LAMBDA
              ANHEDONI
              ________
 PER_ATT            0
 PA                 0
 NA                 0
 ANHEDONI           0


           THETA
              PER_ATT       PA            NA            ANHEDONI
              ________      ________      ________      ________
 PER_ATT            0
 PA                 0             0
 NA                 0             0             0
 ANHEDONI           0             0             0             0


           ALPHA
              SPA_PR        SNA_PR        PER_ATT       PA            NA
              ________      ________      ________      ________      ________
                    5             6             7             8             9


           ALPHA
              ANHEDONI
              ________
                    0


           BETA
              SPA_PR        SNA_PR        PER_ATT       PA            NA
              ________      ________      ________      ________      ________
 SPA_PR             0             0             0             0             0
 SNA_PR             0             0             0             0             0
 PER_ATT            0             0             0             0             0
 PA                 0             0             0             0             0
 NA                 0             0             0             0             0
 ANHEDONI           0             0             0             0             0


           BETA
              ANHEDONI
              ________
 SPA_PR            10
 SNA_PR            11
 PER_ATT           12
 PA                 0
 NA                 0
 ANHEDONI           0


           PSI
              SPA_PR        SNA_PR        PER_ATT       PA            NA
              ________      ________      ________      ________      ________
 SPA_PR            13
 SNA_PR             0            14
 PER_ATT            0             0            15
 PA                 0             0             0            16
 NA                 0             0             0             0            17
 ANHEDONI           0             0             0             0             0


           PSI
              ANHEDONI
              ________
 ANHEDONI           0


     STARTING VALUES FOR WITHIN


           NU
              PER_ATT       PA            NA            PA&1          NA&1
              ________      ________      ________      ________      ________
                0.000         0.000         0.000         0.000         0.000


           LAMBDA
              PER_ATT       PA            NA            PA&1          NA&1
              ________      ________      ________      ________      ________
 PER_ATT        1.000         0.000         0.000         0.000         0.000
 PA             0.000         1.000         0.000         0.000         0.000
 NA             0.000         0.000         1.000         0.000         0.000
 PA&1           0.000         0.000         0.000         1.000         0.000
 NA&1           0.000         0.000         0.000         0.000         1.000


           THETA
              PER_ATT       PA            NA            PA&1          NA&1
              ________      ________      ________      ________      ________
 PER_ATT        0.000
 PA             0.000         0.000
 NA             0.000         0.000         0.000
 PA&1           0.000         0.000         0.000         0.000
 NA&1           0.000         0.000         0.000         0.000         0.000


           ALPHA
              PER_ATT       PA            NA            PA&1          NA&1
              ________      ________      ________      ________      ________
                0.000         0.000         0.000         0.000         0.000


           BETA
              PER_ATT       PA            NA            PA&1          NA&1
              ________      ________      ________      ________      ________
 PER_ATT        0.000         0.000         0.000         0.000         0.000
 PA             0.000         0.000         0.000         0.000         0.000
 NA             0.000         0.000         0.000         0.000         0.000
 PA&1           0.000         0.000         0.000         0.000         0.000
 NA&1           0.000         0.000         0.000         0.000         0.000


           PSI
              PER_ATT       PA            NA            PA&1          NA&1
              ________      ________      ________      ________      ________
 PER_ATT      309.950
 PA             0.000       150.639
 NA             0.000         0.000        80.979
 PA&1           0.000         0.000         0.000       150.688
 NA&1           0.000         0.000         0.000         0.000        80.867


     STARTING VALUES FOR BETWEEN


           NU
              PER_ATT       PA            NA            ANHEDONI
              ________      ________      ________      ________
                0.000         0.000         0.000         0.000


           LAMBDA
              SPA_PR        SNA_PR        PER_ATT       PA            NA
              ________      ________      ________      ________      ________
 PER_ATT        0.000         0.000         1.000         0.000         0.000
 PA             0.000         0.000         0.000         1.000         0.000
 NA             0.000         0.000         0.000         0.000         1.000
 ANHEDONI       0.000         0.000         0.000         0.000         0.000


           LAMBDA
              ANHEDONI
              ________
 PER_ATT        0.000
 PA             0.000
 NA             0.000
 ANHEDONI       1.000


           THETA
              PER_ATT       PA            NA            ANHEDONI
              ________      ________      ________      ________
 PER_ATT        0.000
 PA             0.000         0.000
 NA             0.000         0.000         0.000
 ANHEDONI       0.000         0.000         0.000         0.000


           ALPHA
              SPA_PR        SNA_PR        PER_ATT       PA            NA
              ________      ________      ________      ________      ________
                0.000         0.000        30.820        45.431        14.890


           ALPHA
              ANHEDONI
              ________
                0.000


           BETA
              SPA_PR        SNA_PR        PER_ATT       PA            NA
              ________      ________      ________      ________      ________
 SPA_PR         0.000         0.000         0.000         0.000         0.000
 SNA_PR         0.000         0.000         0.000         0.000         0.000
 PER_ATT        0.000         0.000         0.000         0.000         0.000
 PA             0.000         0.000         0.000         0.000         0.000
 NA             0.000         0.000         0.000         0.000         0.000
 ANHEDONI       0.000         0.000         0.000         0.000         0.000


           BETA
              ANHEDONI
              ________
 SPA_PR         0.000
 SNA_PR         0.000
 PER_ATT        0.000
 PA             0.000
 NA             0.000
 ANHEDONI       0.000


           PSI
              SPA_PR        SNA_PR        PER_ATT       PA            NA
              ________      ________      ________      ________      ________
 SPA_PR         1.000
 SNA_PR         0.000         1.000
 PER_ATT        0.000         0.000       309.950
 PA             0.000         0.000         0.000       150.639
 NA             0.000         0.000         0.000         0.000        80.979
 ANHEDONI       0.000         0.000         0.000         0.000         0.000


           PSI
              ANHEDONI
              ________
 ANHEDONI      40.709



     PRIORS FOR ALL PARAMETERS            PRIOR MEAN      PRIOR VARIANCE     PRIOR STD. DEV.

     Parameter 1~IG(-1.000,0.000)          infinity            infinity            infinity
     Parameter 2~IW(0.000,-3)              infinity            infinity            infinity
     Parameter 3~IW(0.000,-3)              infinity            infinity            infinity
     Parameter 4~IW(0.000,-3)              infinity            infinity            infinity
     Parameter 5~N(0.000,infinity)           0.0000            infinity            infinity
     Parameter 6~N(0.000,infinity)           0.0000            infinity            infinity
     Parameter 7~N(0.000,infinity)           0.0000            infinity            infinity
     Parameter 8~N(0.000,infinity)           0.0000            infinity            infinity
     Parameter 9~N(0.000,infinity)           0.0000            infinity            infinity
     Parameter 10~N(0.000,infinity)          0.0000            infinity            infinity
     Parameter 11~N(0.000,infinity)          0.0000            infinity            infinity
     Parameter 12~N(0.000,infinity)          0.0000            infinity            infinity
     Parameter 13~IG(-1.000,0.000)         infinity            infinity            infinity
     Parameter 14~IG(-1.000,0.000)         infinity            infinity            infinity
     Parameter 15~IG(-1.000,0.000)         infinity            infinity            infinity
     Parameter 16~IG(-1.000,0.000)         infinity            infinity            infinity
     Parameter 17~IG(-1.000,0.000)         infinity            infinity            infinity


TECHNICAL 8 OUTPUT


   TECHNICAL 8 OUTPUT FOR BAYES ESTIMATION

     PROCESSOR    BSEED
     1            0
     2            285380
     3            253358
     4            93468
     5            608496
     6            903420
     7            195873
     8            462953
     9            939021
     10           127215
     11           415931
     12           533738
     13           107446
     14           399671
     15           650371
     16           27071

                     POTENTIAL       PARAMETER WITH
     ITERATION    SCALE REDUCTION      HIGHEST PSR
     100              1.108               13
     200              1.223               6
     300              1.054               14
     400              1.009               4
     500              1.003               4
     600              1.041               14
     700              1.070               14
     800              1.054               14
     900              1.059               14
     1000             1.038               14
     1100             1.009               14
     1200             1.003               5
     1300             1.006               5
     1400             1.009               6
     1500             1.020               14
     1600             1.008               14
     1700             1.008               14
     1800             1.008               6
     1900             1.005               6
     2000             1.005               6


PLOT INFORMATION

The following plots are available:

  Histograms (sample values)
  Scatterplots (sample values)
  Between-level histograms (sample values, sample means/variances)
  Between-level scatterplots (sample values, sample means/variances)
  Time series plots (sample values, ACF, PACF)
  Histogram of subjects per time point
  Time interval plots
  Bayesian posterior parameter distributions
  Bayesian posterior parameter trace plots
  Bayesian autocorrelation plots

     Beginning Time:  16:05:58
        Ending Time:  16:07:07
       Elapsed Time:  00:01:09



MUTHEN & MUTHEN
3463 Stoner Ave.
Los Angeles, CA  90066

Tel: (310) 391-9971
Fax: (310) 391-8971
Web: www.StatModel.com
Support: Support@StatModel.com

Copyright (c) 1998-2022 Muthen & Muthen
