Mplus VERSION 8.8
MUTHEN & MUTHEN
08/25/2023  10:15 PM

INPUT INSTRUCTIONS


  DATA:
  FILE IS data13.dat;

  VARIABLE:   NAMES =
  	    Eth_ID Time Time_between Time_inc
  	    PA_enth NA_irri NA_verv PA_tevr PA_ener
       	    PA_kalm NA_nerv PA_daadk NA_verdr
  	    PA_vrol NA_boos PA_dankb NA_somb PER_att
      	    PER_refl PER_self PER_expr PER_damp
  	    PER_codamp PER_capit Sample age_yr gesl BDI
      	    Measures_valid BDI_anh Anhedonia
   	    BDI_sum PA NA day compliance;

              USEVARIABLES are PER_refl PA NA Anhedonia;
              MISSING is .;
              within = ;
              between = Anhedonia;
              cluster = Eth_ID;
              lagged= PA NA(1);
              tinterval=Time_inc (150);

  DEFINE:     CENTER Anhedonia (grandmean);

  ANALYSIS:   type = twolevel random;
              estimator = Bayes;
              biterations=(2000);
              bconvergence=0.005;
              thin=2;
              PROCESSORS=16;
  MODEL:
  %WITHIN%
  sPA_PR | PER_refl on PA&1;
  sNA_PR | PER_refl on NA&1;
  PA on PA&1@0;
  NA on NA&1@0;
  PER_refl with PA@0;
  PER_refl with NA@0;

  %between%
  sPA_PR sNA_PR on Anhedonia;
  PER_refl on Anhedonia;


  OUTPUT: standardized tech1 tech8 cinterval patterns;
  PLOT: TYPE = PLOT3;



*** WARNING in VARIABLE command
  Note that only the first 8 characters of variable names are used in the output.
  Shorten variable names to avoid any confusion.
*** WARNING in MODEL command
  A y-variable has been declared on the within level but not referred to on
  the between level.  Please check that this is what is intended.  If this is not intended,
  specify the variable as a within variable.  Problem with:  PA
*** WARNING in MODEL command
  A y-variable has been declared on the within level but not referred to on
  the between level.  Please check that this is what is intended.  If this is not intended,
  specify the variable as a within variable.  Problem with:  NA
*** WARNING in PLOT command
  Note that only the first 8 characters of variable names are used in plots.
  If variable names are not unique within the first 8 characters, problems
  may occur.
*** WARNING
  One or more individual-level variables have no variation within a
  cluster for the following clusters.

     Variable   Cluster IDs with no within-cluster variation

      PER_REFL    165 73

*** WARNING
  Data set contains cases with missing on all variables.  Cases that appeared before the first
  case with observed data and that appeared after the last case with observed data were not
  included in the analysis.  Number of deleted cases:  679
   6 WARNING(S) FOUND IN THE INPUT INSTRUCTIONS




SUMMARY OF ANALYSIS

Number of groups                                                 1
Number of observations                                       20160

Number of dependent variables                                    3
Number of independent variables                                  3
Number of continuous latent variables                            2

Observed dependent variables

  Continuous
   PER_REFL    PA          NA

Observed independent variables
   ANHEDONI    PA&1        NA&1

Continuous latent variables
   SPA_PR      SNA_PR

Variables with special functions

  Cluster variable      ETH_ID

  Within variables
   PA&1        NA&1

  Between variables
   ANHEDONI

  Centering (GRANDMEAN)
   ANHEDONI


Estimator                                                    BAYES
Specifications for Bayesian Estimation
  Point estimate                                            MEDIAN
  Number of Markov chain Monte Carlo (MCMC) chains               2
  Random seed for the first chain                                0
  Starting value information                           UNPERTURBED
  Algorithm used for Markov chain Monte Carlo           GIBBS(PX1)
  Convergence criterion                                  0.500D-02
  Maximum number of iterations                               50000
  K-th iteration used for thinning                               2

Input data file(s)
  data13.dat
Input data format  FREE


SUMMARY OF DATA

     Number of clusters                        159

       Size (s)    Cluster ID with Size s

         56        28
         80        82
         84        87
         88        72
         97        34
        101        10
        105        52
        108        119
        111        36
        113        182
        115        89 131
        116        15 188 75 77
        117        11
        118        16 66 49 57 195
        119        197 71 48 149 50 92 38 186 163 106
        120        55 168 7 108 148 192 61 98 165
        122        174
        123        127
        124        161 117 103 51
        125        53 54 13 40 44 88 30 68 100 93 105 112 123 73
        126        107 172 173 102 65 109 111 80 76 120
        127        70 177 133 62 139 118 110 25 115 67 46 104 178 126 193
                   32 86 198 147
        128        43 153 59 156 96 180 18 5
        129        141 144 125 3 185 146 135 190 187 39 137 116 69
        130        138 166 97 14
        133        191
        134        2
        135        194 63 60 183 201 200
        136        26 56
        137        95 4 9 22 19 42
        138        132 29 94
        139        45 74 35 37 84 21 79 145 114
        142        27
        143        179
        144        170 24 171
        145        1 124 162 20
        146        151 6 167
        147        142 31
        148        159 176



SUMMARY OF MISSING DATA PATTERNS

     Number of missing data patterns            13


     MISSING DATA PATTERNS (x = not missing)

           1  2  3  4  5  6  7  8  9 10 11 12 13
 PER_REFL  x  x              x     x     x     x
 PA        x  x        x  x     x  x     x  x
 NA        x  x        x  x        x  x  x
 PA&1      x     x        x  x     x        x
 NA&1      x     x        x  x           x  x
 ANHEDONI  x  x  x  x  x  x  x  x  x  x  x  x  x


     MISSING DATA PATTERN FREQUENCIES

    Pattern   Frequency     Pattern   Frequency     Pattern   Frequency
          1        4888           6          50          11           1
          2        3224           7           3          12           1
          3        3121           8           4          13           1
          4        8808           9           5
          5          53          10           1


COVARIANCE COVERAGE OF DATA

Minimum covariance coverage value   0.100


     PROPORTION OF DATA PRESENT


           Covariance Coverage
              PER_REFL      PA            NA            ANHEDONI
              ________      ________      ________      ________
 PER_REFL       0.403
 PA             0.403         0.408
 NA             0.403         0.408         0.408
 ANHEDONI       0.403         0.408         0.408         1.000



UNIVARIATE SAMPLE STATISTICS


     UNIVARIATE HIGHER-ORDER MOMENT DESCRIPTIVE STATISTICS

         Variable/         Mean/     Skewness/   Minimum/ % with                Percentiles
        Sample Size      Variance    Kurtosis    Maximum  Min/Max      20%/60%    40%/80%    Median

     PER_REFL             28.217       0.692       0.000    9.73%       5.000     14.000     23.000
            8122.000     570.189      -0.419     100.000    0.49%      32.000     51.000
     PA                   45.572      -0.010       0.000    0.29%      30.857     41.571     46.143
            8226.000     302.012      -0.210     100.000    0.07%      50.286     60.286
     NA                   15.831       1.285       0.000    7.38%       5.200      9.800     12.400
            8222.000     175.093       1.514      83.200    0.01%      15.400     24.600
     ANHEDONIA             0.000       0.630     -18.380    0.63%      -7.330     -2.924     -0.934
             159.000      79.008       0.606      29.966    0.63%       1.234      6.118


THE MODEL ESTIMATION TERMINATED NORMALLY

     USE THE FBITERATIONS OPTION TO INCREASE THE NUMBER OF ITERATIONS BY A FACTOR
     OF AT LEAST TWO TO CHECK CONVERGENCE AND THAT THE PSR VALUE DOES NOT INCREASE.



MODEL FIT INFORMATION

Number of Free Parameters                              17

Information Criteria

          Deviance (DIC)                       515494.061
          Estimated Number of Parameters (pD)   36380.548



MODEL RESULTS

                                Posterior  One-Tailed         95% C.I.
                    Estimate       S.D.      P-Value   Lower 2.5%  Upper 2.5%  Significance

Within Level

 PA         ON
    PA&1               0.000       0.000      1.000       0.000       0.000

 NA         ON
    NA&1               0.000       0.000      1.000       0.000       0.000

 PER_REFL WITH
    PA                 0.000       0.000      1.000       0.000       0.000
    NA                 0.000       0.000      1.000       0.000       0.000

 NA       WITH
    PA               -62.049       1.589      0.000     -65.145     -58.890      *

 Residual Variances
    PER_REFL         324.221       5.896      0.000     313.115     336.392      *
    PA               170.313       2.656      0.000     165.327     175.718      *
    NA                98.745       1.585      0.000      95.555     101.813      *

Between Level

 SPA_PR     ON
    ANHEDONIA         -0.006       0.004      0.037      -0.013       0.001

 SNA_PR     ON
    ANHEDONIA         -0.003       0.004      0.221      -0.012       0.005

 PER_REFL   ON
    ANHEDONIA         -0.110       0.137      0.207      -0.375       0.163

 Means
    PA                45.702       0.942      0.000      43.862      47.528      *
    NA                15.969       0.721      0.000      14.603      17.442      *

 Intercepts
    PER_REFL          28.246       1.227      0.000      25.912      30.623      *
    SPA_PR             0.258       0.034      0.000       0.191       0.325      *
    SNA_PR             0.166       0.042      0.000       0.083       0.247      *

 Variances
    PA               137.307      16.142      0.000     110.747     174.071      *
    NA                81.233       9.816      0.000      65.219     103.396      *

 Residual Variances
    PER_REFL         224.485      26.630      0.000     179.740     283.078      *
    SPA_PR             0.072       0.017      0.000       0.045       0.111      *
    SNA_PR             0.086       0.033      0.000       0.031       0.160      *


STANDARDIZED MODEL RESULTS


STDYX Standardization

                                Posterior  One-Tailed         95% C.I.
                    Estimate       S.D.      P-Value   Lower 2.5%  Upper 2.5%  Significance

Within-Level Standardized Estimates Averaged Over Clusters

 SPA_PR | PER_REFL ON
    PA&1               0.173       0.017      0.000       0.140       0.207      *

 SNA_PR | PER_REFL ON
    NA&1               0.086       0.018      0.000       0.049       0.119      *

 PA         ON
    PA&1               0.000       0.000      1.000       0.000       0.000

 NA         ON
    NA&1               0.000       0.000      1.000       0.000       0.000

 PER_REFL WITH
    PA                 0.000       0.000      1.000       0.000       0.000
    NA                 0.000       0.000      1.000       0.000       0.000

 NA       WITH
    PA                -0.478       0.008      0.000      -0.495      -0.461      *

 Residual Variances
    PER_REFL           0.924       0.009      0.000       0.906       0.940      *
    PA                 1.000       0.000      0.000       1.000       1.000
    NA                 1.000       0.000      0.000       1.000       1.000

Between Level

 SPA_PR     ON
    ANHEDONIA         -0.146       0.083      0.037      -0.313       0.015

 SNA_PR     ON
    ANHEDONIA         -0.073       0.095      0.221      -0.264       0.120

 PER_REFL   ON
    ANHEDONIA         -0.047       0.058      0.207      -0.157       0.067

 Means
    PA                 3.903       0.237      0.000       3.444       4.368      *
    NA                 1.772       0.130      0.000       1.521       2.030      *

 Intercepts
    PER_REFL           1.884       0.138      0.000       1.617       2.154      *
    SPA_PR             0.950       0.165      0.000       0.653       1.300      *
    SNA_PR             0.562       0.202      0.000       0.254       1.062      *

 Variances
    PA                 1.000       0.000      0.000       1.000       1.000
    NA                 1.000       0.000      0.000       1.000       1.000

 Residual Variances
    PER_REFL           0.997       0.007      0.000       0.975       1.000      *
    SPA_PR             0.979       0.027      0.000       0.902       1.000      *
    SNA_PR             0.993       0.019      0.000       0.930       1.000      *


STDY Standardization

                                Posterior  One-Tailed         95% C.I.
                    Estimate       S.D.      P-Value   Lower 2.5%  Upper 2.5%  Significance

Within-Level Standardized Estimates Averaged Over Clusters

 SPA_PR | PER_REFL ON
    PA&1               0.013       0.001      0.000       0.011       0.016      *

 SNA_PR | PER_REFL ON
    NA&1               0.009       0.002      0.000       0.005       0.012      *

 PA         ON
    PA&1               0.000       0.000      1.000       0.000       0.000

 NA         ON
    NA&1               0.000       0.000      1.000       0.000       0.000

 PER_REFL WITH
    PA                 0.000       0.000      1.000       0.000       0.000
    NA                 0.000       0.000      1.000       0.000       0.000

 NA       WITH
    PA                -0.478       0.008      0.000      -0.495      -0.461      *

 Residual Variances
    PER_REFL           0.924       0.009      0.000       0.906       0.940      *
    PA                 1.000       0.000      0.000       1.000       1.000
    NA                 1.000       0.000      0.000       1.000       1.000

Between Level

 SPA_PR     ON
    ANHEDONIA         -0.023       0.013      0.037      -0.049       0.002

 SNA_PR     ON
    ANHEDONIA         -0.012       0.015      0.221      -0.042       0.019

 PER_REFL   ON
    ANHEDONIA         -0.007       0.009      0.207      -0.025       0.011

 Means
    PA                 3.903       0.237      0.000       3.444       4.368      *
    NA                 1.772       0.130      0.000       1.521       2.030      *

 Intercepts
    PER_REFL           1.884       0.138      0.000       1.617       2.154      *
    SPA_PR             0.950       0.165      0.000       0.653       1.300      *
    SNA_PR             0.562       0.202      0.000       0.254       1.062      *

 Variances
    PA                 1.000       0.000      0.000       1.000       1.000
    NA                 1.000       0.000      0.000       1.000       1.000

 Residual Variances
    PER_REFL           0.997       0.007      0.000       0.975       1.000      *
    SPA_PR             0.979       0.027      0.000       0.902       1.000      *
    SNA_PR             0.993       0.019      0.000       0.930       1.000      *


STD Standardization

                                Posterior  One-Tailed         95% C.I.
                    Estimate       S.D.      P-Value   Lower 2.5%  Upper 2.5%  Significance

Within-Level Standardized Estimates Averaged Over Clusters

 SPA_PR | PER_REFL ON
    PA&1               0.256       0.026      0.000       0.209       0.307      *

 SNA_PR | PER_REFL ON
    NA&1               0.163       0.036      0.000       0.093       0.228      *

 PA         ON
    PA&1               0.000       0.000      1.000       0.000       0.000

 NA         ON
    NA&1               0.000       0.000      1.000       0.000       0.000

 PER_REFL WITH
    PA                 0.000       0.000      1.000       0.000       0.000
    NA                 0.000       0.000      1.000       0.000       0.000

 NA       WITH
    PA               -62.031       1.563      0.000     -65.209     -59.007      *

 Residual Variances
    PER_REFL         324.215       6.038      0.000     312.555     336.376      *
    PA               170.333       2.641      0.000     165.284     175.637      *
    NA                98.750       1.591      0.000      95.539     101.756      *

Between Level

 SPA_PR     ON
    ANHEDONIA         -0.023       0.013      0.037      -0.049       0.002

 SNA_PR     ON
    ANHEDONIA         -0.012       0.015      0.221      -0.042       0.019

 PER_REFL   ON
    ANHEDONIA         -0.110       0.137      0.207      -0.375       0.163

 Means
    PA                45.702       0.942      0.000      43.862      47.528      *
    NA                15.969       0.721      0.000      14.603      17.442      *

 Intercepts
    PER_REFL          28.246       1.227      0.000      25.912      30.623      *
    SPA_PR             0.950       0.165      0.000       0.653       1.300      *
    SNA_PR             0.562       0.202      0.000       0.254       1.062      *

 Variances
    PA               137.307      16.142      0.000     110.747     174.071      *
    NA                81.233       9.816      0.000      65.219     103.396      *

 Residual Variances
    PER_REFL         224.485      26.630      0.000     179.740     283.078      *
    SPA_PR             0.979       0.027      0.000       0.902       1.000      *
    SNA_PR             0.993       0.019      0.000       0.930       1.000      *


R-SQUARE

Within-Level R-Square Averaged Across Clusters

                                Posterior  One-Tailed         95% C.I.
    Variable        Estimate       S.D.      P-Value   Lower 2.5%  Upper 2.5%

    PER_REFL           0.076       0.009      0.000       0.060       0.094
    PA                 0.000       0.000      1.000       0.000       0.000
    NA                 0.000       0.000      1.000       0.000       0.000

Between Level

                                Posterior  One-Tailed         95% C.I.
    Variable        Estimate       S.D.      P-Value   Lower 2.5%  Upper 2.5%

    PER_REFL           0.003       0.007      0.000       0.000       0.025

                                Posterior  One-Tailed         95% C.I.
    Variable        Estimate       S.D.      P-Value   Lower 2.5%  Upper 2.5%

    SPA_PR             0.021       0.027      0.000       0.000       0.098
    SNA_PR             0.007       0.019      0.000       0.000       0.070


CREDIBILITY INTERVALS OF MODEL RESULTS

                  Lower .5%  Lower 2.5%    Lower 5%    Estimate    Upper 5%  Upper 2.5%   Upper .5%

Within Level

 PA       ON
    PA&1             0.000       0.000       0.000       0.000       0.000       0.000       0.000

 NA       ON
    NA&1             0.000       0.000       0.000       0.000       0.000       0.000       0.000

 PER_REFL WITH
    PA               0.000       0.000       0.000       0.000       0.000       0.000       0.000
    NA               0.000       0.000       0.000       0.000       0.000       0.000       0.000

 NA       WITH
    PA             -66.031     -65.145     -64.688     -62.049     -59.409     -58.890     -58.182

 Residual Variances
    PER_REFL       309.400     313.115     314.604     324.221     334.250     336.392     339.567
    PA             163.682     165.327     166.080     170.313     174.773     175.718     177.442
    NA              94.586      95.555      96.071      98.745     101.326     101.813     102.713

Between Level

 SPA_PR   ON
    ANHEDONIA       -0.016      -0.013      -0.012      -0.006       0.000       0.001       0.002

 SNA_PR   ON
    ANHEDONIA       -0.015      -0.012      -0.011      -0.003       0.004       0.005       0.008

 PER_REFL ON
    ANHEDONIA       -0.453      -0.375      -0.337      -0.110       0.119       0.163       0.250

 Means
    PA              43.219      43.862      44.158      45.702      47.272      47.528      48.124
    NA              14.211      14.603      14.765      15.969      17.193      17.442      17.839

 Intercepts
    PER_REFL        25.073      25.912      26.248      28.246      30.281      30.623      31.527
    SPA_PR           0.172       0.191       0.202       0.258       0.314       0.325       0.341
    SNA_PR           0.061       0.083       0.095       0.166       0.234       0.247       0.271

 Variances
    PA             102.468     110.747     114.604     137.307     166.932     174.071     185.474
    NA              61.477      65.219      67.221      81.233      99.021     103.396     113.279

 Residual Variances
    PER_REFL       168.336     179.740     185.426     224.485     271.855     283.078     309.662
    SPA_PR           0.039       0.045       0.048       0.072       0.103       0.111       0.124
    SNA_PR           0.019       0.031       0.039       0.086       0.148       0.160       0.187


CREDIBILITY INTERVALS OF STANDARDIZED MODEL RESULTS


STDYX Standardization

                  Lower .5%  Lower 2.5%    Lower 5%    Estimate    Upper 5%  Upper 2.5%   Upper .5%

Within Level

 PA       ON
    PA&1             0.000       0.000       0.000       0.000       0.000       0.000       0.000

 NA       ON
    NA&1             0.000       0.000       0.000       0.000       0.000       0.000       0.000

 PER_REFL WITH
    PA               0.000       0.000       0.000       0.000       0.000       0.000       0.000
    NA               0.000       0.000       0.000       0.000       0.000       0.000       0.000

 NA       WITH
    PA               0.000      -0.495       0.000      -0.478       0.000      -0.461       0.000

 Residual Variances
    PER_REFL         0.000       0.906       0.000       0.924       0.000       0.940       0.000
    PA               0.000       1.000       0.000       1.000       0.000       1.000       0.000
    NA               0.000       1.000       0.000       1.000       0.000       1.000       0.000

Between Level

 SPA_PR   ON
    ANHEDONIA       -0.366      -0.313      -0.285      -0.146      -0.011       0.015       0.056

 SNA_PR   ON
    ANHEDONIA       -0.324      -0.264      -0.229      -0.073       0.085       0.120       0.170

 PER_REFL ON
    ANHEDONIA       -0.185      -0.157      -0.141      -0.047       0.051       0.067       0.107

 Means
    PA               3.285       3.444       3.516       3.903       4.291       4.368       4.530
    NA               1.444       1.521       1.561       1.772       1.991       2.030       2.111

 Intercepts
    PER_REFL         1.520       1.617       1.656       1.884       2.115       2.154       2.233
    SPA_PR           0.564       0.653       0.696       0.950       1.246       1.300       1.394
    SNA_PR           0.184       0.254       0.301       0.562       0.939       1.062       1.309

 Variances
    PA               1.000       1.000       1.000       1.000       1.000       1.000       1.000
    NA               1.000       1.000       1.000       1.000       1.000       1.000       1.000

 Residual Variances
    PER_REFL         0.966       0.975       0.980       0.997       1.000       1.000       1.000
    SPA_PR           0.866       0.902       0.919       0.979       0.999       1.000       1.000
    SNA_PR           0.895       0.930       0.947       0.993       1.000       1.000       1.000


STDY Standardization

                  Lower .5%  Lower 2.5%    Lower 5%    Estimate    Upper 5%  Upper 2.5%   Upper .5%

Within Level

 PA       ON
    PA&1             0.000       0.000       0.000       0.000       0.000       0.000       0.000

 NA       ON
    NA&1             0.000       0.000       0.000       0.000       0.000       0.000       0.000

 PER_REFL WITH
    PA               0.000       0.000       0.000       0.000       0.000       0.000       0.000
    NA               0.000       0.000       0.000       0.000       0.000       0.000       0.000

 NA       WITH
    PA               0.000      -0.495       0.000      -0.478       0.000      -0.461       0.000

 Residual Variances
    PER_REFL         0.000       0.906       0.000       0.924       0.000       0.940       0.000
    PA               0.000       1.000       0.000       1.000       0.000       1.000       0.000
    NA               0.000       1.000       0.000       1.000       0.000       1.000       0.000

Between Level

 SPA_PR   ON
    ANHEDONIA       -0.058      -0.049      -0.045      -0.023      -0.002       0.002       0.009

 SNA_PR   ON
    ANHEDONIA       -0.051      -0.042      -0.036      -0.012       0.013       0.019       0.027

 PER_REFL ON
    ANHEDONIA       -0.029      -0.025      -0.022      -0.007       0.008       0.011       0.017

 Means
    PA               3.285       3.444       3.516       3.903       4.291       4.368       4.530
    NA               1.444       1.521       1.561       1.772       1.991       2.030       2.111

 Intercepts
    PER_REFL         1.520       1.617       1.656       1.884       2.115       2.154       2.233
    SPA_PR           0.564       0.653       0.696       0.950       1.246       1.300       1.394
    SNA_PR           0.184       0.254       0.301       0.562       0.939       1.062       1.309

 Variances
    PA               1.000       1.000       1.000       1.000       1.000       1.000       1.000
    NA               1.000       1.000       1.000       1.000       1.000       1.000       1.000

 Residual Variances
    PER_REFL         0.966       0.975       0.980       0.997       1.000       1.000       1.000
    SPA_PR           0.866       0.902       0.919       0.979       0.999       1.000       1.000
    SNA_PR           0.895       0.930       0.947       0.993       1.000       1.000       1.000


STD Standardization

                  Lower .5%  Lower 2.5%    Lower 5%    Estimate    Upper 5%  Upper 2.5%   Upper .5%

Within Level

 PA       ON
    PA&1             0.000       0.000       0.000       0.000       0.000       0.000       0.000

 NA       ON
    NA&1             0.000       0.000       0.000       0.000       0.000       0.000       0.000

 PER_REFL WITH
    PA               0.000       0.000       0.000       0.000       0.000       0.000       0.000
    NA               0.000       0.000       0.000       0.000       0.000       0.000       0.000

 NA       WITH
    PA               0.000     -65.209       0.000     -62.031       0.000     -59.007       0.000

 Residual Variances
    PER_REFL         0.000     312.555       0.000     324.215       0.000     336.376       0.000
    PA               0.000     165.284       0.000     170.333       0.000     175.637       0.000
    NA               0.000      95.539       0.000      98.750       0.000     101.756       0.000

Between Level

 SPA_PR   ON
    ANHEDONIA       -0.058      -0.049      -0.045      -0.023      -0.002       0.002       0.009

 SNA_PR   ON
    ANHEDONIA       -0.051      -0.042      -0.036      -0.012       0.013       0.019       0.027

 PER_REFL ON
    ANHEDONIA       -0.453      -0.375      -0.337      -0.110       0.119       0.163       0.250

 Means
    PA              43.219      43.862      44.158      45.702      47.272      47.528      48.124
    NA              14.211      14.603      14.765      15.969      17.193      17.442      17.839

 Intercepts
    PER_REFL        25.073      25.912      26.248      28.246      30.281      30.623      31.527
    SPA_PR           0.564       0.653       0.696       0.950       1.246       1.300       1.394
    SNA_PR           0.184       0.254       0.301       0.562       0.939       1.062       1.309

 Variances
    PA             102.468     110.747     114.604     137.307     166.932     174.071     185.474
    NA              61.477      65.219      67.221      81.233      99.021     103.396     113.279

 Residual Variances
    PER_REFL       168.336     179.740     185.426     224.485     271.855     283.078     309.662
    SPA_PR           0.866       0.902       0.919       0.979       0.999       1.000       1.000
    SNA_PR           0.895       0.930       0.947       0.993       1.000       1.000       1.000


TECHNICAL 1 OUTPUT


     PARAMETER SPECIFICATION FOR WITHIN


           NU
              PER_REFL      PA            NA            PA&1          NA&1
              ________      ________      ________      ________      ________
                    0             0             0             0             0


           LAMBDA
              PER_REFL      PA            NA            PA&1          NA&1
              ________      ________      ________      ________      ________
 PER_REFL           0             0             0             0             0
 PA                 0             0             0             0             0
 NA                 0             0             0             0             0
 PA&1               0             0             0             0             0
 NA&1               0             0             0             0             0


           THETA
              PER_REFL      PA            NA            PA&1          NA&1
              ________      ________      ________      ________      ________
 PER_REFL           0
 PA                 0             0
 NA                 0             0             0
 PA&1               0             0             0             0
 NA&1               0             0             0             0             0


           ALPHA
              PER_REFL      PA            NA            PA&1          NA&1
              ________      ________      ________      ________      ________
                    0             0             0             0             0


           BETA
              PER_REFL      PA            NA            PA&1          NA&1
              ________      ________      ________      ________      ________
 PER_REFL           0             0             0             0             0
 PA                 0             0             0             0             0
 NA                 0             0             0             0             0
 PA&1               0             0             0             0             0
 NA&1               0             0             0             0             0


           PSI
              PER_REFL      PA            NA            PA&1          NA&1
              ________      ________      ________      ________      ________
 PER_REFL           1
 PA                 0             2
 NA                 0             3             4
 PA&1               0             0             0             0
 NA&1               0             0             0             0             0


     PARAMETER SPECIFICATION FOR BETWEEN


           NU
              PER_REFL      PA            NA            ANHEDONI
              ________      ________      ________      ________
                    0             0             0             0


           LAMBDA
              SPA_PR        SNA_PR        PER_REFL      PA            NA
              ________      ________      ________      ________      ________
 PER_REFL           0             0             0             0             0
 PA                 0             0             0             0             0
 NA                 0             0             0             0             0
 ANHEDONI           0             0             0             0             0


           LAMBDA
              ANHEDONI
              ________
 PER_REFL           0
 PA                 0
 NA                 0
 ANHEDONI           0


           THETA
              PER_REFL      PA            NA            ANHEDONI
              ________      ________      ________      ________
 PER_REFL           0
 PA                 0             0
 NA                 0             0             0
 ANHEDONI           0             0             0             0


           ALPHA
              SPA_PR        SNA_PR        PER_REFL      PA            NA
              ________      ________      ________      ________      ________
                    5             6             7             8             9


           ALPHA
              ANHEDONI
              ________
                    0


           BETA
              SPA_PR        SNA_PR        PER_REFL      PA            NA
              ________      ________      ________      ________      ________
 SPA_PR             0             0             0             0             0
 SNA_PR             0             0             0             0             0
 PER_REFL           0             0             0             0             0
 PA                 0             0             0             0             0
 NA                 0             0             0             0             0
 ANHEDONI           0             0             0             0             0


           BETA
              ANHEDONI
              ________
 SPA_PR            10
 SNA_PR            11
 PER_REFL          12
 PA                 0
 NA                 0
 ANHEDONI           0


           PSI
              SPA_PR        SNA_PR        PER_REFL      PA            NA
              ________      ________      ________      ________      ________
 SPA_PR            13
 SNA_PR             0            14
 PER_REFL           0             0            15
 PA                 0             0             0            16
 NA                 0             0             0             0            17
 ANHEDONI           0             0             0             0             0


           PSI
              ANHEDONI
              ________
 ANHEDONI           0


     STARTING VALUES FOR WITHIN


           NU
              PER_REFL      PA            NA            PA&1          NA&1
              ________      ________      ________      ________      ________
                0.000         0.000         0.000         0.000         0.000


           LAMBDA
              PER_REFL      PA            NA            PA&1          NA&1
              ________      ________      ________      ________      ________
 PER_REFL       1.000         0.000         0.000         0.000         0.000
 PA             0.000         1.000         0.000         0.000         0.000
 NA             0.000         0.000         1.000         0.000         0.000
 PA&1           0.000         0.000         0.000         1.000         0.000
 NA&1           0.000         0.000         0.000         0.000         1.000


           THETA
              PER_REFL      PA            NA            PA&1          NA&1
              ________      ________      ________      ________      ________
 PER_REFL       0.000
 PA             0.000         0.000
 NA             0.000         0.000         0.000
 PA&1           0.000         0.000         0.000         0.000
 NA&1           0.000         0.000         0.000         0.000         0.000


           ALPHA
              PER_REFL      PA            NA            PA&1          NA&1
              ________      ________      ________      ________      ________
                0.000         0.000         0.000         0.000         0.000


           BETA
              PER_REFL      PA            NA            PA&1          NA&1
              ________      ________      ________      ________      ________
 PER_REFL       0.000         0.000         0.000         0.000         0.000
 PA             0.000         0.000         0.000         0.000         0.000
 NA             0.000         0.000         0.000         0.000         0.000
 PA&1           0.000         0.000         0.000         0.000         0.000
 NA&1           0.000         0.000         0.000         0.000         0.000


           PSI
              PER_REFL      PA            NA            PA&1          NA&1
              ________      ________      ________      ________      ________
 PER_REFL     285.094
 PA             0.000       151.006
 NA             0.000         0.000        87.547
 PA&1           0.000         0.000         0.000       151.126
 NA&1           0.000         0.000         0.000         0.000        87.358


     STARTING VALUES FOR BETWEEN


           NU
              PER_REFL      PA            NA            ANHEDONI
              ________      ________      ________      ________
                0.000         0.000         0.000         0.000


           LAMBDA
              SPA_PR        SNA_PR        PER_REFL      PA            NA
              ________      ________      ________      ________      ________
 PER_REFL       0.000         0.000         1.000         0.000         0.000
 PA             0.000         0.000         0.000         1.000         0.000
 NA             0.000         0.000         0.000         0.000         1.000
 ANHEDONI       0.000         0.000         0.000         0.000         0.000


           LAMBDA
              ANHEDONI
              ________
 PER_REFL       0.000
 PA             0.000
 NA             0.000
 ANHEDONI       1.000


           THETA
              PER_REFL      PA            NA            ANHEDONI
              ________      ________      ________      ________
 PER_REFL       0.000
 PA             0.000         0.000
 NA             0.000         0.000         0.000
 ANHEDONI       0.000         0.000         0.000         0.000


           ALPHA
              SPA_PR        SNA_PR        PER_REFL      PA            NA
              ________      ________      ________      ________      ________
                0.000         0.000        28.217        45.572        15.831


           ALPHA
              ANHEDONI
              ________
                0.000


           BETA
              SPA_PR        SNA_PR        PER_REFL      PA            NA
              ________      ________      ________      ________      ________
 SPA_PR         0.000         0.000         0.000         0.000         0.000
 SNA_PR         0.000         0.000         0.000         0.000         0.000
 PER_REFL       0.000         0.000         0.000         0.000         0.000
 PA             0.000         0.000         0.000         0.000         0.000
 NA             0.000         0.000         0.000         0.000         0.000
 ANHEDONI       0.000         0.000         0.000         0.000         0.000


           BETA
              ANHEDONI
              ________
 SPA_PR         0.000
 SNA_PR         0.000
 PER_REFL       0.000
 PA             0.000
 NA             0.000
 ANHEDONI       0.000


           PSI
              SPA_PR        SNA_PR        PER_REFL      PA            NA
              ________      ________      ________      ________      ________
 SPA_PR         1.000
 SNA_PR         0.000         1.000
 PER_REFL       0.000         0.000       285.094
 PA             0.000         0.000         0.000       151.006
 NA             0.000         0.000         0.000         0.000        87.547
 ANHEDONI       0.000         0.000         0.000         0.000         0.000


           PSI
              ANHEDONI
              ________
 ANHEDONI      40.163



     PRIORS FOR ALL PARAMETERS            PRIOR MEAN      PRIOR VARIANCE     PRIOR STD. DEV.

     Parameter 1~IG(-1.000,0.000)          infinity            infinity            infinity
     Parameter 2~IW(0.000,-3)              infinity            infinity            infinity
     Parameter 3~IW(0.000,-3)              infinity            infinity            infinity
     Parameter 4~IW(0.000,-3)              infinity            infinity            infinity
     Parameter 5~N(0.000,infinity)           0.0000            infinity            infinity
     Parameter 6~N(0.000,infinity)           0.0000            infinity            infinity
     Parameter 7~N(0.000,infinity)           0.0000            infinity            infinity
     Parameter 8~N(0.000,infinity)           0.0000            infinity            infinity
     Parameter 9~N(0.000,infinity)           0.0000            infinity            infinity
     Parameter 10~N(0.000,infinity)          0.0000            infinity            infinity
     Parameter 11~N(0.000,infinity)          0.0000            infinity            infinity
     Parameter 12~N(0.000,infinity)          0.0000            infinity            infinity
     Parameter 13~IG(-1.000,0.000)         infinity            infinity            infinity
     Parameter 14~IG(-1.000,0.000)         infinity            infinity            infinity
     Parameter 15~IG(-1.000,0.000)         infinity            infinity            infinity
     Parameter 16~IG(-1.000,0.000)         infinity            infinity            infinity
     Parameter 17~IG(-1.000,0.000)         infinity            infinity            infinity


TECHNICAL 8 OUTPUT


   TECHNICAL 8 OUTPUT FOR BAYES ESTIMATION

     PROCESSOR    BSEED
     1            0
     2            285380
     3            253358
     4            93468
     5            608496
     6            903420
     7            195873
     8            462953
     9            939021
     10           127215
     11           415931
     12           533738
     13           107446
     14           399671
     15           650371
     16           27071

                     POTENTIAL       PARAMETER WITH
     ITERATION    SCALE REDUCTION      HIGHEST PSR
     100              1.659               14
     200              1.059               14
     300              1.074               14
     400              1.028               6
     500              1.006               14
     600              1.002               12
     700              1.014               2
     800              1.018               2
     900              1.016               2
     1000             1.014               14
     1100             1.006               14
     1200             1.004               14
     1300             1.002               8
     1400             1.012               14
     1500             1.006               5
     1600             1.009               5
     1700             1.010               5
     1800             1.024               14
     1900             1.010               14
     2000             1.018               14
     2100             1.032               14
     2200             1.045               14
     2300             1.066               14
     2400             1.077               14
     2500             1.050               14
     2600             1.058               14
     2700             1.059               14
     2800             1.043               14
     2900             1.039               14
     3000             1.031               14
     3100             1.026               14
     3200             1.022               6
     3300             1.026               6
     3400             1.028               14
     3500             1.023               14
     3600             1.019               14
     3700             1.025               14
     3800             1.019               14
     3900             1.024               14
     4000             1.021               14
     4100             1.013               14
     4200             1.007               14


PLOT INFORMATION

The following plots are available:

  Histograms (sample values)
  Scatterplots (sample values)
  Between-level histograms (sample values, sample means/variances)
  Between-level scatterplots (sample values, sample means/variances)
  Time series plots (sample values, ACF, PACF)
  Histogram of subjects per time point
  Time interval plots
  Bayesian posterior parameter distributions
  Bayesian posterior parameter trace plots
  Bayesian autocorrelation plots

     Beginning Time:  22:15:15
        Ending Time:  22:17:24
       Elapsed Time:  00:02:09



MUTHEN & MUTHEN
3463 Stoner Ave.
Los Angeles, CA  90066

Tel: (310) 391-9971
Fax: (310) 391-8971
Web: www.StatModel.com
Support: Support@StatModel.com

Copyright (c) 1998-2022 Muthen & Muthen
