Mplus VERSION 8.8
MUTHEN & MUTHEN
08/25/2023  10:51 PM

INPUT INSTRUCTIONS


  DATA:
  FILE IS data5.dat;

  VARIABLE:   NAMES =
  	    Eth_ID Time Time_between Time_inc
  	    PA_enth NA_irri NA_verv PA_tevr PA_ener
       	    PA_kalm NA_nerv PA_daadk NA_verdr
  	    PA_vrol NA_boos PA_dankb NA_somb PER_att
      	    PER_refl PER_self PER_expr PER_damp
  	    PER_codamp PER_capit Sample age_yr gesl BDI
      	    Measures_valid BDI_anh Anhedonia
   	    BDI_sum PA NA day compliance;

              USEVARIABLES are PER_self PA NA Anhedonia;
              MISSING is .;
              within = ;
              between = Anhedonia;
              cluster = Eth_ID;
              lagged= PA NA(1);
              tinterval=Time_inc (150);

  DEFINE:     CENTER Anhedonia (grandmean);

  ANALYSIS:   type = twolevel random;
              estimator = Bayes;
              biterations=(2000);
              bconvergence=0.005;
              thin=2;
              PROCESSORS=16;
  MODEL:
  %WITHIN%
  sPA_PR | PER_self on PA&1;
  sNA_PR | PER_self on NA&1;
  PA on PA&1@0;
  NA on NA&1@0;
  PER_self with PA@0;
  PER_self with NA@0;

  %between%
  sPA_PR sNA_PR on Anhedonia;
  PER_self on Anhedonia;


  OUTPUT: standardized tech1 tech8 cinterval patterns;
  PLOT: TYPE = PLOT3;



*** WARNING in VARIABLE command
  Note that only the first 8 characters of variable names are used in the output.
  Shorten variable names to avoid any confusion.
*** WARNING in MODEL command
  A y-variable has been declared on the within level but not referred to on
  the between level.  Please check that this is what is intended.  If this is not intended,
  specify the variable as a within variable.  Problem with:  PA
*** WARNING in MODEL command
  A y-variable has been declared on the within level but not referred to on
  the between level.  Please check that this is what is intended.  If this is not intended,
  specify the variable as a within variable.  Problem with:  NA
*** WARNING in PLOT command
  Note that only the first 8 characters of variable names are used in plots.
  If variable names are not unique within the first 8 characters, problems
  may occur.
*** WARNING
  One or more individual-level variables have no variation within a
  cluster for the following clusters.

     Variable   Cluster IDs with no within-cluster variation

      PER_SELF    71

*** WARNING
  Data set contains cases with missing on all variables.  Cases that appeared before the first
  case with observed data and that appeared after the last case with observed data were not
  included in the analysis.  Number of deleted cases:  679
   6 WARNING(S) FOUND IN THE INPUT INSTRUCTIONS




SUMMARY OF ANALYSIS

Number of groups                                                 1
Number of observations                                       20160

Number of dependent variables                                    3
Number of independent variables                                  3
Number of continuous latent variables                            2

Observed dependent variables

  Continuous
   PER_SELF    PA          NA

Observed independent variables
   ANHEDONI    PA&1        NA&1

Continuous latent variables
   SPA_PR      SNA_PR

Variables with special functions

  Cluster variable      ETH_ID

  Within variables
   PA&1        NA&1

  Between variables
   ANHEDONI

  Centering (GRANDMEAN)
   ANHEDONI


Estimator                                                    BAYES
Specifications for Bayesian Estimation
  Point estimate                                            MEDIAN
  Number of Markov chain Monte Carlo (MCMC) chains               2
  Random seed for the first chain                                0
  Starting value information                           UNPERTURBED
  Algorithm used for Markov chain Monte Carlo           GIBBS(PX1)
  Convergence criterion                                  0.500D-02
  Maximum number of iterations                               50000
  K-th iteration used for thinning                               2

Input data file(s)
  data5.dat
Input data format  FREE


SUMMARY OF DATA

     Number of clusters                        159

       Size (s)    Cluster ID with Size s

         56        28
         80        82
         84        87
         88        72
         97        34
        101        10
        105        52
        108        119
        111        36
        113        182
        115        89 131
        116        15 188 75 77
        117        11
        118        16 66 49 57 195
        119        197 71 48 149 50 92 38 186 163 106
        120        55 168 7 108 148 192 61 98 165
        122        174
        123        127
        124        161 117 103 51
        125        53 54 13 40 44 88 30 68 100 93 105 112 123 73
        126        107 172 173 102 65 109 111 80 76 120
        127        70 177 133 62 139 118 110 25 115 67 46 104 178 126 193
                   32 86 198 147
        128        43 153 59 156 96 180 18 5
        129        141 144 125 3 185 146 135 190 187 39 137 116 69
        130        138 166 97 14
        133        191
        134        2
        135        194 63 60 183 201 200
        136        26 56
        137        95 4 9 22 19 42
        138        132 29 94
        139        45 74 35 37 84 21 79 145 114
        142        27
        143        179
        144        170 24 171
        145        1 124 162 20
        146        151 6 167
        147        142 31
        148        159 176



SUMMARY OF MISSING DATA PATTERNS

     Number of missing data patterns            13


     MISSING DATA PATTERNS (x = not missing)

           1  2  3  4  5  6  7  8  9 10 11 12 13
 PER_SELF  x  x              x     x     x     x
 PA        x  x        x  x     x  x     x  x
 NA        x  x        x  x        x  x  x
 PA&1      x     x        x  x     x        x
 NA&1      x     x        x  x           x  x
 ANHEDONI  x  x  x  x  x  x  x  x  x  x  x  x  x


     MISSING DATA PATTERN FREQUENCIES

    Pattern   Frequency     Pattern   Frequency     Pattern   Frequency
          1        4884           6          54          11           1
          2        3221           7           3          12           1
          3        3121           8           4          13           1
          4        8808           9           5
          5          56          10           1


COVARIANCE COVERAGE OF DATA

Minimum covariance coverage value   0.100


     PROPORTION OF DATA PRESENT


           Covariance Coverage
              PER_SELF      PA            NA            ANHEDONI
              ________      ________      ________      ________
 PER_SELF       0.403
 PA             0.402         0.408
 NA             0.402         0.408         0.408
 ANHEDONI       0.403         0.408         0.408         1.000



UNIVARIATE SAMPLE STATISTICS


     UNIVARIATE HIGHER-ORDER MOMENT DESCRIPTIVE STATISTICS

         Variable/         Mean/     Skewness/   Minimum/ % with                Percentiles
        Sample Size      Variance    Kurtosis    Maximum  Min/Max      20%/60%    40%/80%    Median

     PER_SELF             22.518       1.136       0.000   13.68%       3.000      8.000     12.000
            8115.000     560.218       0.374     100.000    0.70%      19.000     45.000
     PA                   43.655       0.043       0.000    0.52%      27.167     39.000     44.000
            8226.000     353.677      -0.337     100.000    0.13%      48.667     59.833
     NA                   14.975       1.412       0.000    7.26%       5.000      9.167     11.500
            8222.000     164.910       1.997      80.667    0.01%      14.333     23.000
     ANHEDONIA             0.000       0.630     -18.380    0.63%      -7.330     -2.924     -0.934
             159.000      79.008       0.606      29.966    0.63%       1.234      6.118


THE MODEL ESTIMATION TERMINATED NORMALLY

     USE THE FBITERATIONS OPTION TO INCREASE THE NUMBER OF ITERATIONS BY A FACTOR
     OF AT LEAST TWO TO CHECK CONVERGENCE AND THAT THE PSR VALUE DOES NOT INCREASE.



MODEL FIT INFORMATION

Number of Free Parameters                              17

Information Criteria

          Deviance (DIC)                       517361.004
          Estimated Number of Parameters (pD)   36343.131



MODEL RESULTS

                                Posterior  One-Tailed         95% C.I.
                    Estimate       S.D.      P-Value   Lower 2.5%  Upper 2.5%  Significance

Within Level

 PA         ON
    PA&1               0.000       0.000      1.000       0.000       0.000

 NA         ON
    NA&1               0.000       0.000      1.000       0.000       0.000

 PER_SELF WITH
    PA                 0.000       0.000      1.000       0.000       0.000
    NA                 0.000       0.000      1.000       0.000       0.000

 NA       WITH
    PA               -62.237       1.666      0.000     -65.507     -59.020      *

 Residual Variances
    PER_SELF         314.650       5.613      0.000     303.643     325.485      *
    PA               202.208       3.191      0.000     196.168     208.691      *
    NA                91.831       1.440      0.000      89.001      94.606      *

Between Level

 SPA_PR     ON
    ANHEDONIA          0.002       0.004      0.260      -0.005       0.010

 SNA_PR     ON
    ANHEDONIA          0.003       0.004      0.230      -0.004       0.011

 PER_SELF   ON
    ANHEDONIA         -0.112       0.136      0.197      -0.387       0.147

 Means
    PA                43.783       1.011      0.000      41.758      45.830      *
    NA                15.144       0.684      0.000      13.820      16.499      *

 Intercepts
    PER_SELF          22.366       1.223      0.000      20.006      24.787      *
    SPA_PR             0.195       0.032      0.000       0.131       0.259      *
    SNA_PR             0.100       0.038      0.004       0.022       0.173      *

 Variances
    PA               158.934      18.874      0.000     127.909     201.636      *
    NA                78.663       9.205      0.000      63.377      99.383      *

 Residual Variances
    PER_SELF         224.215      27.333      0.000     180.308     286.328      *
    SPA_PR             0.100       0.019      0.000       0.070       0.147      *
    SNA_PR             0.034       0.026      0.000       0.005       0.101      *


STANDARDIZED MODEL RESULTS


STDYX Standardization

                                Posterior  One-Tailed         95% C.I.
                    Estimate       S.D.      P-Value   Lower 2.5%  Upper 2.5%  Significance

Within-Level Standardized Estimates Averaged Over Clusters

 SPA_PR | PER_SELF ON
    PA&1               0.142       0.016      0.000       0.112       0.174      *

 SNA_PR | PER_SELF ON
    NA&1               0.052       0.018      0.004       0.015       0.084      *

 PA         ON
    PA&1               0.000       0.000      1.000       0.000       0.000

 NA         ON
    NA&1               0.000       0.000      1.000       0.000       0.000

 PER_SELF WITH
    PA                 0.000       0.000      1.000       0.000       0.000
    NA                 0.000       0.000      1.000       0.000       0.000

 NA       WITH
    PA                -0.457       0.009      0.000      -0.474      -0.439      *

 Residual Variances
    PER_SELF           0.926       0.009      0.000       0.909       0.943      *
    PA                 1.000       0.000      0.000       1.000       1.000
    NA                 1.000       0.000      0.000       1.000       1.000

Between Level

 SPA_PR     ON
    ANHEDONIA          0.049       0.073      0.260      -0.089       0.199

 SNA_PR     ON
    ANHEDONIA          0.101       0.145      0.230      -0.172       0.392

 PER_SELF   ON
    ANHEDONIA         -0.048       0.057      0.197      -0.160       0.062

 Means
    PA                 3.477       0.215      0.000       3.045       3.898      *
    NA                 1.709       0.121      0.000       1.479       1.956      *

 Intercepts
    PER_SELF           1.490       0.121      0.000       1.260       1.731      *
    SPA_PR             0.609       0.117      0.000       0.391       0.868      *
    SNA_PR             0.538       0.312      0.004       0.133       1.440      *

 Variances
    PA                 1.000       0.000      0.000       1.000       1.000
    NA                 1.000       0.000      0.000       1.000       1.000

 Residual Variances
    PER_SELF           0.997       0.007      0.000       0.974       1.000      *
    SPA_PR             0.996       0.011      0.000       0.960       1.000      *
    SNA_PR             0.985       0.046      0.000       0.845       1.000      *


STDY Standardization

                                Posterior  One-Tailed         95% C.I.
                    Estimate       S.D.      P-Value   Lower 2.5%  Upper 2.5%  Significance

Within-Level Standardized Estimates Averaged Over Clusters

 SPA_PR | PER_SELF ON
    PA&1               0.010       0.001      0.000       0.008       0.012      *

 SNA_PR | PER_SELF ON
    NA&1               0.005       0.002      0.004       0.002       0.009      *

 PA         ON
    PA&1               0.000       0.000      1.000       0.000       0.000

 NA         ON
    NA&1               0.000       0.000      1.000       0.000       0.000

 PER_SELF WITH
    PA                 0.000       0.000      1.000       0.000       0.000
    NA                 0.000       0.000      1.000       0.000       0.000

 NA       WITH
    PA                -0.457       0.009      0.000      -0.474      -0.439      *

 Residual Variances
    PER_SELF           0.926       0.009      0.000       0.909       0.943      *
    PA                 1.000       0.000      0.000       1.000       1.000
    NA                 1.000       0.000      0.000       1.000       1.000

Between Level

 SPA_PR     ON
    ANHEDONIA          0.008       0.012      0.260      -0.014       0.031

 SNA_PR     ON
    ANHEDONIA          0.016       0.023      0.230      -0.027       0.062

 PER_SELF   ON
    ANHEDONIA         -0.008       0.009      0.197      -0.025       0.010

 Means
    PA                 3.477       0.215      0.000       3.045       3.898      *
    NA                 1.709       0.121      0.000       1.479       1.956      *

 Intercepts
    PER_SELF           1.490       0.121      0.000       1.260       1.731      *
    SPA_PR             0.609       0.117      0.000       0.391       0.868      *
    SNA_PR             0.538       0.312      0.004       0.133       1.440      *

 Variances
    PA                 1.000       0.000      0.000       1.000       1.000
    NA                 1.000       0.000      0.000       1.000       1.000

 Residual Variances
    PER_SELF           0.997       0.007      0.000       0.974       1.000      *
    SPA_PR             0.996       0.011      0.000       0.960       1.000      *
    SNA_PR             0.985       0.046      0.000       0.845       1.000      *


STD Standardization

                                Posterior  One-Tailed         95% C.I.
                    Estimate       S.D.      P-Value   Lower 2.5%  Upper 2.5%  Significance

Within-Level Standardized Estimates Averaged Over Clusters

 SPA_PR | PER_SELF ON
    PA&1               0.194       0.021      0.000       0.154       0.237      *

 SNA_PR | PER_SELF ON
    NA&1               0.101       0.035      0.004       0.029       0.163      *

 PA         ON
    PA&1               0.000       0.000      1.000       0.000       0.000

 NA         ON
    NA&1               0.000       0.000      1.000       0.000       0.000

 PER_SELF WITH
    PA                 0.000       0.000      1.000       0.000       0.000
    NA                 0.000       0.000      1.000       0.000       0.000

 NA       WITH
    PA               -62.275       1.663      0.000     -65.551     -59.042      *

 Residual Variances
    PER_SELF         314.550       5.689      0.000     303.172     325.420      *
    PA               202.284       3.192      0.000     196.124     208.691      *
    NA                91.834       1.433      0.000      88.981      94.582      *

Between Level

 SPA_PR     ON
    ANHEDONIA          0.008       0.012      0.260      -0.014       0.031

 SNA_PR     ON
    ANHEDONIA          0.016       0.023      0.230      -0.027       0.062

 PER_SELF   ON
    ANHEDONIA         -0.112       0.136      0.197      -0.387       0.147

 Means
    PA                43.783       1.011      0.000      41.758      45.830      *
    NA                15.144       0.684      0.000      13.820      16.499      *

 Intercepts
    PER_SELF          22.366       1.223      0.000      20.006      24.787      *
    SPA_PR             0.609       0.117      0.000       0.391       0.868      *
    SNA_PR             0.538       0.312      0.004       0.133       1.440      *

 Variances
    PA               158.934      18.874      0.000     127.909     201.636      *
    NA                78.663       9.205      0.000      63.377      99.383      *

 Residual Variances
    PER_SELF         224.215      27.333      0.000     180.308     286.328      *
    SPA_PR             0.996       0.011      0.000       0.960       1.000      *
    SNA_PR             0.985       0.046      0.000       0.845       1.000      *


R-SQUARE

Within-Level R-Square Averaged Across Clusters

                                Posterior  One-Tailed         95% C.I.
    Variable        Estimate       S.D.      P-Value   Lower 2.5%  Upper 2.5%

    PER_SELF           0.074       0.009      0.000       0.057       0.091
    PA                 0.000       0.000      1.000       0.000       0.000
    NA                 0.000       0.000      1.000       0.000       0.000

Between Level

                                Posterior  One-Tailed         95% C.I.
    Variable        Estimate       S.D.      P-Value   Lower 2.5%  Upper 2.5%

    PER_SELF           0.003       0.007      0.000       0.000       0.026

                                Posterior  One-Tailed         95% C.I.
    Variable        Estimate       S.D.      P-Value   Lower 2.5%  Upper 2.5%

    SPA_PR             0.004       0.011      0.000       0.000       0.040
    SNA_PR             0.015       0.046      0.000       0.000       0.155


CREDIBILITY INTERVALS OF MODEL RESULTS

                  Lower .5%  Lower 2.5%    Lower 5%    Estimate    Upper 5%  Upper 2.5%   Upper .5%

Within Level

 PA       ON
    PA&1             0.000       0.000       0.000       0.000       0.000       0.000       0.000

 NA       ON
    NA&1             0.000       0.000       0.000       0.000       0.000       0.000       0.000

 PER_SELF WITH
    PA               0.000       0.000       0.000       0.000       0.000       0.000       0.000
    NA               0.000       0.000       0.000       0.000       0.000       0.000       0.000

 NA       WITH
    PA             -66.353     -65.507     -64.973     -62.237     -59.449     -59.020     -57.911

 Residual Variances
    PER_SELF       299.689     303.643     305.292     314.650     323.790     325.485     328.757
    PA             194.045     196.168     197.105     202.208     207.645     208.691     210.450
    NA              88.259      89.001      89.471      91.831      94.184      94.606      95.613

Between Level

 SPA_PR   ON
    ANHEDONIA       -0.007      -0.005      -0.004       0.002       0.009       0.010       0.013

 SNA_PR   ON
    ANHEDONIA       -0.007      -0.004      -0.003       0.003       0.010       0.011       0.015

 PER_SELF ON
    ANHEDONIA       -0.485      -0.387      -0.341      -0.112       0.106       0.147       0.231

 Means
    PA              40.996      41.758      42.168      43.783      45.433      45.830      46.399
    NA              13.377      13.820      14.021      15.144      16.273      16.499      16.819

 Intercepts
    PER_SELF        18.979      20.006      20.415      22.366      24.396      24.787      25.841
    SPA_PR           0.114       0.131       0.140       0.195       0.249       0.259       0.285
    SNA_PR           0.002       0.022       0.034       0.100       0.159       0.173       0.200

 Variances
    PA             121.478     127.909     132.645     158.934     193.729     201.636     222.348
    NA              59.744      63.377      65.163      78.663      95.334      99.383     107.210

 Residual Variances
    PER_SELF       166.478     180.308     186.598     224.215     274.604     286.328     321.792
    SPA_PR           0.062       0.070       0.075       0.100       0.139       0.147       0.164
    SNA_PR           0.004       0.005       0.006       0.034       0.089       0.101       0.129


CREDIBILITY INTERVALS OF STANDARDIZED MODEL RESULTS


STDYX Standardization

                  Lower .5%  Lower 2.5%    Lower 5%    Estimate    Upper 5%  Upper 2.5%   Upper .5%

Within Level

 PA       ON
    PA&1             0.000       0.000       0.000       0.000       0.000       0.000       0.000

 NA       ON
    NA&1             0.000       0.000       0.000       0.000       0.000       0.000       0.000

 PER_SELF WITH
    PA               0.000       0.000       0.000       0.000       0.000       0.000       0.000
    NA               0.000       0.000       0.000       0.000       0.000       0.000       0.000

 NA       WITH
    PA               0.000      -0.474       0.000      -0.457       0.000      -0.439       0.000

 Residual Variances
    PER_SELF         0.000       0.909       0.000       0.926       0.000       0.943       0.000
    PA               0.000       1.000       0.000       1.000       0.000       1.000       0.000
    NA               0.000       1.000       0.000       1.000       0.000       1.000       0.000

Between Level

 SPA_PR   ON
    ANHEDONIA       -0.136      -0.089      -0.072       0.049       0.170       0.199       0.244

 SNA_PR   ON
    ANHEDONIA       -0.257      -0.172      -0.129       0.101       0.344       0.392       0.512

 PER_SELF ON
    ANHEDONIA       -0.199      -0.160      -0.142      -0.048       0.045       0.062       0.094

 Means
    PA               2.889       3.045       3.111       3.477       3.825       3.898       4.018
    NA               1.407       1.479       1.516       1.709       1.911       1.956       2.023

 Intercepts
    PER_SELF         1.179       1.260       1.296       1.490       1.690       1.731       1.800
    SPA_PR           0.325       0.391       0.429       0.609       0.811       0.868       0.929
    SNA_PR           0.013       0.133       0.201       0.538       1.209       1.440       1.816

 Variances
    PA               1.000       1.000       1.000       1.000       1.000       1.000       1.000
    NA               1.000       1.000       1.000       1.000       1.000       1.000       1.000

 Residual Variances
    PER_SELF         0.960       0.974       0.980       0.997       1.000       1.000       1.000
    SPA_PR           0.941       0.960       0.971       0.996       1.000       1.000       1.000
    SNA_PR           0.738       0.845       0.880       0.985       1.000       1.000       1.000


STDY Standardization

                  Lower .5%  Lower 2.5%    Lower 5%    Estimate    Upper 5%  Upper 2.5%   Upper .5%

Within Level

 PA       ON
    PA&1             0.000       0.000       0.000       0.000       0.000       0.000       0.000

 NA       ON
    NA&1             0.000       0.000       0.000       0.000       0.000       0.000       0.000

 PER_SELF WITH
    PA               0.000       0.000       0.000       0.000       0.000       0.000       0.000
    NA               0.000       0.000       0.000       0.000       0.000       0.000       0.000

 NA       WITH
    PA               0.000      -0.474       0.000      -0.457       0.000      -0.439       0.000

 Residual Variances
    PER_SELF         0.000       0.909       0.000       0.926       0.000       0.943       0.000
    PA               0.000       1.000       0.000       1.000       0.000       1.000       0.000
    NA               0.000       1.000       0.000       1.000       0.000       1.000       0.000

Between Level

 SPA_PR   ON
    ANHEDONIA       -0.021      -0.014      -0.011       0.008       0.027       0.031       0.038

 SNA_PR   ON
    ANHEDONIA       -0.040      -0.027      -0.020       0.016       0.054       0.062       0.081

 PER_SELF ON
    ANHEDONIA       -0.031      -0.025      -0.022      -0.008       0.007       0.010       0.015

 Means
    PA               2.889       3.045       3.111       3.477       3.825       3.898       4.018
    NA               1.407       1.479       1.516       1.709       1.911       1.956       2.023

 Intercepts
    PER_SELF         1.179       1.260       1.296       1.490       1.690       1.731       1.800
    SPA_PR           0.325       0.391       0.429       0.609       0.811       0.868       0.929
    SNA_PR           0.013       0.133       0.201       0.538       1.209       1.440       1.816

 Variances
    PA               1.000       1.000       1.000       1.000       1.000       1.000       1.000
    NA               1.000       1.000       1.000       1.000       1.000       1.000       1.000

 Residual Variances
    PER_SELF         0.960       0.974       0.980       0.997       1.000       1.000       1.000
    SPA_PR           0.941       0.960       0.971       0.996       1.000       1.000       1.000
    SNA_PR           0.738       0.845       0.880       0.985       1.000       1.000       1.000


STD Standardization

                  Lower .5%  Lower 2.5%    Lower 5%    Estimate    Upper 5%  Upper 2.5%   Upper .5%

Within Level

 PA       ON
    PA&1             0.000       0.000       0.000       0.000       0.000       0.000       0.000

 NA       ON
    NA&1             0.000       0.000       0.000       0.000       0.000       0.000       0.000

 PER_SELF WITH
    PA               0.000       0.000       0.000       0.000       0.000       0.000       0.000
    NA               0.000       0.000       0.000       0.000       0.000       0.000       0.000

 NA       WITH
    PA               0.000     -65.551       0.000     -62.275       0.000     -59.042       0.000

 Residual Variances
    PER_SELF         0.000     303.172       0.000     314.550       0.000     325.420       0.000
    PA               0.000     196.124       0.000     202.284       0.000     208.691       0.000
    NA               0.000      88.981       0.000      91.834       0.000      94.582       0.000

Between Level

 SPA_PR   ON
    ANHEDONIA       -0.021      -0.014      -0.011       0.008       0.027       0.031       0.038

 SNA_PR   ON
    ANHEDONIA       -0.040      -0.027      -0.020       0.016       0.054       0.062       0.081

 PER_SELF ON
    ANHEDONIA       -0.485      -0.387      -0.341      -0.112       0.106       0.147       0.231

 Means
    PA              40.996      41.758      42.168      43.783      45.433      45.830      46.399
    NA              13.377      13.820      14.021      15.144      16.273      16.499      16.819

 Intercepts
    PER_SELF        18.979      20.006      20.415      22.366      24.396      24.787      25.841
    SPA_PR           0.325       0.391       0.429       0.609       0.811       0.868       0.929
    SNA_PR           0.013       0.133       0.201       0.538       1.209       1.440       1.816

 Variances
    PA             121.478     127.909     132.645     158.934     193.729     201.636     222.348
    NA              59.744      63.377      65.163      78.663      95.334      99.383     107.210

 Residual Variances
    PER_SELF       166.478     180.308     186.598     224.215     274.604     286.328     321.792
    SPA_PR           0.941       0.960       0.971       0.996       1.000       1.000       1.000
    SNA_PR           0.738       0.845       0.880       0.985       1.000       1.000       1.000


TECHNICAL 1 OUTPUT


     PARAMETER SPECIFICATION FOR WITHIN


           NU
              PER_SELF      PA            NA            PA&1          NA&1
              ________      ________      ________      ________      ________
                    0             0             0             0             0


           LAMBDA
              PER_SELF      PA            NA            PA&1          NA&1
              ________      ________      ________      ________      ________
 PER_SELF           0             0             0             0             0
 PA                 0             0             0             0             0
 NA                 0             0             0             0             0
 PA&1               0             0             0             0             0
 NA&1               0             0             0             0             0


           THETA
              PER_SELF      PA            NA            PA&1          NA&1
              ________      ________      ________      ________      ________
 PER_SELF           0
 PA                 0             0
 NA                 0             0             0
 PA&1               0             0             0             0
 NA&1               0             0             0             0             0


           ALPHA
              PER_SELF      PA            NA            PA&1          NA&1
              ________      ________      ________      ________      ________
                    0             0             0             0             0


           BETA
              PER_SELF      PA            NA            PA&1          NA&1
              ________      ________      ________      ________      ________
 PER_SELF           0             0             0             0             0
 PA                 0             0             0             0             0
 NA                 0             0             0             0             0
 PA&1               0             0             0             0             0
 NA&1               0             0             0             0             0


           PSI
              PER_SELF      PA            NA            PA&1          NA&1
              ________      ________      ________      ________      ________
 PER_SELF           1
 PA                 0             2
 NA                 0             3             4
 PA&1               0             0             0             0
 NA&1               0             0             0             0             0


     PARAMETER SPECIFICATION FOR BETWEEN


           NU
              PER_SELF      PA            NA            ANHEDONI
              ________      ________      ________      ________
                    0             0             0             0


           LAMBDA
              SPA_PR        SNA_PR        PER_SELF      PA            NA
              ________      ________      ________      ________      ________
 PER_SELF           0             0             0             0             0
 PA                 0             0             0             0             0
 NA                 0             0             0             0             0
 ANHEDONI           0             0             0             0             0


           LAMBDA
              ANHEDONI
              ________
 PER_SELF           0
 PA                 0
 NA                 0
 ANHEDONI           0


           THETA
              PER_SELF      PA            NA            ANHEDONI
              ________      ________      ________      ________
 PER_SELF           0
 PA                 0             0
 NA                 0             0             0
 ANHEDONI           0             0             0             0


           ALPHA
              SPA_PR        SNA_PR        PER_SELF      PA            NA
              ________      ________      ________      ________      ________
                    5             6             7             8             9


           ALPHA
              ANHEDONI
              ________
                    0


           BETA
              SPA_PR        SNA_PR        PER_SELF      PA            NA
              ________      ________      ________      ________      ________
 SPA_PR             0             0             0             0             0
 SNA_PR             0             0             0             0             0
 PER_SELF           0             0             0             0             0
 PA                 0             0             0             0             0
 NA                 0             0             0             0             0
 ANHEDONI           0             0             0             0             0


           BETA
              ANHEDONI
              ________
 SPA_PR            10
 SNA_PR            11
 PER_SELF          12
 PA                 0
 NA                 0
 ANHEDONI           0


           PSI
              SPA_PR        SNA_PR        PER_SELF      PA            NA
              ________      ________      ________      ________      ________
 SPA_PR            13
 SNA_PR             0            14
 PER_SELF           0             0            15
 PA                 0             0             0            16
 NA                 0             0             0             0            17
 ANHEDONI           0             0             0             0             0


           PSI
              ANHEDONI
              ________
 ANHEDONI           0


     STARTING VALUES FOR WITHIN


           NU
              PER_SELF      PA            NA            PA&1          NA&1
              ________      ________      ________      ________      ________
                0.000         0.000         0.000         0.000         0.000


           LAMBDA
              PER_SELF      PA            NA            PA&1          NA&1
              ________      ________      ________      ________      ________
 PER_SELF       1.000         0.000         0.000         0.000         0.000
 PA             0.000         1.000         0.000         0.000         0.000
 NA             0.000         0.000         1.000         0.000         0.000
 PA&1           0.000         0.000         0.000         1.000         0.000
 NA&1           0.000         0.000         0.000         0.000         1.000


           THETA
              PER_SELF      PA            NA            PA&1          NA&1
              ________      ________      ________      ________      ________
 PER_SELF       0.000
 PA             0.000         0.000
 NA             0.000         0.000         0.000
 PA&1           0.000         0.000         0.000         0.000
 NA&1           0.000         0.000         0.000         0.000         0.000


           ALPHA
              PER_SELF      PA            NA            PA&1          NA&1
              ________      ________      ________      ________      ________
                0.000         0.000         0.000         0.000         0.000


           BETA
              PER_SELF      PA            NA            PA&1          NA&1
              ________      ________      ________      ________      ________
 PER_SELF       0.000         0.000         0.000         0.000         0.000
 PA             0.000         0.000         0.000         0.000         0.000
 NA             0.000         0.000         0.000         0.000         0.000
 PA&1           0.000         0.000         0.000         0.000         0.000
 NA&1           0.000         0.000         0.000         0.000         0.000


           PSI
              PER_SELF      PA            NA            PA&1          NA&1
              ________      ________      ________      ________      ________
 PER_SELF     280.109
 PA             0.000       176.839
 NA             0.000         0.000        82.455
 PA&1           0.000         0.000         0.000       176.900
 NA&1           0.000         0.000         0.000         0.000        82.346


     STARTING VALUES FOR BETWEEN


           NU
              PER_SELF      PA            NA            ANHEDONI
              ________      ________      ________      ________
                0.000         0.000         0.000         0.000


           LAMBDA
              SPA_PR        SNA_PR        PER_SELF      PA            NA
              ________      ________      ________      ________      ________
 PER_SELF       0.000         0.000         1.000         0.000         0.000
 PA             0.000         0.000         0.000         1.000         0.000
 NA             0.000         0.000         0.000         0.000         1.000
 ANHEDONI       0.000         0.000         0.000         0.000         0.000


           LAMBDA
              ANHEDONI
              ________
 PER_SELF       0.000
 PA             0.000
 NA             0.000
 ANHEDONI       1.000


           THETA
              PER_SELF      PA            NA            ANHEDONI
              ________      ________      ________      ________
 PER_SELF       0.000
 PA             0.000         0.000
 NA             0.000         0.000         0.000
 ANHEDONI       0.000         0.000         0.000         0.000


           ALPHA
              SPA_PR        SNA_PR        PER_SELF      PA            NA
              ________      ________      ________      ________      ________
                0.000         0.000        22.518        43.655        14.975


           ALPHA
              ANHEDONI
              ________
                0.000


           BETA
              SPA_PR        SNA_PR        PER_SELF      PA            NA
              ________      ________      ________      ________      ________
 SPA_PR         0.000         0.000         0.000         0.000         0.000
 SNA_PR         0.000         0.000         0.000         0.000         0.000
 PER_SELF       0.000         0.000         0.000         0.000         0.000
 PA             0.000         0.000         0.000         0.000         0.000
 NA             0.000         0.000         0.000         0.000         0.000
 ANHEDONI       0.000         0.000         0.000         0.000         0.000


           BETA
              ANHEDONI
              ________
 SPA_PR         0.000
 SNA_PR         0.000
 PER_SELF       0.000
 PA             0.000
 NA             0.000
 ANHEDONI       0.000


           PSI
              SPA_PR        SNA_PR        PER_SELF      PA            NA
              ________      ________      ________      ________      ________
 SPA_PR         1.000
 SNA_PR         0.000         1.000
 PER_SELF       0.000         0.000       280.109
 PA             0.000         0.000         0.000       176.839
 NA             0.000         0.000         0.000         0.000        82.455
 ANHEDONI       0.000         0.000         0.000         0.000         0.000


           PSI
              ANHEDONI
              ________
 ANHEDONI      40.163



     PRIORS FOR ALL PARAMETERS            PRIOR MEAN      PRIOR VARIANCE     PRIOR STD. DEV.

     Parameter 1~IG(-1.000,0.000)          infinity            infinity            infinity
     Parameter 2~IW(0.000,-3)              infinity            infinity            infinity
     Parameter 3~IW(0.000,-3)              infinity            infinity            infinity
     Parameter 4~IW(0.000,-3)              infinity            infinity            infinity
     Parameter 5~N(0.000,infinity)           0.0000            infinity            infinity
     Parameter 6~N(0.000,infinity)           0.0000            infinity            infinity
     Parameter 7~N(0.000,infinity)           0.0000            infinity            infinity
     Parameter 8~N(0.000,infinity)           0.0000            infinity            infinity
     Parameter 9~N(0.000,infinity)           0.0000            infinity            infinity
     Parameter 10~N(0.000,infinity)          0.0000            infinity            infinity
     Parameter 11~N(0.000,infinity)          0.0000            infinity            infinity
     Parameter 12~N(0.000,infinity)          0.0000            infinity            infinity
     Parameter 13~IG(-1.000,0.000)         infinity            infinity            infinity
     Parameter 14~IG(-1.000,0.000)         infinity            infinity            infinity
     Parameter 15~IG(-1.000,0.000)         infinity            infinity            infinity
     Parameter 16~IG(-1.000,0.000)         infinity            infinity            infinity
     Parameter 17~IG(-1.000,0.000)         infinity            infinity            infinity


TECHNICAL 8 OUTPUT


   TECHNICAL 8 OUTPUT FOR BAYES ESTIMATION

     PROCESSOR    BSEED
     1            0
     2            285380
     3            253358
     4            93468
     5            608496
     6            903420
     7            195873
     8            462953
     9            939021
     10           127215
     11           415931
     12           533738
     13           107446
     14           399671
     15           650371
     16           27071

                     POTENTIAL       PARAMETER WITH
     ITERATION    SCALE REDUCTION      HIGHEST PSR
     100              1.290               14
     200              1.082               6
     300              1.059               6
     400              1.069               14
     500              1.306               14
     600              1.069               14
     700              1.038               6
     800              1.021               6
     900              1.007               11
     1000             1.006               11
     1100             1.013               6
     1200             1.054               14
     1300             1.117               14
     1400             1.146               14
     1500             1.134               14
     1600             1.101               14
     1700             1.087               14
     1800             1.090               14
     1900             1.175               14
     2000             1.142               14
     2100             1.102               14
     2200             1.057               14
     2300             1.042               14
     2400             1.010               14
     2500             1.005               11


PLOT INFORMATION

The following plots are available:

  Histograms (sample values)
  Scatterplots (sample values)
  Between-level histograms (sample values, sample means/variances)
  Between-level scatterplots (sample values, sample means/variances)
  Time series plots (sample values, ACF, PACF)
  Histogram of subjects per time point
  Time interval plots
  Bayesian posterior parameter distributions
  Bayesian posterior parameter trace plots
  Bayesian autocorrelation plots

     Beginning Time:  22:51:20
        Ending Time:  22:52:44
       Elapsed Time:  00:01:24



MUTHEN & MUTHEN
3463 Stoner Ave.
Los Angeles, CA  90066

Tel: (310) 391-9971
Fax: (310) 391-8971
Web: www.StatModel.com
Support: Support@StatModel.com

Copyright (c) 1998-2022 Muthen & Muthen
