Mplus VERSION 8.8
MUTHEN & MUTHEN
08/25/2023   9:18 PM

INPUT INSTRUCTIONS


  DATA:
  FILE IS data12.dat;

  VARIABLE:   NAMES =
  	    Eth_ID Time Time_between Time_inc
  	    PA_enth NA_irri NA_verv PA_tevr PA_ener
       	    PA_kalm NA_nerv PA_daadk NA_verdr
  	    PA_vrol NA_boos PA_dankb NA_somb PER_att
      	    PER_refl PER_self PER_expr PER_damp
  	    PER_codamp PER_capit Sample age_yr gesl BDI
      	    Measures_valid BDI_anh Anhedonia
   	    BDI_sum PA NA day compliance;

              USEVARIABLES are PER_damp PA NA Anhedonia;
              MISSING is .;
              within = ;
              between = Anhedonia;
              cluster = Eth_ID;
              lagged= PA NA(1);
              tinterval=Time_inc (150);

  DEFINE:     CENTER Anhedonia (grandmean);

  ANALYSIS:   type = twolevel random;
              estimator = Bayes;
              biterations=(2000);
  !            bconvergence=0.005;
              thin=2;
              PROCESSORS=16;
  MODEL:
  %WITHIN%
  sPA_PR | PER_damp on PA&1;
  sNA_PR | PER_damp on NA&1;
  PA on PA&1@0;
  NA on NA&1@0;
  PER_damp with PA@0;
  PER_damp with NA@0;

  %between%
  sPA_PR sNA_PR on Anhedonia;
  PER_damp on Anhedonia;


  OUTPUT: standardized tech1 tech8 cinterval patterns;
  PLOT: TYPE = PLOT3;



*** WARNING in VARIABLE command
  Note that only the first 8 characters of variable names are used in the output.
  Shorten variable names to avoid any confusion.
*** WARNING in MODEL command
  A y-variable has been declared on the within level but not referred to on
  the between level.  Please check that this is what is intended.  If this is not intended,
  specify the variable as a within variable.  Problem with:  PA
*** WARNING in MODEL command
  A y-variable has been declared on the within level but not referred to on
  the between level.  Please check that this is what is intended.  If this is not intended,
  specify the variable as a within variable.  Problem with:  NA
*** WARNING in PLOT command
  Note that only the first 8 characters of variable names are used in plots.
  If variable names are not unique within the first 8 characters, problems
  may occur.
*** WARNING
  One or more individual-level variables have no variation within a
  cluster for the following clusters.

     Variable   Cluster IDs with no within-cluster variation

      PER_DAMP    82 71 148 165 127 177 180

*** WARNING
  Data set contains cases with missing on all variables.  Cases that appeared before the first
  case with observed data and that appeared after the last case with observed data were not
  included in the analysis.  Number of deleted cases:  679
   6 WARNING(S) FOUND IN THE INPUT INSTRUCTIONS




SUMMARY OF ANALYSIS

Number of groups                                                 1
Number of observations                                       20160

Number of dependent variables                                    3
Number of independent variables                                  3
Number of continuous latent variables                            2

Observed dependent variables

  Continuous
   PER_DAMP    PA          NA

Observed independent variables
   ANHEDONI    PA&1        NA&1

Continuous latent variables
   SPA_PR      SNA_PR

Variables with special functions

  Cluster variable      ETH_ID

  Within variables
   PA&1        NA&1

  Between variables
   ANHEDONI

  Centering (GRANDMEAN)
   ANHEDONI


Estimator                                                    BAYES
Specifications for Bayesian Estimation
  Point estimate                                            MEDIAN
  Number of Markov chain Monte Carlo (MCMC) chains               2
  Random seed for the first chain                                0
  Starting value information                           UNPERTURBED
  Algorithm used for Markov chain Monte Carlo           GIBBS(PX1)
  Convergence criterion                                  0.500D-01
  Maximum number of iterations                               50000
  K-th iteration used for thinning                               2

Input data file(s)
  data12.dat
Input data format  FREE


SUMMARY OF DATA

     Number of clusters                        159

       Size (s)    Cluster ID with Size s

         56        28
         80        82
         84        87
         88        72
         97        34
        101        10
        105        52
        108        119
        111        36
        113        182
        115        89 131
        116        15 188 75 77
        117        11
        118        16 66 49 57 195
        119        197 71 48 149 50 92 38 186 163 106
        120        55 168 7 108 148 192 61 98 165
        122        174
        123        127
        124        161 117 103 51
        125        53 54 13 40 44 88 30 68 100 93 105 112 123 73
        126        107 172 173 102 65 109 111 80 76 120
        127        70 177 133 62 139 118 110 25 115 67 46 104 178 126 193
                   32 86 198 147
        128        43 153 59 156 96 180 18 5
        129        141 144 125 3 185 146 135 190 187 39 137 116 69
        130        138 166 97 14
        133        191
        134        2
        135        194 63 60 183 201 200
        136        26 56
        137        95 4 9 22 19 42
        138        132 29 94
        139        45 74 35 37 84 21 79 145 114
        142        27
        143        179
        144        170 24 171
        145        1 124 162 20
        146        151 6 167
        147        142 31
        148        159 176



SUMMARY OF MISSING DATA PATTERNS

     Number of missing data patterns            13


     MISSING DATA PATTERNS (x = not missing)

           1  2  3  4  5  6  7  8  9 10 11 12 13
 PER_DAMP  x  x              x     x     x     x
 PA        x  x        x  x     x  x     x  x
 NA        x  x        x  x        x  x  x
 PA&1      x     x        x  x     x        x
 NA&1      x     x        x  x           x  x
 ANHEDONI  x  x  x  x  x  x  x  x  x  x  x  x  x


     MISSING DATA PATTERN FREQUENCIES

    Pattern   Frequency     Pattern   Frequency     Pattern   Frequency
          1        4880           6          57          11           1
          2        3214           7           3          12           1
          3        3121           8           5          13           1
          4        8808           9           6
          5          62          10           1


COVARIANCE COVERAGE OF DATA

Minimum covariance coverage value   0.100


     PROPORTION OF DATA PRESENT


           Covariance Coverage
              PER_DAMP      PA            NA            ANHEDONI
              ________      ________      ________      ________
 PER_DAMP       0.402
 PA             0.402         0.408
 NA             0.402         0.408         0.408
 ANHEDONI       0.402         0.408         0.408         1.000



UNIVARIATE SAMPLE STATISTICS


     UNIVARIATE HIGHER-ORDER MOMENT DESCRIPTIVE STATISTICS

         Variable/         Mean/     Skewness/   Minimum/ % with                Percentiles
        Sample Size      Variance    Kurtosis    Maximum  Min/Max      20%/60%    40%/80%    Median

     PER_DAMP             11.539       2.123       0.000   22.73%       0.000      5.000      7.000
            8105.000     221.235       4.572      91.000    0.01%       9.000     17.000
     PA                   45.572      -0.010       0.000    0.29%      30.857     41.571     46.143
            8226.000     302.012      -0.210     100.000    0.07%      50.286     60.286
     NA                   15.612       1.288       0.000    7.51%       5.200      9.600     12.200
            8221.000     169.530       1.589      84.200    0.01%      15.200     24.400
     ANHEDONIA             0.000       0.630     -18.380    0.63%      -7.330     -2.924     -0.934
             159.000      79.008       0.606      29.966    0.63%       1.234      6.118


THE MODEL ESTIMATION TERMINATED NORMALLY

     USE THE FBITERATIONS OPTION TO INCREASE THE NUMBER OF ITERATIONS BY A FACTOR
     OF AT LEAST TWO TO CHECK CONVERGENCE AND THAT THE PSR VALUE DOES NOT INCREASE.



MODEL FIT INFORMATION

Number of Free Parameters                              17

Information Criteria

          Deviance (DIC)                       491675.641
          Estimated Number of Parameters (pD)   36304.160



MODEL RESULTS

                                Posterior  One-Tailed         95% C.I.
                    Estimate       S.D.      P-Value   Lower 2.5%  Upper 2.5%  Significance

Within Level

 PA         ON
    PA&1               0.000       0.000      1.000       0.000       0.000

 NA         ON
    NA&1               0.000       0.000      1.000       0.000       0.000

 PER_DAMP WITH
    PA                 0.000       0.000      1.000       0.000       0.000
    NA                 0.000       0.000      1.000       0.000       0.000

 NA       WITH
    PA               -65.378       1.721      0.000     -68.877     -62.155      *

 Residual Variances
    PER_DAMP          95.769       1.770      0.000      92.500      99.405      *
    PA               172.866       2.784      0.000     167.579     178.376      *
    NA               103.063       1.623      0.000     100.080     106.450      *

Between Level

 SPA_PR     ON
    ANHEDONIA          0.002       0.003      0.254      -0.003       0.007

 SNA_PR     ON
    ANHEDONIA          0.006       0.003      0.032       0.000       0.012

 PER_DAMP   ON
    ANHEDONIA          0.074       0.095      0.208      -0.115       0.261

 Means
    PA                45.683       0.941      0.000      43.881      47.531      *
    NA                15.771       0.700      0.000      14.418      17.134      *

 Intercepts
    PER_DAMP          11.637       0.851      0.000       9.996      13.328      *
    SPA_PR             0.017       0.025      0.240      -0.030       0.064
    SNA_PR             0.140       0.031      0.000       0.081       0.201      *

 Variances
    PA               137.033      16.632      0.000     109.130     173.938      *
    NA                73.486       8.624      0.000      58.641      92.360      *

 Residual Variances
    PER_DAMP         113.231      13.578      0.000      89.072     144.395      *
    SPA_PR             0.057       0.010      0.000       0.040       0.079      *
    SNA_PR             0.089       0.015      0.000       0.063       0.124      *


STANDARDIZED MODEL RESULTS


STDYX Standardization

                                Posterior  One-Tailed         95% C.I.
                    Estimate       S.D.      P-Value   Lower 2.5%  Upper 2.5%  Significance

Within-Level Standardized Estimates Averaged Over Clusters

 SPA_PR | PER_DAMP ON
    PA&1               0.026       0.018      0.076      -0.008       0.061

 SNA_PR | PER_DAMP ON
    NA&1               0.123       0.017      0.000       0.088       0.156      *

 PA         ON
    PA&1               0.000       0.000      1.000       0.000       0.000

 NA         ON
    NA&1               0.000       0.000      1.000       0.000       0.000

 PER_DAMP WITH
    PA                 0.000       0.000      1.000       0.000       0.000
    NA                 0.000       0.000      1.000       0.000       0.000

 NA       WITH
    PA                -0.490       0.009      0.000      -0.508      -0.473      *

 Residual Variances
    PER_DAMP           0.868       0.007      0.000       0.853       0.882      *
    PA                 1.000       0.000      0.000       1.000       1.000
    NA                 1.000       0.000      0.000       1.000       1.000

Between Level

 SPA_PR     ON
    ANHEDONIA          0.048       0.072      0.254      -0.084       0.188

 SNA_PR     ON
    ANHEDONIA          0.124       0.067      0.032      -0.009       0.250

 PER_DAMP   ON
    ANHEDONIA          0.045       0.056      0.208      -0.068       0.156

 Means
    PA                 3.902       0.248      0.000       3.443       4.395      *
    NA                 1.840       0.134      0.000       1.575       2.105      *

 Intercepts
    PER_DAMP           1.091       0.102      0.000       0.891       1.295      *
    SPA_PR             0.071       0.104      0.240      -0.125       0.270
    SNA_PR             0.463       0.110      0.000       0.262       0.685      *

 Variances
    PA                 1.000       0.000      0.000       1.000       1.000
    NA                 1.000       0.000      0.000       1.000       1.000

 Residual Variances
    PER_DAMP           0.997       0.007      0.000       0.976       1.000      *
    SPA_PR             0.997       0.011      0.000       0.964       1.000      *
    SNA_PR             0.985       0.017      0.000       0.937       1.000      *


STDY Standardization

                                Posterior  One-Tailed         95% C.I.
                    Estimate       S.D.      P-Value   Lower 2.5%  Upper 2.5%  Significance

Within-Level Standardized Estimates Averaged Over Clusters

 SPA_PR | PER_DAMP ON
    PA&1               0.002       0.001      0.076      -0.001       0.005

 SNA_PR | PER_DAMP ON
    NA&1               0.012       0.002      0.000       0.009       0.015      *

 PA         ON
    PA&1               0.000       0.000      1.000       0.000       0.000

 NA         ON
    NA&1               0.000       0.000      1.000       0.000       0.000

 PER_DAMP WITH
    PA                 0.000       0.000      1.000       0.000       0.000
    NA                 0.000       0.000      1.000       0.000       0.000

 NA       WITH
    PA                -0.490       0.009      0.000      -0.508      -0.473      *

 Residual Variances
    PER_DAMP           0.868       0.007      0.000       0.853       0.882      *
    PA                 1.000       0.000      0.000       1.000       1.000
    NA                 1.000       0.000      0.000       1.000       1.000

Between Level

 SPA_PR     ON
    ANHEDONIA          0.008       0.011      0.254      -0.013       0.030

 SNA_PR     ON
    ANHEDONIA          0.020       0.010      0.032      -0.001       0.039

 PER_DAMP   ON
    ANHEDONIA          0.007       0.009      0.208      -0.011       0.025

 Means
    PA                 3.902       0.248      0.000       3.443       4.395      *
    NA                 1.840       0.134      0.000       1.575       2.105      *

 Intercepts
    PER_DAMP           1.091       0.102      0.000       0.891       1.295      *
    SPA_PR             0.071       0.104      0.240      -0.125       0.270
    SNA_PR             0.463       0.110      0.000       0.262       0.685      *

 Variances
    PA                 1.000       0.000      0.000       1.000       1.000
    NA                 1.000       0.000      0.000       1.000       1.000

 Residual Variances
    PER_DAMP           0.997       0.007      0.000       0.976       1.000      *
    SPA_PR             0.997       0.011      0.000       0.964       1.000      *
    SNA_PR             0.985       0.017      0.000       0.937       1.000      *


STD Standardization

                                Posterior  One-Tailed         95% C.I.
                    Estimate       S.D.      P-Value   Lower 2.5%  Upper 2.5%  Significance

Within-Level Standardized Estimates Averaged Over Clusters

 SPA_PR | PER_DAMP ON
    PA&1               0.017       0.015      0.126      -0.013       0.047

 SNA_PR | PER_DAMP ON
    NA&1               0.140       0.019      0.000       0.103       0.176      *

 PA         ON
    PA&1               0.000       0.000      1.000       0.000       0.000

 NA         ON
    NA&1               0.000       0.000      1.000       0.000       0.000

 PER_DAMP WITH
    PA                 0.000       0.000      1.000       0.000       0.000
    NA                 0.000       0.000      1.000       0.000       0.000

 NA       WITH
    PA               -65.378       1.721      0.000     -68.877     -62.155      *

 Residual Variances
    PER_DAMP          95.769       1.770      0.000      92.500      99.405      *
    PA               172.866       2.784      0.000     167.579     178.376      *
    NA               103.063       1.623      0.000     100.080     106.450      *

Between Level

 SPA_PR     ON
    ANHEDONIA          0.008       0.011      0.254      -0.013       0.030

 SNA_PR     ON
    ANHEDONIA          0.020       0.010      0.032      -0.001       0.039

 PER_DAMP   ON
    ANHEDONIA          0.074       0.095      0.208      -0.115       0.261

 Means
    PA                45.683       0.941      0.000      43.881      47.531      *
    NA                15.771       0.700      0.000      14.418      17.134      *

 Intercepts
    PER_DAMP          11.637       0.851      0.000       9.996      13.328      *
    SPA_PR             0.071       0.104      0.240      -0.125       0.270
    SNA_PR             0.463       0.110      0.000       0.262       0.685      *

 Variances
    PA               137.033      16.632      0.000     109.130     173.938      *
    NA                73.486       8.624      0.000      58.641      92.360      *

 Residual Variances
    PER_DAMP         113.231      13.578      0.000      89.072     144.395      *
    SPA_PR             0.997       0.011      0.000       0.964       1.000      *
    SNA_PR             0.985       0.017      0.000       0.937       1.000      *


R-SQUARE

Within-Level R-Square Averaged Across Clusters

                                Posterior  One-Tailed         95% C.I.
    Variable        Estimate       S.D.      P-Value   Lower 2.5%  Upper 2.5%

    PER_DAMP           0.132       0.007      0.000       0.118       0.147
    PA                 0.000       0.000      1.000       0.000       0.000
    NA                 0.000       0.000      1.000       0.000       0.000

Between Level

                                Posterior  One-Tailed         95% C.I.
    Variable        Estimate       S.D.      P-Value   Lower 2.5%  Upper 2.5%

    PER_DAMP           0.003       0.007      0.000       0.000       0.024

                                Posterior  One-Tailed         95% C.I.
    Variable        Estimate       S.D.      P-Value   Lower 2.5%  Upper 2.5%

    SPA_PR             0.003       0.011      0.000       0.000       0.036
    SNA_PR             0.015       0.017      0.000       0.000       0.062


CREDIBILITY INTERVALS OF MODEL RESULTS

                  Lower .5%  Lower 2.5%    Lower 5%    Estimate    Upper 5%  Upper 2.5%   Upper .5%

Within Level

 PA       ON
    PA&1             0.000       0.000       0.000       0.000       0.000       0.000       0.000

 NA       ON
    NA&1             0.000       0.000       0.000       0.000       0.000       0.000       0.000

 PER_DAMP WITH
    PA               0.000       0.000       0.000       0.000       0.000       0.000       0.000
    NA               0.000       0.000       0.000       0.000       0.000       0.000       0.000

 NA       WITH
    PA             -69.924     -68.877     -68.332     -65.378     -62.680     -62.155     -61.219

 Residual Variances
    PER_DAMP        91.189      92.500      93.000      95.769      98.773      99.405     100.736
    PA             165.676     167.579     168.341     172.866     177.553     178.376     179.673
    NA              99.319     100.080     100.492     103.063     105.858     106.450     107.263

Between Level

 SPA_PR   ON
    ANHEDONIA       -0.005      -0.003      -0.002       0.002       0.006       0.007       0.010

 SNA_PR   ON
    ANHEDONIA       -0.002       0.000       0.001       0.006       0.011       0.012       0.014

 PER_DAMP ON
    ANHEDONIA       -0.174      -0.115      -0.087       0.074       0.230       0.261       0.320

 Means
    PA              43.096      43.881      44.183      45.683      47.278      47.531      47.973
    NA              13.935      14.418      14.611      15.771      16.887      17.134      17.563

 Intercepts
    PER_DAMP         9.461       9.996      10.296      11.637      13.089      13.328      13.800
    SPA_PR          -0.046      -0.030      -0.023       0.017       0.056       0.064       0.086
    SNA_PR           0.062       0.081       0.091       0.140       0.192       0.201       0.222

 Variances
    PA             100.213     109.130     113.094     137.033     167.219     173.938     186.182
    NA              54.729      58.641      60.956      73.486      89.182      92.360     100.929

 Residual Variances
    PER_DAMP        84.441      89.072      93.618     113.231     137.748     144.395     157.246
    SPA_PR           0.035       0.040       0.042       0.057       0.075       0.079       0.087
    SNA_PR           0.056       0.063       0.067       0.089       0.118       0.124       0.134


CREDIBILITY INTERVALS OF STANDARDIZED MODEL RESULTS


STDYX Standardization

                  Lower .5%  Lower 2.5%    Lower 5%    Estimate    Upper 5%  Upper 2.5%   Upper .5%

Within Level

 PA       ON
    PA&1             0.000       0.000       0.000       0.000       0.000       0.000       0.000

 NA       ON
    NA&1             0.000       0.000       0.000       0.000       0.000       0.000       0.000

 PER_DAMP WITH
    PA               0.000       0.000       0.000       0.000       0.000       0.000       0.000
    NA               0.000       0.000       0.000       0.000       0.000       0.000       0.000

 NA       WITH
    PA               0.000      -0.508       0.000      -0.490       0.000      -0.473       0.000

 Residual Variances
    PER_DAMP         0.000       0.853       0.000       0.868       0.000       0.882       0.000
    PA               0.000       1.000       0.000       1.000       0.000       1.000       0.000
    NA               0.000       1.000       0.000       1.000       0.000       1.000       0.000

Between Level

 SPA_PR   ON
    ANHEDONIA       -0.129      -0.084      -0.062       0.048       0.168       0.188       0.238

 SNA_PR   ON
    ANHEDONIA       -0.052      -0.009       0.014       0.124       0.229       0.250       0.293

 PER_DAMP ON
    ANHEDONIA       -0.103      -0.068      -0.052       0.045       0.135       0.156       0.182

 Means
    PA               3.298       3.443       3.506       3.902       4.330       4.395       4.576
    NA               1.501       1.575       1.620       1.840       2.065       2.105       2.179

 Intercepts
    PER_DAMP         0.838       0.891       0.926       1.091       1.258       1.295       1.355
    SPA_PR          -0.196      -0.125      -0.095       0.071       0.242       0.270       0.350
    SNA_PR           0.195       0.262       0.296       0.463       0.651       0.685       0.779

 Variances
    PA               1.000       1.000       1.000       1.000       1.000       1.000       1.000
    NA               1.000       1.000       1.000       1.000       1.000       1.000       1.000

 Residual Variances
    PER_DAMP         0.966       0.976       0.982       0.997       1.000       1.000       1.000
    SPA_PR           0.940       0.964       0.971       0.997       1.000       1.000       1.000
    SNA_PR           0.912       0.937       0.948       0.985       1.000       1.000       1.000


STDY Standardization

                  Lower .5%  Lower 2.5%    Lower 5%    Estimate    Upper 5%  Upper 2.5%   Upper .5%

Within Level

 PA       ON
    PA&1             0.000       0.000       0.000       0.000       0.000       0.000       0.000

 NA       ON
    NA&1             0.000       0.000       0.000       0.000       0.000       0.000       0.000

 PER_DAMP WITH
    PA               0.000       0.000       0.000       0.000       0.000       0.000       0.000
    NA               0.000       0.000       0.000       0.000       0.000       0.000       0.000

 NA       WITH
    PA               0.000      -0.508       0.000      -0.490       0.000      -0.473       0.000

 Residual Variances
    PER_DAMP         0.000       0.853       0.000       0.868       0.000       0.882       0.000
    PA               0.000       1.000       0.000       1.000       0.000       1.000       0.000
    NA               0.000       1.000       0.000       1.000       0.000       1.000       0.000

Between Level

 SPA_PR   ON
    ANHEDONIA       -0.020      -0.013      -0.010       0.008       0.027       0.030       0.038

 SNA_PR   ON
    ANHEDONIA       -0.008      -0.001       0.002       0.020       0.036       0.039       0.046

 PER_DAMP ON
    ANHEDONIA       -0.016      -0.011      -0.008       0.007       0.021       0.025       0.029

 Means
    PA               3.298       3.443       3.506       3.902       4.330       4.395       4.576
    NA               1.501       1.575       1.620       1.840       2.065       2.105       2.179

 Intercepts
    PER_DAMP         0.838       0.891       0.926       1.091       1.258       1.295       1.355
    SPA_PR          -0.196      -0.125      -0.095       0.071       0.242       0.270       0.350
    SNA_PR           0.195       0.262       0.296       0.463       0.651       0.685       0.779

 Variances
    PA               1.000       1.000       1.000       1.000       1.000       1.000       1.000
    NA               1.000       1.000       1.000       1.000       1.000       1.000       1.000

 Residual Variances
    PER_DAMP         0.966       0.976       0.982       0.997       1.000       1.000       1.000
    SPA_PR           0.940       0.964       0.971       0.997       1.000       1.000       1.000
    SNA_PR           0.912       0.937       0.948       0.985       1.000       1.000       1.000


STD Standardization

                  Lower .5%  Lower 2.5%    Lower 5%    Estimate    Upper 5%  Upper 2.5%   Upper .5%

Within Level

 PA       ON
    PA&1             0.000       0.000       0.000       0.000       0.000       0.000       0.000

 NA       ON
    NA&1             0.000       0.000       0.000       0.000       0.000       0.000       0.000

 PER_DAMP WITH
    PA               0.000       0.000       0.000       0.000       0.000       0.000       0.000
    NA               0.000       0.000       0.000       0.000       0.000       0.000       0.000

 NA       WITH
    PA               0.000     -68.877       0.000     -65.378       0.000     -62.155       0.000

 Residual Variances
    PER_DAMP         0.000      92.500       0.000      95.769       0.000      99.405       0.000
    PA               0.000     167.579       0.000     172.866       0.000     178.376       0.000
    NA               0.000     100.080       0.000     103.063       0.000     106.450       0.000

Between Level

 SPA_PR   ON
    ANHEDONIA       -0.020      -0.013      -0.010       0.008       0.027       0.030       0.038

 SNA_PR   ON
    ANHEDONIA       -0.008      -0.001       0.002       0.020       0.036       0.039       0.046

 PER_DAMP ON
    ANHEDONIA       -0.174      -0.115      -0.087       0.074       0.230       0.261       0.320

 Means
    PA              43.096      43.881      44.183      45.683      47.278      47.531      47.973
    NA              13.935      14.418      14.611      15.771      16.887      17.134      17.563

 Intercepts
    PER_DAMP         9.461       9.996      10.296      11.637      13.089      13.328      13.800
    SPA_PR          -0.196      -0.125      -0.095       0.071       0.242       0.270       0.350
    SNA_PR           0.195       0.262       0.296       0.463       0.651       0.685       0.779

 Variances
    PA             100.213     109.130     113.094     137.033     167.219     173.938     186.182
    NA              54.729      58.641      60.956      73.486      89.182      92.360     100.929

 Residual Variances
    PER_DAMP        84.441      89.072      93.618     113.231     137.748     144.395     157.246
    SPA_PR           0.940       0.964       0.971       0.997       1.000       1.000       1.000
    SNA_PR           0.912       0.937       0.948       0.985       1.000       1.000       1.000


TECHNICAL 1 OUTPUT


     PARAMETER SPECIFICATION FOR WITHIN


           NU
              PER_DAMP      PA            NA            PA&1          NA&1
              ________      ________      ________      ________      ________
                    0             0             0             0             0


           LAMBDA
              PER_DAMP      PA            NA            PA&1          NA&1
              ________      ________      ________      ________      ________
 PER_DAMP           0             0             0             0             0
 PA                 0             0             0             0             0
 NA                 0             0             0             0             0
 PA&1               0             0             0             0             0
 NA&1               0             0             0             0             0


           THETA
              PER_DAMP      PA            NA            PA&1          NA&1
              ________      ________      ________      ________      ________
 PER_DAMP           0
 PA                 0             0
 NA                 0             0             0
 PA&1               0             0             0             0
 NA&1               0             0             0             0             0


           ALPHA
              PER_DAMP      PA            NA            PA&1          NA&1
              ________      ________      ________      ________      ________
                    0             0             0             0             0


           BETA
              PER_DAMP      PA            NA            PA&1          NA&1
              ________      ________      ________      ________      ________
 PER_DAMP           0             0             0             0             0
 PA                 0             0             0             0             0
 NA                 0             0             0             0             0
 PA&1               0             0             0             0             0
 NA&1               0             0             0             0             0


           PSI
              PER_DAMP      PA            NA            PA&1          NA&1
              ________      ________      ________      ________      ________
 PER_DAMP           1
 PA                 0             2
 NA                 0             3             4
 PA&1               0             0             0             0
 NA&1               0             0             0             0             0


     PARAMETER SPECIFICATION FOR BETWEEN


           NU
              PER_DAMP      PA            NA            ANHEDONI
              ________      ________      ________      ________
                    0             0             0             0


           LAMBDA
              SPA_PR        SNA_PR        PER_DAMP      PA            NA
              ________      ________      ________      ________      ________
 PER_DAMP           0             0             0             0             0
 PA                 0             0             0             0             0
 NA                 0             0             0             0             0
 ANHEDONI           0             0             0             0             0


           LAMBDA
              ANHEDONI
              ________
 PER_DAMP           0
 PA                 0
 NA                 0
 ANHEDONI           0


           THETA
              PER_DAMP      PA            NA            ANHEDONI
              ________      ________      ________      ________
 PER_DAMP           0
 PA                 0             0
 NA                 0             0             0
 ANHEDONI           0             0             0             0


           ALPHA
              SPA_PR        SNA_PR        PER_DAMP      PA            NA
              ________      ________      ________      ________      ________
                    5             6             7             8             9


           ALPHA
              ANHEDONI
              ________
                    0


           BETA
              SPA_PR        SNA_PR        PER_DAMP      PA            NA
              ________      ________      ________      ________      ________
 SPA_PR             0             0             0             0             0
 SNA_PR             0             0             0             0             0
 PER_DAMP           0             0             0             0             0
 PA                 0             0             0             0             0
 NA                 0             0             0             0             0
 ANHEDONI           0             0             0             0             0


           BETA
              ANHEDONI
              ________
 SPA_PR            10
 SNA_PR            11
 PER_DAMP          12
 PA                 0
 NA                 0
 ANHEDONI           0


           PSI
              SPA_PR        SNA_PR        PER_DAMP      PA            NA
              ________      ________      ________      ________      ________
 SPA_PR            13
 SNA_PR             0            14
 PER_DAMP           0             0            15
 PA                 0             0             0            16
 NA                 0             0             0             0            17
 ANHEDONI           0             0             0             0             0


           PSI
              ANHEDONI
              ________
 ANHEDONI           0


     STARTING VALUES FOR WITHIN


           NU
              PER_DAMP      PA            NA            PA&1          NA&1
              ________      ________      ________      ________      ________
                0.000         0.000         0.000         0.000         0.000


           LAMBDA
              PER_DAMP      PA            NA            PA&1          NA&1
              ________      ________      ________      ________      ________
 PER_DAMP       1.000         0.000         0.000         0.000         0.000
 PA             0.000         1.000         0.000         0.000         0.000
 NA             0.000         0.000         1.000         0.000         0.000
 PA&1           0.000         0.000         0.000         1.000         0.000
 NA&1           0.000         0.000         0.000         0.000         1.000


           THETA
              PER_DAMP      PA            NA            PA&1          NA&1
              ________      ________      ________      ________      ________
 PER_DAMP       0.000
 PA             0.000         0.000
 NA             0.000         0.000         0.000
 PA&1           0.000         0.000         0.000         0.000
 NA&1           0.000         0.000         0.000         0.000         0.000


           ALPHA
              PER_DAMP      PA            NA            PA&1          NA&1
              ________      ________      ________      ________      ________
                0.000         0.000         0.000         0.000         0.000


           BETA
              PER_DAMP      PA            NA            PA&1          NA&1
              ________      ________      ________      ________      ________
 PER_DAMP       0.000         0.000         0.000         0.000         0.000
 PA             0.000         0.000         0.000         0.000         0.000
 NA             0.000         0.000         0.000         0.000         0.000
 PA&1           0.000         0.000         0.000         0.000         0.000
 NA&1           0.000         0.000         0.000         0.000         0.000


           PSI
              PER_DAMP      PA            NA            PA&1          NA&1
              ________      ________      ________      ________      ________
 PER_DAMP     110.617
 PA             0.000       151.006
 NA             0.000         0.000        84.765
 PA&1           0.000         0.000         0.000       151.126
 NA&1           0.000         0.000         0.000         0.000        84.764


     STARTING VALUES FOR BETWEEN


           NU
              PER_DAMP      PA            NA            ANHEDONI
              ________      ________      ________      ________
                0.000         0.000         0.000         0.000


           LAMBDA
              SPA_PR        SNA_PR        PER_DAMP      PA            NA
              ________      ________      ________      ________      ________
 PER_DAMP       0.000         0.000         1.000         0.000         0.000
 PA             0.000         0.000         0.000         1.000         0.000
 NA             0.000         0.000         0.000         0.000         1.000
 ANHEDONI       0.000         0.000         0.000         0.000         0.000


           LAMBDA
              ANHEDONI
              ________
 PER_DAMP       0.000
 PA             0.000
 NA             0.000
 ANHEDONI       1.000


           THETA
              PER_DAMP      PA            NA            ANHEDONI
              ________      ________      ________      ________
 PER_DAMP       0.000
 PA             0.000         0.000
 NA             0.000         0.000         0.000
 ANHEDONI       0.000         0.000         0.000         0.000


           ALPHA
              SPA_PR        SNA_PR        PER_DAMP      PA            NA
              ________      ________      ________      ________      ________
                0.000         0.000        11.539        45.572        15.612


           ALPHA
              ANHEDONI
              ________
                0.000


           BETA
              SPA_PR        SNA_PR        PER_DAMP      PA            NA
              ________      ________      ________      ________      ________
 SPA_PR         0.000         0.000         0.000         0.000         0.000
 SNA_PR         0.000         0.000         0.000         0.000         0.000
 PER_DAMP       0.000         0.000         0.000         0.000         0.000
 PA             0.000         0.000         0.000         0.000         0.000
 NA             0.000         0.000         0.000         0.000         0.000
 ANHEDONI       0.000         0.000         0.000         0.000         0.000


           BETA
              ANHEDONI
              ________
 SPA_PR         0.000
 SNA_PR         0.000
 PER_DAMP       0.000
 PA             0.000
 NA             0.000
 ANHEDONI       0.000


           PSI
              SPA_PR        SNA_PR        PER_DAMP      PA            NA
              ________      ________      ________      ________      ________
 SPA_PR         1.000
 SNA_PR         0.000         1.000
 PER_DAMP       0.000         0.000       110.617
 PA             0.000         0.000         0.000       151.006
 NA             0.000         0.000         0.000         0.000        84.765
 ANHEDONI       0.000         0.000         0.000         0.000         0.000


           PSI
              ANHEDONI
              ________
 ANHEDONI      40.163



     PRIORS FOR ALL PARAMETERS            PRIOR MEAN      PRIOR VARIANCE     PRIOR STD. DEV.

     Parameter 1~IG(-1.000,0.000)          infinity            infinity            infinity
     Parameter 2~IW(0.000,-3)              infinity            infinity            infinity
     Parameter 3~IW(0.000,-3)              infinity            infinity            infinity
     Parameter 4~IW(0.000,-3)              infinity            infinity            infinity
     Parameter 5~N(0.000,infinity)           0.0000            infinity            infinity
     Parameter 6~N(0.000,infinity)           0.0000            infinity            infinity
     Parameter 7~N(0.000,infinity)           0.0000            infinity            infinity
     Parameter 8~N(0.000,infinity)           0.0000            infinity            infinity
     Parameter 9~N(0.000,infinity)           0.0000            infinity            infinity
     Parameter 10~N(0.000,infinity)          0.0000            infinity            infinity
     Parameter 11~N(0.000,infinity)          0.0000            infinity            infinity
     Parameter 12~N(0.000,infinity)          0.0000            infinity            infinity
     Parameter 13~IG(-1.000,0.000)         infinity            infinity            infinity
     Parameter 14~IG(-1.000,0.000)         infinity            infinity            infinity
     Parameter 15~IG(-1.000,0.000)         infinity            infinity            infinity
     Parameter 16~IG(-1.000,0.000)         infinity            infinity            infinity
     Parameter 17~IG(-1.000,0.000)         infinity            infinity            infinity


TECHNICAL 8 OUTPUT


   TECHNICAL 8 OUTPUT FOR BAYES ESTIMATION

     PROCESSOR    BSEED
     1            0
     2            285380
     3            253358
     4            93468
     5            608496
     6            903420
     7            195873
     8            462953
     9            939021
     10           127215
     11           415931
     12           533738
     13           107446
     14           399671
     15           650371
     16           27071

                     POTENTIAL       PARAMETER WITH
     ITERATION    SCALE REDUCTION      HIGHEST PSR
     100              1.179               1
     200              1.029               15
     300              1.033               15
     400              1.014               4
     500              1.012               6
     600              1.021               13
     700              1.006               2
     800              1.007               5
     900              1.014               13
     1000             1.027               13
     1100             1.018               1
     1200             1.027               1
     1300             1.035               1
     1400             1.027               1
     1500             1.020               1
     1600             1.017               1
     1700             1.011               1
     1800             1.005               2
     1900             1.014               13
     2000             1.013               13


PLOT INFORMATION

The following plots are available:

  Histograms (sample values)
  Scatterplots (sample values)
  Between-level histograms (sample values, sample means/variances)
  Between-level scatterplots (sample values, sample means/variances)
  Time series plots (sample values, ACF, PACF)
  Histogram of subjects per time point
  Time interval plots
  Bayesian posterior parameter distributions
  Bayesian posterior parameter trace plots
  Bayesian autocorrelation plots

     Beginning Time:  21:18:13
        Ending Time:  21:19:23
       Elapsed Time:  00:01:10



MUTHEN & MUTHEN
3463 Stoner Ave.
Los Angeles, CA  90066

Tel: (310) 391-9971
Fax: (310) 391-8971
Web: www.StatModel.com
Support: Support@StatModel.com

Copyright (c) 1998-2022 Muthen & Muthen
