Mplus VERSION 8.8
MUTHEN & MUTHEN
08/25/2023   9:29 PM

INPUT INSTRUCTIONS


  DATA:
  FILE IS data7.dat;

  VARIABLE:   NAMES =
  	    Eth_ID Time Time_between Time_inc
  	    PA_enth NA_irri NA_verv PA_tevr PA_ener
       	    PA_kalm NA_nerv PA_daadk NA_verdr
  	    PA_vrol NA_boos PA_dankb NA_somb PER_att
      	    PER_refl PER_self PER_expr PER_damp
  	    PER_codamp PER_capit Sample age_yr gesl BDI
      	    Measures_valid BDI_anh Anhedonia
   	    BDI_sum PA NA day compliance;

              USEVARIABLES are PER_damp PA NA Anhedonia;
              MISSING is .;
              within = ;
              between = Anhedonia;
              cluster = Eth_ID;
              lagged= PA NA(1);
              tinterval=Time_inc (150);

  DEFINE:     CENTER Anhedonia (grandmean);

  ANALYSIS:   type = twolevel random;
              estimator = Bayes;
              biterations=(2000);
  !            bconvergence=0.005;
              thin=2;
              PROCESSORS=16;
  MODEL:
  %WITHIN%
  sPA_PR | PER_damp on PA&1;
  sNA_PR | PER_damp on NA&1;
  PA on PA&1@0;
  NA on NA&1@0;
  PER_damp with PA@0;
  PER_damp with NA@0;

  %between%
  sPA_PR sNA_PR on Anhedonia;
  PER_damp on Anhedonia;


  OUTPUT: standardized tech1 tech8 cinterval patterns;
  PLOT: TYPE = PLOT3;



*** WARNING in VARIABLE command
  Note that only the first 8 characters of variable names are used in the output.
  Shorten variable names to avoid any confusion.
*** WARNING in MODEL command
  A y-variable has been declared on the within level but not referred to on
  the between level.  Please check that this is what is intended.  If this is not intended,
  specify the variable as a within variable.  Problem with:  PA
*** WARNING in MODEL command
  A y-variable has been declared on the within level but not referred to on
  the between level.  Please check that this is what is intended.  If this is not intended,
  specify the variable as a within variable.  Problem with:  NA
*** WARNING in PLOT command
  Note that only the first 8 characters of variable names are used in plots.
  If variable names are not unique within the first 8 characters, problems
  may occur.
*** WARNING
  One or more individual-level variables have no variation within a
  cluster for the following clusters.

     Variable   Cluster IDs with no within-cluster variation

      PER_DAMP    82 71 148 165 127 177 180

*** WARNING
  Data set contains cases with missing on all variables.  Cases that appeared before the first
  case with observed data and that appeared after the last case with observed data were not
  included in the analysis.  Number of deleted cases:  679
   6 WARNING(S) FOUND IN THE INPUT INSTRUCTIONS




SUMMARY OF ANALYSIS

Number of groups                                                 1
Number of observations                                       20160

Number of dependent variables                                    3
Number of independent variables                                  3
Number of continuous latent variables                            2

Observed dependent variables

  Continuous
   PER_DAMP    PA          NA

Observed independent variables
   ANHEDONI    PA&1        NA&1

Continuous latent variables
   SPA_PR      SNA_PR

Variables with special functions

  Cluster variable      ETH_ID

  Within variables
   PA&1        NA&1

  Between variables
   ANHEDONI

  Centering (GRANDMEAN)
   ANHEDONI


Estimator                                                    BAYES
Specifications for Bayesian Estimation
  Point estimate                                            MEDIAN
  Number of Markov chain Monte Carlo (MCMC) chains               2
  Random seed for the first chain                                0
  Starting value information                           UNPERTURBED
  Algorithm used for Markov chain Monte Carlo           GIBBS(PX1)
  Convergence criterion                                  0.500D-01
  Maximum number of iterations                               50000
  K-th iteration used for thinning                               2

Input data file(s)
  data7.dat
Input data format  FREE


SUMMARY OF DATA

     Number of clusters                        159

       Size (s)    Cluster ID with Size s

         56        28
         80        82
         84        87
         88        72
         97        34
        101        10
        105        52
        108        119
        111        36
        113        182
        115        89 131
        116        15 188 75 77
        117        11
        118        16 66 49 57 195
        119        197 71 48 149 50 92 38 186 163 106
        120        55 168 7 108 148 192 61 98 165
        122        174
        123        127
        124        161 117 103 51
        125        53 54 13 40 44 88 30 68 100 93 105 112 123 73
        126        107 172 173 102 65 109 111 80 76 120
        127        70 177 133 62 139 118 110 25 115 67 46 104 178 126 193
                   32 86 198 147
        128        43 153 59 156 96 180 18 5
        129        141 144 125 3 185 146 135 190 187 39 137 116 69
        130        138 166 97 14
        133        191
        134        2
        135        194 63 60 183 201 200
        136        26 56
        137        95 4 9 22 19 42
        138        132 29 94
        139        45 74 35 37 84 21 79 145 114
        142        27
        143        179
        144        170 24 171
        145        1 124 162 20
        146        151 6 167
        147        142 31
        148        159 176



SUMMARY OF MISSING DATA PATTERNS

     Number of missing data patterns            13


     MISSING DATA PATTERNS (x = not missing)

           1  2  3  4  5  6  7  8  9 10 11 12 13
 PER_DAMP  x  x              x     x     x     x
 PA        x  x        x  x     x  x     x  x
 NA        x  x        x  x        x  x  x
 PA&1      x     x        x  x     x        x
 NA&1      x     x        x  x           x  x
 ANHEDONI  x  x  x  x  x  x  x  x  x  x  x  x  x


     MISSING DATA PATTERN FREQUENCIES

    Pattern   Frequency     Pattern   Frequency     Pattern   Frequency
          1        4881           6          57          11           1
          2        3214           7           3          12           1
          3        3121           8           4          13           1
          4        8808           9           5
          5          63          10           1


COVARIANCE COVERAGE OF DATA

Minimum covariance coverage value   0.100


     PROPORTION OF DATA PRESENT


           Covariance Coverage
              PER_DAMP      PA            NA            ANHEDONI
              ________      ________      ________      ________
 PER_DAMP       0.402
 PA             0.402         0.408
 NA             0.402         0.408         0.408
 ANHEDONI       0.402         0.408         0.408         1.000



UNIVARIATE SAMPLE STATISTICS


     UNIVARIATE HIGHER-ORDER MOMENT DESCRIPTIVE STATISTICS

         Variable/         Mean/     Skewness/   Minimum/ % with                Percentiles
        Sample Size      Variance    Kurtosis    Maximum  Min/Max      20%/60%    40%/80%    Median

     PER_DAMP             11.539       2.123       0.000   22.73%       0.000      5.000      7.000
            8105.000     221.235       4.572      91.000    0.01%       9.000     17.000
     PA                   44.569       0.050       0.000    0.34%      29.667     40.167     44.833
            8226.000     294.773      -0.179     100.000    0.07%      49.000     59.167
     NA                   14.975       1.412       0.000    7.26%       5.000      9.167     11.500
            8222.000     164.910       1.997      80.667    0.01%      14.333     23.000
     ANHEDONIA             0.000       0.630     -18.380    0.63%      -7.330     -2.924     -0.934
             159.000      79.008       0.606      29.966    0.63%       1.234      6.118


THE MODEL ESTIMATION TERMINATED NORMALLY

     USE THE FBITERATIONS OPTION TO INCREASE THE NUMBER OF ITERATIONS BY A FACTOR
     OF AT LEAST TWO TO CHECK CONVERGENCE AND THAT THE PSR VALUE DOES NOT INCREASE.



MODEL FIT INFORMATION

Number of Free Parameters                              17

Information Criteria

          Deviance (DIC)                       489898.238
          Estimated Number of Parameters (pD)   36312.894



MODEL RESULTS

                                Posterior  One-Tailed         95% C.I.
                    Estimate       S.D.      P-Value   Lower 2.5%  Upper 2.5%  Significance

Within Level

 PA         ON
    PA&1               0.000       0.000      1.000       0.000       0.000

 NA         ON
    NA&1               0.000       0.000      1.000       0.000       0.000

 PER_DAMP WITH
    PA                 0.000       0.000      1.000       0.000       0.000
    NA                 0.000       0.000      1.000       0.000       0.000

 NA       WITH
    PA               -58.384       1.563      0.000     -61.444     -55.380      *

 Residual Variances
    PER_DAMP          96.667       1.784      0.000      93.412     100.280      *
    PA               167.685       2.630      0.000     162.605     172.638      *
    NA                93.583       1.484      0.000      90.891      96.653      *

Between Level

 SPA_PR     ON
    ANHEDONIA          0.003       0.003      0.097      -0.002       0.009

 SNA_PR     ON
    ANHEDONIA          0.006       0.003      0.024       0.000       0.013      *

 PER_DAMP   ON
    ANHEDONIA          0.075       0.095      0.210      -0.115       0.258

 Means
    PA                44.705       0.935      0.000      42.924      46.571      *
    NA                15.150       0.719      0.000      13.704      16.525      *

 Intercepts
    PER_DAMP          11.640       0.847      0.000      10.008      13.299      *
    SPA_PR             0.021       0.024      0.193      -0.024       0.068
    SNA_PR             0.135       0.031      0.000       0.075       0.198      *

 Variances
    PA               135.554      16.515      0.000     107.847     172.771      *
    NA                77.816       9.081      0.000      61.997      97.368      *

 Residual Variances
    PER_DAMP         112.359      13.519      0.000      88.818     143.177      *
    SPA_PR             0.059       0.010      0.000       0.042       0.082      *
    SNA_PR             0.090       0.016      0.000       0.063       0.127      *


STANDARDIZED MODEL RESULTS


STDYX Standardization

                                Posterior  One-Tailed         95% C.I.
                    Estimate       S.D.      P-Value   Lower 2.5%  Upper 2.5%  Significance

Within-Level Standardized Estimates Averaged Over Clusters

 SPA_PR | PER_DAMP ON
    PA&1               0.029       0.017      0.037      -0.003       0.062

 SNA_PR | PER_DAMP ON
    NA&1               0.115       0.017      0.000       0.081       0.147      *

 PA         ON
    PA&1               0.000       0.000      1.000       0.000       0.000

 NA         ON
    NA&1               0.000       0.000      1.000       0.000       0.000

 PER_DAMP WITH
    PA                 0.000       0.000      1.000       0.000       0.000
    NA                 0.000       0.000      1.000       0.000       0.000

 NA       WITH
    PA                -0.466       0.009      0.000      -0.484      -0.448      *

 Residual Variances
    PER_DAMP           0.871       0.007      0.000       0.857       0.885      *
    PA                 1.000       0.000      0.000       1.000       1.000
    NA                 1.000       0.000      0.000       1.000       1.000

Between Level

 SPA_PR     ON
    ANHEDONIA          0.087       0.070      0.097      -0.040       0.231

 SNA_PR     ON
    ANHEDONIA          0.130       0.067      0.024       0.000       0.261      *

 PER_DAMP   ON
    ANHEDONIA          0.044       0.056      0.210      -0.068       0.156

 Means
    PA                 3.841       0.246      0.000       3.388       4.331      *
    NA                 1.717       0.128      0.000       1.467       1.973      *

 Intercepts
    PER_DAMP           1.093       0.102      0.000       0.899       1.296      *
    SPA_PR             0.086       0.101      0.193      -0.098       0.281
    SNA_PR             0.444       0.110      0.000       0.239       0.670      *

 Variances
    PA                 1.000       0.000      0.000       1.000       1.000
    NA                 1.000       0.000      0.000       1.000       1.000

 Residual Variances
    PER_DAMP           0.997       0.007      0.000       0.976       1.000      *
    SPA_PR             0.992       0.015      0.000       0.946       1.000      *
    SNA_PR             0.983       0.019      0.000       0.931       1.000      *


STDY Standardization

                                Posterior  One-Tailed         95% C.I.
                    Estimate       S.D.      P-Value   Lower 2.5%  Upper 2.5%  Significance

Within-Level Standardized Estimates Averaged Over Clusters

 SPA_PR | PER_DAMP ON
    PA&1               0.002       0.001      0.037       0.000       0.005

 SNA_PR | PER_DAMP ON
    NA&1               0.012       0.002      0.000       0.008       0.015      *

 PA         ON
    PA&1               0.000       0.000      1.000       0.000       0.000

 NA         ON
    NA&1               0.000       0.000      1.000       0.000       0.000

 PER_DAMP WITH
    PA                 0.000       0.000      1.000       0.000       0.000
    NA                 0.000       0.000      1.000       0.000       0.000

 NA       WITH
    PA                -0.466       0.009      0.000      -0.484      -0.448      *

 Residual Variances
    PER_DAMP           0.871       0.007      0.000       0.857       0.885      *
    PA                 1.000       0.000      0.000       1.000       1.000
    NA                 1.000       0.000      0.000       1.000       1.000

Between Level

 SPA_PR     ON
    ANHEDONIA          0.014       0.011      0.097      -0.006       0.036

 SNA_PR     ON
    ANHEDONIA          0.021       0.011      0.024       0.000       0.041      *

 PER_DAMP   ON
    ANHEDONIA          0.007       0.009      0.210      -0.011       0.025

 Means
    PA                 3.841       0.246      0.000       3.388       4.331      *
    NA                 1.717       0.128      0.000       1.467       1.973      *

 Intercepts
    PER_DAMP           1.093       0.102      0.000       0.899       1.296      *
    SPA_PR             0.086       0.101      0.193      -0.098       0.281
    SNA_PR             0.444       0.110      0.000       0.239       0.670      *

 Variances
    PA                 1.000       0.000      0.000       1.000       1.000
    NA                 1.000       0.000      0.000       1.000       1.000

 Residual Variances
    PER_DAMP           0.997       0.007      0.000       0.976       1.000      *
    SPA_PR             0.992       0.015      0.000       0.946       1.000      *
    SNA_PR             0.983       0.019      0.000       0.931       1.000      *


STD Standardization

                                Posterior  One-Tailed         95% C.I.
                    Estimate       S.D.      P-Value   Lower 2.5%  Upper 2.5%  Significance

Within-Level Standardized Estimates Averaged Over Clusters

 SPA_PR | PER_DAMP ON
    PA&1               0.022       0.015      0.067      -0.006       0.050

 SNA_PR | PER_DAMP ON
    NA&1               0.136       0.019      0.000       0.096       0.172      *

 PA         ON
    PA&1               0.000       0.000      1.000       0.000       0.000

 NA         ON
    NA&1               0.000       0.000      1.000       0.000       0.000

 PER_DAMP WITH
    PA                 0.000       0.000      1.000       0.000       0.000
    NA                 0.000       0.000      1.000       0.000       0.000

 NA       WITH
    PA               -58.384       1.563      0.000     -61.444     -55.380      *

 Residual Variances
    PER_DAMP          96.667       1.784      0.000      93.412     100.280      *
    PA               167.685       2.630      0.000     162.605     172.638      *
    NA                93.583       1.484      0.000      90.891      96.653      *

Between Level

 SPA_PR     ON
    ANHEDONIA          0.014       0.011      0.097      -0.006       0.036

 SNA_PR     ON
    ANHEDONIA          0.021       0.011      0.024       0.000       0.041      *

 PER_DAMP   ON
    ANHEDONIA          0.075       0.095      0.210      -0.115       0.258

 Means
    PA                44.705       0.935      0.000      42.924      46.571      *
    NA                15.150       0.719      0.000      13.704      16.525      *

 Intercepts
    PER_DAMP          11.640       0.847      0.000      10.008      13.299      *
    SPA_PR             0.086       0.101      0.193      -0.098       0.281
    SNA_PR             0.444       0.110      0.000       0.239       0.670      *

 Variances
    PA               135.554      16.515      0.000     107.847     172.771      *
    NA                77.816       9.081      0.000      61.997      97.368      *

 Residual Variances
    PER_DAMP         112.359      13.519      0.000      88.818     143.177      *
    SPA_PR             0.992       0.015      0.000       0.946       1.000      *
    SNA_PR             0.983       0.019      0.000       0.931       1.000      *


R-SQUARE

Within-Level R-Square Averaged Across Clusters

                                Posterior  One-Tailed         95% C.I.
    Variable        Estimate       S.D.      P-Value   Lower 2.5%  Upper 2.5%

    PER_DAMP           0.129       0.007      0.000       0.115       0.143
    PA                 0.000       0.000      1.000       0.000       0.000
    NA                 0.000       0.000      1.000       0.000       0.000

Between Level

                                Posterior  One-Tailed         95% C.I.
    Variable        Estimate       S.D.      P-Value   Lower 2.5%  Upper 2.5%

    PER_DAMP           0.003       0.007      0.000       0.000       0.024

                                Posterior  One-Tailed         95% C.I.
    Variable        Estimate       S.D.      P-Value   Lower 2.5%  Upper 2.5%

    SPA_PR             0.008       0.015      0.000       0.000       0.053
    SNA_PR             0.017       0.019      0.000       0.000       0.068


CREDIBILITY INTERVALS OF MODEL RESULTS

                  Lower .5%  Lower 2.5%    Lower 5%    Estimate    Upper 5%  Upper 2.5%   Upper .5%

Within Level

 PA       ON
    PA&1             0.000       0.000       0.000       0.000       0.000       0.000       0.000

 NA       ON
    NA&1             0.000       0.000       0.000       0.000       0.000       0.000       0.000

 PER_DAMP WITH
    PA               0.000       0.000       0.000       0.000       0.000       0.000       0.000
    NA               0.000       0.000       0.000       0.000       0.000       0.000       0.000

 NA       WITH
    PA             -62.690     -61.444     -61.002     -58.384     -55.848     -55.380     -54.569

 Residual Variances
    PER_DAMP        92.457      93.412      93.794      96.667      99.683     100.280     101.398
    PA             160.882     162.605     163.333     167.685     171.876     172.638     174.364
    NA              89.899      90.891      91.291      93.583      96.146      96.653      97.832

Between Level

 SPA_PR   ON
    ANHEDONIA       -0.004      -0.002      -0.001       0.003       0.008       0.009       0.011

 SNA_PR   ON
    ANHEDONIA       -0.002       0.000       0.001       0.006       0.012       0.013       0.015

 PER_DAMP ON
    ANHEDONIA       -0.180      -0.115      -0.088       0.075       0.230       0.258       0.316

 Means
    PA              42.162      42.924      43.209      44.705      46.278      46.571      46.962
    NA              13.231      13.704      13.938      15.150      16.273      16.525      16.975

 Intercepts
    PER_DAMP         9.467      10.008      10.294      11.640      13.088      13.299      13.840
    SPA_PR          -0.041      -0.024      -0.018       0.021       0.062       0.068       0.088
    SNA_PR           0.055       0.075       0.085       0.135       0.188       0.198       0.219

 Variances
    PA              99.241     107.847     111.721     135.554     165.617     172.771     183.091
    NA              58.538      61.997      64.631      77.816      94.403      97.368     107.103

 Residual Variances
    PER_DAMP        83.533      88.818      92.988     112.359     136.494     143.177     154.566
    SPA_PR           0.038       0.042       0.045       0.059       0.077       0.082       0.088
    SNA_PR           0.056       0.063       0.067       0.090       0.120       0.127       0.138


CREDIBILITY INTERVALS OF STANDARDIZED MODEL RESULTS


STDYX Standardization

                  Lower .5%  Lower 2.5%    Lower 5%    Estimate    Upper 5%  Upper 2.5%   Upper .5%

Within Level

 PA       ON
    PA&1             0.000       0.000       0.000       0.000       0.000       0.000       0.000

 NA       ON
    NA&1             0.000       0.000       0.000       0.000       0.000       0.000       0.000

 PER_DAMP WITH
    PA               0.000       0.000       0.000       0.000       0.000       0.000       0.000
    NA               0.000       0.000       0.000       0.000       0.000       0.000       0.000

 NA       WITH
    PA               0.000      -0.484       0.000      -0.466       0.000      -0.448       0.000

 Residual Variances
    PER_DAMP         0.000       0.857       0.000       0.871       0.000       0.885       0.000
    PA               0.000       1.000       0.000       1.000       0.000       1.000       0.000
    NA               0.000       1.000       0.000       1.000       0.000       1.000       0.000

Between Level

 SPA_PR   ON
    ANHEDONIA       -0.088      -0.040      -0.021       0.087       0.205       0.231       0.275

 SNA_PR   ON
    ANHEDONIA       -0.038       0.000       0.018       0.130       0.238       0.261       0.297

 PER_DAMP ON
    ANHEDONIA       -0.106      -0.068      -0.052       0.044       0.136       0.156       0.180

 Means
    PA               3.253       3.388       3.449       3.841       4.267       4.331       4.479
    NA               1.400       1.467       1.503       1.717       1.932       1.973       2.044

 Intercepts
    PER_DAMP         0.840       0.899       0.929       1.093       1.262       1.296       1.359
    SPA_PR          -0.167      -0.098      -0.073       0.086       0.254       0.281       0.370
    SNA_PR           0.171       0.239       0.276       0.444       0.634       0.670       0.766

 Variances
    PA               1.000       1.000       1.000       1.000       1.000       1.000       1.000
    NA               1.000       1.000       1.000       1.000       1.000       1.000       1.000

 Residual Variances
    PER_DAMP         0.968       0.976       0.982       0.997       1.000       1.000       1.000
    SPA_PR           0.924       0.946       0.957       0.992       1.000       1.000       1.000
    SNA_PR           0.911       0.931       0.943       0.983       0.999       1.000       1.000


STDY Standardization

                  Lower .5%  Lower 2.5%    Lower 5%    Estimate    Upper 5%  Upper 2.5%   Upper .5%

Within Level

 PA       ON
    PA&1             0.000       0.000       0.000       0.000       0.000       0.000       0.000

 NA       ON
    NA&1             0.000       0.000       0.000       0.000       0.000       0.000       0.000

 PER_DAMP WITH
    PA               0.000       0.000       0.000       0.000       0.000       0.000       0.000
    NA               0.000       0.000       0.000       0.000       0.000       0.000       0.000

 NA       WITH
    PA               0.000      -0.484       0.000      -0.466       0.000      -0.448       0.000

 Residual Variances
    PER_DAMP         0.000       0.857       0.000       0.871       0.000       0.885       0.000
    PA               0.000       1.000       0.000       1.000       0.000       1.000       0.000
    NA               0.000       1.000       0.000       1.000       0.000       1.000       0.000

Between Level

 SPA_PR   ON
    ANHEDONIA       -0.014      -0.006      -0.003       0.014       0.032       0.036       0.043

 SNA_PR   ON
    ANHEDONIA       -0.006       0.000       0.003       0.021       0.038       0.041       0.047

 PER_DAMP ON
    ANHEDONIA       -0.017      -0.011      -0.008       0.007       0.021       0.025       0.028

 Means
    PA               3.253       3.388       3.449       3.841       4.267       4.331       4.479
    NA               1.400       1.467       1.503       1.717       1.932       1.973       2.044

 Intercepts
    PER_DAMP         0.840       0.899       0.929       1.093       1.262       1.296       1.359
    SPA_PR          -0.167      -0.098      -0.073       0.086       0.254       0.281       0.370
    SNA_PR           0.171       0.239       0.276       0.444       0.634       0.670       0.766

 Variances
    PA               1.000       1.000       1.000       1.000       1.000       1.000       1.000
    NA               1.000       1.000       1.000       1.000       1.000       1.000       1.000

 Residual Variances
    PER_DAMP         0.968       0.976       0.982       0.997       1.000       1.000       1.000
    SPA_PR           0.924       0.946       0.957       0.992       1.000       1.000       1.000
    SNA_PR           0.911       0.931       0.943       0.983       0.999       1.000       1.000


STD Standardization

                  Lower .5%  Lower 2.5%    Lower 5%    Estimate    Upper 5%  Upper 2.5%   Upper .5%

Within Level

 PA       ON
    PA&1             0.000       0.000       0.000       0.000       0.000       0.000       0.000

 NA       ON
    NA&1             0.000       0.000       0.000       0.000       0.000       0.000       0.000

 PER_DAMP WITH
    PA               0.000       0.000       0.000       0.000       0.000       0.000       0.000
    NA               0.000       0.000       0.000       0.000       0.000       0.000       0.000

 NA       WITH
    PA               0.000     -61.444       0.000     -58.384       0.000     -55.380       0.000

 Residual Variances
    PER_DAMP         0.000      93.412       0.000      96.667       0.000     100.280       0.000
    PA               0.000     162.605       0.000     167.685       0.000     172.638       0.000
    NA               0.000      90.891       0.000      93.583       0.000      96.653       0.000

Between Level

 SPA_PR   ON
    ANHEDONIA       -0.014      -0.006      -0.003       0.014       0.032       0.036       0.043

 SNA_PR   ON
    ANHEDONIA       -0.006       0.000       0.003       0.021       0.038       0.041       0.047

 PER_DAMP ON
    ANHEDONIA       -0.180      -0.115      -0.088       0.075       0.230       0.258       0.316

 Means
    PA              42.162      42.924      43.209      44.705      46.278      46.571      46.962
    NA              13.231      13.704      13.938      15.150      16.273      16.525      16.975

 Intercepts
    PER_DAMP         9.467      10.008      10.294      11.640      13.088      13.299      13.840
    SPA_PR          -0.167      -0.098      -0.073       0.086       0.254       0.281       0.370
    SNA_PR           0.171       0.239       0.276       0.444       0.634       0.670       0.766

 Variances
    PA              99.241     107.847     111.721     135.554     165.617     172.771     183.091
    NA              58.538      61.997      64.631      77.816      94.403      97.368     107.103

 Residual Variances
    PER_DAMP        83.533      88.818      92.988     112.359     136.494     143.177     154.566
    SPA_PR           0.924       0.946       0.957       0.992       1.000       1.000       1.000
    SNA_PR           0.911       0.931       0.943       0.983       0.999       1.000       1.000


TECHNICAL 1 OUTPUT


     PARAMETER SPECIFICATION FOR WITHIN


           NU
              PER_DAMP      PA            NA            PA&1          NA&1
              ________      ________      ________      ________      ________
                    0             0             0             0             0


           LAMBDA
              PER_DAMP      PA            NA            PA&1          NA&1
              ________      ________      ________      ________      ________
 PER_DAMP           0             0             0             0             0
 PA                 0             0             0             0             0
 NA                 0             0             0             0             0
 PA&1               0             0             0             0             0
 NA&1               0             0             0             0             0


           THETA
              PER_DAMP      PA            NA            PA&1          NA&1
              ________      ________      ________      ________      ________
 PER_DAMP           0
 PA                 0             0
 NA                 0             0             0
 PA&1               0             0             0             0
 NA&1               0             0             0             0             0


           ALPHA
              PER_DAMP      PA            NA            PA&1          NA&1
              ________      ________      ________      ________      ________
                    0             0             0             0             0


           BETA
              PER_DAMP      PA            NA            PA&1          NA&1
              ________      ________      ________      ________      ________
 PER_DAMP           0             0             0             0             0
 PA                 0             0             0             0             0
 NA                 0             0             0             0             0
 PA&1               0             0             0             0             0
 NA&1               0             0             0             0             0


           PSI
              PER_DAMP      PA            NA            PA&1          NA&1
              ________      ________      ________      ________      ________
 PER_DAMP           1
 PA                 0             2
 NA                 0             3             4
 PA&1               0             0             0             0
 NA&1               0             0             0             0             0


     PARAMETER SPECIFICATION FOR BETWEEN


           NU
              PER_DAMP      PA            NA            ANHEDONI
              ________      ________      ________      ________
                    0             0             0             0


           LAMBDA
              SPA_PR        SNA_PR        PER_DAMP      PA            NA
              ________      ________      ________      ________      ________
 PER_DAMP           0             0             0             0             0
 PA                 0             0             0             0             0
 NA                 0             0             0             0             0
 ANHEDONI           0             0             0             0             0


           LAMBDA
              ANHEDONI
              ________
 PER_DAMP           0
 PA                 0
 NA                 0
 ANHEDONI           0


           THETA
              PER_DAMP      PA            NA            ANHEDONI
              ________      ________      ________      ________
 PER_DAMP           0
 PA                 0             0
 NA                 0             0             0
 ANHEDONI           0             0             0             0


           ALPHA
              SPA_PR        SNA_PR        PER_DAMP      PA            NA
              ________      ________      ________      ________      ________
                    5             6             7             8             9


           ALPHA
              ANHEDONI
              ________
                    0


           BETA
              SPA_PR        SNA_PR        PER_DAMP      PA            NA
              ________      ________      ________      ________      ________
 SPA_PR             0             0             0             0             0
 SNA_PR             0             0             0             0             0
 PER_DAMP           0             0             0             0             0
 PA                 0             0             0             0             0
 NA                 0             0             0             0             0
 ANHEDONI           0             0             0             0             0


           BETA
              ANHEDONI
              ________
 SPA_PR            10
 SNA_PR            11
 PER_DAMP          12
 PA                 0
 NA                 0
 ANHEDONI           0


           PSI
              SPA_PR        SNA_PR        PER_DAMP      PA            NA
              ________      ________      ________      ________      ________
 SPA_PR            13
 SNA_PR             0            14
 PER_DAMP           0             0            15
 PA                 0             0             0            16
 NA                 0             0             0             0            17
 ANHEDONI           0             0             0             0             0


           PSI
              ANHEDONI
              ________
 ANHEDONI           0


     STARTING VALUES FOR WITHIN


           NU
              PER_DAMP      PA            NA            PA&1          NA&1
              ________      ________      ________      ________      ________
                0.000         0.000         0.000         0.000         0.000


           LAMBDA
              PER_DAMP      PA            NA            PA&1          NA&1
              ________      ________      ________      ________      ________
 PER_DAMP       1.000         0.000         0.000         0.000         0.000
 PA             0.000         1.000         0.000         0.000         0.000
 NA             0.000         0.000         1.000         0.000         0.000
 PA&1           0.000         0.000         0.000         1.000         0.000
 NA&1           0.000         0.000         0.000         0.000         1.000


           THETA
              PER_DAMP      PA            NA            PA&1          NA&1
              ________      ________      ________      ________      ________
 PER_DAMP       0.000
 PA             0.000         0.000
 NA             0.000         0.000         0.000
 PA&1           0.000         0.000         0.000         0.000
 NA&1           0.000         0.000         0.000         0.000         0.000


           ALPHA
              PER_DAMP      PA            NA            PA&1          NA&1
              ________      ________      ________      ________      ________
                0.000         0.000         0.000         0.000         0.000


           BETA
              PER_DAMP      PA            NA            PA&1          NA&1
              ________      ________      ________      ________      ________
 PER_DAMP       0.000         0.000         0.000         0.000         0.000
 PA             0.000         0.000         0.000         0.000         0.000
 NA             0.000         0.000         0.000         0.000         0.000
 PA&1           0.000         0.000         0.000         0.000         0.000
 NA&1           0.000         0.000         0.000         0.000         0.000


           PSI
              PER_DAMP      PA            NA            PA&1          NA&1
              ________      ________      ________      ________      ________
 PER_DAMP     110.617
 PA             0.000       147.386
 NA             0.000         0.000        82.455
 PA&1           0.000         0.000         0.000       147.517
 NA&1           0.000         0.000         0.000         0.000        82.346


     STARTING VALUES FOR BETWEEN


           NU
              PER_DAMP      PA            NA            ANHEDONI
              ________      ________      ________      ________
                0.000         0.000         0.000         0.000


           LAMBDA
              SPA_PR        SNA_PR        PER_DAMP      PA            NA
              ________      ________      ________      ________      ________
 PER_DAMP       0.000         0.000         1.000         0.000         0.000
 PA             0.000         0.000         0.000         1.000         0.000
 NA             0.000         0.000         0.000         0.000         1.000
 ANHEDONI       0.000         0.000         0.000         0.000         0.000


           LAMBDA
              ANHEDONI
              ________
 PER_DAMP       0.000
 PA             0.000
 NA             0.000
 ANHEDONI       1.000


           THETA
              PER_DAMP      PA            NA            ANHEDONI
              ________      ________      ________      ________
 PER_DAMP       0.000
 PA             0.000         0.000
 NA             0.000         0.000         0.000
 ANHEDONI       0.000         0.000         0.000         0.000


           ALPHA
              SPA_PR        SNA_PR        PER_DAMP      PA            NA
              ________      ________      ________      ________      ________
                0.000         0.000        11.539        44.569        14.975


           ALPHA
              ANHEDONI
              ________
                0.000


           BETA
              SPA_PR        SNA_PR        PER_DAMP      PA            NA
              ________      ________      ________      ________      ________
 SPA_PR         0.000         0.000         0.000         0.000         0.000
 SNA_PR         0.000         0.000         0.000         0.000         0.000
 PER_DAMP       0.000         0.000         0.000         0.000         0.000
 PA             0.000         0.000         0.000         0.000         0.000
 NA             0.000         0.000         0.000         0.000         0.000
 ANHEDONI       0.000         0.000         0.000         0.000         0.000


           BETA
              ANHEDONI
              ________
 SPA_PR         0.000
 SNA_PR         0.000
 PER_DAMP       0.000
 PA             0.000
 NA             0.000
 ANHEDONI       0.000


           PSI
              SPA_PR        SNA_PR        PER_DAMP      PA            NA
              ________      ________      ________      ________      ________
 SPA_PR         1.000
 SNA_PR         0.000         1.000
 PER_DAMP       0.000         0.000       110.617
 PA             0.000         0.000         0.000       147.386
 NA             0.000         0.000         0.000         0.000        82.455
 ANHEDONI       0.000         0.000         0.000         0.000         0.000


           PSI
              ANHEDONI
              ________
 ANHEDONI      40.163



     PRIORS FOR ALL PARAMETERS            PRIOR MEAN      PRIOR VARIANCE     PRIOR STD. DEV.

     Parameter 1~IG(-1.000,0.000)          infinity            infinity            infinity
     Parameter 2~IW(0.000,-3)              infinity            infinity            infinity
     Parameter 3~IW(0.000,-3)              infinity            infinity            infinity
     Parameter 4~IW(0.000,-3)              infinity            infinity            infinity
     Parameter 5~N(0.000,infinity)           0.0000            infinity            infinity
     Parameter 6~N(0.000,infinity)           0.0000            infinity            infinity
     Parameter 7~N(0.000,infinity)           0.0000            infinity            infinity
     Parameter 8~N(0.000,infinity)           0.0000            infinity            infinity
     Parameter 9~N(0.000,infinity)           0.0000            infinity            infinity
     Parameter 10~N(0.000,infinity)          0.0000            infinity            infinity
     Parameter 11~N(0.000,infinity)          0.0000            infinity            infinity
     Parameter 12~N(0.000,infinity)          0.0000            infinity            infinity
     Parameter 13~IG(-1.000,0.000)         infinity            infinity            infinity
     Parameter 14~IG(-1.000,0.000)         infinity            infinity            infinity
     Parameter 15~IG(-1.000,0.000)         infinity            infinity            infinity
     Parameter 16~IG(-1.000,0.000)         infinity            infinity            infinity
     Parameter 17~IG(-1.000,0.000)         infinity            infinity            infinity


TECHNICAL 8 OUTPUT


   TECHNICAL 8 OUTPUT FOR BAYES ESTIMATION

     PROCESSOR    BSEED
     1            0
     2            285380
     3            253358
     4            93468
     5            608496
     6            903420
     7            195873
     8            462953
     9            939021
     10           127215
     11           415931
     12           533738
     13           107446
     14           399671
     15           650371
     16           27071

                     POTENTIAL       PARAMETER WITH
     ITERATION    SCALE REDUCTION      HIGHEST PSR
     100              1.110               1
     200              1.072               13
     300              1.038               4
     400              1.018               4
     500              1.010               6
     600              1.008               14
     700              1.005               8
     800              1.008               13
     900              1.012               13
     1000             1.022               13
     1100             1.014               13
     1200             1.018               1
     1300             1.028               1
     1400             1.019               1
     1500             1.014               1
     1600             1.012               1
     1700             1.009               1
     1800             1.007               5
     1900             1.010               13
     2000             1.008               13


PLOT INFORMATION

The following plots are available:

  Histograms (sample values)
  Scatterplots (sample values)
  Between-level histograms (sample values, sample means/variances)
  Between-level scatterplots (sample values, sample means/variances)
  Time series plots (sample values, ACF, PACF)
  Histogram of subjects per time point
  Time interval plots
  Bayesian posterior parameter distributions
  Bayesian posterior parameter trace plots
  Bayesian autocorrelation plots

     Beginning Time:  21:29:04
        Ending Time:  21:30:14
       Elapsed Time:  00:01:10



MUTHEN & MUTHEN
3463 Stoner Ave.
Los Angeles, CA  90066

Tel: (310) 391-9971
Fax: (310) 391-8971
Web: www.StatModel.com
Support: Support@StatModel.com

Copyright (c) 1998-2022 Muthen & Muthen
