Mplus VERSION 8.8
MUTHEN & MUTHEN
07/13/2023   6:38 PM

INPUT INSTRUCTIONS


  DATA:
  FILE IS data9.dat;

  VARIABLE:   NAMES =
  	    Eth_ID Time Time_between Time_inc
  	    PA_enth NA_irri NA_verv PA_tevr PA_ener
       	    PA_kalm NA_nerv PA_daadk NA_verdr
  	    PA_vrol NA_boos PA_dankb NA_somb PER_att
      	    PER_refl PER_self PER_expr PER_damp
  	    PER_codamp PER_capit Sample age_yr gesl BDI
      	    Measures_valid BDI_anh Anhedonia
   	    BDI_sum PA NA day compliance;

              USEVARIABLES are PER_refl PA NA Anhedonia;
              MISSING is .;
              within = ;
              between = Anhedonia;
              cluster = Eth_ID;
              lagged= PA NA(1);
              tinterval=Time_inc (150);

  DEFINE:     CENTER Anhedonia (grandmean);

  ANALYSIS:   type = twolevel random;
              estimator = Bayes;
              biterations=(2000);
              bconvergence=0.005;
              thin=2;
              PROCESSORS=16;
  MODEL:
  %WITHIN%
  sPA_PR | PER_refl on PA&1;
  sNA_PR | PER_refl on NA&1;
  PA on PA&1@0;
  NA on NA&1@0;
  PER_refl with PA@0;
  PER_refl with NA@0;

  %between%
  sPA_PR sNA_PR on Anhedonia;
  PER_refl on Anhedonia;


  OUTPUT: standardized tech1 tech8 cinterval patterns;
  PLOT: TYPE = PLOT3;



*** WARNING in VARIABLE command
  Note that only the first 8 characters of variable names are used in the output.
  Shorten variable names to avoid any confusion.
*** WARNING in MODEL command
  A y-variable has been declared on the within level but not referred to on
  the between level.  Please check that this is what is intended.  If this is not intended,
  specify the variable as a within variable.  Problem with:  PA
*** WARNING in MODEL command
  A y-variable has been declared on the within level but not referred to on
  the between level.  Please check that this is what is intended.  If this is not intended,
  specify the variable as a within variable.  Problem with:  NA
*** WARNING in PLOT command
  Note that only the first 8 characters of variable names are used in plots.
  If variable names are not unique within the first 8 characters, problems
  may occur.
*** WARNING
  One or more individual-level variables have no variation within a
  cluster for the following clusters.

     Variable   Cluster IDs with no within-cluster variation

      PER_REFL    165 73

*** WARNING
  Data set contains cases with missing on all variables.  Cases that appeared before the first
  case with observed data and that appeared after the last case with observed data were not
  included in the analysis.  Number of deleted cases:  582
   6 WARNING(S) FOUND IN THE INPUT INSTRUCTIONS




SUMMARY OF ANALYSIS

Number of groups                                                 1
Number of observations                                       19779

Number of dependent variables                                    3
Number of independent variables                                  3
Number of continuous latent variables                            2

Observed dependent variables

  Continuous
   PER_REFL    PA          NA

Observed independent variables
   ANHEDONI    PA&1        NA&1

Continuous latent variables
   SPA_PR      SNA_PR

Variables with special functions

  Cluster variable      ETH_ID

  Within variables
   PA&1        NA&1

  Between variables
   ANHEDONI

  Centering (GRANDMEAN)
   ANHEDONI


Estimator                                                    BAYES
Specifications for Bayesian Estimation
  Point estimate                                            MEDIAN
  Number of Markov chain Monte Carlo (MCMC) chains               2
  Random seed for the first chain                                0
  Starting value information                           UNPERTURBED
  Algorithm used for Markov chain Monte Carlo           GIBBS(PX1)
  Convergence criterion                                  0.500D-02
  Maximum number of iterations                               50000
  K-th iteration used for thinning                               2

Input data file(s)
  data9.dat
Input data format  FREE


SUMMARY OF DATA

     Number of clusters                        155

       Size (s)    Cluster ID with Size s

         84        87
         88        72
         97        34
        101        10
        105        52
        108        119
        111        36
        113        182
        115        131 89
        116        15 77 75
        117        11
        118        195 57 66 49 16
        119        186 197 106 71 149 50 92 38 48 163
        120        98 55 165 168 61 108 192 7 148
        122        174
        123        127
        124        161 51 117 103
        125        112 30 73 13 53 54 40 88 44 68 93 100 105 123
        126        120 65 107 172 173 80 76 109 111 102
        127        133 147 70 177 139 62 86 118 115 25 46 67 178 110 104
                   193 126 32 198
        128        180 43 153 96 5 156 59 18
        129        146 144 3 185 135 190 116 39 187 141 137 69
        130        97 14 166 138
        133        191
        134        2
        135        183 201 194 60 63 200
        136        56 26
        137        9 19 95 42 22 4
        138        29 132 94
        139        114 37 45 145 84 21 79 74 35
        142        27
        143        179
        144        170 171 24
        145        1 20 162 124
        146        151 6 167
        147        31 142
        148        176 159



SUMMARY OF MISSING DATA PATTERNS

     Number of missing data patterns            12


     MISSING DATA PATTERNS (x = not missing)

           1  2  3  4  5  6  7  8  9 10 11 12
 PER_REFL  x  x              x     x     x
 PA        x  x  x        x     x  x     x  x
 NA        x  x  x        x        x  x  x
 PA&1      x     x  x        x     x        x
 NA&1      x     x  x        x           x  x
 ANHEDONI  x  x  x  x  x  x  x  x  x  x  x  x


     MISSING DATA PATTERN FREQUENCIES

    Pattern   Frequency     Pattern   Frequency     Pattern   Frequency
          1        4852           5        8587           9           5
          2        3165           6          49          10           1
          3          49           7           3          11           1
          4        3062           8           4          12           1


COVARIANCE COVERAGE OF DATA

Minimum covariance coverage value   0.100


     PROPORTION OF DATA PRESENT


           Covariance Coverage
              PER_REFL      PA            NA            ANHEDONI
              ________      ________      ________      ________
 PER_REFL       0.406
 PA             0.406         0.411
 NA             0.406         0.411         0.411
 ANHEDONI       0.406         0.411         0.411         1.000



UNIVARIATE SAMPLE STATISTICS


     UNIVARIATE HIGHER-ORDER MOMENT DESCRIPTIVE STATISTICS

         Variable/         Mean/     Skewness/   Minimum/ % with                Percentiles
        Sample Size      Variance    Kurtosis    Maximum  Min/Max      20%/60%    40%/80%    Median

     PER_REFL             28.083       0.704       0.000    9.84%       5.000     14.000     23.000
            8026.000     570.386      -0.397     100.000    0.50%      32.000     50.000
     PA                   45.460      -0.005       0.000    0.30%      30.714     41.429     45.857
            8126.000     301.887      -0.214     100.000    0.07%      50.143     60.143
     NA                   14.923       1.420       0.000    7.13%       5.000      9.167     11.500
            8122.000     162.854       2.057      80.667    0.01%      14.167     22.833
     ANHEDONIA             0.000       0.641     -18.373    0.65%      -7.323     -2.917     -0.927
             155.000      79.674       0.622      29.973    0.65%       1.241      6.125


THE MODEL ESTIMATION TERMINATED NORMALLY

     USE THE FBITERATIONS OPTION TO INCREASE THE NUMBER OF ITERATIONS BY A FACTOR
     OF AT LEAST TWO TO CHECK CONVERGENCE AND THAT THE PSR VALUE DOES NOT INCREASE.



MODEL FIT INFORMATION

Number of Free Parameters                              17

Information Criteria

          Deviance (DIC)                       503796.799
          Estimated Number of Parameters (pD)   35498.348



MODEL RESULTS

                                Posterior  One-Tailed         95% C.I.
                    Estimate       S.D.      P-Value   Lower 2.5%  Upper 2.5%  Significance

Within Level

 PA         ON
    PA&1               0.000       0.000      1.000       0.000       0.000

 NA         ON
    NA&1               0.000       0.000      1.000       0.000       0.000

 PER_REFL WITH
    PA                 0.000       0.000      1.000       0.000       0.000
    NA                 0.000       0.000      1.000       0.000       0.000

 NA       WITH
    PA               -59.939       1.566      0.000     -63.048     -56.921      *

 Residual Variances
    PER_REFL         323.365       6.038      0.000     312.172     335.795      *
    PA               169.647       2.728      0.000     164.454     175.039      *
    NA                91.264       1.421      0.000      88.471      94.129      *

Between Level

 SPA_PR     ON
    ANHEDONIA         -0.006       0.004      0.035      -0.014       0.001

 SNA_PR     ON
    ANHEDONIA         -0.004       0.005      0.201      -0.013       0.006

 PER_REFL   ON
    ANHEDONIA         -0.119       0.139      0.194      -0.389       0.149

 Means
    PA                45.495       0.977      0.000      43.525      47.385      *
    NA                15.040       0.705      0.000      13.634      16.401      *

 Intercepts
    PER_REFL          27.999       1.213      0.000      25.618      30.402      *
    SPA_PR             0.253       0.032      0.000       0.189       0.316      *
    SNA_PR             0.180       0.046      0.000       0.092       0.270      *

 Variances
    PA               138.747      16.337      0.000     111.465     175.120      *
    NA                76.035       8.820      0.000      60.391      95.127      *

 Residual Variances
    PER_REFL         224.598      27.411      0.000     179.075     285.332      *
    SPA_PR             0.073       0.017      0.000       0.042       0.111      *
    SNA_PR             0.121       0.040      0.000       0.048       0.208      *


STANDARDIZED MODEL RESULTS


STDYX Standardization

                                Posterior  One-Tailed         95% C.I.
                    Estimate       S.D.      P-Value   Lower 2.5%  Upper 2.5%  Significance

Within-Level Standardized Estimates Averaged Over Clusters

 SPA_PR | PER_REFL ON
    PA&1               0.171       0.017      0.000       0.137       0.203      *

 SNA_PR | PER_REFL ON
    NA&1               0.090       0.018      0.000       0.054       0.125      *

 PA         ON
    PA&1               0.000       0.000      1.000       0.000       0.000

 NA         ON
    NA&1               0.000       0.000      1.000       0.000       0.000

 PER_REFL WITH
    PA                 0.000       0.000      1.000       0.000       0.000
    NA                 0.000       0.000      1.000       0.000       0.000

 NA       WITH
    PA                -0.481       0.009      0.000      -0.499      -0.465      *

 Residual Variances
    PER_REFL           0.920       0.009      0.000       0.902       0.938      *
    PA                 1.000       0.000      0.000       1.000       1.000
    NA                 1.000       0.000      0.000       1.000       1.000

Between Level

 SPA_PR     ON
    ANHEDONIA         -0.148       0.086      0.035      -0.321       0.019

 SNA_PR     ON
    ANHEDONIA         -0.072       0.088      0.201      -0.247       0.103

 PER_REFL   ON
    ANHEDONIA         -0.050       0.058      0.194      -0.163       0.064

 Means
    PA                 3.860       0.238      0.000       3.403       4.326      *
    NA                 1.727       0.128      0.000       1.486       1.986      *

 Intercepts
    PER_REFL           1.861       0.139      0.000       1.595       2.142      *
    SPA_PR             0.924       0.168      0.000       0.639       1.298      *
    SNA_PR             0.521       0.180      0.000       0.249       0.942      *

 Variances
    PA                 1.000       0.000      0.000       1.000       1.000
    NA                 1.000       0.000      0.000       1.000       1.000

 Residual Variances
    PER_REFL           0.997       0.007      0.000       0.974       1.000      *
    SPA_PR             0.978       0.028      0.000       0.897       1.000      *
    SNA_PR             0.994       0.018      0.000       0.939       1.000      *


STDY Standardization

                                Posterior  One-Tailed         95% C.I.
                    Estimate       S.D.      P-Value   Lower 2.5%  Upper 2.5%  Significance

Within-Level Standardized Estimates Averaged Over Clusters

 SPA_PR | PER_REFL ON
    PA&1               0.013       0.001      0.000       0.011       0.016      *

 SNA_PR | PER_REFL ON
    NA&1               0.009       0.002      0.000       0.006       0.013      *

 PA         ON
    PA&1               0.000       0.000      1.000       0.000       0.000

 NA         ON
    NA&1               0.000       0.000      1.000       0.000       0.000

 PER_REFL WITH
    PA                 0.000       0.000      1.000       0.000       0.000
    NA                 0.000       0.000      1.000       0.000       0.000

 NA       WITH
    PA                -0.481       0.009      0.000      -0.499      -0.465      *

 Residual Variances
    PER_REFL           0.920       0.009      0.000       0.902       0.938      *
    PA                 1.000       0.000      0.000       1.000       1.000
    NA                 1.000       0.000      0.000       1.000       1.000

Between Level

 SPA_PR     ON
    ANHEDONIA         -0.023       0.013      0.035      -0.051       0.003

 SNA_PR     ON
    ANHEDONIA         -0.011       0.014      0.201      -0.039       0.016

 PER_REFL   ON
    ANHEDONIA         -0.008       0.009      0.194      -0.026       0.010

 Means
    PA                 3.860       0.238      0.000       3.403       4.326      *
    NA                 1.727       0.128      0.000       1.486       1.986      *

 Intercepts
    PER_REFL           1.861       0.139      0.000       1.595       2.142      *
    SPA_PR             0.924       0.168      0.000       0.639       1.298      *
    SNA_PR             0.521       0.180      0.000       0.249       0.942      *

 Variances
    PA                 1.000       0.000      0.000       1.000       1.000
    NA                 1.000       0.000      0.000       1.000       1.000

 Residual Variances
    PER_REFL           0.997       0.007      0.000       0.974       1.000      *
    SPA_PR             0.978       0.028      0.000       0.897       1.000      *
    SNA_PR             0.994       0.018      0.000       0.939       1.000      *


STD Standardization

                                Posterior  One-Tailed         95% C.I.
                    Estimate       S.D.      P-Value   Lower 2.5%  Upper 2.5%  Significance

Within-Level Standardized Estimates Averaged Over Clusters

 SPA_PR | PER_REFL ON
    PA&1               0.254       0.025      0.000       0.204       0.302      *

 SNA_PR | PER_REFL ON
    NA&1               0.178       0.036      0.000       0.108       0.250      *

 PA         ON
    PA&1               0.000       0.000      1.000       0.000       0.000

 NA         ON
    NA&1               0.000       0.000      1.000       0.000       0.000

 PER_REFL WITH
    PA                 0.000       0.000      1.000       0.000       0.000
    NA                 0.000       0.000      1.000       0.000       0.000

 NA       WITH
    PA               -59.912       1.561      0.000     -63.205     -56.978      *

 Residual Variances
    PER_REFL         323.501       6.163      0.000     311.992     336.077      *
    PA               169.678       2.713      0.000     164.357     174.949      *
    NA                91.255       1.432      0.000      88.427      94.107      *

Between Level

 SPA_PR     ON
    ANHEDONIA         -0.023       0.013      0.035      -0.051       0.003

 SNA_PR     ON
    ANHEDONIA         -0.011       0.014      0.201      -0.039       0.016

 PER_REFL   ON
    ANHEDONIA         -0.119       0.139      0.194      -0.389       0.149

 Means
    PA                45.495       0.977      0.000      43.525      47.385      *
    NA                15.040       0.705      0.000      13.634      16.401      *

 Intercepts
    PER_REFL          27.999       1.213      0.000      25.618      30.402      *
    SPA_PR             0.924       0.168      0.000       0.639       1.298      *
    SNA_PR             0.521       0.180      0.000       0.249       0.942      *

 Variances
    PA               138.747      16.337      0.000     111.465     175.120      *
    NA                76.035       8.820      0.000      60.391      95.127      *

 Residual Variances
    PER_REFL         224.598      27.411      0.000     179.075     285.332      *
    SPA_PR             0.978       0.028      0.000       0.897       1.000      *
    SNA_PR             0.994       0.018      0.000       0.939       1.000      *


R-SQUARE

Within-Level R-Square Averaged Across Clusters

                                Posterior  One-Tailed         95% C.I.
    Variable        Estimate       S.D.      P-Value   Lower 2.5%  Upper 2.5%

    PER_REFL           0.080       0.009      0.000       0.062       0.098
    PA                 0.000       0.000      1.000       0.000       0.000
    NA                 0.000       0.000      1.000       0.000       0.000

Between Level

                                Posterior  One-Tailed         95% C.I.
    Variable        Estimate       S.D.      P-Value   Lower 2.5%  Upper 2.5%

    PER_REFL           0.003       0.007      0.000       0.000       0.026

                                Posterior  One-Tailed         95% C.I.
    Variable        Estimate       S.D.      P-Value   Lower 2.5%  Upper 2.5%

    SPA_PR             0.022       0.028      0.000       0.000       0.103
    SNA_PR             0.006       0.018      0.000       0.000       0.061


CREDIBILITY INTERVALS OF MODEL RESULTS

                  Lower .5%  Lower 2.5%    Lower 5%    Estimate    Upper 5%  Upper 2.5%   Upper .5%

Within Level

 PA       ON
    PA&1             0.000       0.000       0.000       0.000       0.000       0.000       0.000

 NA       ON
    NA&1             0.000       0.000       0.000       0.000       0.000       0.000       0.000

 PER_REFL WITH
    PA               0.000       0.000       0.000       0.000       0.000       0.000       0.000
    NA               0.000       0.000       0.000       0.000       0.000       0.000       0.000

 NA       WITH
    PA             -64.181     -63.048     -62.550     -59.939     -57.340     -56.921     -56.035

 Residual Variances
    PER_REFL       309.599     312.172     313.862     323.365     333.865     335.795     339.089
    PA             162.410     164.454     165.158     169.647     174.161     175.039     176.625
    NA              87.760      88.471      88.972      91.264      93.583      94.129      95.054

Between Level

 SPA_PR   ON
    ANHEDONIA       -0.016      -0.014      -0.012      -0.006       0.000       0.001       0.003

 SNA_PR   ON
    ANHEDONIA       -0.017      -0.013      -0.011      -0.004       0.004       0.006       0.008

 PER_REFL ON
    ANHEDONIA       -0.469      -0.389      -0.346      -0.119       0.111       0.149       0.237

 Means
    PA              42.920      43.525      43.837      45.495      47.075      47.385      47.984
    NA              13.143      13.634      13.864      15.040      16.179      16.401      16.787

 Intercepts
    PER_REFL        24.900      25.618      25.999      27.999      29.981      30.402      31.059
    SPA_PR           0.172       0.189       0.200       0.253       0.307       0.316       0.340
    SNA_PR           0.063       0.092       0.106       0.180       0.258       0.270       0.316

 Variances
    PA             105.435     111.465     115.623     138.747     168.941     175.120     189.897
    NA              56.145      60.391      62.736      76.035      91.795      95.127     102.103

 Residual Variances
    PER_REFL       168.629     179.075     185.062     224.598     274.838     285.332     305.087
    SPA_PR           0.034       0.042       0.047       0.073       0.103       0.111       0.124
    SNA_PR           0.028       0.048       0.059       0.121       0.192       0.208       0.242


CREDIBILITY INTERVALS OF STANDARDIZED MODEL RESULTS


STDYX Standardization

                  Lower .5%  Lower 2.5%    Lower 5%    Estimate    Upper 5%  Upper 2.5%   Upper .5%

Within Level

 PA       ON
    PA&1             0.000       0.000       0.000       0.000       0.000       0.000       0.000

 NA       ON
    NA&1             0.000       0.000       0.000       0.000       0.000       0.000       0.000

 PER_REFL WITH
    PA               0.000       0.000       0.000       0.000       0.000       0.000       0.000
    NA               0.000       0.000       0.000       0.000       0.000       0.000       0.000

 NA       WITH
    PA               0.000      -0.499       0.000      -0.481       0.000      -0.465       0.000

 Residual Variances
    PER_REFL         0.000       0.902       0.000       0.920       0.000       0.938       0.000
    PA               0.000       1.000       0.000       1.000       0.000       1.000       0.000
    NA               0.000       1.000       0.000       1.000       0.000       1.000       0.000

Between Level

 SPA_PR   ON
    ANHEDONIA       -0.378      -0.321      -0.288      -0.148      -0.011       0.019       0.077

 SNA_PR   ON
    ANHEDONIA       -0.319      -0.247      -0.215      -0.072       0.072       0.103       0.156

 PER_REFL ON
    ANHEDONIA       -0.194      -0.163      -0.146      -0.050       0.047       0.064       0.098

 Means
    PA               3.260       3.403       3.472       3.860       4.259       4.326       4.488
    NA               1.418       1.486       1.519       1.727       1.939       1.986       2.080

 Intercepts
    PER_REFL         1.521       1.595       1.636       1.861       2.099       2.142       2.224
    SPA_PR           0.577       0.639       0.685       0.924       1.222       1.298       1.478
    SNA_PR           0.172       0.249       0.290       0.521       0.846       0.942       1.266

 Variances
    PA               1.000       1.000       1.000       1.000       1.000       1.000       1.000
    NA               1.000       1.000       1.000       1.000       1.000       1.000       1.000

 Residual Variances
    PER_REFL         0.962       0.974       0.979       0.997       1.000       1.000       1.000
    SPA_PR           0.857       0.897       0.917       0.978       0.999       1.000       1.000
    SNA_PR           0.898       0.939       0.954       0.994       1.000       1.000       1.000


STDY Standardization

                  Lower .5%  Lower 2.5%    Lower 5%    Estimate    Upper 5%  Upper 2.5%   Upper .5%

Within Level

 PA       ON
    PA&1             0.000       0.000       0.000       0.000       0.000       0.000       0.000

 NA       ON
    NA&1             0.000       0.000       0.000       0.000       0.000       0.000       0.000

 PER_REFL WITH
    PA               0.000       0.000       0.000       0.000       0.000       0.000       0.000
    NA               0.000       0.000       0.000       0.000       0.000       0.000       0.000

 NA       WITH
    PA               0.000      -0.499       0.000      -0.481       0.000      -0.465       0.000

 Residual Variances
    PER_REFL         0.000       0.902       0.000       0.920       0.000       0.938       0.000
    PA               0.000       1.000       0.000       1.000       0.000       1.000       0.000
    NA               0.000       1.000       0.000       1.000       0.000       1.000       0.000

Between Level

 SPA_PR   ON
    ANHEDONIA       -0.060      -0.051      -0.045      -0.023      -0.002       0.003       0.012

 SNA_PR   ON
    ANHEDONIA       -0.050      -0.039      -0.034      -0.011       0.011       0.016       0.025

 PER_REFL ON
    ANHEDONIA       -0.031      -0.026      -0.023      -0.008       0.007       0.010       0.015

 Means
    PA               3.260       3.403       3.472       3.860       4.259       4.326       4.488
    NA               1.418       1.486       1.519       1.727       1.939       1.986       2.080

 Intercepts
    PER_REFL         1.521       1.595       1.636       1.861       2.099       2.142       2.224
    SPA_PR           0.577       0.639       0.685       0.924       1.222       1.298       1.478
    SNA_PR           0.172       0.249       0.290       0.521       0.846       0.942       1.266

 Variances
    PA               1.000       1.000       1.000       1.000       1.000       1.000       1.000
    NA               1.000       1.000       1.000       1.000       1.000       1.000       1.000

 Residual Variances
    PER_REFL         0.962       0.974       0.979       0.997       1.000       1.000       1.000
    SPA_PR           0.857       0.897       0.917       0.978       0.999       1.000       1.000
    SNA_PR           0.898       0.939       0.954       0.994       1.000       1.000       1.000


STD Standardization

                  Lower .5%  Lower 2.5%    Lower 5%    Estimate    Upper 5%  Upper 2.5%   Upper .5%

Within Level

 PA       ON
    PA&1             0.000       0.000       0.000       0.000       0.000       0.000       0.000

 NA       ON
    NA&1             0.000       0.000       0.000       0.000       0.000       0.000       0.000

 PER_REFL WITH
    PA               0.000       0.000       0.000       0.000       0.000       0.000       0.000
    NA               0.000       0.000       0.000       0.000       0.000       0.000       0.000

 NA       WITH
    PA               0.000     -63.205       0.000     -59.912       0.000     -56.978       0.000

 Residual Variances
    PER_REFL         0.000     311.992       0.000     323.501       0.000     336.077       0.000
    PA               0.000     164.357       0.000     169.678       0.000     174.949       0.000
    NA               0.000      88.427       0.000      91.255       0.000      94.107       0.000

Between Level

 SPA_PR   ON
    ANHEDONIA       -0.060      -0.051      -0.045      -0.023      -0.002       0.003       0.012

 SNA_PR   ON
    ANHEDONIA       -0.050      -0.039      -0.034      -0.011       0.011       0.016       0.025

 PER_REFL ON
    ANHEDONIA       -0.469      -0.389      -0.346      -0.119       0.111       0.149       0.237

 Means
    PA              42.920      43.525      43.837      45.495      47.075      47.385      47.984
    NA              13.143      13.634      13.864      15.040      16.179      16.401      16.787

 Intercepts
    PER_REFL        24.900      25.618      25.999      27.999      29.981      30.402      31.059
    SPA_PR           0.577       0.639       0.685       0.924       1.222       1.298       1.478
    SNA_PR           0.172       0.249       0.290       0.521       0.846       0.942       1.266

 Variances
    PA             105.435     111.465     115.623     138.747     168.941     175.120     189.897
    NA              56.145      60.391      62.736      76.035      91.795      95.127     102.103

 Residual Variances
    PER_REFL       168.629     179.075     185.062     224.598     274.838     285.332     305.087
    SPA_PR           0.857       0.897       0.917       0.978       0.999       1.000       1.000
    SNA_PR           0.898       0.939       0.954       0.994       1.000       1.000       1.000


TECHNICAL 1 OUTPUT


     PARAMETER SPECIFICATION FOR WITHIN


           NU
              PER_REFL      PA            NA            PA&1          NA&1
              ________      ________      ________      ________      ________
                    0             0             0             0             0


           LAMBDA
              PER_REFL      PA            NA            PA&1          NA&1
              ________      ________      ________      ________      ________
 PER_REFL           0             0             0             0             0
 PA                 0             0             0             0             0
 NA                 0             0             0             0             0
 PA&1               0             0             0             0             0
 NA&1               0             0             0             0             0


           THETA
              PER_REFL      PA            NA            PA&1          NA&1
              ________      ________      ________      ________      ________
 PER_REFL           0
 PA                 0             0
 NA                 0             0             0
 PA&1               0             0             0             0
 NA&1               0             0             0             0             0


           ALPHA
              PER_REFL      PA            NA            PA&1          NA&1
              ________      ________      ________      ________      ________
                    0             0             0             0             0


           BETA
              PER_REFL      PA            NA            PA&1          NA&1
              ________      ________      ________      ________      ________
 PER_REFL           0             0             0             0             0
 PA                 0             0             0             0             0
 NA                 0             0             0             0             0
 PA&1               0             0             0             0             0
 NA&1               0             0             0             0             0


           PSI
              PER_REFL      PA            NA            PA&1          NA&1
              ________      ________      ________      ________      ________
 PER_REFL           1
 PA                 0             2
 NA                 0             3             4
 PA&1               0             0             0             0
 NA&1               0             0             0             0             0


     PARAMETER SPECIFICATION FOR BETWEEN


           NU
              PER_REFL      PA            NA            ANHEDONI
              ________      ________      ________      ________
                    0             0             0             0


           LAMBDA
              SPA_PR        SNA_PR        PER_REFL      PA            NA
              ________      ________      ________      ________      ________
 PER_REFL           0             0             0             0             0
 PA                 0             0             0             0             0
 NA                 0             0             0             0             0
 ANHEDONI           0             0             0             0             0


           LAMBDA
              ANHEDONI
              ________
 PER_REFL           0
 PA                 0
 NA                 0
 ANHEDONI           0


           THETA
              PER_REFL      PA            NA            ANHEDONI
              ________      ________      ________      ________
 PER_REFL           0
 PA                 0             0
 NA                 0             0             0
 ANHEDONI           0             0             0             0


           ALPHA
              SPA_PR        SNA_PR        PER_REFL      PA            NA
              ________      ________      ________      ________      ________
                    5             6             7             8             9


           ALPHA
              ANHEDONI
              ________
                    0


           BETA
              SPA_PR        SNA_PR        PER_REFL      PA            NA
              ________      ________      ________      ________      ________
 SPA_PR             0             0             0             0             0
 SNA_PR             0             0             0             0             0
 PER_REFL           0             0             0             0             0
 PA                 0             0             0             0             0
 NA                 0             0             0             0             0
 ANHEDONI           0             0             0             0             0


           BETA
              ANHEDONI
              ________
 SPA_PR            10
 SNA_PR            11
 PER_REFL          12
 PA                 0
 NA                 0
 ANHEDONI           0


           PSI
              SPA_PR        SNA_PR        PER_REFL      PA            NA
              ________      ________      ________      ________      ________
 SPA_PR            13
 SNA_PR             0            14
 PER_REFL           0             0            15
 PA                 0             0             0            16
 NA                 0             0             0             0            17
 ANHEDONI           0             0             0             0             0


           PSI
              ANHEDONI
              ________
 ANHEDONI           0


     STARTING VALUES FOR WITHIN


           NU
              PER_REFL      PA            NA            PA&1          NA&1
              ________      ________      ________      ________      ________
                0.000         0.000         0.000         0.000         0.000


           LAMBDA
              PER_REFL      PA            NA            PA&1          NA&1
              ________      ________      ________      ________      ________
 PER_REFL       1.000         0.000         0.000         0.000         0.000
 PA             0.000         1.000         0.000         0.000         0.000
 NA             0.000         0.000         1.000         0.000         0.000
 PA&1           0.000         0.000         0.000         1.000         0.000
 NA&1           0.000         0.000         0.000         0.000         1.000


           THETA
              PER_REFL      PA            NA            PA&1          NA&1
              ________      ________      ________      ________      ________
 PER_REFL       0.000
 PA             0.000         0.000
 NA             0.000         0.000         0.000
 PA&1           0.000         0.000         0.000         0.000
 NA&1           0.000         0.000         0.000         0.000         0.000


           ALPHA
              PER_REFL      PA            NA            PA&1          NA&1
              ________      ________      ________      ________      ________
                0.000         0.000         0.000         0.000         0.000


           BETA
              PER_REFL      PA            NA            PA&1          NA&1
              ________      ________      ________      ________      ________
 PER_REFL       0.000         0.000         0.000         0.000         0.000
 PA             0.000         0.000         0.000         0.000         0.000
 NA             0.000         0.000         0.000         0.000         0.000
 PA&1           0.000         0.000         0.000         0.000         0.000
 NA&1           0.000         0.000         0.000         0.000         0.000


           PSI
              PER_REFL      PA            NA            PA&1          NA&1
              ________      ________      ________      ________      ________
 PER_REFL     285.193
 PA             0.000       150.944
 NA             0.000         0.000        81.427
 PA&1           0.000         0.000         0.000       151.025
 NA&1           0.000         0.000         0.000         0.000        81.335


     STARTING VALUES FOR BETWEEN


           NU
              PER_REFL      PA            NA            ANHEDONI
              ________      ________      ________      ________
                0.000         0.000         0.000         0.000


           LAMBDA
              SPA_PR        SNA_PR        PER_REFL      PA            NA
              ________      ________      ________      ________      ________
 PER_REFL       0.000         0.000         1.000         0.000         0.000
 PA             0.000         0.000         0.000         1.000         0.000
 NA             0.000         0.000         0.000         0.000         1.000
 ANHEDONI       0.000         0.000         0.000         0.000         0.000


           LAMBDA
              ANHEDONI
              ________
 PER_REFL       0.000
 PA             0.000
 NA             0.000
 ANHEDONI       1.000


           THETA
              PER_REFL      PA            NA            ANHEDONI
              ________      ________      ________      ________
 PER_REFL       0.000
 PA             0.000         0.000
 NA             0.000         0.000         0.000
 ANHEDONI       0.000         0.000         0.000         0.000


           ALPHA
              SPA_PR        SNA_PR        PER_REFL      PA            NA
              ________      ________      ________      ________      ________
                0.000         0.000        28.083        45.460        14.923


           ALPHA
              ANHEDONI
              ________
                0.000


           BETA
              SPA_PR        SNA_PR        PER_REFL      PA            NA
              ________      ________      ________      ________      ________
 SPA_PR         0.000         0.000         0.000         0.000         0.000
 SNA_PR         0.000         0.000         0.000         0.000         0.000
 PER_REFL       0.000         0.000         0.000         0.000         0.000
 PA             0.000         0.000         0.000         0.000         0.000
 NA             0.000         0.000         0.000         0.000         0.000
 ANHEDONI       0.000         0.000         0.000         0.000         0.000


           BETA
              ANHEDONI
              ________
 SPA_PR         0.000
 SNA_PR         0.000
 PER_REFL       0.000
 PA             0.000
 NA             0.000
 ANHEDONI       0.000


           PSI
              SPA_PR        SNA_PR        PER_REFL      PA            NA
              ________      ________      ________      ________      ________
 SPA_PR         1.000
 SNA_PR         0.000         1.000
 PER_REFL       0.000         0.000       285.193
 PA             0.000         0.000         0.000       150.944
 NA             0.000         0.000         0.000         0.000        81.427
 ANHEDONI       0.000         0.000         0.000         0.000         0.000


           PSI
              ANHEDONI
              ________
 ANHEDONI      40.324



     PRIORS FOR ALL PARAMETERS            PRIOR MEAN      PRIOR VARIANCE     PRIOR STD. DEV.

     Parameter 1~IG(-1.000,0.000)          infinity            infinity            infinity
     Parameter 2~IW(0.000,-3)              infinity            infinity            infinity
     Parameter 3~IW(0.000,-3)              infinity            infinity            infinity
     Parameter 4~IW(0.000,-3)              infinity            infinity            infinity
     Parameter 5~N(0.000,infinity)           0.0000            infinity            infinity
     Parameter 6~N(0.000,infinity)           0.0000            infinity            infinity
     Parameter 7~N(0.000,infinity)           0.0000            infinity            infinity
     Parameter 8~N(0.000,infinity)           0.0000            infinity            infinity
     Parameter 9~N(0.000,infinity)           0.0000            infinity            infinity
     Parameter 10~N(0.000,infinity)          0.0000            infinity            infinity
     Parameter 11~N(0.000,infinity)          0.0000            infinity            infinity
     Parameter 12~N(0.000,infinity)          0.0000            infinity            infinity
     Parameter 13~IG(-1.000,0.000)         infinity            infinity            infinity
     Parameter 14~IG(-1.000,0.000)         infinity            infinity            infinity
     Parameter 15~IG(-1.000,0.000)         infinity            infinity            infinity
     Parameter 16~IG(-1.000,0.000)         infinity            infinity            infinity
     Parameter 17~IG(-1.000,0.000)         infinity            infinity            infinity


TECHNICAL 8 OUTPUT


   TECHNICAL 8 OUTPUT FOR BAYES ESTIMATION

     PROCESSOR    BSEED
     1            0
     2            285380
     3            253358
     4            93468
     5            608496
     6            903420
     7            195873
     8            462953
     9            939021
     10           127215
     11           415931
     12           533738
     13           107446
     14           399671
     15           650371
     16           27071

                     POTENTIAL       PARAMETER WITH
     ITERATION    SCALE REDUCTION      HIGHEST PSR
     100              1.382               1
     200              1.036               6
     300              1.127               14
     400              1.070               5
     500              1.078               13
     600              1.065               13
     700              1.057               13
     800              1.045               13
     900              1.087               14
     1000             1.060               14
     1100             1.026               14
     1200             1.027               14
     1300             1.011               14
     1400             1.007               6
     1500             1.011               6
     1600             1.006               6
     1700             1.014               14
     1800             1.031               14
     1900             1.020               14
     2000             1.022               14
     2100             1.017               14
     2200             1.025               14
     2300             1.027               14
     2400             1.020               14
     2500             1.015               14
     2600             1.010               14
     2700             1.014               14
     2800             1.014               14
     2900             1.003               1


PLOT INFORMATION

The following plots are available:

  Histograms (sample values)
  Scatterplots (sample values)
  Between-level histograms (sample values, sample means/variances)
  Between-level scatterplots (sample values, sample means/variances)
  Time series plots (sample values, ACF, PACF)
  Histogram of subjects per time point
  Time interval plots
  Bayesian posterior parameter distributions
  Bayesian posterior parameter trace plots
  Bayesian autocorrelation plots

     Beginning Time:  18:38:58
        Ending Time:  18:40:33
       Elapsed Time:  00:01:35



MUTHEN & MUTHEN
3463 Stoner Ave.
Los Angeles, CA  90066

Tel: (310) 391-9971
Fax: (310) 391-8971
Web: www.StatModel.com
Support: Support@StatModel.com

Copyright (c) 1998-2022 Muthen & Muthen
