Mplus VERSION 8.8
MUTHEN & MUTHEN
08/25/2023   9:20 PM

INPUT INSTRUCTIONS


  DATA:
  FILE IS data14.dat;

  VARIABLE:   NAMES =
  	    Eth_ID Time Time_between Time_inc
  	    PA_enth NA_irri NA_verv PA_tevr PA_ener
       	    PA_kalm NA_nerv PA_daadk NA_verdr
  	    PA_vrol NA_boos PA_dankb NA_somb PER_att
      	    PER_refl PER_self PER_expr PER_damp
  	    PER_codamp PER_capit Sample age_yr gesl BDI
      	    Measures_valid BDI_anh Anhedonia
   	    BDI_sum PA NA day compliance;

              USEVARIABLES are PER_damp PA NA Anhedonia;
              MISSING is .;
              within = ;
              between = Anhedonia;
              cluster = Eth_ID;
              lagged= PA NA(1);
              tinterval=Time_inc (150);

  DEFINE:     CENTER Anhedonia (grandmean);

  ANALYSIS:   type = twolevel random;
              estimator = Bayes;
              biterations=(2000);
  !            bconvergence=0.005;
              thin=2;
              PROCESSORS=16;
  MODEL:
  %WITHIN%
  sPA_PR | PER_damp on PA&1;
  sNA_PR | PER_damp on NA&1;
  PA on PA&1@0;
  NA on NA&1@0;
  PER_damp with PA@0;
  PER_damp with NA@0;

  %between%
  sPA_PR sNA_PR on Anhedonia;
  PER_damp on Anhedonia;


  OUTPUT: standardized tech1 tech8 cinterval patterns;
  PLOT: TYPE = PLOT3;



*** WARNING in VARIABLE command
  Note that only the first 8 characters of variable names are used in the output.
  Shorten variable names to avoid any confusion.
*** WARNING in MODEL command
  A y-variable has been declared on the within level but not referred to on
  the between level.  Please check that this is what is intended.  If this is not intended,
  specify the variable as a within variable.  Problem with:  PA
*** WARNING in MODEL command
  A y-variable has been declared on the within level but not referred to on
  the between level.  Please check that this is what is intended.  If this is not intended,
  specify the variable as a within variable.  Problem with:  NA
*** WARNING in PLOT command
  Note that only the first 8 characters of variable names are used in plots.
  If variable names are not unique within the first 8 characters, problems
  may occur.
*** WARNING
  One or more individual-level variables have no variation within a
  cluster for the following clusters.

     Variable   Cluster IDs with no within-cluster variation

      PER_DAMP    82 71 148 165 127 177 180

*** WARNING
  Data set contains cases with missing on all variables.  Cases that appeared before the first
  case with observed data and that appeared after the last case with observed data were not
  included in the analysis.  Number of deleted cases:  679
   6 WARNING(S) FOUND IN THE INPUT INSTRUCTIONS




SUMMARY OF ANALYSIS

Number of groups                                                 1
Number of observations                                       20160

Number of dependent variables                                    3
Number of independent variables                                  3
Number of continuous latent variables                            2

Observed dependent variables

  Continuous
   PER_DAMP    PA          NA

Observed independent variables
   ANHEDONI    PA&1        NA&1

Continuous latent variables
   SPA_PR      SNA_PR

Variables with special functions

  Cluster variable      ETH_ID

  Within variables
   PA&1        NA&1

  Between variables
   ANHEDONI

  Centering (GRANDMEAN)
   ANHEDONI


Estimator                                                    BAYES
Specifications for Bayesian Estimation
  Point estimate                                            MEDIAN
  Number of Markov chain Monte Carlo (MCMC) chains               2
  Random seed for the first chain                                0
  Starting value information                           UNPERTURBED
  Algorithm used for Markov chain Monte Carlo           GIBBS(PX1)
  Convergence criterion                                  0.500D-01
  Maximum number of iterations                               50000
  K-th iteration used for thinning                               2

Input data file(s)
  data14.dat
Input data format  FREE


SUMMARY OF DATA

     Number of clusters                        159

       Size (s)    Cluster ID with Size s

         56        28
         80        82
         84        87
         88        72
         97        34
        101        10
        105        52
        108        119
        111        36
        113        182
        115        89 131
        116        15 188 75 77
        117        11
        118        16 66 49 57 195
        119        197 71 48 149 50 92 38 186 163 106
        120        55 168 7 108 148 192 61 98 165
        122        174
        123        127
        124        161 117 103 51
        125        53 54 13 40 44 88 30 68 100 93 105 112 123 73
        126        107 172 173 102 65 109 111 80 76 120
        127        70 177 133 62 139 118 110 25 115 67 46 104 178 126 193
                   32 86 198 147
        128        43 153 59 156 96 180 18 5
        129        141 144 125 3 185 146 135 190 187 39 137 116 69
        130        138 166 97 14
        133        191
        134        2
        135        194 63 60 183 201 200
        136        26 56
        137        95 4 9 22 19 42
        138        132 29 94
        139        45 74 35 37 84 21 79 145 114
        142        27
        143        179
        144        170 24 171
        145        1 124 162 20
        146        151 6 167
        147        142 31
        148        159 176



SUMMARY OF MISSING DATA PATTERNS

     Number of missing data patterns            13


     MISSING DATA PATTERNS (x = not missing)

           1  2  3  4  5  6  7  8  9 10 11 12 13
 PER_DAMP  x  x              x     x     x     x
 PA        x  x        x  x     x  x     x  x
 NA        x  x        x  x        x  x  x
 PA&1      x     x        x  x     x        x
 NA&1      x     x        x  x           x  x
 ANHEDONI  x  x  x  x  x  x  x  x  x  x  x  x  x


     MISSING DATA PATTERN FREQUENCIES

    Pattern   Frequency     Pattern   Frequency     Pattern   Frequency
          1        4881           6          57          11           1
          2        3214           7           3          12           1
          3        3121           8           4          13           1
          4        8808           9           5
          5          63          10           1


COVARIANCE COVERAGE OF DATA

Minimum covariance coverage value   0.100


     PROPORTION OF DATA PRESENT


           Covariance Coverage
              PER_DAMP      PA            NA            ANHEDONI
              ________      ________      ________      ________
 PER_DAMP       0.402
 PA             0.402         0.408
 NA             0.402         0.408         0.408
 ANHEDONI       0.402         0.408         0.408         1.000



UNIVARIATE SAMPLE STATISTICS


     UNIVARIATE HIGHER-ORDER MOMENT DESCRIPTIVE STATISTICS

         Variable/         Mean/     Skewness/   Minimum/ % with                Percentiles
        Sample Size      Variance    Kurtosis    Maximum  Min/Max      20%/60%    40%/80%    Median

     PER_DAMP             11.539       2.123       0.000   22.73%       0.000      5.000      7.000
            8105.000     221.235       4.572      91.000    0.01%       9.000     17.000
     PA                   45.572      -0.010       0.000    0.29%      30.857     41.571     46.143
            8226.000     302.012      -0.210     100.000    0.07%      50.286     60.286
     NA                   15.022       1.363       0.000    7.88%       5.000      9.400     11.800
            8222.000     159.132       1.947      79.000    0.01%      14.800     23.000
     ANHEDONIA             0.000       0.630     -18.380    0.63%      -7.330     -2.924     -0.934
             159.000      79.008       0.606      29.966    0.63%       1.234      6.118


THE MODEL ESTIMATION TERMINATED NORMALLY

     USE THE FBITERATIONS OPTION TO INCREASE THE NUMBER OF ITERATIONS BY A FACTOR
     OF AT LEAST TWO TO CHECK CONVERGENCE AND THAT THE PSR VALUE DOES NOT INCREASE.



MODEL FIT INFORMATION

Number of Free Parameters                              17

Information Criteria

          Deviance (DIC)                       490724.372
          Estimated Number of Parameters (pD)   36199.770



MODEL RESULTS

                                Posterior  One-Tailed         95% C.I.
                    Estimate       S.D.      P-Value   Lower 2.5%  Upper 2.5%  Significance

Within Level

 PA         ON
    PA&1               0.000       0.000      1.000       0.000       0.000

 NA         ON
    NA&1               0.000       0.000      1.000       0.000       0.000

 PER_DAMP WITH
    PA                 0.000       0.000      1.000       0.000       0.000
    NA                 0.000       0.000      1.000       0.000       0.000

 NA       WITH
    PA               -58.811       1.592      0.000     -61.940     -55.773      *

 Residual Variances
    PER_DAMP          96.704       1.844      0.000      93.290     100.491      *
    PA               173.576       2.738      0.000     168.342     178.769      *
    NA                94.051       1.492      0.000      91.270      97.054      *

Between Level

 SPA_PR     ON
    ANHEDONIA          0.002       0.003      0.215      -0.003       0.009

 SNA_PR     ON
    ANHEDONIA          0.006       0.003      0.024       0.000       0.012      *

 PER_DAMP   ON
    ANHEDONIA          0.074       0.095      0.212      -0.117       0.259

 Means
    PA                45.690       0.941      0.000      43.895      47.565      *
    NA                15.215       0.690      0.000      13.819      16.527      *

 Intercepts
    PER_DAMP          11.653       0.850      0.000      10.022      13.301      *
    SPA_PR             0.008       0.027      0.385      -0.042       0.061
    SNA_PR             0.130       0.029      0.000       0.075       0.190      *

 Variances
    PA               137.262      16.729      0.000     109.243     174.568      *
    NA                71.525       8.363      0.000      56.991      89.560      *

 Residual Variances
    PER_DAMP         112.952      13.578      0.000      89.184     143.796      *
    SPA_PR             0.066       0.011      0.000       0.048       0.089      *
    SNA_PR             0.076       0.015      0.000       0.050       0.108      *


STANDARDIZED MODEL RESULTS


STDYX Standardization

                                Posterior  One-Tailed         95% C.I.
                    Estimate       S.D.      P-Value   Lower 2.5%  Upper 2.5%  Significance

Within-Level Standardized Estimates Averaged Over Clusters

 SPA_PR | PER_DAMP ON
    PA&1               0.015       0.019      0.206      -0.018       0.054

 SNA_PR | PER_DAMP ON
    NA&1               0.111       0.016      0.000       0.079       0.144      *

 PA         ON
    PA&1               0.000       0.000      1.000       0.000       0.000

 NA         ON
    NA&1               0.000       0.000      1.000       0.000       0.000

 PER_DAMP WITH
    PA                 0.000       0.000      1.000       0.000       0.000
    NA                 0.000       0.000      1.000       0.000       0.000

 NA       WITH
    PA                -0.460       0.009      0.000      -0.478      -0.442      *

 Residual Variances
    PER_DAMP           0.872       0.008      0.000       0.857       0.886      *
    PA                 1.000       0.000      0.000       1.000       1.000
    NA                 1.000       0.000      0.000       1.000       1.000

Between Level

 SPA_PR     ON
    ANHEDONIA          0.057       0.073      0.215      -0.077       0.206

 SNA_PR     ON
    ANHEDONIA          0.138       0.070      0.024       0.000       0.271      *

 PER_DAMP   ON
    ANHEDONIA          0.044       0.056      0.212      -0.069       0.154

 Means
    PA                 3.903       0.249      0.000       3.441       4.398      *
    NA                 1.798       0.132      0.000       1.540       2.060      *

 Intercepts
    PER_DAMP           1.092       0.102      0.000       0.896       1.294      *
    SPA_PR             0.030       0.105      0.385      -0.160       0.242
    SNA_PR             0.468       0.115      0.000       0.260       0.713      *

 Variances
    PA                 1.000       0.000      0.000       1.000       1.000
    NA                 1.000       0.000      0.000       1.000       1.000

 Residual Variances
    PER_DAMP           0.997       0.006      0.000       0.976       1.000      *
    SPA_PR             0.996       0.012      0.000       0.957       1.000      *
    SNA_PR             0.981       0.020      0.000       0.927       1.000      *


STDY Standardization

                                Posterior  One-Tailed         95% C.I.
                    Estimate       S.D.      P-Value   Lower 2.5%  Upper 2.5%  Significance

Within-Level Standardized Estimates Averaged Over Clusters

 SPA_PR | PER_DAMP ON
    PA&1               0.001       0.001      0.206      -0.001       0.004

 SNA_PR | PER_DAMP ON
    NA&1               0.011       0.002      0.000       0.008       0.015      *

 PA         ON
    PA&1               0.000       0.000      1.000       0.000       0.000

 NA         ON
    NA&1               0.000       0.000      1.000       0.000       0.000

 PER_DAMP WITH
    PA                 0.000       0.000      1.000       0.000       0.000
    NA                 0.000       0.000      1.000       0.000       0.000

 NA       WITH
    PA                -0.460       0.009      0.000      -0.478      -0.442      *

 Residual Variances
    PER_DAMP           0.872       0.008      0.000       0.857       0.886      *
    PA                 1.000       0.000      0.000       1.000       1.000
    NA                 1.000       0.000      0.000       1.000       1.000

Between Level

 SPA_PR     ON
    ANHEDONIA          0.009       0.012      0.215      -0.012       0.032

 SNA_PR     ON
    ANHEDONIA          0.022       0.011      0.024       0.000       0.043      *

 PER_DAMP   ON
    ANHEDONIA          0.007       0.009      0.212      -0.011       0.024

 Means
    PA                 3.903       0.249      0.000       3.441       4.398      *
    NA                 1.798       0.132      0.000       1.540       2.060      *

 Intercepts
    PER_DAMP           1.092       0.102      0.000       0.896       1.294      *
    SPA_PR             0.030       0.105      0.385      -0.160       0.242
    SNA_PR             0.468       0.115      0.000       0.260       0.713      *

 Variances
    PA                 1.000       0.000      0.000       1.000       1.000
    NA                 1.000       0.000      0.000       1.000       1.000

 Residual Variances
    PER_DAMP           0.997       0.006      0.000       0.976       1.000      *
    SPA_PR             0.996       0.012      0.000       0.957       1.000      *
    SNA_PR             0.981       0.020      0.000       0.927       1.000      *


STD Standardization

                                Posterior  One-Tailed         95% C.I.
                    Estimate       S.D.      P-Value   Lower 2.5%  Upper 2.5%  Significance

Within-Level Standardized Estimates Averaged Over Clusters

 SPA_PR | PER_DAMP ON
    PA&1               0.007       0.017      0.338      -0.022       0.043

 SNA_PR | PER_DAMP ON
    NA&1               0.131       0.019      0.000       0.094       0.167      *

 PA         ON
    PA&1               0.000       0.000      1.000       0.000       0.000

 NA         ON
    NA&1               0.000       0.000      1.000       0.000       0.000

 PER_DAMP WITH
    PA                 0.000       0.000      1.000       0.000       0.000
    NA                 0.000       0.000      1.000       0.000       0.000

 NA       WITH
    PA               -58.811       1.592      0.000     -61.940     -55.773      *

 Residual Variances
    PER_DAMP          96.704       1.844      0.000      93.290     100.491      *
    PA               173.576       2.738      0.000     168.342     178.769      *
    NA                94.051       1.492      0.000      91.270      97.054      *

Between Level

 SPA_PR     ON
    ANHEDONIA          0.009       0.012      0.215      -0.012       0.032

 SNA_PR     ON
    ANHEDONIA          0.022       0.011      0.024       0.000       0.043      *

 PER_DAMP   ON
    ANHEDONIA          0.074       0.095      0.212      -0.117       0.259

 Means
    PA                45.690       0.941      0.000      43.895      47.565      *
    NA                15.215       0.690      0.000      13.819      16.527      *

 Intercepts
    PER_DAMP          11.653       0.850      0.000      10.022      13.301      *
    SPA_PR             0.030       0.105      0.385      -0.160       0.242
    SNA_PR             0.468       0.115      0.000       0.260       0.713      *

 Variances
    PA               137.262      16.729      0.000     109.243     174.568      *
    NA                71.525       8.363      0.000      56.991      89.560      *

 Residual Variances
    PER_DAMP         112.952      13.578      0.000      89.184     143.796      *
    SPA_PR             0.996       0.012      0.000       0.957       1.000      *
    SNA_PR             0.981       0.020      0.000       0.927       1.000      *


R-SQUARE

Within-Level R-Square Averaged Across Clusters

                                Posterior  One-Tailed         95% C.I.
    Variable        Estimate       S.D.      P-Value   Lower 2.5%  Upper 2.5%

    PER_DAMP           0.128       0.008      0.000       0.114       0.143
    PA                 0.000       0.000      1.000       0.000       0.000
    NA                 0.000       0.000      1.000       0.000       0.000

Between Level

                                Posterior  One-Tailed         95% C.I.
    Variable        Estimate       S.D.      P-Value   Lower 2.5%  Upper 2.5%

    PER_DAMP           0.003       0.006      0.000       0.000       0.024

                                Posterior  One-Tailed         95% C.I.
    Variable        Estimate       S.D.      P-Value   Lower 2.5%  Upper 2.5%

    SPA_PR             0.004       0.012      0.000       0.000       0.042
    SNA_PR             0.019       0.020      0.000       0.000       0.073


CREDIBILITY INTERVALS OF MODEL RESULTS

                  Lower .5%  Lower 2.5%    Lower 5%    Estimate    Upper 5%  Upper 2.5%   Upper .5%

Within Level

 PA       ON
    PA&1             0.000       0.000       0.000       0.000       0.000       0.000       0.000

 NA       ON
    NA&1             0.000       0.000       0.000       0.000       0.000       0.000       0.000

 PER_DAMP WITH
    PA               0.000       0.000       0.000       0.000       0.000       0.000       0.000
    NA               0.000       0.000       0.000       0.000       0.000       0.000       0.000

 NA       WITH
    PA             -63.146     -61.940     -61.483     -58.811     -56.259     -55.773     -54.844

 Residual Variances
    PER_DAMP        92.426      93.290      93.790      96.704      99.870     100.491     101.461
    PA             166.349     168.342     169.037     173.576     177.946     178.769     180.590
    NA              90.357      91.270      91.738      94.051      96.630      97.054      98.298

Between Level

 SPA_PR   ON
    ANHEDONIA       -0.005      -0.003      -0.002       0.002       0.008       0.009       0.011

 SNA_PR   ON
    ANHEDONIA       -0.002       0.000       0.001       0.006       0.011       0.012       0.014

 PER_DAMP ON
    ANHEDONIA       -0.182      -0.117      -0.089       0.074       0.230       0.259       0.315

 Means
    PA              43.121      43.895      44.184      45.690      47.278      47.565      47.959
    NA              13.365      13.819      14.047      15.215      16.289      16.527      16.953

 Intercepts
    PER_DAMP         9.470      10.022      10.304      11.653      13.115      13.301      13.855
    SPA_PR          -0.058      -0.042      -0.034       0.008       0.053       0.061       0.083
    SNA_PR           0.055       0.075       0.085       0.130       0.180       0.190       0.205

 Variances
    PA             100.325     109.243     113.163     137.262     167.374     174.568     185.673
    NA              53.691      56.991      59.351      71.525      86.869      89.560      98.730

 Residual Variances
    PER_DAMP        83.765      89.184      93.360     112.952     137.229     143.796     155.540
    SPA_PR           0.044       0.048       0.051       0.066       0.085       0.089       0.099
    SNA_PR           0.041       0.050       0.055       0.076       0.102       0.108       0.121


CREDIBILITY INTERVALS OF STANDARDIZED MODEL RESULTS


STDYX Standardization

                  Lower .5%  Lower 2.5%    Lower 5%    Estimate    Upper 5%  Upper 2.5%   Upper .5%

Within Level

 PA       ON
    PA&1             0.000       0.000       0.000       0.000       0.000       0.000       0.000

 NA       ON
    NA&1             0.000       0.000       0.000       0.000       0.000       0.000       0.000

 PER_DAMP WITH
    PA               0.000       0.000       0.000       0.000       0.000       0.000       0.000
    NA               0.000       0.000       0.000       0.000       0.000       0.000       0.000

 NA       WITH
    PA               0.000      -0.478       0.000      -0.460       0.000      -0.442       0.000

 Residual Variances
    PER_DAMP         0.000       0.857       0.000       0.872       0.000       0.886       0.000
    PA               0.000       1.000       0.000       1.000       0.000       1.000       0.000
    NA               0.000       1.000       0.000       1.000       0.000       1.000       0.000

Between Level

 SPA_PR   ON
    ANHEDONIA       -0.117      -0.077      -0.056       0.057       0.182       0.206       0.249

 SNA_PR   ON
    ANHEDONIA       -0.042       0.000       0.019       0.138       0.247       0.271       0.307

 PER_DAMP ON
    ANHEDONIA       -0.106      -0.069      -0.053       0.044       0.135       0.154       0.179

 Means
    PA               3.301       3.441       3.504       3.903       4.333       4.398       4.554
    NA               1.469       1.540       1.575       1.798       2.020       2.060       2.132

 Intercepts
    PER_DAMP         0.839       0.896       0.928       1.092       1.260       1.294       1.355
    SPA_PR          -0.225      -0.160      -0.134       0.030       0.208       0.242       0.316
    SNA_PR           0.190       0.260       0.291       0.468       0.671       0.713       0.798

 Variances
    PA               1.000       1.000       1.000       1.000       1.000       1.000       1.000
    NA               1.000       1.000       1.000       1.000       1.000       1.000       1.000

 Residual Variances
    PER_DAMP         0.968       0.976       0.982       0.997       1.000       1.000       1.000
    SPA_PR           0.933       0.957       0.967       0.996       1.000       1.000       1.000
    SNA_PR           0.903       0.927       0.939       0.981       0.999       1.000       1.000


STDY Standardization

                  Lower .5%  Lower 2.5%    Lower 5%    Estimate    Upper 5%  Upper 2.5%   Upper .5%

Within Level

 PA       ON
    PA&1             0.000       0.000       0.000       0.000       0.000       0.000       0.000

 NA       ON
    NA&1             0.000       0.000       0.000       0.000       0.000       0.000       0.000

 PER_DAMP WITH
    PA               0.000       0.000       0.000       0.000       0.000       0.000       0.000
    NA               0.000       0.000       0.000       0.000       0.000       0.000       0.000

 NA       WITH
    PA               0.000      -0.478       0.000      -0.460       0.000      -0.442       0.000

 Residual Variances
    PER_DAMP         0.000       0.857       0.000       0.872       0.000       0.886       0.000
    PA               0.000       1.000       0.000       1.000       0.000       1.000       0.000
    NA               0.000       1.000       0.000       1.000       0.000       1.000       0.000

Between Level

 SPA_PR   ON
    ANHEDONIA       -0.018      -0.012      -0.009       0.009       0.029       0.032       0.039

 SNA_PR   ON
    ANHEDONIA       -0.007       0.000       0.003       0.022       0.039       0.043       0.048

 PER_DAMP ON
    ANHEDONIA       -0.017      -0.011      -0.008       0.007       0.021       0.024       0.028

 Means
    PA               3.301       3.441       3.504       3.903       4.333       4.398       4.554
    NA               1.469       1.540       1.575       1.798       2.020       2.060       2.132

 Intercepts
    PER_DAMP         0.839       0.896       0.928       1.092       1.260       1.294       1.355
    SPA_PR          -0.225      -0.160      -0.134       0.030       0.208       0.242       0.316
    SNA_PR           0.190       0.260       0.291       0.468       0.671       0.713       0.798

 Variances
    PA               1.000       1.000       1.000       1.000       1.000       1.000       1.000
    NA               1.000       1.000       1.000       1.000       1.000       1.000       1.000

 Residual Variances
    PER_DAMP         0.968       0.976       0.982       0.997       1.000       1.000       1.000
    SPA_PR           0.933       0.957       0.967       0.996       1.000       1.000       1.000
    SNA_PR           0.903       0.927       0.939       0.981       0.999       1.000       1.000


STD Standardization

                  Lower .5%  Lower 2.5%    Lower 5%    Estimate    Upper 5%  Upper 2.5%   Upper .5%

Within Level

 PA       ON
    PA&1             0.000       0.000       0.000       0.000       0.000       0.000       0.000

 NA       ON
    NA&1             0.000       0.000       0.000       0.000       0.000       0.000       0.000

 PER_DAMP WITH
    PA               0.000       0.000       0.000       0.000       0.000       0.000       0.000
    NA               0.000       0.000       0.000       0.000       0.000       0.000       0.000

 NA       WITH
    PA               0.000     -61.940       0.000     -58.811       0.000     -55.773       0.000

 Residual Variances
    PER_DAMP         0.000      93.290       0.000      96.704       0.000     100.491       0.000
    PA               0.000     168.342       0.000     173.576       0.000     178.769       0.000
    NA               0.000      91.270       0.000      94.051       0.000      97.054       0.000

Between Level

 SPA_PR   ON
    ANHEDONIA       -0.018      -0.012      -0.009       0.009       0.029       0.032       0.039

 SNA_PR   ON
    ANHEDONIA       -0.007       0.000       0.003       0.022       0.039       0.043       0.048

 PER_DAMP ON
    ANHEDONIA       -0.182      -0.117      -0.089       0.074       0.230       0.259       0.315

 Means
    PA              43.121      43.895      44.184      45.690      47.278      47.565      47.959
    NA              13.365      13.819      14.047      15.215      16.289      16.527      16.953

 Intercepts
    PER_DAMP         9.470      10.022      10.304      11.653      13.115      13.301      13.855
    SPA_PR          -0.225      -0.160      -0.134       0.030       0.208       0.242       0.316
    SNA_PR           0.190       0.260       0.291       0.468       0.671       0.713       0.798

 Variances
    PA             100.325     109.243     113.163     137.262     167.374     174.568     185.673
    NA              53.691      56.991      59.351      71.525      86.869      89.560      98.730

 Residual Variances
    PER_DAMP        83.765      89.184      93.360     112.952     137.229     143.796     155.540
    SPA_PR           0.933       0.957       0.967       0.996       1.000       1.000       1.000
    SNA_PR           0.903       0.927       0.939       0.981       0.999       1.000       1.000


TECHNICAL 1 OUTPUT


     PARAMETER SPECIFICATION FOR WITHIN


           NU
              PER_DAMP      PA            NA            PA&1          NA&1
              ________      ________      ________      ________      ________
                    0             0             0             0             0


           LAMBDA
              PER_DAMP      PA            NA            PA&1          NA&1
              ________      ________      ________      ________      ________
 PER_DAMP           0             0             0             0             0
 PA                 0             0             0             0             0
 NA                 0             0             0             0             0
 PA&1               0             0             0             0             0
 NA&1               0             0             0             0             0


           THETA
              PER_DAMP      PA            NA            PA&1          NA&1
              ________      ________      ________      ________      ________
 PER_DAMP           0
 PA                 0             0
 NA                 0             0             0
 PA&1               0             0             0             0
 NA&1               0             0             0             0             0


           ALPHA
              PER_DAMP      PA            NA            PA&1          NA&1
              ________      ________      ________      ________      ________
                    0             0             0             0             0


           BETA
              PER_DAMP      PA            NA            PA&1          NA&1
              ________      ________      ________      ________      ________
 PER_DAMP           0             0             0             0             0
 PA                 0             0             0             0             0
 NA                 0             0             0             0             0
 PA&1               0             0             0             0             0
 NA&1               0             0             0             0             0


           PSI
              PER_DAMP      PA            NA            PA&1          NA&1
              ________      ________      ________      ________      ________
 PER_DAMP           1
 PA                 0             2
 NA                 0             3             4
 PA&1               0             0             0             0
 NA&1               0             0             0             0             0


     PARAMETER SPECIFICATION FOR BETWEEN


           NU
              PER_DAMP      PA            NA            ANHEDONI
              ________      ________      ________      ________
                    0             0             0             0


           LAMBDA
              SPA_PR        SNA_PR        PER_DAMP      PA            NA
              ________      ________      ________      ________      ________
 PER_DAMP           0             0             0             0             0
 PA                 0             0             0             0             0
 NA                 0             0             0             0             0
 ANHEDONI           0             0             0             0             0


           LAMBDA
              ANHEDONI
              ________
 PER_DAMP           0
 PA                 0
 NA                 0
 ANHEDONI           0


           THETA
              PER_DAMP      PA            NA            ANHEDONI
              ________      ________      ________      ________
 PER_DAMP           0
 PA                 0             0
 NA                 0             0             0
 ANHEDONI           0             0             0             0


           ALPHA
              SPA_PR        SNA_PR        PER_DAMP      PA            NA
              ________      ________      ________      ________      ________
                    5             6             7             8             9


           ALPHA
              ANHEDONI
              ________
                    0


           BETA
              SPA_PR        SNA_PR        PER_DAMP      PA            NA
              ________      ________      ________      ________      ________
 SPA_PR             0             0             0             0             0
 SNA_PR             0             0             0             0             0
 PER_DAMP           0             0             0             0             0
 PA                 0             0             0             0             0
 NA                 0             0             0             0             0
 ANHEDONI           0             0             0             0             0


           BETA
              ANHEDONI
              ________
 SPA_PR            10
 SNA_PR            11
 PER_DAMP          12
 PA                 0
 NA                 0
 ANHEDONI           0


           PSI
              SPA_PR        SNA_PR        PER_DAMP      PA            NA
              ________      ________      ________      ________      ________
 SPA_PR            13
 SNA_PR             0            14
 PER_DAMP           0             0            15
 PA                 0             0             0            16
 NA                 0             0             0             0            17
 ANHEDONI           0             0             0             0             0


           PSI
              ANHEDONI
              ________
 ANHEDONI           0


     STARTING VALUES FOR WITHIN


           NU
              PER_DAMP      PA            NA            PA&1          NA&1
              ________      ________      ________      ________      ________
                0.000         0.000         0.000         0.000         0.000


           LAMBDA
              PER_DAMP      PA            NA            PA&1          NA&1
              ________      ________      ________      ________      ________
 PER_DAMP       1.000         0.000         0.000         0.000         0.000
 PA             0.000         1.000         0.000         0.000         0.000
 NA             0.000         0.000         1.000         0.000         0.000
 PA&1           0.000         0.000         0.000         1.000         0.000
 NA&1           0.000         0.000         0.000         0.000         1.000


           THETA
              PER_DAMP      PA            NA            PA&1          NA&1
              ________      ________      ________      ________      ________
 PER_DAMP       0.000
 PA             0.000         0.000
 NA             0.000         0.000         0.000
 PA&1           0.000         0.000         0.000         0.000
 NA&1           0.000         0.000         0.000         0.000         0.000


           ALPHA
              PER_DAMP      PA            NA            PA&1          NA&1
              ________      ________      ________      ________      ________
                0.000         0.000         0.000         0.000         0.000


           BETA
              PER_DAMP      PA            NA            PA&1          NA&1
              ________      ________      ________      ________      ________
 PER_DAMP       0.000         0.000         0.000         0.000         0.000
 PA             0.000         0.000         0.000         0.000         0.000
 NA             0.000         0.000         0.000         0.000         0.000
 PA&1           0.000         0.000         0.000         0.000         0.000
 NA&1           0.000         0.000         0.000         0.000         0.000


           PSI
              PER_DAMP      PA            NA            PA&1          NA&1
              ________      ________      ________      ________      ________
 PER_DAMP     110.617
 PA             0.000       151.006
 NA             0.000         0.000        79.566
 PA&1           0.000         0.000         0.000       151.126
 NA&1           0.000         0.000         0.000         0.000        79.451


     STARTING VALUES FOR BETWEEN


           NU
              PER_DAMP      PA            NA            ANHEDONI
              ________      ________      ________      ________
                0.000         0.000         0.000         0.000


           LAMBDA
              SPA_PR        SNA_PR        PER_DAMP      PA            NA
              ________      ________      ________      ________      ________
 PER_DAMP       0.000         0.000         1.000         0.000         0.000
 PA             0.000         0.000         0.000         1.000         0.000
 NA             0.000         0.000         0.000         0.000         1.000
 ANHEDONI       0.000         0.000         0.000         0.000         0.000


           LAMBDA
              ANHEDONI
              ________
 PER_DAMP       0.000
 PA             0.000
 NA             0.000
 ANHEDONI       1.000


           THETA
              PER_DAMP      PA            NA            ANHEDONI
              ________      ________      ________      ________
 PER_DAMP       0.000
 PA             0.000         0.000
 NA             0.000         0.000         0.000
 ANHEDONI       0.000         0.000         0.000         0.000


           ALPHA
              SPA_PR        SNA_PR        PER_DAMP      PA            NA
              ________      ________      ________      ________      ________
                0.000         0.000        11.539        45.572        15.022


           ALPHA
              ANHEDONI
              ________
                0.000


           BETA
              SPA_PR        SNA_PR        PER_DAMP      PA            NA
              ________      ________      ________      ________      ________
 SPA_PR         0.000         0.000         0.000         0.000         0.000
 SNA_PR         0.000         0.000         0.000         0.000         0.000
 PER_DAMP       0.000         0.000         0.000         0.000         0.000
 PA             0.000         0.000         0.000         0.000         0.000
 NA             0.000         0.000         0.000         0.000         0.000
 ANHEDONI       0.000         0.000         0.000         0.000         0.000


           BETA
              ANHEDONI
              ________
 SPA_PR         0.000
 SNA_PR         0.000
 PER_DAMP       0.000
 PA             0.000
 NA             0.000
 ANHEDONI       0.000


           PSI
              SPA_PR        SNA_PR        PER_DAMP      PA            NA
              ________      ________      ________      ________      ________
 SPA_PR         1.000
 SNA_PR         0.000         1.000
 PER_DAMP       0.000         0.000       110.617
 PA             0.000         0.000         0.000       151.006
 NA             0.000         0.000         0.000         0.000        79.566
 ANHEDONI       0.000         0.000         0.000         0.000         0.000


           PSI
              ANHEDONI
              ________
 ANHEDONI      40.163



     PRIORS FOR ALL PARAMETERS            PRIOR MEAN      PRIOR VARIANCE     PRIOR STD. DEV.

     Parameter 1~IG(-1.000,0.000)          infinity            infinity            infinity
     Parameter 2~IW(0.000,-3)              infinity            infinity            infinity
     Parameter 3~IW(0.000,-3)              infinity            infinity            infinity
     Parameter 4~IW(0.000,-3)              infinity            infinity            infinity
     Parameter 5~N(0.000,infinity)           0.0000            infinity            infinity
     Parameter 6~N(0.000,infinity)           0.0000            infinity            infinity
     Parameter 7~N(0.000,infinity)           0.0000            infinity            infinity
     Parameter 8~N(0.000,infinity)           0.0000            infinity            infinity
     Parameter 9~N(0.000,infinity)           0.0000            infinity            infinity
     Parameter 10~N(0.000,infinity)          0.0000            infinity            infinity
     Parameter 11~N(0.000,infinity)          0.0000            infinity            infinity
     Parameter 12~N(0.000,infinity)          0.0000            infinity            infinity
     Parameter 13~IG(-1.000,0.000)         infinity            infinity            infinity
     Parameter 14~IG(-1.000,0.000)         infinity            infinity            infinity
     Parameter 15~IG(-1.000,0.000)         infinity            infinity            infinity
     Parameter 16~IG(-1.000,0.000)         infinity            infinity            infinity
     Parameter 17~IG(-1.000,0.000)         infinity            infinity            infinity


TECHNICAL 8 OUTPUT


   TECHNICAL 8 OUTPUT FOR BAYES ESTIMATION

     PROCESSOR    BSEED
     1            0
     2            285380
     3            253358
     4            93468
     5            608496
     6            903420
     7            195873
     8            462953
     9            939021
     10           127215
     11           415931
     12           533738
     13           107446
     14           399671
     15           650371
     16           27071

                     POTENTIAL       PARAMETER WITH
     ITERATION    SCALE REDUCTION      HIGHEST PSR
     100              1.222               13
     200              1.040               6
     300              1.063               14
     400              1.020               14
     500              1.003               4
     600              1.007               13
     700              1.005               8
     800              1.008               13
     900              1.013               1
     1000             1.027               13
     1100             1.049               1
     1200             1.065               1
     1300             1.092               1
     1400             1.110               5
     1500             1.131               5
     1600             1.130               5
     1700             1.129               5
     1800             1.114               5
     1900             1.097               5
     2000             1.065               5


PLOT INFORMATION

The following plots are available:

  Histograms (sample values)
  Scatterplots (sample values)
  Between-level histograms (sample values, sample means/variances)
  Between-level scatterplots (sample values, sample means/variances)
  Time series plots (sample values, ACF, PACF)
  Histogram of subjects per time point
  Time interval plots
  Bayesian posterior parameter distributions
  Bayesian posterior parameter trace plots
  Bayesian autocorrelation plots

     Beginning Time:  21:20:34
        Ending Time:  21:21:45
       Elapsed Time:  00:01:11



MUTHEN & MUTHEN
3463 Stoner Ave.
Los Angeles, CA  90066

Tel: (310) 391-9971
Fax: (310) 391-8971
Web: www.StatModel.com
Support: Support@StatModel.com

Copyright (c) 1998-2022 Muthen & Muthen
