Mplus VERSION 8.8
MUTHEN & MUTHEN
07/13/2023   4:29 PM

INPUT INSTRUCTIONS


  DATA:
  FILE IS data4.dat;

  VARIABLE:   NAMES =
  	    Eth_ID Time Time_between Time_inc
  	    PA_enth NA_irri NA_verv PA_tevr PA_ener
       	    PA_kalm NA_nerv PA_daadk NA_verdr
  	    PA_vrol NA_boos PA_dankb NA_somb PER_att
      	    PER_refl PER_self PER_expr PER_damp
  	    PER_codamp PER_capit Sample age_yr gesl BDI
      	    Measures_valid BDI_anh Anhedonia
   	    BDI_sum PA NA day compliance;

              USEVARIABLES are PER_capit PA NA Anhedonia;
              MISSING is .;
              within = ;
              between = Anhedonia;
              cluster = Eth_ID;
              lagged= PA NA(1);
              tinterval=Time_inc (150);

  DEFINE:     CENTER Anhedonia (grandmean);

  ANALYSIS:   type = twolevel random;
              estimator = Bayes;
              biterations=(2000);
              bconvergence=0.005;
              thin=2;
              PROCESSORS=16;
  MODEL:
  %WITHIN%
  sPA_PR | PER_capit on PA&1;
  sNA_PR | PER_capit on NA&1;
  PA on PA&1@0;
  NA on NA&1@0;
  PER_capit with PA@0;
  PER_capit with NA@0;

  %between%
  sPA_PR sNA_PR on Anhedonia;
  PER_capit on Anhedonia;


  OUTPUT: standardized tech1 tech8 cinterval patterns;
  PLOT: TYPE = PLOT3;



*** WARNING in VARIABLE command
  Note that only the first 8 characters of variable names are used in the output.
  Shorten variable names to avoid any confusion.
*** WARNING in MODEL command
  A y-variable has been declared on the within level but not referred to on
  the between level.  Please check that this is what is intended.  If this is not intended,
  specify the variable as a within variable.  Problem with:  PA
*** WARNING in MODEL command
  A y-variable has been declared on the within level but not referred to on
  the between level.  Please check that this is what is intended.  If this is not intended,
  specify the variable as a within variable.  Problem with:  NA
*** WARNING in PLOT command
  Note that only the first 8 characters of variable names are used in plots.
  If variable names are not unique within the first 8 characters, problems
  may occur.
*** WARNING
  One or more individual-level variables have no variation within a
  cluster for the following clusters.

     Variable   Cluster IDs with no within-cluster variation

      PER_CAPI    165 127 73 177

*** WARNING
  Data set contains cases with missing on all variables.  Cases that appeared before the first
  case with observed data and that appeared after the last case with observed data were not
  included in the analysis.  Number of deleted cases:  785
   6 WARNING(S) FOUND IN THE INPUT INSTRUCTIONS




SUMMARY OF ANALYSIS

Number of groups                                                 1
Number of observations                                       22024

Number of dependent variables                                    3
Number of independent variables                                  3
Number of continuous latent variables                            2

Observed dependent variables

  Continuous
   PER_CAPIT   PA          NA

Observed independent variables
   ANHEDONI    PA&1        NA&1

Continuous latent variables
   SPA_PR      SNA_PR

Variables with special functions

  Cluster variable      ETH_ID

  Within variables
   PA&1        NA&1

  Between variables
   ANHEDONI

  Centering (GRANDMEAN)
   ANHEDONI


Estimator                                                    BAYES
Specifications for Bayesian Estimation
  Point estimate                                            MEDIAN
  Number of Markov chain Monte Carlo (MCMC) chains               2
  Random seed for the first chain                                0
  Starting value information                           UNPERTURBED
  Algorithm used for Markov chain Monte Carlo           GIBBS(PX1)
  Convergence criterion                                  0.500D-02
  Maximum number of iterations                               50000
  K-th iteration used for thinning                               2

Input data file(s)
  data4.dat
Input data format  FREE


SUMMARY OF DATA

     Number of clusters                        179

       Size (s)    Cluster ID with Size s

         30        83
         33        8
         41        58
         43        41
         56        28
         58        33
         67        121
         80        82
         84        87
         88        72
         89        143
         96        113
         97        34
        100        157 134
        101        10
        103        164
        105        52
        106        154
        108        119
        109        90
        111        36
        113        182
        115        131 89
        116        15 75 77 188 78
        117        11
        118        16 49 57 66 195
        119        71 149 48 50 106 92 38 186 163 197
        120        168 148 108 7 192 98 61 165 55
        121        189
        122        174
        123        127
        124        184 161 51 103 117
        125        54 13 112 88 30 44 40 53 68 93 100 105 123 73
        126        111 102 65 76 109 120 107 80 172 173
        127        133 70 62 104 32 139 115 25 67 46 86 178 193 126 110
                   130 198 147 118 177
        128        5 153 156 180 96 18 196 59 43
        129        141 39 125 116 190 3 185 135 187 137 146 144 69
        130        166 14 97 138
        133        191
        134        2
        135        60 194 63 201 183 200
        136        26 56 122
        137        155 95 9 4 22 42 19
        138        94 132 29
        139        35 37 79 74 21 145 84 114 45
        142        27
        143        179
        144        170 24 171
        145        124 1 162 20
        146        6 151 167
        147        31 142
        148        176 159



SUMMARY OF MISSING DATA PATTERNS

     Number of missing data patterns            14


     MISSING DATA PATTERNS (x = not missing)

           1  2  3  4  5  6  7  8  9 10 11 12 13 14
 PER_CAPI  x  x              x           x     x  x
 PA        x  x        x  x     x     x  x     x
 NA        x  x        x  x              x  x  x
 PA&1      x     x        x  x  x  x     x
 NA&1      x     x        x  x  x              x
 ANHEDONI  x  x  x  x  x  x  x  x  x  x  x  x  x  x


     MISSING DATA PATTERN FREQUENCIES

    Pattern   Frequency     Pattern   Frequency     Pattern   Frequency
          1        4982           6          64          11           5
          2        3423           7           3          12           1
          3        3324           8           2          13           1
          4       10135           9           1          14           1
          5          78          10           4


COVARIANCE COVERAGE OF DATA

Minimum covariance coverage value   0.100


     PROPORTION OF DATA PRESENT


           Covariance Coverage
              PER_CAPI      PA            NA            ANHEDONI
              ________      ________      ________      ________
 PER_CAPI       0.382
 PA             0.382         0.389
 NA             0.382         0.388         0.388
 ANHEDONI       0.382         0.389         0.388         1.000



UNIVARIATE SAMPLE STATISTICS


     UNIVARIATE HIGHER-ORDER MOMENT DESCRIPTIVE STATISTICS

         Variable/         Mean/     Skewness/   Minimum/ % with                Percentiles
        Sample Size      Variance    Kurtosis    Maximum  Min/Max      20%/60%    40%/80%    Median

     PER_CAPIT            24.146       0.984       0.000   16.36%       3.000      8.000     11.000
            8415.000     670.316      -0.190     100.000    0.99%      20.000     51.000
     PA                   45.669      -0.016       0.000    0.28%      30.857     41.714     46.143
            8559.000     302.149      -0.232     100.000    0.07%      50.429     60.429
     NA                   15.162       1.398       0.000    6.98%       5.167      9.333     11.667
            8554.000     166.308       1.946      80.667    0.01%      14.500     23.333
     ANHEDONIA             0.000       0.575     -18.053    0.56%      -7.399     -2.782     -0.678
             179.000      77.664       0.629      30.293    0.56%       1.530      6.218


THE MODEL ESTIMATION TERMINATED NORMALLY

     USE THE FBITERATIONS OPTION TO INCREASE THE NUMBER OF ITERATIONS BY A FACTOR
     OF AT LEAST TWO TO CHECK CONVERGENCE AND THAT THE PSR VALUE DOES NOT INCREASE.



MODEL FIT INFORMATION

Number of Free Parameters                              17

Information Criteria

          Deviance (DIC)                       564997.868
          Estimated Number of Parameters (pD)   41006.649



MODEL RESULTS

                                Posterior  One-Tailed         95% C.I.
                    Estimate       S.D.      P-Value   Lower 2.5%  Upper 2.5%  Significance

Within Level

 PA         ON
    PA&1               0.000       0.000      1.000       0.000       0.000

 NA         ON
    NA&1               0.000       0.000      1.000       0.000       0.000

 PER_CAPI WITH
    PA                 0.000       0.000      1.000       0.000       0.000
    NA                 0.000       0.000      1.000       0.000       0.000

 NA       WITH
    PA               -60.469       1.548      0.000     -63.622     -57.640      *

 Residual Variances
    PER_CAPIT        346.946       6.367      0.000     335.067     360.115      *
    PA               172.311       2.670      0.000     167.281     177.786      *
    NA                93.480       1.416      0.000      90.701      96.277      *

Between Level

 SPA_PR     ON
    ANHEDONIA         -0.007       0.004      0.030      -0.015       0.000

 SNA_PR     ON
    ANHEDONIA         -0.009       0.005      0.045      -0.019       0.001

 PER_CAPIT  ON
    ANHEDONIA         -0.300       0.148      0.017      -0.602      -0.022      *

 Means
    PA                45.937       0.869      0.000      44.220      47.616      *
    NA                15.702       0.681      0.000      14.393      17.000      *

 Intercepts
    PER_CAPIT         24.806       1.298      0.000      22.348      27.382      *
    SPA_PR             0.247       0.035      0.000       0.180       0.316      *
    SNA_PR             0.232       0.047      0.000       0.138       0.322      *

 Variances
    PA               132.133      14.989      0.000     105.923     165.629      *
    NA                76.786       8.613      0.000      62.479      96.230      *

 Residual Variances
    PER_CAPIT        294.123      33.340      0.000     238.878     366.916      *
    SPA_PR             0.103       0.023      0.000       0.067       0.157      *
    SNA_PR             0.143       0.043      0.000       0.070       0.235      *


STANDARDIZED MODEL RESULTS


STDYX Standardization

                                Posterior  One-Tailed         95% C.I.
                    Estimate       S.D.      P-Value   Lower 2.5%  Upper 2.5%  Significance

Within-Level Standardized Estimates Averaged Over Clusters

 SPA_PR | PER_CAPIT ON
    PA&1               0.160       0.016      0.000       0.127       0.191      *

 SNA_PR | PER_CAPIT ON
    NA&1               0.112       0.018      0.000       0.079       0.146      *

 PA         ON
    PA&1               0.000       0.000      1.000       0.000       0.000

 NA         ON
    NA&1               0.000       0.000      1.000       0.000       0.000

 PER_CAPI WITH
    PA                 0.000       0.000      1.000       0.000       0.000
    NA                 0.000       0.000      1.000       0.000       0.000

 NA       WITH
    PA                -0.477       0.009      0.000      -0.494      -0.460      *

 Residual Variances
    PER_CAPIT          0.908       0.010      0.000       0.888       0.927      *
    PA                 1.000       0.000      0.000       1.000       1.000
    NA                 1.000       0.000      0.000       1.000       1.000

Between Level

 SPA_PR     ON
    ANHEDONIA         -0.142       0.072      0.030      -0.278       0.005

 SNA_PR     ON
    ANHEDONIA         -0.145       0.085      0.045      -0.316       0.020

 PER_CAPIT  ON
    ANHEDONIA         -0.109       0.053      0.017      -0.214      -0.008      *

 Means
    PA                 4.000       0.233      0.000       3.549       4.465      *
    NA                 1.793       0.126      0.000       1.542       2.040      *

 Intercepts
    PER_CAPIT          1.434       0.108      0.000       1.225       1.647      *
    SPA_PR             0.762       0.136      0.000       0.522       1.055      *
    SNA_PR             0.612       0.153      0.000       0.338       0.943      *

 Variances
    PA                 1.000       0.000      0.000       1.000       1.000
    NA                 1.000       0.000      0.000       1.000       1.000

 Residual Variances
    PER_CAPIT          0.988       0.012      0.000       0.954       1.000      *
    SPA_PR             0.980       0.021      0.000       0.923       1.000      *
    SNA_PR             0.979       0.028      0.000       0.900       1.000      *


STDY Standardization

                                Posterior  One-Tailed         95% C.I.
                    Estimate       S.D.      P-Value   Lower 2.5%  Upper 2.5%  Significance

Within-Level Standardized Estimates Averaged Over Clusters

 SPA_PR | PER_CAPIT ON
    PA&1               0.012       0.001      0.000       0.010       0.015      *

 SNA_PR | PER_CAPIT ON
    NA&1               0.012       0.002      0.000       0.008       0.015      *

 PA         ON
    PA&1               0.000       0.000      1.000       0.000       0.000

 NA         ON
    NA&1               0.000       0.000      1.000       0.000       0.000

 PER_CAPI WITH
    PA                 0.000       0.000      1.000       0.000       0.000
    NA                 0.000       0.000      1.000       0.000       0.000

 NA       WITH
    PA                -0.477       0.009      0.000      -0.494      -0.460      *

 Residual Variances
    PER_CAPIT          0.908       0.010      0.000       0.888       0.927      *
    PA                 1.000       0.000      0.000       1.000       1.000
    NA                 1.000       0.000      0.000       1.000       1.000

Between Level

 SPA_PR     ON
    ANHEDONIA         -0.022       0.011      0.030      -0.044       0.001

 SNA_PR     ON
    ANHEDONIA         -0.023       0.013      0.045      -0.050       0.003

 PER_CAPIT  ON
    ANHEDONIA         -0.017       0.008      0.017      -0.034      -0.001      *

 Means
    PA                 4.000       0.233      0.000       3.549       4.465      *
    NA                 1.793       0.126      0.000       1.542       2.040      *

 Intercepts
    PER_CAPIT          1.434       0.108      0.000       1.225       1.647      *
    SPA_PR             0.762       0.136      0.000       0.522       1.055      *
    SNA_PR             0.612       0.153      0.000       0.338       0.943      *

 Variances
    PA                 1.000       0.000      0.000       1.000       1.000
    NA                 1.000       0.000      0.000       1.000       1.000

 Residual Variances
    PER_CAPIT          0.988       0.012      0.000       0.954       1.000      *
    SPA_PR             0.980       0.021      0.000       0.923       1.000      *
    SNA_PR             0.979       0.028      0.000       0.900       1.000      *


STD Standardization

                                Posterior  One-Tailed         95% C.I.
                    Estimate       S.D.      P-Value   Lower 2.5%  Upper 2.5%  Significance

Within-Level Standardized Estimates Averaged Over Clusters

 SPA_PR | PER_CAPIT ON
    PA&1               0.248       0.025      0.000       0.197       0.295      *

 SNA_PR | PER_CAPIT ON
    NA&1               0.231       0.037      0.000       0.163       0.303      *

 PA         ON
    PA&1               0.000       0.000      1.000       0.000       0.000

 NA         ON
    NA&1               0.000       0.000      1.000       0.000       0.000

 PER_CAPI WITH
    PA                 0.000       0.000      1.000       0.000       0.000
    NA                 0.000       0.000      1.000       0.000       0.000

 NA       WITH
    PA               -60.467       1.566      0.000     -63.607     -57.613      *

 Residual Variances
    PER_CAPIT        346.904       6.419      0.000     334.820     360.075      *
    PA               172.286       2.712      0.000     167.281     177.885      *
    NA                93.531       1.413      0.000      90.757      96.265      *

Between Level

 SPA_PR     ON
    ANHEDONIA         -0.022       0.011      0.030      -0.044       0.001

 SNA_PR     ON
    ANHEDONIA         -0.023       0.013      0.045      -0.050       0.003

 PER_CAPIT  ON
    ANHEDONIA         -0.300       0.148      0.017      -0.602      -0.022      *

 Means
    PA                45.937       0.869      0.000      44.220      47.616      *
    NA                15.702       0.681      0.000      14.393      17.000      *

 Intercepts
    PER_CAPIT         24.806       1.298      0.000      22.348      27.382      *
    SPA_PR             0.762       0.136      0.000       0.522       1.055      *
    SNA_PR             0.612       0.153      0.000       0.338       0.943      *

 Variances
    PA               132.133      14.989      0.000     105.923     165.629      *
    NA                76.786       8.613      0.000      62.479      96.230      *

 Residual Variances
    PER_CAPIT        294.123      33.340      0.000     238.878     366.916      *
    SPA_PR             0.980       0.021      0.000       0.923       1.000      *
    SNA_PR             0.979       0.028      0.000       0.900       1.000      *


R-SQUARE

Within-Level R-Square Averaged Across Clusters

                                Posterior  One-Tailed         95% C.I.
    Variable        Estimate       S.D.      P-Value   Lower 2.5%  Upper 2.5%

    PER_CAPIT          0.092       0.010      0.000       0.073       0.112
    PA                 0.000       0.000      1.000       0.000       0.000
    NA                 0.000       0.000      1.000       0.000       0.000

Between Level

                                Posterior  One-Tailed         95% C.I.
    Variable        Estimate       S.D.      P-Value   Lower 2.5%  Upper 2.5%

    PER_CAPIT          0.012       0.012      0.000       0.000       0.046

                                Posterior  One-Tailed         95% C.I.
    Variable        Estimate       S.D.      P-Value   Lower 2.5%  Upper 2.5%

    SPA_PR             0.020       0.021      0.000       0.000       0.077
    SNA_PR             0.021       0.028      0.000       0.000       0.100


CREDIBILITY INTERVALS OF MODEL RESULTS

                  Lower .5%  Lower 2.5%    Lower 5%    Estimate    Upper 5%  Upper 2.5%   Upper .5%

Within Level

 PA       ON
    PA&1             0.000       0.000       0.000       0.000       0.000       0.000       0.000

 NA       ON
    NA&1             0.000       0.000       0.000       0.000       0.000       0.000       0.000

 PER_CAPI WITH
    PA               0.000       0.000       0.000       0.000       0.000       0.000       0.000
    NA               0.000       0.000       0.000       0.000       0.000       0.000       0.000

 NA       WITH
    PA             -64.785     -63.622     -63.132     -60.469     -58.024     -57.640     -56.692

 Residual Variances
    PER_CAPIT      330.710     335.067     337.099     346.946     357.914     360.115     365.154
    PA             165.995     167.281     168.028     172.311     176.867     177.786     179.586
    NA              89.932      90.701      91.166      93.480      95.845      96.277      97.113

Between Level

 SPA_PR   ON
    ANHEDONIA       -0.017      -0.015      -0.013      -0.007      -0.001       0.000       0.003

 SNA_PR   ON
    ANHEDONIA       -0.022      -0.019      -0.017      -0.009       0.000       0.001       0.004

 PER_CAPI ON
    ANHEDONIA       -0.684      -0.602      -0.545      -0.300      -0.064      -0.022       0.084

 Means
    PA              43.681      44.220      44.477      45.937      47.343      47.616      48.198
    NA              13.869      14.393      14.586      15.702      16.793      17.000      17.463

 Intercepts
    PER_CAPIT       21.724      22.348      22.654      24.806      26.969      27.382      28.189
    SPA_PR           0.156       0.180       0.191       0.247       0.305       0.316       0.341
    SNA_PR           0.108       0.138       0.155       0.232       0.306       0.322       0.356

 Variances
    PA             100.640     105.923     110.423     132.133     159.747     165.629     175.880
    NA              59.267      62.479      64.746      76.786      92.623      96.230     102.859

 Residual Variances
    PER_CAPIT      226.596     238.878     246.226     294.123     354.481     366.916     400.016
    SPA_PR           0.058       0.067       0.071       0.103       0.145       0.157       0.179
    SNA_PR           0.054       0.070       0.080       0.143       0.220       0.235       0.262


CREDIBILITY INTERVALS OF STANDARDIZED MODEL RESULTS


STDYX Standardization

                  Lower .5%  Lower 2.5%    Lower 5%    Estimate    Upper 5%  Upper 2.5%   Upper .5%

Within Level

 PA       ON
    PA&1             0.000       0.000       0.000       0.000       0.000       0.000       0.000

 NA       ON
    NA&1             0.000       0.000       0.000       0.000       0.000       0.000       0.000

 PER_CAPI WITH
    PA               0.000       0.000       0.000       0.000       0.000       0.000       0.000
    NA               0.000       0.000       0.000       0.000       0.000       0.000       0.000

 NA       WITH
    PA               0.000      -0.494       0.000      -0.477       0.000      -0.460       0.000

 Residual Variances
    PER_CAPIT        0.000       0.888       0.000       0.908       0.000       0.927       0.000
    PA               0.000       1.000       0.000       1.000       0.000       1.000       0.000
    NA               0.000       1.000       0.000       1.000       0.000       1.000       0.000

Between Level

 SPA_PR   ON
    ANHEDONIA       -0.307      -0.278      -0.257      -0.142      -0.019       0.005       0.057

 SNA_PR   ON
    ANHEDONIA       -0.382      -0.316      -0.286      -0.145      -0.006       0.020       0.068

 PER_CAPI ON
    ANHEDONIA       -0.239      -0.214      -0.195      -0.109      -0.023      -0.008       0.030

 Means
    PA               3.419       3.549       3.625       4.000       4.383       4.465       4.636
    NA               1.446       1.542       1.587       1.793       1.997       2.040       2.099

 Intercepts
    PER_CAPIT        1.148       1.225       1.264       1.434       1.612       1.647       1.729
    SPA_PR           0.445       0.522       0.560       0.762       1.007       1.055       1.130
    SNA_PR           0.253       0.338       0.380       0.612       0.881       0.943       1.069

 Variances
    PA               1.000       1.000       1.000       1.000       1.000       1.000       1.000
    NA               1.000       1.000       1.000       1.000       1.000       1.000       1.000

 Residual Variances
    PER_CAPIT        0.943       0.954       0.962       0.988       0.999       1.000       1.000
    SPA_PR           0.906       0.923       0.934       0.980       0.999       1.000       1.000
    SNA_PR           0.854       0.900       0.918       0.979       0.999       1.000       1.000


STDY Standardization

                  Lower .5%  Lower 2.5%    Lower 5%    Estimate    Upper 5%  Upper 2.5%   Upper .5%

Within Level

 PA       ON
    PA&1             0.000       0.000       0.000       0.000       0.000       0.000       0.000

 NA       ON
    NA&1             0.000       0.000       0.000       0.000       0.000       0.000       0.000

 PER_CAPI WITH
    PA               0.000       0.000       0.000       0.000       0.000       0.000       0.000
    NA               0.000       0.000       0.000       0.000       0.000       0.000       0.000

 NA       WITH
    PA               0.000      -0.494       0.000      -0.477       0.000      -0.460       0.000

 Residual Variances
    PER_CAPIT        0.000       0.888       0.000       0.908       0.000       0.927       0.000
    PA               0.000       1.000       0.000       1.000       0.000       1.000       0.000
    NA               0.000       1.000       0.000       1.000       0.000       1.000       0.000

Between Level

 SPA_PR   ON
    ANHEDONIA       -0.049      -0.044      -0.041      -0.022      -0.003       0.001       0.009

 SNA_PR   ON
    ANHEDONIA       -0.061      -0.050      -0.045      -0.023      -0.001       0.003       0.011

 PER_CAPI ON
    ANHEDONIA       -0.038      -0.034      -0.031      -0.017      -0.004      -0.001       0.005

 Means
    PA               3.419       3.549       3.625       4.000       4.383       4.465       4.636
    NA               1.446       1.542       1.587       1.793       1.997       2.040       2.099

 Intercepts
    PER_CAPIT        1.148       1.225       1.264       1.434       1.612       1.647       1.729
    SPA_PR           0.445       0.522       0.560       0.762       1.007       1.055       1.130
    SNA_PR           0.253       0.338       0.380       0.612       0.881       0.943       1.069

 Variances
    PA               1.000       1.000       1.000       1.000       1.000       1.000       1.000
    NA               1.000       1.000       1.000       1.000       1.000       1.000       1.000

 Residual Variances
    PER_CAPIT        0.943       0.954       0.962       0.988       0.999       1.000       1.000
    SPA_PR           0.906       0.923       0.934       0.980       0.999       1.000       1.000
    SNA_PR           0.854       0.900       0.918       0.979       0.999       1.000       1.000


STD Standardization

                  Lower .5%  Lower 2.5%    Lower 5%    Estimate    Upper 5%  Upper 2.5%   Upper .5%

Within Level

 PA       ON
    PA&1             0.000       0.000       0.000       0.000       0.000       0.000       0.000

 NA       ON
    NA&1             0.000       0.000       0.000       0.000       0.000       0.000       0.000

 PER_CAPI WITH
    PA               0.000       0.000       0.000       0.000       0.000       0.000       0.000
    NA               0.000       0.000       0.000       0.000       0.000       0.000       0.000

 NA       WITH
    PA               0.000     -63.607       0.000     -60.467       0.000     -57.613       0.000

 Residual Variances
    PER_CAPIT        0.000     334.820       0.000     346.904       0.000     360.075       0.000
    PA               0.000     167.281       0.000     172.286       0.000     177.885       0.000
    NA               0.000      90.757       0.000      93.531       0.000      96.265       0.000

Between Level

 SPA_PR   ON
    ANHEDONIA       -0.049      -0.044      -0.041      -0.022      -0.003       0.001       0.009

 SNA_PR   ON
    ANHEDONIA       -0.061      -0.050      -0.045      -0.023      -0.001       0.003       0.011

 PER_CAPI ON
    ANHEDONIA       -0.684      -0.602      -0.545      -0.300      -0.064      -0.022       0.084

 Means
    PA              43.681      44.220      44.477      45.937      47.343      47.616      48.198
    NA              13.869      14.393      14.586      15.702      16.793      17.000      17.463

 Intercepts
    PER_CAPIT       21.724      22.348      22.654      24.806      26.969      27.382      28.189
    SPA_PR           0.445       0.522       0.560       0.762       1.007       1.055       1.130
    SNA_PR           0.253       0.338       0.380       0.612       0.881       0.943       1.069

 Variances
    PA             100.640     105.923     110.423     132.133     159.747     165.629     175.880
    NA              59.267      62.479      64.746      76.786      92.623      96.230     102.859

 Residual Variances
    PER_CAPIT      226.596     238.878     246.226     294.123     354.481     366.916     400.016
    SPA_PR           0.906       0.923       0.934       0.980       0.999       1.000       1.000
    SNA_PR           0.854       0.900       0.918       0.979       0.999       1.000       1.000


TECHNICAL 1 OUTPUT


     PARAMETER SPECIFICATION FOR WITHIN


           NU
              PER_CAPI      PA            NA            PA&1          NA&1
              ________      ________      ________      ________      ________
                    0             0             0             0             0


           LAMBDA
              PER_CAPI      PA            NA            PA&1          NA&1
              ________      ________      ________      ________      ________
 PER_CAPI           0             0             0             0             0
 PA                 0             0             0             0             0
 NA                 0             0             0             0             0
 PA&1               0             0             0             0             0
 NA&1               0             0             0             0             0


           THETA
              PER_CAPI      PA            NA            PA&1          NA&1
              ________      ________      ________      ________      ________
 PER_CAPI           0
 PA                 0             0
 NA                 0             0             0
 PA&1               0             0             0             0
 NA&1               0             0             0             0             0


           ALPHA
              PER_CAPI      PA            NA            PA&1          NA&1
              ________      ________      ________      ________      ________
                    0             0             0             0             0


           BETA
              PER_CAPI      PA            NA            PA&1          NA&1
              ________      ________      ________      ________      ________
 PER_CAPI           0             0             0             0             0
 PA                 0             0             0             0             0
 NA                 0             0             0             0             0
 PA&1               0             0             0             0             0
 NA&1               0             0             0             0             0


           PSI
              PER_CAPI      PA            NA            PA&1          NA&1
              ________      ________      ________      ________      ________
 PER_CAPI           1
 PA                 0             2
 NA                 0             3             4
 PA&1               0             0             0             0
 NA&1               0             0             0             0             0


     PARAMETER SPECIFICATION FOR BETWEEN


           NU
              PER_CAPI      PA            NA            ANHEDONI
              ________      ________      ________      ________
                    0             0             0             0


           LAMBDA
              SPA_PR        SNA_PR        PER_CAPI      PA            NA
              ________      ________      ________      ________      ________
 PER_CAPI           0             0             0             0             0
 PA                 0             0             0             0             0
 NA                 0             0             0             0             0
 ANHEDONI           0             0             0             0             0


           LAMBDA
              ANHEDONI
              ________
 PER_CAPI           0
 PA                 0
 NA                 0
 ANHEDONI           0


           THETA
              PER_CAPI      PA            NA            ANHEDONI
              ________      ________      ________      ________
 PER_CAPI           0
 PA                 0             0
 NA                 0             0             0
 ANHEDONI           0             0             0             0


           ALPHA
              SPA_PR        SNA_PR        PER_CAPI      PA            NA
              ________      ________      ________      ________      ________
                    5             6             7             8             9


           ALPHA
              ANHEDONI
              ________
                    0


           BETA
              SPA_PR        SNA_PR        PER_CAPI      PA            NA
              ________      ________      ________      ________      ________
 SPA_PR             0             0             0             0             0
 SNA_PR             0             0             0             0             0
 PER_CAPI           0             0             0             0             0
 PA                 0             0             0             0             0
 NA                 0             0             0             0             0
 ANHEDONI           0             0             0             0             0


           BETA
              ANHEDONI
              ________
 SPA_PR            10
 SNA_PR            11
 PER_CAPI          12
 PA                 0
 NA                 0
 ANHEDONI           0


           PSI
              SPA_PR        SNA_PR        PER_CAPI      PA            NA
              ________      ________      ________      ________      ________
 SPA_PR            13
 SNA_PR             0            14
 PER_CAPI           0             0            15
 PA                 0             0             0            16
 NA                 0             0             0             0            17
 ANHEDONI           0             0             0             0             0


           PSI
              ANHEDONI
              ________
 ANHEDONI           0


     STARTING VALUES FOR WITHIN


           NU
              PER_CAPI      PA            NA            PA&1          NA&1
              ________      ________      ________      ________      ________
                0.000         0.000         0.000         0.000         0.000


           LAMBDA
              PER_CAPI      PA            NA            PA&1          NA&1
              ________      ________      ________      ________      ________
 PER_CAPI       1.000         0.000         0.000         0.000         0.000
 PA             0.000         1.000         0.000         0.000         0.000
 NA             0.000         0.000         1.000         0.000         0.000
 PA&1           0.000         0.000         0.000         1.000         0.000
 NA&1           0.000         0.000         0.000         0.000         1.000


           THETA
              PER_CAPI      PA            NA            PA&1          NA&1
              ________      ________      ________      ________      ________
 PER_CAPI       0.000
 PA             0.000         0.000
 NA             0.000         0.000         0.000
 PA&1           0.000         0.000         0.000         0.000
 NA&1           0.000         0.000         0.000         0.000         0.000


           ALPHA
              PER_CAPI      PA            NA            PA&1          NA&1
              ________      ________      ________      ________      ________
                0.000         0.000         0.000         0.000         0.000


           BETA
              PER_CAPI      PA            NA            PA&1          NA&1
              ________      ________      ________      ________      ________
 PER_CAPI       0.000         0.000         0.000         0.000         0.000
 PA             0.000         0.000         0.000         0.000         0.000
 NA             0.000         0.000         0.000         0.000         0.000
 PA&1           0.000         0.000         0.000         0.000         0.000
 NA&1           0.000         0.000         0.000         0.000         0.000


           PSI
              PER_CAPI      PA            NA            PA&1          NA&1
              ________      ________      ________      ________      ________
 PER_CAPI     335.158
 PA             0.000       151.075
 NA             0.000         0.000        83.154
 PA&1           0.000         0.000         0.000       151.205
 NA&1           0.000         0.000         0.000         0.000        83.081


     STARTING VALUES FOR BETWEEN


           NU
              PER_CAPI      PA            NA            ANHEDONI
              ________      ________      ________      ________
                0.000         0.000         0.000         0.000


           LAMBDA
              SPA_PR        SNA_PR        PER_CAPI      PA            NA
              ________      ________      ________      ________      ________
 PER_CAPI       0.000         0.000         1.000         0.000         0.000
 PA             0.000         0.000         0.000         1.000         0.000
 NA             0.000         0.000         0.000         0.000         1.000
 ANHEDONI       0.000         0.000         0.000         0.000         0.000


           LAMBDA
              ANHEDONI
              ________
 PER_CAPI       0.000
 PA             0.000
 NA             0.000
 ANHEDONI       1.000


           THETA
              PER_CAPI      PA            NA            ANHEDONI
              ________      ________      ________      ________
 PER_CAPI       0.000
 PA             0.000         0.000
 NA             0.000         0.000         0.000
 ANHEDONI       0.000         0.000         0.000         0.000


           ALPHA
              SPA_PR        SNA_PR        PER_CAPI      PA            NA
              ________      ________      ________      ________      ________
                0.000         0.000        24.146        45.669        15.162


           ALPHA
              ANHEDONI
              ________
                0.000


           BETA
              SPA_PR        SNA_PR        PER_CAPI      PA            NA
              ________      ________      ________      ________      ________
 SPA_PR         0.000         0.000         0.000         0.000         0.000
 SNA_PR         0.000         0.000         0.000         0.000         0.000
 PER_CAPI       0.000         0.000         0.000         0.000         0.000
 PA             0.000         0.000         0.000         0.000         0.000
 NA             0.000         0.000         0.000         0.000         0.000
 ANHEDONI       0.000         0.000         0.000         0.000         0.000


           BETA
              ANHEDONI
              ________
 SPA_PR         0.000
 SNA_PR         0.000
 PER_CAPI       0.000
 PA             0.000
 NA             0.000
 ANHEDONI       0.000


           PSI
              SPA_PR        SNA_PR        PER_CAPI      PA            NA
              ________      ________      ________      ________      ________
 SPA_PR         1.000
 SNA_PR         0.000         1.000
 PER_CAPI       0.000         0.000       335.158
 PA             0.000         0.000         0.000       151.075
 NA             0.000         0.000         0.000         0.000        83.154
 ANHEDONI       0.000         0.000         0.000         0.000         0.000


           PSI
              ANHEDONI
              ________
 ANHEDONI      39.794



     PRIORS FOR ALL PARAMETERS            PRIOR MEAN      PRIOR VARIANCE     PRIOR STD. DEV.

     Parameter 1~IG(-1.000,0.000)          infinity            infinity            infinity
     Parameter 2~IW(0.000,-3)              infinity            infinity            infinity
     Parameter 3~IW(0.000,-3)              infinity            infinity            infinity
     Parameter 4~IW(0.000,-3)              infinity            infinity            infinity
     Parameter 5~N(0.000,infinity)           0.0000            infinity            infinity
     Parameter 6~N(0.000,infinity)           0.0000            infinity            infinity
     Parameter 7~N(0.000,infinity)           0.0000            infinity            infinity
     Parameter 8~N(0.000,infinity)           0.0000            infinity            infinity
     Parameter 9~N(0.000,infinity)           0.0000            infinity            infinity
     Parameter 10~N(0.000,infinity)          0.0000            infinity            infinity
     Parameter 11~N(0.000,infinity)          0.0000            infinity            infinity
     Parameter 12~N(0.000,infinity)          0.0000            infinity            infinity
     Parameter 13~IG(-1.000,0.000)         infinity            infinity            infinity
     Parameter 14~IG(-1.000,0.000)         infinity            infinity            infinity
     Parameter 15~IG(-1.000,0.000)         infinity            infinity            infinity
     Parameter 16~IG(-1.000,0.000)         infinity            infinity            infinity
     Parameter 17~IG(-1.000,0.000)         infinity            infinity            infinity


TECHNICAL 8 OUTPUT


   TECHNICAL 8 OUTPUT FOR BAYES ESTIMATION

     PROCESSOR    BSEED
     1            0
     2            285380
     3            253358
     4            93468
     5            608496
     6            903420
     7            195873
     8            462953
     9            939021
     10           127215
     11           415931
     12           533738
     13           107446
     14           399671
     15           650371
     16           27071

                     POTENTIAL       PARAMETER WITH
     ITERATION    SCALE REDUCTION      HIGHEST PSR
     100              1.370               14
     200              1.131               14
     300              1.137               14
     400              1.090               14
     500              1.014               14
     600              1.014               13
     700              1.089               14
     800              1.080               14
     900              1.127               14
     1000             1.114               14
     1100             1.047               14
     1200             1.017               14
     1300             1.011               6
     1400             1.017               6
     1500             1.017               6
     1600             1.015               5
     1700             1.023               5
     1800             1.026               5
     1900             1.025               5
     2000             1.023               5
     2100             1.017               5
     2200             1.020               14
     2300             1.021               14
     2400             1.009               14
     2500             1.004               14


PLOT INFORMATION

The following plots are available:

  Histograms (sample values)
  Scatterplots (sample values)
  Between-level histograms (sample values, sample means/variances)
  Between-level scatterplots (sample values, sample means/variances)
  Time series plots (sample values, ACF, PACF)
  Histogram of subjects per time point
  Time interval plots
  Bayesian posterior parameter distributions
  Bayesian posterior parameter trace plots
  Bayesian autocorrelation plots

     Beginning Time:  16:29:40
        Ending Time:  16:31:15
       Elapsed Time:  00:01:35



MUTHEN & MUTHEN
3463 Stoner Ave.
Los Angeles, CA  90066

Tel: (310) 391-9971
Fax: (310) 391-8971
Web: www.StatModel.com
Support: Support@StatModel.com

Copyright (c) 1998-2022 Muthen & Muthen
