Mplus VERSION 8.8
MUTHEN & MUTHEN
07/13/2023   4:32 PM

INPUT INSTRUCTIONS


  DATA:
  FILE IS data6.dat;

  VARIABLE:   NAMES =
  	    Eth_ID Time Time_between Time_inc
  	    PA_enth NA_irri NA_verv PA_tevr PA_ener
       	    PA_kalm NA_nerv PA_daadk NA_verdr
  	    PA_vrol NA_boos PA_dankb NA_somb PER_att
      	    PER_refl PER_self PER_expr PER_damp
  	    PER_codamp PER_capit Sample age_yr gesl BDI
      	    Measures_valid BDI_anh Anhedonia
   	    BDI_sum PA NA day compliance;

              USEVARIABLES are PER_capit PA NA Anhedonia;
              MISSING is .;
              within = ;
              between = Anhedonia;
              cluster = Eth_ID;
              lagged= PA NA(1);
              tinterval=Time_inc (150);

  DEFINE:     CENTER Anhedonia (grandmean);

  ANALYSIS:   type = twolevel random;
              estimator = Bayes;
              biterations=(2000);
              bconvergence=0.005;
              thin=2;
              PROCESSORS=16;
  MODEL:
  %WITHIN%
  sPA_PR | PER_capit on PA&1;
  sNA_PR | PER_capit on NA&1;
  PA on PA&1@0;
  NA on NA&1@0;
  PER_capit with PA@0;
  PER_capit with NA@0;

  %between%
  sPA_PR sNA_PR on Anhedonia;
  PER_capit on Anhedonia;


  OUTPUT: standardized tech1 tech8 cinterval patterns;
  PLOT: TYPE = PLOT3;



*** WARNING in VARIABLE command
  Note that only the first 8 characters of variable names are used in the output.
  Shorten variable names to avoid any confusion.
*** WARNING in MODEL command
  A y-variable has been declared on the within level but not referred to on
  the between level.  Please check that this is what is intended.  If this is not intended,
  specify the variable as a within variable.  Problem with:  PA
*** WARNING in MODEL command
  A y-variable has been declared on the within level but not referred to on
  the between level.  Please check that this is what is intended.  If this is not intended,
  specify the variable as a within variable.  Problem with:  NA
*** WARNING in PLOT command
  Note that only the first 8 characters of variable names are used in plots.
  If variable names are not unique within the first 8 characters, problems
  may occur.
*** WARNING
  One or more individual-level variables have no variation within a
  cluster for the following clusters.

     Variable   Cluster IDs with no within-cluster variation

      PER_CAPI    165 127 73 177

*** WARNING
  Data set contains cases with missing on all variables.  Cases that appeared before the first
  case with observed data and that appeared after the last case with observed data were not
  included in the analysis.  Number of deleted cases:  721
   6 WARNING(S) FOUND IN THE INPUT INSTRUCTIONS




SUMMARY OF ANALYSIS

Number of groups                                                 1
Number of observations                                       21373

Number of dependent variables                                    3
Number of independent variables                                  3
Number of continuous latent variables                            2

Observed dependent variables

  Continuous
   PER_CAPIT   PA          NA

Observed independent variables
   ANHEDONI    PA&1        NA&1

Continuous latent variables
   SPA_PR      SNA_PR

Variables with special functions

  Cluster variable      ETH_ID

  Within variables
   PA&1        NA&1

  Between variables
   ANHEDONI

  Centering (GRANDMEAN)
   ANHEDONI


Estimator                                                    BAYES
Specifications for Bayesian Estimation
  Point estimate                                            MEDIAN
  Number of Markov chain Monte Carlo (MCMC) chains               2
  Random seed for the first chain                                0
  Starting value information                           UNPERTURBED
  Algorithm used for Markov chain Monte Carlo           GIBBS(PX1)
  Convergence criterion                                  0.500D-02
  Maximum number of iterations                               50000
  K-th iteration used for thinning                               2

Input data file(s)
  data6.dat
Input data format  FREE


SUMMARY OF DATA

     Number of clusters                        171

       Size (s)    Cluster ID with Size s

         41        58
         43        41
         56        28
         58        33
         80        82
         84        87
         88        72
         89        143
         97        34
        101        10
        103        164
        105        52
        106        154
        108        119
        111        36
        113        182
        115        89 131
        116        15 77 188 75
        117        11
        118        57 66 49 16 195
        119        197 106 149 48 50 92 38 186 163 71
        120        55 168 98 7 148 192 108 61 165
        121        189
        122        174
        123        127
        124        161 51 117 184 103
        125        123 68 13 100 44 105 40 53 112 93 73 54 88 30
        126        173 76 80 107 120 65 109 111 102 172
        127        147 177 70 126 86 62 139 115 25 46 67 118 178 193 110
                   130 104 198 133 32
        128        59 5 153 18 156 180 96 196 43
        129        144 3 141 125 146 190 39 187 185 137 116 135 69
        130        138 14 97 166
        133        191
        134        2
        135        194 63 60 201 183 200
        136        56 122 26
        137        155 95 19 42 4 22 9
        138        94 132 29
        139        45 79 35 145 21 37 84 114 74
        142        27
        143        179
        144        170 24 171
        145        20 1 162 124
        146        151 6 167
        147        142 31
        148        176 159



SUMMARY OF MISSING DATA PATTERNS

     Number of missing data patterns            13


     MISSING DATA PATTERNS (x = not missing)

           1  2  3  4  5  6  7  8  9 10 11 12 13
 PER_CAPI  x  x              x     x     x     x
 PA        x  x        x  x     x  x     x  x
 NA        x  x        x  x        x  x  x
 PA&1      x     x        x  x     x        x
 NA&1      x     x        x  x           x  x
 ANHEDONI  x  x  x  x  x  x  x  x  x  x  x  x  x


     MISSING DATA PATTERN FREQUENCIES

    Pattern   Frequency     Pattern   Frequency     Pattern   Frequency
          1        4951           6          64          11           1
          2        3352           7           3          12           1
          3        3260           8           4          13           1
          4        9654           9           5
          5          76          10           1


COVARIANCE COVERAGE OF DATA

Minimum covariance coverage value   0.100


     PROPORTION OF DATA PRESENT


           Covariance Coverage
              PER_CAPI      PA            NA            ANHEDONI
              ________      ________      ________      ________
 PER_CAPI       0.389
 PA             0.389         0.396
 NA             0.389         0.395         0.395
 ANHEDONI       0.389         0.396         0.395         1.000



UNIVARIATE SAMPLE STATISTICS


     UNIVARIATE HIGHER-ORDER MOMENT DESCRIPTIVE STATISTICS

         Variable/         Mean/     Skewness/   Minimum/ % with                Percentiles
        Sample Size      Variance    Kurtosis    Maximum  Min/Max      20%/60%    40%/80%    Median

     PER_CAPIT            24.021       0.992       0.000   16.56%       2.000      7.000     11.000
            8313.000     669.833      -0.171     100.000    1.00%      20.000     51.000
     PA                   45.640      -0.012       0.000    0.28%      30.857     41.571     46.143
            8454.000     302.764      -0.229     100.000    0.07%      50.286     60.429
     NA                   15.074       1.411       0.000    7.07%       5.000      9.333     11.633
            8450.000     165.978       1.992      80.667    0.01%      14.333     23.000
     ANHEDONIA             0.000       0.602     -18.109    0.58%      -7.568     -3.001     -0.734
             171.000      79.140       0.570      30.237    0.58%       1.474      6.309


THE MODEL ESTIMATION TERMINATED NORMALLY

     USE THE FBITERATIONS OPTION TO INCREASE THE NUMBER OF ITERATIONS BY A FACTOR
     OF AT LEAST TWO TO CHECK CONVERGENCE AND THAT THE PSR VALUE DOES NOT INCREASE.



MODEL FIT INFORMATION

Number of Free Parameters                              17

Information Criteria

          Deviance (DIC)                       547875.134
          Estimated Number of Parameters (pD)   39389.580



MODEL RESULTS

                                Posterior  One-Tailed         95% C.I.
                    Estimate       S.D.      P-Value   Lower 2.5%  Upper 2.5%  Significance

Within Level

 PA         ON
    PA&1               0.000       0.000      1.000       0.000       0.000

 NA         ON
    NA&1               0.000       0.000      1.000       0.000       0.000

 PER_CAPI WITH
    PA                 0.000       0.000      1.000       0.000       0.000
    NA                 0.000       0.000      1.000       0.000       0.000

 NA       WITH
    PA               -60.018       1.524      0.000     -63.061     -57.187      *

 Residual Variances
    PER_CAPIT        347.305       6.559      0.000     334.483     360.889      *
    PA               171.770       2.664      0.000     166.563     176.966      *
    NA                93.168       1.501      0.000      90.138      96.137      *

Between Level

 SPA_PR     ON
    ANHEDONIA         -0.008       0.004      0.024      -0.015       0.000      *

 SNA_PR     ON
    ANHEDONIA         -0.009       0.005      0.024      -0.019       0.000      *

 PER_CAPIT  ON
    ANHEDONIA         -0.294       0.148      0.025      -0.582       0.001

 Means
    PA                45.838       0.918      0.000      43.995      47.664      *
    NA                15.368       0.677      0.000      14.013      16.694      *

 Intercepts
    PER_CAPIT         24.438       1.338      0.000      21.771      27.149      *
    SPA_PR             0.246       0.035      0.000       0.178       0.315      *
    SNA_PR             0.231       0.048      0.000       0.141       0.326      *

 Variances
    PA               135.251      15.423      0.000     108.922     169.021      *
    NA                77.224       9.080      0.000      62.464      97.595      *

 Residual Variances
    PER_CAPIT        293.300      34.640      0.000     236.343     371.914      *
    SPA_PR             0.103       0.023      0.000       0.063       0.150      *
    SNA_PR             0.141       0.046      0.000       0.058       0.242      *


STANDARDIZED MODEL RESULTS


STDYX Standardization

                                Posterior  One-Tailed         95% C.I.
                    Estimate       S.D.      P-Value   Lower 2.5%  Upper 2.5%  Significance

Within-Level Standardized Estimates Averaged Over Clusters

 SPA_PR | PER_CAPIT ON
    PA&1               0.159       0.016      0.000       0.126       0.190      *

 SNA_PR | PER_CAPIT ON
    NA&1               0.111       0.018      0.000       0.078       0.145      *

 PA         ON
    PA&1               0.000       0.000      1.000       0.000       0.000

 NA         ON
    NA&1               0.000       0.000      1.000       0.000       0.000

 PER_CAPI WITH
    PA                 0.000       0.000      1.000       0.000       0.000
    NA                 0.000       0.000      1.000       0.000       0.000

 NA       WITH
    PA                -0.475       0.008      0.000      -0.491      -0.458      *

 Residual Variances
    PER_CAPIT          0.909       0.010      0.000       0.887       0.929      *
    PA                 1.000       0.000      0.000       1.000       1.000
    NA                 1.000       0.000      0.000       1.000       1.000

Between Level

 SPA_PR     ON
    ANHEDONIA         -0.148       0.074      0.024      -0.294      -0.003      *

 SNA_PR     ON
    ANHEDONIA         -0.153       0.080      0.024      -0.316      -0.003      *

 PER_CAPIT  ON
    ANHEDONIA         -0.107       0.054      0.025      -0.209       0.000

 Means
    PA                 3.939       0.239      0.000       3.491       4.432      *
    NA                 1.748       0.127      0.000       1.497       1.994      *

 Intercepts
    PER_CAPIT          1.417       0.112      0.000       1.201       1.645      *
    SPA_PR             0.763       0.136      0.000       0.512       1.042      *
    SNA_PR             0.614       0.157      0.000       0.347       0.939      *

 Variances
    PA                 1.000       0.000      0.000       1.000       1.000
    NA                 1.000       0.000      0.000       1.000       1.000

 Residual Variances
    PER_CAPIT          0.989       0.012      0.000       0.956       1.000      *
    SPA_PR             0.978       0.023      0.000       0.913       1.000      *
    SNA_PR             0.977       0.027      0.000       0.900       1.000      *


STDY Standardization

                                Posterior  One-Tailed         95% C.I.
                    Estimate       S.D.      P-Value   Lower 2.5%  Upper 2.5%  Significance

Within-Level Standardized Estimates Averaged Over Clusters

 SPA_PR | PER_CAPIT ON
    PA&1               0.012       0.001      0.000       0.010       0.014      *

 SNA_PR | PER_CAPIT ON
    NA&1               0.012       0.002      0.000       0.008       0.015      *

 PA         ON
    PA&1               0.000       0.000      1.000       0.000       0.000

 NA         ON
    NA&1               0.000       0.000      1.000       0.000       0.000

 PER_CAPI WITH
    PA                 0.000       0.000      1.000       0.000       0.000
    NA                 0.000       0.000      1.000       0.000       0.000

 NA       WITH
    PA                -0.475       0.008      0.000      -0.491      -0.458      *

 Residual Variances
    PER_CAPIT          0.909       0.010      0.000       0.887       0.929      *
    PA                 1.000       0.000      0.000       1.000       1.000
    NA                 1.000       0.000      0.000       1.000       1.000

Between Level

 SPA_PR     ON
    ANHEDONIA         -0.023       0.012      0.024      -0.046       0.000      *

 SNA_PR     ON
    ANHEDONIA         -0.024       0.013      0.024      -0.050       0.000      *

 PER_CAPIT  ON
    ANHEDONIA         -0.017       0.008      0.025      -0.033       0.000

 Means
    PA                 3.939       0.239      0.000       3.491       4.432      *
    NA                 1.748       0.127      0.000       1.497       1.994      *

 Intercepts
    PER_CAPIT          1.417       0.112      0.000       1.201       1.645      *
    SPA_PR             0.763       0.136      0.000       0.512       1.042      *
    SNA_PR             0.614       0.157      0.000       0.347       0.939      *

 Variances
    PA                 1.000       0.000      0.000       1.000       1.000
    NA                 1.000       0.000      0.000       1.000       1.000

 Residual Variances
    PER_CAPIT          0.989       0.012      0.000       0.956       1.000      *
    SPA_PR             0.978       0.023      0.000       0.913       1.000      *
    SNA_PR             0.977       0.027      0.000       0.900       1.000      *


STD Standardization

                                Posterior  One-Tailed         95% C.I.
                    Estimate       S.D.      P-Value   Lower 2.5%  Upper 2.5%  Significance

Within-Level Standardized Estimates Averaged Over Clusters

 SPA_PR | PER_CAPIT ON
    PA&1               0.247       0.025      0.000       0.196       0.296      *

 SNA_PR | PER_CAPIT ON
    NA&1               0.230       0.037      0.000       0.161       0.302      *

 PA         ON
    PA&1               0.000       0.000      1.000       0.000       0.000

 NA         ON
    NA&1               0.000       0.000      1.000       0.000       0.000

 PER_CAPI WITH
    PA                 0.000       0.000      1.000       0.000       0.000
    NA                 0.000       0.000      1.000       0.000       0.000

 NA       WITH
    PA               -60.018       1.524      0.000     -63.061     -57.187      *

 Residual Variances
    PER_CAPIT        347.305       6.559      0.000     334.483     360.889      *
    PA               171.770       2.664      0.000     166.563     176.966      *
    NA                93.168       1.501      0.000      90.138      96.137      *

Between Level

 SPA_PR     ON
    ANHEDONIA         -0.023       0.012      0.024      -0.046       0.000      *

 SNA_PR     ON
    ANHEDONIA         -0.024       0.013      0.024      -0.050       0.000      *

 PER_CAPIT  ON
    ANHEDONIA         -0.294       0.148      0.025      -0.582       0.001

 Means
    PA                45.838       0.918      0.000      43.995      47.664      *
    NA                15.368       0.677      0.000      14.013      16.694      *

 Intercepts
    PER_CAPIT         24.438       1.338      0.000      21.771      27.149      *
    SPA_PR             0.763       0.136      0.000       0.512       1.042      *
    SNA_PR             0.614       0.157      0.000       0.347       0.939      *

 Variances
    PA               135.251      15.423      0.000     108.922     169.021      *
    NA                77.224       9.080      0.000      62.464      97.595      *

 Residual Variances
    PER_CAPIT        293.300      34.640      0.000     236.343     371.914      *
    SPA_PR             0.978       0.023      0.000       0.913       1.000      *
    SNA_PR             0.977       0.027      0.000       0.900       1.000      *


R-SQUARE

Within-Level R-Square Averaged Across Clusters

                                Posterior  One-Tailed         95% C.I.
    Variable        Estimate       S.D.      P-Value   Lower 2.5%  Upper 2.5%

    PER_CAPIT          0.091       0.010      0.000       0.071       0.113
    PA                 0.000       0.000      1.000       0.000       0.000
    NA                 0.000       0.000      1.000       0.000       0.000

Between Level

                                Posterior  One-Tailed         95% C.I.
    Variable        Estimate       S.D.      P-Value   Lower 2.5%  Upper 2.5%

    PER_CAPIT          0.011       0.012      0.000       0.000       0.044

                                Posterior  One-Tailed         95% C.I.
    Variable        Estimate       S.D.      P-Value   Lower 2.5%  Upper 2.5%

    SPA_PR             0.022       0.023      0.000       0.000       0.086
    SNA_PR             0.023       0.027      0.000       0.000       0.100


CREDIBILITY INTERVALS OF MODEL RESULTS

                  Lower .5%  Lower 2.5%    Lower 5%    Estimate    Upper 5%  Upper 2.5%   Upper .5%

Within Level

 PA       ON
    PA&1             0.000       0.000       0.000       0.000       0.000       0.000       0.000

 NA       ON
    NA&1             0.000       0.000       0.000       0.000       0.000       0.000       0.000

 PER_CAPI WITH
    PA               0.000       0.000       0.000       0.000       0.000       0.000       0.000
    NA               0.000       0.000       0.000       0.000       0.000       0.000       0.000

 NA       WITH
    PA             -64.232     -63.061     -62.624     -60.018     -57.570     -57.187     -56.040

 Residual Variances
    PER_CAPIT      330.749     334.483     336.827     347.305     358.589     360.889     364.154
    PA             165.188     166.563     167.454     171.770     176.147     176.966     178.755
    NA              89.053      90.138      90.728      93.168      95.643      96.137      97.046

Between Level

 SPA_PR   ON
    ANHEDONIA       -0.017      -0.015      -0.014      -0.008      -0.001       0.000       0.001

 SNA_PR   ON
    ANHEDONIA       -0.022      -0.019      -0.017      -0.009      -0.001       0.000       0.003

 PER_CAPI ON
    ANHEDONIA       -0.694      -0.582      -0.528      -0.294      -0.046       0.001       0.094

 Means
    PA              43.464      43.995      44.334      45.838      47.425      47.664      48.052
    NA              13.624      14.013      14.261      15.368      16.496      16.694      17.157

 Intercepts
    PER_CAPIT       20.968      21.771      22.226      24.438      26.671      27.149      27.791
    SPA_PR           0.150       0.178       0.189       0.246       0.306       0.315       0.330
    SNA_PR           0.109       0.141       0.155       0.231       0.311       0.326       0.350

 Variances
    PA             100.404     108.922     112.633     135.251     162.894     169.021     180.785
    NA              58.967      62.464      64.515      77.224      94.224      97.595     105.364

 Residual Variances
    PER_CAPIT      221.059     236.343     244.473     293.300     357.209     371.914     405.683
    SPA_PR           0.051       0.063       0.069       0.103       0.143       0.150       0.165
    SNA_PR           0.043       0.058       0.071       0.141       0.220       0.242       0.290


CREDIBILITY INTERVALS OF STANDARDIZED MODEL RESULTS


STDYX Standardization

                  Lower .5%  Lower 2.5%    Lower 5%    Estimate    Upper 5%  Upper 2.5%   Upper .5%

Within Level

 PA       ON
    PA&1             0.000       0.000       0.000       0.000       0.000       0.000       0.000

 NA       ON
    NA&1             0.000       0.000       0.000       0.000       0.000       0.000       0.000

 PER_CAPI WITH
    PA               0.000       0.000       0.000       0.000       0.000       0.000       0.000
    NA               0.000       0.000       0.000       0.000       0.000       0.000       0.000

 NA       WITH
    PA               0.000      -0.491       0.000      -0.475       0.000      -0.458       0.000

 Residual Variances
    PER_CAPIT        0.000       0.887       0.000       0.909       0.000       0.929       0.000
    PA               0.000       1.000       0.000       1.000       0.000       1.000       0.000
    NA               0.000       1.000       0.000       1.000       0.000       1.000       0.000

Between Level

 SPA_PR   ON
    ANHEDONIA       -0.322      -0.294      -0.269      -0.148      -0.025      -0.003       0.030

 SNA_PR   ON
    ANHEDONIA       -0.370      -0.316      -0.286      -0.153      -0.024      -0.003       0.054

 PER_CAPI ON
    ANHEDONIA       -0.249      -0.209      -0.190      -0.107      -0.017       0.000       0.034

 Means
    PA               3.365       3.491       3.564       3.939       4.353       4.432       4.576
    NA               1.420       1.497       1.543       1.748       1.950       1.994       2.076

 Intercepts
    PER_CAPIT        1.128       1.201       1.236       1.417       1.606       1.645       1.700
    SPA_PR           0.432       0.512       0.550       0.763       0.997       1.042       1.132
    SNA_PR           0.262       0.347       0.389       0.614       0.883       0.939       1.132

 Variances
    PA               1.000       1.000       1.000       1.000       1.000       1.000       1.000
    NA               1.000       1.000       1.000       1.000       1.000       1.000       1.000

 Residual Variances
    PER_CAPIT        0.938       0.956       0.964       0.989       1.000       1.000       1.000
    SPA_PR           0.896       0.913       0.928       0.978       0.999       1.000       1.000
    SNA_PR           0.863       0.900       0.918       0.977       0.999       1.000       1.000


STDY Standardization

                  Lower .5%  Lower 2.5%    Lower 5%    Estimate    Upper 5%  Upper 2.5%   Upper .5%

Within Level

 PA       ON
    PA&1             0.000       0.000       0.000       0.000       0.000       0.000       0.000

 NA       ON
    NA&1             0.000       0.000       0.000       0.000       0.000       0.000       0.000

 PER_CAPI WITH
    PA               0.000       0.000       0.000       0.000       0.000       0.000       0.000
    NA               0.000       0.000       0.000       0.000       0.000       0.000       0.000

 NA       WITH
    PA               0.000      -0.491       0.000      -0.475       0.000      -0.458       0.000

 Residual Variances
    PER_CAPIT        0.000       0.887       0.000       0.909       0.000       0.929       0.000
    PA               0.000       1.000       0.000       1.000       0.000       1.000       0.000
    NA               0.000       1.000       0.000       1.000       0.000       1.000       0.000

Between Level

 SPA_PR   ON
    ANHEDONIA       -0.051      -0.046      -0.042      -0.023      -0.004       0.000       0.005

 SNA_PR   ON
    ANHEDONIA       -0.058      -0.050      -0.045      -0.024      -0.004       0.000       0.008

 PER_CAPI ON
    ANHEDONIA       -0.039      -0.033      -0.030      -0.017      -0.003       0.000       0.005

 Means
    PA               3.365       3.491       3.564       3.939       4.353       4.432       4.576
    NA               1.420       1.497       1.543       1.748       1.950       1.994       2.076

 Intercepts
    PER_CAPIT        1.128       1.201       1.236       1.417       1.606       1.645       1.700
    SPA_PR           0.432       0.512       0.550       0.763       0.997       1.042       1.132
    SNA_PR           0.262       0.347       0.389       0.614       0.883       0.939       1.132

 Variances
    PA               1.000       1.000       1.000       1.000       1.000       1.000       1.000
    NA               1.000       1.000       1.000       1.000       1.000       1.000       1.000

 Residual Variances
    PER_CAPIT        0.938       0.956       0.964       0.989       1.000       1.000       1.000
    SPA_PR           0.896       0.913       0.928       0.978       0.999       1.000       1.000
    SNA_PR           0.863       0.900       0.918       0.977       0.999       1.000       1.000


STD Standardization

                  Lower .5%  Lower 2.5%    Lower 5%    Estimate    Upper 5%  Upper 2.5%   Upper .5%

Within Level

 PA       ON
    PA&1             0.000       0.000       0.000       0.000       0.000       0.000       0.000

 NA       ON
    NA&1             0.000       0.000       0.000       0.000       0.000       0.000       0.000

 PER_CAPI WITH
    PA               0.000       0.000       0.000       0.000       0.000       0.000       0.000
    NA               0.000       0.000       0.000       0.000       0.000       0.000       0.000

 NA       WITH
    PA               0.000     -63.061       0.000     -60.018       0.000     -57.187       0.000

 Residual Variances
    PER_CAPIT        0.000     334.483       0.000     347.305       0.000     360.889       0.000
    PA               0.000     166.563       0.000     171.770       0.000     176.966       0.000
    NA               0.000      90.138       0.000      93.168       0.000      96.137       0.000

Between Level

 SPA_PR   ON
    ANHEDONIA       -0.051      -0.046      -0.042      -0.023      -0.004       0.000       0.005

 SNA_PR   ON
    ANHEDONIA       -0.058      -0.050      -0.045      -0.024      -0.004       0.000       0.008

 PER_CAPI ON
    ANHEDONIA       -0.694      -0.582      -0.528      -0.294      -0.046       0.001       0.094

 Means
    PA              43.464      43.995      44.334      45.838      47.425      47.664      48.052
    NA              13.624      14.013      14.261      15.368      16.496      16.694      17.157

 Intercepts
    PER_CAPIT       20.968      21.771      22.226      24.438      26.671      27.149      27.791
    SPA_PR           0.432       0.512       0.550       0.763       0.997       1.042       1.132
    SNA_PR           0.262       0.347       0.389       0.614       0.883       0.939       1.132

 Variances
    PA             100.404     108.922     112.633     135.251     162.894     169.021     180.785
    NA              58.967      62.464      64.515      77.224      94.224      97.595     105.364

 Residual Variances
    PER_CAPIT      221.059     236.343     244.473     293.300     357.209     371.914     405.683
    SPA_PR           0.896       0.913       0.928       0.978       0.999       1.000       1.000
    SNA_PR           0.863       0.900       0.918       0.977       0.999       1.000       1.000


TECHNICAL 1 OUTPUT


     PARAMETER SPECIFICATION FOR WITHIN


           NU
              PER_CAPI      PA            NA            PA&1          NA&1
              ________      ________      ________      ________      ________
                    0             0             0             0             0


           LAMBDA
              PER_CAPI      PA            NA            PA&1          NA&1
              ________      ________      ________      ________      ________
 PER_CAPI           0             0             0             0             0
 PA                 0             0             0             0             0
 NA                 0             0             0             0             0
 PA&1               0             0             0             0             0
 NA&1               0             0             0             0             0


           THETA
              PER_CAPI      PA            NA            PA&1          NA&1
              ________      ________      ________      ________      ________
 PER_CAPI           0
 PA                 0             0
 NA                 0             0             0
 PA&1               0             0             0             0
 NA&1               0             0             0             0             0


           ALPHA
              PER_CAPI      PA            NA            PA&1          NA&1
              ________      ________      ________      ________      ________
                    0             0             0             0             0


           BETA
              PER_CAPI      PA            NA            PA&1          NA&1
              ________      ________      ________      ________      ________
 PER_CAPI           0             0             0             0             0
 PA                 0             0             0             0             0
 NA                 0             0             0             0             0
 PA&1               0             0             0             0             0
 NA&1               0             0             0             0             0


           PSI
              PER_CAPI      PA            NA            PA&1          NA&1
              ________      ________      ________      ________      ________
 PER_CAPI           1
 PA                 0             2
 NA                 0             3             4
 PA&1               0             0             0             0
 NA&1               0             0             0             0             0


     PARAMETER SPECIFICATION FOR BETWEEN


           NU
              PER_CAPI      PA            NA            ANHEDONI
              ________      ________      ________      ________
                    0             0             0             0


           LAMBDA
              SPA_PR        SNA_PR        PER_CAPI      PA            NA
              ________      ________      ________      ________      ________
 PER_CAPI           0             0             0             0             0
 PA                 0             0             0             0             0
 NA                 0             0             0             0             0
 ANHEDONI           0             0             0             0             0


           LAMBDA
              ANHEDONI
              ________
 PER_CAPI           0
 PA                 0
 NA                 0
 ANHEDONI           0


           THETA
              PER_CAPI      PA            NA            ANHEDONI
              ________      ________      ________      ________
 PER_CAPI           0
 PA                 0             0
 NA                 0             0             0
 ANHEDONI           0             0             0             0


           ALPHA
              SPA_PR        SNA_PR        PER_CAPI      PA            NA
              ________      ________      ________      ________      ________
                    5             6             7             8             9


           ALPHA
              ANHEDONI
              ________
                    0


           BETA
              SPA_PR        SNA_PR        PER_CAPI      PA            NA
              ________      ________      ________      ________      ________
 SPA_PR             0             0             0             0             0
 SNA_PR             0             0             0             0             0
 PER_CAPI           0             0             0             0             0
 PA                 0             0             0             0             0
 NA                 0             0             0             0             0
 ANHEDONI           0             0             0             0             0


           BETA
              ANHEDONI
              ________
 SPA_PR            10
 SNA_PR            11
 PER_CAPI          12
 PA                 0
 NA                 0
 ANHEDONI           0


           PSI
              SPA_PR        SNA_PR        PER_CAPI      PA            NA
              ________      ________      ________      ________      ________
 SPA_PR            13
 SNA_PR             0            14
 PER_CAPI           0             0            15
 PA                 0             0             0            16
 NA                 0             0             0             0            17
 ANHEDONI           0             0             0             0             0


           PSI
              ANHEDONI
              ________
 ANHEDONI           0


     STARTING VALUES FOR WITHIN


           NU
              PER_CAPI      PA            NA            PA&1          NA&1
              ________      ________      ________      ________      ________
                0.000         0.000         0.000         0.000         0.000


           LAMBDA
              PER_CAPI      PA            NA            PA&1          NA&1
              ________      ________      ________      ________      ________
 PER_CAPI       1.000         0.000         0.000         0.000         0.000
 PA             0.000         1.000         0.000         0.000         0.000
 NA             0.000         0.000         1.000         0.000         0.000
 PA&1           0.000         0.000         0.000         1.000         0.000
 NA&1           0.000         0.000         0.000         0.000         1.000


           THETA
              PER_CAPI      PA            NA            PA&1          NA&1
              ________      ________      ________      ________      ________
 PER_CAPI       0.000
 PA             0.000         0.000
 NA             0.000         0.000         0.000
 PA&1           0.000         0.000         0.000         0.000
 NA&1           0.000         0.000         0.000         0.000         0.000


           ALPHA
              PER_CAPI      PA            NA            PA&1          NA&1
              ________      ________      ________      ________      ________
                0.000         0.000         0.000         0.000         0.000


           BETA
              PER_CAPI      PA            NA            PA&1          NA&1
              ________      ________      ________      ________      ________
 PER_CAPI       0.000         0.000         0.000         0.000         0.000
 PA             0.000         0.000         0.000         0.000         0.000
 NA             0.000         0.000         0.000         0.000         0.000
 PA&1           0.000         0.000         0.000         0.000         0.000
 NA&1           0.000         0.000         0.000         0.000         0.000


           PSI
              PER_CAPI      PA            NA            PA&1          NA&1
              ________      ________      ________      ________      ________
 PER_CAPI     334.916
 PA             0.000       151.382
 NA             0.000         0.000        82.989
 PA&1           0.000         0.000         0.000       151.495
 NA&1           0.000         0.000         0.000         0.000        82.937


     STARTING VALUES FOR BETWEEN


           NU
              PER_CAPI      PA            NA            ANHEDONI
              ________      ________      ________      ________
                0.000         0.000         0.000         0.000


           LAMBDA
              SPA_PR        SNA_PR        PER_CAPI      PA            NA
              ________      ________      ________      ________      ________
 PER_CAPI       0.000         0.000         1.000         0.000         0.000
 PA             0.000         0.000         0.000         1.000         0.000
 NA             0.000         0.000         0.000         0.000         1.000
 ANHEDONI       0.000         0.000         0.000         0.000         0.000


           LAMBDA
              ANHEDONI
              ________
 PER_CAPI       0.000
 PA             0.000
 NA             0.000
 ANHEDONI       1.000


           THETA
              PER_CAPI      PA            NA            ANHEDONI
              ________      ________      ________      ________
 PER_CAPI       0.000
 PA             0.000         0.000
 NA             0.000         0.000         0.000
 ANHEDONI       0.000         0.000         0.000         0.000


           ALPHA
              SPA_PR        SNA_PR        PER_CAPI      PA            NA
              ________      ________      ________      ________      ________
                0.000         0.000        24.021        45.640        15.074


           ALPHA
              ANHEDONI
              ________
                0.000


           BETA
              SPA_PR        SNA_PR        PER_CAPI      PA            NA
              ________      ________      ________      ________      ________
 SPA_PR         0.000         0.000         0.000         0.000         0.000
 SNA_PR         0.000         0.000         0.000         0.000         0.000
 PER_CAPI       0.000         0.000         0.000         0.000         0.000
 PA             0.000         0.000         0.000         0.000         0.000
 NA             0.000         0.000         0.000         0.000         0.000
 ANHEDONI       0.000         0.000         0.000         0.000         0.000


           BETA
              ANHEDONI
              ________
 SPA_PR         0.000
 SNA_PR         0.000
 PER_CAPI       0.000
 PA             0.000
 NA             0.000
 ANHEDONI       0.000


           PSI
              SPA_PR        SNA_PR        PER_CAPI      PA            NA
              ________      ________      ________      ________      ________
 SPA_PR         1.000
 SNA_PR         0.000         1.000
 PER_CAPI       0.000         0.000       334.916
 PA             0.000         0.000         0.000       151.382
 NA             0.000         0.000         0.000         0.000        82.989
 ANHEDONI       0.000         0.000         0.000         0.000         0.000


           PSI
              ANHEDONI
              ________
 ANHEDONI      40.126



     PRIORS FOR ALL PARAMETERS            PRIOR MEAN      PRIOR VARIANCE     PRIOR STD. DEV.

     Parameter 1~IG(-1.000,0.000)          infinity            infinity            infinity
     Parameter 2~IW(0.000,-3)              infinity            infinity            infinity
     Parameter 3~IW(0.000,-3)              infinity            infinity            infinity
     Parameter 4~IW(0.000,-3)              infinity            infinity            infinity
     Parameter 5~N(0.000,infinity)           0.0000            infinity            infinity
     Parameter 6~N(0.000,infinity)           0.0000            infinity            infinity
     Parameter 7~N(0.000,infinity)           0.0000            infinity            infinity
     Parameter 8~N(0.000,infinity)           0.0000            infinity            infinity
     Parameter 9~N(0.000,infinity)           0.0000            infinity            infinity
     Parameter 10~N(0.000,infinity)          0.0000            infinity            infinity
     Parameter 11~N(0.000,infinity)          0.0000            infinity            infinity
     Parameter 12~N(0.000,infinity)          0.0000            infinity            infinity
     Parameter 13~IG(-1.000,0.000)         infinity            infinity            infinity
     Parameter 14~IG(-1.000,0.000)         infinity            infinity            infinity
     Parameter 15~IG(-1.000,0.000)         infinity            infinity            infinity
     Parameter 16~IG(-1.000,0.000)         infinity            infinity            infinity
     Parameter 17~IG(-1.000,0.000)         infinity            infinity            infinity


TECHNICAL 8 OUTPUT


   TECHNICAL 8 OUTPUT FOR BAYES ESTIMATION

     PROCESSOR    BSEED
     1            0
     2            285380
     3            253358
     4            93468
     5            608496
     6            903420
     7            195873
     8            462953
     9            939021
     10           127215
     11           415931
     12           533738
     13           107446
     14           399671
     15           650371
     16           27071

                     POTENTIAL       PARAMETER WITH
     ITERATION    SCALE REDUCTION      HIGHEST PSR
     100              1.080               6
     200              1.032               5
     300              1.351               14
     400              1.014               2
     500              1.007               4
     600              1.114               14
     700              1.051               14
     800              1.014               14
     900              1.018               14
     1000             1.006               14
     1100             1.002               3
     1200             1.002               17
     1300             1.004               6
     1400             1.004               6
     1500             1.004               6
     1600             1.011               6
     1700             1.006               1
     1800             1.021               14
     1900             1.008               14
     2000             1.007               1


PLOT INFORMATION

The following plots are available:

  Histograms (sample values)
  Scatterplots (sample values)
  Between-level histograms (sample values, sample means/variances)
  Between-level scatterplots (sample values, sample means/variances)
  Time series plots (sample values, ACF, PACF)
  Histogram of subjects per time point
  Time interval plots
  Bayesian posterior parameter distributions
  Bayesian posterior parameter trace plots
  Bayesian autocorrelation plots

     Beginning Time:  16:32:44
        Ending Time:  16:34:01
       Elapsed Time:  00:01:17



MUTHEN & MUTHEN
3463 Stoner Ave.
Los Angeles, CA  90066

Tel: (310) 391-9971
Fax: (310) 391-8971
Web: www.StatModel.com
Support: Support@StatModel.com

Copyright (c) 1998-2022 Muthen & Muthen
