Mplus VERSION 8.8
MUTHEN & MUTHEN
08/25/2023   9:31 PM

INPUT INSTRUCTIONS


  DATA:
  FILE IS data9.dat;

  VARIABLE:   NAMES =
  	    Eth_ID Time Time_between Time_inc
  	    PA_enth NA_irri NA_verv PA_tevr PA_ener
       	    PA_kalm NA_nerv PA_daadk NA_verdr
  	    PA_vrol NA_boos PA_dankb NA_somb PER_att
      	    PER_refl PER_self PER_expr PER_damp
  	    PER_codamp PER_capit Sample age_yr gesl BDI
      	    Measures_valid BDI_anh Anhedonia
   	    BDI_sum PA NA day compliance;

              USEVARIABLES are PER_damp PA NA Anhedonia;
              MISSING is .;
              within = ;
              between = Anhedonia;
              cluster = Eth_ID;
              lagged= PA NA(1);
              tinterval=Time_inc (150);

  DEFINE:     CENTER Anhedonia (grandmean);

  ANALYSIS:   type = twolevel random;
              estimator = Bayes;
              biterations=(2000);
  !            bconvergence=0.005;
              thin=2;
              PROCESSORS=16;
  MODEL:
  %WITHIN%
  sPA_PR | PER_damp on PA&1;
  sNA_PR | PER_damp on NA&1;
  PA on PA&1@0;
  NA on NA&1@0;
  PER_damp with PA@0;
  PER_damp with NA@0;

  %between%
  sPA_PR sNA_PR on Anhedonia;
  PER_damp on Anhedonia;


  OUTPUT: standardized tech1 tech8 cinterval patterns;
  PLOT: TYPE = PLOT3;



*** WARNING in VARIABLE command
  Note that only the first 8 characters of variable names are used in the output.
  Shorten variable names to avoid any confusion.
*** WARNING in MODEL command
  A y-variable has been declared on the within level but not referred to on
  the between level.  Please check that this is what is intended.  If this is not intended,
  specify the variable as a within variable.  Problem with:  PA
*** WARNING in MODEL command
  A y-variable has been declared on the within level but not referred to on
  the between level.  Please check that this is what is intended.  If this is not intended,
  specify the variable as a within variable.  Problem with:  NA
*** WARNING in PLOT command
  Note that only the first 8 characters of variable names are used in plots.
  If variable names are not unique within the first 8 characters, problems
  may occur.
*** WARNING
  One or more individual-level variables have no variation within a
  cluster for the following clusters.

     Variable   Cluster IDs with no within-cluster variation

      PER_DAMP    82 71 148 165 127 177 180

*** WARNING
  Data set contains cases with missing on all variables.  Cases that appeared before the first
  case with observed data and that appeared after the last case with observed data were not
  included in the analysis.  Number of deleted cases:  680
   6 WARNING(S) FOUND IN THE INPUT INSTRUCTIONS




SUMMARY OF ANALYSIS

Number of groups                                                 1
Number of observations                                       20159

Number of dependent variables                                    3
Number of independent variables                                  3
Number of continuous latent variables                            2

Observed dependent variables

  Continuous
   PER_DAMP    PA          NA

Observed independent variables
   ANHEDONI    PA&1        NA&1

Continuous latent variables
   SPA_PR      SNA_PR

Variables with special functions

  Cluster variable      ETH_ID

  Within variables
   PA&1        NA&1

  Between variables
   ANHEDONI

  Centering (GRANDMEAN)
   ANHEDONI


Estimator                                                    BAYES
Specifications for Bayesian Estimation
  Point estimate                                            MEDIAN
  Number of Markov chain Monte Carlo (MCMC) chains               2
  Random seed for the first chain                                0
  Starting value information                           UNPERTURBED
  Algorithm used for Markov chain Monte Carlo           GIBBS(PX1)
  Convergence criterion                                  0.500D-01
  Maximum number of iterations                               50000
  K-th iteration used for thinning                               2

Input data file(s)
  data9.dat
Input data format  FREE


SUMMARY OF DATA

     Number of clusters                        159

       Size (s)    Cluster ID with Size s

         56        28
         80        82
         84        87
         88        72
         97        34
        101        10
        105        52
        108        119
        111        36
        113        182
        115        89 131
        116        15 188 75 77
        117        11
        118        16 66 49 57 195
        119        106 197 71 48 149 50 92 38 168 163 186
        120        7 148 98 192 61 165 108 55
        122        174
        123        127
        124        161 117 103 51
        125        53 54 13 40 44 88 30 68 100 93 105 112 123 73
        126        107 172 173 102 65 109 111 80 76 120
        127        70 177 133 62 139 118 110 25 115 67 46 104 178 126 193
                   32 86 198 147
        128        43 153 59 156 96 180 18 5
        129        141 144 125 3 185 146 135 190 187 39 137 116 69
        130        138 166 97 14
        133        191
        134        2
        135        194 63 60 183 201 200
        136        26 56
        137        95 4 9 22 19 42
        138        132 29 94
        139        45 74 35 37 84 21 79 145 114
        142        27
        143        179
        144        170 24 171
        145        1 124 162 20
        146        151 6 167
        147        142 31
        148        159 176



SUMMARY OF MISSING DATA PATTERNS

     Number of missing data patterns            12


     MISSING DATA PATTERNS (x = not missing)

           1  2  3  4  5  6  7  8  9 10 11 12
 PER_DAMP  x  x              x  x  x        x
 PA        x  x        x  x     x  x  x  x
 NA        x  x        x  x        x
 PA&1      x     x        x  x     x     x
 NA&1      x     x        x  x           x
 ANHEDONI  x  x  x  x  x  x  x  x  x  x  x  x


     MISSING DATA PATTERN FREQUENCIES

    Pattern   Frequency     Pattern   Frequency     Pattern   Frequency
          1        4878           5          62           9           8
          2        3214           6          56          10           5
          3        3121           7           3          11           2
          4        8808           8           1          12           1


COVARIANCE COVERAGE OF DATA

Minimum covariance coverage value   0.100


     PROPORTION OF DATA PRESENT


           Covariance Coverage
              PER_DAMP      PA            NA            ANHEDONI
              ________      ________      ________      ________
 PER_DAMP       0.402
 PA             0.402         0.408
 NA             0.402         0.408         0.408
 ANHEDONI       0.402         0.408         0.408         1.000



UNIVARIATE SAMPLE STATISTICS


     UNIVARIATE HIGHER-ORDER MOMENT DESCRIPTIVE STATISTICS

         Variable/         Mean/     Skewness/   Minimum/ % with                Percentiles
        Sample Size      Variance    Kurtosis    Maximum  Min/Max      20%/60%    40%/80%    Median

     PER_DAMP             11.539       2.123       0.000   22.73%       0.000      5.000      7.000
            8105.000     221.235       4.572      91.000    0.01%       9.000     17.000
     PA                   45.572      -0.010       0.000    0.29%      30.857     41.571     46.143
            8226.000     302.012      -0.210     100.000    0.07%      50.286     60.286
     NA                   14.664       1.462       0.000    8.38%       4.800      8.800     11.200
            8218.000     166.273       2.171      77.400    0.01%      14.000     22.600
     ANHEDONIA             0.000       0.630     -18.380    0.63%      -7.330     -2.924     -0.934
             159.000      79.008       0.606      29.966    0.63%       1.234      6.118


THE MODEL ESTIMATION TERMINATED NORMALLY

     USE THE FBITERATIONS OPTION TO INCREASE THE NUMBER OF ITERATIONS BY A FACTOR
     OF AT LEAST TWO TO CHECK CONVERGENCE AND THAT THE PSR VALUE DOES NOT INCREASE.



MODEL FIT INFORMATION

Number of Free Parameters                              17

Information Criteria

          Deviance (DIC)                       490216.980
          Estimated Number of Parameters (pD)   36328.468



MODEL RESULTS

                                Posterior  One-Tailed         95% C.I.
                    Estimate       S.D.      P-Value   Lower 2.5%  Upper 2.5%  Significance

Within Level

 PA         ON
    PA&1               0.000       0.000      1.000       0.000       0.000

 NA         ON
    NA&1               0.000       0.000      1.000       0.000       0.000

 PER_DAMP WITH
    PA                 0.000       0.000      1.000       0.000       0.000
    NA                 0.000       0.000      1.000       0.000       0.000

 NA       WITH
    PA               -56.858       1.574      0.000     -60.038     -53.844      *

 Residual Variances
    PER_DAMP          96.563       1.786      0.000      93.113     100.111      *
    PA               173.118       2.789      0.000     167.784     178.676      *
    NA                90.810       1.458      0.000      88.045      93.726      *

Between Level

 SPA_PR     ON
    ANHEDONIA          0.003       0.003      0.126      -0.002       0.009

 SNA_PR     ON
    ANHEDONIA          0.006       0.003      0.045      -0.001       0.013

 PER_DAMP   ON
    ANHEDONIA          0.072       0.096      0.226      -0.114       0.261

 Means
    PA                45.681       0.947      0.000      43.826      47.551      *
    NA                14.821       0.723      0.000      13.404      16.248      *

 Intercepts
    PER_DAMP          11.653       0.843      0.000       9.994      13.291      *
    SPA_PR             0.036       0.026      0.084      -0.015       0.086
    SNA_PR             0.143       0.031      0.000       0.080       0.204      *

 Variances
    PA               137.113      16.431      0.000     110.050     173.648      *
    NA                81.968       9.680      0.000      65.965     103.778      *

 Residual Variances
    PER_DAMP         112.009      13.327      0.000      89.826     141.741      *
    SPA_PR             0.062       0.011      0.000       0.044       0.086      *
    SNA_PR             0.094       0.017      0.000       0.065       0.132      *


STANDARDIZED MODEL RESULTS


STDYX Standardization

                                Posterior  One-Tailed         95% C.I.
                    Estimate       S.D.      P-Value   Lower 2.5%  Upper 2.5%  Significance

Within-Level Standardized Estimates Averaged Over Clusters

 SPA_PR | PER_DAMP ON
    PA&1               0.044       0.017      0.006       0.009       0.077      *

 SNA_PR | PER_DAMP ON
    NA&1               0.122       0.017      0.000       0.088       0.154      *

 PA         ON
    PA&1               0.000       0.000      1.000       0.000       0.000

 NA         ON
    NA&1               0.000       0.000      1.000       0.000       0.000

 PER_DAMP WITH
    PA                 0.000       0.000      1.000       0.000       0.000
    NA                 0.000       0.000      1.000       0.000       0.000

 NA       WITH
    PA                -0.454       0.009      0.000      -0.471      -0.434      *

 Residual Variances
    PER_DAMP           0.868       0.007      0.000       0.854       0.882      *
    PA                 1.000       0.000      0.000       1.000       1.000
    NA                 1.000       0.000      0.000       1.000       1.000

Between Level

 SPA_PR     ON
    ANHEDONIA          0.082       0.071      0.126      -0.056       0.220

 SNA_PR     ON
    ANHEDONIA          0.120       0.070      0.045      -0.018       0.257

 PER_DAMP   ON
    ANHEDONIA          0.043       0.057      0.226      -0.068       0.154

 Means
    PA                 3.899       0.242      0.000       3.436       4.382      *
    NA                 1.637       0.123      0.000       1.399       1.882      *

 Intercepts
    PER_DAMP           1.099       0.102      0.000       0.899       1.297      *
    SPA_PR             0.144       0.105      0.084      -0.057       0.351
    SNA_PR             0.464       0.110      0.000       0.252       0.682      *

 Variances
    PA                 1.000       0.000      0.000       1.000       1.000
    NA                 1.000       0.000      0.000       1.000       1.000

 Residual Variances
    PER_DAMP           0.997       0.007      0.000       0.976       1.000      *
    SPA_PR             0.993       0.013      0.000       0.952       1.000      *
    SNA_PR             0.985       0.018      0.000       0.934       1.000      *


STDY Standardization

                                Posterior  One-Tailed         95% C.I.
                    Estimate       S.D.      P-Value   Lower 2.5%  Upper 2.5%  Significance

Within-Level Standardized Estimates Averaged Over Clusters

 SPA_PR | PER_DAMP ON
    PA&1               0.003       0.001      0.006       0.001       0.006      *

 SNA_PR | PER_DAMP ON
    NA&1               0.013       0.002      0.000       0.009       0.016      *

 PA         ON
    PA&1               0.000       0.000      1.000       0.000       0.000

 NA         ON
    NA&1               0.000       0.000      1.000       0.000       0.000

 PER_DAMP WITH
    PA                 0.000       0.000      1.000       0.000       0.000
    NA                 0.000       0.000      1.000       0.000       0.000

 NA       WITH
    PA                -0.454       0.009      0.000      -0.471      -0.434      *

 Residual Variances
    PER_DAMP           0.868       0.007      0.000       0.854       0.882      *
    PA                 1.000       0.000      0.000       1.000       1.000
    NA                 1.000       0.000      0.000       1.000       1.000

Between Level

 SPA_PR     ON
    ANHEDONIA          0.013       0.011      0.126      -0.009       0.035

 SNA_PR     ON
    ANHEDONIA          0.019       0.011      0.045      -0.003       0.041

 PER_DAMP   ON
    ANHEDONIA          0.007       0.009      0.226      -0.011       0.024

 Means
    PA                 3.899       0.242      0.000       3.436       4.382      *
    NA                 1.637       0.123      0.000       1.399       1.882      *

 Intercepts
    PER_DAMP           1.099       0.102      0.000       0.899       1.297      *
    SPA_PR             0.144       0.105      0.084      -0.057       0.351
    SNA_PR             0.464       0.110      0.000       0.252       0.682      *

 Variances
    PA                 1.000       0.000      0.000       1.000       1.000
    NA                 1.000       0.000      0.000       1.000       1.000

 Residual Variances
    PER_DAMP           0.997       0.007      0.000       0.976       1.000      *
    SPA_PR             0.993       0.013      0.000       0.952       1.000      *
    SNA_PR             0.985       0.018      0.000       0.934       1.000      *


STD Standardization

                                Posterior  One-Tailed         95% C.I.
                    Estimate       S.D.      P-Value   Lower 2.5%  Upper 2.5%  Significance

Within-Level Standardized Estimates Averaged Over Clusters

 SPA_PR | PER_DAMP ON
    PA&1               0.036       0.015      0.012       0.005       0.065      *

 SNA_PR | PER_DAMP ON
    NA&1               0.145       0.019      0.000       0.105       0.183      *

 PA         ON
    PA&1               0.000       0.000      1.000       0.000       0.000

 NA         ON
    NA&1               0.000       0.000      1.000       0.000       0.000

 PER_DAMP WITH
    PA                 0.000       0.000      1.000       0.000       0.000
    NA                 0.000       0.000      1.000       0.000       0.000

 NA       WITH
    PA               -56.889       1.610      0.000     -60.156     -53.723      *

 Residual Variances
    PER_DAMP          96.633       1.800      0.000      93.088     100.111      *
    PA               173.149       2.666      0.000     168.261     178.357      *
    NA                90.784       1.504      0.000      87.911      93.929      *

Between Level

 SPA_PR     ON
    ANHEDONIA          0.013       0.011      0.126      -0.009       0.035

 SNA_PR     ON
    ANHEDONIA          0.019       0.011      0.045      -0.003       0.041

 PER_DAMP   ON
    ANHEDONIA          0.072       0.096      0.226      -0.114       0.261

 Means
    PA                45.681       0.947      0.000      43.826      47.551      *
    NA                14.821       0.723      0.000      13.404      16.248      *

 Intercepts
    PER_DAMP          11.653       0.843      0.000       9.994      13.291      *
    SPA_PR             0.144       0.105      0.084      -0.057       0.351
    SNA_PR             0.464       0.110      0.000       0.252       0.682      *

 Variances
    PA               137.113      16.431      0.000     110.050     173.648      *
    NA                81.968       9.680      0.000      65.965     103.778      *

 Residual Variances
    PER_DAMP         112.009      13.327      0.000      89.826     141.741      *
    SPA_PR             0.993       0.013      0.000       0.952       1.000      *
    SNA_PR             0.985       0.018      0.000       0.934       1.000      *


R-SQUARE

Within-Level R-Square Averaged Across Clusters

                                Posterior  One-Tailed         95% C.I.
    Variable        Estimate       S.D.      P-Value   Lower 2.5%  Upper 2.5%

    PER_DAMP           0.132       0.007      0.000       0.118       0.146
    PA                 0.000       0.000      1.000       0.000       0.000
    NA                 0.000       0.000      1.000       0.000       0.000

Between Level

                                Posterior  One-Tailed         95% C.I.
    Variable        Estimate       S.D.      P-Value   Lower 2.5%  Upper 2.5%

    PER_DAMP           0.003       0.007      0.000       0.000       0.024

                                Posterior  One-Tailed         95% C.I.
    Variable        Estimate       S.D.      P-Value   Lower 2.5%  Upper 2.5%

    SPA_PR             0.007       0.013      0.000       0.000       0.048
    SNA_PR             0.015       0.018      0.000       0.000       0.066


CREDIBILITY INTERVALS OF MODEL RESULTS

                  Lower .5%  Lower 2.5%    Lower 5%    Estimate    Upper 5%  Upper 2.5%   Upper .5%

Within Level

 PA       ON
    PA&1             0.000       0.000       0.000       0.000       0.000       0.000       0.000

 NA       ON
    NA&1             0.000       0.000       0.000       0.000       0.000       0.000       0.000

 PER_DAMP WITH
    PA               0.000       0.000       0.000       0.000       0.000       0.000       0.000
    NA               0.000       0.000       0.000       0.000       0.000       0.000       0.000

 NA       WITH
    PA             -61.080     -60.038     -59.512     -56.858     -54.326     -53.844     -52.969

 Residual Variances
    PER_DAMP        92.070      93.113      93.657      96.563      99.533     100.111     101.225
    PA             166.094     167.784     168.624     173.118     177.763     178.676     180.475
    NA              87.087      88.045      88.455      90.810      93.244      93.726      94.677

Between Level

 SPA_PR   ON
    ANHEDONIA       -0.004      -0.002      -0.001       0.003       0.008       0.009       0.011

 SNA_PR   ON
    ANHEDONIA       -0.003      -0.001       0.000       0.006       0.011       0.013       0.015

 PER_DAMP ON
    ANHEDONIA       -0.176      -0.114      -0.084       0.072       0.230       0.261       0.319

 Means
    PA              43.246      43.826      44.139      45.681      47.239      47.551      48.125
    NA              12.964      13.404      13.630      14.821      16.021      16.248      16.720

 Intercepts
    PER_DAMP         9.438       9.994      10.247      11.653      13.025      13.291      13.786
    SPA_PR          -0.030      -0.015      -0.007       0.036       0.078       0.086       0.102
    SNA_PR           0.062       0.080       0.090       0.143       0.194       0.204       0.223

 Variances
    PA             103.055     110.050     113.754     137.113     167.348     173.648     188.236
    NA              61.387      65.965      68.315      81.968      99.641     103.778     112.812

 Residual Variances
    PER_DAMP        83.921      89.826      92.771     112.009     136.378     141.741     152.882
    SPA_PR           0.039       0.044       0.046       0.062       0.082       0.086       0.095
    SNA_PR           0.057       0.065       0.069       0.094       0.125       0.132       0.146


CREDIBILITY INTERVALS OF STANDARDIZED MODEL RESULTS


STDYX Standardization

                  Lower .5%  Lower 2.5%    Lower 5%    Estimate    Upper 5%  Upper 2.5%   Upper .5%

Within Level

 PA       ON
    PA&1             0.000       0.000       0.000       0.000       0.000       0.000       0.000

 NA       ON
    NA&1             0.000       0.000       0.000       0.000       0.000       0.000       0.000

 PER_DAMP WITH
    PA               0.000       0.000       0.000       0.000       0.000       0.000       0.000
    NA               0.000       0.000       0.000       0.000       0.000       0.000       0.000

 NA       WITH
    PA               0.000      -0.471       0.000      -0.454       0.000      -0.434       0.000

 Residual Variances
    PER_DAMP         0.000       0.854       0.000       0.868       0.000       0.882       0.000
    PA               0.000       1.000       0.000       1.000       0.000       1.000       0.000
    NA               0.000       1.000       0.000       1.000       0.000       1.000       0.000

Between Level

 SPA_PR   ON
    ANHEDONIA       -0.099      -0.056      -0.035       0.082       0.198       0.220       0.261

 SNA_PR   ON
    ANHEDONIA       -0.063      -0.018       0.004       0.120       0.234       0.257       0.292

 PER_DAMP ON
    ANHEDONIA       -0.103      -0.068      -0.050       0.043       0.136       0.154       0.187

 Means
    PA               3.290       3.436       3.509       3.899       4.305       4.382       4.534
    NA               1.326       1.399       1.438       1.637       1.840       1.882       1.959

 Intercepts
    PER_DAMP         0.840       0.899       0.932       1.099       1.266       1.297       1.360
    SPA_PR          -0.115      -0.057      -0.026       0.144       0.316       0.351       0.419
    SNA_PR           0.190       0.252       0.285       0.464       0.646       0.682       0.755

 Variances
    PA               1.000       1.000       1.000       1.000       1.000       1.000       1.000
    NA               1.000       1.000       1.000       1.000       1.000       1.000       1.000

 Residual Variances
    PER_DAMP         0.965       0.976       0.981       0.997       1.000       1.000       1.000
    SPA_PR           0.932       0.952       0.961       0.993       1.000       1.000       1.000
    SNA_PR           0.915       0.934       0.945       0.985       1.000       1.000       1.000


STDY Standardization

                  Lower .5%  Lower 2.5%    Lower 5%    Estimate    Upper 5%  Upper 2.5%   Upper .5%

Within Level

 PA       ON
    PA&1             0.000       0.000       0.000       0.000       0.000       0.000       0.000

 NA       ON
    NA&1             0.000       0.000       0.000       0.000       0.000       0.000       0.000

 PER_DAMP WITH
    PA               0.000       0.000       0.000       0.000       0.000       0.000       0.000
    NA               0.000       0.000       0.000       0.000       0.000       0.000       0.000

 NA       WITH
    PA               0.000      -0.471       0.000      -0.454       0.000      -0.434       0.000

 Residual Variances
    PER_DAMP         0.000       0.854       0.000       0.868       0.000       0.882       0.000
    PA               0.000       1.000       0.000       1.000       0.000       1.000       0.000
    NA               0.000       1.000       0.000       1.000       0.000       1.000       0.000

Between Level

 SPA_PR   ON
    ANHEDONIA       -0.016      -0.009      -0.006       0.013       0.031       0.035       0.041

 SNA_PR   ON
    ANHEDONIA       -0.010      -0.003       0.001       0.019       0.037       0.041       0.046

 PER_DAMP ON
    ANHEDONIA       -0.016      -0.011      -0.008       0.007       0.021       0.024       0.030

 Means
    PA               3.290       3.436       3.509       3.899       4.305       4.382       4.534
    NA               1.326       1.399       1.438       1.637       1.840       1.882       1.959

 Intercepts
    PER_DAMP         0.840       0.899       0.932       1.099       1.266       1.297       1.360
    SPA_PR          -0.115      -0.057      -0.026       0.144       0.316       0.351       0.419
    SNA_PR           0.190       0.252       0.285       0.464       0.646       0.682       0.755

 Variances
    PA               1.000       1.000       1.000       1.000       1.000       1.000       1.000
    NA               1.000       1.000       1.000       1.000       1.000       1.000       1.000

 Residual Variances
    PER_DAMP         0.965       0.976       0.981       0.997       1.000       1.000       1.000
    SPA_PR           0.932       0.952       0.961       0.993       1.000       1.000       1.000
    SNA_PR           0.915       0.934       0.945       0.985       1.000       1.000       1.000


STD Standardization

                  Lower .5%  Lower 2.5%    Lower 5%    Estimate    Upper 5%  Upper 2.5%   Upper .5%

Within Level

 PA       ON
    PA&1             0.000       0.000       0.000       0.000       0.000       0.000       0.000

 NA       ON
    NA&1             0.000       0.000       0.000       0.000       0.000       0.000       0.000

 PER_DAMP WITH
    PA               0.000       0.000       0.000       0.000       0.000       0.000       0.000
    NA               0.000       0.000       0.000       0.000       0.000       0.000       0.000

 NA       WITH
    PA               0.000     -60.156       0.000     -56.889       0.000     -53.723       0.000

 Residual Variances
    PER_DAMP         0.000      93.088       0.000      96.633       0.000     100.111       0.000
    PA               0.000     168.261       0.000     173.149       0.000     178.357       0.000
    NA               0.000      87.911       0.000      90.784       0.000      93.929       0.000

Between Level

 SPA_PR   ON
    ANHEDONIA       -0.016      -0.009      -0.006       0.013       0.031       0.035       0.041

 SNA_PR   ON
    ANHEDONIA       -0.010      -0.003       0.001       0.019       0.037       0.041       0.046

 PER_DAMP ON
    ANHEDONIA       -0.176      -0.114      -0.084       0.072       0.230       0.261       0.319

 Means
    PA              43.246      43.826      44.139      45.681      47.239      47.551      48.125
    NA              12.964      13.404      13.630      14.821      16.021      16.248      16.720

 Intercepts
    PER_DAMP         9.438       9.994      10.247      11.653      13.025      13.291      13.786
    SPA_PR          -0.115      -0.057      -0.026       0.144       0.316       0.351       0.419
    SNA_PR           0.190       0.252       0.285       0.464       0.646       0.682       0.755

 Variances
    PA             103.055     110.050     113.754     137.113     167.348     173.648     188.236
    NA              61.387      65.965      68.315      81.968      99.641     103.778     112.812

 Residual Variances
    PER_DAMP        83.921      89.826      92.771     112.009     136.378     141.741     152.882
    SPA_PR           0.932       0.952       0.961       0.993       1.000       1.000       1.000
    SNA_PR           0.915       0.934       0.945       0.985       1.000       1.000       1.000


TECHNICAL 1 OUTPUT


     PARAMETER SPECIFICATION FOR WITHIN


           NU
              PER_DAMP      PA            NA            PA&1          NA&1
              ________      ________      ________      ________      ________
                    0             0             0             0             0


           LAMBDA
              PER_DAMP      PA            NA            PA&1          NA&1
              ________      ________      ________      ________      ________
 PER_DAMP           0             0             0             0             0
 PA                 0             0             0             0             0
 NA                 0             0             0             0             0
 PA&1               0             0             0             0             0
 NA&1               0             0             0             0             0


           THETA
              PER_DAMP      PA            NA            PA&1          NA&1
              ________      ________      ________      ________      ________
 PER_DAMP           0
 PA                 0             0
 NA                 0             0             0
 PA&1               0             0             0             0
 NA&1               0             0             0             0             0


           ALPHA
              PER_DAMP      PA            NA            PA&1          NA&1
              ________      ________      ________      ________      ________
                    0             0             0             0             0


           BETA
              PER_DAMP      PA            NA            PA&1          NA&1
              ________      ________      ________      ________      ________
 PER_DAMP           0             0             0             0             0
 PA                 0             0             0             0             0
 NA                 0             0             0             0             0
 PA&1               0             0             0             0             0
 NA&1               0             0             0             0             0


           PSI
              PER_DAMP      PA            NA            PA&1          NA&1
              ________      ________      ________      ________      ________
 PER_DAMP           1
 PA                 0             2
 NA                 0             3             4
 PA&1               0             0             0             0
 NA&1               0             0             0             0             0


     PARAMETER SPECIFICATION FOR BETWEEN


           NU
              PER_DAMP      PA            NA            ANHEDONI
              ________      ________      ________      ________
                    0             0             0             0


           LAMBDA
              SPA_PR        SNA_PR        PER_DAMP      PA            NA
              ________      ________      ________      ________      ________
 PER_DAMP           0             0             0             0             0
 PA                 0             0             0             0             0
 NA                 0             0             0             0             0
 ANHEDONI           0             0             0             0             0


           LAMBDA
              ANHEDONI
              ________
 PER_DAMP           0
 PA                 0
 NA                 0
 ANHEDONI           0


           THETA
              PER_DAMP      PA            NA            ANHEDONI
              ________      ________      ________      ________
 PER_DAMP           0
 PA                 0             0
 NA                 0             0             0
 ANHEDONI           0             0             0             0


           ALPHA
              SPA_PR        SNA_PR        PER_DAMP      PA            NA
              ________      ________      ________      ________      ________
                    5             6             7             8             9


           ALPHA
              ANHEDONI
              ________
                    0


           BETA
              SPA_PR        SNA_PR        PER_DAMP      PA            NA
              ________      ________      ________      ________      ________
 SPA_PR             0             0             0             0             0
 SNA_PR             0             0             0             0             0
 PER_DAMP           0             0             0             0             0
 PA                 0             0             0             0             0
 NA                 0             0             0             0             0
 ANHEDONI           0             0             0             0             0


           BETA
              ANHEDONI
              ________
 SPA_PR            10
 SNA_PR            11
 PER_DAMP          12
 PA                 0
 NA                 0
 ANHEDONI           0


           PSI
              SPA_PR        SNA_PR        PER_DAMP      PA            NA
              ________      ________      ________      ________      ________
 SPA_PR            13
 SNA_PR             0            14
 PER_DAMP           0             0            15
 PA                 0             0             0            16
 NA                 0             0             0             0            17
 ANHEDONI           0             0             0             0             0


           PSI
              ANHEDONI
              ________
 ANHEDONI           0


     STARTING VALUES FOR WITHIN


           NU
              PER_DAMP      PA            NA            PA&1          NA&1
              ________      ________      ________      ________      ________
                0.000         0.000         0.000         0.000         0.000


           LAMBDA
              PER_DAMP      PA            NA            PA&1          NA&1
              ________      ________      ________      ________      ________
 PER_DAMP       1.000         0.000         0.000         0.000         0.000
 PA             0.000         1.000         0.000         0.000         0.000
 NA             0.000         0.000         1.000         0.000         0.000
 PA&1           0.000         0.000         0.000         1.000         0.000
 NA&1           0.000         0.000         0.000         0.000         1.000


           THETA
              PER_DAMP      PA            NA            PA&1          NA&1
              ________      ________      ________      ________      ________
 PER_DAMP       0.000
 PA             0.000         0.000
 NA             0.000         0.000         0.000
 PA&1           0.000         0.000         0.000         0.000
 NA&1           0.000         0.000         0.000         0.000         0.000


           ALPHA
              PER_DAMP      PA            NA            PA&1          NA&1
              ________      ________      ________      ________      ________
                0.000         0.000         0.000         0.000         0.000


           BETA
              PER_DAMP      PA            NA            PA&1          NA&1
              ________      ________      ________      ________      ________
 PER_DAMP       0.000         0.000         0.000         0.000         0.000
 PA             0.000         0.000         0.000         0.000         0.000
 NA             0.000         0.000         0.000         0.000         0.000
 PA&1           0.000         0.000         0.000         0.000         0.000
 NA&1           0.000         0.000         0.000         0.000         0.000


           PSI
              PER_DAMP      PA            NA            PA&1          NA&1
              ________      ________      ________      ________      ________
 PER_DAMP     110.617
 PA             0.000       151.006
 NA             0.000         0.000        83.136
 PA&1           0.000         0.000         0.000       151.126
 NA&1           0.000         0.000         0.000         0.000        83.005


     STARTING VALUES FOR BETWEEN


           NU
              PER_DAMP      PA            NA            ANHEDONI
              ________      ________      ________      ________
                0.000         0.000         0.000         0.000


           LAMBDA
              SPA_PR        SNA_PR        PER_DAMP      PA            NA
              ________      ________      ________      ________      ________
 PER_DAMP       0.000         0.000         1.000         0.000         0.000
 PA             0.000         0.000         0.000         1.000         0.000
 NA             0.000         0.000         0.000         0.000         1.000
 ANHEDONI       0.000         0.000         0.000         0.000         0.000


           LAMBDA
              ANHEDONI
              ________
 PER_DAMP       0.000
 PA             0.000
 NA             0.000
 ANHEDONI       1.000


           THETA
              PER_DAMP      PA            NA            ANHEDONI
              ________      ________      ________      ________
 PER_DAMP       0.000
 PA             0.000         0.000
 NA             0.000         0.000         0.000
 ANHEDONI       0.000         0.000         0.000         0.000


           ALPHA
              SPA_PR        SNA_PR        PER_DAMP      PA            NA
              ________      ________      ________      ________      ________
                0.000         0.000        11.539        45.572        14.664


           ALPHA
              ANHEDONI
              ________
                0.000


           BETA
              SPA_PR        SNA_PR        PER_DAMP      PA            NA
              ________      ________      ________      ________      ________
 SPA_PR         0.000         0.000         0.000         0.000         0.000
 SNA_PR         0.000         0.000         0.000         0.000         0.000
 PER_DAMP       0.000         0.000         0.000         0.000         0.000
 PA             0.000         0.000         0.000         0.000         0.000
 NA             0.000         0.000         0.000         0.000         0.000
 ANHEDONI       0.000         0.000         0.000         0.000         0.000


           BETA
              ANHEDONI
              ________
 SPA_PR         0.000
 SNA_PR         0.000
 PER_DAMP       0.000
 PA             0.000
 NA             0.000
 ANHEDONI       0.000


           PSI
              SPA_PR        SNA_PR        PER_DAMP      PA            NA
              ________      ________      ________      ________      ________
 SPA_PR         1.000
 SNA_PR         0.000         1.000
 PER_DAMP       0.000         0.000       110.617
 PA             0.000         0.000         0.000       151.006
 NA             0.000         0.000         0.000         0.000        83.136
 ANHEDONI       0.000         0.000         0.000         0.000         0.000


           PSI
              ANHEDONI
              ________
 ANHEDONI      40.163



     PRIORS FOR ALL PARAMETERS            PRIOR MEAN      PRIOR VARIANCE     PRIOR STD. DEV.

     Parameter 1~IG(-1.000,0.000)          infinity            infinity            infinity
     Parameter 2~IW(0.000,-3)              infinity            infinity            infinity
     Parameter 3~IW(0.000,-3)              infinity            infinity            infinity
     Parameter 4~IW(0.000,-3)              infinity            infinity            infinity
     Parameter 5~N(0.000,infinity)           0.0000            infinity            infinity
     Parameter 6~N(0.000,infinity)           0.0000            infinity            infinity
     Parameter 7~N(0.000,infinity)           0.0000            infinity            infinity
     Parameter 8~N(0.000,infinity)           0.0000            infinity            infinity
     Parameter 9~N(0.000,infinity)           0.0000            infinity            infinity
     Parameter 10~N(0.000,infinity)          0.0000            infinity            infinity
     Parameter 11~N(0.000,infinity)          0.0000            infinity            infinity
     Parameter 12~N(0.000,infinity)          0.0000            infinity            infinity
     Parameter 13~IG(-1.000,0.000)         infinity            infinity            infinity
     Parameter 14~IG(-1.000,0.000)         infinity            infinity            infinity
     Parameter 15~IG(-1.000,0.000)         infinity            infinity            infinity
     Parameter 16~IG(-1.000,0.000)         infinity            infinity            infinity
     Parameter 17~IG(-1.000,0.000)         infinity            infinity            infinity


TECHNICAL 8 OUTPUT


   TECHNICAL 8 OUTPUT FOR BAYES ESTIMATION

     PROCESSOR    BSEED
     1            0
     2            285380
     3            253358
     4            93468
     5            608496
     6            903420
     7            195873
     8            462953
     9            939021
     10           127215
     11           415931
     12           533738
     13           107446
     14           399671
     15           650371
     16           27071

                     POTENTIAL       PARAMETER WITH
     ITERATION    SCALE REDUCTION      HIGHEST PSR
     100              1.252               5
     200              1.053               5
     300              1.215               5
     400              1.269               5
     500              1.259               5
     600              1.174               5
     700              1.127               5
     800              1.141               5
     900              1.129               5
     1000             1.123               5
     1100             1.120               5
     1200             1.138               5
     1300             1.143               5
     1400             1.137               5
     1500             1.142               5
     1600             1.144               5
     1700             1.129               5
     1800             1.124               5
     1900             1.113               5
     2000             1.097               5
     2100             1.098               5
     2200             1.106               5
     2300             1.109               5
     2400             1.107               5
     2500             1.129               5
     2600             1.130               5
     2700             1.133               5
     2800             1.134               5
     2900             1.130               5
     3000             1.130               5
     3100             1.127               5
     3200             1.114               5
     3300             1.118               5
     3400             1.121               5
     3500             1.117               5
     3600             1.119               5
     3700             1.119               5
     3800             1.118               5
     3900             1.124               5
     4000             1.135               5
     4100             1.144               5
     4200             1.146               5
     4300             1.137               5
     4400             1.131               5
     4500             1.127               5
     4600             1.123               5
     4700             1.129               5
     4800             1.133               5
     4900             1.122               5
     5000             1.116               5
     5100             1.110               5
     5200             1.109               5
     5300             1.112               5
     5400             1.108               5
     5500             1.100               5
     5600             1.102               5
     5700             1.101               5
     5800             1.096               5
     5900             1.098               5
     6000             1.098               5
     6100             1.093               5
     6200             1.095               5
     6300             1.101               5
     6400             1.102               5
     6500             1.100               5
     6600             1.099               5
     6700             1.102               5
     6800             1.101               5
     6900             1.105               5
     7000             1.110               5
     7100             1.107               5
     7200             1.110               5
     7300             1.113               5
     7400             1.113               5
     7500             1.122               5
     7600             1.125               5
     7700             1.125               5
     7800             1.132               5
     7900             1.126               5
     8000             1.120               5
     8100             1.120               5
     8200             1.118               5
     8300             1.116               5
     8400             1.116               5
     8500             1.117               5
     8600             1.118               5
     8700             1.119               5
     8800             1.120               5
     8900             1.118               5
     9000             1.114               5
     9100             1.117               5
     9200             1.121               5
     9300             1.121               5
     9400             1.117               5
     9500             1.119               5
     9600             1.119               5
     9700             1.120               5
     9800             1.121               5
     9900             1.119               5
     10000            1.126               5
     10100            1.130               5
     10200            1.132               5
     10300            1.130               5
     10400            1.131               5
     10500            1.125               5
     10600            1.126               5
     10700            1.129               5
     10800            1.131               5
     10900            1.131               5
     11000            1.131               5
     11100            1.134               5
     11200            1.133               5
     11300            1.132               5
     11400            1.130               5
     11500            1.134               5
     11600            1.139               5
     11700            1.137               5
     11800            1.139               5
     11900            1.140               5
     12000            1.138               5
     12100            1.138               5
     12200            1.140               5
     12300            1.139               5
     12400            1.138               5
     12500            1.136               5
     12600            1.133               5
     12700            1.132               5
     12800            1.129               5
     12900            1.129               5
     13000            1.129               5
     13100            1.130               5
     13200            1.127               5
     13300            1.127               5
     13400            1.125               5
     13500            1.126               5
     13600            1.128               5
     13700            1.125               5
     13800            1.122               5
     13900            1.121               5
     14000            1.119               5
     14100            1.117               5
     14200            1.115               5
     14300            1.113               5
     14400            1.114               5
     14500            1.110               5
     14600            1.110               5
     14700            1.111               5
     14800            1.110               5
     14900            1.108               5
     15000            1.106               5
     15100            1.104               5
     15200            1.104               5
     15300            1.103               5
     15400            1.102               5
     15500            1.102               5
     15600            1.099               5
     15700            1.098               5
     15800            1.100               5
     15900            1.103               5
     16000            1.106               5
     16100            1.106               5
     16200            1.106               5
     16300            1.104               5
     16400            1.103               5
     16500            1.101               5
     16600            1.102               5
     16700            1.103               5
     16800            1.103               5
     16900            1.105               5
     17000            1.107               5
     17100            1.108               5
     17200            1.107               5
     17300            1.107               5
     17400            1.107               5
     17500            1.107               5
     17600            1.104               5
     17700            1.104               5
     17800            1.104               5
     17900            1.105               5
     18000            1.103               5
     18100            1.104               5
     18200            1.104               5
     18300            1.103               5
     18400            1.103               5
     18500            1.102               5
     18600            1.099               5
     18700            1.098               5
     18800            1.097               5
     18900            1.097               5
     19000            1.095               5
     19100            1.095               5
     19200            1.094               5
     19300            1.096               5
     19400            1.095               5
     19500            1.095               5
     19600            1.094               5
     19700            1.094               5
     19800            1.094               5
     19900            1.092               5
     20000            1.089               5
     20100            1.089               5
     20200            1.088               5
     20300            1.089               5
     20400            1.091               5
     20500            1.090               5
     20600            1.089               5
     20700            1.089               5
     20800            1.089               5
     20900            1.087               5
     21000            1.086               5
     21100            1.085               5
     21200            1.086               5
     21300            1.086               5
     21400            1.086               5
     21500            1.085               5
     21600            1.085               5
     21700            1.085               5
     21800            1.085               5
     21900            1.085               5
     22000            1.087               5
     22100            1.086               5
     22200            1.087               5
     22300            1.087               5
     22400            1.087               5
     22500            1.088               5
     22600            1.089               5
     22700            1.089               5
     22800            1.088               5
     22900            1.087               5
     23000            1.087               5
     23100            1.085               5
     23200            1.084               5
     23300            1.083               5


PLOT INFORMATION

The following plots are available:

  Histograms (sample values)
  Scatterplots (sample values)
  Between-level histograms (sample values, sample means/variances)
  Between-level scatterplots (sample values, sample means/variances)
  Time series plots (sample values, ACF, PACF)
  Histogram of subjects per time point
  Time interval plots
  Bayesian posterior parameter distributions
  Bayesian posterior parameter trace plots
  Bayesian autocorrelation plots

     Beginning Time:  21:31:25
        Ending Time:  21:42:04
       Elapsed Time:  00:10:39



MUTHEN & MUTHEN
3463 Stoner Ave.
Los Angeles, CA  90066

Tel: (310) 391-9971
Fax: (310) 391-8971
Web: www.StatModel.com
Support: Support@StatModel.com

Copyright (c) 1998-2022 Muthen & Muthen
