Mplus VERSION 8.8
MUTHEN & MUTHEN
07/13/2023   5:48 PM

INPUT INSTRUCTIONS


  DATA:
  FILE IS data1.dat;

  VARIABLE:   NAMES =
  	    Eth_ID Time Time_between Time_inc
  	    PA_enth NA_irri NA_verv PA_tevr PA_ener
       	    PA_kalm NA_nerv PA_daadk NA_verdr
  	    PA_vrol NA_boos PA_dankb NA_somb PER_att
      	    PER_refl PER_self PER_expr PER_damp
  	    PER_codamp PER_capit Sample age_yr gesl BDI
      	    Measures_valid BDI_anh Anhedonia
   	    BDI_sum PA NA day compliance;

              USEVARIABLES are PER_damp PA NA Anhedonia;
              MISSING is .;
              within = ;
              between = Anhedonia;
              cluster = Eth_ID;
              lagged= PA NA(1);
              tinterval=Time_inc (150);

  DEFINE:     CENTER Anhedonia (grandmean);

  ANALYSIS:   type = twolevel random;
              estimator = Bayes;
              biterations=(2000);
  !            bconvergence=0.005;
              thin=2;
              PROCESSORS=16;
  MODEL:
  %WITHIN%
  sPA_PR | PER_damp on PA&1;
  sNA_PR | PER_damp on NA&1;
  PA on PA&1@0;
  NA on NA&1@0;
  PER_damp with PA@0;
  PER_damp with NA@0;

  %between%
  sPA_PR sNA_PR on Anhedonia;
  PER_damp on Anhedonia;


  OUTPUT: standardized tech1 tech8 cinterval patterns;
  PLOT: TYPE = PLOT3;



*** WARNING in VARIABLE command
  Note that only the first 8 characters of variable names are used in the output.
  Shorten variable names to avoid any confusion.
*** WARNING in MODEL command
  A y-variable has been declared on the within level but not referred to on
  the between level.  Please check that this is what is intended.  If this is not intended,
  specify the variable as a within variable.  Problem with:  PA
*** WARNING in MODEL command
  A y-variable has been declared on the within level but not referred to on
  the between level.  Please check that this is what is intended.  If this is not intended,
  specify the variable as a within variable.  Problem with:  NA
*** WARNING in PLOT command
  Note that only the first 8 characters of variable names are used in plots.
  If variable names are not unique within the first 8 characters, problems
  may occur.
*** WARNING
  One or more individual-level variables have no variation within a
  cluster for the following clusters.

     Variable   Cluster IDs with no within-cluster variation

      PER_DAMP    64 23 82 71 148 165 127 177 180

*** WARNING
  Data set contains cases with missing on all variables.  Cases that appeared before the first
  case with observed data and that appeared after the last case with observed data were not
  included in the analysis.  Number of deleted cases:  1504
   6 WARNING(S) FOUND IN THE INPUT INSTRUCTIONS




SUMMARY OF ANALYSIS

Number of groups                                                 1
Number of observations                                       22812

Number of dependent variables                                    3
Number of independent variables                                  3
Number of continuous latent variables                            2

Observed dependent variables

  Continuous
   PER_DAMP    PA          NA

Observed independent variables
   ANHEDONI    PA&1        NA&1

Continuous latent variables
   SPA_PR      SNA_PR

Variables with special functions

  Cluster variable      ETH_ID

  Within variables
   PA&1        NA&1

  Between variables
   ANHEDONI

  Centering (GRANDMEAN)
   ANHEDONI


Estimator                                                    BAYES
Specifications for Bayesian Estimation
  Point estimate                                            MEDIAN
  Number of Markov chain Monte Carlo (MCMC) chains               2
  Random seed for the first chain                                0
  Starting value information                           UNPERTURBED
  Algorithm used for Markov chain Monte Carlo           GIBBS(PX1)
  Convergence criterion                                  0.500D-01
  Maximum number of iterations                               50000
  K-th iteration used for thinning                               2

Input data file(s)
  data1.dat
Input data format  FREE


SUMMARY OF DATA

     Number of clusters                        200

       Size (s)    Cluster ID with Size s

          1        129
          9        81
         11        128
         12        99
         13        64 150
         14        47 23 158
         19        169
         21        160
         22        175
         30        83
         33        8
         41        58
         43        41 199
         48        85 12
         51        17
         53        152
         56        28
         58        33
         67        121
         69        136
         80        82
         84        87
         88        72
         89        143
         91        140
         96        113
         97        34
        100        157 134
        101        10
        103        164
        105        52
        106        154
        107        101
        108        119
        109        90
        111        36
        113        182
        115        91 131 89
        116        188 15 75 77 78
        117        11
        118        195 57 49 16 66
        119        197 48 92 38 71 163 149 186 106 50
        120        148 108 61 98 55 165 7 192 168
        121        189
        122        174
        123        127
        124        184 161 117 51 103
        125        100 68 105 40 53 13 93 88 54 112 123 73 30 44
        126        120 102 173 76 107 109 111 80 65 172
        127        32 126 25 115 46 67 193 110 178 130 118 198 104 86 177
                   133 70 147 139 62
        128        196 156 180 18 59 5 153 96 43
        129        146 125 135 185 116 187 144 137 39 69 141 3 190
        130        138 14 166 97
        133        191
        134        2
        135        60 183 194 200 63 201
        136        122 56 26
        137        9 22 19 42 155 95 4
        138        29 94 132
        139        37 74 21 84 114 79 145 45 35
        142        27
        143        179
        144        171 170 24
        145        162 1 124 20
        146        6 151 167
        147        142 31
        148        176 159



SUMMARY OF MISSING DATA PATTERNS

     Number of missing data patterns            14


     MISSING DATA PATTERNS (x = not missing)

           1  2  3  4  5  6  7  8  9 10 11 12 13 14
 PER_DAMP  x  x              x  x           x     x
 PA        x  x        x  x        x     x  x     x
 NA        x  x        x  x                 x  x  x
 PA&1      x     x     x        x  x  x     x
 NA&1      x     x     x        x  x              x
 ANHEDONI  x  x  x  x  x  x  x  x  x  x  x  x  x  x


     MISSING DATA PATTERN FREQUENCIES

    Pattern   Frequency     Pattern   Frequency     Pattern   Frequency
          1        5020           6          79          11           4
          2        3512           7           2          12           5
          3        3393           8           3          13           1
          4       10730           9           2          14           1
          5          59          10           1


COVARIANCE COVERAGE OF DATA

Minimum covariance coverage value   0.100


     PROPORTION OF DATA PRESENT


           Covariance Coverage
              PER_DAMP      PA            NA            ANHEDONI
              ________      ________      ________      ________
 PER_DAMP       0.374
 PA             0.374         0.381
 NA             0.374         0.380         0.380
 ANHEDONI       0.374         0.381         0.380         1.000



UNIVARIATE SAMPLE STATISTICS


     UNIVARIATE HIGHER-ORDER MOMENT DESCRIPTIVE STATISTICS

         Variable/         Mean/     Skewness/   Minimum/ % with                Percentiles
        Sample Size      Variance    Kurtosis    Maximum  Min/Max      20%/60%    40%/80%    Median

     PER_DAMP             11.863       2.092       0.000   21.89%       0.000      5.000      7.000
            8543.000     227.961       4.452     100.000    0.01%       9.000     18.000
     PA                   45.712      -0.024       0.000    0.28%      31.000     41.714     46.143
            8682.000     302.283      -0.228     100.000    0.07%      50.429     60.429
     NA                   15.187       1.394       0.000    6.91%       5.167      9.333     11.667
            8677.000     166.739       1.923      80.667    0.01%      14.500     23.333
     ANHEDONIA             0.000       0.577     -17.906    0.50%      -7.529     -2.635     -0.893
             200.000      74.400       0.657      30.440    0.50%       1.646      6.282


THE MODEL ESTIMATION TERMINATED NORMALLY

     USE THE FBITERATIONS OPTION TO INCREASE THE NUMBER OF ITERATIONS BY A FACTOR
     OF AT LEAST TWO TO CHECK CONVERGENCE AND THAT THE PSR VALUE DOES NOT INCREASE.



MODEL FIT INFORMATION

Number of Free Parameters                              17

Information Criteria

          Deviance (DIC)                       557650.358
          Estimated Number of Parameters (pD)   42944.379



MODEL RESULTS

                                Posterior  One-Tailed         95% C.I.
                    Estimate       S.D.      P-Value   Lower 2.5%  Upper 2.5%  Significance

Within Level

 PA         ON
    PA&1               0.000       0.000      1.000       0.000       0.000

 NA         ON
    NA&1               0.000       0.000      1.000       0.000       0.000

 PER_DAMP WITH
    PA                 0.000       0.000      1.000       0.000       0.000
    NA                 0.000       0.000      1.000       0.000       0.000

 NA       WITH
    PA               -62.283       1.639      0.000     -65.384     -59.173      *

 Residual Variances
    PER_DAMP          98.094       1.866      0.000      94.502     101.764      *
    PA               176.315       2.749      0.000     171.021     181.768      *
    NA                95.047       1.531      0.000      92.011      98.101      *

Between Level

 SPA_PR     ON
    ANHEDONIA          0.005       0.003      0.049      -0.001       0.011

 SNA_PR     ON
    ANHEDONIA          0.005       0.003      0.082      -0.002       0.012

 PER_DAMP   ON
    ANHEDONIA          0.054       0.093      0.265      -0.128       0.235

 Means
    PA                46.214       0.807      0.000      44.560      47.732      *
    NA                15.799       0.651      0.000      14.533      17.087      *

 Intercepts
    PER_DAMP          12.853       0.776      0.000      11.394      14.348      *
    SPA_PR             0.040       0.028      0.084      -0.017       0.095
    SNA_PR             0.147       0.031      0.000       0.084       0.210      *

 Variances
    PA               124.922      13.211      0.000     102.452     154.261      *
    NA                77.557       8.214      0.000      63.518      95.704      *

 Residual Variances
    PER_DAMP         116.192      12.631      0.000      94.851     143.434      *
    SPA_PR             0.090       0.015      0.000       0.065       0.123      *
    SNA_PR             0.102       0.019      0.000       0.070       0.144      *


STANDARDIZED MODEL RESULTS


STDYX Standardization

                                Posterior  One-Tailed         95% C.I.
                    Estimate       S.D.      P-Value   Lower 2.5%  Upper 2.5%  Significance

Within-Level Standardized Estimates Averaged Over Clusters

 SPA_PR | PER_DAMP ON
    PA&1               0.050       0.019      0.007       0.011       0.086      *

 SNA_PR | PER_DAMP ON
    NA&1               0.122       0.018      0.000       0.087       0.157      *

 PA         ON
    PA&1               0.000       0.000      1.000       0.000       0.000

 NA         ON
    NA&1               0.000       0.000      1.000       0.000       0.000

 PER_DAMP WITH
    PA                 0.000       0.000      1.000       0.000       0.000
    NA                 0.000       0.000      1.000       0.000       0.000

 NA       WITH
    PA                -0.481       0.008      0.000      -0.496      -0.464      *

 Residual Variances
    PER_DAMP           0.840       0.009      0.000       0.821       0.857      *
    PA                 1.000       0.000      0.000       1.000       1.000
    NA                 1.000       0.000      0.000       1.000       1.000

Between Level

 SPA_PR     ON
    ANHEDONIA          0.111       0.065      0.049      -0.017       0.234

 SNA_PR     ON
    ANHEDONIA          0.095       0.068      0.082      -0.039       0.225

 PER_DAMP   ON
    ANHEDONIA          0.031       0.054      0.265      -0.074       0.137

 Means
    PA                 4.135       0.227      0.000       3.694       4.579      *
    NA                 1.797       0.119      0.000       1.563       2.028      *

 Intercepts
    PER_DAMP           1.190       0.095      0.000       1.006       1.379      *
    SPA_PR             0.133       0.093      0.084      -0.056       0.313
    SNA_PR             0.461       0.107      0.000       0.254       0.670      *

 Variances
    PA                 1.000       0.000      0.000       1.000       1.000
    NA                 1.000       0.000      0.000       1.000       1.000

 Residual Variances
    PER_DAMP           0.998       0.005      0.000       0.981       1.000      *
    SPA_PR             0.988       0.015      0.000       0.945       1.000      *
    SNA_PR             0.991       0.014      0.000       0.949       1.000      *


STDY Standardization

                                Posterior  One-Tailed         95% C.I.
                    Estimate       S.D.      P-Value   Lower 2.5%  Upper 2.5%  Significance

Within-Level Standardized Estimates Averaged Over Clusters

 SPA_PR | PER_DAMP ON
    PA&1               0.004       0.001      0.007       0.001       0.006      *

 SNA_PR | PER_DAMP ON
    NA&1               0.012       0.002      0.000       0.009       0.016      *

 PA         ON
    PA&1               0.000       0.000      1.000       0.000       0.000

 NA         ON
    NA&1               0.000       0.000      1.000       0.000       0.000

 PER_DAMP WITH
    PA                 0.000       0.000      1.000       0.000       0.000
    NA                 0.000       0.000      1.000       0.000       0.000

 NA       WITH
    PA                -0.481       0.008      0.000      -0.496      -0.464      *

 Residual Variances
    PER_DAMP           0.840       0.009      0.000       0.821       0.857      *
    PA                 1.000       0.000      0.000       1.000       1.000
    NA                 1.000       0.000      0.000       1.000       1.000

Between Level

 SPA_PR     ON
    ANHEDONIA          0.018       0.010      0.049      -0.003       0.037

 SNA_PR     ON
    ANHEDONIA          0.015       0.011      0.082      -0.006       0.036

 PER_DAMP   ON
    ANHEDONIA          0.005       0.009      0.265      -0.012       0.022

 Means
    PA                 4.135       0.227      0.000       3.694       4.579      *
    NA                 1.797       0.119      0.000       1.563       2.028      *

 Intercepts
    PER_DAMP           1.190       0.095      0.000       1.006       1.379      *
    SPA_PR             0.133       0.093      0.084      -0.056       0.313
    SNA_PR             0.461       0.107      0.000       0.254       0.670      *

 Variances
    PA                 1.000       0.000      0.000       1.000       1.000
    NA                 1.000       0.000      0.000       1.000       1.000

 Residual Variances
    PER_DAMP           0.998       0.005      0.000       0.981       1.000      *
    SPA_PR             0.988       0.015      0.000       0.945       1.000      *
    SNA_PR             0.991       0.014      0.000       0.949       1.000      *


STD Standardization

                                Posterior  One-Tailed         95% C.I.
                    Estimate       S.D.      P-Value   Lower 2.5%  Upper 2.5%  Significance

Within-Level Standardized Estimates Averaged Over Clusters

 SPA_PR | PER_DAMP ON
    PA&1               0.040       0.018      0.014       0.004       0.073      *

 SNA_PR | PER_DAMP ON
    NA&1               0.146       0.022      0.000       0.105       0.189      *

 PA         ON
    PA&1               0.000       0.000      1.000       0.000       0.000

 NA         ON
    NA&1               0.000       0.000      1.000       0.000       0.000

 PER_DAMP WITH
    PA                 0.000       0.000      1.000       0.000       0.000
    NA                 0.000       0.000      1.000       0.000       0.000

 NA       WITH
    PA               -62.299       1.633      0.000     -65.335     -59.187      *

 Residual Variances
    PER_DAMP          98.091       1.866      0.000      94.602     101.793      *
    PA               176.303       2.762      0.000     171.055     181.747      *
    NA                95.078       1.558      0.000      91.898      98.068      *

Between Level

 SPA_PR     ON
    ANHEDONIA          0.018       0.010      0.049      -0.003       0.037

 SNA_PR     ON
    ANHEDONIA          0.015       0.011      0.082      -0.006       0.036

 PER_DAMP   ON
    ANHEDONIA          0.054       0.093      0.265      -0.128       0.235

 Means
    PA                46.214       0.807      0.000      44.560      47.732      *
    NA                15.799       0.651      0.000      14.533      17.087      *

 Intercepts
    PER_DAMP          12.853       0.776      0.000      11.394      14.348      *
    SPA_PR             0.133       0.093      0.084      -0.056       0.313
    SNA_PR             0.461       0.107      0.000       0.254       0.670      *

 Variances
    PA               124.922      13.211      0.000     102.452     154.261      *
    NA                77.557       8.214      0.000      63.518      95.704      *

 Residual Variances
    PER_DAMP         116.192      12.631      0.000      94.851     143.434      *
    SPA_PR             0.988       0.015      0.000       0.945       1.000      *
    SNA_PR             0.991       0.014      0.000       0.949       1.000      *


R-SQUARE

Within-Level R-Square Averaged Across Clusters

                                Posterior  One-Tailed         95% C.I.
    Variable        Estimate       S.D.      P-Value   Lower 2.5%  Upper 2.5%

    PER_DAMP           0.160       0.009      0.000       0.143       0.179
    PA                 0.000       0.000      1.000       0.000       0.000
    NA                 0.000       0.000      1.000       0.000       0.000

Between Level

                                Posterior  One-Tailed         95% C.I.
    Variable        Estimate       S.D.      P-Value   Lower 2.5%  Upper 2.5%

    PER_DAMP           0.002       0.005      0.000       0.000       0.019

                                Posterior  One-Tailed         95% C.I.
    Variable        Estimate       S.D.      P-Value   Lower 2.5%  Upper 2.5%

    SPA_PR             0.012       0.015      0.000       0.000       0.055
    SNA_PR             0.009       0.014      0.000       0.000       0.051


CREDIBILITY INTERVALS OF MODEL RESULTS

                  Lower .5%  Lower 2.5%    Lower 5%    Estimate    Upper 5%  Upper 2.5%   Upper .5%

Within Level

 PA       ON
    PA&1             0.000       0.000       0.000       0.000       0.000       0.000       0.000

 NA       ON
    NA&1             0.000       0.000       0.000       0.000       0.000       0.000       0.000

 PER_DAMP WITH
    PA               0.000       0.000       0.000       0.000       0.000       0.000       0.000
    NA               0.000       0.000       0.000       0.000       0.000       0.000       0.000

 NA       WITH
    PA             -66.499     -65.384     -64.919     -62.283     -59.602     -59.173     -58.077

 Residual Variances
    PER_DAMP        93.316      94.502      95.045      98.094     101.125     101.764     102.769
    PA             169.537     171.021     171.821     176.315     180.891     181.768     183.574
    NA              91.080      92.011      92.576      95.047      97.609      98.101      98.869

Between Level

 SPA_PR   ON
    ANHEDONIA       -0.003      -0.001       0.000       0.005       0.011       0.011       0.013

 SNA_PR   ON
    ANHEDONIA       -0.004      -0.002      -0.001       0.005       0.010       0.012       0.013

 PER_DAMP ON
    ANHEDONIA       -0.172      -0.128      -0.097       0.054       0.211       0.235       0.303

 Means
    PA              44.029      44.560      44.874      46.214      47.495      47.732      48.190
    NA              14.084      14.533      14.743      15.799      16.875      17.087      17.461

 Intercepts
    PER_DAMP        10.947      11.394      11.633      12.853      14.097      14.348      14.908
    SPA_PR          -0.034      -0.017      -0.008       0.040       0.085       0.095       0.110
    SNA_PR           0.063       0.084       0.094       0.147       0.198       0.210       0.232

 Variances
    PA              95.925     102.452     105.436     124.922     148.677     154.261     165.764
    NA              59.078      63.518      65.698      77.557      92.600      95.704     101.414

 Residual Variances
    PER_DAMP        88.733      94.851      97.681     116.192     138.442     143.434     155.427
    SPA_PR           0.059       0.065       0.069       0.090       0.117       0.123       0.137
    SNA_PR           0.060       0.070       0.075       0.102       0.137       0.144       0.160


CREDIBILITY INTERVALS OF STANDARDIZED MODEL RESULTS


STDYX Standardization

                  Lower .5%  Lower 2.5%    Lower 5%    Estimate    Upper 5%  Upper 2.5%   Upper .5%

Within Level

 PA       ON
    PA&1             0.000       0.000       0.000       0.000       0.000       0.000       0.000

 NA       ON
    NA&1             0.000       0.000       0.000       0.000       0.000       0.000       0.000

 PER_DAMP WITH
    PA               0.000       0.000       0.000       0.000       0.000       0.000       0.000
    NA               0.000       0.000       0.000       0.000       0.000       0.000       0.000

 NA       WITH
    PA               0.000      -0.496       0.000      -0.481       0.000      -0.464       0.000

 Residual Variances
    PER_DAMP         0.000       0.821       0.000       0.840       0.000       0.857       0.000
    PA               0.000       1.000       0.000       1.000       0.000       1.000       0.000
    NA               0.000       1.000       0.000       1.000       0.000       1.000       0.000

Between Level

 SPA_PR   ON
    ANHEDONIA       -0.057      -0.017       0.001       0.111       0.214       0.234       0.266

 SNA_PR   ON
    ANHEDONIA       -0.085      -0.039      -0.016       0.095       0.206       0.225       0.260

 PER_DAMP ON
    ANHEDONIA       -0.102      -0.074      -0.057       0.031       0.121       0.137       0.172

 Means
    PA               3.537       3.694       3.761       4.135       4.505       4.579       4.754
    NA               1.495       1.563       1.605       1.797       1.993       2.028       2.111

 Intercepts
    PER_DAMP         0.951       1.006       1.037       1.190       1.347       1.379       1.440
    SPA_PR          -0.109      -0.056      -0.025       0.133       0.284       0.313       0.361
    SNA_PR           0.181       0.254       0.285       0.461       0.629       0.670       0.761

 Variances
    PA               1.000       1.000       1.000       1.000       1.000       1.000       1.000
    NA               1.000       1.000       1.000       1.000       1.000       1.000       1.000

 Residual Variances
    PER_DAMP         0.970       0.981       0.985       0.998       1.000       1.000       1.000
    SPA_PR           0.929       0.945       0.954       0.988       1.000       1.000       1.000
    SNA_PR           0.932       0.949       0.957       0.991       1.000       1.000       1.000


STDY Standardization

                  Lower .5%  Lower 2.5%    Lower 5%    Estimate    Upper 5%  Upper 2.5%   Upper .5%

Within Level

 PA       ON
    PA&1             0.000       0.000       0.000       0.000       0.000       0.000       0.000

 NA       ON
    NA&1             0.000       0.000       0.000       0.000       0.000       0.000       0.000

 PER_DAMP WITH
    PA               0.000       0.000       0.000       0.000       0.000       0.000       0.000
    NA               0.000       0.000       0.000       0.000       0.000       0.000       0.000

 NA       WITH
    PA               0.000      -0.496       0.000      -0.481       0.000      -0.464       0.000

 Residual Variances
    PER_DAMP         0.000       0.821       0.000       0.840       0.000       0.857       0.000
    PA               0.000       1.000       0.000       1.000       0.000       1.000       0.000
    NA               0.000       1.000       0.000       1.000       0.000       1.000       0.000

Between Level

 SPA_PR   ON
    ANHEDONIA       -0.009      -0.003       0.000       0.018       0.034       0.037       0.042

 SNA_PR   ON
    ANHEDONIA       -0.013      -0.006      -0.003       0.015       0.033       0.036       0.041

 PER_DAMP ON
    ANHEDONIA       -0.016      -0.012      -0.009       0.005       0.019       0.022       0.027

 Means
    PA               3.537       3.694       3.761       4.135       4.505       4.579       4.754
    NA               1.495       1.563       1.605       1.797       1.993       2.028       2.111

 Intercepts
    PER_DAMP         0.951       1.006       1.037       1.190       1.347       1.379       1.440
    SPA_PR          -0.109      -0.056      -0.025       0.133       0.284       0.313       0.361
    SNA_PR           0.181       0.254       0.285       0.461       0.629       0.670       0.761

 Variances
    PA               1.000       1.000       1.000       1.000       1.000       1.000       1.000
    NA               1.000       1.000       1.000       1.000       1.000       1.000       1.000

 Residual Variances
    PER_DAMP         0.970       0.981       0.985       0.998       1.000       1.000       1.000
    SPA_PR           0.929       0.945       0.954       0.988       1.000       1.000       1.000
    SNA_PR           0.932       0.949       0.957       0.991       1.000       1.000       1.000


STD Standardization

                  Lower .5%  Lower 2.5%    Lower 5%    Estimate    Upper 5%  Upper 2.5%   Upper .5%

Within Level

 PA       ON
    PA&1             0.000       0.000       0.000       0.000       0.000       0.000       0.000

 NA       ON
    NA&1             0.000       0.000       0.000       0.000       0.000       0.000       0.000

 PER_DAMP WITH
    PA               0.000       0.000       0.000       0.000       0.000       0.000       0.000
    NA               0.000       0.000       0.000       0.000       0.000       0.000       0.000

 NA       WITH
    PA               0.000     -65.335       0.000     -62.299       0.000     -59.187       0.000

 Residual Variances
    PER_DAMP         0.000      94.602       0.000      98.091       0.000     101.793       0.000
    PA               0.000     171.055       0.000     176.303       0.000     181.747       0.000
    NA               0.000      91.898       0.000      95.078       0.000      98.068       0.000

Between Level

 SPA_PR   ON
    ANHEDONIA       -0.009      -0.003       0.000       0.018       0.034       0.037       0.042

 SNA_PR   ON
    ANHEDONIA       -0.013      -0.006      -0.003       0.015       0.033       0.036       0.041

 PER_DAMP ON
    ANHEDONIA       -0.172      -0.128      -0.097       0.054       0.211       0.235       0.303

 Means
    PA              44.029      44.560      44.874      46.214      47.495      47.732      48.190
    NA              14.084      14.533      14.743      15.799      16.875      17.087      17.461

 Intercepts
    PER_DAMP        10.947      11.394      11.633      12.853      14.097      14.348      14.908
    SPA_PR          -0.109      -0.056      -0.025       0.133       0.284       0.313       0.361
    SNA_PR           0.181       0.254       0.285       0.461       0.629       0.670       0.761

 Variances
    PA              95.925     102.452     105.436     124.922     148.677     154.261     165.764
    NA              59.078      63.518      65.698      77.557      92.600      95.704     101.414

 Residual Variances
    PER_DAMP        88.733      94.851      97.681     116.192     138.442     143.434     155.427
    SPA_PR           0.929       0.945       0.954       0.988       1.000       1.000       1.000
    SNA_PR           0.932       0.949       0.957       0.991       1.000       1.000       1.000


TECHNICAL 1 OUTPUT


     PARAMETER SPECIFICATION FOR WITHIN


           NU
              PER_DAMP      PA            NA            PA&1          NA&1
              ________      ________      ________      ________      ________
                    0             0             0             0             0


           LAMBDA
              PER_DAMP      PA            NA            PA&1          NA&1
              ________      ________      ________      ________      ________
 PER_DAMP           0             0             0             0             0
 PA                 0             0             0             0             0
 NA                 0             0             0             0             0
 PA&1               0             0             0             0             0
 NA&1               0             0             0             0             0


           THETA
              PER_DAMP      PA            NA            PA&1          NA&1
              ________      ________      ________      ________      ________
 PER_DAMP           0
 PA                 0             0
 NA                 0             0             0
 PA&1               0             0             0             0
 NA&1               0             0             0             0             0


           ALPHA
              PER_DAMP      PA            NA            PA&1          NA&1
              ________      ________      ________      ________      ________
                    0             0             0             0             0


           BETA
              PER_DAMP      PA            NA            PA&1          NA&1
              ________      ________      ________      ________      ________
 PER_DAMP           0             0             0             0             0
 PA                 0             0             0             0             0
 NA                 0             0             0             0             0
 PA&1               0             0             0             0             0
 NA&1               0             0             0             0             0


           PSI
              PER_DAMP      PA            NA            PA&1          NA&1
              ________      ________      ________      ________      ________
 PER_DAMP           1
 PA                 0             2
 NA                 0             3             4
 PA&1               0             0             0             0
 NA&1               0             0             0             0             0


     PARAMETER SPECIFICATION FOR BETWEEN


           NU
              PER_DAMP      PA            NA            ANHEDONI
              ________      ________      ________      ________
                    0             0             0             0


           LAMBDA
              SPA_PR        SNA_PR        PER_DAMP      PA            NA
              ________      ________      ________      ________      ________
 PER_DAMP           0             0             0             0             0
 PA                 0             0             0             0             0
 NA                 0             0             0             0             0
 ANHEDONI           0             0             0             0             0


           LAMBDA
              ANHEDONI
              ________
 PER_DAMP           0
 PA                 0
 NA                 0
 ANHEDONI           0


           THETA
              PER_DAMP      PA            NA            ANHEDONI
              ________      ________      ________      ________
 PER_DAMP           0
 PA                 0             0
 NA                 0             0             0
 ANHEDONI           0             0             0             0


           ALPHA
              SPA_PR        SNA_PR        PER_DAMP      PA            NA
              ________      ________      ________      ________      ________
                    5             6             7             8             9


           ALPHA
              ANHEDONI
              ________
                    0


           BETA
              SPA_PR        SNA_PR        PER_DAMP      PA            NA
              ________      ________      ________      ________      ________
 SPA_PR             0             0             0             0             0
 SNA_PR             0             0             0             0             0
 PER_DAMP           0             0             0             0             0
 PA                 0             0             0             0             0
 NA                 0             0             0             0             0
 ANHEDONI           0             0             0             0             0


           BETA
              ANHEDONI
              ________
 SPA_PR            10
 SNA_PR            11
 PER_DAMP          12
 PA                 0
 NA                 0
 ANHEDONI           0


           PSI
              SPA_PR        SNA_PR        PER_DAMP      PA            NA
              ________      ________      ________      ________      ________
 SPA_PR            13
 SNA_PR             0            14
 PER_DAMP           0             0            15
 PA                 0             0             0            16
 NA                 0             0             0             0            17
 ANHEDONI           0             0             0             0             0


           PSI
              ANHEDONI
              ________
 ANHEDONI           0


     STARTING VALUES FOR WITHIN


           NU
              PER_DAMP      PA            NA            PA&1          NA&1
              ________      ________      ________      ________      ________
                0.000         0.000         0.000         0.000         0.000


           LAMBDA
              PER_DAMP      PA            NA            PA&1          NA&1
              ________      ________      ________      ________      ________
 PER_DAMP       1.000         0.000         0.000         0.000         0.000
 PA             0.000         1.000         0.000         0.000         0.000
 NA             0.000         0.000         1.000         0.000         0.000
 PA&1           0.000         0.000         0.000         1.000         0.000
 NA&1           0.000         0.000         0.000         0.000         1.000


           THETA
              PER_DAMP      PA            NA            PA&1          NA&1
              ________      ________      ________      ________      ________
 PER_DAMP       0.000
 PA             0.000         0.000
 NA             0.000         0.000         0.000
 PA&1           0.000         0.000         0.000         0.000
 NA&1           0.000         0.000         0.000         0.000         0.000


           ALPHA
              PER_DAMP      PA            NA            PA&1          NA&1
              ________      ________      ________      ________      ________
                0.000         0.000         0.000         0.000         0.000


           BETA
              PER_DAMP      PA            NA            PA&1          NA&1
              ________      ________      ________      ________      ________
 PER_DAMP       0.000         0.000         0.000         0.000         0.000
 PA             0.000         0.000         0.000         0.000         0.000
 NA             0.000         0.000         0.000         0.000         0.000
 PA&1           0.000         0.000         0.000         0.000         0.000
 NA&1           0.000         0.000         0.000         0.000         0.000


           PSI
              PER_DAMP      PA            NA            PA&1          NA&1
              ________      ________      ________      ________      ________
 PER_DAMP     113.981
 PA             0.000       151.142
 NA             0.000         0.000        83.369
 PA&1           0.000         0.000         0.000       151.154
 NA&1           0.000         0.000         0.000         0.000        83.284


     STARTING VALUES FOR BETWEEN


           NU
              PER_DAMP      PA            NA            ANHEDONI
              ________      ________      ________      ________
                0.000         0.000         0.000         0.000


           LAMBDA
              SPA_PR        SNA_PR        PER_DAMP      PA            NA
              ________      ________      ________      ________      ________
 PER_DAMP       0.000         0.000         1.000         0.000         0.000
 PA             0.000         0.000         0.000         1.000         0.000
 NA             0.000         0.000         0.000         0.000         1.000
 ANHEDONI       0.000         0.000         0.000         0.000         0.000


           LAMBDA
              ANHEDONI
              ________
 PER_DAMP       0.000
 PA             0.000
 NA             0.000
 ANHEDONI       1.000


           THETA
              PER_DAMP      PA            NA            ANHEDONI
              ________      ________      ________      ________
 PER_DAMP       0.000
 PA             0.000         0.000
 NA             0.000         0.000         0.000
 ANHEDONI       0.000         0.000         0.000         0.000


           ALPHA
              SPA_PR        SNA_PR        PER_DAMP      PA            NA
              ________      ________      ________      ________      ________
                0.000         0.000        11.863        45.712        15.187


           ALPHA
              ANHEDONI
              ________
                0.000


           BETA
              SPA_PR        SNA_PR        PER_DAMP      PA            NA
              ________      ________      ________      ________      ________
 SPA_PR         0.000         0.000         0.000         0.000         0.000
 SNA_PR         0.000         0.000         0.000         0.000         0.000
 PER_DAMP       0.000         0.000         0.000         0.000         0.000
 PA             0.000         0.000         0.000         0.000         0.000
 NA             0.000         0.000         0.000         0.000         0.000
 ANHEDONI       0.000         0.000         0.000         0.000         0.000


           BETA
              ANHEDONI
              ________
 SPA_PR         0.000
 SNA_PR         0.000
 PER_DAMP       0.000
 PA             0.000
 NA             0.000
 ANHEDONI       0.000


           PSI
              SPA_PR        SNA_PR        PER_DAMP      PA            NA
              ________      ________      ________      ________      ________
 SPA_PR         1.000
 SNA_PR         0.000         1.000
 PER_DAMP       0.000         0.000       113.981
 PA             0.000         0.000         0.000       151.142
 NA             0.000         0.000         0.000         0.000        83.369
 ANHEDONI       0.000         0.000         0.000         0.000         0.000


           PSI
              ANHEDONI
              ________
 ANHEDONI      39.493



     PRIORS FOR ALL PARAMETERS            PRIOR MEAN      PRIOR VARIANCE     PRIOR STD. DEV.

     Parameter 1~IG(-1.000,0.000)          infinity            infinity            infinity
     Parameter 2~IW(0.000,-3)              infinity            infinity            infinity
     Parameter 3~IW(0.000,-3)              infinity            infinity            infinity
     Parameter 4~IW(0.000,-3)              infinity            infinity            infinity
     Parameter 5~N(0.000,infinity)           0.0000            infinity            infinity
     Parameter 6~N(0.000,infinity)           0.0000            infinity            infinity
     Parameter 7~N(0.000,infinity)           0.0000            infinity            infinity
     Parameter 8~N(0.000,infinity)           0.0000            infinity            infinity
     Parameter 9~N(0.000,infinity)           0.0000            infinity            infinity
     Parameter 10~N(0.000,infinity)          0.0000            infinity            infinity
     Parameter 11~N(0.000,infinity)          0.0000            infinity            infinity
     Parameter 12~N(0.000,infinity)          0.0000            infinity            infinity
     Parameter 13~IG(-1.000,0.000)         infinity            infinity            infinity
     Parameter 14~IG(-1.000,0.000)         infinity            infinity            infinity
     Parameter 15~IG(-1.000,0.000)         infinity            infinity            infinity
     Parameter 16~IG(-1.000,0.000)         infinity            infinity            infinity
     Parameter 17~IG(-1.000,0.000)         infinity            infinity            infinity


TECHNICAL 8 OUTPUT


   TECHNICAL 8 OUTPUT FOR BAYES ESTIMATION

     PROCESSOR    BSEED
     1            0
     2            285380
     3            253358
     4            93468
     5            608496
     6            903420
     7            195873
     8            462953
     9            939021
     10           127215
     11           415931
     12           533738
     13           107446
     14           399671
     15           650371
     16           27071

                     POTENTIAL       PARAMETER WITH
     ITERATION    SCALE REDUCTION      HIGHEST PSR
     100              1.381               13
     200              1.161               6
     300              1.038               1
     400              1.039               1
     500              1.034               6
     600              1.086               6
     700              1.106               6
     800              1.116               6
     900              1.072               6
     1000             1.035               6
     1100             1.016               6
     1200             1.021               13
     1300             1.025               5
     1400             1.043               5
     1500             1.074               5
     1600             1.121               5
     1700             1.124               5
     1800             1.162               5
     1900             1.173               5
     2000             1.187               5
     2100             1.171               5
     2200             1.146               5
     2300             1.141               5
     2400             1.147               5
     2500             1.150               5
     2600             1.141               5
     2700             1.148               5
     2800             1.135               5
     2900             1.111               5
     3000             1.103               5
     3100             1.088               5
     3200             1.081               5


PLOT INFORMATION

The following plots are available:

  Histograms (sample values)
  Scatterplots (sample values)
  Between-level histograms (sample values, sample means/variances)
  Between-level scatterplots (sample values, sample means/variances)
  Time series plots (sample values, ACF, PACF)
  Histogram of subjects per time point
  Time interval plots
  Bayesian posterior parameter distributions
  Bayesian posterior parameter trace plots
  Bayesian autocorrelation plots

     Beginning Time:  17:48:33
        Ending Time:  17:50:35
       Elapsed Time:  00:02:02



MUTHEN & MUTHEN
3463 Stoner Ave.
Los Angeles, CA  90066

Tel: (310) 391-9971
Fax: (310) 391-8971
Web: www.StatModel.com
Support: Support@StatModel.com

Copyright (c) 1998-2022 Muthen & Muthen
