Mplus VERSION 8.8
MUTHEN & MUTHEN
08/25/2023   9:48 PM

INPUT INSTRUCTIONS


  DATA:
  FILE IS data12.dat;

  VARIABLE:   NAMES =
  	    Eth_ID Time Time_between Time_inc
  	    PA_enth NA_irri NA_verv PA_tevr PA_ener
       	    PA_kalm NA_nerv PA_daadk NA_verdr
  	    PA_vrol NA_boos PA_dankb NA_somb PER_att
      	    PER_refl PER_self PER_expr PER_damp
  	    PER_codamp PER_capit Sample age_yr gesl BDI
      	    Measures_valid BDI_anh Anhedonia
   	    BDI_sum PA NA day compliance;

              USEVARIABLES are PER_expr PA NA Anhedonia;
              MISSING is .;
              within = ;
              between = Anhedonia;
              cluster = Eth_ID;
              lagged= PA NA(1);
              tinterval=Time_inc (150);

  DEFINE:     CENTER Anhedonia (grandmean);

  ANALYSIS:   type = twolevel random;
              estimator = Bayes;
              biterations=(2000);
              bconvergence=0.005;
              thin=2;
              PROCESSORS=16;
  MODEL:
  %WITHIN%
  sPA_PR | PER_expr on PA&1;
  sNA_PR | PER_expr on NA&1;
  PA on PA&1@0;
  NA on NA&1@0;
  PER_expr with PA@0;
  PER_expr with NA@0;

  %between%
  sPA_PR sNA_PR on Anhedonia;
  PER_expr on Anhedonia;


  OUTPUT: standardized tech1 tech8 cinterval patterns;
  PLOT: TYPE = PLOT3;



*** WARNING in VARIABLE command
  Note that only the first 8 characters of variable names are used in the output.
  Shorten variable names to avoid any confusion.
*** WARNING in MODEL command
  A y-variable has been declared on the within level but not referred to on
  the between level.  Please check that this is what is intended.  If this is not intended,
  specify the variable as a within variable.  Problem with:  PA
*** WARNING in MODEL command
  A y-variable has been declared on the within level but not referred to on
  the between level.  Please check that this is what is intended.  If this is not intended,
  specify the variable as a within variable.  Problem with:  NA
*** WARNING in PLOT command
  Note that only the first 8 characters of variable names are used in plots.
  If variable names are not unique within the first 8 characters, problems
  may occur.
*** WARNING
  Data set contains cases with missing on all variables.  Cases that appeared before the first
  case with observed data and that appeared after the last case with observed data were not
  included in the analysis.  Number of deleted cases:  679
   5 WARNING(S) FOUND IN THE INPUT INSTRUCTIONS




SUMMARY OF ANALYSIS

Number of groups                                                 1
Number of observations                                       20160

Number of dependent variables                                    3
Number of independent variables                                  3
Number of continuous latent variables                            2

Observed dependent variables

  Continuous
   PER_EXPR    PA          NA

Observed independent variables
   ANHEDONI    PA&1        NA&1

Continuous latent variables
   SPA_PR      SNA_PR

Variables with special functions

  Cluster variable      ETH_ID

  Within variables
   PA&1        NA&1

  Between variables
   ANHEDONI

  Centering (GRANDMEAN)
   ANHEDONI


Estimator                                                    BAYES
Specifications for Bayesian Estimation
  Point estimate                                            MEDIAN
  Number of Markov chain Monte Carlo (MCMC) chains               2
  Random seed for the first chain                                0
  Starting value information                           UNPERTURBED
  Algorithm used for Markov chain Monte Carlo           GIBBS(PX1)
  Convergence criterion                                  0.500D-02
  Maximum number of iterations                               50000
  K-th iteration used for thinning                               2

Input data file(s)
  data12.dat
Input data format  FREE


SUMMARY OF DATA

     Number of clusters                        159

       Size (s)    Cluster ID with Size s

         56        28
         80        82
         84        87
         88        72
         97        34
        101        10
        105        52
        108        119
        111        36
        113        182
        115        89 131
        116        15 188 75 77
        117        11
        118        16 66 49 57 195
        119        197 71 48 149 50 92 38 186 163 106
        120        55 168 7 108 148 192 61 98 165
        122        174
        123        127
        124        161 117 103 51
        125        53 54 13 40 44 88 30 68 100 93 105 112 123 73
        126        107 172 173 102 65 109 111 80 76 120
        127        70 177 133 62 139 118 110 25 115 67 46 104 178 126 193
                   32 86 198 147
        128        43 153 59 156 96 180 18 5
        129        141 144 125 3 185 146 135 190 187 39 137 116 69
        130        138 166 97 14
        133        191
        134        2
        135        194 63 60 183 201 200
        136        26 56
        137        95 4 9 22 19 42
        138        132 29 94
        139        45 74 35 37 84 21 79 145 114
        142        27
        143        179
        144        170 24 171
        145        1 124 162 20
        146        151 6 167
        147        142 31
        148        159 176



SUMMARY OF MISSING DATA PATTERNS

     Number of missing data patterns            13


     MISSING DATA PATTERNS (x = not missing)

           1  2  3  4  5  6  7  8  9 10 11 12 13
 PER_EXPR  x  x              x     x     x     x
 PA        x  x        x  x     x  x     x  x
 NA        x  x        x  x        x  x  x
 PA&1      x     x        x  x     x        x
 NA&1      x     x        x  x           x  x
 ANHEDONI  x  x  x  x  x  x  x  x  x  x  x  x  x


     MISSING DATA PATTERN FREQUENCIES

    Pattern   Frequency     Pattern   Frequency     Pattern   Frequency
          1        4885           6          52          11           1
          2        3223           7           3          12           1
          3        3121           8           5          13           1
          4        8808           9           6
          5          53          10           1


COVARIANCE COVERAGE OF DATA

Minimum covariance coverage value   0.100


     PROPORTION OF DATA PRESENT


           Covariance Coverage
              PER_EXPR      PA            NA            ANHEDONI
              ________      ________      ________      ________
 PER_EXPR       0.403
 PA             0.403         0.408
 NA             0.403         0.408         0.408
 ANHEDONI       0.403         0.408         0.408         1.000



UNIVARIATE SAMPLE STATISTICS


     UNIVARIATE HIGHER-ORDER MOMENT DESCRIPTIVE STATISTICS

         Variable/         Mean/     Skewness/   Minimum/ % with                Percentiles
        Sample Size      Variance    Kurtosis    Maximum  Min/Max      20%/60%    40%/80%    Median

     PER_EXPR             42.897       0.009       0.000    6.37%       8.000     35.000     47.000
            8119.000     852.491      -1.197     100.000    2.32%      55.000     70.000
     PA                   45.572      -0.010       0.000    0.29%      30.857     41.571     46.143
            8226.000     302.012      -0.210     100.000    0.07%      50.286     60.286
     NA                   15.612       1.288       0.000    7.51%       5.200      9.600     12.200
            8221.000     169.530       1.589      84.200    0.01%      15.200     24.400
     ANHEDONIA             0.000       0.630     -18.380    0.63%      -7.330     -2.924     -0.934
             159.000      79.008       0.606      29.966    0.63%       1.234      6.118


THE MODEL ESTIMATION TERMINATED NORMALLY

     USE THE FBITERATIONS OPTION TO INCREASE THE NUMBER OF ITERATIONS BY A FACTOR
     OF AT LEAST TWO TO CHECK CONVERGENCE AND THAT THE PSR VALUE DOES NOT INCREASE.



MODEL FIT INFORMATION

Number of Free Parameters                              17

Information Criteria

          Deviance (DIC)                       522922.773
          Estimated Number of Parameters (pD)   36288.197



MODEL RESULTS

                                Posterior  One-Tailed         95% C.I.
                    Estimate       S.D.      P-Value   Lower 2.5%  Upper 2.5%  Significance

Within Level

 PA         ON
    PA&1               0.000       0.000      1.000       0.000       0.000

 NA         ON
    NA&1               0.000       0.000      1.000       0.000       0.000

 PER_EXPR WITH
    PA                 0.000       0.000      1.000       0.000       0.000
    NA                 0.000       0.000      1.000       0.000       0.000

 NA       WITH
    PA               -63.385       1.614      0.000     -66.491     -60.216      *

 Residual Variances
    PER_EXPR         466.104       8.636      0.000     449.457     483.438      *
    PA               169.909       2.679      0.000     164.678     175.153      *
    NA               100.954       1.533      0.000      98.141     104.121      *

Between Level

 SPA_PR     ON
    ANHEDONIA         -0.006       0.004      0.078      -0.015       0.002

 SNA_PR     ON
    ANHEDONIA         -0.004       0.005      0.227      -0.014       0.006

 PER_EXPR   ON
    ANHEDONIA         -0.659       0.161      0.000      -0.978      -0.336      *

 Means
    PA                45.679       0.936      0.000      43.957      47.511      *
    NA                15.735       0.685      0.000      14.431      17.089      *

 Intercepts
    PER_EXPR          42.922       1.384      0.000      40.313      45.656      *
    SPA_PR             0.333       0.038      0.000       0.259       0.411      *
    SNA_PR             0.081       0.054      0.049      -0.015       0.192

 Variances
    PA               136.660      15.928      0.000     110.206     171.804      *
    NA                74.025       8.885      0.000      59.789      94.248      *

 Residual Variances
    PER_EXPR         311.539      36.928      0.000     249.495     394.538      *
    SPA_PR             0.088       0.025      0.000       0.050       0.146      *
    SNA_PR             0.131       0.060      0.000       0.047       0.274      *


STANDARDIZED MODEL RESULTS


STDYX Standardization

                                Posterior  One-Tailed         95% C.I.
                    Estimate       S.D.      P-Value   Lower 2.5%  Upper 2.5%  Significance

Within-Level Standardized Estimates Averaged Over Clusters

 SPA_PR | PER_EXPR ON
    PA&1               0.187       0.017      0.000       0.156       0.222      *

 SNA_PR | PER_EXPR ON
    NA&1               0.037       0.019      0.016       0.002       0.076      *

 PA         ON
    PA&1               0.000       0.000      1.000       0.000       0.000

 NA         ON
    NA&1               0.000       0.000      1.000       0.000       0.000

 PER_EXPR WITH
    PA                 0.000       0.000      1.000       0.000       0.000
    NA                 0.000       0.000      1.000       0.000       0.000

 NA       WITH
    PA                -0.484       0.009      0.000      -0.501      -0.466      *

 Residual Variances
    PER_EXPR           0.919       0.010      0.000       0.899       0.939      *
    PA                 1.000       0.000      0.000       1.000       1.000
    NA                 1.000       0.000      0.000       1.000       1.000

Between Level

 SPA_PR     ON
    ANHEDONIA         -0.126       0.089      0.078      -0.306       0.049

 SNA_PR     ON
    ANHEDONIA         -0.068       0.092      0.227      -0.252       0.105

 PER_EXPR   ON
    ANHEDONIA         -0.231       0.055      0.000      -0.331      -0.118      *

 Means
    PA                 3.909       0.236      0.000       3.447       4.355      *
    NA                 1.830       0.133      0.000       1.572       2.093      *

 Intercepts
    PER_EXPR           2.370       0.154      0.000       2.074       2.675      *
    SPA_PR             1.104       0.216      0.000       0.762       1.605      *
    SNA_PR             0.225       0.154      0.049      -0.040       0.573

 Variances
    PA                 1.000       0.000      0.000       1.000       1.000
    NA                 1.000       0.000      0.000       1.000       1.000

 Residual Variances
    PER_EXPR           0.947       0.025      0.000       0.891       0.986      *
    SPA_PR             0.984       0.025      0.000       0.907       1.000      *
    SNA_PR             0.994       0.018      0.000       0.937       1.000      *


STDY Standardization

                                Posterior  One-Tailed         95% C.I.
                    Estimate       S.D.      P-Value   Lower 2.5%  Upper 2.5%  Significance

Within-Level Standardized Estimates Averaged Over Clusters

 SPA_PR | PER_EXPR ON
    PA&1               0.014       0.001      0.000       0.012       0.017      *

 SNA_PR | PER_EXPR ON
    NA&1               0.004       0.002      0.016       0.000       0.008      *

 PA         ON
    PA&1               0.000       0.000      1.000       0.000       0.000

 NA         ON
    NA&1               0.000       0.000      1.000       0.000       0.000

 PER_EXPR WITH
    PA                 0.000       0.000      1.000       0.000       0.000
    NA                 0.000       0.000      1.000       0.000       0.000

 NA       WITH
    PA                -0.484       0.009      0.000      -0.501      -0.466      *

 Residual Variances
    PER_EXPR           0.919       0.010      0.000       0.899       0.939      *
    PA                 1.000       0.000      0.000       1.000       1.000
    NA                 1.000       0.000      0.000       1.000       1.000

Between Level

 SPA_PR     ON
    ANHEDONIA         -0.020       0.014      0.078      -0.048       0.008

 SNA_PR     ON
    ANHEDONIA         -0.011       0.014      0.227      -0.040       0.016

 PER_EXPR   ON
    ANHEDONIA         -0.036       0.009      0.000      -0.052      -0.019      *

 Means
    PA                 3.909       0.236      0.000       3.447       4.355      *
    NA                 1.830       0.133      0.000       1.572       2.093      *

 Intercepts
    PER_EXPR           2.370       0.154      0.000       2.074       2.675      *
    SPA_PR             1.104       0.216      0.000       0.762       1.605      *
    SNA_PR             0.225       0.154      0.049      -0.040       0.573

 Variances
    PA                 1.000       0.000      0.000       1.000       1.000
    NA                 1.000       0.000      0.000       1.000       1.000

 Residual Variances
    PER_EXPR           0.947       0.025      0.000       0.891       0.986      *
    SPA_PR             0.984       0.025      0.000       0.907       1.000      *
    SNA_PR             0.994       0.018      0.000       0.937       1.000      *


STD Standardization

                                Posterior  One-Tailed         95% C.I.
                    Estimate       S.D.      P-Value   Lower 2.5%  Upper 2.5%  Significance

Within-Level Standardized Estimates Averaged Over Clusters

 SPA_PR | PER_EXPR ON
    PA&1               0.334       0.029      0.000       0.278       0.393      *

 SNA_PR | PER_EXPR ON
    NA&1               0.082       0.045      0.025       0.000       0.174

 PA         ON
    PA&1               0.000       0.000      1.000       0.000       0.000

 NA         ON
    NA&1               0.000       0.000      1.000       0.000       0.000

 PER_EXPR WITH
    PA                 0.000       0.000      1.000       0.000       0.000
    NA                 0.000       0.000      1.000       0.000       0.000

 NA       WITH
    PA               -63.385       1.614      0.000     -66.491     -60.216      *

 Residual Variances
    PER_EXPR         466.104       8.636      0.000     449.457     483.438      *
    PA               169.909       2.679      0.000     164.678     175.153      *
    NA               100.954       1.533      0.000      98.141     104.121      *

Between Level

 SPA_PR     ON
    ANHEDONIA         -0.020       0.014      0.078      -0.048       0.008

 SNA_PR     ON
    ANHEDONIA         -0.011       0.014      0.227      -0.040       0.016

 PER_EXPR   ON
    ANHEDONIA         -0.659       0.161      0.000      -0.978      -0.336      *

 Means
    PA                45.679       0.936      0.000      43.957      47.511      *
    NA                15.735       0.685      0.000      14.431      17.089      *

 Intercepts
    PER_EXPR          42.922       1.384      0.000      40.313      45.656      *
    SPA_PR             1.104       0.216      0.000       0.762       1.605      *
    SNA_PR             0.225       0.154      0.049      -0.040       0.573

 Variances
    PA               136.660      15.928      0.000     110.206     171.804      *
    NA                74.025       8.885      0.000      59.789      94.248      *

 Residual Variances
    PER_EXPR         311.539      36.928      0.000     249.495     394.538      *
    SPA_PR             0.984       0.025      0.000       0.907       1.000      *
    SNA_PR             0.994       0.018      0.000       0.937       1.000      *


R-SQUARE

Within-Level R-Square Averaged Across Clusters

                                Posterior  One-Tailed         95% C.I.
    Variable        Estimate       S.D.      P-Value   Lower 2.5%  Upper 2.5%

    PER_EXPR           0.081       0.010      0.000       0.061       0.101
    PA                 0.000       0.000      1.000       0.000       0.000
    NA                 0.000       0.000      1.000       0.000       0.000

Between Level

                                Posterior  One-Tailed         95% C.I.
    Variable        Estimate       S.D.      P-Value   Lower 2.5%  Upper 2.5%

    PER_EXPR           0.053       0.025      0.000       0.014       0.109

                                Posterior  One-Tailed         95% C.I.
    Variable        Estimate       S.D.      P-Value   Lower 2.5%  Upper 2.5%

    SPA_PR             0.016       0.025      0.000       0.000       0.093
    SNA_PR             0.006       0.018      0.000       0.000       0.063


CREDIBILITY INTERVALS OF MODEL RESULTS

                  Lower .5%  Lower 2.5%    Lower 5%    Estimate    Upper 5%  Upper 2.5%   Upper .5%

Within Level

 PA       ON
    PA&1             0.000       0.000       0.000       0.000       0.000       0.000       0.000

 NA       ON
    NA&1             0.000       0.000       0.000       0.000       0.000       0.000       0.000

 PER_EXPR WITH
    PA               0.000       0.000       0.000       0.000       0.000       0.000       0.000
    NA               0.000       0.000       0.000       0.000       0.000       0.000       0.000

 NA       WITH
    PA             -67.429     -66.491     -65.959     -63.385     -60.693     -60.216     -59.179

 Residual Variances
    PER_EXPR       444.291     449.457     452.120     466.104     480.709     483.438     490.148
    PA             163.027     164.678     165.498     169.909     174.243     175.153     176.546
    NA              97.049      98.141      98.528     100.954     103.580     104.121     105.057

Between Level

 SPA_PR   ON
    ANHEDONIA       -0.018      -0.015      -0.013      -0.006       0.001       0.002       0.004

 SNA_PR   ON
    ANHEDONIA       -0.019      -0.014      -0.013      -0.004       0.005       0.006       0.009

 PER_EXPR ON
    ANHEDONIA       -1.053      -0.978      -0.917      -0.659      -0.385      -0.336      -0.212

 Means
    PA              43.322      43.957      44.162      45.679      47.208      47.511      48.289
    NA              13.826      14.431      14.620      15.735      16.876      17.089      17.500

 Intercepts
    PER_EXPR        39.470      40.313      40.748      42.922      45.261      45.656      46.384
    SPA_PR           0.232       0.259       0.275       0.333       0.397       0.411       0.433
    SNA_PR          -0.050      -0.015       0.000       0.081       0.178       0.192       0.244

 Variances
    PA             103.612     110.206     113.742     136.660     164.828     171.804     183.655
    NA              55.115      59.789      61.424      74.025      90.183      94.248     103.710

 Residual Variances
    PER_EXPR       234.007     249.495     258.287     311.539     379.922     394.538     421.516
    SPA_PR           0.039       0.050       0.056       0.088       0.137       0.146       0.165
    SNA_PR           0.037       0.047       0.053       0.131       0.246       0.274       0.331


CREDIBILITY INTERVALS OF STANDARDIZED MODEL RESULTS


STDYX Standardization

                  Lower .5%  Lower 2.5%    Lower 5%    Estimate    Upper 5%  Upper 2.5%   Upper .5%

Within Level

 PA       ON
    PA&1             0.000       0.000       0.000       0.000       0.000       0.000       0.000

 NA       ON
    NA&1             0.000       0.000       0.000       0.000       0.000       0.000       0.000

 PER_EXPR WITH
    PA               0.000       0.000       0.000       0.000       0.000       0.000       0.000
    NA               0.000       0.000       0.000       0.000       0.000       0.000       0.000

 NA       WITH
    PA               0.000      -0.501       0.000      -0.484       0.000      -0.466       0.000

 Residual Variances
    PER_EXPR         0.000       0.899       0.000       0.919       0.000       0.939       0.000
    PA               0.000       1.000       0.000       1.000       0.000       1.000       0.000
    NA               0.000       1.000       0.000       1.000       0.000       1.000       0.000

Between Level

 SPA_PR   ON
    ANHEDONIA       -0.360      -0.306      -0.278      -0.126       0.017       0.049       0.094

 SNA_PR   ON
    ANHEDONIA       -0.320      -0.252      -0.218      -0.068       0.084       0.105       0.159

 PER_EXPR ON
    ANHEDONIA       -0.362      -0.331      -0.317      -0.231      -0.134      -0.118      -0.077

 Means
    PA               3.314       3.447       3.532       3.909       4.296       4.355       4.494
    NA               1.463       1.572       1.622       1.830       2.051       2.093       2.160

 Intercepts
    PER_EXPR         1.985       2.074       2.116       2.370       2.626       2.675       2.774
    SPA_PR           0.669       0.762       0.803       1.104       1.515       1.605       1.811
    SNA_PR          -0.144      -0.040       0.001       0.225       0.504       0.573       0.725

 Variances
    PA               1.000       1.000       1.000       1.000       1.000       1.000       1.000
    NA               1.000       1.000       1.000       1.000       1.000       1.000       1.000

 Residual Variances
    PER_EXPR         0.869       0.891       0.899       0.947       0.982       0.986       0.994
    SPA_PR           0.870       0.907       0.923       0.984       1.000       1.000       1.000
    SNA_PR           0.898       0.937       0.951       0.994       1.000       1.000       1.000


STDY Standardization

                  Lower .5%  Lower 2.5%    Lower 5%    Estimate    Upper 5%  Upper 2.5%   Upper .5%

Within Level

 PA       ON
    PA&1             0.000       0.000       0.000       0.000       0.000       0.000       0.000

 NA       ON
    NA&1             0.000       0.000       0.000       0.000       0.000       0.000       0.000

 PER_EXPR WITH
    PA               0.000       0.000       0.000       0.000       0.000       0.000       0.000
    NA               0.000       0.000       0.000       0.000       0.000       0.000       0.000

 NA       WITH
    PA               0.000      -0.501       0.000      -0.484       0.000      -0.466       0.000

 Residual Variances
    PER_EXPR         0.000       0.899       0.000       0.919       0.000       0.939       0.000
    PA               0.000       1.000       0.000       1.000       0.000       1.000       0.000
    NA               0.000       1.000       0.000       1.000       0.000       1.000       0.000

Between Level

 SPA_PR   ON
    ANHEDONIA       -0.057      -0.048      -0.044      -0.020       0.003       0.008       0.015

 SNA_PR   ON
    ANHEDONIA       -0.051      -0.040      -0.034      -0.011       0.013       0.016       0.025

 PER_EXPR ON
    ANHEDONIA       -0.057      -0.052      -0.050      -0.036      -0.021      -0.019      -0.012

 Means
    PA               3.314       3.447       3.532       3.909       4.296       4.355       4.494
    NA               1.463       1.572       1.622       1.830       2.051       2.093       2.160

 Intercepts
    PER_EXPR         1.985       2.074       2.116       2.370       2.626       2.675       2.774
    SPA_PR           0.669       0.762       0.803       1.104       1.515       1.605       1.811
    SNA_PR          -0.144      -0.040       0.001       0.225       0.504       0.573       0.725

 Variances
    PA               1.000       1.000       1.000       1.000       1.000       1.000       1.000
    NA               1.000       1.000       1.000       1.000       1.000       1.000       1.000

 Residual Variances
    PER_EXPR         0.869       0.891       0.899       0.947       0.982       0.986       0.994
    SPA_PR           0.870       0.907       0.923       0.984       1.000       1.000       1.000
    SNA_PR           0.898       0.937       0.951       0.994       1.000       1.000       1.000


STD Standardization

                  Lower .5%  Lower 2.5%    Lower 5%    Estimate    Upper 5%  Upper 2.5%   Upper .5%

Within Level

 PA       ON
    PA&1             0.000       0.000       0.000       0.000       0.000       0.000       0.000

 NA       ON
    NA&1             0.000       0.000       0.000       0.000       0.000       0.000       0.000

 PER_EXPR WITH
    PA               0.000       0.000       0.000       0.000       0.000       0.000       0.000
    NA               0.000       0.000       0.000       0.000       0.000       0.000       0.000

 NA       WITH
    PA               0.000     -66.491       0.000     -63.385       0.000     -60.216       0.000

 Residual Variances
    PER_EXPR         0.000     449.457       0.000     466.104       0.000     483.438       0.000
    PA               0.000     164.678       0.000     169.909       0.000     175.153       0.000
    NA               0.000      98.141       0.000     100.954       0.000     104.121       0.000

Between Level

 SPA_PR   ON
    ANHEDONIA       -0.057      -0.048      -0.044      -0.020       0.003       0.008       0.015

 SNA_PR   ON
    ANHEDONIA       -0.051      -0.040      -0.034      -0.011       0.013       0.016       0.025

 PER_EXPR ON
    ANHEDONIA       -1.053      -0.978      -0.917      -0.659      -0.385      -0.336      -0.212

 Means
    PA              43.322      43.957      44.162      45.679      47.208      47.511      48.289
    NA              13.826      14.431      14.620      15.735      16.876      17.089      17.500

 Intercepts
    PER_EXPR        39.470      40.313      40.748      42.922      45.261      45.656      46.384
    SPA_PR           0.669       0.762       0.803       1.104       1.515       1.605       1.811
    SNA_PR          -0.144      -0.040       0.001       0.225       0.504       0.573       0.725

 Variances
    PA             103.612     110.206     113.742     136.660     164.828     171.804     183.655
    NA              55.115      59.789      61.424      74.025      90.183      94.248     103.710

 Residual Variances
    PER_EXPR       234.007     249.495     258.287     311.539     379.922     394.538     421.516
    SPA_PR           0.870       0.907       0.923       0.984       1.000       1.000       1.000
    SNA_PR           0.898       0.937       0.951       0.994       1.000       1.000       1.000


TECHNICAL 1 OUTPUT


     PARAMETER SPECIFICATION FOR WITHIN


           NU
              PER_EXPR      PA            NA            PA&1          NA&1
              ________      ________      ________      ________      ________
                    0             0             0             0             0


           LAMBDA
              PER_EXPR      PA            NA            PA&1          NA&1
              ________      ________      ________      ________      ________
 PER_EXPR           0             0             0             0             0
 PA                 0             0             0             0             0
 NA                 0             0             0             0             0
 PA&1               0             0             0             0             0
 NA&1               0             0             0             0             0


           THETA
              PER_EXPR      PA            NA            PA&1          NA&1
              ________      ________      ________      ________      ________
 PER_EXPR           0
 PA                 0             0
 NA                 0             0             0
 PA&1               0             0             0             0
 NA&1               0             0             0             0             0


           ALPHA
              PER_EXPR      PA            NA            PA&1          NA&1
              ________      ________      ________      ________      ________
                    0             0             0             0             0


           BETA
              PER_EXPR      PA            NA            PA&1          NA&1
              ________      ________      ________      ________      ________
 PER_EXPR           0             0             0             0             0
 PA                 0             0             0             0             0
 NA                 0             0             0             0             0
 PA&1               0             0             0             0             0
 NA&1               0             0             0             0             0


           PSI
              PER_EXPR      PA            NA            PA&1          NA&1
              ________      ________      ________      ________      ________
 PER_EXPR           1
 PA                 0             2
 NA                 0             3             4
 PA&1               0             0             0             0
 NA&1               0             0             0             0             0


     PARAMETER SPECIFICATION FOR BETWEEN


           NU
              PER_EXPR      PA            NA            ANHEDONI
              ________      ________      ________      ________
                    0             0             0             0


           LAMBDA
              SPA_PR        SNA_PR        PER_EXPR      PA            NA
              ________      ________      ________      ________      ________
 PER_EXPR           0             0             0             0             0
 PA                 0             0             0             0             0
 NA                 0             0             0             0             0
 ANHEDONI           0             0             0             0             0


           LAMBDA
              ANHEDONI
              ________
 PER_EXPR           0
 PA                 0
 NA                 0
 ANHEDONI           0


           THETA
              PER_EXPR      PA            NA            ANHEDONI
              ________      ________      ________      ________
 PER_EXPR           0
 PA                 0             0
 NA                 0             0             0
 ANHEDONI           0             0             0             0


           ALPHA
              SPA_PR        SNA_PR        PER_EXPR      PA            NA
              ________      ________      ________      ________      ________
                    5             6             7             8             9


           ALPHA
              ANHEDONI
              ________
                    0


           BETA
              SPA_PR        SNA_PR        PER_EXPR      PA            NA
              ________      ________      ________      ________      ________
 SPA_PR             0             0             0             0             0
 SNA_PR             0             0             0             0             0
 PER_EXPR           0             0             0             0             0
 PA                 0             0             0             0             0
 NA                 0             0             0             0             0
 ANHEDONI           0             0             0             0             0


           BETA
              ANHEDONI
              ________
 SPA_PR            10
 SNA_PR            11
 PER_EXPR          12
 PA                 0
 NA                 0
 ANHEDONI           0


           PSI
              SPA_PR        SNA_PR        PER_EXPR      PA            NA
              ________      ________      ________      ________      ________
 SPA_PR            13
 SNA_PR             0            14
 PER_EXPR           0             0            15
 PA                 0             0             0            16
 NA                 0             0             0             0            17
 ANHEDONI           0             0             0             0             0


           PSI
              ANHEDONI
              ________
 ANHEDONI           0


     STARTING VALUES FOR WITHIN


           NU
              PER_EXPR      PA            NA            PA&1          NA&1
              ________      ________      ________      ________      ________
                0.000         0.000         0.000         0.000         0.000


           LAMBDA
              PER_EXPR      PA            NA            PA&1          NA&1
              ________      ________      ________      ________      ________
 PER_EXPR       1.000         0.000         0.000         0.000         0.000
 PA             0.000         1.000         0.000         0.000         0.000
 NA             0.000         0.000         1.000         0.000         0.000
 PA&1           0.000         0.000         0.000         1.000         0.000
 NA&1           0.000         0.000         0.000         0.000         1.000


           THETA
              PER_EXPR      PA            NA            PA&1          NA&1
              ________      ________      ________      ________      ________
 PER_EXPR       0.000
 PA             0.000         0.000
 NA             0.000         0.000         0.000
 PA&1           0.000         0.000         0.000         0.000
 NA&1           0.000         0.000         0.000         0.000         0.000


           ALPHA
              PER_EXPR      PA            NA            PA&1          NA&1
              ________      ________      ________      ________      ________
                0.000         0.000         0.000         0.000         0.000


           BETA
              PER_EXPR      PA            NA            PA&1          NA&1
              ________      ________      ________      ________      ________
 PER_EXPR       0.000         0.000         0.000         0.000         0.000
 PA             0.000         0.000         0.000         0.000         0.000
 NA             0.000         0.000         0.000         0.000         0.000
 PA&1           0.000         0.000         0.000         0.000         0.000
 NA&1           0.000         0.000         0.000         0.000         0.000


           PSI
              PER_EXPR      PA            NA            PA&1          NA&1
              ________      ________      ________      ________      ________
 PER_EXPR     426.246
 PA             0.000       151.006
 NA             0.000         0.000        84.765
 PA&1           0.000         0.000         0.000       151.126
 NA&1           0.000         0.000         0.000         0.000        84.764


     STARTING VALUES FOR BETWEEN


           NU
              PER_EXPR      PA            NA            ANHEDONI
              ________      ________      ________      ________
                0.000         0.000         0.000         0.000


           LAMBDA
              SPA_PR        SNA_PR        PER_EXPR      PA            NA
              ________      ________      ________      ________      ________
 PER_EXPR       0.000         0.000         1.000         0.000         0.000
 PA             0.000         0.000         0.000         1.000         0.000
 NA             0.000         0.000         0.000         0.000         1.000
 ANHEDONI       0.000         0.000         0.000         0.000         0.000


           LAMBDA
              ANHEDONI
              ________
 PER_EXPR       0.000
 PA             0.000
 NA             0.000
 ANHEDONI       1.000


           THETA
              PER_EXPR      PA            NA            ANHEDONI
              ________      ________      ________      ________
 PER_EXPR       0.000
 PA             0.000         0.000
 NA             0.000         0.000         0.000
 ANHEDONI       0.000         0.000         0.000         0.000


           ALPHA
              SPA_PR        SNA_PR        PER_EXPR      PA            NA
              ________      ________      ________      ________      ________
                0.000         0.000        42.897        45.572        15.612


           ALPHA
              ANHEDONI
              ________
                0.000


           BETA
              SPA_PR        SNA_PR        PER_EXPR      PA            NA
              ________      ________      ________      ________      ________
 SPA_PR         0.000         0.000         0.000         0.000         0.000
 SNA_PR         0.000         0.000         0.000         0.000         0.000
 PER_EXPR       0.000         0.000         0.000         0.000         0.000
 PA             0.000         0.000         0.000         0.000         0.000
 NA             0.000         0.000         0.000         0.000         0.000
 ANHEDONI       0.000         0.000         0.000         0.000         0.000


           BETA
              ANHEDONI
              ________
 SPA_PR         0.000
 SNA_PR         0.000
 PER_EXPR       0.000
 PA             0.000
 NA             0.000
 ANHEDONI       0.000


           PSI
              SPA_PR        SNA_PR        PER_EXPR      PA            NA
              ________      ________      ________      ________      ________
 SPA_PR         1.000
 SNA_PR         0.000         1.000
 PER_EXPR       0.000         0.000       426.246
 PA             0.000         0.000         0.000       151.006
 NA             0.000         0.000         0.000         0.000        84.765
 ANHEDONI       0.000         0.000         0.000         0.000         0.000


           PSI
              ANHEDONI
              ________
 ANHEDONI      40.163



     PRIORS FOR ALL PARAMETERS            PRIOR MEAN      PRIOR VARIANCE     PRIOR STD. DEV.

     Parameter 1~IG(-1.000,0.000)          infinity            infinity            infinity
     Parameter 2~IW(0.000,-3)              infinity            infinity            infinity
     Parameter 3~IW(0.000,-3)              infinity            infinity            infinity
     Parameter 4~IW(0.000,-3)              infinity            infinity            infinity
     Parameter 5~N(0.000,infinity)           0.0000            infinity            infinity
     Parameter 6~N(0.000,infinity)           0.0000            infinity            infinity
     Parameter 7~N(0.000,infinity)           0.0000            infinity            infinity
     Parameter 8~N(0.000,infinity)           0.0000            infinity            infinity
     Parameter 9~N(0.000,infinity)           0.0000            infinity            infinity
     Parameter 10~N(0.000,infinity)          0.0000            infinity            infinity
     Parameter 11~N(0.000,infinity)          0.0000            infinity            infinity
     Parameter 12~N(0.000,infinity)          0.0000            infinity            infinity
     Parameter 13~IG(-1.000,0.000)         infinity            infinity            infinity
     Parameter 14~IG(-1.000,0.000)         infinity            infinity            infinity
     Parameter 15~IG(-1.000,0.000)         infinity            infinity            infinity
     Parameter 16~IG(-1.000,0.000)         infinity            infinity            infinity
     Parameter 17~IG(-1.000,0.000)         infinity            infinity            infinity


TECHNICAL 8 OUTPUT


   TECHNICAL 8 OUTPUT FOR BAYES ESTIMATION

     PROCESSOR    BSEED
     1            0
     2            285380
     3            253358
     4            93468
     5            608496
     6            903420
     7            195873
     8            462953
     9            939021
     10           127215
     11           415931
     12           533738
     13           107446
     14           399671
     15           650371
     16           27071

                     POTENTIAL       PARAMETER WITH
     ITERATION    SCALE REDUCTION      HIGHEST PSR
     100              1.211               13
     200              1.619               14
     300              1.148               14
     400              1.125               14
     500              1.077               14
     600              1.253               14
     700              1.288               14
     800              1.080               14
     900              1.010               14
     1000             1.002               14
     1100             1.005               14
     1200             1.011               14
     1300             1.003               8
     1400             1.002               8
     1500             1.001               8
     1600             1.000               8
     1700             1.001               6
     1800             1.001               15
     1900             1.002               13
     2000             1.004               14


PLOT INFORMATION

The following plots are available:

  Histograms (sample values)
  Scatterplots (sample values)
  Between-level histograms (sample values, sample means/variances)
  Between-level scatterplots (sample values, sample means/variances)
  Time series plots (sample values, ACF, PACF)
  Histogram of subjects per time point
  Time interval plots
  Bayesian posterior parameter distributions
  Bayesian posterior parameter trace plots
  Bayesian autocorrelation plots

     Beginning Time:  21:48:30
        Ending Time:  21:49:41
       Elapsed Time:  00:01:11



MUTHEN & MUTHEN
3463 Stoner Ave.
Los Angeles, CA  90066

Tel: (310) 391-9971
Fax: (310) 391-8971
Web: www.StatModel.com
Support: Support@StatModel.com

Copyright (c) 1998-2022 Muthen & Muthen
