Mplus VERSION 8.8
MUTHEN & MUTHEN
07/13/2023   6:12 PM

INPUT INSTRUCTIONS


  DATA:
  FILE IS data3.dat;

  VARIABLE:   NAMES =
  	    Eth_ID Time Time_between Time_inc
  	    PA_enth NA_irri NA_verv PA_tevr PA_ener
       	    PA_kalm NA_nerv PA_daadk NA_verdr
  	    PA_vrol NA_boos PA_dankb NA_somb PER_att
      	    PER_refl PER_self PER_expr PER_damp
  	    PER_codamp PER_capit Sample age_yr gesl BDI
      	    Measures_valid BDI_anh Anhedonia
   	    BDI_sum PA NA day compliance;

              USEVARIABLES are PER_expr PA NA Anhedonia;
              MISSING is .;
              within = ;
              between = Anhedonia;
              cluster = Eth_ID;
              lagged= PA NA(1);
              tinterval=Time_inc (150);

  DEFINE:     CENTER Anhedonia (grandmean);

  ANALYSIS:   type = twolevel random;
              estimator = Bayes;
              biterations=(2000);
              bconvergence=0.005;
              thin=2;
              PROCESSORS=16;
  MODEL:
  %WITHIN%
  sPA_PR | PER_expr on PA&1;
  sNA_PR | PER_expr on NA&1;
  PA on PA&1@0;
  NA on NA&1@0;
  PER_expr with PA@0;
  PER_expr with NA@0;

  %between%
  sPA_PR sNA_PR on Anhedonia;
  PER_expr on Anhedonia;


  OUTPUT: standardized tech1 tech8 cinterval patterns;
  PLOT: TYPE = PLOT3;



*** WARNING in VARIABLE command
  Note that only the first 8 characters of variable names are used in the output.
  Shorten variable names to avoid any confusion.
*** WARNING in MODEL command
  A y-variable has been declared on the within level but not referred to on
  the between level.  Please check that this is what is intended.  If this is not intended,
  specify the variable as a within variable.  Problem with:  PA
*** WARNING in MODEL command
  A y-variable has been declared on the within level but not referred to on
  the between level.  Please check that this is what is intended.  If this is not intended,
  specify the variable as a within variable.  Problem with:  NA
*** WARNING in PLOT command
  Note that only the first 8 characters of variable names are used in plots.
  If variable names are not unique within the first 8 characters, problems
  may occur.
*** WARNING
  Data set contains cases with missing on all variables.  Cases that appeared before the first
  case with observed data and that appeared after the last case with observed data were not
  included in the analysis.  Number of deleted cases:  1179
   5 WARNING(S) FOUND IN THE INPUT INSTRUCTIONS




SUMMARY OF ANALYSIS

Number of groups                                                 1
Number of observations                                       22552

Number of dependent variables                                    3
Number of independent variables                                  3
Number of continuous latent variables                            2

Observed dependent variables

  Continuous
   PER_EXPR    PA          NA

Observed independent variables
   ANHEDONI    PA&1        NA&1

Continuous latent variables
   SPA_PR      SNA_PR

Variables with special functions

  Cluster variable      ETH_ID

  Within variables
   PA&1        NA&1

  Between variables
   ANHEDONI

  Centering (GRANDMEAN)
   ANHEDONI


Estimator                                                    BAYES
Specifications for Bayesian Estimation
  Point estimate                                            MEDIAN
  Number of Markov chain Monte Carlo (MCMC) chains               2
  Random seed for the first chain                                0
  Starting value information                           UNPERTURBED
  Algorithm used for Markov chain Monte Carlo           GIBBS(PX1)
  Convergence criterion                                  0.500D-02
  Maximum number of iterations                               50000
  K-th iteration used for thinning                               2

Input data file(s)
  data3.dat
Input data format  FREE


SUMMARY OF DATA

     Number of clusters                        189

       Size (s)    Cluster ID with Size s

         13        150
         14        23 158
         22        175
         30        83
         33        8
         41        58
         43        41
         48        85
         51        17
         53        152
         56        28
         58        33
         67        121
         80        82
         84        87
         88        72
         89        143
         91        140
         96        113
         97        34
        100        134 157
        101        10
        103        164
        105        52
        106        154
        107        101
        108        119
        109        90
        111        36
        113        182
        115        89 91 131
        116        78 15 77 188 75
        117        11
        118        57 66 195 49 16
        119        50 149 92 197 38 106 163 71 48 186
        120        192 61 165 168 108 55 148 7 98
        121        189
        122        174
        123        127
        124        103 117 184 51 161
        125        100 73 68 88 40 105 93 13 54 123 30 112 44 53
        126        107 76 109 111 172 173 102 120 80 65
        127        139 126 110 115 25 46 67 178 32 193 118 104 130 198
                   133 86 70 177 147 62
        128        18 43 156 180 196 59 5 153 96
        129        135 190 116 141 3 146 187 137 144 185 69 39 125
        130        14 166 138 97
        133        191
        134        2
        135        63 183 60 194 200 201
        136        26 56 122
        137        42 95 155 22 19 4 9
        138        29 94 132
        139        37 79 21 84 145 114 45 35 74
        142        27
        143        179
        144        171 24 170
        145        1 162 20 124
        146        6 167 151
        147        142 31
        148        176 159



SUMMARY OF MISSING DATA PATTERNS

     Number of missing data patterns            14


     MISSING DATA PATTERNS (x = not missing)

           1  2  3  4  5  6  7  8  9 10 11 12 13 14
 PER_EXPR  x  x           x     x           x     x
 PA        x  x        x     x     x     x  x     x
 NA        x  x        x     x              x  x  x
 PA&1      x     x           x  x  x  x     x
 NA&1      x     x           x  x  x              x
 ANHEDONI  x  x  x  x  x  x  x  x  x  x  x  x  x  x


     MISSING DATA PATTERN FREQUENCIES

    Pattern   Frequency     Pattern   Frequency     Pattern   Frequency
          1        5017           6           2          11           4
          2        3483           7          53          12           5
          3        3366           8           3          13           1
          4       10544           9           2          14           1
          5          70          10           1


COVARIANCE COVERAGE OF DATA

Minimum covariance coverage value   0.100


     PROPORTION OF DATA PRESENT


           Covariance Coverage
              PER_EXPR      PA            NA            ANHEDONI
              ________      ________      ________      ________
 PER_EXPR       0.377
 PA             0.377         0.383
 NA             0.377         0.383         0.383
 ANHEDONI       0.377         0.383         0.383         1.000



UNIVARIATE SAMPLE STATISTICS


     UNIVARIATE HIGHER-ORDER MOMENT DESCRIPTIVE STATISTICS

         Variable/         Mean/     Skewness/   Minimum/ % with                Percentiles
        Sample Size      Variance    Kurtosis    Maximum  Min/Max      20%/60%    40%/80%    Median

     PER_EXPR             42.600       0.022       0.000    6.22%       8.000     35.000     47.000
            8511.000     846.987      -1.199     100.000    2.22%      54.000     70.000
     PA                   45.695      -0.023       0.000    0.28%      30.857     41.714     46.143
            8635.000     302.313      -0.227     100.000    0.07%      50.429     60.429
     NA                   15.181       1.393       0.000    6.94%       5.167      9.333     11.667
            8630.000     166.729       1.923      80.667    0.01%      14.500     23.333
     ANHEDONIA             0.000       0.540     -18.101    0.53%      -7.447     -2.612     -0.726
             189.000      76.569       0.578      30.245    0.53%       1.513      6.193


THE MODEL ESTIMATION TERMINATED NORMALLY

     USE THE FBITERATIONS OPTION TO INCREASE THE NUMBER OF ITERATIONS BY A FACTOR
     OF AT LEAST TWO TO CHECK CONVERGENCE AND THAT THE PSR VALUE DOES NOT INCREASE.



MODEL FIT INFORMATION

Number of Free Parameters                              17

Information Criteria

          Deviance (DIC)                       585574.907
          Estimated Number of Parameters (pD)   42335.878



MODEL RESULTS

                                Posterior  One-Tailed         95% C.I.
                    Estimate       S.D.      P-Value   Lower 2.5%  Upper 2.5%  Significance

Within Level

 PA         ON
    PA&1               0.000       0.000      1.000       0.000       0.000

 NA         ON
    NA&1               0.000       0.000      1.000       0.000       0.000

 PER_EXPR WITH
    PA                 0.000       0.000      1.000       0.000       0.000
    NA                 0.000       0.000      1.000       0.000       0.000

 NA       WITH
    PA               -60.248       1.518      0.000     -63.273     -57.451      *

 Residual Variances
    PER_EXPR         467.584       8.311      0.000     451.738     484.449      *
    PA               172.259       2.608      0.000     167.226     177.509      *
    NA                93.398       1.415      0.000      90.675      96.197      *

Between Level

 SPA_PR     ON
    ANHEDONIA         -0.007       0.004      0.049      -0.014       0.001

 SNA_PR     ON
    ANHEDONIA         -0.004       0.005      0.230      -0.015       0.007

 PER_EXPR   ON
    ANHEDONIA         -0.586       0.152      0.000      -0.884      -0.289      *

 Means
    PA                46.109       0.836      0.000      44.501      47.768      *
    NA                15.783       0.665      0.000      14.465      17.107      *

 Intercepts
    PER_EXPR          42.101       1.287      0.000      39.589      44.612      *
    SPA_PR             0.352       0.037      0.000       0.281       0.426      *
    SNA_PR             0.102       0.049      0.013       0.007       0.200      *

 Variances
    PA               128.599      13.950      0.000     105.261     160.009      *
    NA                78.799       8.543      0.000      64.025      97.200      *

 Residual Variances
    PER_EXPR         306.524      33.610      0.000     248.006     379.579      *
    SPA_PR             0.082       0.023      0.000       0.045       0.134      *
    SNA_PR             0.112       0.050      0.000       0.042       0.231      *


STANDARDIZED MODEL RESULTS


STDYX Standardization

                                Posterior  One-Tailed         95% C.I.
                    Estimate       S.D.      P-Value   Lower 2.5%  Upper 2.5%  Significance

Within-Level Standardized Estimates Averaged Over Clusters

 SPA_PR | PER_EXPR ON
    PA&1               0.200       0.018      0.000       0.166       0.237      *

 SNA_PR | PER_EXPR ON
    NA&1               0.044       0.017      0.005       0.009       0.078      *

 PA         ON
    PA&1               0.000       0.000      1.000       0.000       0.000

 NA         ON
    NA&1               0.000       0.000      1.000       0.000       0.000

 PER_EXPR WITH
    PA                 0.000       0.000      1.000       0.000       0.000
    NA                 0.000       0.000      1.000       0.000       0.000

 NA       WITH
    PA                -0.476       0.009      0.000      -0.492      -0.459      *

 Residual Variances
    PER_EXPR           0.921       0.010      0.000       0.901       0.939      *
    PA                 1.000       0.000      0.000       1.000       1.000
    NA                 1.000       0.000      0.000       1.000       1.000

Between Level

 SPA_PR     ON
    ANHEDONIA         -0.151       0.087      0.049      -0.318       0.022

 SNA_PR     ON
    ANHEDONIA         -0.072       0.104      0.230      -0.292       0.129

 PER_EXPR   ON
    ANHEDONIA         -0.206       0.052      0.000      -0.305      -0.101      *

 Means
    PA                 4.069       0.227      0.000       3.635       4.513      *
    NA                 1.778       0.123      0.000       1.537       2.024      *

 Intercepts
    PER_EXPR           2.351       0.145      0.000       2.081       2.642      *
    SPA_PR             1.209       0.226      0.000       0.860       1.747      *
    SNA_PR             0.305       0.154      0.013       0.020       0.629      *

 Variances
    PA                 1.000       0.000      0.000       1.000       1.000
    NA                 1.000       0.000      0.000       1.000       1.000

 Residual Variances
    PER_EXPR           0.957       0.021      0.000       0.907       0.990      *
    SPA_PR             0.977       0.028      0.000       0.899       1.000      *
    SNA_PR             0.993       0.024      0.000       0.915       1.000      *


STDY Standardization

                                Posterior  One-Tailed         95% C.I.
                    Estimate       S.D.      P-Value   Lower 2.5%  Upper 2.5%  Significance

Within-Level Standardized Estimates Averaged Over Clusters

 SPA_PR | PER_EXPR ON
    PA&1               0.015       0.001      0.000       0.013       0.018      *

 SNA_PR | PER_EXPR ON
    NA&1               0.005       0.002      0.005       0.001       0.008      *

 PA         ON
    PA&1               0.000       0.000      1.000       0.000       0.000

 NA         ON
    NA&1               0.000       0.000      1.000       0.000       0.000

 PER_EXPR WITH
    PA                 0.000       0.000      1.000       0.000       0.000
    NA                 0.000       0.000      1.000       0.000       0.000

 NA       WITH
    PA                -0.476       0.009      0.000      -0.492      -0.459      *

 Residual Variances
    PER_EXPR           0.921       0.010      0.000       0.901       0.939      *
    PA                 1.000       0.000      0.000       1.000       1.000
    NA                 1.000       0.000      0.000       1.000       1.000

Between Level

 SPA_PR     ON
    ANHEDONIA         -0.024       0.014      0.049      -0.050       0.003

 SNA_PR     ON
    ANHEDONIA         -0.011       0.017      0.230      -0.046       0.020

 PER_EXPR   ON
    ANHEDONIA         -0.033       0.008      0.000      -0.048      -0.016      *

 Means
    PA                 4.069       0.227      0.000       3.635       4.513      *
    NA                 1.778       0.123      0.000       1.537       2.024      *

 Intercepts
    PER_EXPR           2.351       0.145      0.000       2.081       2.642      *
    SPA_PR             1.209       0.226      0.000       0.860       1.747      *
    SNA_PR             0.305       0.154      0.013       0.020       0.629      *

 Variances
    PA                 1.000       0.000      0.000       1.000       1.000
    NA                 1.000       0.000      0.000       1.000       1.000

 Residual Variances
    PER_EXPR           0.957       0.021      0.000       0.907       0.990      *
    SPA_PR             0.977       0.028      0.000       0.899       1.000      *
    SNA_PR             0.993       0.024      0.000       0.915       1.000      *


STD Standardization

                                Posterior  One-Tailed         95% C.I.
                    Estimate       S.D.      P-Value   Lower 2.5%  Upper 2.5%  Significance

Within-Level Standardized Estimates Averaged Over Clusters

 SPA_PR | PER_EXPR ON
    PA&1               0.352       0.032      0.000       0.293       0.415      *

 SNA_PR | PER_EXPR ON
    NA&1               0.102       0.041      0.005       0.019       0.183      *

 PA         ON
    PA&1               0.000       0.000      1.000       0.000       0.000

 NA         ON
    NA&1               0.000       0.000      1.000       0.000       0.000

 PER_EXPR WITH
    PA                 0.000       0.000      1.000       0.000       0.000
    NA                 0.000       0.000      1.000       0.000       0.000

 NA       WITH
    PA               -60.255       1.524      0.000     -63.318     -57.433      *

 Residual Variances
    PER_EXPR         467.487       8.300      0.000     451.473     484.409      *
    PA               172.269       2.600      0.000     167.176     177.508      *
    NA                93.395       1.422      0.000      90.634      96.221      *

Between Level

 SPA_PR     ON
    ANHEDONIA         -0.024       0.014      0.049      -0.050       0.003

 SNA_PR     ON
    ANHEDONIA         -0.011       0.017      0.230      -0.046       0.020

 PER_EXPR   ON
    ANHEDONIA         -0.586       0.152      0.000      -0.884      -0.289      *

 Means
    PA                46.109       0.836      0.000      44.501      47.768      *
    NA                15.783       0.665      0.000      14.465      17.107      *

 Intercepts
    PER_EXPR          42.101       1.287      0.000      39.589      44.612      *
    SPA_PR             1.209       0.226      0.000       0.860       1.747      *
    SNA_PR             0.305       0.154      0.013       0.020       0.629      *

 Variances
    PA               128.599      13.950      0.000     105.261     160.009      *
    NA                78.799       8.543      0.000      64.025      97.200      *

 Residual Variances
    PER_EXPR         306.524      33.610      0.000     248.006     379.579      *
    SPA_PR             0.977       0.028      0.000       0.899       1.000      *
    SNA_PR             0.993       0.024      0.000       0.915       1.000      *


R-SQUARE

Within-Level R-Square Averaged Across Clusters

                                Posterior  One-Tailed         95% C.I.
    Variable        Estimate       S.D.      P-Value   Lower 2.5%  Upper 2.5%

    PER_EXPR           0.079       0.010      0.000       0.061       0.099
    PA                 0.000       0.000      1.000       0.000       0.000
    NA                 0.000       0.000      1.000       0.000       0.000

Between Level

                                Posterior  One-Tailed         95% C.I.
    Variable        Estimate       S.D.      P-Value   Lower 2.5%  Upper 2.5%

    PER_EXPR           0.043       0.021      0.000       0.010       0.093

                                Posterior  One-Tailed         95% C.I.
    Variable        Estimate       S.D.      P-Value   Lower 2.5%  Upper 2.5%

    SPA_PR             0.023       0.028      0.000       0.000       0.101
    SNA_PR             0.007       0.024      0.000       0.000       0.085


CREDIBILITY INTERVALS OF MODEL RESULTS

                  Lower .5%  Lower 2.5%    Lower 5%    Estimate    Upper 5%  Upper 2.5%   Upper .5%

Within Level

 PA       ON
    PA&1             0.000       0.000       0.000       0.000       0.000       0.000       0.000

 NA       ON
    NA&1             0.000       0.000       0.000       0.000       0.000       0.000       0.000

 PER_EXPR WITH
    PA               0.000       0.000       0.000       0.000       0.000       0.000       0.000
    NA               0.000       0.000       0.000       0.000       0.000       0.000       0.000

 NA       WITH
    PA             -64.333     -63.273     -62.809     -60.248     -57.865     -57.451     -56.595

 Residual Variances
    PER_EXPR       447.966     451.738     454.205     467.584     481.259     484.449     488.536
    PA             165.814     167.226     167.985     172.259     176.504     177.509     179.241
    NA              89.686      90.675      91.059      93.398      95.738      96.197      96.937

Between Level

 SPA_PR   ON
    ANHEDONIA       -0.017      -0.014      -0.013      -0.007       0.000       0.001       0.003

 SNA_PR   ON
    ANHEDONIA       -0.019      -0.015      -0.013      -0.004       0.005       0.007       0.010

 PER_EXPR ON
    ANHEDONIA       -0.957      -0.884      -0.844      -0.586      -0.336      -0.289      -0.194

 Means
    PA              43.990      44.501      44.743      46.109      47.525      47.768      48.219
    NA              14.157      14.465      14.665      15.783      16.843      17.107      17.500

 Intercepts
    PER_EXPR        38.688      39.589      40.006      42.101      44.236      44.612      45.484
    SPA_PR           0.260       0.281       0.291       0.352       0.413       0.426       0.446
    SNA_PR          -0.026       0.007       0.020       0.102       0.184       0.200       0.234

 Variances
    PA              99.235     105.261     108.573     128.599     153.856     160.009     171.247
    NA              60.157      64.025      66.434      78.799      94.021      97.200     105.289

 Residual Variances
    PER_EXPR       234.053     248.006     256.572     306.524     367.554     379.579     402.351
    SPA_PR           0.036       0.045       0.050       0.082       0.125       0.134       0.155
    SNA_PR           0.033       0.042       0.049       0.112       0.210       0.231       0.263


CREDIBILITY INTERVALS OF STANDARDIZED MODEL RESULTS


STDYX Standardization

                  Lower .5%  Lower 2.5%    Lower 5%    Estimate    Upper 5%  Upper 2.5%   Upper .5%

Within Level

 PA       ON
    PA&1             0.000       0.000       0.000       0.000       0.000       0.000       0.000

 NA       ON
    NA&1             0.000       0.000       0.000       0.000       0.000       0.000       0.000

 PER_EXPR WITH
    PA               0.000       0.000       0.000       0.000       0.000       0.000       0.000
    NA               0.000       0.000       0.000       0.000       0.000       0.000       0.000

 NA       WITH
    PA               0.000      -0.492       0.000      -0.476       0.000      -0.459       0.000

 Residual Variances
    PER_EXPR         0.000       0.901       0.000       0.921       0.000       0.939       0.000
    PA               0.000       1.000       0.000       1.000       0.000       1.000       0.000
    NA               0.000       1.000       0.000       1.000       0.000       1.000       0.000

Between Level

 SPA_PR   ON
    ANHEDONIA       -0.363      -0.318      -0.293      -0.151      -0.001       0.022       0.078

 SNA_PR   ON
    ANHEDONIA       -0.380      -0.292      -0.249      -0.072       0.093       0.129       0.173

 PER_EXPR ON
    ANHEDONIA       -0.325      -0.305      -0.290      -0.206      -0.118      -0.101      -0.067

 Means
    PA               3.509       3.635       3.700       4.069       4.437       4.513       4.669
    NA               1.477       1.537       1.580       1.778       1.984       2.024       2.104

 Intercepts
    PER_EXPR         1.965       2.081       2.122       2.351       2.590       2.642       2.721
    SPA_PR           0.774       0.860       0.907       1.209       1.661       1.747       1.909
    SNA_PR          -0.076       0.020       0.056       0.305       0.565       0.629       0.760

 Variances
    PA               1.000       1.000       1.000       1.000       1.000       1.000       1.000
    NA               1.000       1.000       1.000       1.000       1.000       1.000       1.000

 Residual Variances
    PER_EXPR         0.894       0.907       0.916       0.957       0.986       0.990       0.996
    SPA_PR           0.868       0.899       0.914       0.977       0.999       1.000       1.000
    SNA_PR           0.856       0.915       0.938       0.993       1.000       1.000       1.000


STDY Standardization

                  Lower .5%  Lower 2.5%    Lower 5%    Estimate    Upper 5%  Upper 2.5%   Upper .5%

Within Level

 PA       ON
    PA&1             0.000       0.000       0.000       0.000       0.000       0.000       0.000

 NA       ON
    NA&1             0.000       0.000       0.000       0.000       0.000       0.000       0.000

 PER_EXPR WITH
    PA               0.000       0.000       0.000       0.000       0.000       0.000       0.000
    NA               0.000       0.000       0.000       0.000       0.000       0.000       0.000

 NA       WITH
    PA               0.000      -0.492       0.000      -0.476       0.000      -0.459       0.000

 Residual Variances
    PER_EXPR         0.000       0.901       0.000       0.921       0.000       0.939       0.000
    PA               0.000       1.000       0.000       1.000       0.000       1.000       0.000
    NA               0.000       1.000       0.000       1.000       0.000       1.000       0.000

Between Level

 SPA_PR   ON
    ANHEDONIA       -0.058      -0.050      -0.046      -0.024       0.000       0.003       0.012

 SNA_PR   ON
    ANHEDONIA       -0.060      -0.046      -0.040      -0.011       0.015       0.020       0.027

 PER_EXPR ON
    ANHEDONIA       -0.052      -0.048      -0.046      -0.033      -0.019      -0.016      -0.011

 Means
    PA               3.509       3.635       3.700       4.069       4.437       4.513       4.669
    NA               1.477       1.537       1.580       1.778       1.984       2.024       2.104

 Intercepts
    PER_EXPR         1.965       2.081       2.122       2.351       2.590       2.642       2.721
    SPA_PR           0.774       0.860       0.907       1.209       1.661       1.747       1.909
    SNA_PR          -0.076       0.020       0.056       0.305       0.565       0.629       0.760

 Variances
    PA               1.000       1.000       1.000       1.000       1.000       1.000       1.000
    NA               1.000       1.000       1.000       1.000       1.000       1.000       1.000

 Residual Variances
    PER_EXPR         0.894       0.907       0.916       0.957       0.986       0.990       0.996
    SPA_PR           0.868       0.899       0.914       0.977       0.999       1.000       1.000
    SNA_PR           0.856       0.915       0.938       0.993       1.000       1.000       1.000


STD Standardization

                  Lower .5%  Lower 2.5%    Lower 5%    Estimate    Upper 5%  Upper 2.5%   Upper .5%

Within Level

 PA       ON
    PA&1             0.000       0.000       0.000       0.000       0.000       0.000       0.000

 NA       ON
    NA&1             0.000       0.000       0.000       0.000       0.000       0.000       0.000

 PER_EXPR WITH
    PA               0.000       0.000       0.000       0.000       0.000       0.000       0.000
    NA               0.000       0.000       0.000       0.000       0.000       0.000       0.000

 NA       WITH
    PA               0.000     -63.318       0.000     -60.255       0.000     -57.433       0.000

 Residual Variances
    PER_EXPR         0.000     451.473       0.000     467.487       0.000     484.409       0.000
    PA               0.000     167.176       0.000     172.269       0.000     177.508       0.000
    NA               0.000      90.634       0.000      93.395       0.000      96.221       0.000

Between Level

 SPA_PR   ON
    ANHEDONIA       -0.058      -0.050      -0.046      -0.024       0.000       0.003       0.012

 SNA_PR   ON
    ANHEDONIA       -0.060      -0.046      -0.040      -0.011       0.015       0.020       0.027

 PER_EXPR ON
    ANHEDONIA       -0.957      -0.884      -0.844      -0.586      -0.336      -0.289      -0.194

 Means
    PA              43.990      44.501      44.743      46.109      47.525      47.768      48.219
    NA              14.157      14.465      14.665      15.783      16.843      17.107      17.500

 Intercepts
    PER_EXPR        38.688      39.589      40.006      42.101      44.236      44.612      45.484
    SPA_PR           0.774       0.860       0.907       1.209       1.661       1.747       1.909
    SNA_PR          -0.076       0.020       0.056       0.305       0.565       0.629       0.760

 Variances
    PA              99.235     105.261     108.573     128.599     153.856     160.009     171.247
    NA              60.157      64.025      66.434      78.799      94.021      97.200     105.289

 Residual Variances
    PER_EXPR       234.053     248.006     256.572     306.524     367.554     379.579     402.351
    SPA_PR           0.868       0.899       0.914       0.977       0.999       1.000       1.000
    SNA_PR           0.856       0.915       0.938       0.993       1.000       1.000       1.000


TECHNICAL 1 OUTPUT


     PARAMETER SPECIFICATION FOR WITHIN


           NU
              PER_EXPR      PA            NA            PA&1          NA&1
              ________      ________      ________      ________      ________
                    0             0             0             0             0


           LAMBDA
              PER_EXPR      PA            NA            PA&1          NA&1
              ________      ________      ________      ________      ________
 PER_EXPR           0             0             0             0             0
 PA                 0             0             0             0             0
 NA                 0             0             0             0             0
 PA&1               0             0             0             0             0
 NA&1               0             0             0             0             0


           THETA
              PER_EXPR      PA            NA            PA&1          NA&1
              ________      ________      ________      ________      ________
 PER_EXPR           0
 PA                 0             0
 NA                 0             0             0
 PA&1               0             0             0             0
 NA&1               0             0             0             0             0


           ALPHA
              PER_EXPR      PA            NA            PA&1          NA&1
              ________      ________      ________      ________      ________
                    0             0             0             0             0


           BETA
              PER_EXPR      PA            NA            PA&1          NA&1
              ________      ________      ________      ________      ________
 PER_EXPR           0             0             0             0             0
 PA                 0             0             0             0             0
 NA                 0             0             0             0             0
 PA&1               0             0             0             0             0
 NA&1               0             0             0             0             0


           PSI
              PER_EXPR      PA            NA            PA&1          NA&1
              ________      ________      ________      ________      ________
 PER_EXPR           1
 PA                 0             2
 NA                 0             3             4
 PA&1               0             0             0             0
 NA&1               0             0             0             0             0


     PARAMETER SPECIFICATION FOR BETWEEN


           NU
              PER_EXPR      PA            NA            ANHEDONI
              ________      ________      ________      ________
                    0             0             0             0


           LAMBDA
              SPA_PR        SNA_PR        PER_EXPR      PA            NA
              ________      ________      ________      ________      ________
 PER_EXPR           0             0             0             0             0
 PA                 0             0             0             0             0
 NA                 0             0             0             0             0
 ANHEDONI           0             0             0             0             0


           LAMBDA
              ANHEDONI
              ________
 PER_EXPR           0
 PA                 0
 NA                 0
 ANHEDONI           0


           THETA
              PER_EXPR      PA            NA            ANHEDONI
              ________      ________      ________      ________
 PER_EXPR           0
 PA                 0             0
 NA                 0             0             0
 ANHEDONI           0             0             0             0


           ALPHA
              SPA_PR        SNA_PR        PER_EXPR      PA            NA
              ________      ________      ________      ________      ________
                    5             6             7             8             9


           ALPHA
              ANHEDONI
              ________
                    0


           BETA
              SPA_PR        SNA_PR        PER_EXPR      PA            NA
              ________      ________      ________      ________      ________
 SPA_PR             0             0             0             0             0
 SNA_PR             0             0             0             0             0
 PER_EXPR           0             0             0             0             0
 PA                 0             0             0             0             0
 NA                 0             0             0             0             0
 ANHEDONI           0             0             0             0             0


           BETA
              ANHEDONI
              ________
 SPA_PR            10
 SNA_PR            11
 PER_EXPR          12
 PA                 0
 NA                 0
 ANHEDONI           0


           PSI
              SPA_PR        SNA_PR        PER_EXPR      PA            NA
              ________      ________      ________      ________      ________
 SPA_PR            13
 SNA_PR             0            14
 PER_EXPR           0             0            15
 PA                 0             0             0            16
 NA                 0             0             0             0            17
 ANHEDONI           0             0             0             0             0


           PSI
              ANHEDONI
              ________
 ANHEDONI           0


     STARTING VALUES FOR WITHIN


           NU
              PER_EXPR      PA            NA            PA&1          NA&1
              ________      ________      ________      ________      ________
                0.000         0.000         0.000         0.000         0.000


           LAMBDA
              PER_EXPR      PA            NA            PA&1          NA&1
              ________      ________      ________      ________      ________
 PER_EXPR       1.000         0.000         0.000         0.000         0.000
 PA             0.000         1.000         0.000         0.000         0.000
 NA             0.000         0.000         1.000         0.000         0.000
 PA&1           0.000         0.000         0.000         1.000         0.000
 NA&1           0.000         0.000         0.000         0.000         1.000


           THETA
              PER_EXPR      PA            NA            PA&1          NA&1
              ________      ________      ________      ________      ________
 PER_EXPR       0.000
 PA             0.000         0.000
 NA             0.000         0.000         0.000
 PA&1           0.000         0.000         0.000         0.000
 NA&1           0.000         0.000         0.000         0.000         0.000


           ALPHA
              PER_EXPR      PA            NA            PA&1          NA&1
              ________      ________      ________      ________      ________
                0.000         0.000         0.000         0.000         0.000


           BETA
              PER_EXPR      PA            NA            PA&1          NA&1
              ________      ________      ________      ________      ________
 PER_EXPR       0.000         0.000         0.000         0.000         0.000
 PA             0.000         0.000         0.000         0.000         0.000
 NA             0.000         0.000         0.000         0.000         0.000
 PA&1           0.000         0.000         0.000         0.000         0.000
 NA&1           0.000         0.000         0.000         0.000         0.000


           PSI
              PER_EXPR      PA            NA            PA&1          NA&1
              ________      ________      ________      ________      ________
 PER_EXPR     423.494
 PA             0.000       151.157
 NA             0.000         0.000        83.364
 PA&1           0.000         0.000         0.000       151.150
 NA&1           0.000         0.000         0.000         0.000        83.335


     STARTING VALUES FOR BETWEEN


           NU
              PER_EXPR      PA            NA            ANHEDONI
              ________      ________      ________      ________
                0.000         0.000         0.000         0.000


           LAMBDA
              SPA_PR        SNA_PR        PER_EXPR      PA            NA
              ________      ________      ________      ________      ________
 PER_EXPR       0.000         0.000         1.000         0.000         0.000
 PA             0.000         0.000         0.000         1.000         0.000
 NA             0.000         0.000         0.000         0.000         1.000
 ANHEDONI       0.000         0.000         0.000         0.000         0.000


           LAMBDA
              ANHEDONI
              ________
 PER_EXPR       0.000
 PA             0.000
 NA             0.000
 ANHEDONI       1.000


           THETA
              PER_EXPR      PA            NA            ANHEDONI
              ________      ________      ________      ________
 PER_EXPR       0.000
 PA             0.000         0.000
 NA             0.000         0.000         0.000
 ANHEDONI       0.000         0.000         0.000         0.000


           ALPHA
              SPA_PR        SNA_PR        PER_EXPR      PA            NA
              ________      ________      ________      ________      ________
                0.000         0.000        42.600        45.695        15.181


           ALPHA
              ANHEDONI
              ________
                0.000


           BETA
              SPA_PR        SNA_PR        PER_EXPR      PA            NA
              ________      ________      ________      ________      ________
 SPA_PR         0.000         0.000         0.000         0.000         0.000
 SNA_PR         0.000         0.000         0.000         0.000         0.000
 PER_EXPR       0.000         0.000         0.000         0.000         0.000
 PA             0.000         0.000         0.000         0.000         0.000
 NA             0.000         0.000         0.000         0.000         0.000
 ANHEDONI       0.000         0.000         0.000         0.000         0.000


           BETA
              ANHEDONI
              ________
 SPA_PR         0.000
 SNA_PR         0.000
 PER_EXPR       0.000
 PA             0.000
 NA             0.000
 ANHEDONI       0.000


           PSI
              SPA_PR        SNA_PR        PER_EXPR      PA            NA
              ________      ________      ________      ________      ________
 SPA_PR         1.000
 SNA_PR         0.000         1.000
 PER_EXPR       0.000         0.000       423.494
 PA             0.000         0.000         0.000       151.157
 NA             0.000         0.000         0.000         0.000        83.364
 ANHEDONI       0.000         0.000         0.000         0.000         0.000


           PSI
              ANHEDONI
              ________
 ANHEDONI      39.729



     PRIORS FOR ALL PARAMETERS            PRIOR MEAN      PRIOR VARIANCE     PRIOR STD. DEV.

     Parameter 1~IG(-1.000,0.000)          infinity            infinity            infinity
     Parameter 2~IW(0.000,-3)              infinity            infinity            infinity
     Parameter 3~IW(0.000,-3)              infinity            infinity            infinity
     Parameter 4~IW(0.000,-3)              infinity            infinity            infinity
     Parameter 5~N(0.000,infinity)           0.0000            infinity            infinity
     Parameter 6~N(0.000,infinity)           0.0000            infinity            infinity
     Parameter 7~N(0.000,infinity)           0.0000            infinity            infinity
     Parameter 8~N(0.000,infinity)           0.0000            infinity            infinity
     Parameter 9~N(0.000,infinity)           0.0000            infinity            infinity
     Parameter 10~N(0.000,infinity)          0.0000            infinity            infinity
     Parameter 11~N(0.000,infinity)          0.0000            infinity            infinity
     Parameter 12~N(0.000,infinity)          0.0000            infinity            infinity
     Parameter 13~IG(-1.000,0.000)         infinity            infinity            infinity
     Parameter 14~IG(-1.000,0.000)         infinity            infinity            infinity
     Parameter 15~IG(-1.000,0.000)         infinity            infinity            infinity
     Parameter 16~IG(-1.000,0.000)         infinity            infinity            infinity
     Parameter 17~IG(-1.000,0.000)         infinity            infinity            infinity


TECHNICAL 8 OUTPUT


   TECHNICAL 8 OUTPUT FOR BAYES ESTIMATION

     PROCESSOR    BSEED
     1            0
     2            285380
     3            253358
     4            93468
     5            608496
     6            903420
     7            195873
     8            462953
     9            939021
     10           127215
     11           415931
     12           533738
     13           107446
     14           399671
     15           650371
     16           27071

                     POTENTIAL       PARAMETER WITH
     ITERATION    SCALE REDUCTION      HIGHEST PSR
     100              1.998               13
     200              1.104               13
     300              1.600               14
     400              1.342               14
     500              1.157               14
     600              1.075               14
     700              1.069               14
     800              1.032               14
     900              1.005               11
     1000             1.006               11
     1100             1.014               13
     1200             1.010               13
     1300             1.011               6
     1400             1.013               6
     1500             1.018               6
     1600             1.013               6
     1700             1.011               14
     1800             1.011               14
     1900             1.013               14
     2000             1.012               14
     2100             1.007               6


PLOT INFORMATION

The following plots are available:

  Histograms (sample values)
  Scatterplots (sample values)
  Between-level histograms (sample values, sample means/variances)
  Between-level scatterplots (sample values, sample means/variances)
  Time series plots (sample values, ACF, PACF)
  Histogram of subjects per time point
  Time interval plots
  Bayesian posterior parameter distributions
  Bayesian posterior parameter trace plots
  Bayesian autocorrelation plots

     Beginning Time:  18:12:41
        Ending Time:  18:14:08
       Elapsed Time:  00:01:27



MUTHEN & MUTHEN
3463 Stoner Ave.
Los Angeles, CA  90066

Tel: (310) 391-9971
Fax: (310) 391-8971
Web: www.StatModel.com
Support: Support@StatModel.com

Copyright (c) 1998-2022 Muthen & Muthen
