Mplus VERSION 8.8
MUTHEN & MUTHEN
08/25/2023   9:51 PM

INPUT INSTRUCTIONS


  DATA:
  FILE IS data14.dat;

  VARIABLE:   NAMES =
  	    Eth_ID Time Time_between Time_inc
  	    PA_enth NA_irri NA_verv PA_tevr PA_ener
       	    PA_kalm NA_nerv PA_daadk NA_verdr
  	    PA_vrol NA_boos PA_dankb NA_somb PER_att
      	    PER_refl PER_self PER_expr PER_damp
  	    PER_codamp PER_capit Sample age_yr gesl BDI
      	    Measures_valid BDI_anh Anhedonia
   	    BDI_sum PA NA day compliance;

              USEVARIABLES are PER_expr PA NA Anhedonia;
              MISSING is .;
              within = ;
              between = Anhedonia;
              cluster = Eth_ID;
              lagged= PA NA(1);
              tinterval=Time_inc (150);

  DEFINE:     CENTER Anhedonia (grandmean);

  ANALYSIS:   type = twolevel random;
              estimator = Bayes;
              biterations=(2000);
              bconvergence=0.005;
              thin=2;
              PROCESSORS=16;
  MODEL:
  %WITHIN%
  sPA_PR | PER_expr on PA&1;
  sNA_PR | PER_expr on NA&1;
  PA on PA&1@0;
  NA on NA&1@0;
  PER_expr with PA@0;
  PER_expr with NA@0;

  %between%
  sPA_PR sNA_PR on Anhedonia;
  PER_expr on Anhedonia;


  OUTPUT: standardized tech1 tech8 cinterval patterns;
  PLOT: TYPE = PLOT3;



*** WARNING in VARIABLE command
  Note that only the first 8 characters of variable names are used in the output.
  Shorten variable names to avoid any confusion.
*** WARNING in MODEL command
  A y-variable has been declared on the within level but not referred to on
  the between level.  Please check that this is what is intended.  If this is not intended,
  specify the variable as a within variable.  Problem with:  PA
*** WARNING in MODEL command
  A y-variable has been declared on the within level but not referred to on
  the between level.  Please check that this is what is intended.  If this is not intended,
  specify the variable as a within variable.  Problem with:  NA
*** WARNING in PLOT command
  Note that only the first 8 characters of variable names are used in plots.
  If variable names are not unique within the first 8 characters, problems
  may occur.
*** WARNING
  Data set contains cases with missing on all variables.  Cases that appeared before the first
  case with observed data and that appeared after the last case with observed data were not
  included in the analysis.  Number of deleted cases:  679
   5 WARNING(S) FOUND IN THE INPUT INSTRUCTIONS




SUMMARY OF ANALYSIS

Number of groups                                                 1
Number of observations                                       20160

Number of dependent variables                                    3
Number of independent variables                                  3
Number of continuous latent variables                            2

Observed dependent variables

  Continuous
   PER_EXPR    PA          NA

Observed independent variables
   ANHEDONI    PA&1        NA&1

Continuous latent variables
   SPA_PR      SNA_PR

Variables with special functions

  Cluster variable      ETH_ID

  Within variables
   PA&1        NA&1

  Between variables
   ANHEDONI

  Centering (GRANDMEAN)
   ANHEDONI


Estimator                                                    BAYES
Specifications for Bayesian Estimation
  Point estimate                                            MEDIAN
  Number of Markov chain Monte Carlo (MCMC) chains               2
  Random seed for the first chain                                0
  Starting value information                           UNPERTURBED
  Algorithm used for Markov chain Monte Carlo           GIBBS(PX1)
  Convergence criterion                                  0.500D-02
  Maximum number of iterations                               50000
  K-th iteration used for thinning                               2

Input data file(s)
  data14.dat
Input data format  FREE


SUMMARY OF DATA

     Number of clusters                        159

       Size (s)    Cluster ID with Size s

         56        28
         80        82
         84        87
         88        72
         97        34
        101        10
        105        52
        108        119
        111        36
        113        182
        115        89 131
        116        15 188 75 77
        117        11
        118        16 66 49 57 195
        119        197 71 48 149 50 92 38 186 163 106
        120        55 168 7 108 148 192 61 98 165
        122        174
        123        127
        124        161 117 103 51
        125        53 54 13 40 44 88 30 68 100 93 105 112 123 73
        126        107 172 173 102 65 109 111 80 76 120
        127        70 177 133 62 139 118 110 25 115 67 46 104 178 126 193
                   32 86 198 147
        128        43 153 59 156 96 180 18 5
        129        141 144 125 3 185 146 135 190 187 39 137 116 69
        130        138 166 97 14
        133        191
        134        2
        135        194 63 60 183 201 200
        136        26 56
        137        95 4 9 22 19 42
        138        132 29 94
        139        45 74 35 37 84 21 79 145 114
        142        27
        143        179
        144        170 24 171
        145        1 124 162 20
        146        151 6 167
        147        142 31
        148        159 176



SUMMARY OF MISSING DATA PATTERNS

     Number of missing data patterns            13


     MISSING DATA PATTERNS (x = not missing)

           1  2  3  4  5  6  7  8  9 10 11 12 13
 PER_EXPR  x  x              x     x     x     x
 PA        x  x        x  x     x  x     x  x
 NA        x  x        x  x        x  x  x
 PA&1      x     x        x  x     x        x
 NA&1      x     x        x  x           x  x
 ANHEDONI  x  x  x  x  x  x  x  x  x  x  x  x  x


     MISSING DATA PATTERN FREQUENCIES

    Pattern   Frequency     Pattern   Frequency     Pattern   Frequency
          1        4886           6          52          11           1
          2        3223           7           3          12           1
          3        3121           8           4          13           1
          4        8808           9           5
          5          54          10           1


COVARIANCE COVERAGE OF DATA

Minimum covariance coverage value   0.100


     PROPORTION OF DATA PRESENT


           Covariance Coverage
              PER_EXPR      PA            NA            ANHEDONI
              ________      ________      ________      ________
 PER_EXPR       0.403
 PA             0.403         0.408
 NA             0.403         0.408         0.408
 ANHEDONI       0.403         0.408         0.408         1.000



UNIVARIATE SAMPLE STATISTICS


     UNIVARIATE HIGHER-ORDER MOMENT DESCRIPTIVE STATISTICS

         Variable/         Mean/     Skewness/   Minimum/ % with                Percentiles
        Sample Size      Variance    Kurtosis    Maximum  Min/Max      20%/60%    40%/80%    Median

     PER_EXPR             42.897       0.009       0.000    6.37%       8.000     35.000     47.000
            8119.000     852.491      -1.197     100.000    2.32%      55.000     70.000
     PA                   45.572      -0.010       0.000    0.29%      30.857     41.571     46.143
            8226.000     302.012      -0.210     100.000    0.07%      50.286     60.286
     NA                   15.022       1.363       0.000    7.88%       5.000      9.400     11.800
            8222.000     159.132       1.947      79.000    0.01%      14.800     23.000
     ANHEDONIA             0.000       0.630     -18.380    0.63%      -7.330     -2.924     -0.934
             159.000      79.008       0.606      29.966    0.63%       1.234      6.118


THE MODEL ESTIMATION TERMINATED NORMALLY

     USE THE FBITERATIONS OPTION TO INCREASE THE NUMBER OF ITERATIONS BY A FACTOR
     OF AT LEAST TWO TO CHECK CONVERGENCE AND THAT THE PSR VALUE DOES NOT INCREASE.



MODEL FIT INFORMATION

Number of Free Parameters                              17

Information Criteria

          Deviance (DIC)                       522128.502
          Estimated Number of Parameters (pD)   36352.112



MODEL RESULTS

                                Posterior  One-Tailed         95% C.I.
                    Estimate       S.D.      P-Value   Lower 2.5%  Upper 2.5%  Significance

Within Level

 PA         ON
    PA&1               0.000       0.000      1.000       0.000       0.000

 NA         ON
    NA&1               0.000       0.000      1.000       0.000       0.000

 PER_EXPR WITH
    PA                 0.000       0.000      1.000       0.000       0.000
    NA                 0.000       0.000      1.000       0.000       0.000

 NA       WITH
    PA               -56.863       1.558      0.000     -59.872     -53.749      *

 Residual Variances
    PER_EXPR         469.996       8.405      0.000     453.968     487.433      *
    PA               169.907       2.704      0.000     164.778     175.310      *
    NA                92.365       1.440      0.000      89.570      95.304      *

Between Level

 SPA_PR     ON
    ANHEDONIA         -0.006       0.004      0.063      -0.014       0.002

 SNA_PR     ON
    ANHEDONIA         -0.004       0.005      0.235      -0.014       0.006

 PER_EXPR   ON
    ANHEDONIA         -0.657       0.163      0.000      -0.974      -0.341      *

 Means
    PA                45.680       0.944      0.000      43.918      47.588      *
    NA                15.173       0.673      0.000      13.925      16.519      *

 Intercepts
    PER_EXPR          42.907       1.423      0.000      40.243      45.754      *
    SPA_PR             0.335       0.038      0.000       0.258       0.408      *
    SNA_PR             0.075       0.050      0.067      -0.020       0.172

 Variances
    PA               136.501      16.048      0.000     110.540     172.925      *
    NA                72.002       8.706      0.000      57.713      91.868      *

 Residual Variances
    PER_EXPR         310.713      37.264      0.000     247.976     393.384      *
    SPA_PR             0.090       0.025      0.000       0.053       0.150      *
    SNA_PR             0.090       0.046      0.000       0.025       0.197      *


STANDARDIZED MODEL RESULTS


STDYX Standardization

                                Posterior  One-Tailed         95% C.I.
                    Estimate       S.D.      P-Value   Lower 2.5%  Upper 2.5%  Significance

Within-Level Standardized Estimates Averaged Over Clusters

 SPA_PR | PER_EXPR ON
    PA&1               0.190       0.017      0.000       0.156       0.220      *

 SNA_PR | PER_EXPR ON
    NA&1               0.033       0.018      0.030      -0.001       0.068

 PA         ON
    PA&1               0.000       0.000      1.000       0.000       0.000

 NA         ON
    NA&1               0.000       0.000      1.000       0.000       0.000

 PER_EXPR WITH
    PA                 0.000       0.000      1.000       0.000       0.000
    NA                 0.000       0.000      1.000       0.000       0.000

 NA       WITH
    PA                -0.454       0.009      0.000      -0.471      -0.435      *

 Residual Variances
    PER_EXPR           0.926       0.009      0.000       0.909       0.943      *
    PA                 1.000       0.000      0.000       1.000       1.000
    NA                 1.000       0.000      0.000       1.000       1.000

Between Level

 SPA_PR     ON
    ANHEDONIA         -0.126       0.083      0.063      -0.291       0.036

 SNA_PR     ON
    ANHEDONIA         -0.081       0.113      0.235      -0.309       0.132

 PER_EXPR   ON
    ANHEDONIA         -0.231       0.056      0.000      -0.335      -0.121      *

 Means
    PA                 3.907       0.238      0.000       3.439       4.360      *
    NA                 1.790       0.131      0.000       1.537       2.052      *

 Intercepts
    PER_EXPR           2.371       0.157      0.000       2.069       2.687      *
    SPA_PR             1.100       0.203      0.000       0.749       1.538      *
    SNA_PR             0.250       0.184      0.067      -0.066       0.653

 Variances
    PA                 1.000       0.000      0.000       1.000       1.000
    NA                 1.000       0.000      0.000       1.000       1.000

 Residual Variances
    PER_EXPR           0.947       0.025      0.000       0.888       0.985      *
    SPA_PR             0.984       0.023      0.000       0.915       1.000      *
    SNA_PR             0.991       0.027      0.000       0.905       1.000      *


STDY Standardization

                                Posterior  One-Tailed         95% C.I.
                    Estimate       S.D.      P-Value   Lower 2.5%  Upper 2.5%  Significance

Within-Level Standardized Estimates Averaged Over Clusters

 SPA_PR | PER_EXPR ON
    PA&1               0.015       0.001      0.000       0.012       0.017      *

 SNA_PR | PER_EXPR ON
    NA&1               0.003       0.002      0.030       0.000       0.007

 PA         ON
    PA&1               0.000       0.000      1.000       0.000       0.000

 NA         ON
    NA&1               0.000       0.000      1.000       0.000       0.000

 PER_EXPR WITH
    PA                 0.000       0.000      1.000       0.000       0.000
    NA                 0.000       0.000      1.000       0.000       0.000

 NA       WITH
    PA                -0.454       0.009      0.000      -0.471      -0.435      *

 Residual Variances
    PER_EXPR           0.926       0.009      0.000       0.909       0.943      *
    PA                 1.000       0.000      0.000       1.000       1.000
    NA                 1.000       0.000      0.000       1.000       1.000

Between Level

 SPA_PR     ON
    ANHEDONIA         -0.020       0.013      0.063      -0.046       0.006

 SNA_PR     ON
    ANHEDONIA         -0.013       0.018      0.235      -0.049       0.021

 PER_EXPR   ON
    ANHEDONIA         -0.036       0.009      0.000      -0.053      -0.019      *

 Means
    PA                 3.907       0.238      0.000       3.439       4.360      *
    NA                 1.790       0.131      0.000       1.537       2.052      *

 Intercepts
    PER_EXPR           2.371       0.157      0.000       2.069       2.687      *
    SPA_PR             1.100       0.203      0.000       0.749       1.538      *
    SNA_PR             0.250       0.184      0.067      -0.066       0.653

 Variances
    PA                 1.000       0.000      0.000       1.000       1.000
    NA                 1.000       0.000      0.000       1.000       1.000

 Residual Variances
    PER_EXPR           0.947       0.025      0.000       0.888       0.985      *
    SPA_PR             0.984       0.023      0.000       0.915       1.000      *
    SNA_PR             0.991       0.027      0.000       0.905       1.000      *


STD Standardization

                                Posterior  One-Tailed         95% C.I.
                    Estimate       S.D.      P-Value   Lower 2.5%  Upper 2.5%  Significance

Within-Level Standardized Estimates Averaged Over Clusters

 SPA_PR | PER_EXPR ON
    PA&1               0.336       0.030      0.000       0.278       0.392      *

 SNA_PR | PER_EXPR ON
    NA&1               0.078       0.043      0.036      -0.006       0.160

 PA         ON
    PA&1               0.000       0.000      1.000       0.000       0.000

 NA         ON
    NA&1               0.000       0.000      1.000       0.000       0.000

 PER_EXPR WITH
    PA                 0.000       0.000      1.000       0.000       0.000
    NA                 0.000       0.000      1.000       0.000       0.000

 NA       WITH
    PA               -56.864       1.574      0.000     -59.964     -53.666      *

 Residual Variances
    PER_EXPR         470.004       8.455      0.000     453.935     487.513      *
    PA               169.897       2.726      0.000     164.699     175.322      *
    NA                92.369       1.475      0.000      89.469      95.310      *

Between Level

 SPA_PR     ON
    ANHEDONIA         -0.020       0.013      0.063      -0.046       0.006

 SNA_PR     ON
    ANHEDONIA         -0.013       0.018      0.235      -0.049       0.021

 PER_EXPR   ON
    ANHEDONIA         -0.657       0.163      0.000      -0.974      -0.341      *

 Means
    PA                45.680       0.944      0.000      43.918      47.588      *
    NA                15.173       0.673      0.000      13.925      16.519      *

 Intercepts
    PER_EXPR          42.907       1.423      0.000      40.243      45.754      *
    SPA_PR             1.100       0.203      0.000       0.749       1.538      *
    SNA_PR             0.250       0.184      0.067      -0.066       0.653

 Variances
    PA               136.501      16.048      0.000     110.540     172.925      *
    NA                72.002       8.706      0.000      57.713      91.868      *

 Residual Variances
    PER_EXPR         310.713      37.264      0.000     247.976     393.384      *
    SPA_PR             0.984       0.023      0.000       0.915       1.000      *
    SNA_PR             0.991       0.027      0.000       0.905       1.000      *


R-SQUARE

Within-Level R-Square Averaged Across Clusters

                                Posterior  One-Tailed         95% C.I.
    Variable        Estimate       S.D.      P-Value   Lower 2.5%  Upper 2.5%

    PER_EXPR           0.074       0.009      0.000       0.057       0.091
    PA                 0.000       0.000      1.000       0.000       0.000
    NA                 0.000       0.000      1.000       0.000       0.000

Between Level

                                Posterior  One-Tailed         95% C.I.
    Variable        Estimate       S.D.      P-Value   Lower 2.5%  Upper 2.5%

    PER_EXPR           0.053       0.025      0.000       0.014       0.112

                                Posterior  One-Tailed         95% C.I.
    Variable        Estimate       S.D.      P-Value   Lower 2.5%  Upper 2.5%

    SPA_PR             0.016       0.023      0.000       0.000       0.085
    SNA_PR             0.009       0.027      0.000       0.000       0.094


CREDIBILITY INTERVALS OF MODEL RESULTS

                  Lower .5%  Lower 2.5%    Lower 5%    Estimate    Upper 5%  Upper 2.5%   Upper .5%

Within Level

 PA       ON
    PA&1             0.000       0.000       0.000       0.000       0.000       0.000       0.000

 NA       ON
    NA&1             0.000       0.000       0.000       0.000       0.000       0.000       0.000

 PER_EXPR WITH
    PA               0.000       0.000       0.000       0.000       0.000       0.000       0.000
    NA               0.000       0.000       0.000       0.000       0.000       0.000       0.000

 NA       WITH
    PA             -61.016     -59.872     -59.432     -56.863     -54.257     -53.749     -52.993

 Residual Variances
    PER_EXPR       448.629     453.968     456.534     469.996     484.052     487.433     492.518
    PA             163.043     164.778     165.555     169.907     174.397     175.310     176.752
    NA              88.743      89.570      90.121      92.365      94.781      95.304      96.289

Between Level

 SPA_PR   ON
    ANHEDONIA       -0.016      -0.014      -0.013      -0.006       0.000       0.002       0.004

 SNA_PR   ON
    ANHEDONIA       -0.017      -0.014      -0.012      -0.004       0.005       0.006       0.009

 PER_EXPR ON
    ANHEDONIA       -1.063      -0.974      -0.927      -0.657      -0.392      -0.341      -0.213

 Means
    PA              43.349      43.918      44.177      45.680      47.277      47.588      48.254
    NA              13.517      13.925      14.091      15.173      16.292      16.519      16.957

 Intercepts
    PER_EXPR        39.302      40.243      40.715      42.907      45.328      45.754      46.788
    SPA_PR           0.233       0.258       0.271       0.335       0.397       0.408       0.435
    SNA_PR          -0.043      -0.020      -0.006       0.075       0.157       0.172       0.202

 Variances
    PA             101.842     110.540     114.457     136.501     166.575     172.925     185.577
    NA              54.616      57.713      59.385      72.002      87.645      91.868     101.116

 Residual Variances
    PER_EXPR       234.696     247.976     255.930     310.713     380.127     393.384     422.551
    SPA_PR           0.043       0.053       0.058       0.090       0.138       0.150       0.170
    SNA_PR           0.018       0.025       0.030       0.090       0.178       0.197       0.240


CREDIBILITY INTERVALS OF STANDARDIZED MODEL RESULTS


STDYX Standardization

                  Lower .5%  Lower 2.5%    Lower 5%    Estimate    Upper 5%  Upper 2.5%   Upper .5%

Within Level

 PA       ON
    PA&1             0.000       0.000       0.000       0.000       0.000       0.000       0.000

 NA       ON
    NA&1             0.000       0.000       0.000       0.000       0.000       0.000       0.000

 PER_EXPR WITH
    PA               0.000       0.000       0.000       0.000       0.000       0.000       0.000
    NA               0.000       0.000       0.000       0.000       0.000       0.000       0.000

 NA       WITH
    PA               0.000      -0.471       0.000      -0.454       0.000      -0.435       0.000

 Residual Variances
    PER_EXPR         0.000       0.909       0.000       0.926       0.000       0.943       0.000
    PA               0.000       1.000       0.000       1.000       0.000       1.000       0.000
    NA               0.000       1.000       0.000       1.000       0.000       1.000       0.000

Between Level

 SPA_PR   ON
    ANHEDONIA       -0.347      -0.291      -0.264      -0.126       0.009       0.036       0.087

 SNA_PR   ON
    ANHEDONIA       -0.402      -0.309      -0.268      -0.081       0.103       0.132       0.201

 PER_EXPR ON
    ANHEDONIA       -0.364      -0.335      -0.320      -0.231      -0.136      -0.121      -0.079

 Means
    PA               3.285       3.439       3.519       3.907       4.298       4.360       4.576
    NA               1.466       1.537       1.582       1.790       2.011       2.052       2.126

 Intercepts
    PER_EXPR         1.969       2.069       2.119       2.371       2.635       2.687       2.776
    SPA_PR           0.646       0.749       0.801       1.100       1.461       1.538       1.697
    SNA_PR          -0.150      -0.066      -0.025       0.250       0.577       0.653       0.839

 Variances
    PA               1.000       1.000       1.000       1.000       1.000       1.000       1.000
    NA               1.000       1.000       1.000       1.000       1.000       1.000       1.000

 Residual Variances
    PER_EXPR         0.868       0.888       0.898       0.947       0.981       0.985       0.994
    SPA_PR           0.880       0.915       0.930       0.984       1.000       1.000       1.000
    SNA_PR           0.838       0.905       0.928       0.991       1.000       1.000       1.000


STDY Standardization

                  Lower .5%  Lower 2.5%    Lower 5%    Estimate    Upper 5%  Upper 2.5%   Upper .5%

Within Level

 PA       ON
    PA&1             0.000       0.000       0.000       0.000       0.000       0.000       0.000

 NA       ON
    NA&1             0.000       0.000       0.000       0.000       0.000       0.000       0.000

 PER_EXPR WITH
    PA               0.000       0.000       0.000       0.000       0.000       0.000       0.000
    NA               0.000       0.000       0.000       0.000       0.000       0.000       0.000

 NA       WITH
    PA               0.000      -0.471       0.000      -0.454       0.000      -0.435       0.000

 Residual Variances
    PER_EXPR         0.000       0.909       0.000       0.926       0.000       0.943       0.000
    PA               0.000       1.000       0.000       1.000       0.000       1.000       0.000
    NA               0.000       1.000       0.000       1.000       0.000       1.000       0.000

Between Level

 SPA_PR   ON
    ANHEDONIA       -0.055      -0.046      -0.042      -0.020       0.001       0.006       0.014

 SNA_PR   ON
    ANHEDONIA       -0.063      -0.049      -0.042      -0.013       0.016       0.021       0.032

 PER_EXPR ON
    ANHEDONIA       -0.057      -0.053      -0.050      -0.036      -0.022      -0.019      -0.012

 Means
    PA               3.285       3.439       3.519       3.907       4.298       4.360       4.576
    NA               1.466       1.537       1.582       1.790       2.011       2.052       2.126

 Intercepts
    PER_EXPR         1.969       2.069       2.119       2.371       2.635       2.687       2.776
    SPA_PR           0.646       0.749       0.801       1.100       1.461       1.538       1.697
    SNA_PR          -0.150      -0.066      -0.025       0.250       0.577       0.653       0.839

 Variances
    PA               1.000       1.000       1.000       1.000       1.000       1.000       1.000
    NA               1.000       1.000       1.000       1.000       1.000       1.000       1.000

 Residual Variances
    PER_EXPR         0.868       0.888       0.898       0.947       0.981       0.985       0.994
    SPA_PR           0.880       0.915       0.930       0.984       1.000       1.000       1.000
    SNA_PR           0.838       0.905       0.928       0.991       1.000       1.000       1.000


STD Standardization

                  Lower .5%  Lower 2.5%    Lower 5%    Estimate    Upper 5%  Upper 2.5%   Upper .5%

Within Level

 PA       ON
    PA&1             0.000       0.000       0.000       0.000       0.000       0.000       0.000

 NA       ON
    NA&1             0.000       0.000       0.000       0.000       0.000       0.000       0.000

 PER_EXPR WITH
    PA               0.000       0.000       0.000       0.000       0.000       0.000       0.000
    NA               0.000       0.000       0.000       0.000       0.000       0.000       0.000

 NA       WITH
    PA               0.000     -59.964       0.000     -56.864       0.000     -53.666       0.000

 Residual Variances
    PER_EXPR         0.000     453.935       0.000     470.004       0.000     487.513       0.000
    PA               0.000     164.699       0.000     169.897       0.000     175.322       0.000
    NA               0.000      89.469       0.000      92.369       0.000      95.310       0.000

Between Level

 SPA_PR   ON
    ANHEDONIA       -0.055      -0.046      -0.042      -0.020       0.001       0.006       0.014

 SNA_PR   ON
    ANHEDONIA       -0.063      -0.049      -0.042      -0.013       0.016       0.021       0.032

 PER_EXPR ON
    ANHEDONIA       -1.063      -0.974      -0.927      -0.657      -0.392      -0.341      -0.213

 Means
    PA              43.349      43.918      44.177      45.680      47.277      47.588      48.254
    NA              13.517      13.925      14.091      15.173      16.292      16.519      16.957

 Intercepts
    PER_EXPR        39.302      40.243      40.715      42.907      45.328      45.754      46.788
    SPA_PR           0.646       0.749       0.801       1.100       1.461       1.538       1.697
    SNA_PR          -0.150      -0.066      -0.025       0.250       0.577       0.653       0.839

 Variances
    PA             101.842     110.540     114.457     136.501     166.575     172.925     185.577
    NA              54.616      57.713      59.385      72.002      87.645      91.868     101.116

 Residual Variances
    PER_EXPR       234.696     247.976     255.930     310.713     380.127     393.384     422.551
    SPA_PR           0.880       0.915       0.930       0.984       1.000       1.000       1.000
    SNA_PR           0.838       0.905       0.928       0.991       1.000       1.000       1.000


TECHNICAL 1 OUTPUT


     PARAMETER SPECIFICATION FOR WITHIN


           NU
              PER_EXPR      PA            NA            PA&1          NA&1
              ________      ________      ________      ________      ________
                    0             0             0             0             0


           LAMBDA
              PER_EXPR      PA            NA            PA&1          NA&1
              ________      ________      ________      ________      ________
 PER_EXPR           0             0             0             0             0
 PA                 0             0             0             0             0
 NA                 0             0             0             0             0
 PA&1               0             0             0             0             0
 NA&1               0             0             0             0             0


           THETA
              PER_EXPR      PA            NA            PA&1          NA&1
              ________      ________      ________      ________      ________
 PER_EXPR           0
 PA                 0             0
 NA                 0             0             0
 PA&1               0             0             0             0
 NA&1               0             0             0             0             0


           ALPHA
              PER_EXPR      PA            NA            PA&1          NA&1
              ________      ________      ________      ________      ________
                    0             0             0             0             0


           BETA
              PER_EXPR      PA            NA            PA&1          NA&1
              ________      ________      ________      ________      ________
 PER_EXPR           0             0             0             0             0
 PA                 0             0             0             0             0
 NA                 0             0             0             0             0
 PA&1               0             0             0             0             0
 NA&1               0             0             0             0             0


           PSI
              PER_EXPR      PA            NA            PA&1          NA&1
              ________      ________      ________      ________      ________
 PER_EXPR           1
 PA                 0             2
 NA                 0             3             4
 PA&1               0             0             0             0
 NA&1               0             0             0             0             0


     PARAMETER SPECIFICATION FOR BETWEEN


           NU
              PER_EXPR      PA            NA            ANHEDONI
              ________      ________      ________      ________
                    0             0             0             0


           LAMBDA
              SPA_PR        SNA_PR        PER_EXPR      PA            NA
              ________      ________      ________      ________      ________
 PER_EXPR           0             0             0             0             0
 PA                 0             0             0             0             0
 NA                 0             0             0             0             0
 ANHEDONI           0             0             0             0             0


           LAMBDA
              ANHEDONI
              ________
 PER_EXPR           0
 PA                 0
 NA                 0
 ANHEDONI           0


           THETA
              PER_EXPR      PA            NA            ANHEDONI
              ________      ________      ________      ________
 PER_EXPR           0
 PA                 0             0
 NA                 0             0             0
 ANHEDONI           0             0             0             0


           ALPHA
              SPA_PR        SNA_PR        PER_EXPR      PA            NA
              ________      ________      ________      ________      ________
                    5             6             7             8             9


           ALPHA
              ANHEDONI
              ________
                    0


           BETA
              SPA_PR        SNA_PR        PER_EXPR      PA            NA
              ________      ________      ________      ________      ________
 SPA_PR             0             0             0             0             0
 SNA_PR             0             0             0             0             0
 PER_EXPR           0             0             0             0             0
 PA                 0             0             0             0             0
 NA                 0             0             0             0             0
 ANHEDONI           0             0             0             0             0


           BETA
              ANHEDONI
              ________
 SPA_PR            10
 SNA_PR            11
 PER_EXPR          12
 PA                 0
 NA                 0
 ANHEDONI           0


           PSI
              SPA_PR        SNA_PR        PER_EXPR      PA            NA
              ________      ________      ________      ________      ________
 SPA_PR            13
 SNA_PR             0            14
 PER_EXPR           0             0            15
 PA                 0             0             0            16
 NA                 0             0             0             0            17
 ANHEDONI           0             0             0             0             0


           PSI
              ANHEDONI
              ________
 ANHEDONI           0


     STARTING VALUES FOR WITHIN


           NU
              PER_EXPR      PA            NA            PA&1          NA&1
              ________      ________      ________      ________      ________
                0.000         0.000         0.000         0.000         0.000


           LAMBDA
              PER_EXPR      PA            NA            PA&1          NA&1
              ________      ________      ________      ________      ________
 PER_EXPR       1.000         0.000         0.000         0.000         0.000
 PA             0.000         1.000         0.000         0.000         0.000
 NA             0.000         0.000         1.000         0.000         0.000
 PA&1           0.000         0.000         0.000         1.000         0.000
 NA&1           0.000         0.000         0.000         0.000         1.000


           THETA
              PER_EXPR      PA            NA            PA&1          NA&1
              ________      ________      ________      ________      ________
 PER_EXPR       0.000
 PA             0.000         0.000
 NA             0.000         0.000         0.000
 PA&1           0.000         0.000         0.000         0.000
 NA&1           0.000         0.000         0.000         0.000         0.000


           ALPHA
              PER_EXPR      PA            NA            PA&1          NA&1
              ________      ________      ________      ________      ________
                0.000         0.000         0.000         0.000         0.000


           BETA
              PER_EXPR      PA            NA            PA&1          NA&1
              ________      ________      ________      ________      ________
 PER_EXPR       0.000         0.000         0.000         0.000         0.000
 PA             0.000         0.000         0.000         0.000         0.000
 NA             0.000         0.000         0.000         0.000         0.000
 PA&1           0.000         0.000         0.000         0.000         0.000
 NA&1           0.000         0.000         0.000         0.000         0.000


           PSI
              PER_EXPR      PA            NA            PA&1          NA&1
              ________      ________      ________      ________      ________
 PER_EXPR     426.246
 PA             0.000       151.006
 NA             0.000         0.000        79.566
 PA&1           0.000         0.000         0.000       151.126
 NA&1           0.000         0.000         0.000         0.000        79.451


     STARTING VALUES FOR BETWEEN


           NU
              PER_EXPR      PA            NA            ANHEDONI
              ________      ________      ________      ________
                0.000         0.000         0.000         0.000


           LAMBDA
              SPA_PR        SNA_PR        PER_EXPR      PA            NA
              ________      ________      ________      ________      ________
 PER_EXPR       0.000         0.000         1.000         0.000         0.000
 PA             0.000         0.000         0.000         1.000         0.000
 NA             0.000         0.000         0.000         0.000         1.000
 ANHEDONI       0.000         0.000         0.000         0.000         0.000


           LAMBDA
              ANHEDONI
              ________
 PER_EXPR       0.000
 PA             0.000
 NA             0.000
 ANHEDONI       1.000


           THETA
              PER_EXPR      PA            NA            ANHEDONI
              ________      ________      ________      ________
 PER_EXPR       0.000
 PA             0.000         0.000
 NA             0.000         0.000         0.000
 ANHEDONI       0.000         0.000         0.000         0.000


           ALPHA
              SPA_PR        SNA_PR        PER_EXPR      PA            NA
              ________      ________      ________      ________      ________
                0.000         0.000        42.897        45.572        15.022


           ALPHA
              ANHEDONI
              ________
                0.000


           BETA
              SPA_PR        SNA_PR        PER_EXPR      PA            NA
              ________      ________      ________      ________      ________
 SPA_PR         0.000         0.000         0.000         0.000         0.000
 SNA_PR         0.000         0.000         0.000         0.000         0.000
 PER_EXPR       0.000         0.000         0.000         0.000         0.000
 PA             0.000         0.000         0.000         0.000         0.000
 NA             0.000         0.000         0.000         0.000         0.000
 ANHEDONI       0.000         0.000         0.000         0.000         0.000


           BETA
              ANHEDONI
              ________
 SPA_PR         0.000
 SNA_PR         0.000
 PER_EXPR       0.000
 PA             0.000
 NA             0.000
 ANHEDONI       0.000


           PSI
              SPA_PR        SNA_PR        PER_EXPR      PA            NA
              ________      ________      ________      ________      ________
 SPA_PR         1.000
 SNA_PR         0.000         1.000
 PER_EXPR       0.000         0.000       426.246
 PA             0.000         0.000         0.000       151.006
 NA             0.000         0.000         0.000         0.000        79.566
 ANHEDONI       0.000         0.000         0.000         0.000         0.000


           PSI
              ANHEDONI
              ________
 ANHEDONI      40.163



     PRIORS FOR ALL PARAMETERS            PRIOR MEAN      PRIOR VARIANCE     PRIOR STD. DEV.

     Parameter 1~IG(-1.000,0.000)          infinity            infinity            infinity
     Parameter 2~IW(0.000,-3)              infinity            infinity            infinity
     Parameter 3~IW(0.000,-3)              infinity            infinity            infinity
     Parameter 4~IW(0.000,-3)              infinity            infinity            infinity
     Parameter 5~N(0.000,infinity)           0.0000            infinity            infinity
     Parameter 6~N(0.000,infinity)           0.0000            infinity            infinity
     Parameter 7~N(0.000,infinity)           0.0000            infinity            infinity
     Parameter 8~N(0.000,infinity)           0.0000            infinity            infinity
     Parameter 9~N(0.000,infinity)           0.0000            infinity            infinity
     Parameter 10~N(0.000,infinity)          0.0000            infinity            infinity
     Parameter 11~N(0.000,infinity)          0.0000            infinity            infinity
     Parameter 12~N(0.000,infinity)          0.0000            infinity            infinity
     Parameter 13~IG(-1.000,0.000)         infinity            infinity            infinity
     Parameter 14~IG(-1.000,0.000)         infinity            infinity            infinity
     Parameter 15~IG(-1.000,0.000)         infinity            infinity            infinity
     Parameter 16~IG(-1.000,0.000)         infinity            infinity            infinity
     Parameter 17~IG(-1.000,0.000)         infinity            infinity            infinity


TECHNICAL 8 OUTPUT


   TECHNICAL 8 OUTPUT FOR BAYES ESTIMATION

     PROCESSOR    BSEED
     1            0
     2            285380
     3            253358
     4            93468
     5            608496
     6            903420
     7            195873
     8            462953
     9            939021
     10           127215
     11           415931
     12           533738
     13           107446
     14           399671
     15           650371
     16           27071

                     POTENTIAL       PARAMETER WITH
     ITERATION    SCALE REDUCTION      HIGHEST PSR
     100              1.086               5
     200              1.788               14
     300              1.138               14
     400              1.148               14
     500              1.052               14
     600              1.186               14
     700              1.101               14
     800              1.029               14
     900              1.007               2
     1000             1.003               2
     1100             1.003               6
     1200             1.001               1
     1300             1.021               14
     1400             1.030               14
     1500             1.022               14
     1600             1.021               14
     1700             1.028               14
     1800             1.027               14
     1900             1.053               14
     2000             1.048               14
     2100             1.053               14
     2200             1.069               14
     2300             1.082               14
     2400             1.063               14
     2500             1.031               14
     2600             1.023               14
     2700             1.022               14
     2800             1.013               14
     2900             1.012               14
     3000             1.006               13


PLOT INFORMATION

The following plots are available:

  Histograms (sample values)
  Scatterplots (sample values)
  Between-level histograms (sample values, sample means/variances)
  Between-level scatterplots (sample values, sample means/variances)
  Time series plots (sample values, ACF, PACF)
  Histogram of subjects per time point
  Time interval plots
  Bayesian posterior parameter distributions
  Bayesian posterior parameter trace plots
  Bayesian autocorrelation plots

     Beginning Time:  21:51:22
        Ending Time:  21:52:59
       Elapsed Time:  00:01:37



MUTHEN & MUTHEN
3463 Stoner Ave.
Los Angeles, CA  90066

Tel: (310) 391-9971
Fax: (310) 391-8971
Web: www.StatModel.com
Support: Support@StatModel.com

Copyright (c) 1998-2022 Muthen & Muthen
