Mplus VERSION 8.8
MUTHEN & MUTHEN
07/13/2023   3:59 PM

INPUT INSTRUCTIONS


  DATA:
  FILE IS data3.dat;

  VARIABLE:   NAMES =
  	    Eth_ID Time Time_between Time_inc
  	    PA_enth NA_irri NA_verv PA_tevr PA_ener
       	    PA_kalm NA_nerv PA_daadk NA_verdr
  	    PA_vrol NA_boos PA_dankb NA_somb PER_att
      	    PER_refl PER_self PER_expr PER_damp
  	    PER_codamp PER_capit Sample age_yr gesl BDI
      	    Measures_valid BDI_anh Anhedonia
   	    BDI_sum PA NA day compliance;

              USEVARIABLES are PER_expr Anhedonia;
              MISSING is .;
              within = ;
              between = Anhedonia;
              cluster = Eth_ID;

  DEFINE:     CENTER Anhedonia (grandmean);

  ANALYSIS:   type = twolevel random;
              estimator = Bayes;
              biterations=(2000);
              bconvergence=0.005;
              thin=2;
              PROCESSORS=16;
  MODEL:
  %WITHIN%

  %between%
  PER_expr on Anhedonia;


  OUTPUT: standardized tech1 tech8 cinterval patterns;
  PLOT: TYPE = PLOT3;



*** WARNING in VARIABLE command
  Note that only the first 8 characters of variable names are used in the output.
  Shorten variable names to avoid any confusion.
*** WARNING in MODEL command
  TYPE=RANDOM is used to declare random effect variables in the model.
  No random effect variables were found.  TYPE=RANDOM will be ignored.
*** WARNING in PLOT command
  Note that only the first 8 characters of variable names are used in plots.
  If variable names are not unique within the first 8 characters, problems
  may occur.
*** WARNING
  Data set contains cases with missing on all variables except
  x-variables.  These cases were not included in the analysis.
  Number of cases with missing on all variables except x-variables:  3955
   4 WARNING(S) FOUND IN THE INPUT INSTRUCTIONS




SUMMARY OF ANALYSIS

Number of groups                                                 1
Number of observations                                        8511

Number of dependent variables                                    1
Number of independent variables                                  1
Number of continuous latent variables                            0

Observed dependent variables

  Continuous
   PER_EXPR

Observed independent variables
   ANHEDONI

Variables with special functions

  Cluster variable      ETH_ID

  Between variables
   ANHEDONI

  Centering (GRANDMEAN)
   ANHEDONI


Estimator                                                    BAYES
Specifications for Bayesian Estimation
  Point estimate                                            MEDIAN
  Number of Markov chain Monte Carlo (MCMC) chains               2
  Random seed for the first chain                                0
  Starting value information                           UNPERTURBED
  Algorithm used for Markov chain Monte Carlo           GIBBS(PX1)
  Convergence criterion                                  0.500D-02
  Maximum number of iterations                               50000
  K-th iteration used for thinning                               2

Input data file(s)
  data3.dat
Input data format  FREE


SUMMARY OF DATA

     Number of clusters                        189

       Size (s)    Cluster ID with Size s

          5        152
          6        91
          7        17 23 101 150 158
          8        175 85
          9        140
         11        157 90
         12        78 121 83
         14        113
         15        184 8 134
         16        196
         17        143
         18        122 189 58
         19        154 130 41
         20        164 33 155
         21        188
         23        125
         25        82
         26        28
         28        52
         30        195
         32        131
         33        72 7
         34        127 183 117
         35        36 144 11
         36        87 42 66 16 86
         37        107 111 96 10 92 151
         38        186
         39        51
         40        88 182 15 39 173
         41        77 139
         42        197 105 120 103 34
         43        46 168 170 119
         44        156 71
         45        65 30 75 116 177
         46        187 89 147
         47        153
         48        106 201 114
         49        57 118 100
         50        112
         51        62 49 141 176 190 192 149
         52        32 191 174 194 163 69 80
         53        48 54 59 43 133 95 60
         54        137 76 193 50 180 167 21
         55        56 67 9 200 166
         56        68 138 162 102 198 55 70 109
         57        45 84 73 123 98 185
         58        24 161 31 74 25 13 178 44
         59        165 115 40 53 110
         60        172 94 148 124 126 38 104 22
         61        135 61 97
         62        3 108
         63        2 19 20 27 5
         64        63 18 171 1
         65        145 132 93 37 35
         66        146
         67        4
         68        142
         69        14 79
         70        179
         72        29
         73        26
         74        159 6



SUMMARY OF MISSING DATA PATTERNS

     Number of missing data patterns             1


     MISSING DATA PATTERNS (x = not missing)

           1
 PER_EXPR  x
 ANHEDONI  x


     MISSING DATA PATTERN FREQUENCIES

    Pattern   Frequency
          1        8511


COVARIANCE COVERAGE OF DATA

Minimum covariance coverage value   0.100


     PROPORTION OF DATA PRESENT


           Covariance Coverage
              PER_EXPR      ANHEDONI
              ________      ________
 PER_EXPR       1.000
 ANHEDONI       1.000         1.000



UNIVARIATE SAMPLE STATISTICS


     UNIVARIATE HIGHER-ORDER MOMENT DESCRIPTIVE STATISTICS

         Variable/         Mean/     Skewness/   Minimum/ % with                Percentiles
        Sample Size      Variance    Kurtosis    Maximum  Min/Max      20%/60%    40%/80%    Median

     PER_EXPR             42.600       0.022       0.000    6.22%       8.000     35.000     47.000
            8511.000     846.987      -1.199     100.000    2.22%      54.000     70.000
     ANHEDONIA             0.000       0.540     -18.101    0.53%      -7.447     -2.612     -0.726
             189.000      76.569       0.578      30.245    0.53%       1.513      6.193


THE MODEL ESTIMATION TERMINATED NORMALLY

     USE THE FBITERATIONS OPTION TO INCREASE THE NUMBER OF ITERATIONS BY A FACTOR
     OF AT LEAST TWO TO CHECK CONVERGENCE AND THAT THE PSR VALUE DOES NOT INCREASE.



MODEL FIT INFORMATION

Number of Free Parameters                               4

Bayesian Posterior Predictive Checking using Chi-Square

          95% Confidence Interval for the Difference Between
          the Observed and the Replicated Chi-Square Values

                                 -8.508            10.768

          Posterior Predictive P-Value              0.485

Information Criteria

          Deviance (DIC)                        77392.764
          Estimated Number of Parameters (pD)     179.346



MODEL RESULTS

                                Posterior  One-Tailed         95% C.I.
                    Estimate       S.D.      P-Value   Lower 2.5%  Upper 2.5%  Significance

Within Level

 Variances
    PER_EXPR         510.381       7.951      0.000     495.385     526.090      *

Between Level

 PER_EXPR   ON
    ANHEDONIA         -0.591       0.146      0.000      -0.882      -0.307      *

 Intercepts
    PER_EXPR          42.160       1.322      0.000      39.505      44.670      *

 Residual Variances
    PER_EXPR         302.656      34.309      0.000     242.921     381.452      *


STANDARDIZED MODEL RESULTS


STDYX Standardization

                                Posterior  One-Tailed         95% C.I.
                    Estimate       S.D.      P-Value   Lower 2.5%  Upper 2.5%  Significance
Within Level

 Variances
    PER_EXPR           1.000       0.000      0.000       1.000       1.000

Between Level

 PER_EXPR   ON
    ANHEDONIA         -0.250       0.060      0.000      -0.363      -0.131      *

 Intercepts
    PER_EXPR           2.344       0.146      0.000       2.050       2.623      *

 Residual Variances
    PER_EXPR           0.938       0.030      0.000       0.868       0.983      *


STDY Standardization

                                Posterior  One-Tailed         95% C.I.
                    Estimate       S.D.      P-Value   Lower 2.5%  Upper 2.5%  Significance
Within Level

 Variances
    PER_EXPR           1.000       0.000      0.000       1.000       1.000

Between Level

 PER_EXPR   ON
    ANHEDONIA         -0.033       0.008      0.000      -0.048      -0.017      *

 Intercepts
    PER_EXPR           2.344       0.146      0.000       2.050       2.623      *

 Residual Variances
    PER_EXPR           0.938       0.030      0.000       0.868       0.983      *


STD Standardization

                                Posterior  One-Tailed         95% C.I.
                    Estimate       S.D.      P-Value   Lower 2.5%  Upper 2.5%  Significance
Within Level

 Variances
    PER_EXPR         510.381       7.951      0.000     495.385     526.090      *

Between Level

 PER_EXPR   ON
    ANHEDONIA         -0.591       0.146      0.000      -0.882      -0.307      *

 Intercepts
    PER_EXPR          42.160       1.322      0.000      39.505      44.670      *

 Residual Variances
    PER_EXPR         302.656      34.309      0.000     242.921     381.452      *


R-SQUARE

Between Level

                                Posterior  One-Tailed         95% C.I.
    Variable        Estimate       S.D.      P-Value   Lower 2.5%  Upper 2.5%

    PER_EXPR           0.062       0.030      0.000       0.017       0.132


CREDIBILITY INTERVALS OF MODEL RESULTS

                  Lower .5%  Lower 2.5%    Lower 5%    Estimate    Upper 5%  Upper 2.5%   Upper .5%

Within Level

 Variances
    PER_EXPR       490.669     495.385     497.548     510.381     523.765     526.090     531.127

Between Level

 PER_EXPR ON
    ANHEDONIA       -0.977      -0.882      -0.831      -0.591      -0.343      -0.307      -0.213

 Intercepts
    PER_EXPR        38.716      39.505      39.955      42.160      44.212      44.670      45.546

 Residual Variances
    PER_EXPR       231.238     242.921     253.957     302.656     364.949     381.452     415.508


CREDIBILITY INTERVALS OF STANDARDIZED MODEL RESULTS


STDYX Standardization

                  Lower .5%  Lower 2.5%    Lower 5%    Estimate    Upper 5%  Upper 2.5%   Upper .5%

Within Level

 Variances
    PER_EXPR         1.000       1.000       1.000       1.000       1.000       1.000       1.000

Between Level

 PER_EXPR ON
    ANHEDONIA       -0.399      -0.363      -0.343      -0.250      -0.145      -0.131      -0.088

 Intercepts
    PER_EXPR         1.950       2.050       2.106       2.344       2.575       2.623       2.695

 Residual Variances
    PER_EXPR         0.840       0.868       0.882       0.938       0.979       0.983       0.992


STDY Standardization

                  Lower .5%  Lower 2.5%    Lower 5%    Estimate    Upper 5%  Upper 2.5%   Upper .5%

Within Level

 Variances
    PER_EXPR         1.000       1.000       1.000       1.000       1.000       1.000       1.000

Between Level

 PER_EXPR ON
    ANHEDONIA       -0.052      -0.048      -0.045      -0.033      -0.019      -0.017      -0.012

 Intercepts
    PER_EXPR         1.950       2.050       2.106       2.344       2.575       2.623       2.695

 Residual Variances
    PER_EXPR         0.840       0.868       0.882       0.938       0.979       0.983       0.992


STD Standardization

                  Lower .5%  Lower 2.5%    Lower 5%    Estimate    Upper 5%  Upper 2.5%   Upper .5%

Within Level

 Variances
    PER_EXPR       490.669     495.385     497.548     510.381     523.765     526.090     531.127

Between Level

 PER_EXPR ON
    ANHEDONIA       -0.977      -0.882      -0.831      -0.591      -0.343      -0.307      -0.213

 Intercepts
    PER_EXPR        38.716      39.505      39.955      42.160      44.212      44.670      45.546

 Residual Variances
    PER_EXPR       231.238     242.921     253.957     302.656     364.949     381.452     415.508


TECHNICAL 1 OUTPUT


     PARAMETER SPECIFICATION FOR WITHIN


           NU
              PER_EXPR
              ________
                    0


           LAMBDA
              PER_EXPR
              ________
 PER_EXPR           0


           THETA
              PER_EXPR
              ________
 PER_EXPR           0


           ALPHA
              PER_EXPR
              ________
                    0


           BETA
              PER_EXPR
              ________
 PER_EXPR           0


           PSI
              PER_EXPR
              ________
 PER_EXPR           1


     PARAMETER SPECIFICATION FOR BETWEEN


           NU
              PER_EXPR      ANHEDONI
              ________      ________
                    0             0


           LAMBDA
              PER_EXPR      ANHEDONI
              ________      ________
 PER_EXPR           0             0
 ANHEDONI           0             0


           THETA
              PER_EXPR      ANHEDONI
              ________      ________
 PER_EXPR           0
 ANHEDONI           0             0


           ALPHA
              PER_EXPR      ANHEDONI
              ________      ________
                    2             0


           BETA
              PER_EXPR      ANHEDONI
              ________      ________
 PER_EXPR           0             3
 ANHEDONI           0             0


           PSI
              PER_EXPR      ANHEDONI
              ________      ________
 PER_EXPR           4
 ANHEDONI           0             0


     STARTING VALUES FOR WITHIN


           NU
              PER_EXPR
              ________
                0.000


           LAMBDA
              PER_EXPR
              ________
 PER_EXPR       1.000


           THETA
              PER_EXPR
              ________
 PER_EXPR       0.000


           ALPHA
              PER_EXPR
              ________
                0.000


           BETA
              PER_EXPR
              ________
 PER_EXPR       0.000


           PSI
              PER_EXPR
              ________
 PER_EXPR     423.494


     STARTING VALUES FOR BETWEEN


           NU
              PER_EXPR      ANHEDONI
              ________      ________
                0.000         0.000


           LAMBDA
              PER_EXPR      ANHEDONI
              ________      ________
 PER_EXPR       1.000         0.000
 ANHEDONI       0.000         1.000


           THETA
              PER_EXPR      ANHEDONI
              ________      ________
 PER_EXPR       0.000
 ANHEDONI       0.000         0.000


           ALPHA
              PER_EXPR      ANHEDONI
              ________      ________
               42.600         0.000


           BETA
              PER_EXPR      ANHEDONI
              ________      ________
 PER_EXPR       0.000         0.000
 ANHEDONI       0.000         0.000


           PSI
              PER_EXPR      ANHEDONI
              ________      ________
 PER_EXPR     423.494
 ANHEDONI       0.000        39.392



     PRIORS FOR ALL PARAMETERS            PRIOR MEAN      PRIOR VARIANCE     PRIOR STD. DEV.

     Parameter 1~IG(-1.000,0.000)          infinity            infinity            infinity
     Parameter 2~N(0.000,infinity)           0.0000            infinity            infinity
     Parameter 3~N(0.000,infinity)           0.0000            infinity            infinity
     Parameter 4~IG(-1.000,0.000)          infinity            infinity            infinity


TECHNICAL 8 OUTPUT


   TECHNICAL 8 OUTPUT FOR BAYES ESTIMATION

     PROCESSOR    BSEED
     1            0
     2            285380
     3            253358
     4            93468
     5            608496
     6            903420
     7            195873
     8            462953
     9            939021
     10           127215
     11           415931
     12           533738
     13           107446
     14           399671
     15           650371
     16           27071

                     POTENTIAL       PARAMETER WITH
     ITERATION    SCALE REDUCTION      HIGHEST PSR
     100              1.015               4
     200              1.015               1
     300              1.006               4
     400              1.001               1
     500              1.001               1
     600              1.001               2
     700              1.000               1
     800              1.002               2
     900              1.000               2
     1000             1.003               1
     1100             1.002               1
     1200             1.003               1
     1300             1.003               1
     1400             1.000               1
     1500             1.001               1
     1600             1.000               1
     1700             1.001               1
     1800             1.001               1
     1900             1.002               4
     2000             1.002               2


PLOT INFORMATION

The following plots are available:

  Histograms (sample values)
  Scatterplots (sample values)
  Between-level histograms (sample values, sample means/variances)
  Between-level scatterplots (sample values, sample means/variances)
  Bayesian posterior parameter distributions
  Bayesian posterior parameter trace plots
  Bayesian autocorrelation plots
  Bayesian posterior predictive checking scatterplots
  Bayesian posterior predictive checking distribution plots

     Beginning Time:  15:59:15
        Ending Time:  15:59:16
       Elapsed Time:  00:00:01



MUTHEN & MUTHEN
3463 Stoner Ave.
Los Angeles, CA  90066

Tel: (310) 391-9971
Fax: (310) 391-8971
Web: www.StatModel.com
Support: Support@StatModel.com

Copyright (c) 1998-2022 Muthen & Muthen
