Mplus VERSION 8.8
MUTHEN & MUTHEN
08/25/2023   8:08 PM

INPUT INSTRUCTIONS


  DATA:
  FILE IS data13.dat;

  VARIABLE:   NAMES =
  	    Eth_ID Time Time_between Time_inc
  	    PA_enth NA_irri NA_verv PA_tevr PA_ener
       	    PA_kalm NA_nerv PA_daadk NA_verdr
  	    PA_vrol NA_boos PA_dankb NA_somb PER_att
      	    PER_refl PER_self PER_expr PER_damp
  	    PER_codamp PER_capit Sample age_yr gesl BDI
      	    Measures_valid BDI_anh Anhedonia
   	    BDI_sum PA NA day compliance;

              USEVARIABLES are PER_codamp Anhedonia;
              MISSING is .;
              within = ;
              between = Anhedonia;
              cluster = Eth_ID;

  DEFINE:     CENTER Anhedonia (grandmean);

  ANALYSIS:   type = twolevel random;
              estimator = Bayes;
              biterations=(2000);
              bconvergence=0.005;
              thin=2;
              PROCESSORS=16;
  MODEL:
  %WITHIN%

  %between%
  PER_codamp on Anhedonia;


  OUTPUT: standardized tech1 tech8 cinterval patterns;
  PLOT: TYPE = PLOT3;



*** WARNING in VARIABLE command
  Note that only the first 8 characters of variable names are used in the output.
  Shorten variable names to avoid any confusion.
*** WARNING in MODEL command
  TYPE=RANDOM is used to declare random effect variables in the model.
  No random effect variables were found.  TYPE=RANDOM will be ignored.
*** WARNING in PLOT command
  Note that only the first 8 characters of variable names are used in plots.
  If variable names are not unique within the first 8 characters, problems
  may occur.
*** WARNING
  One or more individual-level variables have no variation within a
  cluster for the following clusters.

     Variable   Cluster IDs with no within-cluster variation

      PER_CODA    82 127 71 177 89 73 165 148

*** WARNING
  Data set contains cases with missing on all variables except
  x-variables.  These cases were not included in the analysis.
  Number of cases with missing on all variables except x-variables:  2861
   5 WARNING(S) FOUND IN THE INPUT INSTRUCTIONS




SUMMARY OF ANALYSIS

Number of groups                                                 1
Number of observations                                        8080

Number of dependent variables                                    1
Number of independent variables                                  1
Number of continuous latent variables                            0

Observed dependent variables

  Continuous
   PER_CODAMP

Observed independent variables
   ANHEDONI

Variables with special functions

  Cluster variable      ETH_ID

  Between variables
   ANHEDONI

  Centering (GRANDMEAN)
   ANHEDONI


Estimator                                                    BAYES
Specifications for Bayesian Estimation
  Point estimate                                            MEDIAN
  Number of Markov chain Monte Carlo (MCMC) chains               2
  Random seed for the first chain                                0
  Starting value information                           UNPERTURBED
  Algorithm used for Markov chain Monte Carlo           GIBBS(PX1)
  Convergence criterion                                  0.500D-02
  Maximum number of iterations                               50000
  K-th iteration used for thinning                               2

Input data file(s)
  data13.dat
Input data format  FREE


SUMMARY OF DATA

     Number of clusters                        159

       Size (s)    Cluster ID with Size s

         21        188
         23        125
         25        82
         26        28
         28        52
         30        195
         31        36
         32        131 72
         33        7
         34        127 117 183
         35        11 87 144
         36        16 86 66 42
         37        96 111 120 10 92 107 151
         38        186
         39        51
         40        39 15 88 173 182
         41        9 139 77
         42        197 34 103 168 105 106
         43        119 46
         44        71 156 170 116
         45        75 65 177 30
         46        147 187 89
         47        153
         48        201 114
         49        118 100 57
         50        112 54 62
         51        49 149 192 141 176 190 163
         52        80 194 174 69 32 191 133
         53        60 95 59 43 48
         54        167 137 50 180 193 21 76
         55        56 67 200 166
         56        198 138 102 109 162 68 55 70
         57        73 123 185 84 45 98
         58        74 161 24 13 31 25 44 178
         59        110 53 165 40 115 172
         60        94 126 104 124 148 22 38
         61        97 61 135
         62        108 3
         63        2 19 27 5 20
         64        171 1 18 63
         65        35 37 145 93 132
         66        146
         67        4
         68        142
         69        79 14
         70        179
         72        29
         73        26
         74        6 159



SUMMARY OF MISSING DATA PATTERNS

     Number of missing data patterns             1


     MISSING DATA PATTERNS (x = not missing)

           1
 PER_CODA  x
 ANHEDONI  x


     MISSING DATA PATTERN FREQUENCIES

    Pattern   Frequency
          1        8080


COVARIANCE COVERAGE OF DATA

Minimum covariance coverage value   0.100


     PROPORTION OF DATA PRESENT


           Covariance Coverage
              PER_CODA      ANHEDONI
              ________      ________
 PER_CODA       1.000
 ANHEDONI       1.000         1.000



UNIVARIATE SAMPLE STATISTICS


     UNIVARIATE HIGHER-ORDER MOMENT DESCRIPTIVE STATISTICS

         Variable/         Mean/     Skewness/   Minimum/ % with                Percentiles
        Sample Size      Variance    Kurtosis    Maximum  Min/Max      20%/60%    40%/80%    Median

     PER_CODAMP            9.792       2.490       0.000   25.02%       0.000      4.000      6.000
            8080.000     179.259       6.918     100.000    0.01%       7.000     14.000
     ANHEDONIA             0.000       0.630     -18.380    0.63%      -7.330     -2.924     -0.934
             159.000      79.008       0.606      29.966    0.63%       1.234      6.118


THE MODEL ESTIMATION TERMINATED NORMALLY

     USE THE FBITERATIONS OPTION TO INCREASE THE NUMBER OF ITERATIONS BY A FACTOR
     OF AT LEAST TWO TO CHECK CONVERGENCE AND THAT THE PSR VALUE DOES NOT INCREASE.



MODEL FIT INFORMATION

Number of Free Parameters                               4

Bayesian Posterior Predictive Checking using Chi-Square

          95% Confidence Interval for the Difference Between
          the Observed and the Replicated Chi-Square Values

                                 -8.195             8.950

          Posterior Predictive P-Value              0.485

Information Criteria

          Deviance (DIC)                        59042.934
          Estimated Number of Parameters (pD)     155.998



MODEL RESULTS

                                Posterior  One-Tailed         95% C.I.
                    Estimate       S.D.      P-Value   Lower 2.5%  Upper 2.5%  Significance

Within Level

 Variances
    PER_CODAMP        85.707       1.337      0.000      83.078      88.467      *

Between Level

 PER_CODAMP ON
    ANHEDONIA          0.045       0.092      0.319      -0.144       0.227

 Intercepts
    PER_CODAMP        10.110       0.835      0.000       8.507      11.709      *

 Residual Variances
    PER_CODAMP       106.998      12.764      0.000      85.324     135.733      *


STANDARDIZED MODEL RESULTS


STDYX Standardization

                                Posterior  One-Tailed         95% C.I.
                    Estimate       S.D.      P-Value   Lower 2.5%  Upper 2.5%  Significance
Within Level

 Variances
    PER_CODAMP         1.000       0.000      0.000       1.000       1.000

Between Level

 PER_CODAMP ON
    ANHEDONIA          0.032       0.066      0.319      -0.103       0.161

 Intercepts
    PER_CODAMP         0.977       0.098      0.000       0.790       1.170      *

 Residual Variances
    PER_CODAMP         0.997       0.008      0.000       0.973       1.000      *


STDY Standardization

                                Posterior  One-Tailed         95% C.I.
                    Estimate       S.D.      P-Value   Lower 2.5%  Upper 2.5%  Significance
Within Level

 Variances
    PER_CODAMP         1.000       0.000      0.000       1.000       1.000

Between Level

 PER_CODAMP ON
    ANHEDONIA          0.004       0.009      0.319      -0.014       0.021

 Intercepts
    PER_CODAMP         0.977       0.098      0.000       0.790       1.170      *

 Residual Variances
    PER_CODAMP         0.997       0.008      0.000       0.973       1.000      *


STD Standardization

                                Posterior  One-Tailed         95% C.I.
                    Estimate       S.D.      P-Value   Lower 2.5%  Upper 2.5%  Significance
Within Level

 Variances
    PER_CODAMP        85.707       1.337      0.000      83.078      88.467      *

Between Level

 PER_CODAMP ON
    ANHEDONIA          0.045       0.092      0.319      -0.144       0.227

 Intercepts
    PER_CODAMP        10.110       0.835      0.000       8.507      11.709      *

 Residual Variances
    PER_CODAMP       106.998      12.764      0.000      85.324     135.733      *


R-SQUARE

Between Level

                                Posterior  One-Tailed         95% C.I.
    Variable        Estimate       S.D.      P-Value   Lower 2.5%  Upper 2.5%

    PER_CODAMP         0.003       0.008      0.000       0.000       0.027


CREDIBILITY INTERVALS OF MODEL RESULTS

                  Lower .5%  Lower 2.5%    Lower 5%    Estimate    Upper 5%  Upper 2.5%   Upper .5%

Within Level

 Variances
    PER_CODAMP      82.196      83.078      83.584      85.707      87.982      88.467      89.440

Between Level

 PER_CODA ON
    ANHEDONIA       -0.183      -0.144      -0.109       0.045       0.202       0.227       0.284

 Intercepts
    PER_CODAMP       8.029       8.507       8.746      10.110      11.467      11.709      12.208

 Residual Variances
    PER_CODAMP      79.990      85.324      88.438     106.998     129.876     135.733     147.123


CREDIBILITY INTERVALS OF STANDARDIZED MODEL RESULTS


STDYX Standardization

                  Lower .5%  Lower 2.5%    Lower 5%    Estimate    Upper 5%  Upper 2.5%   Upper .5%

Within Level

 Variances
    PER_CODAMP       1.000       1.000       1.000       1.000       1.000       1.000       1.000

Between Level

 PER_CODA ON
    ANHEDONIA       -0.130      -0.103      -0.078       0.032       0.143       0.161       0.197

 Intercepts
    PER_CODAMP       0.729       0.790       0.814       0.977       1.140       1.170       1.233

 Residual Variances
    PER_CODAMP       0.961       0.973       0.979       0.997       1.000       1.000       1.000


STDY Standardization

                  Lower .5%  Lower 2.5%    Lower 5%    Estimate    Upper 5%  Upper 2.5%   Upper .5%

Within Level

 Variances
    PER_CODAMP       1.000       1.000       1.000       1.000       1.000       1.000       1.000

Between Level

 PER_CODA ON
    ANHEDONIA       -0.017      -0.014      -0.010       0.004       0.019       0.021       0.026

 Intercepts
    PER_CODAMP       0.729       0.790       0.814       0.977       1.140       1.170       1.233

 Residual Variances
    PER_CODAMP       0.961       0.973       0.979       0.997       1.000       1.000       1.000


STD Standardization

                  Lower .5%  Lower 2.5%    Lower 5%    Estimate    Upper 5%  Upper 2.5%   Upper .5%

Within Level

 Variances
    PER_CODAMP      82.196      83.078      83.584      85.707      87.982      88.467      89.440

Between Level

 PER_CODA ON
    ANHEDONIA       -0.183      -0.144      -0.109       0.045       0.202       0.227       0.284

 Intercepts
    PER_CODAMP       8.029       8.507       8.746      10.110      11.467      11.709      12.208

 Residual Variances
    PER_CODAMP      79.990      85.324      88.438     106.998     129.876     135.733     147.123


TECHNICAL 1 OUTPUT


     PARAMETER SPECIFICATION FOR WITHIN


           NU
              PER_CODA
              ________
                    0


           LAMBDA
              PER_CODA
              ________
 PER_CODA           0


           THETA
              PER_CODA
              ________
 PER_CODA           0


           ALPHA
              PER_CODA
              ________
                    0


           BETA
              PER_CODA
              ________
 PER_CODA           0


           PSI
              PER_CODA
              ________
 PER_CODA           1


     PARAMETER SPECIFICATION FOR BETWEEN


           NU
              PER_CODA      ANHEDONI
              ________      ________
                    0             0


           LAMBDA
              PER_CODA      ANHEDONI
              ________      ________
 PER_CODA           0             0
 ANHEDONI           0             0


           THETA
              PER_CODA      ANHEDONI
              ________      ________
 PER_CODA           0
 ANHEDONI           0             0


           ALPHA
              PER_CODA      ANHEDONI
              ________      ________
                    2             0


           BETA
              PER_CODA      ANHEDONI
              ________      ________
 PER_CODA           0             3
 ANHEDONI           0             0


           PSI
              PER_CODA      ANHEDONI
              ________      ________
 PER_CODA           4
 ANHEDONI           0             0


     STARTING VALUES FOR WITHIN


           NU
              PER_CODA
              ________
                0.000


           LAMBDA
              PER_CODA
              ________
 PER_CODA       1.000


           THETA
              PER_CODA
              ________
 PER_CODA       0.000


           ALPHA
              PER_CODA
              ________
                0.000


           BETA
              PER_CODA
              ________
 PER_CODA       0.000


           PSI
              PER_CODA
              ________
 PER_CODA      89.629


     STARTING VALUES FOR BETWEEN


           NU
              PER_CODA      ANHEDONI
              ________      ________
                0.000         0.000


           LAMBDA
              PER_CODA      ANHEDONI
              ________      ________
 PER_CODA       1.000         0.000
 ANHEDONI       0.000         1.000


           THETA
              PER_CODA      ANHEDONI
              ________      ________
 PER_CODA       0.000
 ANHEDONI       0.000         0.000


           ALPHA
              PER_CODA      ANHEDONI
              ________      ________
                9.792         0.000


           BETA
              PER_CODA      ANHEDONI
              ________      ________
 PER_CODA       0.000         0.000
 ANHEDONI       0.000         0.000


           PSI
              PER_CODA      ANHEDONI
              ________      ________
 PER_CODA      89.629
 ANHEDONI       0.000        39.713



     PRIORS FOR ALL PARAMETERS            PRIOR MEAN      PRIOR VARIANCE     PRIOR STD. DEV.

     Parameter 1~IG(-1.000,0.000)          infinity            infinity            infinity
     Parameter 2~N(0.000,infinity)           0.0000            infinity            infinity
     Parameter 3~N(0.000,infinity)           0.0000            infinity            infinity
     Parameter 4~IG(-1.000,0.000)          infinity            infinity            infinity


TECHNICAL 8 OUTPUT


   TECHNICAL 8 OUTPUT FOR BAYES ESTIMATION

     PROCESSOR    BSEED
     1            0
     2            285380
     3            253358
     4            93468
     5            608496
     6            903420
     7            195873
     8            462953
     9            939021
     10           127215
     11           415931
     12           533738
     13           107446
     14           399671
     15           650371
     16           27071

                     POTENTIAL       PARAMETER WITH
     ITERATION    SCALE REDUCTION      HIGHEST PSR
     100              1.000               1
     200              1.004               3
     300              1.000               3
     400              1.002               1
     500              1.001               4
     600              1.001               2
     700              1.002               2
     800              1.002               2
     900              1.002               2
     1000             1.003               2
     1100             1.001               2
     1200             1.001               1
     1300             1.001               1
     1400             1.001               1
     1500             1.001               4
     1600             1.002               4
     1700             1.002               4
     1800             1.003               4
     1900             1.002               4
     2000             1.002               4


PLOT INFORMATION

The following plots are available:

  Histograms (sample values)
  Scatterplots (sample values)
  Between-level histograms (sample values, sample means/variances)
  Between-level scatterplots (sample values, sample means/variances)
  Bayesian posterior parameter distributions
  Bayesian posterior parameter trace plots
  Bayesian autocorrelation plots
  Bayesian posterior predictive checking scatterplots
  Bayesian posterior predictive checking distribution plots

     Beginning Time:  20:08:07
        Ending Time:  20:08:08
       Elapsed Time:  00:00:01



MUTHEN & MUTHEN
3463 Stoner Ave.
Los Angeles, CA  90066

Tel: (310) 391-9971
Fax: (310) 391-8971
Web: www.StatModel.com
Support: Support@StatModel.com

Copyright (c) 1998-2022 Muthen & Muthen
