Mplus VERSION 8.8
MUTHEN & MUTHEN
07/13/2023   3:57 PM

INPUT INSTRUCTIONS


  DATA:
  FILE IS data11.dat;

  VARIABLE:   NAMES =
  	    Eth_ID Time Time_between Time_inc
  	    PA_enth NA_irri NA_verv PA_tevr PA_ener
       	    PA_kalm NA_nerv PA_daadk NA_verdr
  	    PA_vrol NA_boos PA_dankb NA_somb PER_att
      	    PER_refl PER_self PER_expr PER_damp
  	    PER_codamp PER_capit Sample age_yr gesl BDI
      	    Measures_valid BDI_anh Anhedonia
   	    BDI_sum PA NA day compliance;

              USEVARIABLES are PER_att Anhedonia;
              MISSING is .;
              within = ;
              between = Anhedonia;
              cluster = Eth_ID;

  DEFINE:     CENTER Anhedonia (grandmean);

  ANALYSIS:   type = twolevel random;
              estimator = Bayes;
              biterations=(2000);
              bconvergence=0.005;
              thin=2;
              PROCESSORS=16;
  MODEL:
  %WITHIN%

  %between%
  PER_att on Anhedonia;


  OUTPUT: standardized tech1 tech8 cinterval patterns;
  PLOT: TYPE = PLOT3;



*** WARNING in VARIABLE command
  Note that only the first 8 characters of variable names are used in the output.
  Shorten variable names to avoid any confusion.
*** WARNING in MODEL command
  TYPE=RANDOM is used to declare random effect variables in the model.
  No random effect variables were found.  TYPE=RANDOM will be ignored.
*** WARNING in PLOT command
  Note that only the first 8 characters of variable names are used in plots.
  If variable names are not unique within the first 8 characters, problems
  may occur.
*** WARNING
  One or more individual-level variables have no variation within a
  cluster for the following clusters.

     Variable   Cluster IDs with no within-cluster variation

      PER_ATT     165

*** WARNING
  Data set contains cases with missing on all variables except
  x-variables.  These cases were not included in the analysis.
  Number of cases with missing on all variables except x-variables:  2480
   5 WARNING(S) FOUND IN THE INPUT INSTRUCTIONS




SUMMARY OF ANALYSIS

Number of groups                                                 1
Number of observations                                        7774

Number of dependent variables                                    1
Number of independent variables                                  1
Number of continuous latent variables                            0

Observed dependent variables

  Continuous
   PER_ATT

Observed independent variables
   ANHEDONI

Variables with special functions

  Cluster variable      ETH_ID

  Between variables
   ANHEDONI

  Centering (GRANDMEAN)
   ANHEDONI


Estimator                                                    BAYES
Specifications for Bayesian Estimation
  Point estimate                                            MEDIAN
  Number of Markov chain Monte Carlo (MCMC) chains               2
  Random seed for the first chain                                0
  Starting value information                           UNPERTURBED
  Algorithm used for Markov chain Monte Carlo           GIBBS(PX1)
  Convergence criterion                                  0.500D-02
  Maximum number of iterations                               50000
  K-th iteration used for thinning                               2

Input data file(s)
  data11.dat
Input data format  FREE


SUMMARY OF DATA

     Number of clusters                        147

       Size (s)    Cluster ID with Size s

         35        11 36 144
         36        87 16 86 66 42
         37        107 96 92 111 10 151
         38        186
         39        51
         40        39 173 88 182 15
         41        139 77
         42        105 197 103 34 120
         43        119 46 168
         44        156 170 71
         45        30 177 75 65 116
         46        89 187 147
         47        153 106
         48        114 201
         49        100 118
         50        112
         51        149 141 57 192 49 62 176 190
         52        80 194 174 163 69 191 32
         53        43 59 95 54 60 133 48
         54        167 137 76 50 180 21
         55        9 166 67 193 56 200
         56        70 138 109 68 162 198 102 55
         57        123 98 185 45 73 84
         58        178 24 13 161 31 74 25 44
         59        115 53 110 165
         60        38 104 124 126 172 22 40 94
         61        148 97 61
         62        135
         63        3 19 2 20 108 5 27
         64        1 63 18 171
         65        93 132 145 37 35
         66        146
         67        4
         68        142
         69        79 14
         70        179
         72        29
         73        26
         74        159 6



SUMMARY OF MISSING DATA PATTERNS

     Number of missing data patterns             1


     MISSING DATA PATTERNS (x = not missing)

           1
 PER_ATT   x
 ANHEDONI  x


     MISSING DATA PATTERN FREQUENCIES

    Pattern   Frequency
          1        7774


COVARIANCE COVERAGE OF DATA

Minimum covariance coverage value   0.100


     PROPORTION OF DATA PRESENT


           Covariance Coverage
              PER_ATT       ANHEDONI
              ________      ________
 PER_ATT        1.000
 ANHEDONI       1.000         1.000



UNIVARIATE SAMPLE STATISTICS


     UNIVARIATE HIGHER-ORDER MOMENT DESCRIPTIVE STATISTICS

         Variable/         Mean/     Skewness/   Minimum/ % with                Percentiles
        Sample Size      Variance    Kurtosis    Maximum  Min/Max      20%/60%    40%/80%    Median

     PER_ATT              30.723       0.482       0.000    9.80%       6.000     17.000     27.000
            7774.000     617.621      -0.846     100.000    0.45%      37.000     55.000
     ANHEDONIA             0.000       0.610     -18.524    0.68%      -7.474     -3.035     -0.999
             147.000      82.206       0.529      29.822    0.68%       1.184      6.801


THE MODEL ESTIMATION TERMINATED NORMALLY

     USE THE FBITERATIONS OPTION TO INCREASE THE NUMBER OF ITERATIONS BY A FACTOR
     OF AT LEAST TWO TO CHECK CONVERGENCE AND THAT THE PSR VALUE DOES NOT INCREASE.



MODEL FIT INFORMATION

Number of Free Parameters                               4

Bayesian Posterior Predictive Checking using Chi-Square

          95% Confidence Interval for the Difference Between
          the Observed and the Replicated Chi-Square Values

                                 -9.721             9.381

          Posterior Predictive P-Value              0.480

Information Criteria

          Deviance (DIC)                        67775.989
          Estimated Number of Parameters (pD)     144.117



MODEL RESULTS

                                Posterior  One-Tailed         95% C.I.
                    Estimate       S.D.      P-Value   Lower 2.5%  Upper 2.5%  Significance

Within Level

 Variances
    PER_ATT          351.329       5.752      0.000     340.220     362.706      *

Between Level

 PER_ATT    ON
    ANHEDONIA         -0.038       0.153      0.400      -0.345       0.273

 Intercepts
    PER_ATT           30.471       1.381      0.000      27.728      33.080      *

 Residual Variances
    PER_ATT          276.494      34.525      0.000     219.768     356.184      *


STANDARDIZED MODEL RESULTS


STDYX Standardization

                                Posterior  One-Tailed         95% C.I.
                    Estimate       S.D.      P-Value   Lower 2.5%  Upper 2.5%  Significance
Within Level

 Variances
    PER_ATT            1.000       0.000      0.000       1.000       1.000

Between Level

 PER_ATT    ON
    ANHEDONIA         -0.020       0.079      0.400      -0.179       0.142

 Intercepts
    PER_ATT            1.826       0.141      0.000       1.551       2.098      *

 Residual Variances
    PER_ATT            0.997       0.010      0.000       0.966       1.000      *


STDY Standardization

                                Posterior  One-Tailed         95% C.I.
                    Estimate       S.D.      P-Value   Lower 2.5%  Upper 2.5%  Significance
Within Level

 Variances
    PER_ATT            1.000       0.000      0.000       1.000       1.000

Between Level

 PER_ATT    ON
    ANHEDONIA         -0.002       0.009      0.400      -0.021       0.016

 Intercepts
    PER_ATT            1.826       0.141      0.000       1.551       2.098      *

 Residual Variances
    PER_ATT            0.997       0.010      0.000       0.966       1.000      *


STD Standardization

                                Posterior  One-Tailed         95% C.I.
                    Estimate       S.D.      P-Value   Lower 2.5%  Upper 2.5%  Significance
Within Level

 Variances
    PER_ATT          351.329       5.752      0.000     340.220     362.706      *

Between Level

 PER_ATT    ON
    ANHEDONIA         -0.038       0.153      0.400      -0.345       0.273

 Intercepts
    PER_ATT           30.471       1.381      0.000      27.728      33.080      *

 Residual Variances
    PER_ATT          276.494      34.525      0.000     219.768     356.184      *


R-SQUARE

Between Level

                                Posterior  One-Tailed         95% C.I.
    Variable        Estimate       S.D.      P-Value   Lower 2.5%  Upper 2.5%

    PER_ATT            0.003       0.010      0.000       0.000       0.034


CREDIBILITY INTERVALS OF MODEL RESULTS

                  Lower .5%  Lower 2.5%    Lower 5%    Estimate    Upper 5%  Upper 2.5%   Upper .5%

Within Level

 Variances
    PER_ATT        336.823     340.220     341.796     351.329     360.882     362.706     366.377

Between Level

 PER_ATT  ON
    ANHEDONIA       -0.453      -0.345      -0.281      -0.038       0.218       0.273       0.366

 Intercepts
    PER_ATT         26.826      27.728      28.123      30.471      32.626      33.080      33.886

 Residual Variances
    PER_ATT        205.693     219.768     226.861     276.494     339.659     356.184     383.519


CREDIBILITY INTERVALS OF STANDARDIZED MODEL RESULTS


STDYX Standardization

                  Lower .5%  Lower 2.5%    Lower 5%    Estimate    Upper 5%  Upper 2.5%   Upper .5%

Within Level

 Variances
    PER_ATT          1.000       1.000       1.000       1.000       1.000       1.000       1.000

Between Level

 PER_ATT  ON
    ANHEDONIA       -0.228      -0.179      -0.146      -0.020       0.113       0.142       0.185

 Intercepts
    PER_ATT          1.485       1.551       1.597       1.826       2.058       2.098       2.203

 Residual Variances
    PER_ATT          0.947       0.966       0.973       0.997       1.000       1.000       1.000


STDY Standardization

                  Lower .5%  Lower 2.5%    Lower 5%    Estimate    Upper 5%  Upper 2.5%   Upper .5%

Within Level

 Variances
    PER_ATT          1.000       1.000       1.000       1.000       1.000       1.000       1.000

Between Level

 PER_ATT  ON
    ANHEDONIA       -0.026      -0.021      -0.017      -0.002       0.013       0.016       0.021

 Intercepts
    PER_ATT          1.485       1.551       1.597       1.826       2.058       2.098       2.203

 Residual Variances
    PER_ATT          0.947       0.966       0.973       0.997       1.000       1.000       1.000


STD Standardization

                  Lower .5%  Lower 2.5%    Lower 5%    Estimate    Upper 5%  Upper 2.5%   Upper .5%

Within Level

 Variances
    PER_ATT        336.823     340.220     341.796     351.329     360.882     362.706     366.377

Between Level

 PER_ATT  ON
    ANHEDONIA       -0.453      -0.345      -0.281      -0.038       0.218       0.273       0.366

 Intercepts
    PER_ATT         26.826      27.728      28.123      30.471      32.626      33.080      33.886

 Residual Variances
    PER_ATT        205.693     219.768     226.861     276.494     339.659     356.184     383.519


TECHNICAL 1 OUTPUT


     PARAMETER SPECIFICATION FOR WITHIN


           NU
              PER_ATT
              ________
                    0


           LAMBDA
              PER_ATT
              ________
 PER_ATT            0


           THETA
              PER_ATT
              ________
 PER_ATT            0


           ALPHA
              PER_ATT
              ________
                    0


           BETA
              PER_ATT
              ________
 PER_ATT            0


           PSI
              PER_ATT
              ________
 PER_ATT            1


     PARAMETER SPECIFICATION FOR BETWEEN


           NU
              PER_ATT       ANHEDONI
              ________      ________
                    0             0


           LAMBDA
              PER_ATT       ANHEDONI
              ________      ________
 PER_ATT            0             0
 ANHEDONI           0             0


           THETA
              PER_ATT       ANHEDONI
              ________      ________
 PER_ATT            0
 ANHEDONI           0             0


           ALPHA
              PER_ATT       ANHEDONI
              ________      ________
                    2             0


           BETA
              PER_ATT       ANHEDONI
              ________      ________
 PER_ATT            0             3
 ANHEDONI           0             0


           PSI
              PER_ATT       ANHEDONI
              ________      ________
 PER_ATT            4
 ANHEDONI           0             0


     STARTING VALUES FOR WITHIN


           NU
              PER_ATT
              ________
                0.000


           LAMBDA
              PER_ATT
              ________
 PER_ATT        1.000


           THETA
              PER_ATT
              ________
 PER_ATT        0.000


           ALPHA
              PER_ATT
              ________
                0.000


           BETA
              PER_ATT
              ________
 PER_ATT        0.000


           PSI
              PER_ATT
              ________
 PER_ATT      308.810


     STARTING VALUES FOR BETWEEN


           NU
              PER_ATT       ANHEDONI
              ________      ________
                0.000         0.000


           LAMBDA
              PER_ATT       ANHEDONI
              ________      ________
 PER_ATT        1.000         0.000
 ANHEDONI       0.000         1.000


           THETA
              PER_ATT       ANHEDONI
              ________      ________
 PER_ATT        0.000
 ANHEDONI       0.000         0.000


           ALPHA
              PER_ATT       ANHEDONI
              ________      ________
               30.723         0.000


           BETA
              PER_ATT       ANHEDONI
              ________      ________
 PER_ATT        0.000         0.000
 ANHEDONI       0.000         0.000


           PSI
              PER_ATT       ANHEDONI
              ________      ________
 PER_ATT      308.810
 ANHEDONI       0.000        40.608



     PRIORS FOR ALL PARAMETERS            PRIOR MEAN      PRIOR VARIANCE     PRIOR STD. DEV.

     Parameter 1~IG(-1.000,0.000)          infinity            infinity            infinity
     Parameter 2~N(0.000,infinity)           0.0000            infinity            infinity
     Parameter 3~N(0.000,infinity)           0.0000            infinity            infinity
     Parameter 4~IG(-1.000,0.000)          infinity            infinity            infinity


TECHNICAL 8 OUTPUT


   TECHNICAL 8 OUTPUT FOR BAYES ESTIMATION

     PROCESSOR    BSEED
     1            0
     2            285380
     3            253358
     4            93468
     5            608496
     6            903420
     7            195873
     8            462953
     9            939021
     10           127215
     11           415931
     12           533738
     13           107446
     14           399671
     15           650371
     16           27071

                     POTENTIAL       PARAMETER WITH
     ITERATION    SCALE REDUCTION      HIGHEST PSR
     100              1.007               2
     200              1.011               4
     300              1.023               4
     400              1.009               1
     500              1.007               1
     600              1.005               1
     700              1.000               1
     800              1.000               1
     900              1.000               1
     1000             1.002               4
     1100             1.001               4
     1200             1.001               4
     1300             1.001               4
     1400             1.002               4
     1500             1.002               4
     1600             1.002               4
     1700             1.001               4
     1800             1.000               1
     1900             1.000               3
     2000             1.000               3


PLOT INFORMATION

The following plots are available:

  Histograms (sample values)
  Scatterplots (sample values)
  Between-level histograms (sample values, sample means/variances)
  Between-level scatterplots (sample values, sample means/variances)
  Bayesian posterior parameter distributions
  Bayesian posterior parameter trace plots
  Bayesian autocorrelation plots
  Bayesian posterior predictive checking scatterplots
  Bayesian posterior predictive checking distribution plots

     Beginning Time:  15:57:34
        Ending Time:  15:57:35
       Elapsed Time:  00:00:01



MUTHEN & MUTHEN
3463 Stoner Ave.
Los Angeles, CA  90066

Tel: (310) 391-9971
Fax: (310) 391-8971
Web: www.StatModel.com
Support: Support@StatModel.com

Copyright (c) 1998-2022 Muthen & Muthen
