Mplus VERSION 8.8
MUTHEN & MUTHEN
07/13/2023   4:00 PM

INPUT INSTRUCTIONS


  DATA:
  FILE IS data8.dat;

  VARIABLE:   NAMES =
  	    Eth_ID Time Time_between Time_inc
  	    PA_enth NA_irri NA_verv PA_tevr PA_ener
       	    PA_kalm NA_nerv PA_daadk NA_verdr
  	    PA_vrol NA_boos PA_dankb NA_somb PER_att
      	    PER_refl PER_self PER_expr PER_damp
  	    PER_codamp PER_capit Sample age_yr gesl BDI
      	    Measures_valid BDI_anh Anhedonia
   	    BDI_sum PA NA day compliance;

              USEVARIABLES are PER_self Anhedonia;
              MISSING is .;
              within = ;
              between = Anhedonia;
              cluster = Eth_ID;

  DEFINE:     CENTER Anhedonia (grandmean);

  ANALYSIS:   type = twolevel random;
              estimator = Bayes;
              biterations=(2000);
              bconvergence=0.005;
              thin=2;
              PROCESSORS=16;
  MODEL:
  %WITHIN%

  %between%
  PER_self on Anhedonia;


  OUTPUT: standardized tech1 tech8 cinterval patterns;
  PLOT: TYPE = PLOT3;



*** WARNING in VARIABLE command
  Note that only the first 8 characters of variable names are used in the output.
  Shorten variable names to avoid any confusion.
*** WARNING in MODEL command
  TYPE=RANDOM is used to declare random effect variables in the model.
  No random effect variables were found.  TYPE=RANDOM will be ignored.
*** WARNING in PLOT command
  Note that only the first 8 characters of variable names are used in plots.
  If variable names are not unique within the first 8 characters, problems
  may occur.
*** WARNING
  One or more individual-level variables have no variation within a
  cluster for the following clusters.

     Variable   Cluster IDs with no within-cluster variation

      PER_SELF    71

*** WARNING
  Data set contains cases with missing on all variables except
  x-variables.  These cases were not included in the analysis.
  Number of cases with missing on all variables except x-variables:  2760
   5 WARNING(S) FOUND IN THE INPUT INSTRUCTIONS




SUMMARY OF ANALYSIS

Number of groups                                                 1
Number of observations                                        8071

Number of dependent variables                                    1
Number of independent variables                                  1
Number of continuous latent variables                            0

Observed dependent variables

  Continuous
   PER_SELF

Observed independent variables
   ANHEDONI

Variables with special functions

  Cluster variable      ETH_ID

  Between variables
   ANHEDONI

  Centering (GRANDMEAN)
   ANHEDONI


Estimator                                                    BAYES
Specifications for Bayesian Estimation
  Point estimate                                            MEDIAN
  Number of Markov chain Monte Carlo (MCMC) chains               2
  Random seed for the first chain                                0
  Starting value information                           UNPERTURBED
  Algorithm used for Markov chain Monte Carlo           GIBBS(PX1)
  Convergence criterion                                  0.500D-02
  Maximum number of iterations                               50000
  K-th iteration used for thinning                               2

Input data file(s)
  data8.dat
Input data format  FREE


SUMMARY OF DATA

     Number of clusters                        157

       Size (s)    Cluster ID with Size s

         25        82
         26        28
         28        52
         30        195
         32        131
         33        72 7
         34        117 127 183
         35        11 36 144
         36        86 66 87 16 42
         37        96 92 111 10 107 151
         38        186
         39        51
         40        173 182 15 39 88
         41        77 139
         42        105 197 106 103 34 120
         43        119 168 46
         44        170 71 156
         45        30 65 75 177 116
         46        147 89 187
         47        153
         48        114 201
         49        100 118
         50        112
         51        141 192 190 149 49 57 176 62
         52        32 194 174 69 80 191 163
         53        133 60 59 54 43 95 48
         54        167 137 180 76 50 21 193
         55        67 56 166 9 200
         56        138 70 198 102 162 55 109 68
         57        84 24 185 98 73 45 123
         58        44 25 31 161 13 74 178
         59        53 165 110 40 115
         60        94 126 22 172 38 148 104 124
         61        135 61 97
         62        108 3
         63        27 19 20 2 5
         64        18 171 63 1
         65        132 35 145 37 93
         66        146
         67        4
         68        142
         69        79 14
         70        179
         72        29
         73        26
         74        159 6



SUMMARY OF MISSING DATA PATTERNS

     Number of missing data patterns             1


     MISSING DATA PATTERNS (x = not missing)

           1
 PER_SELF  x
 ANHEDONI  x


     MISSING DATA PATTERN FREQUENCIES

    Pattern   Frequency
          1        8071


COVARIANCE COVERAGE OF DATA

Minimum covariance coverage value   0.100


     PROPORTION OF DATA PRESENT


           Covariance Coverage
              PER_SELF      ANHEDONI
              ________      ________
 PER_SELF       1.000
 ANHEDONI       1.000         1.000



UNIVARIATE SAMPLE STATISTICS


     UNIVARIATE HIGHER-ORDER MOMENT DESCRIPTIVE STATISTICS

         Variable/         Mean/     Skewness/   Minimum/ % with                Percentiles
        Sample Size      Variance    Kurtosis    Maximum  Min/Max      20%/60%    40%/80%    Median

     PER_SELF             22.593       1.129       0.000   13.75%       3.000      8.000     12.000
            8071.000     561.918       0.356     100.000    0.71%      19.000     45.000
     ANHEDONIA             0.000       0.640     -18.384    0.64%      -7.334     -2.928     -0.938
             157.000      78.868       0.647      29.962    0.64%       1.230      6.114


THE MODEL ESTIMATION TERMINATED NORMALLY

     USE THE FBITERATIONS OPTION TO INCREASE THE NUMBER OF ITERATIONS BY A FACTOR
     OF AT LEAST TWO TO CHECK CONVERGENCE AND THAT THE PSR VALUE DOES NOT INCREASE.



MODEL FIT INFORMATION

Number of Free Parameters                               4

Bayesian Posterior Predictive Checking using Chi-Square

          95% Confidence Interval for the Difference Between
          the Observed and the Replicated Chi-Square Values

                                -10.038            11.789

          Posterior Predictive P-Value              0.579

Information Criteria

          Deviance (DIC)                        70237.062
          Estimated Number of Parameters (pD)     152.310



MODEL RESULTS

                                Posterior  One-Tailed         95% C.I.
                    Estimate       S.D.      P-Value   Lower 2.5%  Upper 2.5%  Significance

Within Level

 Variances
    PER_SELF         345.868       5.491      0.000     335.376     356.423      *

Between Level

 PER_SELF   ON
    ANHEDONIA         -0.123       0.138      0.193      -0.397       0.141

 Intercepts
    PER_SELF          22.558       1.241      0.000      20.069      24.952      *

 Residual Variances
    PER_SELF         224.580      27.023      0.000     179.788     286.147      *


STANDARDIZED MODEL RESULTS


STDYX Standardization

                                Posterior  One-Tailed         95% C.I.
                    Estimate       S.D.      P-Value   Lower 2.5%  Upper 2.5%  Significance
Within Level

 Variances
    PER_SELF           1.000       0.000      0.000       1.000       1.000

Between Level

 PER_SELF   ON
    ANHEDONIA         -0.059       0.065      0.193      -0.190       0.069

 Intercepts
    PER_SELF           1.499       0.123      0.000       1.260       1.739      *

 Residual Variances
    PER_SELF           0.996       0.010      0.000       0.964       1.000      *


STDY Standardization

                                Posterior  One-Tailed         95% C.I.
                    Estimate       S.D.      P-Value   Lower 2.5%  Upper 2.5%  Significance
Within Level

 Variances
    PER_SELF           1.000       0.000      0.000       1.000       1.000

Between Level

 PER_SELF   ON
    ANHEDONIA         -0.008       0.009      0.193      -0.026       0.010

 Intercepts
    PER_SELF           1.499       0.123      0.000       1.260       1.739      *

 Residual Variances
    PER_SELF           0.996       0.010      0.000       0.964       1.000      *


STD Standardization

                                Posterior  One-Tailed         95% C.I.
                    Estimate       S.D.      P-Value   Lower 2.5%  Upper 2.5%  Significance
Within Level

 Variances
    PER_SELF         345.868       5.491      0.000     335.376     356.423      *

Between Level

 PER_SELF   ON
    ANHEDONIA         -0.123       0.138      0.193      -0.397       0.141

 Intercepts
    PER_SELF          22.558       1.241      0.000      20.069      24.952      *

 Residual Variances
    PER_SELF         224.580      27.023      0.000     179.788     286.147      *


R-SQUARE

Between Level

                                Posterior  One-Tailed         95% C.I.
    Variable        Estimate       S.D.      P-Value   Lower 2.5%  Upper 2.5%

    PER_SELF           0.004       0.010      0.000       0.000       0.036


CREDIBILITY INTERVALS OF MODEL RESULTS

                  Lower .5%  Lower 2.5%    Lower 5%    Estimate    Upper 5%  Upper 2.5%   Upper .5%

Within Level

 Variances
    PER_SELF       331.628     335.376     336.947     345.868     355.056     356.423     359.996

Between Level

 PER_SELF ON
    ANHEDONIA       -0.474      -0.397      -0.353      -0.123       0.098       0.141       0.242

 Intercepts
    PER_SELF        19.253      20.069      20.490      22.558      24.554      24.952      25.643

 Residual Variances
    PER_SELF       168.783     179.788     185.252     224.580     273.643     286.147     305.005


CREDIBILITY INTERVALS OF STANDARDIZED MODEL RESULTS


STDYX Standardization

                  Lower .5%  Lower 2.5%    Lower 5%    Estimate    Upper 5%  Upper 2.5%   Upper .5%

Within Level

 Variances
    PER_SELF         1.000       1.000       1.000       1.000       1.000       1.000       1.000

Between Level

 PER_SELF ON
    ANHEDONIA       -0.220      -0.190      -0.167      -0.059       0.047       0.069       0.112

 Intercepts
    PER_SELF         1.182       1.260       1.301       1.499       1.703       1.739       1.813

 Residual Variances
    PER_SELF         0.952       0.964       0.972       0.996       1.000       1.000       1.000


STDY Standardization

                  Lower .5%  Lower 2.5%    Lower 5%    Estimate    Upper 5%  Upper 2.5%   Upper .5%

Within Level

 Variances
    PER_SELF         1.000       1.000       1.000       1.000       1.000       1.000       1.000

Between Level

 PER_SELF ON
    ANHEDONIA       -0.031      -0.026      -0.023      -0.008       0.007       0.010       0.016

 Intercepts
    PER_SELF         1.182       1.260       1.301       1.499       1.703       1.739       1.813

 Residual Variances
    PER_SELF         0.952       0.964       0.972       0.996       1.000       1.000       1.000


STD Standardization

                  Lower .5%  Lower 2.5%    Lower 5%    Estimate    Upper 5%  Upper 2.5%   Upper .5%

Within Level

 Variances
    PER_SELF       331.628     335.376     336.947     345.868     355.056     356.423     359.996

Between Level

 PER_SELF ON
    ANHEDONIA       -0.474      -0.397      -0.353      -0.123       0.098       0.141       0.242

 Intercepts
    PER_SELF        19.253      20.069      20.490      22.558      24.554      24.952      25.643

 Residual Variances
    PER_SELF       168.783     179.788     185.252     224.580     273.643     286.147     305.005


TECHNICAL 1 OUTPUT


     PARAMETER SPECIFICATION FOR WITHIN


           NU
              PER_SELF
              ________
                    0


           LAMBDA
              PER_SELF
              ________
 PER_SELF           0


           THETA
              PER_SELF
              ________
 PER_SELF           0


           ALPHA
              PER_SELF
              ________
                    0


           BETA
              PER_SELF
              ________
 PER_SELF           0


           PSI
              PER_SELF
              ________
 PER_SELF           1


     PARAMETER SPECIFICATION FOR BETWEEN


           NU
              PER_SELF      ANHEDONI
              ________      ________
                    0             0


           LAMBDA
              PER_SELF      ANHEDONI
              ________      ________
 PER_SELF           0             0
 ANHEDONI           0             0


           THETA
              PER_SELF      ANHEDONI
              ________      ________
 PER_SELF           0
 ANHEDONI           0             0


           ALPHA
              PER_SELF      ANHEDONI
              ________      ________
                    2             0


           BETA
              PER_SELF      ANHEDONI
              ________      ________
 PER_SELF           0             3
 ANHEDONI           0             0


           PSI
              PER_SELF      ANHEDONI
              ________      ________
 PER_SELF           4
 ANHEDONI           0             0


     STARTING VALUES FOR WITHIN


           NU
              PER_SELF
              ________
                0.000


           LAMBDA
              PER_SELF
              ________
 PER_SELF       1.000


           THETA
              PER_SELF
              ________
 PER_SELF       0.000


           ALPHA
              PER_SELF
              ________
                0.000


           BETA
              PER_SELF
              ________
 PER_SELF       0.000


           PSI
              PER_SELF
              ________
 PER_SELF     280.959


     STARTING VALUES FOR BETWEEN


           NU
              PER_SELF      ANHEDONI
              ________      ________
                0.000         0.000


           LAMBDA
              PER_SELF      ANHEDONI
              ________      ________
 PER_SELF       1.000         0.000
 ANHEDONI       0.000         1.000


           THETA
              PER_SELF      ANHEDONI
              ________      ________
 PER_SELF       0.000
 ANHEDONI       0.000         0.000


           ALPHA
              PER_SELF      ANHEDONI
              ________      ________
               22.593         0.000


           BETA
              PER_SELF      ANHEDONI
              ________      ________
 PER_SELF       0.000         0.000
 ANHEDONI       0.000         0.000


           PSI
              PER_SELF      ANHEDONI
              ________      ________
 PER_SELF     280.959
 ANHEDONI       0.000        39.699



     PRIORS FOR ALL PARAMETERS            PRIOR MEAN      PRIOR VARIANCE     PRIOR STD. DEV.

     Parameter 1~IG(-1.000,0.000)          infinity            infinity            infinity
     Parameter 2~N(0.000,infinity)           0.0000            infinity            infinity
     Parameter 3~N(0.000,infinity)           0.0000            infinity            infinity
     Parameter 4~IG(-1.000,0.000)          infinity            infinity            infinity


TECHNICAL 8 OUTPUT


   TECHNICAL 8 OUTPUT FOR BAYES ESTIMATION

     PROCESSOR    BSEED
     1            0
     2            285380
     3            253358
     4            93468
     5            608496
     6            903420
     7            195873
     8            462953
     9            939021
     10           127215
     11           415931
     12           533738
     13           107446
     14           399671
     15           650371
     16           27071

                     POTENTIAL       PARAMETER WITH
     ITERATION    SCALE REDUCTION      HIGHEST PSR
     100              1.018               4
     200              1.001               4
     300              1.000               1
     400              1.000               1
     500              1.000               1
     600              1.000               1
     700              1.001               2
     800              1.003               2
     900              1.002               2
     1000             1.003               2
     1100             1.000               1
     1200             1.000               4
     1300             1.001               4
     1400             1.001               4
     1500             1.000               1
     1600             1.001               4
     1700             1.000               4
     1800             1.000               4
     1900             1.000               4
     2000             1.000               2


PLOT INFORMATION

The following plots are available:

  Histograms (sample values)
  Scatterplots (sample values)
  Between-level histograms (sample values, sample means/variances)
  Between-level scatterplots (sample values, sample means/variances)
  Bayesian posterior parameter distributions
  Bayesian posterior parameter trace plots
  Bayesian autocorrelation plots
  Bayesian posterior predictive checking scatterplots
  Bayesian posterior predictive checking distribution plots

     Beginning Time:  16:00:12
        Ending Time:  16:00:14
       Elapsed Time:  00:00:02



MUTHEN & MUTHEN
3463 Stoner Ave.
Los Angeles, CA  90066

Tel: (310) 391-9971
Fax: (310) 391-8971
Web: www.StatModel.com
Support: Support@StatModel.com

Copyright (c) 1998-2022 Muthen & Muthen
