Mplus VERSION 8.8
MUTHEN & MUTHEN
07/13/2023   3:59 PM

INPUT INSTRUCTIONS


  DATA:
  FILE IS data6.dat;

  VARIABLE:   NAMES =
  	    Eth_ID Time Time_between Time_inc
  	    PA_enth NA_irri NA_verv PA_tevr PA_ener
       	    PA_kalm NA_nerv PA_daadk NA_verdr
  	    PA_vrol NA_boos PA_dankb NA_somb PER_att
      	    PER_refl PER_self PER_expr PER_damp
  	    PER_codamp PER_capit Sample age_yr gesl BDI
      	    Measures_valid BDI_anh Anhedonia
   	    BDI_sum PA NA day compliance;

              USEVARIABLES are PER_refl Anhedonia;
              MISSING is .;
              within = ;
              between = Anhedonia;
              cluster = Eth_ID;

  DEFINE:     CENTER Anhedonia (grandmean);

  ANALYSIS:   type = twolevel random;
              estimator = Bayes;
              biterations=(2000);
              bconvergence=0.005;
              thin=2;
              PROCESSORS=16;
  MODEL:
  %WITHIN%

  %between%
  PER_refl on Anhedonia;


  OUTPUT: standardized tech1 tech8 cinterval patterns;
  PLOT: TYPE = PLOT3;



*** WARNING in VARIABLE command
  Note that only the first 8 characters of variable names are used in the output.
  Shorten variable names to avoid any confusion.
*** WARNING in MODEL command
  TYPE=RANDOM is used to declare random effect variables in the model.
  No random effect variables were found.  TYPE=RANDOM will be ignored.
*** WARNING in PLOT command
  Note that only the first 8 characters of variable names are used in plots.
  If variable names are not unique within the first 8 characters, problems
  may occur.
*** WARNING
  One or more individual-level variables have no variation within a
  cluster for the following clusters.

     Variable   Cluster IDs with no within-cluster variation

      PER_REFL    73 165

*** WARNING
  Data set contains cases with missing on all variables except
  x-variables.  These cases were not included in the analysis.
  Number of cases with missing on all variables except x-variables:  3251
   5 WARNING(S) FOUND IN THE INPUT INSTRUCTIONS




SUMMARY OF ANALYSIS

Number of groups                                                 1
Number of observations                                        8342

Number of dependent variables                                    1
Number of independent variables                                  1
Number of continuous latent variables                            0

Observed dependent variables

  Continuous
   PER_REFL

Observed independent variables
   ANHEDONI

Variables with special functions

  Cluster variable      ETH_ID

  Between variables
   ANHEDONI

  Centering (GRANDMEAN)
   ANHEDONI


Estimator                                                    BAYES
Specifications for Bayesian Estimation
  Point estimate                                            MEDIAN
  Number of Markov chain Monte Carlo (MCMC) chains               2
  Random seed for the first chain                                0
  Starting value information                           UNPERTURBED
  Algorithm used for Markov chain Monte Carlo           GIBBS(PX1)
  Convergence criterion                                  0.500D-02
  Maximum number of iterations                               50000
  K-th iteration used for thinning                               2

Input data file(s)
  data6.dat
Input data format  FREE


SUMMARY OF DATA

     Number of clusters                        171

       Size (s)    Cluster ID with Size s

         16        184 196
         17        143
         18        189 58 122
         19        41 130 154
         20        155 33 164
         22        188
         23        125
         25        82
         26        28
         28        52
         30        195
         32        131
         33        72 36 7
         34        117 183 127
         35        144 11
         36        87 16 86 111 42 66
         37        10 92 107 96 151
         38        186
         39        51
         40        39 15 173 88 182
         41        139 77
         42        34 103 105 120 197
         43        119 170 168 46
         44        156 71
         45        177 116 30 65 75
         46        187 89 147
         47        153
         48        114 201 106
         49        100 118
         50        57 112
         51        149 192 49 141 62 176 190
         52        194 32 80 69 191 163 174
         53        59 95 54 43 48 133 60
         54        137 180 50 21 167 76
         55        67 56 166 193 9 200
         56        198 70 109 162 68 102 55 138
         57        84 73 123 45 185 98
         58        13 25 24 74 31 161 44 178
         59        115 110 165 53
         60        38 94 22 148 40 126 124 104 172
         61        61 97
         62        3 135
         63        108 27 2 19 5 20
         64        18 171 1 63
         65        132 35 93 37 145
         66        146
         67        4
         68        142
         69        79 14
         70        179
         72        29
         73        26
         74        159 6



SUMMARY OF MISSING DATA PATTERNS

     Number of missing data patterns             1


     MISSING DATA PATTERNS (x = not missing)

           1
 PER_REFL  x
 ANHEDONI  x


     MISSING DATA PATTERN FREQUENCIES

    Pattern   Frequency
          1        8342


COVARIANCE COVERAGE OF DATA

Minimum covariance coverage value   0.100


     PROPORTION OF DATA PRESENT


           Covariance Coverage
              PER_REFL      ANHEDONI
              ________      ________
 PER_REFL       1.000
 ANHEDONI       1.000         1.000



UNIVARIATE SAMPLE STATISTICS


     UNIVARIATE HIGHER-ORDER MOMENT DESCRIPTIVE STATISTICS

         Variable/         Mean/     Skewness/   Minimum/ % with                Percentiles
        Sample Size      Variance    Kurtosis    Maximum  Min/Max      20%/60%    40%/80%    Median

     PER_REFL             28.249       0.690       0.000    9.55%       6.000     14.000     23.000
            8342.000     570.134      -0.427     100.000    0.48%      32.000     51.000
     ANHEDONIA             0.000       0.602     -18.109    0.58%      -7.568     -3.001     -0.734
             171.000      79.140       0.570      30.237    0.58%       1.474      6.309


THE MODEL ESTIMATION TERMINATED NORMALLY

     USE THE FBITERATIONS OPTION TO INCREASE THE NUMBER OF ITERATIONS BY A FACTOR
     OF AT LEAST TWO TO CHECK CONVERGENCE AND THAT THE PSR VALUE DOES NOT INCREASE.



MODEL FIT INFORMATION

Number of Free Parameters                               4

Bayesian Posterior Predictive Checking using Chi-Square

          95% Confidence Interval for the Difference Between
          the Observed and the Replicated Chi-Square Values

                                 -7.700             9.652

          Posterior Predictive P-Value              0.495

Information Criteria

          Deviance (DIC)                        72885.687
          Estimated Number of Parameters (pD)     166.176



MODEL RESULTS

                                Posterior  One-Tailed         95% C.I.
                    Estimate       S.D.      P-Value   Lower 2.5%  Upper 2.5%  Significance

Within Level

 Variances
    PER_REFL         357.605       5.527      0.000     346.883     369.192      *

Between Level

 PER_REFL   ON
    ANHEDONIA         -0.105       0.132      0.221      -0.372       0.141

 Intercepts
    PER_REFL          28.397       1.167      0.000      26.230      30.725      *

 Residual Variances
    PER_REFL         218.302      26.205      0.000     176.366     279.985      *


STANDARDIZED MODEL RESULTS


STDYX Standardization

                                Posterior  One-Tailed         95% C.I.
                    Estimate       S.D.      P-Value   Lower 2.5%  Upper 2.5%  Significance
Within Level

 Variances
    PER_REFL           1.000       0.000      0.000       1.000       1.000

Between Level

 PER_REFL   ON
    ANHEDONIA         -0.054       0.066      0.221      -0.184       0.072

 Intercepts
    PER_REFL           1.912       0.135      0.000       1.651       2.189      *

 Residual Variances
    PER_REFL           0.996       0.009      0.000       0.966       1.000      *


STDY Standardization

                                Posterior  One-Tailed         95% C.I.
                    Estimate       S.D.      P-Value   Lower 2.5%  Upper 2.5%  Significance
Within Level

 Variances
    PER_REFL           1.000       0.000      0.000       1.000       1.000

Between Level

 PER_REFL   ON
    ANHEDONIA         -0.007       0.009      0.221      -0.025       0.010

 Intercepts
    PER_REFL           1.912       0.135      0.000       1.651       2.189      *

 Residual Variances
    PER_REFL           0.996       0.009      0.000       0.966       1.000      *


STD Standardization

                                Posterior  One-Tailed         95% C.I.
                    Estimate       S.D.      P-Value   Lower 2.5%  Upper 2.5%  Significance
Within Level

 Variances
    PER_REFL         357.605       5.527      0.000     346.883     369.192      *

Between Level

 PER_REFL   ON
    ANHEDONIA         -0.105       0.132      0.221      -0.372       0.141

 Intercepts
    PER_REFL          28.397       1.167      0.000      26.230      30.725      *

 Residual Variances
    PER_REFL         218.302      26.205      0.000     176.366     279.985      *


R-SQUARE

Between Level

                                Posterior  One-Tailed         95% C.I.
    Variable        Estimate       S.D.      P-Value   Lower 2.5%  Upper 2.5%

    PER_REFL           0.004       0.009      0.000       0.000       0.034


CREDIBILITY INTERVALS OF MODEL RESULTS

                  Lower .5%  Lower 2.5%    Lower 5%    Estimate    Upper 5%  Upper 2.5%   Upper .5%

Within Level

 Variances
    PER_REFL       343.502     346.883     348.730     357.605     366.978     369.192     372.271

Between Level

 PER_REFL ON
    ANHEDONIA       -0.453      -0.372      -0.331      -0.105       0.109       0.141       0.207

 Intercepts
    PER_REFL        25.181      26.230      26.493      28.397      30.307      30.725      31.543

 Residual Variances
    PER_REFL       164.296     176.366     182.643     218.302     266.735     279.985     301.936


CREDIBILITY INTERVALS OF STANDARDIZED MODEL RESULTS


STDYX Standardization

                  Lower .5%  Lower 2.5%    Lower 5%    Estimate    Upper 5%  Upper 2.5%   Upper .5%

Within Level

 Variances
    PER_REFL         1.000       1.000       1.000       1.000       1.000       1.000       1.000

Between Level

 PER_REFL ON
    ANHEDONIA       -0.221      -0.184      -0.165      -0.054       0.054       0.072       0.108

 Intercepts
    PER_REFL         1.562       1.651       1.690       1.912       2.134       2.189       2.254

 Residual Variances
    PER_REFL         0.951       0.966       0.973       0.996       1.000       1.000       1.000


STDY Standardization

                  Lower .5%  Lower 2.5%    Lower 5%    Estimate    Upper 5%  Upper 2.5%   Upper .5%

Within Level

 Variances
    PER_REFL         1.000       1.000       1.000       1.000       1.000       1.000       1.000

Between Level

 PER_REFL ON
    ANHEDONIA       -0.029      -0.025      -0.022      -0.007       0.007       0.010       0.014

 Intercepts
    PER_REFL         1.562       1.651       1.690       1.912       2.134       2.189       2.254

 Residual Variances
    PER_REFL         0.951       0.966       0.973       0.996       1.000       1.000       1.000


STD Standardization

                  Lower .5%  Lower 2.5%    Lower 5%    Estimate    Upper 5%  Upper 2.5%   Upper .5%

Within Level

 Variances
    PER_REFL       343.502     346.883     348.730     357.605     366.978     369.192     372.271

Between Level

 PER_REFL ON
    ANHEDONIA       -0.453      -0.372      -0.331      -0.105       0.109       0.141       0.207

 Intercepts
    PER_REFL        25.181      26.230      26.493      28.397      30.307      30.725      31.543

 Residual Variances
    PER_REFL       164.296     176.366     182.643     218.302     266.735     279.985     301.936


TECHNICAL 1 OUTPUT


     PARAMETER SPECIFICATION FOR WITHIN


           NU
              PER_REFL
              ________
                    0


           LAMBDA
              PER_REFL
              ________
 PER_REFL           0


           THETA
              PER_REFL
              ________
 PER_REFL           0


           ALPHA
              PER_REFL
              ________
                    0


           BETA
              PER_REFL
              ________
 PER_REFL           0


           PSI
              PER_REFL
              ________
 PER_REFL           1


     PARAMETER SPECIFICATION FOR BETWEEN


           NU
              PER_REFL      ANHEDONI
              ________      ________
                    0             0


           LAMBDA
              PER_REFL      ANHEDONI
              ________      ________
 PER_REFL           0             0
 ANHEDONI           0             0


           THETA
              PER_REFL      ANHEDONI
              ________      ________
 PER_REFL           0
 ANHEDONI           0             0


           ALPHA
              PER_REFL      ANHEDONI
              ________      ________
                    2             0


           BETA
              PER_REFL      ANHEDONI
              ________      ________
 PER_REFL           0             3
 ANHEDONI           0             0


           PSI
              PER_REFL      ANHEDONI
              ________      ________
 PER_REFL           4
 ANHEDONI           0             0


     STARTING VALUES FOR WITHIN


           NU
              PER_REFL
              ________
                0.000


           LAMBDA
              PER_REFL
              ________
 PER_REFL       1.000


           THETA
              PER_REFL
              ________
 PER_REFL       0.000


           ALPHA
              PER_REFL
              ________
                0.000


           BETA
              PER_REFL
              ________
 PER_REFL       0.000


           PSI
              PER_REFL
              ________
 PER_REFL     285.067


     STARTING VALUES FOR BETWEEN


           NU
              PER_REFL      ANHEDONI
              ________      ________
                0.000         0.000


           LAMBDA
              PER_REFL      ANHEDONI
              ________      ________
 PER_REFL       1.000         0.000
 ANHEDONI       0.000         1.000


           THETA
              PER_REFL      ANHEDONI
              ________      ________
 PER_REFL       0.000
 ANHEDONI       0.000         0.000


           ALPHA
              PER_REFL      ANHEDONI
              ________      ________
               28.249         0.000


           BETA
              PER_REFL      ANHEDONI
              ________      ________
 PER_REFL       0.000         0.000
 ANHEDONI       0.000         0.000


           PSI
              PER_REFL      ANHEDONI
              ________      ________
 PER_REFL     285.067
 ANHEDONI       0.000        39.711



     PRIORS FOR ALL PARAMETERS            PRIOR MEAN      PRIOR VARIANCE     PRIOR STD. DEV.

     Parameter 1~IG(-1.000,0.000)          infinity            infinity            infinity
     Parameter 2~N(0.000,infinity)           0.0000            infinity            infinity
     Parameter 3~N(0.000,infinity)           0.0000            infinity            infinity
     Parameter 4~IG(-1.000,0.000)          infinity            infinity            infinity


TECHNICAL 8 OUTPUT


   TECHNICAL 8 OUTPUT FOR BAYES ESTIMATION

     PROCESSOR    BSEED
     1            0
     2            285380
     3            253358
     4            93468
     5            608496
     6            903420
     7            195873
     8            462953
     9            939021
     10           127215
     11           415931
     12           533738
     13           107446
     14           399671
     15           650371
     16           27071

                     POTENTIAL       PARAMETER WITH
     ITERATION    SCALE REDUCTION      HIGHEST PSR
     100              1.000               1
     200              1.005               3
     300              1.006               3
     400              1.000               1
     500              1.000               1
     600              1.007               3
     700              1.003               3
     800              1.000               3
     900              1.000               1
     1000             1.000               1
     1100             1.000               1
     1200             1.000               1
     1300             1.001               3
     1400             1.001               3
     1500             1.001               3
     1600             1.001               1
     1700             1.002               1
     1800             1.002               1
     1900             1.001               4
     2000             1.001               1


PLOT INFORMATION

The following plots are available:

  Histograms (sample values)
  Scatterplots (sample values)
  Between-level histograms (sample values, sample means/variances)
  Between-level scatterplots (sample values, sample means/variances)
  Bayesian posterior parameter distributions
  Bayesian posterior parameter trace plots
  Bayesian autocorrelation plots
  Bayesian posterior predictive checking scatterplots
  Bayesian posterior predictive checking distribution plots

     Beginning Time:  15:59:45
        Ending Time:  15:59:46
       Elapsed Time:  00:00:01



MUTHEN & MUTHEN
3463 Stoner Ave.
Los Angeles, CA  90066

Tel: (310) 391-9971
Fax: (310) 391-8971
Web: www.StatModel.com
Support: Support@StatModel.com

Copyright (c) 1998-2022 Muthen & Muthen
