Mplus VERSION 8.8
MUTHEN & MUTHEN
07/13/2023   3:57 PM

INPUT INSTRUCTIONS


  DATA:
  FILE IS data10.dat;

  VARIABLE:   NAMES =
  	    Eth_ID Time Time_between Time_inc
  	    PA_enth NA_irri NA_verv PA_tevr PA_ener
       	    PA_kalm NA_nerv PA_daadk NA_verdr
  	    PA_vrol NA_boos PA_dankb NA_somb PER_att
      	    PER_refl PER_self PER_expr PER_damp
  	    PER_codamp PER_capit Sample age_yr gesl BDI
      	    Measures_valid BDI_anh Anhedonia
   	    BDI_sum PA NA day compliance;

              USEVARIABLES are PER_capit Anhedonia;
              MISSING is .;
              within = ;
              between = Anhedonia;
              cluster = Eth_ID;

  DEFINE:     CENTER Anhedonia (grandmean);

  ANALYSIS:   type = twolevel random;
              estimator = Bayes;
              biterations=(2000);
              bconvergence=0.005;
              thin=2;
              PROCESSORS=16;
  MODEL:
  %WITHIN%

  %between%
  PER_capit on Anhedonia;


  OUTPUT: standardized tech1 tech8 cinterval patterns;
  PLOT: TYPE = PLOT3;



*** WARNING in VARIABLE command
  Note that only the first 8 characters of variable names are used in the output.
  Shorten variable names to avoid any confusion.
*** WARNING in MODEL command
  TYPE=RANDOM is used to declare random effect variables in the model.
  No random effect variables were found.  TYPE=RANDOM will be ignored.
*** WARNING in PLOT command
  Note that only the first 8 characters of variable names are used in plots.
  If variable names are not unique within the first 8 characters, problems
  may occur.
*** WARNING
  One or more individual-level variables have no variation within a
  cluster for the following clusters.

     Variable   Cluster IDs with no within-cluster variation

      PER_CAPI    127 177 73 165

*** WARNING
  Data set contains cases with missing on all variables except
  x-variables.  These cases were not included in the analysis.
  Number of cases with missing on all variables except x-variables:  2676
   5 WARNING(S) FOUND IN THE INPUT INSTRUCTIONS




SUMMARY OF ANALYSIS

Number of groups                                                 1
Number of observations                                        7941

Number of dependent variables                                    1
Number of independent variables                                  1
Number of continuous latent variables                            0

Observed dependent variables

  Continuous
   PER_CAPIT

Observed independent variables
   ANHEDONI

Variables with special functions

  Cluster variable      ETH_ID

  Between variables
   ANHEDONI

  Centering (GRANDMEAN)
   ANHEDONI


Estimator                                                    BAYES
Specifications for Bayesian Estimation
  Point estimate                                            MEDIAN
  Number of Markov chain Monte Carlo (MCMC) chains               2
  Random seed for the first chain                                0
  Starting value information                           UNPERTURBED
  Algorithm used for Markov chain Monte Carlo           GIBBS(PX1)
  Convergence criterion                                  0.500D-02
  Maximum number of iterations                               50000
  K-th iteration used for thinning                               2

Input data file(s)
  data10.dat
Input data format  FREE


SUMMARY OF DATA

     Number of clusters                        153

       Size (s)    Cluster ID with Size s

         32        36 131
         33        7 72
         34        117 127 183
         35        11 87 144
         36        16 66 86 42
         37        96 92 111 10 107 151
         38        186
         39        51
         40        39 173 15 88 182
         41        168 77 139
         42        34 120 103 105 197
         43        170 119 46
         44        156 71 116 9
         45        75 65 30 177
         46        89 147 187
         47        201 153
         48        106 114
         49        100 118
         50        62 112
         51        57 192 54 190 149 49 176 141 163
         52        80 194 133 174 191 69 32
         53        60 48 95 59 43
         54        167 137 180 50 193 21 76
         55        166 56 200 67
         56        138 70 68 162 102 55 198 109
         57        123 185 98 73 45 84
         58        13 74 178 161 110 40 44 24 31 25
         59        172 165 115 53
         60        126 94 124 104 38 148 22
         61        97 135 61
         62        108 3
         63        2 27 20 5 19
         64        18 63 171 1
         65        132 35 37 145 93
         66        146
         67        4
         68        142
         69        14 79
         70        179
         72        29
         73        26
         74        6 159



SUMMARY OF MISSING DATA PATTERNS

     Number of missing data patterns             1


     MISSING DATA PATTERNS (x = not missing)

           1
 PER_CAPI  x
 ANHEDONI  x


     MISSING DATA PATTERN FREQUENCIES

    Pattern   Frequency
          1        7941


COVARIANCE COVERAGE OF DATA

Minimum covariance coverage value   0.100


     PROPORTION OF DATA PRESENT


           Covariance Coverage
              PER_CAPI      ANHEDONI
              ________      ________
 PER_CAPI       1.000
 ANHEDONI       1.000         1.000



UNIVARIATE SAMPLE STATISTICS


     UNIVARIATE HIGHER-ORDER MOMENT DESCRIPTIVE STATISTICS

         Variable/         Mean/     Skewness/   Minimum/ % with                Percentiles
        Sample Size      Variance    Kurtosis    Maximum  Min/Max      20%/60%    40%/80%    Median

     PER_CAPIT            23.678       1.014       0.000   17.10%       2.000      7.000     11.000
            7941.000     661.981      -0.112     100.000    1.02%      19.000     50.000
     ANHEDONIA             0.000       0.640     -18.368    0.65%      -7.318     -2.912     -0.923
             153.000      80.541       0.592      29.977    0.65%       1.246      6.129


THE MODEL ESTIMATION TERMINATED NORMALLY

     USE THE FBITERATIONS OPTION TO INCREASE THE NUMBER OF ITERATIONS BY A FACTOR
     OF AT LEAST TWO TO CHECK CONVERGENCE AND THAT THE PSR VALUE DOES NOT INCREASE.



MODEL FIT INFORMATION

Number of Free Parameters                               4

Bayesian Posterior Predictive Checking using Chi-Square

          95% Confidence Interval for the Difference Between
          the Observed and the Replicated Chi-Square Values

                                 -8.909            11.299

          Posterior Predictive P-Value              0.490

Information Criteria

          Deviance (DIC)                        69908.078
          Estimated Number of Parameters (pD)     150.532



MODEL RESULTS

                                Posterior  One-Tailed         95% C.I.
                    Estimate       S.D.      P-Value   Lower 2.5%  Upper 2.5%  Significance

Within Level

 Variances
    PER_CAPIT        382.575       6.137      0.000     370.800     394.186      *

Between Level

 PER_CAPIT  ON
    ANHEDONIA         -0.272       0.152      0.036      -0.568       0.023

 Intercepts
    PER_CAPIT         23.688       1.407      0.000      20.941      26.358      *

 Residual Variances
    PER_CAPIT        286.157      34.500      0.000     227.071     363.183      *


STANDARDIZED MODEL RESULTS


STDYX Standardization

                                Posterior  One-Tailed         95% C.I.
                    Estimate       S.D.      P-Value   Lower 2.5%  Upper 2.5%  Significance
Within Level

 Variances
    PER_CAPIT          1.000       0.000      0.000       1.000       1.000

Between Level

 PER_CAPIT  ON
    ANHEDONIA         -0.126       0.069      0.036      -0.256       0.010

 Intercepts
    PER_CAPIT          1.385       0.117      0.000       1.171       1.618      *

 Residual Variances
    PER_CAPIT          0.984       0.018      0.000       0.935       1.000      *


STDY Standardization

                                Posterior  One-Tailed         95% C.I.
                    Estimate       S.D.      P-Value   Lower 2.5%  Upper 2.5%  Significance
Within Level

 Variances
    PER_CAPIT          1.000       0.000      0.000       1.000       1.000

Between Level

 PER_CAPIT  ON
    ANHEDONIA         -0.016       0.009      0.036      -0.033       0.001

 Intercepts
    PER_CAPIT          1.385       0.117      0.000       1.171       1.618      *

 Residual Variances
    PER_CAPIT          0.984       0.018      0.000       0.935       1.000      *


STD Standardization

                                Posterior  One-Tailed         95% C.I.
                    Estimate       S.D.      P-Value   Lower 2.5%  Upper 2.5%  Significance
Within Level

 Variances
    PER_CAPIT        382.575       6.137      0.000     370.800     394.186      *

Between Level

 PER_CAPIT  ON
    ANHEDONIA         -0.272       0.152      0.036      -0.568       0.023

 Intercepts
    PER_CAPIT         23.688       1.407      0.000      20.941      26.358      *

 Residual Variances
    PER_CAPIT        286.157      34.500      0.000     227.071     363.183      *


R-SQUARE

Between Level

                                Posterior  One-Tailed         95% C.I.
    Variable        Estimate       S.D.      P-Value   Lower 2.5%  Upper 2.5%

    PER_CAPIT          0.016       0.018      0.000       0.000       0.065


CREDIBILITY INTERVALS OF MODEL RESULTS

                  Lower .5%  Lower 2.5%    Lower 5%    Estimate    Upper 5%  Upper 2.5%   Upper .5%

Within Level

 Variances
    PER_CAPIT      366.756     370.800     372.501     382.575     392.445     394.186     398.995

Between Level

 PER_CAPI ON
    ANHEDONIA       -0.674      -0.568      -0.523      -0.272      -0.025       0.023       0.124

 Intercepts
    PER_CAPIT       20.119      20.941      21.308      23.688      25.938      26.358      27.319

 Residual Variances
    PER_CAPIT      210.532     227.071     236.143     286.157     349.204     363.183     388.029


CREDIBILITY INTERVALS OF STANDARDIZED MODEL RESULTS


STDYX Standardization

                  Lower .5%  Lower 2.5%    Lower 5%    Estimate    Upper 5%  Upper 2.5%   Upper .5%

Within Level

 Variances
    PER_CAPIT        1.000       1.000       1.000       1.000       1.000       1.000       1.000

Between Level

 PER_CAPI ON
    ANHEDONIA       -0.296      -0.256      -0.239      -0.126      -0.012       0.010       0.059

 Intercepts
    PER_CAPIT        1.101       1.171       1.199       1.385       1.587       1.618       1.704

 Residual Variances
    PER_CAPIT        0.912       0.935       0.943       0.984       0.999       1.000       1.000


STDY Standardization

                  Lower .5%  Lower 2.5%    Lower 5%    Estimate    Upper 5%  Upper 2.5%   Upper .5%

Within Level

 Variances
    PER_CAPIT        1.000       1.000       1.000       1.000       1.000       1.000       1.000

Between Level

 PER_CAPI ON
    ANHEDONIA       -0.038      -0.033      -0.030      -0.016      -0.002       0.001       0.007

 Intercepts
    PER_CAPIT        1.101       1.171       1.199       1.385       1.587       1.618       1.704

 Residual Variances
    PER_CAPIT        0.912       0.935       0.943       0.984       0.999       1.000       1.000


STD Standardization

                  Lower .5%  Lower 2.5%    Lower 5%    Estimate    Upper 5%  Upper 2.5%   Upper .5%

Within Level

 Variances
    PER_CAPIT      366.756     370.800     372.501     382.575     392.445     394.186     398.995

Between Level

 PER_CAPI ON
    ANHEDONIA       -0.674      -0.568      -0.523      -0.272      -0.025       0.023       0.124

 Intercepts
    PER_CAPIT       20.119      20.941      21.308      23.688      25.938      26.358      27.319

 Residual Variances
    PER_CAPIT      210.532     227.071     236.143     286.157     349.204     363.183     388.029


TECHNICAL 1 OUTPUT


     PARAMETER SPECIFICATION FOR WITHIN


           NU
              PER_CAPI
              ________
                    0


           LAMBDA
              PER_CAPI
              ________
 PER_CAPI           0


           THETA
              PER_CAPI
              ________
 PER_CAPI           0


           ALPHA
              PER_CAPI
              ________
                    0


           BETA
              PER_CAPI
              ________
 PER_CAPI           0


           PSI
              PER_CAPI
              ________
 PER_CAPI           1


     PARAMETER SPECIFICATION FOR BETWEEN


           NU
              PER_CAPI      ANHEDONI
              ________      ________
                    0             0


           LAMBDA
              PER_CAPI      ANHEDONI
              ________      ________
 PER_CAPI           0             0
 ANHEDONI           0             0


           THETA
              PER_CAPI      ANHEDONI
              ________      ________
 PER_CAPI           0
 ANHEDONI           0             0


           ALPHA
              PER_CAPI      ANHEDONI
              ________      ________
                    2             0


           BETA
              PER_CAPI      ANHEDONI
              ________      ________
 PER_CAPI           0             3
 ANHEDONI           0             0


           PSI
              PER_CAPI      ANHEDONI
              ________      ________
 PER_CAPI           4
 ANHEDONI           0             0


     STARTING VALUES FOR WITHIN


           NU
              PER_CAPI
              ________
                0.000


           LAMBDA
              PER_CAPI
              ________
 PER_CAPI       1.000


           THETA
              PER_CAPI
              ________
 PER_CAPI       0.000


           ALPHA
              PER_CAPI
              ________
                0.000


           BETA
              PER_CAPI
              ________
 PER_CAPI       0.000


           PSI
              PER_CAPI
              ________
 PER_CAPI     330.991


     STARTING VALUES FOR BETWEEN


           NU
              PER_CAPI      ANHEDONI
              ________      ________
                0.000         0.000


           LAMBDA
              PER_CAPI      ANHEDONI
              ________      ________
 PER_CAPI       1.000         0.000
 ANHEDONI       0.000         1.000


           THETA
              PER_CAPI      ANHEDONI
              ________      ________
 PER_CAPI       0.000
 ANHEDONI       0.000         0.000


           ALPHA
              PER_CAPI      ANHEDONI
              ________      ________
               23.678         0.000


           BETA
              PER_CAPI      ANHEDONI
              ________      ________
 PER_CAPI       0.000         0.000
 ANHEDONI       0.000         0.000


           PSI
              PER_CAPI      ANHEDONI
              ________      ________
 PER_CAPI     330.991
 ANHEDONI       0.000        40.088



     PRIORS FOR ALL PARAMETERS            PRIOR MEAN      PRIOR VARIANCE     PRIOR STD. DEV.

     Parameter 1~IG(-1.000,0.000)          infinity            infinity            infinity
     Parameter 2~N(0.000,infinity)           0.0000            infinity            infinity
     Parameter 3~N(0.000,infinity)           0.0000            infinity            infinity
     Parameter 4~IG(-1.000,0.000)          infinity            infinity            infinity


TECHNICAL 8 OUTPUT


   TECHNICAL 8 OUTPUT FOR BAYES ESTIMATION

     PROCESSOR    BSEED
     1            0
     2            285380
     3            253358
     4            93468
     5            608496
     6            903420
     7            195873
     8            462953
     9            939021
     10           127215
     11           415931
     12           533738
     13           107446
     14           399671
     15           650371
     16           27071

                     POTENTIAL       PARAMETER WITH
     ITERATION    SCALE REDUCTION      HIGHEST PSR
     100              1.033               2
     200              1.016               1
     300              1.010               4
     400              1.005               2
     500              1.001               3
     600              1.006               3
     700              1.002               3
     800              1.000               1
     900              1.001               3
     1000             1.000               1
     1100             1.000               2
     1200             1.000               1
     1300             1.000               1
     1400             1.000               1
     1500             1.001               4
     1600             1.000               4
     1700             1.000               4
     1800             1.000               1
     1900             1.000               4
     2000             1.000               4


PLOT INFORMATION

The following plots are available:

  Histograms (sample values)
  Scatterplots (sample values)
  Between-level histograms (sample values, sample means/variances)
  Between-level scatterplots (sample values, sample means/variances)
  Bayesian posterior parameter distributions
  Bayesian posterior parameter trace plots
  Bayesian autocorrelation plots
  Bayesian posterior predictive checking scatterplots
  Bayesian posterior predictive checking distribution plots

     Beginning Time:  15:57:56
        Ending Time:  15:57:58
       Elapsed Time:  00:00:02



MUTHEN & MUTHEN
3463 Stoner Ave.
Los Angeles, CA  90066

Tel: (310) 391-9971
Fax: (310) 391-8971
Web: www.StatModel.com
Support: Support@StatModel.com

Copyright (c) 1998-2022 Muthen & Muthen
