Mplus VERSION 8.8
MUTHEN & MUTHEN
07/13/2023   3:58 PM

INPUT INSTRUCTIONS


  DATA:
  FILE IS data8.dat;

  VARIABLE:   NAMES =
  	    Eth_ID Time Time_between Time_inc
  	    PA_enth NA_irri NA_verv PA_tevr PA_ener
       	    PA_kalm NA_nerv PA_daadk NA_verdr
  	    PA_vrol NA_boos PA_dankb NA_somb PER_att
      	    PER_refl PER_self PER_expr PER_damp
  	    PER_codamp PER_capit Sample age_yr gesl BDI
      	    Measures_valid BDI_anh Anhedonia
   	    BDI_sum PA NA day compliance;

              USEVARIABLES are PER_codamp Anhedonia;
              MISSING is .;
              within = ;
              between = Anhedonia;
              cluster = Eth_ID;

  DEFINE:     CENTER Anhedonia (grandmean);

  ANALYSIS:   type = twolevel random;
              estimator = Bayes;
              biterations=(2000);
              bconvergence=0.005;
              thin=2;
              PROCESSORS=16;
  MODEL:
  %WITHIN%

  %between%
  PER_codamp on Anhedonia;


  OUTPUT: standardized tech1 tech8 cinterval patterns;
  PLOT: TYPE = PLOT3;



*** WARNING in VARIABLE command
  Note that only the first 8 characters of variable names are used in the output.
  Shorten variable names to avoid any confusion.
*** WARNING in MODEL command
  TYPE=RANDOM is used to declare random effect variables in the model.
  No random effect variables were found.  TYPE=RANDOM will be ignored.
*** WARNING in PLOT command
  Note that only the first 8 characters of variable names are used in plots.
  If variable names are not unique within the first 8 characters, problems
  may occur.
*** WARNING
  One or more individual-level variables have no variation within a
  cluster for the following clusters.

     Variable   Cluster IDs with no within-cluster variation

      PER_CODA    82 127 71 177 89 73 165 148

*** WARNING
  Data set contains cases with missing on all variables except
  x-variables.  These cases were not included in the analysis.
  Number of cases with missing on all variables except x-variables:  2795
   5 WARNING(S) FOUND IN THE INPUT INSTRUCTIONS




SUMMARY OF ANALYSIS

Number of groups                                                 1
Number of observations                                        8036

Number of dependent variables                                    1
Number of independent variables                                  1
Number of continuous latent variables                            0

Observed dependent variables

  Continuous
   PER_CODAMP

Observed independent variables
   ANHEDONI

Variables with special functions

  Cluster variable      ETH_ID

  Between variables
   ANHEDONI

  Centering (GRANDMEAN)
   ANHEDONI


Estimator                                                    BAYES
Specifications for Bayesian Estimation
  Point estimate                                            MEDIAN
  Number of Markov chain Monte Carlo (MCMC) chains               2
  Random seed for the first chain                                0
  Starting value information                           UNPERTURBED
  Algorithm used for Markov chain Monte Carlo           GIBBS(PX1)
  Convergence criterion                                  0.500D-02
  Maximum number of iterations                               50000
  K-th iteration used for thinning                               2

Input data file(s)
  data8.dat
Input data format  FREE


SUMMARY OF DATA

     Number of clusters                        157

       Size (s)    Cluster ID with Size s

         25        82
         26        28
         28        52
         30        195
         31        36
         32        72 131
         33        7
         34        117 127 183
         35        87 11 144
         36        66 16 86 42
         37        107 96 92 111 120 10 151
         38        186
         39        51
         40        182 39 15 88 173
         41        9 77 139
         42        197 106 103 34 168 105
         43        46 119
         44        116 156 170 71
         45        30 65 75 177
         46        89 187 147
         47        153
         48        201 114
         49        118 57 100
         50        62 54 112
         51        141 149 49 190 176 192 163
         52        174 194 80 69 133 191 32
         53        43 95 59 60 48
         54        167 137 76 50 193 21 180
         55        56 166 67 200
         56        138 70 198 102 162 55 109 68
         57        185 98 73 45 123 84
         58        74 178 24 44 31 25 161 13
         59        115 172 110 53 165 40
         60        94 22 148 126 104 38 124
         61        135 61 97
         62        108 3
         63        27 19 20 2 5
         64        18 171 63 1
         65        132 35 145 37 93
         66        146
         67        4
         68        142
         69        79 14
         70        179
         72        29
         73        26
         74        159 6



SUMMARY OF MISSING DATA PATTERNS

     Number of missing data patterns             1


     MISSING DATA PATTERNS (x = not missing)

           1
 PER_CODA  x
 ANHEDONI  x


     MISSING DATA PATTERN FREQUENCIES

    Pattern   Frequency
          1        8036


COVARIANCE COVERAGE OF DATA

Minimum covariance coverage value   0.100


     PROPORTION OF DATA PRESENT


           Covariance Coverage
              PER_CODA      ANHEDONI
              ________      ________
 PER_CODA       1.000
 ANHEDONI       1.000         1.000



UNIVARIATE SAMPLE STATISTICS


     UNIVARIATE HIGHER-ORDER MOMENT DESCRIPTIVE STATISTICS

         Variable/         Mean/     Skewness/   Minimum/ % with                Percentiles
        Sample Size      Variance    Kurtosis    Maximum  Min/Max      20%/60%    40%/80%    Median

     PER_CODAMP            9.780       2.491       0.000   25.16%       0.000      4.000      6.000
            8036.000     179.514       6.919     100.000    0.01%       7.000     14.000
     ANHEDONIA             0.000       0.640     -18.384    0.64%      -7.334     -2.928     -0.938
             157.000      78.868       0.647      29.962    0.64%       1.230      6.114


THE MODEL ESTIMATION TERMINATED NORMALLY

     USE THE FBITERATIONS OPTION TO INCREASE THE NUMBER OF ITERATIONS BY A FACTOR
     OF AT LEAST TWO TO CHECK CONVERGENCE AND THAT THE PSR VALUE DOES NOT INCREASE.



MODEL FIT INFORMATION

Number of Free Parameters                               4

Bayesian Posterior Predictive Checking using Chi-Square

          95% Confidence Interval for the Difference Between
          the Observed and the Replicated Chi-Square Values

                                 -8.734            11.278

          Posterior Predictive P-Value              0.530

Information Criteria

          Deviance (DIC)                        58696.397
          Estimated Number of Parameters (pD)     154.294



MODEL RESULTS

                                Posterior  One-Tailed         95% C.I.
                    Estimate       S.D.      P-Value   Lower 2.5%  Upper 2.5%  Significance

Within Level

 Variances
    PER_CODAMP        85.397       1.359      0.000      82.844      88.046      *

Between Level

 PER_CODAMP ON
    ANHEDONIA          0.047       0.096      0.317      -0.147       0.231

 Intercepts
    PER_CODAMP        10.085       0.859      0.000       8.366      11.722      *

 Residual Variances
    PER_CODAMP       108.676      13.014      0.000      87.833     138.187      *


STANDARDIZED MODEL RESULTS


STDYX Standardization

                                Posterior  One-Tailed         95% C.I.
                    Estimate       S.D.      P-Value   Lower 2.5%  Upper 2.5%  Significance
Within Level

 Variances
    PER_CODAMP         1.000       0.000      0.000       1.000       1.000

Between Level

 PER_CODAMP ON
    ANHEDONIA          0.031       0.065      0.317      -0.100       0.154

 Intercepts
    PER_CODAMP         0.963       0.100      0.000       0.765       1.159      *

 Residual Variances
    PER_CODAMP         0.997       0.007      0.000       0.975       1.000      *


STDY Standardization

                                Posterior  One-Tailed         95% C.I.
                    Estimate       S.D.      P-Value   Lower 2.5%  Upper 2.5%  Significance
Within Level

 Variances
    PER_CODAMP         1.000       0.000      0.000       1.000       1.000

Between Level

 PER_CODAMP ON
    ANHEDONIA          0.004       0.009      0.317      -0.014       0.021

 Intercepts
    PER_CODAMP         0.963       0.100      0.000       0.765       1.159      *

 Residual Variances
    PER_CODAMP         0.997       0.007      0.000       0.975       1.000      *


STD Standardization

                                Posterior  One-Tailed         95% C.I.
                    Estimate       S.D.      P-Value   Lower 2.5%  Upper 2.5%  Significance
Within Level

 Variances
    PER_CODAMP        85.397       1.359      0.000      82.844      88.046      *

Between Level

 PER_CODAMP ON
    ANHEDONIA          0.047       0.096      0.317      -0.147       0.231

 Intercepts
    PER_CODAMP        10.085       0.859      0.000       8.366      11.722      *

 Residual Variances
    PER_CODAMP       108.676      13.014      0.000      87.833     138.187      *


R-SQUARE

Between Level

                                Posterior  One-Tailed         95% C.I.
    Variable        Estimate       S.D.      P-Value   Lower 2.5%  Upper 2.5%

    PER_CODAMP         0.003       0.007      0.000       0.000       0.024


CREDIBILITY INTERVALS OF MODEL RESULTS

                  Lower .5%  Lower 2.5%    Lower 5%    Estimate    Upper 5%  Upper 2.5%   Upper .5%

Within Level

 Variances
    PER_CODAMP      81.893      82.844      83.223      85.397      87.685      88.046      88.889

Between Level

 PER_CODA ON
    ANHEDONIA       -0.203      -0.147      -0.116       0.047       0.199       0.231       0.293

 Intercepts
    PER_CODAMP       7.778       8.366       8.665      10.085      11.469      11.722      12.294

 Residual Variances
    PER_CODAMP      81.959      87.833      89.826     108.676     132.741     138.187     147.071


CREDIBILITY INTERVALS OF STANDARDIZED MODEL RESULTS


STDYX Standardization

                  Lower .5%  Lower 2.5%    Lower 5%    Estimate    Upper 5%  Upper 2.5%   Upper .5%

Within Level

 Variances
    PER_CODAMP       1.000       1.000       1.000       1.000       1.000       1.000       1.000

Between Level

 PER_CODA ON
    ANHEDONIA       -0.136      -0.100      -0.078       0.031       0.137       0.154       0.197

 Intercepts
    PER_CODAMP       0.709       0.765       0.800       0.963       1.129       1.159       1.209

 Residual Variances
    PER_CODAMP       0.959       0.975       0.981       0.997       1.000       1.000       1.000


STDY Standardization

                  Lower .5%  Lower 2.5%    Lower 5%    Estimate    Upper 5%  Upper 2.5%   Upper .5%

Within Level

 Variances
    PER_CODAMP       1.000       1.000       1.000       1.000       1.000       1.000       1.000

Between Level

 PER_CODA ON
    ANHEDONIA       -0.019      -0.014      -0.011       0.004       0.019       0.021       0.027

 Intercepts
    PER_CODAMP       0.709       0.765       0.800       0.963       1.129       1.159       1.209

 Residual Variances
    PER_CODAMP       0.959       0.975       0.981       0.997       1.000       1.000       1.000


STD Standardization

                  Lower .5%  Lower 2.5%    Lower 5%    Estimate    Upper 5%  Upper 2.5%   Upper .5%

Within Level

 Variances
    PER_CODAMP      81.893      82.844      83.223      85.397      87.685      88.046      88.889

Between Level

 PER_CODA ON
    ANHEDONIA       -0.203      -0.147      -0.116       0.047       0.199       0.231       0.293

 Intercepts
    PER_CODAMP       7.778       8.366       8.665      10.085      11.469      11.722      12.294

 Residual Variances
    PER_CODAMP      81.959      87.833      89.826     108.676     132.741     138.187     147.071


TECHNICAL 1 OUTPUT


     PARAMETER SPECIFICATION FOR WITHIN


           NU
              PER_CODA
              ________
                    0


           LAMBDA
              PER_CODA
              ________
 PER_CODA           0


           THETA
              PER_CODA
              ________
 PER_CODA           0


           ALPHA
              PER_CODA
              ________
                    0


           BETA
              PER_CODA
              ________
 PER_CODA           0


           PSI
              PER_CODA
              ________
 PER_CODA           1


     PARAMETER SPECIFICATION FOR BETWEEN


           NU
              PER_CODA      ANHEDONI
              ________      ________
                    0             0


           LAMBDA
              PER_CODA      ANHEDONI
              ________      ________
 PER_CODA           0             0
 ANHEDONI           0             0


           THETA
              PER_CODA      ANHEDONI
              ________      ________
 PER_CODA           0
 ANHEDONI           0             0


           ALPHA
              PER_CODA      ANHEDONI
              ________      ________
                    2             0


           BETA
              PER_CODA      ANHEDONI
              ________      ________
 PER_CODA           0             3
 ANHEDONI           0             0


           PSI
              PER_CODA      ANHEDONI
              ________      ________
 PER_CODA           4
 ANHEDONI           0             0


     STARTING VALUES FOR WITHIN


           NU
              PER_CODA
              ________
                0.000


           LAMBDA
              PER_CODA
              ________
 PER_CODA       1.000


           THETA
              PER_CODA
              ________
 PER_CODA       0.000


           ALPHA
              PER_CODA
              ________
                0.000


           BETA
              PER_CODA
              ________
 PER_CODA       0.000


           PSI
              PER_CODA
              ________
 PER_CODA      89.757


     STARTING VALUES FOR BETWEEN


           NU
              PER_CODA      ANHEDONI
              ________      ________
                0.000         0.000


           LAMBDA
              PER_CODA      ANHEDONI
              ________      ________
 PER_CODA       1.000         0.000
 ANHEDONI       0.000         1.000


           THETA
              PER_CODA      ANHEDONI
              ________      ________
 PER_CODA       0.000
 ANHEDONI       0.000         0.000


           ALPHA
              PER_CODA      ANHEDONI
              ________      ________
                9.780         0.000


           BETA
              PER_CODA      ANHEDONI
              ________      ________
 PER_CODA       0.000         0.000
 ANHEDONI       0.000         0.000


           PSI
              PER_CODA      ANHEDONI
              ________      ________
 PER_CODA      89.757
 ANHEDONI       0.000        39.683



     PRIORS FOR ALL PARAMETERS            PRIOR MEAN      PRIOR VARIANCE     PRIOR STD. DEV.

     Parameter 1~IG(-1.000,0.000)          infinity            infinity            infinity
     Parameter 2~N(0.000,infinity)           0.0000            infinity            infinity
     Parameter 3~N(0.000,infinity)           0.0000            infinity            infinity
     Parameter 4~IG(-1.000,0.000)          infinity            infinity            infinity


TECHNICAL 8 OUTPUT


   TECHNICAL 8 OUTPUT FOR BAYES ESTIMATION

     PROCESSOR    BSEED
     1            0
     2            285380
     3            253358
     4            93468
     5            608496
     6            903420
     7            195873
     8            462953
     9            939021
     10           127215
     11           415931
     12           533738
     13           107446
     14           399671
     15           650371
     16           27071

                     POTENTIAL       PARAMETER WITH
     ITERATION    SCALE REDUCTION      HIGHEST PSR
     100              1.014               4
     200              1.000               1
     300              1.000               1
     400              1.000               1
     500              1.000               1
     600              1.000               1
     700              1.001               2
     800              1.003               2
     900              1.001               2
     1000             1.003               2
     1100             1.000               1
     1200             1.002               4
     1300             1.002               4
     1400             1.002               4
     1500             1.001               4
     1600             1.001               4
     1700             1.001               4
     1800             1.001               4
     1900             1.001               4
     2000             1.000               4


PLOT INFORMATION

The following plots are available:

  Histograms (sample values)
  Scatterplots (sample values)
  Between-level histograms (sample values, sample means/variances)
  Between-level scatterplots (sample values, sample means/variances)
  Bayesian posterior parameter distributions
  Bayesian posterior parameter trace plots
  Bayesian autocorrelation plots
  Bayesian posterior predictive checking scatterplots
  Bayesian posterior predictive checking distribution plots

     Beginning Time:  15:58:36
        Ending Time:  15:58:38
       Elapsed Time:  00:00:02



MUTHEN & MUTHEN
3463 Stoner Ave.
Los Angeles, CA  90066

Tel: (310) 391-9971
Fax: (310) 391-8971
Web: www.StatModel.com
Support: Support@StatModel.com

Copyright (c) 1998-2022 Muthen & Muthen
