Mplus VERSION 8.8
MUTHEN & MUTHEN
07/13/2023   3:58 PM

INPUT INSTRUCTIONS


  DATA:
  FILE IS data11.dat;

  VARIABLE:   NAMES =
  	    Eth_ID Time Time_between Time_inc
  	    PA_enth NA_irri NA_verv PA_tevr PA_ener
       	    PA_kalm NA_nerv PA_daadk NA_verdr
  	    PA_vrol NA_boos PA_dankb NA_somb PER_att
      	    PER_refl PER_self PER_expr PER_damp
  	    PER_codamp PER_capit Sample age_yr gesl BDI
      	    Measures_valid BDI_anh Anhedonia
   	    BDI_sum PA NA day compliance;

              USEVARIABLES are PER_codamp Anhedonia;
              MISSING is .;
              within = ;
              between = Anhedonia;
              cluster = Eth_ID;

  DEFINE:     CENTER Anhedonia (grandmean);

  ANALYSIS:   type = twolevel random;
              estimator = Bayes;
              biterations=(2000);
              bconvergence=0.005;
              thin=2;
              PROCESSORS=16;
  MODEL:
  %WITHIN%

  %between%
  PER_codamp on Anhedonia;


  OUTPUT: standardized tech1 tech8 cinterval patterns;
  PLOT: TYPE = PLOT3;



*** WARNING in VARIABLE command
  Note that only the first 8 characters of variable names are used in the output.
  Shorten variable names to avoid any confusion.
*** WARNING in MODEL command
  TYPE=RANDOM is used to declare random effect variables in the model.
  No random effect variables were found.  TYPE=RANDOM will be ignored.
*** WARNING in PLOT command
  Note that only the first 8 characters of variable names are used in plots.
  If variable names are not unique within the first 8 characters, problems
  may occur.
*** WARNING
  One or more individual-level variables have no variation within a
  cluster for the following clusters.

     Variable   Cluster IDs with no within-cluster variation

      PER_CODA    71 177 89 73 165 148

*** WARNING
  Data set contains cases with missing on all variables except
  x-variables.  These cases were not included in the analysis.
  Number of cases with missing on all variables except x-variables:  2526
   5 WARNING(S) FOUND IN THE INPUT INSTRUCTIONS




SUMMARY OF ANALYSIS

Number of groups                                                 1
Number of observations                                        7728

Number of dependent variables                                    1
Number of independent variables                                  1
Number of continuous latent variables                            0

Observed dependent variables

  Continuous
   PER_CODAMP

Observed independent variables
   ANHEDONI

Variables with special functions

  Cluster variable      ETH_ID

  Between variables
   ANHEDONI

  Centering (GRANDMEAN)
   ANHEDONI


Estimator                                                    BAYES
Specifications for Bayesian Estimation
  Point estimate                                            MEDIAN
  Number of Markov chain Monte Carlo (MCMC) chains               2
  Random seed for the first chain                                0
  Starting value information                           UNPERTURBED
  Algorithm used for Markov chain Monte Carlo           GIBBS(PX1)
  Convergence criterion                                  0.500D-02
  Maximum number of iterations                               50000
  K-th iteration used for thinning                               2

Input data file(s)
  data11.dat
Input data format  FREE


SUMMARY OF DATA

     Number of clusters                        147

       Size (s)    Cluster ID with Size s

         31        36
         35        11 87 144
         36        66 86 16 42
         37        120 107 96 92 111 10 151
         38        186
         39        51
         40        173 88 182 39 15
         41        9 139 77
         42        106 168 105 103 197 34
         43        46 119
         44        116 71 156 170
         45        30 177 75 65
         46        187 147 89
         47        153
         48        201 114
         49        100 118 57
         50        112 54 62
         51        190 141 49 149 176 163 192
         52        32 194 174 133 69 191 80
         53        43 60 95 59 48
         54        180 167 137 193 76 50 21
         55        67 166 56 200
         56        70 138 109 68 162 198 102 55
         57        123 98 185 45 73 84
         58        178 24 13 161 31 74 25 44
         59        115 40 165 110 53 172
         60        94 124 38 22 104 148 126
         61        61 97 135
         62        108 3
         63        5 20 19 2 27
         64        1 63 18 171
         65        93 132 145 37 35
         66        146
         67        4
         68        142
         69        79 14
         70        179
         72        29
         73        26
         74        159 6



SUMMARY OF MISSING DATA PATTERNS

     Number of missing data patterns             1


     MISSING DATA PATTERNS (x = not missing)

           1
 PER_CODA  x
 ANHEDONI  x


     MISSING DATA PATTERN FREQUENCIES

    Pattern   Frequency
          1        7728


COVARIANCE COVERAGE OF DATA

Minimum covariance coverage value   0.100


     PROPORTION OF DATA PRESENT


           Covariance Coverage
              PER_CODA      ANHEDONI
              ________      ________
 PER_CODA       1.000
 ANHEDONI       1.000         1.000



UNIVARIATE SAMPLE STATISTICS


     UNIVARIATE HIGHER-ORDER MOMENT DESCRIPTIVE STATISTICS

         Variable/         Mean/     Skewness/   Minimum/ % with                Percentiles
        Sample Size      Variance    Kurtosis    Maximum  Min/Max      20%/60%    40%/80%    Median

     PER_CODAMP            9.586       2.537       0.000   25.36%       0.000      4.000      6.000
            7728.000     173.178       7.323     100.000    0.01%       7.000     14.000
     ANHEDONIA             0.000       0.610     -18.524    0.68%      -7.474     -3.035     -0.999
             147.000      82.206       0.529      29.822    0.68%       1.184      6.801


THE MODEL ESTIMATION TERMINATED NORMALLY

     USE THE FBITERATIONS OPTION TO INCREASE THE NUMBER OF ITERATIONS BY A FACTOR
     OF AT LEAST TWO TO CHECK CONVERGENCE AND THAT THE PSR VALUE DOES NOT INCREASE.



MODEL FIT INFORMATION

Number of Free Parameters                               4

Bayesian Posterior Predictive Checking using Chi-Square

          95% Confidence Interval for the Difference Between
          the Observed and the Replicated Chi-Square Values

                                 -7.699             9.774

          Posterior Predictive P-Value              0.446

Information Criteria

          Deviance (DIC)                        56351.461
          Estimated Number of Parameters (pD)     145.273



MODEL RESULTS

                                Posterior  One-Tailed         95% C.I.
                    Estimate       S.D.      P-Value   Lower 2.5%  Upper 2.5%  Significance

Within Level

 Variances
    PER_CODAMP        84.360       1.385      0.000      81.689      87.095      *

Between Level

 PER_CODAMP ON
    ANHEDONIA          0.017       0.092      0.431      -0.171       0.196

 Intercepts
    PER_CODAMP         9.807       0.826      0.000       8.159      11.353      *

 Residual Variances
    PER_CODAMP        99.381      12.316      0.000      78.683     127.005      *


STANDARDIZED MODEL RESULTS


STDYX Standardization

                                Posterior  One-Tailed         95% C.I.
                    Estimate       S.D.      P-Value   Lower 2.5%  Upper 2.5%  Significance
Within Level

 Variances
    PER_CODAMP         1.000       0.000      0.000       1.000       1.000

Between Level

 PER_CODAMP ON
    ANHEDONIA          0.014       0.078      0.431      -0.147       0.170

 Intercepts
    PER_CODAMP         0.983       0.103      0.000       0.777       1.183      *

 Residual Variances
    PER_CODAMP         0.997       0.009      0.000       0.967       1.000      *


STDY Standardization

                                Posterior  One-Tailed         95% C.I.
                    Estimate       S.D.      P-Value   Lower 2.5%  Upper 2.5%  Significance
Within Level

 Variances
    PER_CODAMP         1.000       0.000      0.000       1.000       1.000

Between Level

 PER_CODAMP ON
    ANHEDONIA          0.002       0.009      0.431      -0.017       0.020

 Intercepts
    PER_CODAMP         0.983       0.103      0.000       0.777       1.183      *

 Residual Variances
    PER_CODAMP         0.997       0.009      0.000       0.967       1.000      *


STD Standardization

                                Posterior  One-Tailed         95% C.I.
                    Estimate       S.D.      P-Value   Lower 2.5%  Upper 2.5%  Significance
Within Level

 Variances
    PER_CODAMP        84.360       1.385      0.000      81.689      87.095      *

Between Level

 PER_CODAMP ON
    ANHEDONIA          0.017       0.092      0.431      -0.171       0.196

 Intercepts
    PER_CODAMP         9.807       0.826      0.000       8.159      11.353      *

 Residual Variances
    PER_CODAMP        99.381      12.316      0.000      78.683     127.005      *


R-SQUARE

Between Level

                                Posterior  One-Tailed         95% C.I.
    Variable        Estimate       S.D.      P-Value   Lower 2.5%  Upper 2.5%

    PER_CODAMP         0.003       0.009      0.000       0.000       0.032


CREDIBILITY INTERVALS OF MODEL RESULTS

                  Lower .5%  Lower 2.5%    Lower 5%    Estimate    Upper 5%  Upper 2.5%   Upper .5%

Within Level

 Variances
    PER_CODAMP      80.883      81.689      82.073      84.360      86.656      87.095      87.966

Between Level

 PER_CODA ON
    ANHEDONIA       -0.227      -0.171      -0.133       0.017       0.169       0.196       0.267

 Intercepts
    PER_CODAMP       7.639       8.159       8.405       9.807      11.100      11.353      11.851

 Residual Variances
    PER_CODAMP      72.469      78.683      81.564      99.381     122.218     127.005     135.862


CREDIBILITY INTERVALS OF STANDARDIZED MODEL RESULTS


STDYX Standardization

                  Lower .5%  Lower 2.5%    Lower 5%    Estimate    Upper 5%  Upper 2.5%   Upper .5%

Within Level

 Variances
    PER_CODAMP       1.000       1.000       1.000       1.000       1.000       1.000       1.000

Between Level

 PER_CODA ON
    ANHEDONIA       -0.193      -0.147      -0.116       0.014       0.144       0.170       0.225

 Intercepts
    PER_CODAMP       0.726       0.777       0.808       0.983       1.153       1.183       1.231

 Residual Variances
    PER_CODAMP       0.946       0.967       0.975       0.997       1.000       1.000       1.000


STDY Standardization

                  Lower .5%  Lower 2.5%    Lower 5%    Estimate    Upper 5%  Upper 2.5%   Upper .5%

Within Level

 Variances
    PER_CODAMP       1.000       1.000       1.000       1.000       1.000       1.000       1.000

Between Level

 PER_CODA ON
    ANHEDONIA       -0.022      -0.017      -0.013       0.002       0.017       0.020       0.026

 Intercepts
    PER_CODAMP       0.726       0.777       0.808       0.983       1.153       1.183       1.231

 Residual Variances
    PER_CODAMP       0.946       0.967       0.975       0.997       1.000       1.000       1.000


STD Standardization

                  Lower .5%  Lower 2.5%    Lower 5%    Estimate    Upper 5%  Upper 2.5%   Upper .5%

Within Level

 Variances
    PER_CODAMP      80.883      81.689      82.073      84.360      86.656      87.095      87.966

Between Level

 PER_CODA ON
    ANHEDONIA       -0.227      -0.171      -0.133       0.017       0.169       0.196       0.267

 Intercepts
    PER_CODAMP       7.639       8.159       8.405       9.807      11.100      11.353      11.851

 Residual Variances
    PER_CODAMP      72.469      78.683      81.564      99.381     122.218     127.005     135.862


TECHNICAL 1 OUTPUT


     PARAMETER SPECIFICATION FOR WITHIN


           NU
              PER_CODA
              ________
                    0


           LAMBDA
              PER_CODA
              ________
 PER_CODA           0


           THETA
              PER_CODA
              ________
 PER_CODA           0


           ALPHA
              PER_CODA
              ________
                    0


           BETA
              PER_CODA
              ________
 PER_CODA           0


           PSI
              PER_CODA
              ________
 PER_CODA           1


     PARAMETER SPECIFICATION FOR BETWEEN


           NU
              PER_CODA      ANHEDONI
              ________      ________
                    0             0


           LAMBDA
              PER_CODA      ANHEDONI
              ________      ________
 PER_CODA           0             0
 ANHEDONI           0             0


           THETA
              PER_CODA      ANHEDONI
              ________      ________
 PER_CODA           0
 ANHEDONI           0             0


           ALPHA
              PER_CODA      ANHEDONI
              ________      ________
                    2             0


           BETA
              PER_CODA      ANHEDONI
              ________      ________
 PER_CODA           0             3
 ANHEDONI           0             0


           PSI
              PER_CODA      ANHEDONI
              ________      ________
 PER_CODA           4
 ANHEDONI           0             0


     STARTING VALUES FOR WITHIN


           NU
              PER_CODA
              ________
                0.000


           LAMBDA
              PER_CODA
              ________
 PER_CODA       1.000


           THETA
              PER_CODA
              ________
 PER_CODA       0.000


           ALPHA
              PER_CODA
              ________
                0.000


           BETA
              PER_CODA
              ________
 PER_CODA       0.000


           PSI
              PER_CODA
              ________
 PER_CODA      86.589


     STARTING VALUES FOR BETWEEN


           NU
              PER_CODA      ANHEDONI
              ________      ________
                0.000         0.000


           LAMBDA
              PER_CODA      ANHEDONI
              ________      ________
 PER_CODA       1.000         0.000
 ANHEDONI       0.000         1.000


           THETA
              PER_CODA      ANHEDONI
              ________      ________
 PER_CODA       0.000
 ANHEDONI       0.000         0.000


           ALPHA
              PER_CODA      ANHEDONI
              ________      ________
                9.586         0.000


           BETA
              PER_CODA      ANHEDONI
              ________      ________
 PER_CODA       0.000         0.000
 ANHEDONI       0.000         0.000


           PSI
              PER_CODA      ANHEDONI
              ________      ________
 PER_CODA      86.589
 ANHEDONI       0.000        40.629



     PRIORS FOR ALL PARAMETERS            PRIOR MEAN      PRIOR VARIANCE     PRIOR STD. DEV.

     Parameter 1~IG(-1.000,0.000)          infinity            infinity            infinity
     Parameter 2~N(0.000,infinity)           0.0000            infinity            infinity
     Parameter 3~N(0.000,infinity)           0.0000            infinity            infinity
     Parameter 4~IG(-1.000,0.000)          infinity            infinity            infinity


TECHNICAL 8 OUTPUT


   TECHNICAL 8 OUTPUT FOR BAYES ESTIMATION

     PROCESSOR    BSEED
     1            0
     2            285380
     3            253358
     4            93468
     5            608496
     6            903420
     7            195873
     8            462953
     9            939021
     10           127215
     11           415931
     12           533738
     13           107446
     14           399671
     15           650371
     16           27071

                     POTENTIAL       PARAMETER WITH
     ITERATION    SCALE REDUCTION      HIGHEST PSR
     100              1.008               2
     200              1.008               2
     300              1.016               4
     400              1.010               1
     500              1.007               1
     600              1.005               1
     700              1.001               4
     800              1.001               4
     900              1.000               1
     1000             1.000               4
     1100             1.000               2
     1200             1.000               4
     1300             1.000               4
     1400             1.002               4
     1500             1.002               4
     1600             1.002               4
     1700             1.001               4
     1800             1.000               4
     1900             1.000               3
     2000             1.000               1


PLOT INFORMATION

The following plots are available:

  Histograms (sample values)
  Scatterplots (sample values)
  Between-level histograms (sample values, sample means/variances)
  Between-level scatterplots (sample values, sample means/variances)
  Bayesian posterior parameter distributions
  Bayesian posterior parameter trace plots
  Bayesian autocorrelation plots
  Bayesian posterior predictive checking scatterplots
  Bayesian posterior predictive checking distribution plots

     Beginning Time:  15:58:22
        Ending Time:  15:58:24
       Elapsed Time:  00:00:02



MUTHEN & MUTHEN
3463 Stoner Ave.
Los Angeles, CA  90066

Tel: (310) 391-9971
Fax: (310) 391-8971
Web: www.StatModel.com
Support: Support@StatModel.com

Copyright (c) 1998-2022 Muthen & Muthen
