Mplus VERSION 8.8
MUTHEN & MUTHEN
07/13/2023   1:31 PM

INPUT INSTRUCTIONS


  DATA:
  FILE IS data2.dat;

  VARIABLE:   NAMES =
  	    Eth_ID Time Time_between Time_inc
  	    PA_enth NA_irri NA_verv PA_tevr PA_ener
       	    PA_kalm NA_nerv PA_daadk NA_verdr
  	    PA_vrol NA_boos PA_dankb NA_somb PER_att
      	    PER_refl PER_self PER_expr PER_damp
  	    PER_codamp PER_capit Sample age_yr gesl BDI
      	    Measures_valid BDI_anh Anhedonia
   	    BDI_sum PA NA day compliance;

              USEVARIABLES are PER_self PA NA;
              MISSING is .;
              within = ;
              between = ;
              cluster = Eth_ID;
              lagged= PA NA(1);
              tinterval=Time_inc (150);

  ANALYSIS:   type = twolevel random;
              estimator = Bayes;
              biterations=(2000);
              bconvergence=0.005;
              thin=2;
              PROCESSORS=16;
  MODEL:
  %WITHIN%
  sPA_PR | PER_self on PA&1;
  sNA_PR | PER_self on NA&1;
  PA on PA&1@0;
  NA on NA&1@0;
  PER_self with PA@0;
  PER_self with NA@0;

  %between%



  OUTPUT: standardized tech1 tech8 cinterval patterns;
  PLOT: TYPE = PLOT3;



*** WARNING in MODEL command
  A y-variable has been declared on the within level but not referred to on
  the between level.  Please check that this is what is intended.  If this is not intended,
  specify the variable as a within variable.  Problem with:  PER_SELF
*** WARNING in MODEL command
  A y-variable has been declared on the within level but not referred to on
  the between level.  Please check that this is what is intended.  If this is not intended,
  specify the variable as a within variable.  Problem with:  PA
*** WARNING in MODEL command
  A y-variable has been declared on the within level but not referred to on
  the between level.  Please check that this is what is intended.  If this is not intended,
  specify the variable as a within variable.  Problem with:  NA
*** WARNING
  One or more individual-level variables have no variation within a
  cluster for the following clusters.

     Variable   Cluster IDs with no within-cluster variation

      PER_SELF    71

*** WARNING
  Data set contains cases with missing on all variables.  Cases that appeared before the first
  case with observed data and that appeared after the last case with observed data were not
  included in the analysis.  Number of deleted cases:  1458
   5 WARNING(S) FOUND IN THE INPUT INSTRUCTIONS




SUMMARY OF ANALYSIS

Number of groups                                                 1
Number of observations                                       22790

Number of dependent variables                                    3
Number of independent variables                                  2
Number of continuous latent variables                            2

Observed dependent variables

  Continuous
   PER_SELF    PA          NA

Observed independent variables
   PA&1        NA&1

Continuous latent variables
   SPA_PR      SNA_PR

Variables with special functions

  Cluster variable      ETH_ID

  Within variables
   PA&1        NA&1


Estimator                                                    BAYES
Specifications for Bayesian Estimation
  Point estimate                                            MEDIAN
  Number of Markov chain Monte Carlo (MCMC) chains               2
  Random seed for the first chain                                0
  Starting value information                           UNPERTURBED
  Algorithm used for Markov chain Monte Carlo           GIBBS(PX1)
  Convergence criterion                                  0.500D-02
  Maximum number of iterations                               50000
  K-th iteration used for thinning                               2

Input data file(s)
  data2.dat
Input data format  FREE


SUMMARY OF DATA

     Number of clusters                        198

       Size (s)    Cluster ID with Size s

          9        81
         11        128
         12        99
         13        64 150
         14        47 23 158
         19        169
         22        175
         30        83
         33        8
         41        58
         43        41 199
         48        85 12
         51        17
         53        152
         56        28
         58        33
         67        121
         69        136
         80        82
         84        87
         88        72
         89        143
         91        140
         96        113
         97        34
        100        157 134
        101        10
        103        164
        105        52
        106        154
        107        101
        108        119
        109        90
        111        36
        113        182
        115        91 131 89
        116        75 15 77 188 78
        117        11
        118        57 195 49 66 16
        119        186 197 92 38 71 163 106 48 149 50
        120        7 98 148 165 55 168 108 192 61
        121        189
        122        174
        123        127
        124        103 161 51 117 184
        125        105 73 44 100 112 123 93 30 68 13 53 88 40 54
        126        80 65 173 120 102 76 107 172 109 111
        127        139 62 25 115 46 67 193 86 178 130 32 198 126 70 118
                   147 177 133 110 104
        128        59 96 43 180 5 18 153 196 156
        129        141 39 146 3 125 187 137 144 116 135 69 185 190
        130        14 138 166 97
        133        191
        134        2
        135        183 201 63 194 200 60
        136        122 56 26
        137        95 22 42 155 9 4 19
        138        132 94 29
        139        145 79 21 35 114 37 74 45 84
        142        27
        143        179
        144        170 24 171
        145        162 124 20 1
        146        151 167 6
        147        142 31
        148        176 159



SUMMARY OF MISSING DATA PATTERNS

     Number of missing data patterns            14


     MISSING DATA PATTERNS (x = not missing)

           1  2  3  4  5  6  7  8  9 10 11 12 13 14
 PER_SELF  x  x              x  x           x     x
 PA        x  x        x  x        x     x  x     x
 NA        x  x        x  x                 x  x  x
 PA&1      x     x     x        x  x  x     x
 NA&1      x     x     x        x  x              x


     MISSING DATA PATTERN FREQUENCIES

    Pattern   Frequency     Pattern   Frequency     Pattern   Frequency
          1        5023           6          71          11           4
          2        3516           7           2          12           5
          3        3391           8           3          13           1
          4       10714           9           2          14           1
          5          56          10           1


COVARIANCE COVERAGE OF DATA

Minimum covariance coverage value   0.100


     PROPORTION OF DATA PRESENT


           Covariance Coverage
              PER_SELF      PA            NA
              ________      ________      ________
 PER_SELF       0.375
 PA             0.375         0.381
 NA             0.375         0.381         0.381



UNIVARIATE SAMPLE STATISTICS


     UNIVARIATE HIGHER-ORDER MOMENT DESCRIPTIVE STATISTICS

         Variable/         Mean/     Skewness/   Minimum/ % with                Percentiles
        Sample Size      Variance    Kurtosis    Maximum  Min/Max      20%/60%    40%/80%    Median

     PER_SELF             22.710       1.123       0.000   13.13%       3.000      9.000     12.000
            8550.000     559.794       0.336     100.000    0.67%      19.000     46.000
     PA                   45.710      -0.024       0.000    0.28%      31.000     41.714     46.143
            8678.000     302.365      -0.228     100.000    0.07%      50.429     60.429
     NA                   15.188       1.394       0.000    6.92%       5.167      9.333     11.667
            8673.000     166.793       1.922      80.667    0.01%      14.500     23.333


THE MODEL ESTIMATION TERMINATED NORMALLY

     USE THE FBITERATIONS OPTION TO INCREASE THE NUMBER OF ITERATIONS BY A FACTOR
     OF AT LEAST TWO TO CHECK CONVERGENCE AND THAT THE PSR VALUE DOES NOT INCREASE.



MODEL FIT INFORMATION

Number of Free Parameters                              14

Information Criteria

          Deviance (DIC)                       583434.248
          Estimated Number of Parameters (pD)   43002.317



MODEL RESULTS

                                Posterior  One-Tailed         95% C.I.
                    Estimate       S.D.      P-Value   Lower 2.5%  Upper 2.5%  Significance

Within Level

 PA         ON
    PA&1               0.000       0.000      1.000       0.000       0.000

 NA         ON
    NA&1               0.000       0.000      1.000       0.000       0.000

 PER_SELF WITH
    PA                 0.000       0.000      1.000       0.000       0.000
    NA                 0.000       0.000      1.000       0.000       0.000

 NA       WITH
    PA               -60.807       1.575      0.000     -63.972     -57.831      *

 Residual Variances
    PER_SELF         317.494       5.695      0.000     306.425     328.080      *
    PA               173.713       2.776      0.000     168.418     179.264      *
    NA                93.632       1.439      0.000      90.805      96.435      *

Between Level

 Means
    PER_SELF          23.124       1.087      0.000      21.017      25.336      *
    PA                46.190       0.810      0.000      44.596      47.766      *
    NA                15.828       0.644      0.000      14.557      17.132      *
    SPA_PR             0.194       0.035      0.000       0.125       0.264      *
    SNA_PR             0.112       0.038      0.001       0.036       0.187      *

 Variances
    PER_SELF         216.518      23.596      0.000     174.370     267.149      *
    PA               127.835      13.669      0.000     104.639     157.118      *
    NA                78.126       8.487      0.000      64.466      96.719      *
    SPA_PR             0.115       0.022      0.000       0.078       0.162      *
    SNA_PR             0.040       0.031      0.000       0.005       0.120      *


STANDARDIZED MODEL RESULTS


STDYX Standardization

                                Posterior  One-Tailed         95% C.I.
                    Estimate       S.D.      P-Value   Lower 2.5%  Upper 2.5%  Significance

Within-Level Standardized Estimates Averaged Over Clusters

 SPA_PR | PER_SELF ON
    PA&1               0.131       0.018      0.000       0.096       0.166      *

 SNA_PR | PER_SELF ON
    NA&1               0.057       0.018      0.001       0.022       0.091      *

 PA         ON
    PA&1               0.000       0.000      1.000       0.000       0.000

 NA         ON
    NA&1               0.000       0.000      1.000       0.000       0.000

 PER_SELF WITH
    PA                 0.000       0.000      1.000       0.000       0.000
    NA                 0.000       0.000      1.000       0.000       0.000

 NA       WITH
    PA                -0.477       0.008      0.000      -0.493      -0.461      *

 Residual Variances
    PER_SELF           0.929       0.010      0.000       0.907       0.946      *
    PA                 1.000       0.000      0.000       1.000       1.000
    NA                 1.000       0.000      0.000       1.000       1.000

Between Level

 Means
    PER_SELF           1.573       0.113      0.000       1.357       1.796      *
    PA                 4.089       0.224      0.000       3.661       4.525      *
    NA                 1.790       0.121      0.000       1.562       2.027      *
    SPA_PR             0.572       0.122      0.000       0.349       0.815      *
    SNA_PR             0.568       0.304      0.001       0.173       1.291      *

 Variances
    PER_SELF           1.000       0.000      0.000       1.000       1.000
    PA                 1.000       0.000      0.000       1.000       1.000
    NA                 1.000       0.000      0.000       1.000       1.000
    SPA_PR             1.000       0.000      0.000       1.000       1.000
    SNA_PR             1.000       0.000      0.000       1.000       1.000


STDY Standardization

                                Posterior  One-Tailed         95% C.I.
                    Estimate       S.D.      P-Value   Lower 2.5%  Upper 2.5%  Significance

Within-Level Standardized Estimates Averaged Over Clusters

 SPA_PR | PER_SELF ON
    PA&1               0.010       0.001      0.000       0.007       0.013      *

 SNA_PR | PER_SELF ON
    NA&1               0.006       0.002      0.001       0.002       0.009      *

 PA         ON
    PA&1               0.000       0.000      1.000       0.000       0.000

 NA         ON
    NA&1               0.000       0.000      1.000       0.000       0.000

 PER_SELF WITH
    PA                 0.000       0.000      1.000       0.000       0.000
    NA                 0.000       0.000      1.000       0.000       0.000

 NA       WITH
    PA                -0.477       0.008      0.000      -0.493      -0.461      *

 Residual Variances
    PER_SELF           0.929       0.010      0.000       0.907       0.946      *
    PA                 1.000       0.000      0.000       1.000       1.000
    NA                 1.000       0.000      0.000       1.000       1.000

Between Level

 Means
    PER_SELF           1.573       0.113      0.000       1.357       1.796      *
    PA                 4.089       0.224      0.000       3.661       4.525      *
    NA                 1.790       0.121      0.000       1.562       2.027      *
    SPA_PR             0.572       0.122      0.000       0.349       0.815      *
    SNA_PR             0.568       0.304      0.001       0.173       1.291      *

 Variances
    PER_SELF           1.000       0.000      0.000       1.000       1.000
    PA                 1.000       0.000      0.000       1.000       1.000
    NA                 1.000       0.000      0.000       1.000       1.000
    SPA_PR             1.000       0.000      0.000       1.000       1.000
    SNA_PR             1.000       0.000      0.000       1.000       1.000


STD Standardization

                                Posterior  One-Tailed         95% C.I.
                    Estimate       S.D.      P-Value   Lower 2.5%  Upper 2.5%  Significance

Within-Level Standardized Estimates Averaged Over Clusters

 SPA_PR | PER_SELF ON
    PA&1               0.193       0.026      0.000       0.142       0.243      *

 SNA_PR | PER_SELF ON
    NA&1               0.109       0.036      0.001       0.040       0.176      *

 PA         ON
    PA&1               0.000       0.000      1.000       0.000       0.000

 NA         ON
    NA&1               0.000       0.000      1.000       0.000       0.000

 PER_SELF WITH
    PA                 0.000       0.000      1.000       0.000       0.000
    NA                 0.000       0.000      1.000       0.000       0.000

 NA       WITH
    PA               -60.842       1.537      0.000     -63.930     -58.015      *

 Residual Variances
    PER_SELF         317.604       5.690      0.000     306.425     328.330      *
    PA               173.728       2.733      0.000     168.598     179.175      *
    NA                93.667       1.437      0.000      90.794      96.438      *

Between Level

 Means
    PER_SELF          23.124       1.087      0.000      21.017      25.336      *
    PA                46.190       0.810      0.000      44.596      47.766      *
    NA                15.828       0.644      0.000      14.557      17.132      *
    SPA_PR             0.572       0.122      0.000       0.349       0.815      *
    SNA_PR             0.568       0.304      0.001       0.173       1.291      *

 Variances
    PER_SELF         216.518      23.596      0.000     174.370     267.149      *
    PA               127.835      13.669      0.000     104.639     157.118      *
    NA                78.126       8.487      0.000      64.466      96.719      *
    SPA_PR             1.000       0.000      0.000       1.000       1.000
    SNA_PR             1.000       0.000      0.000       1.000       1.000


R-SQUARE

Within-Level R-Square Averaged Across Clusters

                                Posterior  One-Tailed         95% C.I.
    Variable        Estimate       S.D.      P-Value   Lower 2.5%  Upper 2.5%

    PER_SELF           0.071       0.010      0.000       0.054       0.093
    PA                 0.000       0.000      1.000       0.000       0.000
    NA                 0.000       0.000      1.000       0.000       0.000


CREDIBILITY INTERVALS OF MODEL RESULTS

                  Lower .5%  Lower 2.5%    Lower 5%    Estimate    Upper 5%  Upper 2.5%   Upper .5%

Within Level

 PA       ON
    PA&1             0.000       0.000       0.000       0.000       0.000       0.000       0.000

 NA       ON
    NA&1             0.000       0.000       0.000       0.000       0.000       0.000       0.000

 PER_SELF WITH
    PA               0.000       0.000       0.000       0.000       0.000       0.000       0.000
    NA               0.000       0.000       0.000       0.000       0.000       0.000       0.000

 NA       WITH
    PA             -64.832     -63.972     -63.568     -60.807     -58.334     -57.831     -56.797

 Residual Variances
    PER_SELF       302.788     306.425     307.968     317.494     326.406     328.080     332.347
    PA             166.894     168.418     169.237     173.713     178.362     179.264     180.838
    NA              90.004      90.805      91.334      93.632      95.880      96.435      97.231

Between Level

 Means
    PER_SELF        20.324      21.017      21.409      23.124      24.967      25.336      25.984
    PA              44.019      44.596      44.860      46.190      47.535      47.766      48.222
    NA              14.178      14.557      14.773      15.828      16.920      17.132      17.461
    SPA_PR           0.104       0.125       0.134       0.194       0.252       0.264       0.280
    SNA_PR           0.019       0.036       0.048       0.112       0.175       0.187       0.205

 Variances
    PER_SELF       164.257     174.370     181.414     216.518     259.348     267.149     286.332
    PA              97.681     104.639     107.643     127.835     152.282     157.118     170.605
    NA              60.473      64.466      65.865      78.126      94.081      96.719     103.982
    SPA_PR           0.069       0.078       0.082       0.115       0.154       0.162       0.184
    SNA_PR           0.002       0.005       0.008       0.040       0.108       0.120       0.144


CREDIBILITY INTERVALS OF STANDARDIZED MODEL RESULTS


STDYX Standardization

                  Lower .5%  Lower 2.5%    Lower 5%    Estimate    Upper 5%  Upper 2.5%   Upper .5%

Within Level

 PA       ON
    PA&1             0.000       0.000       0.000       0.000       0.000       0.000       0.000

 NA       ON
    NA&1             0.000       0.000       0.000       0.000       0.000       0.000       0.000

 PER_SELF WITH
    PA               0.000       0.000       0.000       0.000       0.000       0.000       0.000
    NA               0.000       0.000       0.000       0.000       0.000       0.000       0.000

 NA       WITH
    PA               0.000      -0.493       0.000      -0.477       0.000      -0.461       0.000

 Residual Variances
    PER_SELF         0.000       0.907       0.000       0.929       0.000       0.946       0.000
    PA               0.000       1.000       0.000       1.000       0.000       1.000       0.000
    NA               0.000       1.000       0.000       1.000       0.000       1.000       0.000

Between Level

 Means
    PER_SELF         1.280       1.357       1.395       1.573       1.767       1.796       1.855
    PA               3.505       3.661       3.727       4.089       4.464       4.525       4.720
    NA               1.484       1.562       1.595       1.790       1.989       2.027       2.086
    SPA_PR           0.298       0.349       0.380       0.572       0.780       0.815       0.910
    SNA_PR           0.080       0.173       0.230       0.568       1.145       1.291       1.892

 Variances
    PER_SELF         1.000       1.000       1.000       1.000       1.000       1.000       1.000
    PA               1.000       1.000       1.000       1.000       1.000       1.000       1.000
    NA               1.000       1.000       1.000       1.000       1.000       1.000       1.000
    SPA_PR           1.000       1.000       1.000       1.000       1.000       1.000       1.000
    SNA_PR           1.000       1.000       1.000       1.000       1.000       1.000       1.000


STDY Standardization

                  Lower .5%  Lower 2.5%    Lower 5%    Estimate    Upper 5%  Upper 2.5%   Upper .5%

Within Level

 PA       ON
    PA&1             0.000       0.000       0.000       0.000       0.000       0.000       0.000

 NA       ON
    NA&1             0.000       0.000       0.000       0.000       0.000       0.000       0.000

 PER_SELF WITH
    PA               0.000       0.000       0.000       0.000       0.000       0.000       0.000
    NA               0.000       0.000       0.000       0.000       0.000       0.000       0.000

 NA       WITH
    PA               0.000      -0.493       0.000      -0.477       0.000      -0.461       0.000

 Residual Variances
    PER_SELF         0.000       0.907       0.000       0.929       0.000       0.946       0.000
    PA               0.000       1.000       0.000       1.000       0.000       1.000       0.000
    NA               0.000       1.000       0.000       1.000       0.000       1.000       0.000

Between Level

 Means
    PER_SELF         1.280       1.357       1.395       1.573       1.767       1.796       1.855
    PA               3.505       3.661       3.727       4.089       4.464       4.525       4.720
    NA               1.484       1.562       1.595       1.790       1.989       2.027       2.086
    SPA_PR           0.298       0.349       0.380       0.572       0.780       0.815       0.910
    SNA_PR           0.080       0.173       0.230       0.568       1.145       1.291       1.892

 Variances
    PER_SELF         1.000       1.000       1.000       1.000       1.000       1.000       1.000
    PA               1.000       1.000       1.000       1.000       1.000       1.000       1.000
    NA               1.000       1.000       1.000       1.000       1.000       1.000       1.000
    SPA_PR           1.000       1.000       1.000       1.000       1.000       1.000       1.000
    SNA_PR           1.000       1.000       1.000       1.000       1.000       1.000       1.000


STD Standardization

                  Lower .5%  Lower 2.5%    Lower 5%    Estimate    Upper 5%  Upper 2.5%   Upper .5%

Within Level

 PA       ON
    PA&1             0.000       0.000       0.000       0.000       0.000       0.000       0.000

 NA       ON
    NA&1             0.000       0.000       0.000       0.000       0.000       0.000       0.000

 PER_SELF WITH
    PA               0.000       0.000       0.000       0.000       0.000       0.000       0.000
    NA               0.000       0.000       0.000       0.000       0.000       0.000       0.000

 NA       WITH
    PA               0.000     -63.930       0.000     -60.842       0.000     -58.015       0.000

 Residual Variances
    PER_SELF         0.000     306.425       0.000     317.604       0.000     328.330       0.000
    PA               0.000     168.598       0.000     173.728       0.000     179.175       0.000
    NA               0.000      90.794       0.000      93.667       0.000      96.438       0.000

Between Level

 Means
    PER_SELF        20.324      21.017      21.409      23.124      24.967      25.336      25.984
    PA              44.019      44.596      44.860      46.190      47.535      47.766      48.222
    NA              14.178      14.557      14.773      15.828      16.920      17.132      17.461
    SPA_PR           0.298       0.349       0.380       0.572       0.780       0.815       0.910
    SNA_PR           0.080       0.173       0.230       0.568       1.145       1.291       1.892

 Variances
    PER_SELF       164.257     174.370     181.414     216.518     259.348     267.149     286.332
    PA              97.681     104.639     107.643     127.835     152.282     157.118     170.605
    NA              60.473      64.466      65.865      78.126      94.081      96.719     103.982
    SPA_PR           1.000       1.000       1.000       1.000       1.000       1.000       1.000
    SNA_PR           1.000       1.000       1.000       1.000       1.000       1.000       1.000


TECHNICAL 1 OUTPUT


     PARAMETER SPECIFICATION FOR WITHIN


           NU
              PER_SELF      PA            NA            PA&1          NA&1
              ________      ________      ________      ________      ________
                    0             0             0             0             0


           LAMBDA
              PER_SELF      PA            NA            PA&1          NA&1
              ________      ________      ________      ________      ________
 PER_SELF           0             0             0             0             0
 PA                 0             0             0             0             0
 NA                 0             0             0             0             0
 PA&1               0             0             0             0             0
 NA&1               0             0             0             0             0


           THETA
              PER_SELF      PA            NA            PA&1          NA&1
              ________      ________      ________      ________      ________
 PER_SELF           0
 PA                 0             0
 NA                 0             0             0
 PA&1               0             0             0             0
 NA&1               0             0             0             0             0


           ALPHA
              PER_SELF      PA            NA            PA&1          NA&1
              ________      ________      ________      ________      ________
                    0             0             0             0             0


           BETA
              PER_SELF      PA            NA            PA&1          NA&1
              ________      ________      ________      ________      ________
 PER_SELF           0             0             0             0             0
 PA                 0             0             0             0             0
 NA                 0             0             0             0             0
 PA&1               0             0             0             0             0
 NA&1               0             0             0             0             0


           PSI
              PER_SELF      PA            NA            PA&1          NA&1
              ________      ________      ________      ________      ________
 PER_SELF           1
 PA                 0             2
 NA                 0             3             4
 PA&1               0             0             0             0
 NA&1               0             0             0             0             0


     PARAMETER SPECIFICATION FOR BETWEEN


           NU
              PER_SELF      PA            NA
              ________      ________      ________
                    0             0             0


           LAMBDA
              SPA_PR        SNA_PR        PER_SELF      PA            NA
              ________      ________      ________      ________      ________
 PER_SELF           0             0             0             0             0
 PA                 0             0             0             0             0
 NA                 0             0             0             0             0


           THETA
              PER_SELF      PA            NA
              ________      ________      ________
 PER_SELF           0
 PA                 0             0
 NA                 0             0             0


           ALPHA
              SPA_PR        SNA_PR        PER_SELF      PA            NA
              ________      ________      ________      ________      ________
                    5             6             7             8             9


           BETA
              SPA_PR        SNA_PR        PER_SELF      PA            NA
              ________      ________      ________      ________      ________
 SPA_PR             0             0             0             0             0
 SNA_PR             0             0             0             0             0
 PER_SELF           0             0             0             0             0
 PA                 0             0             0             0             0
 NA                 0             0             0             0             0


           PSI
              SPA_PR        SNA_PR        PER_SELF      PA            NA
              ________      ________      ________      ________      ________
 SPA_PR            10
 SNA_PR             0            11
 PER_SELF           0             0            12
 PA                 0             0             0            13
 NA                 0             0             0             0            14


     STARTING VALUES FOR WITHIN


           NU
              PER_SELF      PA            NA            PA&1          NA&1
              ________      ________      ________      ________      ________
                0.000         0.000         0.000         0.000         0.000


           LAMBDA
              PER_SELF      PA            NA            PA&1          NA&1
              ________      ________      ________      ________      ________
 PER_SELF       1.000         0.000         0.000         0.000         0.000
 PA             0.000         1.000         0.000         0.000         0.000
 NA             0.000         0.000         1.000         0.000         0.000
 PA&1           0.000         0.000         0.000         1.000         0.000
 NA&1           0.000         0.000         0.000         0.000         1.000


           THETA
              PER_SELF      PA            NA            PA&1          NA&1
              ________      ________      ________      ________      ________
 PER_SELF       0.000
 PA             0.000         0.000
 NA             0.000         0.000         0.000
 PA&1           0.000         0.000         0.000         0.000
 NA&1           0.000         0.000         0.000         0.000         0.000


           ALPHA
              PER_SELF      PA            NA            PA&1          NA&1
              ________      ________      ________      ________      ________
                0.000         0.000         0.000         0.000         0.000


           BETA
              PER_SELF      PA            NA            PA&1          NA&1
              ________      ________      ________      ________      ________
 PER_SELF       0.000         0.000         0.000         0.000         0.000
 PA             0.000         0.000         0.000         0.000         0.000
 NA             0.000         0.000         0.000         0.000         0.000
 PA&1           0.000         0.000         0.000         0.000         0.000
 NA&1           0.000         0.000         0.000         0.000         0.000


           PSI
              PER_SELF      PA            NA            PA&1          NA&1
              ________      ________      ________      ________      ________
 PER_SELF     279.897
 PA             0.000       151.183
 NA             0.000         0.000        83.396
 PA&1           0.000         0.000         0.000       151.179
 NA&1           0.000         0.000         0.000         0.000        83.299


     STARTING VALUES FOR BETWEEN


           NU
              PER_SELF      PA            NA
              ________      ________      ________
                0.000         0.000         0.000


           LAMBDA
              SPA_PR        SNA_PR        PER_SELF      PA            NA
              ________      ________      ________      ________      ________
 PER_SELF       0.000         0.000         1.000         0.000         0.000
 PA             0.000         0.000         0.000         1.000         0.000
 NA             0.000         0.000         0.000         0.000         1.000


           THETA
              PER_SELF      PA            NA
              ________      ________      ________
 PER_SELF       0.000
 PA             0.000         0.000
 NA             0.000         0.000         0.000


           ALPHA
              SPA_PR        SNA_PR        PER_SELF      PA            NA
              ________      ________      ________      ________      ________
                0.000         0.000        22.710        45.710        15.188


           BETA
              SPA_PR        SNA_PR        PER_SELF      PA            NA
              ________      ________      ________      ________      ________
 SPA_PR         0.000         0.000         0.000         0.000         0.000
 SNA_PR         0.000         0.000         0.000         0.000         0.000
 PER_SELF       0.000         0.000         0.000         0.000         0.000
 PA             0.000         0.000         0.000         0.000         0.000
 NA             0.000         0.000         0.000         0.000         0.000


           PSI
              SPA_PR        SNA_PR        PER_SELF      PA            NA
              ________      ________      ________      ________      ________
 SPA_PR         1.000
 SNA_PR         0.000         1.000
 PER_SELF       0.000         0.000       279.897
 PA             0.000         0.000         0.000       151.183
 NA             0.000         0.000         0.000         0.000        83.396



     PRIORS FOR ALL PARAMETERS            PRIOR MEAN      PRIOR VARIANCE     PRIOR STD. DEV.

     Parameter 1~IG(-1.000,0.000)          infinity            infinity            infinity
     Parameter 2~IW(0.000,-3)              infinity            infinity            infinity
     Parameter 3~IW(0.000,-3)              infinity            infinity            infinity
     Parameter 4~IW(0.000,-3)              infinity            infinity            infinity
     Parameter 5~N(0.000,infinity)           0.0000            infinity            infinity
     Parameter 6~N(0.000,infinity)           0.0000            infinity            infinity
     Parameter 7~N(0.000,infinity)           0.0000            infinity            infinity
     Parameter 8~N(0.000,infinity)           0.0000            infinity            infinity
     Parameter 9~N(0.000,infinity)           0.0000            infinity            infinity
     Parameter 10~IG(-1.000,0.000)         infinity            infinity            infinity
     Parameter 11~IG(-1.000,0.000)         infinity            infinity            infinity
     Parameter 12~IG(-1.000,0.000)         infinity            infinity            infinity
     Parameter 13~IG(-1.000,0.000)         infinity            infinity            infinity
     Parameter 14~IG(-1.000,0.000)         infinity            infinity            infinity


TECHNICAL 8 OUTPUT


   TECHNICAL 8 OUTPUT FOR BAYES ESTIMATION

     PROCESSOR    BSEED
     1            0
     2            285380
     3            253358
     4            93468
     5            608496
     6            903420
     7            195873
     8            462953
     9            939021
     10           127215
     11           415931
     12           533738
     13           107446
     14           399671
     15           650371
     16           27071

                     POTENTIAL       PARAMETER WITH
     ITERATION    SCALE REDUCTION      HIGHEST PSR
     100              1.238               11
     200              1.530               11
     300              1.195               11
     400              1.574               11
     500              1.540               11
     600              1.013               1
     700              1.029               6
     800              1.012               6
     900              1.030               6
     1000             1.038               11
     1100             1.032               11
     1200             1.009               6
     1300             1.016               11
     1400             1.010               3
     1500             1.009               3
     1600             1.015               11
     1700             1.056               11
     1800             1.070               11
     1900             1.080               11
     2000             1.072               11
     2100             1.040               11
     2200             1.066               11
     2300             1.049               11
     2400             1.018               11
     2500             1.003               11


PLOT INFORMATION

The following plots are available:

  Histograms (sample values)
  Scatterplots (sample values)
  Between-level histograms (sample values, sample means/variances)
  Between-level scatterplots (sample values, sample means/variances)
  Time series plots (sample values, ACF, PACF)
  Histogram of subjects per time point
  Time interval plots
  Bayesian posterior parameter distributions
  Bayesian posterior parameter trace plots
  Bayesian autocorrelation plots

     Beginning Time:  13:31:24
        Ending Time:  13:32:57
       Elapsed Time:  00:01:33



MUTHEN & MUTHEN
3463 Stoner Ave.
Los Angeles, CA  90066

Tel: (310) 391-9971
Fax: (310) 391-8971
Web: www.StatModel.com
Support: Support@StatModel.com

Copyright (c) 1998-2022 Muthen & Muthen
