Mplus VERSION 8.8
MUTHEN & MUTHEN
08/25/2023   3:37 PM

INPUT INSTRUCTIONS


  DATA:
  FILE IS data2.dat;

  VARIABLE:   NAMES =
  	    Eth_ID Time Time_between Time_inc
  	    PA_enth NA_irri NA_verv PA_tevr PA_ener
       	    PA_kalm NA_nerv PA_daadk NA_verdr
  	    PA_vrol NA_boos PA_dankb NA_somb PER_att
      	    PER_refl PER_self PER_expr PER_damp
  	    PER_codamp PER_capit Sample age_yr gesl BDI
      	    Measures_valid BDI_anh Anhedonia
   	    BDI_sum PA NA day compliance;

              USEVARIABLES are PER_damp PA NA;
              MISSING is .;
              within = ;
              between = ;
              cluster = Eth_ID;
              lagged= PA NA(1);
              tinterval=Time_inc (150);

  ANALYSIS:   type = twolevel random;
              estimator = Bayes;
              biterations=(2000);
  !            bconvergence=0.005;
              thin=2;
              PROCESSORS=16;

  MODEL:
  %WITHIN%
  sPA_PR | PER_damp on PA&1;
  sNA_PR | PER_damp on NA&1;
  PA on PA&1@0;
  NA on NA&1@0;
  PER_damp with PA@0;
  PER_damp with NA@0;

  %between%



  OUTPUT: standardized tech1 tech8 cinterval patterns;
  PLOT: TYPE = PLOT3;



*** WARNING in MODEL command
  A y-variable has been declared on the within level but not referred to on
  the between level.  Please check that this is what is intended.  If this is not intended,
  specify the variable as a within variable.  Problem with:  PER_DAMP
*** WARNING in MODEL command
  A y-variable has been declared on the within level but not referred to on
  the between level.  Please check that this is what is intended.  If this is not intended,
  specify the variable as a within variable.  Problem with:  PA
*** WARNING in MODEL command
  A y-variable has been declared on the within level but not referred to on
  the between level.  Please check that this is what is intended.  If this is not intended,
  specify the variable as a within variable.  Problem with:  NA
*** WARNING
  One or more individual-level variables have no variation within a
  cluster for the following clusters.

     Variable   Cluster IDs with no within-cluster variation

      PER_DAMP    82 71 148 165 127 177 180

*** WARNING
  Data set contains cases with missing on all variables.  Cases that appeared before the first
  case with observed data and that appeared after the last case with observed data were not
  included in the analysis.  Number of deleted cases:  679
   5 WARNING(S) FOUND IN THE INPUT INSTRUCTIONS




SUMMARY OF ANALYSIS

Number of groups                                                 1
Number of observations                                       20160

Number of dependent variables                                    3
Number of independent variables                                  2
Number of continuous latent variables                            2

Observed dependent variables

  Continuous
   PER_DAMP    PA          NA

Observed independent variables
   PA&1        NA&1

Continuous latent variables
   SPA_PR      SNA_PR

Variables with special functions

  Cluster variable      ETH_ID

  Within variables
   PA&1        NA&1


Estimator                                                    BAYES
Specifications for Bayesian Estimation
  Point estimate                                            MEDIAN
  Number of Markov chain Monte Carlo (MCMC) chains               2
  Random seed for the first chain                                0
  Starting value information                           UNPERTURBED
  Algorithm used for Markov chain Monte Carlo           GIBBS(PX1)
  Convergence criterion                                  0.500D-01
  Maximum number of iterations                               50000
  K-th iteration used for thinning                               2

Input data file(s)
  data2.dat
Input data format  FREE


SUMMARY OF DATA

     Number of clusters                        159

       Size (s)    Cluster ID with Size s

         56        28
         80        82
         84        87
         88        72
         97        34
        101        10
        105        52
        108        119
        111        36
        113        182
        115        89 131
        116        15 188 75 77
        117        11
        118        16 66 49 57 195
        119        197 71 48 149 50 92 38 186 163 106
        120        55 168 7 108 148 192 61 98 165
        122        174
        123        127
        124        161 117 103 51
        125        53 54 13 40 44 88 30 68 100 93 105 112 123 73
        126        107 172 173 102 65 109 111 80 76 120
        127        70 177 133 62 139 118 110 25 115 67 46 104 178 126 193
                   32 86 198 147
        128        43 153 59 156 96 180 18 5
        129        141 144 125 3 185 146 135 190 187 39 137 116 69
        130        138 166 97 14
        133        191
        134        2
        135        194 63 60 183 201 200
        136        26 56
        137        95 4 9 22 19 42
        138        132 29 94
        139        45 74 35 37 84 21 79 145 114
        142        27
        143        179
        144        170 24 171
        145        1 124 162 20
        146        151 6 167
        147        142 31
        148        159 176



SUMMARY OF MISSING DATA PATTERNS

     Number of missing data patterns            11


     MISSING DATA PATTERNS (x = not missing)

           1  2  3  4  5  6  7  8  9 10 11
 PER_DAMP  x  x              x     x  x
 PA        x  x        x  x        x
 NA        x  x        x  x     x  x     x
 PA&1      x     x        x  x           x
 NA&1      x     x        x  x     x     x


     MISSING DATA PATTERN FREQUENCIES

    Pattern   Frequency     Pattern   Frequency     Pattern   Frequency
          1        4879           5          62           9           3
          2        3219           6          56          10           1
          3        3122           7           3          11           1
          4        8812           8           2


COVARIANCE COVERAGE OF DATA

Minimum covariance coverage value   0.100


     PROPORTION OF DATA PRESENT


           Covariance Coverage
              PER_DAMP      PA            NA
              ________      ________      ________
 PER_DAMP       0.402
 PA             0.402         0.408
 NA             0.402         0.408         0.408



UNIVARIATE SAMPLE STATISTICS


     UNIVARIATE HIGHER-ORDER MOMENT DESCRIPTIVE STATISTICS

         Variable/         Mean/     Skewness/   Minimum/ % with                Percentiles
        Sample Size      Variance    Kurtosis    Maximum  Min/Max      20%/60%    40%/80%    Median

     PER_DAMP             11.539       2.123       0.000   22.73%       0.000      5.000      7.000
            8105.000     221.235       4.572      91.000    0.01%       9.000     17.000
     PA                   46.073      -0.024       0.000    0.29%      31.500     42.167     46.500
            8219.000     297.046      -0.154     100.000    0.09%      50.667     60.667
     NA                   14.975       1.412       0.000    7.26%       5.000      9.167     11.500
            8222.000     164.910       1.997      80.667    0.01%      14.333     23.000


THE MODEL ESTIMATION TERMINATED NORMALLY

     USE THE FBITERATIONS OPTION TO INCREASE THE NUMBER OF ITERATIONS BY A FACTOR
     OF AT LEAST TWO TO CHECK CONVERGENCE AND THAT THE PSR VALUE DOES NOT INCREASE.



MODEL FIT INFORMATION

Number of Free Parameters                              14

Information Criteria

          Deviance (DIC)                       490010.682
          Estimated Number of Parameters (pD)   36291.333



MODEL RESULTS

                                Posterior  One-Tailed         95% C.I.
                    Estimate       S.D.      P-Value   Lower 2.5%  Upper 2.5%  Significance

Within Level

 PA         ON
    PA&1               0.000       0.000      1.000       0.000       0.000

 NA         ON
    NA&1               0.000       0.000      1.000       0.000       0.000

 PER_DAMP WITH
    PA                 0.000       0.000      1.000       0.000       0.000
    NA                 0.000       0.000      1.000       0.000       0.000

 NA       WITH
    PA               -60.499       1.606      0.000     -63.703     -57.402      *

 Residual Variances
    PER_DAMP          96.024       1.755      0.000      92.602      99.447      *
    PA               172.046       2.825      0.000     166.483     177.662      *
    NA                93.567       1.530      0.000      90.603      96.572      *

Between Level

 Means
    PER_DAMP          11.644       0.860      0.000       9.941      13.357      *
    PA                46.160       0.946      0.000      44.304      48.018      *
    NA                15.143       0.712      0.000      13.778      16.536      *
    SPA_PR             0.016       0.026      0.262      -0.035       0.066
    SNA_PR             0.137       0.031      0.000       0.075       0.198      *

 Variances
    PER_DAMP         112.509      13.414      0.000      90.158     143.148      *
    PA               133.741      15.941      0.000     107.364     169.157      *
    NA                78.375       9.381      0.000      62.995      99.659      *
    SPA_PR             0.061       0.011      0.000       0.043       0.085      *
    SNA_PR             0.090       0.017      0.000       0.061       0.127      *


STANDARDIZED MODEL RESULTS


STDYX Standardization

                                Posterior  One-Tailed         95% C.I.
                    Estimate       S.D.      P-Value   Lower 2.5%  Upper 2.5%  Significance

Within-Level Standardized Estimates Averaged Over Clusters

 SPA_PR | PER_DAMP ON
    PA&1               0.026       0.018      0.067      -0.009       0.062

 SNA_PR | PER_DAMP ON
    NA&1               0.116       0.017      0.000       0.081       0.151      *

 PA         ON
    PA&1               0.000       0.000      1.000       0.000       0.000

 NA         ON
    NA&1               0.000       0.000      1.000       0.000       0.000

 PER_DAMP WITH
    PA                 0.000       0.000      1.000       0.000       0.000
    NA                 0.000       0.000      1.000       0.000       0.000

 NA       WITH
    PA                -0.477       0.009      0.000      -0.495      -0.459      *

 Residual Variances
    PER_DAMP           0.868       0.007      0.000       0.854       0.882      *
    PA                 1.000       0.000      0.000       1.000       1.000
    NA                 1.000       0.000      0.000       1.000       1.000

Between Level

 Means
    PER_DAMP           1.100       0.103      0.000       0.896       1.304      *
    PA                 3.988       0.249      0.000       3.521       4.492      *
    NA                 1.710       0.127      0.000       1.469       1.963      *
    SPA_PR             0.066       0.104      0.262      -0.138       0.268
    SNA_PR             0.459       0.112      0.000       0.240       0.686      *

 Variances
    PER_DAMP           1.000       0.000      0.000       1.000       1.000
    PA                 1.000       0.000      0.000       1.000       1.000
    NA                 1.000       0.000      0.000       1.000       1.000
    SPA_PR             1.000       0.000      0.000       1.000       1.000
    SNA_PR             1.000       0.000      0.000       1.000       1.000


STDY Standardization

                                Posterior  One-Tailed         95% C.I.
                    Estimate       S.D.      P-Value   Lower 2.5%  Upper 2.5%  Significance

Within-Level Standardized Estimates Averaged Over Clusters

 SPA_PR | PER_DAMP ON
    PA&1               0.002       0.001      0.067      -0.001       0.005

 SNA_PR | PER_DAMP ON
    NA&1               0.012       0.002      0.000       0.008       0.016      *

 PA         ON
    PA&1               0.000       0.000      1.000       0.000       0.000

 NA         ON
    NA&1               0.000       0.000      1.000       0.000       0.000

 PER_DAMP WITH
    PA                 0.000       0.000      1.000       0.000       0.000
    NA                 0.000       0.000      1.000       0.000       0.000

 NA       WITH
    PA                -0.477       0.009      0.000      -0.495      -0.459      *

 Residual Variances
    PER_DAMP           0.868       0.007      0.000       0.854       0.882      *
    PA                 1.000       0.000      0.000       1.000       1.000
    NA                 1.000       0.000      0.000       1.000       1.000

Between Level

 Means
    PER_DAMP           1.100       0.103      0.000       0.896       1.304      *
    PA                 3.988       0.249      0.000       3.521       4.492      *
    NA                 1.710       0.127      0.000       1.469       1.963      *
    SPA_PR             0.066       0.104      0.262      -0.138       0.268
    SNA_PR             0.459       0.112      0.000       0.240       0.686      *

 Variances
    PER_DAMP           1.000       0.000      0.000       1.000       1.000
    PA                 1.000       0.000      0.000       1.000       1.000
    NA                 1.000       0.000      0.000       1.000       1.000
    SPA_PR             1.000       0.000      0.000       1.000       1.000
    SNA_PR             1.000       0.000      0.000       1.000       1.000


STD Standardization

                                Posterior  One-Tailed         95% C.I.
                    Estimate       S.D.      P-Value   Lower 2.5%  Upper 2.5%  Significance

Within-Level Standardized Estimates Averaged Over Clusters

 SPA_PR | PER_DAMP ON
    PA&1               0.017       0.016      0.141      -0.014       0.049

 SNA_PR | PER_DAMP ON
    NA&1               0.137       0.020      0.000       0.097       0.176      *

 PA         ON
    PA&1               0.000       0.000      1.000       0.000       0.000

 NA         ON
    NA&1               0.000       0.000      1.000       0.000       0.000

 PER_DAMP WITH
    PA                 0.000       0.000      1.000       0.000       0.000
    NA                 0.000       0.000      1.000       0.000       0.000

 NA       WITH
    PA               -60.487       1.635      0.000     -63.843     -57.366      *

 Residual Variances
    PER_DAMP          96.065       1.746      0.000      92.512      99.384      *
    PA               172.013       2.817      0.000     166.471     177.689      *
    NA                93.594       1.527      0.000      90.580      96.588      *

Between Level

 Means
    PER_DAMP          11.644       0.860      0.000       9.941      13.357      *
    PA                46.160       0.946      0.000      44.304      48.018      *
    NA                15.143       0.712      0.000      13.778      16.536      *
    SPA_PR             0.066       0.104      0.262      -0.138       0.268
    SNA_PR             0.459       0.112      0.000       0.240       0.686      *

 Variances
    PER_DAMP         112.509      13.414      0.000      90.158     143.148      *
    PA               133.741      15.941      0.000     107.364     169.157      *
    NA                78.375       9.381      0.000      62.995      99.659      *
    SPA_PR             1.000       0.000      0.000       1.000       1.000
    SNA_PR             1.000       0.000      0.000       1.000       1.000


R-SQUARE

Within-Level R-Square Averaged Across Clusters

                                Posterior  One-Tailed         95% C.I.
    Variable        Estimate       S.D.      P-Value   Lower 2.5%  Upper 2.5%

    PER_DAMP           0.132       0.007      0.000       0.118       0.146
    PA                 0.000       0.000      1.000       0.000       0.000
    NA                 0.000       0.000      1.000       0.000       0.000


CREDIBILITY INTERVALS OF MODEL RESULTS

                  Lower .5%  Lower 2.5%    Lower 5%    Estimate    Upper 5%  Upper 2.5%   Upper .5%

Within Level

 PA       ON
    PA&1             0.000       0.000       0.000       0.000       0.000       0.000       0.000

 NA       ON
    NA&1             0.000       0.000       0.000       0.000       0.000       0.000       0.000

 PER_DAMP WITH
    PA               0.000       0.000       0.000       0.000       0.000       0.000       0.000
    NA               0.000       0.000       0.000       0.000       0.000       0.000       0.000

 NA       WITH
    PA             -64.685     -63.703     -63.146     -60.499     -57.908     -57.402     -56.322

 Residual Variances
    PER_DAMP        91.609      92.602      93.111      96.024      98.886      99.447     100.644
    PA             164.852     166.483     167.445     172.046     176.762     177.662     179.477
    NA              89.679      90.603      91.080      93.567      96.111      96.572      97.515

Between Level

 Means
    PER_DAMP         9.420       9.941      10.226      11.644      13.070      13.357      13.864
    PA              43.664      44.304      44.606      46.160      47.696      48.018      48.616
    NA              13.301      13.778      13.974      15.143      16.315      16.536      16.951
    SPA_PR          -0.050      -0.035      -0.027       0.016       0.058       0.066       0.081
    SNA_PR           0.056       0.075       0.086       0.137       0.188       0.198       0.216

 Variances
    PER_DAMP        84.337      90.158      93.566     112.509     137.028     143.148     153.988
    PA              99.416     107.364     111.057     133.741     162.790     169.157     181.455
    NA              59.191      62.995      65.160      78.375      95.931      99.659     108.706
    SPA_PR           0.038       0.043       0.046       0.061       0.082       0.085       0.094
    SNA_PR           0.054       0.061       0.065       0.090       0.120       0.127       0.140


CREDIBILITY INTERVALS OF STANDARDIZED MODEL RESULTS


STDYX Standardization

                  Lower .5%  Lower 2.5%    Lower 5%    Estimate    Upper 5%  Upper 2.5%   Upper .5%

Within Level

 PA       ON
    PA&1             0.000       0.000       0.000       0.000       0.000       0.000       0.000

 NA       ON
    NA&1             0.000       0.000       0.000       0.000       0.000       0.000       0.000

 PER_DAMP WITH
    PA               0.000       0.000       0.000       0.000       0.000       0.000       0.000
    NA               0.000       0.000       0.000       0.000       0.000       0.000       0.000

 NA       WITH
    PA               0.000      -0.495       0.000      -0.477       0.000      -0.459       0.000

 Residual Variances
    PER_DAMP         0.000       0.854       0.000       0.868       0.000       0.882       0.000
    PA               0.000       1.000       0.000       1.000       0.000       1.000       0.000
    NA               0.000       1.000       0.000       1.000       0.000       1.000       0.000

Between Level

 Means
    PER_DAMP         0.830       0.896       0.927       1.100       1.267       1.304       1.361
    PA               3.377       3.521       3.596       3.988       4.408       4.492       4.666
    NA               1.385       1.469       1.505       1.710       1.921       1.963       2.044
    SPA_PR          -0.195      -0.138      -0.106       0.066       0.237       0.268       0.332
    SNA_PR           0.179       0.240       0.276       0.459       0.646       0.686       0.751

 Variances
    PER_DAMP         1.000       1.000       1.000       1.000       1.000       1.000       1.000
    PA               1.000       1.000       1.000       1.000       1.000       1.000       1.000
    NA               1.000       1.000       1.000       1.000       1.000       1.000       1.000
    SPA_PR           1.000       1.000       1.000       1.000       1.000       1.000       1.000
    SNA_PR           1.000       1.000       1.000       1.000       1.000       1.000       1.000


STDY Standardization

                  Lower .5%  Lower 2.5%    Lower 5%    Estimate    Upper 5%  Upper 2.5%   Upper .5%

Within Level

 PA       ON
    PA&1             0.000       0.000       0.000       0.000       0.000       0.000       0.000

 NA       ON
    NA&1             0.000       0.000       0.000       0.000       0.000       0.000       0.000

 PER_DAMP WITH
    PA               0.000       0.000       0.000       0.000       0.000       0.000       0.000
    NA               0.000       0.000       0.000       0.000       0.000       0.000       0.000

 NA       WITH
    PA               0.000      -0.495       0.000      -0.477       0.000      -0.459       0.000

 Residual Variances
    PER_DAMP         0.000       0.854       0.000       0.868       0.000       0.882       0.000
    PA               0.000       1.000       0.000       1.000       0.000       1.000       0.000
    NA               0.000       1.000       0.000       1.000       0.000       1.000       0.000

Between Level

 Means
    PER_DAMP         0.830       0.896       0.927       1.100       1.267       1.304       1.361
    PA               3.377       3.521       3.596       3.988       4.408       4.492       4.666
    NA               1.385       1.469       1.505       1.710       1.921       1.963       2.044
    SPA_PR          -0.195      -0.138      -0.106       0.066       0.237       0.268       0.332
    SNA_PR           0.179       0.240       0.276       0.459       0.646       0.686       0.751

 Variances
    PER_DAMP         1.000       1.000       1.000       1.000       1.000       1.000       1.000
    PA               1.000       1.000       1.000       1.000       1.000       1.000       1.000
    NA               1.000       1.000       1.000       1.000       1.000       1.000       1.000
    SPA_PR           1.000       1.000       1.000       1.000       1.000       1.000       1.000
    SNA_PR           1.000       1.000       1.000       1.000       1.000       1.000       1.000


STD Standardization

                  Lower .5%  Lower 2.5%    Lower 5%    Estimate    Upper 5%  Upper 2.5%   Upper .5%

Within Level

 PA       ON
    PA&1             0.000       0.000       0.000       0.000       0.000       0.000       0.000

 NA       ON
    NA&1             0.000       0.000       0.000       0.000       0.000       0.000       0.000

 PER_DAMP WITH
    PA               0.000       0.000       0.000       0.000       0.000       0.000       0.000
    NA               0.000       0.000       0.000       0.000       0.000       0.000       0.000

 NA       WITH
    PA               0.000     -63.843       0.000     -60.487       0.000     -57.366       0.000

 Residual Variances
    PER_DAMP         0.000      92.512       0.000      96.065       0.000      99.384       0.000
    PA               0.000     166.471       0.000     172.013       0.000     177.689       0.000
    NA               0.000      90.580       0.000      93.594       0.000      96.588       0.000

Between Level

 Means
    PER_DAMP         9.420       9.941      10.226      11.644      13.070      13.357      13.864
    PA              43.664      44.304      44.606      46.160      47.696      48.018      48.616
    NA              13.301      13.778      13.974      15.143      16.315      16.536      16.951
    SPA_PR          -0.195      -0.138      -0.106       0.066       0.237       0.268       0.332
    SNA_PR           0.179       0.240       0.276       0.459       0.646       0.686       0.751

 Variances
    PER_DAMP        84.337      90.158      93.566     112.509     137.028     143.148     153.988
    PA              99.416     107.364     111.057     133.741     162.790     169.157     181.455
    NA              59.191      62.995      65.160      78.375      95.931      99.659     108.706
    SPA_PR           1.000       1.000       1.000       1.000       1.000       1.000       1.000
    SNA_PR           1.000       1.000       1.000       1.000       1.000       1.000       1.000


TECHNICAL 1 OUTPUT


     PARAMETER SPECIFICATION FOR WITHIN


           NU
              PER_DAMP      PA            NA            PA&1          NA&1
              ________      ________      ________      ________      ________
                    0             0             0             0             0


           LAMBDA
              PER_DAMP      PA            NA            PA&1          NA&1
              ________      ________      ________      ________      ________
 PER_DAMP           0             0             0             0             0
 PA                 0             0             0             0             0
 NA                 0             0             0             0             0
 PA&1               0             0             0             0             0
 NA&1               0             0             0             0             0


           THETA
              PER_DAMP      PA            NA            PA&1          NA&1
              ________      ________      ________      ________      ________
 PER_DAMP           0
 PA                 0             0
 NA                 0             0             0
 PA&1               0             0             0             0
 NA&1               0             0             0             0             0


           ALPHA
              PER_DAMP      PA            NA            PA&1          NA&1
              ________      ________      ________      ________      ________
                    0             0             0             0             0


           BETA
              PER_DAMP      PA            NA            PA&1          NA&1
              ________      ________      ________      ________      ________
 PER_DAMP           0             0             0             0             0
 PA                 0             0             0             0             0
 NA                 0             0             0             0             0
 PA&1               0             0             0             0             0
 NA&1               0             0             0             0             0


           PSI
              PER_DAMP      PA            NA            PA&1          NA&1
              ________      ________      ________      ________      ________
 PER_DAMP           1
 PA                 0             2
 NA                 0             3             4
 PA&1               0             0             0             0
 NA&1               0             0             0             0             0


     PARAMETER SPECIFICATION FOR BETWEEN


           NU
              PER_DAMP      PA            NA
              ________      ________      ________
                    0             0             0


           LAMBDA
              SPA_PR        SNA_PR        PER_DAMP      PA            NA
              ________      ________      ________      ________      ________
 PER_DAMP           0             0             0             0             0
 PA                 0             0             0             0             0
 NA                 0             0             0             0             0


           THETA
              PER_DAMP      PA            NA
              ________      ________      ________
 PER_DAMP           0
 PA                 0             0
 NA                 0             0             0


           ALPHA
              SPA_PR        SNA_PR        PER_DAMP      PA            NA
              ________      ________      ________      ________      ________
                    5             6             7             8             9


           BETA
              SPA_PR        SNA_PR        PER_DAMP      PA            NA
              ________      ________      ________      ________      ________
 SPA_PR             0             0             0             0             0
 SNA_PR             0             0             0             0             0
 PER_DAMP           0             0             0             0             0
 PA                 0             0             0             0             0
 NA                 0             0             0             0             0


           PSI
              SPA_PR        SNA_PR        PER_DAMP      PA            NA
              ________      ________      ________      ________      ________
 SPA_PR            10
 SNA_PR             0            11
 PER_DAMP           0             0            12
 PA                 0             0             0            13
 NA                 0             0             0             0            14


     STARTING VALUES FOR WITHIN


           NU
              PER_DAMP      PA            NA            PA&1          NA&1
              ________      ________      ________      ________      ________
                0.000         0.000         0.000         0.000         0.000


           LAMBDA
              PER_DAMP      PA            NA            PA&1          NA&1
              ________      ________      ________      ________      ________
 PER_DAMP       1.000         0.000         0.000         0.000         0.000
 PA             0.000         1.000         0.000         0.000         0.000
 NA             0.000         0.000         1.000         0.000         0.000
 PA&1           0.000         0.000         0.000         1.000         0.000
 NA&1           0.000         0.000         0.000         0.000         1.000


           THETA
              PER_DAMP      PA            NA            PA&1          NA&1
              ________      ________      ________      ________      ________
 PER_DAMP       0.000
 PA             0.000         0.000
 NA             0.000         0.000         0.000
 PA&1           0.000         0.000         0.000         0.000
 NA&1           0.000         0.000         0.000         0.000         0.000


           ALPHA
              PER_DAMP      PA            NA            PA&1          NA&1
              ________      ________      ________      ________      ________
                0.000         0.000         0.000         0.000         0.000


           BETA
              PER_DAMP      PA            NA            PA&1          NA&1
              ________      ________      ________      ________      ________
 PER_DAMP       0.000         0.000         0.000         0.000         0.000
 PA             0.000         0.000         0.000         0.000         0.000
 NA             0.000         0.000         0.000         0.000         0.000
 PA&1           0.000         0.000         0.000         0.000         0.000
 NA&1           0.000         0.000         0.000         0.000         0.000


           PSI
              PER_DAMP      PA            NA            PA&1          NA&1
              ________      ________      ________      ________      ________
 PER_DAMP     110.617
 PA             0.000       148.523
 NA             0.000         0.000        82.455
 PA&1           0.000         0.000         0.000       148.591
 NA&1           0.000         0.000         0.000         0.000        82.346


     STARTING VALUES FOR BETWEEN


           NU
              PER_DAMP      PA            NA
              ________      ________      ________
                0.000         0.000         0.000


           LAMBDA
              SPA_PR        SNA_PR        PER_DAMP      PA            NA
              ________      ________      ________      ________      ________
 PER_DAMP       0.000         0.000         1.000         0.000         0.000
 PA             0.000         0.000         0.000         1.000         0.000
 NA             0.000         0.000         0.000         0.000         1.000


           THETA
              PER_DAMP      PA            NA
              ________      ________      ________
 PER_DAMP       0.000
 PA             0.000         0.000
 NA             0.000         0.000         0.000


           ALPHA
              SPA_PR        SNA_PR        PER_DAMP      PA            NA
              ________      ________      ________      ________      ________
                0.000         0.000        11.539        46.073        14.975


           BETA
              SPA_PR        SNA_PR        PER_DAMP      PA            NA
              ________      ________      ________      ________      ________
 SPA_PR         0.000         0.000         0.000         0.000         0.000
 SNA_PR         0.000         0.000         0.000         0.000         0.000
 PER_DAMP       0.000         0.000         0.000         0.000         0.000
 PA             0.000         0.000         0.000         0.000         0.000
 NA             0.000         0.000         0.000         0.000         0.000


           PSI
              SPA_PR        SNA_PR        PER_DAMP      PA            NA
              ________      ________      ________      ________      ________
 SPA_PR         1.000
 SNA_PR         0.000         1.000
 PER_DAMP       0.000         0.000       110.617
 PA             0.000         0.000         0.000       148.523
 NA             0.000         0.000         0.000         0.000        82.455



     PRIORS FOR ALL PARAMETERS            PRIOR MEAN      PRIOR VARIANCE     PRIOR STD. DEV.

     Parameter 1~IG(-1.000,0.000)          infinity            infinity            infinity
     Parameter 2~IW(0.000,-3)              infinity            infinity            infinity
     Parameter 3~IW(0.000,-3)              infinity            infinity            infinity
     Parameter 4~IW(0.000,-3)              infinity            infinity            infinity
     Parameter 5~N(0.000,infinity)           0.0000            infinity            infinity
     Parameter 6~N(0.000,infinity)           0.0000            infinity            infinity
     Parameter 7~N(0.000,infinity)           0.0000            infinity            infinity
     Parameter 8~N(0.000,infinity)           0.0000            infinity            infinity
     Parameter 9~N(0.000,infinity)           0.0000            infinity            infinity
     Parameter 10~IG(-1.000,0.000)         infinity            infinity            infinity
     Parameter 11~IG(-1.000,0.000)         infinity            infinity            infinity
     Parameter 12~IG(-1.000,0.000)         infinity            infinity            infinity
     Parameter 13~IG(-1.000,0.000)         infinity            infinity            infinity
     Parameter 14~IG(-1.000,0.000)         infinity            infinity            infinity


TECHNICAL 8 OUTPUT


   TECHNICAL 8 OUTPUT FOR BAYES ESTIMATION

     PROCESSOR    BSEED
     1            0
     2            285380
     3            253358
     4            93468
     5            608496
     6            903420
     7            195873
     8            462953
     9            939021
     10           127215
     11           415931
     12           533738
     13           107446
     14           399671
     15           650371
     16           27071

                     POTENTIAL       PARAMETER WITH
     ITERATION    SCALE REDUCTION      HIGHEST PSR
     100              1.390               5
     200              1.131               5
     300              1.062               5
     400              1.083               5
     500              1.086               6
     600              1.072               6
     700              1.060               6
     800              1.057               5
     900              1.103               5
     1000             1.154               5
     1100             1.171               5
     1200             1.196               5
     1300             1.221               5
     1400             1.286               5
     1500             1.284               5
     1600             1.301               5
     1700             1.291               5
     1800             1.249               5
     1900             1.214               5
     2000             1.179               5
     2100             1.168               5
     2200             1.138               5
     2300             1.132               5
     2400             1.134               5
     2500             1.135               5
     2600             1.123               5
     2700             1.111               5
     2800             1.105               5
     2900             1.093               5
     3000             1.093               5
     3100             1.087               5
     3200             1.093               5
     3300             1.096               5
     3400             1.092               5
     3500             1.097               5
     3600             1.092               5
     3700             1.099               5
     3800             1.094               5
     3900             1.101               5
     4000             1.109               5
     4100             1.114               5
     4200             1.125               5
     4300             1.125               5
     4400             1.124               5
     4500             1.127               5
     4600             1.122               5
     4700             1.121               5
     4800             1.124               5
     4900             1.123               5
     5000             1.120               5
     5100             1.114               5
     5200             1.113               5
     5300             1.116               5
     5400             1.113               5
     5500             1.112               5
     5600             1.116               5
     5700             1.110               5
     5800             1.106               5
     5900             1.109               5
     6000             1.108               5
     6100             1.100               5
     6200             1.102               5
     6300             1.096               5
     6400             1.092               5
     6500             1.088               5
     6600             1.085               5
     6700             1.089               5
     6800             1.086               5
     6900             1.082               5
     7000             1.083               5
     7100             1.081               5


PLOT INFORMATION

The following plots are available:

  Histograms (sample values)
  Scatterplots (sample values)
  Between-level histograms (sample values, sample means/variances)
  Between-level scatterplots (sample values, sample means/variances)
  Time series plots (sample values, ACF, PACF)
  Histogram of subjects per time point
  Time interval plots
  Bayesian posterior parameter distributions
  Bayesian posterior parameter trace plots
  Bayesian autocorrelation plots

     Beginning Time:  15:37:57
        Ending Time:  15:41:07
       Elapsed Time:  00:03:10



MUTHEN & MUTHEN
3463 Stoner Ave.
Los Angeles, CA  90066

Tel: (310) 391-9971
Fax: (310) 391-8971
Web: www.StatModel.com
Support: Support@StatModel.com

Copyright (c) 1998-2022 Muthen & Muthen
