Mplus VERSION 8.8
MUTHEN & MUTHEN
07/13/2023  11:09 AM

INPUT INSTRUCTIONS


  DATA:
  FILE IS data9.dat;

  VARIABLE:   NAMES =
  	    Eth_ID Time Time_between Time_inc
  	    PA_enth NA_irri NA_verv PA_tevr PA_ener
       	    PA_kalm NA_nerv PA_daadk NA_verdr
  	    PA_vrol NA_boos PA_dankb NA_somb PER_att
      	    PER_refl PER_self PER_expr PER_damp
  	    PER_codamp PER_capit Sample age_yr gesl BDI
      	    Measures_valid BDI_anh Anhedonia
   	    BDI_sum PA NA day compliance;

              USEVARIABLES are PER_att PA NA;
              MISSING is .;
              within = ;
              between = ;
              cluster = Eth_ID;
              lagged= PA NA(1);
              tinterval=Time_inc (150);

  ANALYSIS:   type = twolevel random;
              estimator = Bayes;
              biterations=(2000);
              bconvergence=0.005;
              thin=2;
              PROCESSORS=16;
  MODEL:
  %WITHIN%
  sPA_PR | PER_att on PA&1;
  sNA_PR | PER_att on NA&1;
  PA on PA&1@0;
  NA on NA&1@0;
  PER_att with PA@0;
  PER_att with NA@0;

  %between%



  OUTPUT: standardized tech1 tech8 cinterval patterns;
  PLOT: TYPE = PLOT3;



*** WARNING in MODEL command
  A y-variable has been declared on the within level but not referred to on
  the between level.  Please check that this is what is intended.  If this is not intended,
  specify the variable as a within variable.  Problem with:  PER_ATT
*** WARNING in MODEL command
  A y-variable has been declared on the within level but not referred to on
  the between level.  Please check that this is what is intended.  If this is not intended,
  specify the variable as a within variable.  Problem with:  PA
*** WARNING in MODEL command
  A y-variable has been declared on the within level but not referred to on
  the between level.  Please check that this is what is intended.  If this is not intended,
  specify the variable as a within variable.  Problem with:  NA
*** WARNING
  One or more individual-level variables have no variation within a
  cluster for the following clusters.

     Variable   Cluster IDs with no within-cluster variation

      PER_ATT     165

*** WARNING
  Data set contains cases with missing on all variables.  Cases that appeared before the first
  case with observed data and that appeared after the last case with observed data were not
  included in the analysis.  Number of deleted cases:  582
   5 WARNING(S) FOUND IN THE INPUT INSTRUCTIONS




SUMMARY OF ANALYSIS

Number of groups                                                 1
Number of observations                                       19779

Number of dependent variables                                    3
Number of independent variables                                  2
Number of continuous latent variables                            2

Observed dependent variables

  Continuous
   PER_ATT     PA          NA

Observed independent variables
   PA&1        NA&1

Continuous latent variables
   SPA_PR      SNA_PR

Variables with special functions

  Cluster variable      ETH_ID

  Within variables
   PA&1        NA&1


Estimator                                                    BAYES
Specifications for Bayesian Estimation
  Point estimate                                            MEDIAN
  Number of Markov chain Monte Carlo (MCMC) chains               2
  Random seed for the first chain                                0
  Starting value information                           UNPERTURBED
  Algorithm used for Markov chain Monte Carlo           GIBBS(PX1)
  Convergence criterion                                  0.500D-02
  Maximum number of iterations                               50000
  K-th iteration used for thinning                               2

Input data file(s)
  data9.dat
Input data format  FREE


SUMMARY OF DATA

     Number of clusters                        155

       Size (s)    Cluster ID with Size s

         84        87
         88        72
         97        34
        101        10
        105        52
        108        119
        111        36
        113        182
        115        131 89
        116        15 77 75
        117        11
        118        195 57 66 49 16
        119        186 197 106 71 149 50 92 38 48 163
        120        98 55 165 168 61 108 192 7 148
        122        174
        123        127
        124        161 51 117 103
        125        112 30 73 13 53 54 40 88 44 68 93 100 105 123
        126        120 65 107 172 173 80 76 109 111 102
        127        133 147 70 177 139 62 86 118 115 25 46 67 178 110 104
                   193 126 32 198
        128        180 43 153 96 5 156 59 18
        129        146 144 3 185 135 190 116 39 187 141 137 69
        130        97 14 166 138
        133        191
        134        2
        135        183 201 194 60 63 200
        136        56 26
        137        9 19 95 42 22 4
        138        29 132 94
        139        114 37 45 145 84 21 79 74 35
        142        27
        143        179
        144        170 171 24
        145        1 20 162 124
        146        151 6 167
        147        31 142
        148        176 159



SUMMARY OF MISSING DATA PATTERNS

     Number of missing data patterns            12


     MISSING DATA PATTERNS (x = not missing)

           1  2  3  4  5  6  7  8  9 10 11 12
 PER_ATT   x  x              x     x     x
 PA        x  x  x        x     x  x     x  x
 NA        x  x  x        x        x  x  x
 PA&1      x     x  x        x     x        x
 NA&1      x     x  x        x           x  x


     MISSING DATA PATTERN FREQUENCIES

    Pattern   Frequency     Pattern   Frequency     Pattern   Frequency
          1        4856           5        8587           9           5
          2        3167           6          47          10           1
          3          45           7           3          11           1
          4        3062           8           4          12           1


COVARIANCE COVERAGE OF DATA

Minimum covariance coverage value   0.100


     PROPORTION OF DATA PRESENT


           Covariance Coverage
              PER_ATT       PA            NA
              ________      ________      ________
 PER_ATT        0.406
 PA             0.406         0.411
 NA             0.406         0.411         0.411



UNIVARIATE SAMPLE STATISTICS


     UNIVARIATE HIGHER-ORDER MOMENT DESCRIPTIVE STATISTICS

         Variable/         Mean/     Skewness/   Minimum/ % with                Percentiles
        Sample Size      Variance    Kurtosis    Maximum  Min/Max      20%/60%    40%/80%    Median

     PER_ATT              30.825       0.479       0.000    9.85%       6.000     17.000     27.000
            8032.000     621.395      -0.851     100.000    0.47%      37.000     55.000
     PA                   45.460      -0.005       0.000    0.30%      30.714     41.429     45.857
            8126.000     301.887      -0.214     100.000    0.07%      50.143     60.143
     NA                   14.923       1.420       0.000    7.13%       5.000      9.167     11.500
            8122.000     162.854       2.057      80.667    0.01%      14.167     22.833


THE MODEL ESTIMATION TERMINATED NORMALLY

     USE THE FBITERATIONS OPTION TO INCREASE THE NUMBER OF ITERATIONS BY A FACTOR
     OF AT LEAST TWO TO CHECK CONVERGENCE AND THAT THE PSR VALUE DOES NOT INCREASE.



MODEL FIT INFORMATION

Number of Free Parameters                              14

Information Criteria

          Deviance (DIC)                       503405.059
          Estimated Number of Parameters (pD)   35401.979



MODEL RESULTS

                                Posterior  One-Tailed         95% C.I.
                    Estimate       S.D.      P-Value   Lower 2.5%  Upper 2.5%  Significance

Within Level

 PA         ON
    PA&1               0.000       0.000      1.000       0.000       0.000

 NA         ON
    NA&1               0.000       0.000      1.000       0.000       0.000

 PER_ATT  WITH
    PA                 0.000       0.000      1.000       0.000       0.000
    NA                 0.000       0.000      1.000       0.000       0.000

 NA       WITH
    PA               -59.982       1.583      0.000     -63.080     -56.908      *

 Residual Variances
    PER_ATT          320.013       5.674      0.000     308.890     331.310      *
    PA               169.571       2.736      0.000     164.403     174.946      *
    NA                91.302       1.516      0.000      88.405      94.300      *

Between Level

 Means
    PER_ATT           30.609       1.386      0.000      27.685      33.351      *
    PA                45.492       0.933      0.000      43.617      47.308      *
    NA                15.009       0.708      0.000      13.609      16.404      *
    SPA_PR             0.221       0.033      0.000       0.158       0.285      *
    SNA_PR             0.235       0.050      0.000       0.136       0.331      *

 Variances
    PER_ATT          277.272      32.257      0.000     221.757     345.433      *
    PA               137.857      16.480      0.000     111.180     175.284      *
    NA                75.450       9.178      0.000      60.350      95.685      *
    SPA_PR             0.061       0.015      0.000       0.036       0.094      *
    SNA_PR             0.157       0.044      0.000       0.090       0.263      *


STANDARDIZED MODEL RESULTS


STDYX Standardization

                                Posterior  One-Tailed         95% C.I.
                    Estimate       S.D.      P-Value   Lower 2.5%  Upper 2.5%  Significance

Within-Level Standardized Estimates Averaged Over Clusters

 SPA_PR | PER_ATT ON
    PA&1               0.150       0.018      0.000       0.115       0.183      *

 SNA_PR | PER_ATT ON
    NA&1               0.119       0.020      0.000       0.081       0.157      *

 PA         ON
    PA&1               0.000       0.000      1.000       0.000       0.000

 NA         ON
    NA&1               0.000       0.000      1.000       0.000       0.000

 PER_ATT  WITH
    PA                 0.000       0.000      1.000       0.000       0.000
    NA                 0.000       0.000      1.000       0.000       0.000

 NA       WITH
    PA                -0.482       0.009      0.000      -0.500      -0.465      *

 Residual Variances
    PER_ATT            0.919       0.009      0.000       0.902       0.936      *
    PA                 1.000       0.000      0.000       1.000       1.000
    NA                 1.000       0.000      0.000       1.000       1.000

Between Level

 Means
    PER_ATT            1.838       0.140      0.000       1.573       2.135      *
    PA                 3.868       0.241      0.000       3.419       4.355      *
    NA                 1.729       0.130      0.000       1.473       1.977      *
    SPA_PR             0.897       0.184      0.000       0.594       1.321      *
    SNA_PR             0.593       0.147      0.000       0.322       0.902      *

 Variances
    PER_ATT            1.000       0.000      0.000       1.000       1.000
    PA                 1.000       0.000      0.000       1.000       1.000
    NA                 1.000       0.000      0.000       1.000       1.000
    SPA_PR             1.000       0.000      0.000       1.000       1.000
    SNA_PR             1.000       0.000      0.000       1.000       1.000


STDY Standardization

                                Posterior  One-Tailed         95% C.I.
                    Estimate       S.D.      P-Value   Lower 2.5%  Upper 2.5%  Significance

Within-Level Standardized Estimates Averaged Over Clusters

 SPA_PR | PER_ATT ON
    PA&1               0.012       0.001      0.000       0.009       0.014      *

 SNA_PR | PER_ATT ON
    NA&1               0.012       0.002      0.000       0.008       0.016      *

 PA         ON
    PA&1               0.000       0.000      1.000       0.000       0.000

 NA         ON
    NA&1               0.000       0.000      1.000       0.000       0.000

 PER_ATT  WITH
    PA                 0.000       0.000      1.000       0.000       0.000
    NA                 0.000       0.000      1.000       0.000       0.000

 NA       WITH
    PA                -0.482       0.009      0.000      -0.500      -0.465      *

 Residual Variances
    PER_ATT            0.919       0.009      0.000       0.902       0.936      *
    PA                 1.000       0.000      0.000       1.000       1.000
    NA                 1.000       0.000      0.000       1.000       1.000

Between Level

 Means
    PER_ATT            1.838       0.140      0.000       1.573       2.135      *
    PA                 3.868       0.241      0.000       3.419       4.355      *
    NA                 1.729       0.130      0.000       1.473       1.977      *
    SPA_PR             0.897       0.184      0.000       0.594       1.321      *
    SNA_PR             0.593       0.147      0.000       0.322       0.902      *

 Variances
    PER_ATT            1.000       0.000      0.000       1.000       1.000
    PA                 1.000       0.000      0.000       1.000       1.000
    NA                 1.000       0.000      0.000       1.000       1.000
    SPA_PR             1.000       0.000      0.000       1.000       1.000
    SNA_PR             1.000       0.000      0.000       1.000       1.000


STD Standardization

                                Posterior  One-Tailed         95% C.I.
                    Estimate       S.D.      P-Value   Lower 2.5%  Upper 2.5%  Significance

Within-Level Standardized Estimates Averaged Over Clusters

 SPA_PR | PER_ATT ON
    PA&1               0.220       0.026      0.000       0.170       0.270      *

 SNA_PR | PER_ATT ON
    NA&1               0.236       0.040      0.000       0.159       0.312      *

 PA         ON
    PA&1               0.000       0.000      1.000       0.000       0.000

 NA         ON
    NA&1               0.000       0.000      1.000       0.000       0.000

 PER_ATT  WITH
    PA                 0.000       0.000      1.000       0.000       0.000
    NA                 0.000       0.000      1.000       0.000       0.000

 NA       WITH
    PA               -59.982       1.583      0.000     -63.080     -56.908      *

 Residual Variances
    PER_ATT          320.013       5.674      0.000     308.890     331.310      *
    PA               169.571       2.736      0.000     164.403     174.946      *
    NA                91.302       1.516      0.000      88.405      94.300      *

Between Level

 Means
    PER_ATT           30.609       1.386      0.000      27.685      33.351      *
    PA                45.492       0.933      0.000      43.617      47.308      *
    NA                15.009       0.708      0.000      13.609      16.404      *
    SPA_PR             0.897       0.184      0.000       0.594       1.321      *
    SNA_PR             0.593       0.147      0.000       0.322       0.902      *

 Variances
    PER_ATT          277.272      32.257      0.000     221.757     345.433      *
    PA               137.857      16.480      0.000     111.180     175.284      *
    NA                75.450       9.178      0.000      60.350      95.685      *
    SPA_PR             1.000       0.000      0.000       1.000       1.000
    SNA_PR             1.000       0.000      0.000       1.000       1.000


R-SQUARE

Within-Level R-Square Averaged Across Clusters

                                Posterior  One-Tailed         95% C.I.
    Variable        Estimate       S.D.      P-Value   Lower 2.5%  Upper 2.5%

    PER_ATT            0.081       0.009      0.000       0.064       0.098
    PA                 0.000       0.000      1.000       0.000       0.000
    NA                 0.000       0.000      1.000       0.000       0.000


CREDIBILITY INTERVALS OF MODEL RESULTS

                  Lower .5%  Lower 2.5%    Lower 5%    Estimate    Upper 5%  Upper 2.5%   Upper .5%

Within Level

 PA       ON
    PA&1             0.000       0.000       0.000       0.000       0.000       0.000       0.000

 NA       ON
    NA&1             0.000       0.000       0.000       0.000       0.000       0.000       0.000

 PER_ATT  WITH
    PA               0.000       0.000       0.000       0.000       0.000       0.000       0.000
    NA               0.000       0.000       0.000       0.000       0.000       0.000       0.000

 NA       WITH
    PA             -64.284     -63.080     -62.635     -59.982     -57.411     -56.908     -55.940

 Residual Variances
    PER_ATT        304.973     308.890     310.893     320.013     329.353     331.310     334.522
    PA             162.328     164.403     165.187     169.571     174.045     174.946     176.200
    NA              87.376      88.405      88.808      91.302      93.832      94.300      95.215

Between Level

 Means
    PER_ATT         26.769      27.685      28.302      30.609      32.850      33.351      34.353
    PA              43.014      43.617      43.903      45.492      47.011      47.308      47.868
    NA              13.185      13.609      13.831      15.009      16.106      16.404      16.823
    SPA_PR           0.139       0.158       0.166       0.221       0.274       0.285       0.304
    SNA_PR           0.104       0.136       0.154       0.235       0.320       0.331       0.373

 Variances
    PER_ATT        208.870     221.757     229.269     277.272     333.910     345.433     375.820
    PA             104.135     111.180     114.749     137.857     168.658     175.284     189.689
    NA              56.331      60.350      62.427      75.450      92.254      95.685     103.625
    SPA_PR           0.030       0.036       0.039       0.061       0.088       0.094       0.105
    SNA_PR           0.072       0.090       0.100       0.157       0.247       0.263       0.309


CREDIBILITY INTERVALS OF STANDARDIZED MODEL RESULTS


STDYX Standardization

                  Lower .5%  Lower 2.5%    Lower 5%    Estimate    Upper 5%  Upper 2.5%   Upper .5%

Within Level

 PA       ON
    PA&1             0.000       0.000       0.000       0.000       0.000       0.000       0.000

 NA       ON
    NA&1             0.000       0.000       0.000       0.000       0.000       0.000       0.000

 PER_ATT  WITH
    PA               0.000       0.000       0.000       0.000       0.000       0.000       0.000
    NA               0.000       0.000       0.000       0.000       0.000       0.000       0.000

 NA       WITH
    PA               0.000      -0.500       0.000      -0.482       0.000      -0.465       0.000

 Residual Variances
    PER_ATT          0.000       0.902       0.000       0.919       0.000       0.936       0.000
    PA               0.000       1.000       0.000       1.000       0.000       1.000       0.000
    NA               0.000       1.000       0.000       1.000       0.000       1.000       0.000

Between Level

 Means
    PER_ATT          1.481       1.573       1.626       1.838       2.075       2.135       2.219
    PA               3.251       3.419       3.483       3.868       4.270       4.355       4.488
    NA               1.402       1.473       1.508       1.729       1.939       1.977       2.048
    SPA_PR           0.511       0.594       0.641       0.897       1.242       1.321       1.452
    SNA_PR           0.253       0.322       0.363       0.593       0.848       0.902       0.990

 Variances
    PER_ATT          1.000       1.000       1.000       1.000       1.000       1.000       1.000
    PA               1.000       1.000       1.000       1.000       1.000       1.000       1.000
    NA               1.000       1.000       1.000       1.000       1.000       1.000       1.000
    SPA_PR           1.000       1.000       1.000       1.000       1.000       1.000       1.000
    SNA_PR           1.000       1.000       1.000       1.000       1.000       1.000       1.000


STDY Standardization

                  Lower .5%  Lower 2.5%    Lower 5%    Estimate    Upper 5%  Upper 2.5%   Upper .5%

Within Level

 PA       ON
    PA&1             0.000       0.000       0.000       0.000       0.000       0.000       0.000

 NA       ON
    NA&1             0.000       0.000       0.000       0.000       0.000       0.000       0.000

 PER_ATT  WITH
    PA               0.000       0.000       0.000       0.000       0.000       0.000       0.000
    NA               0.000       0.000       0.000       0.000       0.000       0.000       0.000

 NA       WITH
    PA               0.000      -0.500       0.000      -0.482       0.000      -0.465       0.000

 Residual Variances
    PER_ATT          0.000       0.902       0.000       0.919       0.000       0.936       0.000
    PA               0.000       1.000       0.000       1.000       0.000       1.000       0.000
    NA               0.000       1.000       0.000       1.000       0.000       1.000       0.000

Between Level

 Means
    PER_ATT          1.481       1.573       1.626       1.838       2.075       2.135       2.219
    PA               3.251       3.419       3.483       3.868       4.270       4.355       4.488
    NA               1.402       1.473       1.508       1.729       1.939       1.977       2.048
    SPA_PR           0.511       0.594       0.641       0.897       1.242       1.321       1.452
    SNA_PR           0.253       0.322       0.363       0.593       0.848       0.902       0.990

 Variances
    PER_ATT          1.000       1.000       1.000       1.000       1.000       1.000       1.000
    PA               1.000       1.000       1.000       1.000       1.000       1.000       1.000
    NA               1.000       1.000       1.000       1.000       1.000       1.000       1.000
    SPA_PR           1.000       1.000       1.000       1.000       1.000       1.000       1.000
    SNA_PR           1.000       1.000       1.000       1.000       1.000       1.000       1.000


STD Standardization

                  Lower .5%  Lower 2.5%    Lower 5%    Estimate    Upper 5%  Upper 2.5%   Upper .5%

Within Level

 PA       ON
    PA&1             0.000       0.000       0.000       0.000       0.000       0.000       0.000

 NA       ON
    NA&1             0.000       0.000       0.000       0.000       0.000       0.000       0.000

 PER_ATT  WITH
    PA               0.000       0.000       0.000       0.000       0.000       0.000       0.000
    NA               0.000       0.000       0.000       0.000       0.000       0.000       0.000

 NA       WITH
    PA               0.000     -63.080       0.000     -59.982       0.000     -56.908       0.000

 Residual Variances
    PER_ATT          0.000     308.890       0.000     320.013       0.000     331.310       0.000
    PA               0.000     164.403       0.000     169.571       0.000     174.946       0.000
    NA               0.000      88.405       0.000      91.302       0.000      94.300       0.000

Between Level

 Means
    PER_ATT         26.769      27.685      28.302      30.609      32.850      33.351      34.353
    PA              43.014      43.617      43.903      45.492      47.011      47.308      47.868
    NA              13.185      13.609      13.831      15.009      16.106      16.404      16.823
    SPA_PR           0.511       0.594       0.641       0.897       1.242       1.321       1.452
    SNA_PR           0.253       0.322       0.363       0.593       0.848       0.902       0.990

 Variances
    PER_ATT        208.870     221.757     229.269     277.272     333.910     345.433     375.820
    PA             104.135     111.180     114.749     137.857     168.658     175.284     189.689
    NA              56.331      60.350      62.427      75.450      92.254      95.685     103.625
    SPA_PR           1.000       1.000       1.000       1.000       1.000       1.000       1.000
    SNA_PR           1.000       1.000       1.000       1.000       1.000       1.000       1.000


TECHNICAL 1 OUTPUT


     PARAMETER SPECIFICATION FOR WITHIN


           NU
              PER_ATT       PA            NA            PA&1          NA&1
              ________      ________      ________      ________      ________
                    0             0             0             0             0


           LAMBDA
              PER_ATT       PA            NA            PA&1          NA&1
              ________      ________      ________      ________      ________
 PER_ATT            0             0             0             0             0
 PA                 0             0             0             0             0
 NA                 0             0             0             0             0
 PA&1               0             0             0             0             0
 NA&1               0             0             0             0             0


           THETA
              PER_ATT       PA            NA            PA&1          NA&1
              ________      ________      ________      ________      ________
 PER_ATT            0
 PA                 0             0
 NA                 0             0             0
 PA&1               0             0             0             0
 NA&1               0             0             0             0             0


           ALPHA
              PER_ATT       PA            NA            PA&1          NA&1
              ________      ________      ________      ________      ________
                    0             0             0             0             0


           BETA
              PER_ATT       PA            NA            PA&1          NA&1
              ________      ________      ________      ________      ________
 PER_ATT            0             0             0             0             0
 PA                 0             0             0             0             0
 NA                 0             0             0             0             0
 PA&1               0             0             0             0             0
 NA&1               0             0             0             0             0


           PSI
              PER_ATT       PA            NA            PA&1          NA&1
              ________      ________      ________      ________      ________
 PER_ATT            1
 PA                 0             2
 NA                 0             3             4
 PA&1               0             0             0             0
 NA&1               0             0             0             0             0


     PARAMETER SPECIFICATION FOR BETWEEN


           NU
              PER_ATT       PA            NA
              ________      ________      ________
                    0             0             0


           LAMBDA
              SPA_PR        SNA_PR        PER_ATT       PA            NA
              ________      ________      ________      ________      ________
 PER_ATT            0             0             0             0             0
 PA                 0             0             0             0             0
 NA                 0             0             0             0             0


           THETA
              PER_ATT       PA            NA
              ________      ________      ________
 PER_ATT            0
 PA                 0             0
 NA                 0             0             0


           ALPHA
              SPA_PR        SNA_PR        PER_ATT       PA            NA
              ________      ________      ________      ________      ________
                    5             6             7             8             9


           BETA
              SPA_PR        SNA_PR        PER_ATT       PA            NA
              ________      ________      ________      ________      ________
 SPA_PR             0             0             0             0             0
 SNA_PR             0             0             0             0             0
 PER_ATT            0             0             0             0             0
 PA                 0             0             0             0             0
 NA                 0             0             0             0             0


           PSI
              SPA_PR        SNA_PR        PER_ATT       PA            NA
              ________      ________      ________      ________      ________
 SPA_PR            10
 SNA_PR             0            11
 PER_ATT            0             0            12
 PA                 0             0             0            13
 NA                 0             0             0             0            14


     STARTING VALUES FOR WITHIN


           NU
              PER_ATT       PA            NA            PA&1          NA&1
              ________      ________      ________      ________      ________
                0.000         0.000         0.000         0.000         0.000


           LAMBDA
              PER_ATT       PA            NA            PA&1          NA&1
              ________      ________      ________      ________      ________
 PER_ATT        1.000         0.000         0.000         0.000         0.000
 PA             0.000         1.000         0.000         0.000         0.000
 NA             0.000         0.000         1.000         0.000         0.000
 PA&1           0.000         0.000         0.000         1.000         0.000
 NA&1           0.000         0.000         0.000         0.000         1.000


           THETA
              PER_ATT       PA            NA            PA&1          NA&1
              ________      ________      ________      ________      ________
 PER_ATT        0.000
 PA             0.000         0.000
 NA             0.000         0.000         0.000
 PA&1           0.000         0.000         0.000         0.000
 NA&1           0.000         0.000         0.000         0.000         0.000


           ALPHA
              PER_ATT       PA            NA            PA&1          NA&1
              ________      ________      ________      ________      ________
                0.000         0.000         0.000         0.000         0.000


           BETA
              PER_ATT       PA            NA            PA&1          NA&1
              ________      ________      ________      ________      ________
 PER_ATT        0.000         0.000         0.000         0.000         0.000
 PA             0.000         0.000         0.000         0.000         0.000
 NA             0.000         0.000         0.000         0.000         0.000
 PA&1           0.000         0.000         0.000         0.000         0.000
 NA&1           0.000         0.000         0.000         0.000         0.000


           PSI
              PER_ATT       PA            NA            PA&1          NA&1
              ________      ________      ________      ________      ________
 PER_ATT      310.698
 PA             0.000       150.944
 NA             0.000         0.000        81.427
 PA&1           0.000         0.000         0.000       151.025
 NA&1           0.000         0.000         0.000         0.000        81.335


     STARTING VALUES FOR BETWEEN


           NU
              PER_ATT       PA            NA
              ________      ________      ________
                0.000         0.000         0.000


           LAMBDA
              SPA_PR        SNA_PR        PER_ATT       PA            NA
              ________      ________      ________      ________      ________
 PER_ATT        0.000         0.000         1.000         0.000         0.000
 PA             0.000         0.000         0.000         1.000         0.000
 NA             0.000         0.000         0.000         0.000         1.000


           THETA
              PER_ATT       PA            NA
              ________      ________      ________
 PER_ATT        0.000
 PA             0.000         0.000
 NA             0.000         0.000         0.000


           ALPHA
              SPA_PR        SNA_PR        PER_ATT       PA            NA
              ________      ________      ________      ________      ________
                0.000         0.000        30.825        45.460        14.923


           BETA
              SPA_PR        SNA_PR        PER_ATT       PA            NA
              ________      ________      ________      ________      ________
 SPA_PR         0.000         0.000         0.000         0.000         0.000
 SNA_PR         0.000         0.000         0.000         0.000         0.000
 PER_ATT        0.000         0.000         0.000         0.000         0.000
 PA             0.000         0.000         0.000         0.000         0.000
 NA             0.000         0.000         0.000         0.000         0.000


           PSI
              SPA_PR        SNA_PR        PER_ATT       PA            NA
              ________      ________      ________      ________      ________
 SPA_PR         1.000
 SNA_PR         0.000         1.000
 PER_ATT        0.000         0.000       310.698
 PA             0.000         0.000         0.000       150.944
 NA             0.000         0.000         0.000         0.000        81.427



     PRIORS FOR ALL PARAMETERS            PRIOR MEAN      PRIOR VARIANCE     PRIOR STD. DEV.

     Parameter 1~IG(-1.000,0.000)          infinity            infinity            infinity
     Parameter 2~IW(0.000,-3)              infinity            infinity            infinity
     Parameter 3~IW(0.000,-3)              infinity            infinity            infinity
     Parameter 4~IW(0.000,-3)              infinity            infinity            infinity
     Parameter 5~N(0.000,infinity)           0.0000            infinity            infinity
     Parameter 6~N(0.000,infinity)           0.0000            infinity            infinity
     Parameter 7~N(0.000,infinity)           0.0000            infinity            infinity
     Parameter 8~N(0.000,infinity)           0.0000            infinity            infinity
     Parameter 9~N(0.000,infinity)           0.0000            infinity            infinity
     Parameter 10~IG(-1.000,0.000)         infinity            infinity            infinity
     Parameter 11~IG(-1.000,0.000)         infinity            infinity            infinity
     Parameter 12~IG(-1.000,0.000)         infinity            infinity            infinity
     Parameter 13~IG(-1.000,0.000)         infinity            infinity            infinity
     Parameter 14~IG(-1.000,0.000)         infinity            infinity            infinity


TECHNICAL 8 OUTPUT


   TECHNICAL 8 OUTPUT FOR BAYES ESTIMATION

     PROCESSOR    BSEED
     1            0
     2            285380
     3            253358
     4            93468
     5            608496
     6            903420
     7            195873
     8            462953
     9            939021
     10           127215
     11           415931
     12           533738
     13           107446
     14           399671
     15           650371
     16           27071

                     POTENTIAL       PARAMETER WITH
     ITERATION    SCALE REDUCTION      HIGHEST PSR
     100              1.080               1
     200              1.061               5
     300              1.020               7
     400              1.067               1
     500              1.095               1
     600              1.076               1
     700              1.056               11
     800              1.028               11
     900              1.028               6
     1000             1.023               6
     1100             1.010               11
     1200             1.002               2
     1300             1.011               11
     1400             1.005               6
     1500             1.005               11
     1600             1.002               11
     1700             1.004               10
     1800             1.001               10
     1900             1.001               1
     2000             1.001               2


PLOT INFORMATION

The following plots are available:

  Histograms (sample values)
  Scatterplots (sample values)
  Between-level histograms (sample values, sample means/variances)
  Between-level scatterplots (sample values, sample means/variances)
  Time series plots (sample values, ACF, PACF)
  Histogram of subjects per time point
  Time interval plots
  Bayesian posterior parameter distributions
  Bayesian posterior parameter trace plots
  Bayesian autocorrelation plots

     Beginning Time:  11:09:57
        Ending Time:  11:11:01
       Elapsed Time:  00:01:04



MUTHEN & MUTHEN
3463 Stoner Ave.
Los Angeles, CA  90066

Tel: (310) 391-9971
Fax: (310) 391-8971
Web: www.StatModel.com
Support: Support@StatModel.com

Copyright (c) 1998-2022 Muthen & Muthen
