Mplus VERSION 8.8
MUTHEN & MUTHEN
08/25/2023   3:25 PM

INPUT INSTRUCTIONS


  DATA:
  FILE IS data6.dat;

  VARIABLE:   NAMES =
  	    Eth_ID Time Time_between Time_inc
  	    PA_enth NA_irri NA_verv PA_tevr PA_ener
       	    PA_kalm NA_nerv PA_daadk NA_verdr
  	    PA_vrol NA_boos PA_dankb NA_somb PER_att
      	    PER_refl PER_self PER_expr PER_damp
  	    PER_codamp PER_capit Sample age_yr gesl BDI
      	    Measures_valid BDI_anh Anhedonia
   	    BDI_sum PA NA day compliance;

              USEVARIABLES are PER_codamp PA NA;
              MISSING is .;
              within = ;
              between = ;
              cluster = Eth_ID;
              lagged= PA NA(1);
              tinterval=Time_inc (150);

  ANALYSIS:   type = twolevel random;
              estimator = Bayes;
              biterations=(2000);
  !            bconvergence=0.005;
              thin=2;
              PROCESSORS=16;

  MODEL:
  %WITHIN%
  sPA_PR | PER_codamp on PA&1;
  sNA_PR | PER_codamp on NA&1;
  PA on PA&1@0;
  NA on NA&1@0;
  PER_codamp with PA@0;
  PER_codamp with NA@0;

  %between%



  OUTPUT: standardized tech1 tech8 cinterval patterns;
  PLOT: TYPE = PLOT3;



*** WARNING in VARIABLE command
  Note that only the first 8 characters of variable names are used in the output.
  Shorten variable names to avoid any confusion.
*** WARNING in MODEL command
  A y-variable has been declared on the within level but not referred to on
  the between level.  Please check that this is what is intended.  If this is not intended,
  specify the variable as a within variable.  Problem with:  PER_CODAMP
*** WARNING in MODEL command
  A y-variable has been declared on the within level but not referred to on
  the between level.  Please check that this is what is intended.  If this is not intended,
  specify the variable as a within variable.  Problem with:  PA
*** WARNING in MODEL command
  A y-variable has been declared on the within level but not referred to on
  the between level.  Please check that this is what is intended.  If this is not intended,
  specify the variable as a within variable.  Problem with:  NA
*** WARNING in PLOT command
  Note that only the first 8 characters of variable names are used in plots.
  If variable names are not unique within the first 8 characters, problems
  may occur.
*** WARNING
  One or more individual-level variables have no variation within a
  cluster for the following clusters.

     Variable   Cluster IDs with no within-cluster variation

      PER_CODA    82 89 71 148 165 127 73 177

*** WARNING
  Data set contains cases with missing on all variables.  Cases that appeared before the first
  case with observed data and that appeared after the last case with observed data were not
  included in the analysis.  Number of deleted cases:  679
   7 WARNING(S) FOUND IN THE INPUT INSTRUCTIONS




SUMMARY OF ANALYSIS

Number of groups                                                 1
Number of observations                                       20160

Number of dependent variables                                    3
Number of independent variables                                  2
Number of continuous latent variables                            2

Observed dependent variables

  Continuous
   PER_CODAMP  PA          NA

Observed independent variables
   PA&1        NA&1

Continuous latent variables
   SPA_PR      SNA_PR

Variables with special functions

  Cluster variable      ETH_ID

  Within variables
   PA&1        NA&1


Estimator                                                    BAYES
Specifications for Bayesian Estimation
  Point estimate                                            MEDIAN
  Number of Markov chain Monte Carlo (MCMC) chains               2
  Random seed for the first chain                                0
  Starting value information                           UNPERTURBED
  Algorithm used for Markov chain Monte Carlo           GIBBS(PX1)
  Convergence criterion                                  0.500D-01
  Maximum number of iterations                               50000
  K-th iteration used for thinning                               2

Input data file(s)
  data6.dat
Input data format  FREE


SUMMARY OF DATA

     Number of clusters                        159

       Size (s)    Cluster ID with Size s

         56        28
         80        82
         84        87
         88        72
         97        34
        101        10
        105        52
        108        119
        111        36
        113        182
        115        89 131
        116        15 188 75 77
        117        11
        118        16 66 49 57 195
        119        197 71 48 149 50 92 38 186 163 106
        120        55 168 7 108 148 192 61 98 165
        122        174
        123        127
        124        161 117 103 51
        125        53 54 13 40 44 88 30 68 100 93 105 112 123 73
        126        107 172 173 102 65 109 111 80 76 120
        127        70 177 133 62 139 118 110 25 115 67 46 104 178 126 193
                   32 86 198 147
        128        43 153 59 156 96 180 18 5
        129        141 144 125 3 185 146 135 190 187 39 137 116 69
        130        138 166 97 14
        133        191
        134        2
        135        194 63 60 183 201 200
        136        26 56
        137        95 4 9 22 19 42
        138        132 29 94
        139        45 74 35 37 84 21 79 145 114
        142        27
        143        179
        144        170 24 171
        145        1 124 162 20
        146        151 6 167
        147        142 31
        148        159 176



SUMMARY OF MISSING DATA PATTERNS

     Number of missing data patterns            13


     MISSING DATA PATTERNS (x = not missing)

           1  2  3  4  5  6  7  8  9 10 11 12 13
 PER_CODA  x  x              x     x     x     x
 PA        x  x        x  x     x  x     x  x
 NA        x  x        x  x        x  x  x
 PA&1      x     x        x  x     x        x
 NA&1      x     x        x  x           x  x


     MISSING DATA PATTERN FREQUENCIES

    Pattern   Frequency     Pattern   Frequency     Pattern   Frequency
          1        4871           6          67          11           1
          2        3199           7           3          12           1
          3        3121           8           4          13           1
          4        8808           9           5
          5          78          10           1


COVARIANCE COVERAGE OF DATA

Minimum covariance coverage value   0.100


     PROPORTION OF DATA PRESENT


           Covariance Coverage
              PER_CODA      PA            NA
              ________      ________      ________
 PER_CODA       0.401
 PA             0.401         0.408
 NA             0.401         0.408         0.408



UNIVARIATE SAMPLE STATISTICS


     UNIVARIATE HIGHER-ORDER MOMENT DESCRIPTIVE STATISTICS

         Variable/         Mean/     Skewness/   Minimum/ % with                Percentiles
        Sample Size      Variance    Kurtosis    Maximum  Min/Max      20%/60%    40%/80%    Median

     PER_CODAMP            9.792       2.490       0.000   25.02%       0.000      4.000      6.000
            8080.000     179.259       6.918     100.000    0.01%       7.000     14.000
     PA                   47.250      -0.053       0.000    0.35%      32.167     43.333     47.833
            8226.000     318.049      -0.209     100.000    0.11%      52.000     62.333
     NA                   14.975       1.412       0.000    7.26%       5.000      9.167     11.500
            8222.000     164.910       1.997      80.667    0.01%      14.333     23.000


THE MODEL ESTIMATION TERMINATED NORMALLY

     USE THE FBITERATIONS OPTION TO INCREASE THE NUMBER OF ITERATIONS BY A FACTOR
     OF AT LEAST TWO TO CHECK CONVERGENCE AND THAT THE PSR VALUE DOES NOT INCREASE.



MODEL FIT INFORMATION

Number of Free Parameters                              14

Information Criteria

          Deviance (DIC)                       483535.845
          Estimated Number of Parameters (pD)   36304.862



MODEL RESULTS

                                Posterior  One-Tailed         95% C.I.
                    Estimate       S.D.      P-Value   Lower 2.5%  Upper 2.5%  Significance

Within Level

 PA         ON
    PA&1               0.000       0.000      1.000       0.000       0.000

 NA         ON
    NA&1               0.000       0.000      1.000       0.000       0.000

 PER_CODA WITH
    PA                 0.000       0.000      1.000       0.000       0.000
    NA                 0.000       0.000      1.000       0.000       0.000

 NA       WITH
    PA               -66.351       1.674      0.000     -69.810     -63.270      *

 Residual Variances
    PER_CODAMP        66.875       1.200      0.000      64.560      69.339      *
    PA               185.736       2.952      0.000     180.460     191.777      *
    NA                93.407       1.487      0.000      90.694      96.286      *

Between Level

 Means
    PER_CODAMP        10.091       0.853      0.000       8.340      11.733      *
    PA                47.306       0.918      0.000      45.457      49.113      *
    NA                15.173       0.697      0.000      13.834      16.534      *
    SPA_PR             0.034       0.023      0.076      -0.012       0.078
    SNA_PR             0.096       0.028      0.000       0.042       0.151      *

 Variances
    PER_CODAMP       106.336      12.557      0.000      84.083     133.694      *
    PA               142.641      16.657      0.000     114.102     179.400      *
    NA                78.022       8.886      0.000      62.854      96.953      *
    SPA_PR             0.062       0.010      0.000       0.046       0.084      *
    SNA_PR             0.078       0.014      0.000       0.055       0.109      *


STANDARDIZED MODEL RESULTS


STDYX Standardization

                                Posterior  One-Tailed         95% C.I.
                    Estimate       S.D.      P-Value   Lower 2.5%  Upper 2.5%  Significance

Within-Level Standardized Estimates Averaged Over Clusters

 SPA_PR | PER_CODAMP ON
    PA&1               0.049       0.017      0.002       0.017       0.082      *

 SNA_PR | PER_CODAMP ON
    NA&1               0.094       0.018      0.000       0.057       0.128      *

 PA         ON
    PA&1               0.000       0.000      1.000       0.000       0.000

 NA         ON
    NA&1               0.000       0.000      1.000       0.000       0.000

 PER_CODA WITH
    PA                 0.000       0.000      1.000       0.000       0.000
    NA                 0.000       0.000      1.000       0.000       0.000

 NA       WITH
    PA                -0.504       0.008      0.000      -0.521      -0.487      *

 Residual Variances
    PER_CODAMP         0.853       0.007      0.000       0.840       0.866      *
    PA                 1.000       0.000      0.000       1.000       1.000
    NA                 1.000       0.000      0.000       1.000       1.000

Between Level

 Means
    PER_CODAMP         0.981       0.100      0.000       0.777       1.169      *
    PA                 3.962       0.240      0.000       3.503       4.435      *
    NA                 1.716       0.125      0.000       1.475       1.978      *
    SPA_PR             0.136       0.094      0.076      -0.048       0.322
    SNA_PR             0.345       0.107      0.000       0.148       0.562      *

 Variances
    PER_CODAMP         1.000       0.000      0.000       1.000       1.000
    PA                 1.000       0.000      0.000       1.000       1.000
    NA                 1.000       0.000      0.000       1.000       1.000
    SPA_PR             1.000       0.000      0.000       1.000       1.000
    SNA_PR             1.000       0.000      0.000       1.000       1.000


STDY Standardization

                                Posterior  One-Tailed         95% C.I.
                    Estimate       S.D.      P-Value   Lower 2.5%  Upper 2.5%  Significance

Within-Level Standardized Estimates Averaged Over Clusters

 SPA_PR | PER_CODAMP ON
    PA&1               0.004       0.001      0.002       0.001       0.006      *

 SNA_PR | PER_CODAMP ON
    NA&1               0.010       0.002      0.000       0.006       0.013      *

 PA         ON
    PA&1               0.000       0.000      1.000       0.000       0.000

 NA         ON
    NA&1               0.000       0.000      1.000       0.000       0.000

 PER_CODA WITH
    PA                 0.000       0.000      1.000       0.000       0.000
    NA                 0.000       0.000      1.000       0.000       0.000

 NA       WITH
    PA                -0.504       0.008      0.000      -0.521      -0.487      *

 Residual Variances
    PER_CODAMP         0.853       0.007      0.000       0.840       0.866      *
    PA                 1.000       0.000      0.000       1.000       1.000
    NA                 1.000       0.000      0.000       1.000       1.000

Between Level

 Means
    PER_CODAMP         0.981       0.100      0.000       0.777       1.169      *
    PA                 3.962       0.240      0.000       3.503       4.435      *
    NA                 1.716       0.125      0.000       1.475       1.978      *
    SPA_PR             0.136       0.094      0.076      -0.048       0.322
    SNA_PR             0.345       0.107      0.000       0.148       0.562      *

 Variances
    PER_CODAMP         1.000       0.000      0.000       1.000       1.000
    PA                 1.000       0.000      0.000       1.000       1.000
    NA                 1.000       0.000      0.000       1.000       1.000
    SPA_PR             1.000       0.000      0.000       1.000       1.000
    SNA_PR             1.000       0.000      0.000       1.000       1.000


STD Standardization

                                Posterior  One-Tailed         95% C.I.
                    Estimate       S.D.      P-Value   Lower 2.5%  Upper 2.5%  Significance

Within-Level Standardized Estimates Averaged Over Clusters

 SPA_PR | PER_CODAMP ON
    PA&1               0.034       0.012      0.002       0.011       0.059      *

 SNA_PR | PER_CODAMP ON
    NA&1               0.097       0.018      0.000       0.061       0.131      *

 PA         ON
    PA&1               0.000       0.000      1.000       0.000       0.000

 NA         ON
    NA&1               0.000       0.000      1.000       0.000       0.000

 PER_CODA WITH
    PA                 0.000       0.000      1.000       0.000       0.000
    NA                 0.000       0.000      1.000       0.000       0.000

 NA       WITH
    PA               -66.351       1.674      0.000     -69.810     -63.270      *

 Residual Variances
    PER_CODAMP        66.875       1.200      0.000      64.560      69.339      *
    PA               185.736       2.952      0.000     180.460     191.777      *
    NA                93.407       1.487      0.000      90.694      96.286      *

Between Level

 Means
    PER_CODAMP        10.091       0.853      0.000       8.340      11.733      *
    PA                47.306       0.918      0.000      45.457      49.113      *
    NA                15.173       0.697      0.000      13.834      16.534      *
    SPA_PR             0.136       0.094      0.076      -0.048       0.322
    SNA_PR             0.345       0.107      0.000       0.148       0.562      *

 Variances
    PER_CODAMP       106.336      12.557      0.000      84.083     133.694      *
    PA               142.641      16.657      0.000     114.102     179.400      *
    NA                78.022       8.886      0.000      62.854      96.953      *
    SPA_PR             1.000       0.000      0.000       1.000       1.000
    SNA_PR             1.000       0.000      0.000       1.000       1.000


R-SQUARE

Within-Level R-Square Averaged Across Clusters

                                Posterior  One-Tailed         95% C.I.
    Variable        Estimate       S.D.      P-Value   Lower 2.5%  Upper 2.5%

    PER_CODAMP         0.147       0.007      0.000       0.134       0.160
    PA                 0.000       0.000      1.000       0.000       0.000
    NA                 0.000       0.000      1.000       0.000       0.000


CREDIBILITY INTERVALS OF MODEL RESULTS

                  Lower .5%  Lower 2.5%    Lower 5%    Estimate    Upper 5%  Upper 2.5%   Upper .5%

Within Level

 PA       ON
    PA&1             0.000       0.000       0.000       0.000       0.000       0.000       0.000

 NA       ON
    NA&1             0.000       0.000       0.000       0.000       0.000       0.000       0.000

 PER_CODA WITH
    PA               0.000       0.000       0.000       0.000       0.000       0.000       0.000
    NA               0.000       0.000       0.000       0.000       0.000       0.000       0.000

 NA       WITH
    PA             -70.829     -69.810     -69.154     -66.351     -63.733     -63.270     -62.227

 Residual Variances
    PER_CODAMP      64.013      64.560      64.945      66.875      68.939      69.339      69.971
    PA             178.253     180.460     181.272     185.736     190.795     191.777     193.283
    NA              89.444      90.694      90.975      93.407      95.866      96.286      96.989

Between Level

 Means
    PER_CODAMP       7.855       8.340       8.675      10.091      11.489      11.733      12.399
    PA              44.818      45.457      45.796      47.306      48.830      49.113      49.607
    NA              13.451      13.834      14.028      15.173      16.333      16.534      17.007
    SPA_PR          -0.025      -0.012      -0.005       0.034       0.071       0.078       0.098
    SNA_PR           0.025       0.042       0.052       0.096       0.144       0.151       0.173

 Variances
    PER_CODAMP      78.398      84.083      87.048     106.336     128.612     133.694     141.815
    PA             108.752     114.102     118.791     142.641     172.386     179.400     192.881
    NA              58.993      62.854      64.612      78.022      93.586      96.953     105.176
    SPA_PR           0.042       0.046       0.049       0.062       0.080       0.084       0.093
    SNA_PR           0.048       0.055       0.058       0.078       0.102       0.109       0.118


CREDIBILITY INTERVALS OF STANDARDIZED MODEL RESULTS


STDYX Standardization

                  Lower .5%  Lower 2.5%    Lower 5%    Estimate    Upper 5%  Upper 2.5%   Upper .5%

Within Level

 PA       ON
    PA&1             0.000       0.000       0.000       0.000       0.000       0.000       0.000

 NA       ON
    NA&1             0.000       0.000       0.000       0.000       0.000       0.000       0.000

 PER_CODA WITH
    PA               0.000       0.000       0.000       0.000       0.000       0.000       0.000
    NA               0.000       0.000       0.000       0.000       0.000       0.000       0.000

 NA       WITH
    PA               0.000      -0.521       0.000      -0.504       0.000      -0.487       0.000

 Residual Variances
    PER_CODAMP       0.000       0.840       0.000       0.853       0.000       0.866       0.000
    PA               0.000       1.000       0.000       1.000       0.000       1.000       0.000
    NA               0.000       1.000       0.000       1.000       0.000       1.000       0.000

Between Level

 Means
    PER_CODAMP       0.717       0.777       0.808       0.981       1.142       1.169       1.230
    PA               3.366       3.503       3.567       3.962       4.350       4.435       4.591
    NA               1.408       1.475       1.518       1.716       1.937       1.978       2.056
    SPA_PR          -0.102      -0.048      -0.019       0.136       0.290       0.322       0.392
    SNA_PR           0.084       0.148       0.181       0.345       0.530       0.562       0.637

 Variances
    PER_CODAMP       1.000       1.000       1.000       1.000       1.000       1.000       1.000
    PA               1.000       1.000       1.000       1.000       1.000       1.000       1.000
    NA               1.000       1.000       1.000       1.000       1.000       1.000       1.000
    SPA_PR           1.000       1.000       1.000       1.000       1.000       1.000       1.000
    SNA_PR           1.000       1.000       1.000       1.000       1.000       1.000       1.000


STDY Standardization

                  Lower .5%  Lower 2.5%    Lower 5%    Estimate    Upper 5%  Upper 2.5%   Upper .5%

Within Level

 PA       ON
    PA&1             0.000       0.000       0.000       0.000       0.000       0.000       0.000

 NA       ON
    NA&1             0.000       0.000       0.000       0.000       0.000       0.000       0.000

 PER_CODA WITH
    PA               0.000       0.000       0.000       0.000       0.000       0.000       0.000
    NA               0.000       0.000       0.000       0.000       0.000       0.000       0.000

 NA       WITH
    PA               0.000      -0.521       0.000      -0.504       0.000      -0.487       0.000

 Residual Variances
    PER_CODAMP       0.000       0.840       0.000       0.853       0.000       0.866       0.000
    PA               0.000       1.000       0.000       1.000       0.000       1.000       0.000
    NA               0.000       1.000       0.000       1.000       0.000       1.000       0.000

Between Level

 Means
    PER_CODAMP       0.717       0.777       0.808       0.981       1.142       1.169       1.230
    PA               3.366       3.503       3.567       3.962       4.350       4.435       4.591
    NA               1.408       1.475       1.518       1.716       1.937       1.978       2.056
    SPA_PR          -0.102      -0.048      -0.019       0.136       0.290       0.322       0.392
    SNA_PR           0.084       0.148       0.181       0.345       0.530       0.562       0.637

 Variances
    PER_CODAMP       1.000       1.000       1.000       1.000       1.000       1.000       1.000
    PA               1.000       1.000       1.000       1.000       1.000       1.000       1.000
    NA               1.000       1.000       1.000       1.000       1.000       1.000       1.000
    SPA_PR           1.000       1.000       1.000       1.000       1.000       1.000       1.000
    SNA_PR           1.000       1.000       1.000       1.000       1.000       1.000       1.000


STD Standardization

                  Lower .5%  Lower 2.5%    Lower 5%    Estimate    Upper 5%  Upper 2.5%   Upper .5%

Within Level

 PA       ON
    PA&1             0.000       0.000       0.000       0.000       0.000       0.000       0.000

 NA       ON
    NA&1             0.000       0.000       0.000       0.000       0.000       0.000       0.000

 PER_CODA WITH
    PA               0.000       0.000       0.000       0.000       0.000       0.000       0.000
    NA               0.000       0.000       0.000       0.000       0.000       0.000       0.000

 NA       WITH
    PA               0.000     -69.810       0.000     -66.351       0.000     -63.270       0.000

 Residual Variances
    PER_CODAMP       0.000      64.560       0.000      66.875       0.000      69.339       0.000
    PA               0.000     180.460       0.000     185.736       0.000     191.777       0.000
    NA               0.000      90.694       0.000      93.407       0.000      96.286       0.000

Between Level

 Means
    PER_CODAMP       7.855       8.340       8.675      10.091      11.489      11.733      12.399
    PA              44.818      45.457      45.796      47.306      48.830      49.113      49.607
    NA              13.451      13.834      14.028      15.173      16.333      16.534      17.007
    SPA_PR          -0.102      -0.048      -0.019       0.136       0.290       0.322       0.392
    SNA_PR           0.084       0.148       0.181       0.345       0.530       0.562       0.637

 Variances
    PER_CODAMP      78.398      84.083      87.048     106.336     128.612     133.694     141.815
    PA             108.752     114.102     118.791     142.641     172.386     179.400     192.881
    NA              58.993      62.854      64.612      78.022      93.586      96.953     105.176
    SPA_PR           1.000       1.000       1.000       1.000       1.000       1.000       1.000
    SNA_PR           1.000       1.000       1.000       1.000       1.000       1.000       1.000


TECHNICAL 1 OUTPUT


     PARAMETER SPECIFICATION FOR WITHIN


           NU
              PER_CODA      PA            NA            PA&1          NA&1
              ________      ________      ________      ________      ________
                    0             0             0             0             0


           LAMBDA
              PER_CODA      PA            NA            PA&1          NA&1
              ________      ________      ________      ________      ________
 PER_CODA           0             0             0             0             0
 PA                 0             0             0             0             0
 NA                 0             0             0             0             0
 PA&1               0             0             0             0             0
 NA&1               0             0             0             0             0


           THETA
              PER_CODA      PA            NA            PA&1          NA&1
              ________      ________      ________      ________      ________
 PER_CODA           0
 PA                 0             0
 NA                 0             0             0
 PA&1               0             0             0             0
 NA&1               0             0             0             0             0


           ALPHA
              PER_CODA      PA            NA            PA&1          NA&1
              ________      ________      ________      ________      ________
                    0             0             0             0             0


           BETA
              PER_CODA      PA            NA            PA&1          NA&1
              ________      ________      ________      ________      ________
 PER_CODA           0             0             0             0             0
 PA                 0             0             0             0             0
 NA                 0             0             0             0             0
 PA&1               0             0             0             0             0
 NA&1               0             0             0             0             0


           PSI
              PER_CODA      PA            NA            PA&1          NA&1
              ________      ________      ________      ________      ________
 PER_CODA           1
 PA                 0             2
 NA                 0             3             4
 PA&1               0             0             0             0
 NA&1               0             0             0             0             0


     PARAMETER SPECIFICATION FOR BETWEEN


           NU
              PER_CODA      PA            NA
              ________      ________      ________
                    0             0             0


           LAMBDA
              SPA_PR        SNA_PR        PER_CODA      PA            NA
              ________      ________      ________      ________      ________
 PER_CODA           0             0             0             0             0
 PA                 0             0             0             0             0
 NA                 0             0             0             0             0


           THETA
              PER_CODA      PA            NA
              ________      ________      ________
 PER_CODA           0
 PA                 0             0
 NA                 0             0             0


           ALPHA
              SPA_PR        SNA_PR        PER_CODA      PA            NA
              ________      ________      ________      ________      ________
                    5             6             7             8             9


           BETA
              SPA_PR        SNA_PR        PER_CODA      PA            NA
              ________      ________      ________      ________      ________
 SPA_PR             0             0             0             0             0
 SNA_PR             0             0             0             0             0
 PER_CODA           0             0             0             0             0
 PA                 0             0             0             0             0
 NA                 0             0             0             0             0


           PSI
              SPA_PR        SNA_PR        PER_CODA      PA            NA
              ________      ________      ________      ________      ________
 SPA_PR            10
 SNA_PR             0            11
 PER_CODA           0             0            12
 PA                 0             0             0            13
 NA                 0             0             0             0            14


     STARTING VALUES FOR WITHIN


           NU
              PER_CODA      PA            NA            PA&1          NA&1
              ________      ________      ________      ________      ________
                0.000         0.000         0.000         0.000         0.000


           LAMBDA
              PER_CODA      PA            NA            PA&1          NA&1
              ________      ________      ________      ________      ________
 PER_CODA       1.000         0.000         0.000         0.000         0.000
 PA             0.000         1.000         0.000         0.000         0.000
 NA             0.000         0.000         1.000         0.000         0.000
 PA&1           0.000         0.000         0.000         1.000         0.000
 NA&1           0.000         0.000         0.000         0.000         1.000


           THETA
              PER_CODA      PA            NA            PA&1          NA&1
              ________      ________      ________      ________      ________
 PER_CODA       0.000
 PA             0.000         0.000
 NA             0.000         0.000         0.000
 PA&1           0.000         0.000         0.000         0.000
 NA&1           0.000         0.000         0.000         0.000         0.000


           ALPHA
              PER_CODA      PA            NA            PA&1          NA&1
              ________      ________      ________      ________      ________
                0.000         0.000         0.000         0.000         0.000


           BETA
              PER_CODA      PA            NA            PA&1          NA&1
              ________      ________      ________      ________      ________
 PER_CODA       0.000         0.000         0.000         0.000         0.000
 PA             0.000         0.000         0.000         0.000         0.000
 NA             0.000         0.000         0.000         0.000         0.000
 PA&1           0.000         0.000         0.000         0.000         0.000
 NA&1           0.000         0.000         0.000         0.000         0.000


           PSI
              PER_CODA      PA            NA            PA&1          NA&1
              ________      ________      ________      ________      ________
 PER_CODA      89.629
 PA             0.000       159.025
 NA             0.000         0.000        82.455
 PA&1           0.000         0.000         0.000       159.207
 NA&1           0.000         0.000         0.000         0.000        82.346


     STARTING VALUES FOR BETWEEN


           NU
              PER_CODA      PA            NA
              ________      ________      ________
                0.000         0.000         0.000


           LAMBDA
              SPA_PR        SNA_PR        PER_CODA      PA            NA
              ________      ________      ________      ________      ________
 PER_CODA       0.000         0.000         1.000         0.000         0.000
 PA             0.000         0.000         0.000         1.000         0.000
 NA             0.000         0.000         0.000         0.000         1.000


           THETA
              PER_CODA      PA            NA
              ________      ________      ________
 PER_CODA       0.000
 PA             0.000         0.000
 NA             0.000         0.000         0.000


           ALPHA
              SPA_PR        SNA_PR        PER_CODA      PA            NA
              ________      ________      ________      ________      ________
                0.000         0.000         9.792        47.250        14.975


           BETA
              SPA_PR        SNA_PR        PER_CODA      PA            NA
              ________      ________      ________      ________      ________
 SPA_PR         0.000         0.000         0.000         0.000         0.000
 SNA_PR         0.000         0.000         0.000         0.000         0.000
 PER_CODA       0.000         0.000         0.000         0.000         0.000
 PA             0.000         0.000         0.000         0.000         0.000
 NA             0.000         0.000         0.000         0.000         0.000


           PSI
              SPA_PR        SNA_PR        PER_CODA      PA            NA
              ________      ________      ________      ________      ________
 SPA_PR         1.000
 SNA_PR         0.000         1.000
 PER_CODA       0.000         0.000        89.629
 PA             0.000         0.000         0.000       159.025
 NA             0.000         0.000         0.000         0.000        82.455



     PRIORS FOR ALL PARAMETERS            PRIOR MEAN      PRIOR VARIANCE     PRIOR STD. DEV.

     Parameter 1~IG(-1.000,0.000)          infinity            infinity            infinity
     Parameter 2~IW(0.000,-3)              infinity            infinity            infinity
     Parameter 3~IW(0.000,-3)              infinity            infinity            infinity
     Parameter 4~IW(0.000,-3)              infinity            infinity            infinity
     Parameter 5~N(0.000,infinity)           0.0000            infinity            infinity
     Parameter 6~N(0.000,infinity)           0.0000            infinity            infinity
     Parameter 7~N(0.000,infinity)           0.0000            infinity            infinity
     Parameter 8~N(0.000,infinity)           0.0000            infinity            infinity
     Parameter 9~N(0.000,infinity)           0.0000            infinity            infinity
     Parameter 10~IG(-1.000,0.000)         infinity            infinity            infinity
     Parameter 11~IG(-1.000,0.000)         infinity            infinity            infinity
     Parameter 12~IG(-1.000,0.000)         infinity            infinity            infinity
     Parameter 13~IG(-1.000,0.000)         infinity            infinity            infinity
     Parameter 14~IG(-1.000,0.000)         infinity            infinity            infinity


TECHNICAL 8 OUTPUT


   TECHNICAL 8 OUTPUT FOR BAYES ESTIMATION

     PROCESSOR    BSEED
     1            0
     2            285380
     3            253358
     4            93468
     5            608496
     6            903420
     7            195873
     8            462953
     9            939021
     10           127215
     11           415931
     12           533738
     13           107446
     14           399671
     15           650371
     16           27071

                     POTENTIAL       PARAMETER WITH
     ITERATION    SCALE REDUCTION      HIGHEST PSR
     100              1.327               6
     200              1.090               11
     300              1.075               6
     400              1.095               6
     500              1.031               6
     600              1.022               6
     700              1.037               6
     800              1.060               6
     900              1.081               6
     1000             1.086               6
     1100             1.058               6
     1200             1.065               6
     1300             1.025               6
     1400             1.028               6
     1500             1.018               6
     1600             1.019               6
     1700             1.014               6
     1800             1.023               6
     1900             1.031               6
     2000             1.031               6


PLOT INFORMATION

The following plots are available:

  Histograms (sample values)
  Scatterplots (sample values)
  Between-level histograms (sample values, sample means/variances)
  Between-level scatterplots (sample values, sample means/variances)
  Time series plots (sample values, ACF, PACF)
  Histogram of subjects per time point
  Time interval plots
  Bayesian posterior parameter distributions
  Bayesian posterior parameter trace plots
  Bayesian autocorrelation plots

     Beginning Time:  15:25:06
        Ending Time:  15:26:12
       Elapsed Time:  00:01:06



MUTHEN & MUTHEN
3463 Stoner Ave.
Los Angeles, CA  90066

Tel: (310) 391-9971
Fax: (310) 391-8971
Web: www.StatModel.com
Support: Support@StatModel.com

Copyright (c) 1998-2022 Muthen & Muthen
