Mplus VERSION 8.8
MUTHEN & MUTHEN
07/13/2023  11:20 AM

INPUT INSTRUCTIONS


  DATA:
  FILE IS data5.dat;

  VARIABLE:   NAMES =
  	    Eth_ID Time Time_between Time_inc
  	    PA_enth NA_irri NA_verv PA_tevr PA_ener
       	    PA_kalm NA_nerv PA_daadk NA_verdr
  	    PA_vrol NA_boos PA_dankb NA_somb PER_att
      	    PER_refl PER_self PER_expr PER_damp
  	    PER_codamp PER_capit Sample age_yr gesl BDI
      	    Measures_valid BDI_anh Anhedonia
   	    BDI_sum PA NA day compliance;

              USEVARIABLES are PER_capit PA NA;
              MISSING is .;
              within = ;
              between = ;
              cluster = Eth_ID;
              lagged= PA NA(1);
              tinterval=Time_inc (150);

  ANALYSIS:   type = twolevel random;
              estimator = Bayes;
              biterations=(2000);
              bconvergence=0.005;
              thin=2;
              PROCESSORS=16;
  MODEL:
  %WITHIN%
  sPA_PR | PER_capit on PA&1;
  sNA_PR | PER_capit on NA&1;
  PA on PA&1@0;
  NA on NA&1@0;
  PER_capit with PA@0;
  PER_capit with NA@0;

  %between%



  OUTPUT: standardized tech1 tech8 cinterval patterns;
  PLOT: TYPE = PLOT3;



*** WARNING in VARIABLE command
  Note that only the first 8 characters of variable names are used in the output.
  Shorten variable names to avoid any confusion.
*** WARNING in MODEL command
  A y-variable has been declared on the within level but not referred to on
  the between level.  Please check that this is what is intended.  If this is not intended,
  specify the variable as a within variable.  Problem with:  PER_CAPIT
*** WARNING in MODEL command
  A y-variable has been declared on the within level but not referred to on
  the between level.  Please check that this is what is intended.  If this is not intended,
  specify the variable as a within variable.  Problem with:  PA
*** WARNING in MODEL command
  A y-variable has been declared on the within level but not referred to on
  the between level.  Please check that this is what is intended.  If this is not intended,
  specify the variable as a within variable.  Problem with:  NA
*** WARNING in PLOT command
  Note that only the first 8 characters of variable names are used in plots.
  If variable names are not unique within the first 8 characters, problems
  may occur.
*** WARNING
  One or more individual-level variables have no variation within a
  cluster for the following clusters.

     Variable   Cluster IDs with no within-cluster variation

      PER_CAPI    165 127 73 177

*** WARNING
  Data set contains cases with missing on all variables.  Cases that appeared before the first
  case with observed data and that appeared after the last case with observed data were not
  included in the analysis.  Number of deleted cases:  721
   7 WARNING(S) FOUND IN THE INPUT INSTRUCTIONS




SUMMARY OF ANALYSIS

Number of groups                                                 1
Number of observations                                       21602

Number of dependent variables                                    3
Number of independent variables                                  2
Number of continuous latent variables                            2

Observed dependent variables

  Continuous
   PER_CAPIT   PA          NA

Observed independent variables
   PA&1        NA&1

Continuous latent variables
   SPA_PR      SNA_PR

Variables with special functions

  Cluster variable      ETH_ID

  Within variables
   PA&1        NA&1


Estimator                                                    BAYES
Specifications for Bayesian Estimation
  Point estimate                                            MEDIAN
  Number of Markov chain Monte Carlo (MCMC) chains               2
  Random seed for the first chain                                0
  Starting value information                           UNPERTURBED
  Algorithm used for Markov chain Monte Carlo           GIBBS(PX1)
  Convergence criterion                                  0.500D-02
  Maximum number of iterations                               50000
  K-th iteration used for thinning                               2

Input data file(s)
  data5.dat
Input data format  FREE


SUMMARY OF DATA

     Number of clusters                        174

       Size (s)    Cluster ID with Size s

         33        8
         41        58
         43        41
         56        28
         58        33
         80        82
         84        87
         88        72
         89        143
         96        113
         97        34
        100        134
        101        10
        103        164
        105        52
        106        154
        108        119
        111        36
        113        182
        115        89 131
        116        15 77 188 75
        117        11
        118        57 16 49 66 195
        119        197 106 149 50 71 92 38 186 163 48
        120        55 168 108 61 7 192 98 148 165
        121        189
        122        174
        123        127
        124        161 51 117 184 103
        125        100 123 105 40 88 53 112 73 54 93 30 44 13 68
        126        173 109 111 120 80 107 102 65 76 172
        127        147 177 133 110 62 118 139 25 115 67 46 104 178 193
                   32 130 126 198 70 86
        128        59 5 153 96 156 180 43 196 18
        129        144 125 141 39 3 190 146 116 187 137 185 135 69
        130        14 138 97 166
        133        191
        134        2
        135        194 63 201 60 183 200
        136        56 122 26
        137        155 9 42 4 19 22 95
        138        29 132 94
        139        45 145 37 84 21 74 79 114 35
        142        27
        143        179
        144        24 170 171
        145        20 124 162 1
        146        151 6 167
        147        142 31
        148        176 159



SUMMARY OF MISSING DATA PATTERNS

     Number of missing data patterns            13


     MISSING DATA PATTERNS (x = not missing)

           1  2  3  4  5  6  7  8  9 10 11 12 13
 PER_CAPI  x  x              x     x     x     x
 PA        x  x        x  x     x  x     x  x
 NA        x  x        x  x        x  x  x
 PA&1      x     x        x  x     x        x
 NA&1      x     x        x  x           x  x


     MISSING DATA PATTERN FREQUENCIES

    Pattern   Frequency     Pattern   Frequency     Pattern   Frequency
          1        4966           6          64          11           1
          2        3381           7           3          12           1
          3        3287           8           4          13           1
          4        9811           9           5
          5          77          10           1


COVARIANCE COVERAGE OF DATA

Minimum covariance coverage value   0.100


     PROPORTION OF DATA PRESENT


           Covariance Coverage
              PER_CAPI      PA            NA
              ________      ________      ________
 PER_CAPI       0.387
 PA             0.387         0.393
 NA             0.387         0.393         0.393



UNIVARIATE SAMPLE STATISTICS


     UNIVARIATE HIGHER-ORDER MOMENT DESCRIPTIVE STATISTICS

         Variable/         Mean/     Skewness/   Minimum/ % with                Percentiles
        Sample Size      Variance    Kurtosis    Maximum  Min/Max      20%/60%    40%/80%    Median

     PER_CAPIT            24.046       0.991       0.000   16.48%       2.000      7.000     11.000
            8357.000     669.047      -0.172     100.000    0.99%      20.000     51.000
     PA                   45.662      -0.013       0.000    0.28%      30.857     41.571     46.143
            8499.000     302.336      -0.230     100.000    0.07%      50.429     60.429
     NA                   15.113       1.405       0.000    7.03%       5.167      9.333     11.667
            8495.000     166.005       1.975      80.667    0.01%      14.500     23.167


THE MODEL ESTIMATION TERMINATED NORMALLY

     USE THE FBITERATIONS OPTION TO INCREASE THE NUMBER OF ITERATIONS BY A FACTOR
     OF AT LEAST TWO TO CHECK CONVERGENCE AND THAT THE PSR VALUE DOES NOT INCREASE.



MODEL FIT INFORMATION

Number of Free Parameters                              14

Information Criteria

          Deviance (DIC)                       553827.233
          Estimated Number of Parameters (pD)   39871.551



MODEL RESULTS

                                Posterior  One-Tailed         95% C.I.
                    Estimate       S.D.      P-Value   Lower 2.5%  Upper 2.5%  Significance

Within Level

 PA         ON
    PA&1               0.000       0.000      1.000       0.000       0.000

 NA         ON
    NA&1               0.000       0.000      1.000       0.000       0.000

 PER_CAPI WITH
    PA                 0.000       0.000      1.000       0.000       0.000
    NA                 0.000       0.000      1.000       0.000       0.000

 NA       WITH
    PA               -60.136       1.576      0.000     -63.366     -57.359      *

 Residual Variances
    PER_CAPIT        348.197       6.546      0.000     335.019     361.334      *
    PA               171.912       2.576      0.000     166.852     177.103      *
    NA                93.215       1.509      0.000      90.392      96.270      *

Between Level

 Means
    PER_CAPIT         24.365       1.344      0.000      21.695      27.170      *
    PA                45.874       0.887      0.000      44.103      47.545      *
    NA                15.503       0.693      0.000      14.139      16.895      *
    SPA_PR             0.243       0.036      0.000       0.172       0.314      *
    SNA_PR             0.224       0.047      0.000       0.130       0.312      *

 Variances
    PER_CAPIT        293.846      32.168      0.000     240.947     368.001      *
    PA               132.477      14.539      0.000     108.662     165.073      *
    NA                77.718       8.864      0.000      62.545      97.994      *
    SPA_PR             0.103       0.022      0.000       0.065       0.152      *
    SNA_PR             0.144       0.047      0.000       0.068       0.249      *


STANDARDIZED MODEL RESULTS


STDYX Standardization

                                Posterior  One-Tailed         95% C.I.
                    Estimate       S.D.      P-Value   Lower 2.5%  Upper 2.5%  Significance

Within-Level Standardized Estimates Averaged Over Clusters

 SPA_PR | PER_CAPIT ON
    PA&1               0.158       0.017      0.000       0.124       0.190      *

 SNA_PR | PER_CAPIT ON
    NA&1               0.107       0.017      0.000       0.074       0.142      *

 PA         ON
    PA&1               0.000       0.000      1.000       0.000       0.000

 NA         ON
    NA&1               0.000       0.000      1.000       0.000       0.000

 PER_CAPI WITH
    PA                 0.000       0.000      1.000       0.000       0.000
    NA                 0.000       0.000      1.000       0.000       0.000

 NA       WITH
    PA                -0.475       0.009      0.000      -0.493      -0.458      *

 Residual Variances
    PER_CAPIT          0.911       0.011      0.000       0.890       0.931      *
    PA                 1.000       0.000      0.000       1.000       1.000
    NA                 1.000       0.000      0.000       1.000       1.000

Between Level

 Means
    PER_CAPIT          1.424       0.108      0.000       1.213       1.637      *
    PA                 3.986       0.225      0.000       3.553       4.421      *
    NA                 1.761       0.126      0.000       1.518       2.012      *
    SPA_PR             0.762       0.137      0.000       0.506       1.046      *
    SNA_PR             0.591       0.155      0.000       0.320       0.940      *

 Variances
    PER_CAPIT          1.000       0.000      0.000       1.000       1.000
    PA                 1.000       0.000      0.000       1.000       1.000
    NA                 1.000       0.000      0.000       1.000       1.000
    SPA_PR             1.000       0.000      0.000       1.000       1.000
    SNA_PR             1.000       0.000      0.000       1.000       1.000


STDY Standardization

                                Posterior  One-Tailed         95% C.I.
                    Estimate       S.D.      P-Value   Lower 2.5%  Upper 2.5%  Significance

Within-Level Standardized Estimates Averaged Over Clusters

 SPA_PR | PER_CAPIT ON
    PA&1               0.012       0.001      0.000       0.009       0.014      *

 SNA_PR | PER_CAPIT ON
    NA&1               0.011       0.002      0.000       0.008       0.015      *

 PA         ON
    PA&1               0.000       0.000      1.000       0.000       0.000

 NA         ON
    NA&1               0.000       0.000      1.000       0.000       0.000

 PER_CAPI WITH
    PA                 0.000       0.000      1.000       0.000       0.000
    NA                 0.000       0.000      1.000       0.000       0.000

 NA       WITH
    PA                -0.475       0.009      0.000      -0.493      -0.458      *

 Residual Variances
    PER_CAPIT          0.911       0.011      0.000       0.890       0.931      *
    PA                 1.000       0.000      0.000       1.000       1.000
    NA                 1.000       0.000      0.000       1.000       1.000

Between Level

 Means
    PER_CAPIT          1.424       0.108      0.000       1.213       1.637      *
    PA                 3.986       0.225      0.000       3.553       4.421      *
    NA                 1.761       0.126      0.000       1.518       2.012      *
    SPA_PR             0.762       0.137      0.000       0.506       1.046      *
    SNA_PR             0.591       0.155      0.000       0.320       0.940      *

 Variances
    PER_CAPIT          1.000       0.000      0.000       1.000       1.000
    PA                 1.000       0.000      0.000       1.000       1.000
    NA                 1.000       0.000      0.000       1.000       1.000
    SPA_PR             1.000       0.000      0.000       1.000       1.000
    SNA_PR             1.000       0.000      0.000       1.000       1.000


STD Standardization

                                Posterior  One-Tailed         95% C.I.
                    Estimate       S.D.      P-Value   Lower 2.5%  Upper 2.5%  Significance

Within-Level Standardized Estimates Averaged Over Clusters

 SPA_PR | PER_CAPIT ON
    PA&1               0.244       0.026      0.000       0.191       0.294      *

 SNA_PR | PER_CAPIT ON
    NA&1               0.221       0.036      0.000       0.153       0.295      *

 PA         ON
    PA&1               0.000       0.000      1.000       0.000       0.000

 NA         ON
    NA&1               0.000       0.000      1.000       0.000       0.000

 PER_CAPI WITH
    PA                 0.000       0.000      1.000       0.000       0.000
    NA                 0.000       0.000      1.000       0.000       0.000

 NA       WITH
    PA               -60.136       1.576      0.000     -63.366     -57.359      *

 Residual Variances
    PER_CAPIT        348.197       6.546      0.000     335.019     361.334      *
    PA               171.912       2.576      0.000     166.852     177.103      *
    NA                93.215       1.509      0.000      90.392      96.270      *

Between Level

 Means
    PER_CAPIT         24.365       1.344      0.000      21.695      27.170      *
    PA                45.874       0.887      0.000      44.103      47.545      *
    NA                15.503       0.693      0.000      14.139      16.895      *
    SPA_PR             0.762       0.137      0.000       0.506       1.046      *
    SNA_PR             0.591       0.155      0.000       0.320       0.940      *

 Variances
    PER_CAPIT        293.846      32.168      0.000     240.947     368.001      *
    PA               132.477      14.539      0.000     108.662     165.073      *
    NA                77.718       8.864      0.000      62.545      97.994      *
    SPA_PR             1.000       0.000      0.000       1.000       1.000
    SNA_PR             1.000       0.000      0.000       1.000       1.000


R-SQUARE

Within-Level R-Square Averaged Across Clusters

                                Posterior  One-Tailed         95% C.I.
    Variable        Estimate       S.D.      P-Value   Lower 2.5%  Upper 2.5%

    PER_CAPIT          0.089       0.011      0.000       0.069       0.110
    PA                 0.000       0.000      1.000       0.000       0.000
    NA                 0.000       0.000      1.000       0.000       0.000


CREDIBILITY INTERVALS OF MODEL RESULTS

                  Lower .5%  Lower 2.5%    Lower 5%    Estimate    Upper 5%  Upper 2.5%   Upper .5%

Within Level

 PA       ON
    PA&1             0.000       0.000       0.000       0.000       0.000       0.000       0.000

 NA       ON
    NA&1             0.000       0.000       0.000       0.000       0.000       0.000       0.000

 PER_CAPI WITH
    PA               0.000       0.000       0.000       0.000       0.000       0.000       0.000
    NA               0.000       0.000       0.000       0.000       0.000       0.000       0.000

 NA       WITH
    PA             -64.409     -63.366     -62.897     -60.136     -57.700     -57.359     -56.301

 Residual Variances
    PER_CAPIT      331.185     335.019     337.700     348.197     359.103     361.334     364.956
    PA             165.288     166.852     167.850     171.912     176.225     177.103     179.076
    NA              89.503      90.392      90.810      93.215      95.742      96.270      97.278

Between Level

 Means
    PER_CAPIT       20.761      21.695      22.197      24.365      26.645      27.170      27.912
    PA              43.696      44.103      44.358      45.874      47.305      47.545      48.279
    NA              13.735      14.139      14.374      15.503      16.636      16.895      17.260
    SPA_PR           0.153       0.172       0.184       0.243       0.301       0.314       0.335
    SNA_PR           0.105       0.130       0.144       0.224       0.299       0.312       0.337

 Variances
    PER_CAPIT      223.406     240.947     247.358     293.846     353.772     368.001     385.490
    PA             102.098     108.662     112.143     132.477     159.694     165.073     175.564
    NA              58.842      62.545      64.570      77.718      93.814      97.994     104.675
    SPA_PR           0.055       0.065       0.072       0.103       0.143       0.152       0.169
    SNA_PR           0.050       0.068       0.078       0.144       0.229       0.249       0.292


CREDIBILITY INTERVALS OF STANDARDIZED MODEL RESULTS


STDYX Standardization

                  Lower .5%  Lower 2.5%    Lower 5%    Estimate    Upper 5%  Upper 2.5%   Upper .5%

Within Level

 PA       ON
    PA&1             0.000       0.000       0.000       0.000       0.000       0.000       0.000

 NA       ON
    NA&1             0.000       0.000       0.000       0.000       0.000       0.000       0.000

 PER_CAPI WITH
    PA               0.000       0.000       0.000       0.000       0.000       0.000       0.000
    NA               0.000       0.000       0.000       0.000       0.000       0.000       0.000

 NA       WITH
    PA               0.000      -0.493       0.000      -0.475       0.000      -0.458       0.000

 Residual Variances
    PER_CAPIT        0.000       0.890       0.000       0.911       0.000       0.931       0.000
    PA               0.000       1.000       0.000       1.000       0.000       1.000       0.000
    NA               0.000       1.000       0.000       1.000       0.000       1.000       0.000

Between Level

 Means
    PER_CAPIT        1.144       1.213       1.249       1.424       1.599       1.637       1.705
    PA               3.410       3.553       3.598       3.986       4.360       4.421       4.553
    NA               1.419       1.518       1.561       1.761       1.969       2.012       2.071
    SPA_PR           0.428       0.506       0.544       0.762       0.995       1.046       1.142
    SNA_PR           0.264       0.320       0.359       0.591       0.871       0.940       1.081

 Variances
    PER_CAPIT        1.000       1.000       1.000       1.000       1.000       1.000       1.000
    PA               1.000       1.000       1.000       1.000       1.000       1.000       1.000
    NA               1.000       1.000       1.000       1.000       1.000       1.000       1.000
    SPA_PR           1.000       1.000       1.000       1.000       1.000       1.000       1.000
    SNA_PR           1.000       1.000       1.000       1.000       1.000       1.000       1.000


STDY Standardization

                  Lower .5%  Lower 2.5%    Lower 5%    Estimate    Upper 5%  Upper 2.5%   Upper .5%

Within Level

 PA       ON
    PA&1             0.000       0.000       0.000       0.000       0.000       0.000       0.000

 NA       ON
    NA&1             0.000       0.000       0.000       0.000       0.000       0.000       0.000

 PER_CAPI WITH
    PA               0.000       0.000       0.000       0.000       0.000       0.000       0.000
    NA               0.000       0.000       0.000       0.000       0.000       0.000       0.000

 NA       WITH
    PA               0.000      -0.493       0.000      -0.475       0.000      -0.458       0.000

 Residual Variances
    PER_CAPIT        0.000       0.890       0.000       0.911       0.000       0.931       0.000
    PA               0.000       1.000       0.000       1.000       0.000       1.000       0.000
    NA               0.000       1.000       0.000       1.000       0.000       1.000       0.000

Between Level

 Means
    PER_CAPIT        1.144       1.213       1.249       1.424       1.599       1.637       1.705
    PA               3.410       3.553       3.598       3.986       4.360       4.421       4.553
    NA               1.419       1.518       1.561       1.761       1.969       2.012       2.071
    SPA_PR           0.428       0.506       0.544       0.762       0.995       1.046       1.142
    SNA_PR           0.264       0.320       0.359       0.591       0.871       0.940       1.081

 Variances
    PER_CAPIT        1.000       1.000       1.000       1.000       1.000       1.000       1.000
    PA               1.000       1.000       1.000       1.000       1.000       1.000       1.000
    NA               1.000       1.000       1.000       1.000       1.000       1.000       1.000
    SPA_PR           1.000       1.000       1.000       1.000       1.000       1.000       1.000
    SNA_PR           1.000       1.000       1.000       1.000       1.000       1.000       1.000


STD Standardization

                  Lower .5%  Lower 2.5%    Lower 5%    Estimate    Upper 5%  Upper 2.5%   Upper .5%

Within Level

 PA       ON
    PA&1             0.000       0.000       0.000       0.000       0.000       0.000       0.000

 NA       ON
    NA&1             0.000       0.000       0.000       0.000       0.000       0.000       0.000

 PER_CAPI WITH
    PA               0.000       0.000       0.000       0.000       0.000       0.000       0.000
    NA               0.000       0.000       0.000       0.000       0.000       0.000       0.000

 NA       WITH
    PA               0.000     -63.366       0.000     -60.136       0.000     -57.359       0.000

 Residual Variances
    PER_CAPIT        0.000     335.019       0.000     348.197       0.000     361.334       0.000
    PA               0.000     166.852       0.000     171.912       0.000     177.103       0.000
    NA               0.000      90.392       0.000      93.215       0.000      96.270       0.000

Between Level

 Means
    PER_CAPIT       20.761      21.695      22.197      24.365      26.645      27.170      27.912
    PA              43.696      44.103      44.358      45.874      47.305      47.545      48.279
    NA              13.735      14.139      14.374      15.503      16.636      16.895      17.260
    SPA_PR           0.428       0.506       0.544       0.762       0.995       1.046       1.142
    SNA_PR           0.264       0.320       0.359       0.591       0.871       0.940       1.081

 Variances
    PER_CAPIT      223.406     240.947     247.358     293.846     353.772     368.001     385.490
    PA             102.098     108.662     112.143     132.477     159.694     165.073     175.564
    NA              58.842      62.545      64.570      77.718      93.814      97.994     104.675
    SPA_PR           1.000       1.000       1.000       1.000       1.000       1.000       1.000
    SNA_PR           1.000       1.000       1.000       1.000       1.000       1.000       1.000


TECHNICAL 1 OUTPUT


     PARAMETER SPECIFICATION FOR WITHIN


           NU
              PER_CAPI      PA            NA            PA&1          NA&1
              ________      ________      ________      ________      ________
                    0             0             0             0             0


           LAMBDA
              PER_CAPI      PA            NA            PA&1          NA&1
              ________      ________      ________      ________      ________
 PER_CAPI           0             0             0             0             0
 PA                 0             0             0             0             0
 NA                 0             0             0             0             0
 PA&1               0             0             0             0             0
 NA&1               0             0             0             0             0


           THETA
              PER_CAPI      PA            NA            PA&1          NA&1
              ________      ________      ________      ________      ________
 PER_CAPI           0
 PA                 0             0
 NA                 0             0             0
 PA&1               0             0             0             0
 NA&1               0             0             0             0             0


           ALPHA
              PER_CAPI      PA            NA            PA&1          NA&1
              ________      ________      ________      ________      ________
                    0             0             0             0             0


           BETA
              PER_CAPI      PA            NA            PA&1          NA&1
              ________      ________      ________      ________      ________
 PER_CAPI           0             0             0             0             0
 PA                 0             0             0             0             0
 NA                 0             0             0             0             0
 PA&1               0             0             0             0             0
 NA&1               0             0             0             0             0


           PSI
              PER_CAPI      PA            NA            PA&1          NA&1
              ________      ________      ________      ________      ________
 PER_CAPI           1
 PA                 0             2
 NA                 0             3             4
 PA&1               0             0             0             0
 NA&1               0             0             0             0             0


     PARAMETER SPECIFICATION FOR BETWEEN


           NU
              PER_CAPI      PA            NA
              ________      ________      ________
                    0             0             0


           LAMBDA
              SPA_PR        SNA_PR        PER_CAPI      PA            NA
              ________      ________      ________      ________      ________
 PER_CAPI           0             0             0             0             0
 PA                 0             0             0             0             0
 NA                 0             0             0             0             0


           THETA
              PER_CAPI      PA            NA
              ________      ________      ________
 PER_CAPI           0
 PA                 0             0
 NA                 0             0             0


           ALPHA
              SPA_PR        SNA_PR        PER_CAPI      PA            NA
              ________      ________      ________      ________      ________
                    5             6             7             8             9


           BETA
              SPA_PR        SNA_PR        PER_CAPI      PA            NA
              ________      ________      ________      ________      ________
 SPA_PR             0             0             0             0             0
 SNA_PR             0             0             0             0             0
 PER_CAPI           0             0             0             0             0
 PA                 0             0             0             0             0
 NA                 0             0             0             0             0


           PSI
              SPA_PR        SNA_PR        PER_CAPI      PA            NA
              ________      ________      ________      ________      ________
 SPA_PR            10
 SNA_PR             0            11
 PER_CAPI           0             0            12
 PA                 0             0             0            13
 NA                 0             0             0             0            14


     STARTING VALUES FOR WITHIN


           NU
              PER_CAPI      PA            NA            PA&1          NA&1
              ________      ________      ________      ________      ________
                0.000         0.000         0.000         0.000         0.000


           LAMBDA
              PER_CAPI      PA            NA            PA&1          NA&1
              ________      ________      ________      ________      ________
 PER_CAPI       1.000         0.000         0.000         0.000         0.000
 PA             0.000         1.000         0.000         0.000         0.000
 NA             0.000         0.000         1.000         0.000         0.000
 PA&1           0.000         0.000         0.000         1.000         0.000
 NA&1           0.000         0.000         0.000         0.000         1.000


           THETA
              PER_CAPI      PA            NA            PA&1          NA&1
              ________      ________      ________      ________      ________
 PER_CAPI       0.000
 PA             0.000         0.000
 NA             0.000         0.000         0.000
 PA&1           0.000         0.000         0.000         0.000
 NA&1           0.000         0.000         0.000         0.000         0.000


           ALPHA
              PER_CAPI      PA            NA            PA&1          NA&1
              ________      ________      ________      ________      ________
                0.000         0.000         0.000         0.000         0.000


           BETA
              PER_CAPI      PA            NA            PA&1          NA&1
              ________      ________      ________      ________      ________
 PER_CAPI       0.000         0.000         0.000         0.000         0.000
 PA             0.000         0.000         0.000         0.000         0.000
 NA             0.000         0.000         0.000         0.000         0.000
 PA&1           0.000         0.000         0.000         0.000         0.000
 NA&1           0.000         0.000         0.000         0.000         0.000


           PSI
              PER_CAPI      PA            NA            PA&1          NA&1
              ________      ________      ________      ________      ________
 PER_CAPI     334.524
 PA             0.000       151.168
 NA             0.000         0.000        83.003
 PA&1           0.000         0.000         0.000       151.307
 NA&1           0.000         0.000         0.000         0.000        82.922


     STARTING VALUES FOR BETWEEN


           NU
              PER_CAPI      PA            NA
              ________      ________      ________
                0.000         0.000         0.000


           LAMBDA
              SPA_PR        SNA_PR        PER_CAPI      PA            NA
              ________      ________      ________      ________      ________
 PER_CAPI       0.000         0.000         1.000         0.000         0.000
 PA             0.000         0.000         0.000         1.000         0.000
 NA             0.000         0.000         0.000         0.000         1.000


           THETA
              PER_CAPI      PA            NA
              ________      ________      ________
 PER_CAPI       0.000
 PA             0.000         0.000
 NA             0.000         0.000         0.000


           ALPHA
              SPA_PR        SNA_PR        PER_CAPI      PA            NA
              ________      ________      ________      ________      ________
                0.000         0.000        24.046        45.662        15.113


           BETA
              SPA_PR        SNA_PR        PER_CAPI      PA            NA
              ________      ________      ________      ________      ________
 SPA_PR         0.000         0.000         0.000         0.000         0.000
 SNA_PR         0.000         0.000         0.000         0.000         0.000
 PER_CAPI       0.000         0.000         0.000         0.000         0.000
 PA             0.000         0.000         0.000         0.000         0.000
 NA             0.000         0.000         0.000         0.000         0.000


           PSI
              SPA_PR        SNA_PR        PER_CAPI      PA            NA
              ________      ________      ________      ________      ________
 SPA_PR         1.000
 SNA_PR         0.000         1.000
 PER_CAPI       0.000         0.000       334.524
 PA             0.000         0.000         0.000       151.168
 NA             0.000         0.000         0.000         0.000        83.003



     PRIORS FOR ALL PARAMETERS            PRIOR MEAN      PRIOR VARIANCE     PRIOR STD. DEV.

     Parameter 1~IG(-1.000,0.000)          infinity            infinity            infinity
     Parameter 2~IW(0.000,-3)              infinity            infinity            infinity
     Parameter 3~IW(0.000,-3)              infinity            infinity            infinity
     Parameter 4~IW(0.000,-3)              infinity            infinity            infinity
     Parameter 5~N(0.000,infinity)           0.0000            infinity            infinity
     Parameter 6~N(0.000,infinity)           0.0000            infinity            infinity
     Parameter 7~N(0.000,infinity)           0.0000            infinity            infinity
     Parameter 8~N(0.000,infinity)           0.0000            infinity            infinity
     Parameter 9~N(0.000,infinity)           0.0000            infinity            infinity
     Parameter 10~IG(-1.000,0.000)         infinity            infinity            infinity
     Parameter 11~IG(-1.000,0.000)         infinity            infinity            infinity
     Parameter 12~IG(-1.000,0.000)         infinity            infinity            infinity
     Parameter 13~IG(-1.000,0.000)         infinity            infinity            infinity
     Parameter 14~IG(-1.000,0.000)         infinity            infinity            infinity


TECHNICAL 8 OUTPUT


   TECHNICAL 8 OUTPUT FOR BAYES ESTIMATION

     PROCESSOR    BSEED
     1            0
     2            285380
     3            253358
     4            93468
     5            608496
     6            903420
     7            195873
     8            462953
     9            939021
     10           127215
     11           415931
     12           533738
     13           107446
     14           399671
     15           650371
     16           27071

                     POTENTIAL       PARAMETER WITH
     ITERATION    SCALE REDUCTION      HIGHEST PSR
     100              1.174               6
     200              1.088               11
     300              1.036               6
     400              1.057               5
     500              1.088               6
     600              1.042               6
     700              1.050               6
     800              1.032               6
     900              1.010               10
     1000             1.008               13
     1100             1.007               13
     1200             1.006               13
     1300             1.005               13
     1400             1.003               13
     1500             1.003               7
     1600             1.004               10
     1700             1.007               10
     1800             1.005               10
     1900             1.005               10
     2000             1.004               1


PLOT INFORMATION

The following plots are available:

  Histograms (sample values)
  Scatterplots (sample values)
  Between-level histograms (sample values, sample means/variances)
  Between-level scatterplots (sample values, sample means/variances)
  Time series plots (sample values, ACF, PACF)
  Histogram of subjects per time point
  Time interval plots
  Bayesian posterior parameter distributions
  Bayesian posterior parameter trace plots
  Bayesian autocorrelation plots

     Beginning Time:  11:20:08
        Ending Time:  11:21:18
       Elapsed Time:  00:01:10



MUTHEN & MUTHEN
3463 Stoner Ave.
Los Angeles, CA  90066

Tel: (310) 391-9971
Fax: (310) 391-8971
Web: www.StatModel.com
Support: Support@StatModel.com

Copyright (c) 1998-2022 Muthen & Muthen
