Mplus VERSION 8.8
MUTHEN & MUTHEN
07/13/2023  12:31 PM

INPUT INSTRUCTIONS


  DATA:
  FILE IS data9.dat;

  VARIABLE:   NAMES =
  	    Eth_ID Time Time_between Time_inc
  	    PA_enth NA_irri NA_verv PA_tevr PA_ener
       	    PA_kalm NA_nerv PA_daadk NA_verdr
  	    PA_vrol NA_boos PA_dankb NA_somb PER_att
      	    PER_refl PER_self PER_expr PER_damp
  	    PER_codamp PER_capit Sample age_yr gesl BDI
      	    Measures_valid BDI_anh Anhedonia
   	    BDI_sum PA NA day compliance;

              USEVARIABLES are PER_codamp PA NA;
              MISSING is .;
              within = ;
              between = ;
              cluster = Eth_ID;
              lagged= PA NA(1);
              tinterval=Time_inc (150);

  ANALYSIS:   type = twolevel random;
              estimator = Bayes;
              biterations=(2000);
              bconvergence=0.005;
              thin=2;
              PROCESSORS=16;
  MODEL:
  %WITHIN%
  sPA_PR | PER_codamp on PA&1;
  sNA_PR | PER_codamp on NA&1;
  PA on PA&1@0;
  NA on NA&1@0;
  PER_codamp with PA@0;
  PER_codamp with NA@0;

  %between%



  OUTPUT: standardized tech1 tech8 cinterval patterns;
  PLOT: TYPE = PLOT3;



*** WARNING in VARIABLE command
  Note that only the first 8 characters of variable names are used in the output.
  Shorten variable names to avoid any confusion.
*** WARNING in MODEL command
  A y-variable has been declared on the within level but not referred to on
  the between level.  Please check that this is what is intended.  If this is not intended,
  specify the variable as a within variable.  Problem with:  PER_CODAMP
*** WARNING in MODEL command
  A y-variable has been declared on the within level but not referred to on
  the between level.  Please check that this is what is intended.  If this is not intended,
  specify the variable as a within variable.  Problem with:  PA
*** WARNING in MODEL command
  A y-variable has been declared on the within level but not referred to on
  the between level.  Please check that this is what is intended.  If this is not intended,
  specify the variable as a within variable.  Problem with:  NA
*** WARNING in PLOT command
  Note that only the first 8 characters of variable names are used in plots.
  If variable names are not unique within the first 8 characters, problems
  may occur.
*** WARNING
  One or more individual-level variables have no variation within a
  cluster for the following clusters.

     Variable   Cluster IDs with no within-cluster variation

      PER_CODA    89 71 165 148 127 73 177

*** WARNING
  Data set contains cases with missing on all variables.  Cases that appeared before the first
  case with observed data and that appeared after the last case with observed data were not
  included in the analysis.  Number of deleted cases:  582
   7 WARNING(S) FOUND IN THE INPUT INSTRUCTIONS




SUMMARY OF ANALYSIS

Number of groups                                                 1
Number of observations                                       19779

Number of dependent variables                                    3
Number of independent variables                                  2
Number of continuous latent variables                            2

Observed dependent variables

  Continuous
   PER_CODAMP  PA          NA

Observed independent variables
   PA&1        NA&1

Continuous latent variables
   SPA_PR      SNA_PR

Variables with special functions

  Cluster variable      ETH_ID

  Within variables
   PA&1        NA&1


Estimator                                                    BAYES
Specifications for Bayesian Estimation
  Point estimate                                            MEDIAN
  Number of Markov chain Monte Carlo (MCMC) chains               2
  Random seed for the first chain                                0
  Starting value information                           UNPERTURBED
  Algorithm used for Markov chain Monte Carlo           GIBBS(PX1)
  Convergence criterion                                  0.500D-02
  Maximum number of iterations                               50000
  K-th iteration used for thinning                               2

Input data file(s)
  data9.dat
Input data format  FREE


SUMMARY OF DATA

     Number of clusters                        155

       Size (s)    Cluster ID with Size s

         84        87
         88        72
         97        34
        101        10
        105        52
        108        119
        111        36
        113        182
        115        131 89
        116        15 77 75
        117        11
        118        195 57 66 49 16
        119        186 197 106 71 149 50 92 38 48 163
        120        98 55 165 168 61 108 192 7 148
        122        174
        123        127
        124        161 51 117 103
        125        112 30 73 13 53 54 40 88 44 68 93 100 105 123
        126        120 65 107 172 173 80 76 109 111 102
        127        133 147 70 177 139 62 86 118 115 25 46 67 178 110 104
                   193 126 32 198
        128        180 43 153 96 5 156 59 18
        129        146 144 3 185 135 190 116 39 187 141 137 69
        130        97 14 166 138
        133        191
        134        2
        135        183 201 194 60 63 200
        136        56 26
        137        9 19 95 42 22 4
        138        29 132 94
        139        114 37 45 145 84 21 79 74 35
        142        27
        143        179
        144        170 171 24
        145        1 20 162 124
        146        151 6 167
        147        31 142
        148        176 159



SUMMARY OF MISSING DATA PATTERNS

     Number of missing data patterns            12


     MISSING DATA PATTERNS (x = not missing)

           1  2  3  4  5  6  7  8  9 10 11 12
 PER_CODA  x  x              x     x     x
 PA        x  x  x        x     x  x     x  x
 NA        x  x  x        x        x  x  x
 PA&1      x     x  x        x     x        x
 NA&1      x     x  x        x           x  x


     MISSING DATA PATTERN FREQUENCIES

    Pattern   Frequency     Pattern   Frequency     Pattern   Frequency
          1        4835           5        8587           9           5
          2        3141           6          73          10           1
          3          66           7           3          11           1
          4        3062           8           4          12           1


COVARIANCE COVERAGE OF DATA

Minimum covariance coverage value   0.100


     PROPORTION OF DATA PRESENT


           Covariance Coverage
              PER_CODA      PA            NA
              ________      ________      ________
 PER_CODA       0.404
 PA             0.404         0.411
 NA             0.404         0.411         0.411



UNIVARIATE SAMPLE STATISTICS


     UNIVARIATE HIGHER-ORDER MOMENT DESCRIPTIVE STATISTICS

         Variable/         Mean/     Skewness/   Minimum/ % with                Percentiles
        Sample Size      Variance    Kurtosis    Maximum  Min/Max      20%/60%    40%/80%    Median

     PER_CODAMP            9.669       2.530       0.000   25.01%       0.000      4.000      6.000
            7985.000     174.173       7.284     100.000    0.01%       7.000     14.000
     PA                   45.460      -0.005       0.000    0.30%      30.714     41.429     45.857
            8126.000     301.887      -0.214     100.000    0.07%      50.143     60.143
     NA                   14.923       1.420       0.000    7.13%       5.000      9.167     11.500
            8122.000     162.854       2.057      80.667    0.01%      14.167     22.833


THE MODEL ESTIMATION TERMINATED NORMALLY

     USE THE FBITERATIONS OPTION TO INCREASE THE NUMBER OF ITERATIONS BY A FACTOR
     OF AT LEAST TWO TO CHECK CONVERGENCE AND THAT THE PSR VALUE DOES NOT INCREASE.



MODEL FIT INFORMATION

Number of Free Parameters                              14

Information Criteria

          Deviance (DIC)                       473203.706
          Estimated Number of Parameters (pD)   35504.896



MODEL RESULTS

                                Posterior  One-Tailed         95% C.I.
                    Estimate       S.D.      P-Value   Lower 2.5%  Upper 2.5%  Significance

Within Level

 PA         ON
    PA&1               0.000       0.000      1.000       0.000       0.000

 NA         ON
    NA&1               0.000       0.000      1.000       0.000       0.000

 PER_CODA WITH
    PA                 0.000       0.000      1.000       0.000       0.000
    NA                 0.000       0.000      1.000       0.000       0.000

 NA       WITH
    PA               -61.462       1.625      0.000     -64.700     -58.426      *

 Residual Variances
    PER_CODAMP        66.858       1.230      0.000      64.628      69.334      *
    PA               173.191       2.840      0.000     167.700     178.778      *
    NA                92.574       1.493      0.000      89.721      95.562      *

Between Level

 Means
    PER_CODAMP         9.809       0.789      0.000       8.273      11.360      *
    PA                45.359       0.945      0.000      43.500      47.187      *
    NA                15.102       0.712      0.000      13.691      16.511      *
    SPA_PR             0.048       0.024      0.025       0.000       0.095
    SNA_PR             0.097       0.028      0.001       0.041       0.150      *

 Variances
    PER_CODAMP        95.829      11.496      0.000      76.904     121.517      *
    PA               137.236      16.629      0.000     109.631     174.694      *
    NA                76.325       9.372      0.000      60.709      97.426      *
    SPA_PR             0.069       0.011      0.000       0.052       0.093      *
    SNA_PR             0.076       0.013      0.000       0.054       0.105      *


STANDARDIZED MODEL RESULTS


STDYX Standardization

                                Posterior  One-Tailed         95% C.I.
                    Estimate       S.D.      P-Value   Lower 2.5%  Upper 2.5%  Significance

Within-Level Standardized Estimates Averaged Over Clusters

 SPA_PR | PER_CODAMP ON
    PA&1               0.066       0.016      0.000       0.033       0.096      *

 SNA_PR | PER_CODAMP ON
    NA&1               0.095       0.017      0.000       0.060       0.126      *

 PA         ON
    PA&1               0.000       0.000      1.000       0.000       0.000

 NA         ON
    NA&1               0.000       0.000      1.000       0.000       0.000

 PER_CODA WITH
    PA                 0.000       0.000      1.000       0.000       0.000
    NA                 0.000       0.000      1.000       0.000       0.000

 NA       WITH
    PA                -0.485       0.009      0.000      -0.502      -0.467      *

 Residual Variances
    PER_CODAMP         0.852       0.007      0.000       0.838       0.864      *
    PA                 1.000       0.000      0.000       1.000       1.000
    NA                 1.000       0.000      0.000       1.000       1.000

Between Level

 Means
    PER_CODAMP         1.005       0.099      0.000       0.810       1.197      *
    PA                 3.870       0.243      0.000       3.400       4.365      *
    NA                 1.731       0.133      0.000       1.470       1.995      *
    SPA_PR             0.183       0.094      0.025      -0.001       0.370
    SNA_PR             0.351       0.107      0.001       0.146       0.558      *

 Variances
    PER_CODAMP         1.000       0.000      0.000       1.000       1.000
    PA                 1.000       0.000      0.000       1.000       1.000
    NA                 1.000       0.000      0.000       1.000       1.000
    SPA_PR             1.000       0.000      0.000       1.000       1.000
    SNA_PR             1.000       0.000      0.000       1.000       1.000


STDY Standardization

                                Posterior  One-Tailed         95% C.I.
                    Estimate       S.D.      P-Value   Lower 2.5%  Upper 2.5%  Significance

Within-Level Standardized Estimates Averaged Over Clusters

 SPA_PR | PER_CODAMP ON
    PA&1               0.005       0.001      0.000       0.002       0.007      *

 SNA_PR | PER_CODAMP ON
    NA&1               0.010       0.002      0.000       0.006       0.013      *

 PA         ON
    PA&1               0.000       0.000      1.000       0.000       0.000

 NA         ON
    NA&1               0.000       0.000      1.000       0.000       0.000

 PER_CODA WITH
    PA                 0.000       0.000      1.000       0.000       0.000
    NA                 0.000       0.000      1.000       0.000       0.000

 NA       WITH
    PA                -0.485       0.009      0.000      -0.502      -0.467      *

 Residual Variances
    PER_CODAMP         0.852       0.007      0.000       0.838       0.864      *
    PA                 1.000       0.000      0.000       1.000       1.000
    NA                 1.000       0.000      0.000       1.000       1.000

Between Level

 Means
    PER_CODAMP         1.005       0.099      0.000       0.810       1.197      *
    PA                 3.870       0.243      0.000       3.400       4.365      *
    NA                 1.731       0.133      0.000       1.470       1.995      *
    SPA_PR             0.183       0.094      0.025      -0.001       0.370
    SNA_PR             0.351       0.107      0.001       0.146       0.558      *

 Variances
    PER_CODAMP         1.000       0.000      0.000       1.000       1.000
    PA                 1.000       0.000      0.000       1.000       1.000
    NA                 1.000       0.000      0.000       1.000       1.000
    SPA_PR             1.000       0.000      0.000       1.000       1.000
    SNA_PR             1.000       0.000      0.000       1.000       1.000


STD Standardization

                                Posterior  One-Tailed         95% C.I.
                    Estimate       S.D.      P-Value   Lower 2.5%  Upper 2.5%  Significance

Within-Level Standardized Estimates Averaged Over Clusters

 SPA_PR | PER_CODAMP ON
    PA&1               0.050       0.012      0.000       0.026       0.072      *

 SNA_PR | PER_CODAMP ON
    NA&1               0.098       0.017      0.000       0.063       0.129      *

 PA         ON
    PA&1               0.000       0.000      1.000       0.000       0.000

 NA         ON
    NA&1               0.000       0.000      1.000       0.000       0.000

 PER_CODA WITH
    PA                 0.000       0.000      1.000       0.000       0.000
    NA                 0.000       0.000      1.000       0.000       0.000

 NA       WITH
    PA               -61.486       1.648      0.000     -64.694     -58.453      *

 Residual Variances
    PER_CODAMP        66.822       1.237      0.000      64.627      69.350      *
    PA               173.151       2.812      0.000     167.454     178.658      *
    NA                92.600       1.508      0.000      89.698      95.637      *

Between Level

 Means
    PER_CODAMP         9.809       0.789      0.000       8.273      11.360      *
    PA                45.359       0.945      0.000      43.500      47.187      *
    NA                15.102       0.712      0.000      13.691      16.511      *
    SPA_PR             0.183       0.094      0.025      -0.001       0.370
    SNA_PR             0.351       0.107      0.001       0.146       0.558      *

 Variances
    PER_CODAMP        95.829      11.496      0.000      76.904     121.517      *
    PA               137.236      16.629      0.000     109.631     174.694      *
    NA                76.325       9.372      0.000      60.709      97.426      *
    SPA_PR             1.000       0.000      0.000       1.000       1.000
    SNA_PR             1.000       0.000      0.000       1.000       1.000


R-SQUARE

Within-Level R-Square Averaged Across Clusters

                                Posterior  One-Tailed         95% C.I.
    Variable        Estimate       S.D.      P-Value   Lower 2.5%  Upper 2.5%

    PER_CODAMP         0.148       0.007      0.000       0.136       0.162
    PA                 0.000       0.000      1.000       0.000       0.000
    NA                 0.000       0.000      1.000       0.000       0.000


CREDIBILITY INTERVALS OF MODEL RESULTS

                  Lower .5%  Lower 2.5%    Lower 5%    Estimate    Upper 5%  Upper 2.5%   Upper .5%

Within Level

 PA       ON
    PA&1             0.000       0.000       0.000       0.000       0.000       0.000       0.000

 NA       ON
    NA&1             0.000       0.000       0.000       0.000       0.000       0.000       0.000

 PER_CODA WITH
    PA               0.000       0.000       0.000       0.000       0.000       0.000       0.000
    NA               0.000       0.000       0.000       0.000       0.000       0.000       0.000

 NA       WITH
    PA             -65.787     -64.700     -64.152     -61.462     -58.861     -58.426     -57.568

 Residual Variances
    PER_CODAMP      63.885      64.628      64.903      66.858      68.975      69.334      70.172
    PA             166.201     167.700     168.598     173.191     177.944     178.778     180.972
    NA              88.793      89.721      90.213      92.574      95.043      95.562      96.554

Between Level

 Means
    PER_CODAMP       7.725       8.273       8.566       9.809      11.128      11.360      11.836
    PA              42.940      43.500      43.806      45.359      46.907      47.187      47.854
    NA              13.213      13.691      13.933      15.102      16.276      16.511      16.877
    SPA_PR          -0.018       0.000       0.008       0.048       0.089       0.095       0.108
    SNA_PR           0.026       0.041       0.050       0.097       0.141       0.150       0.168

 Variances
    PER_CODAMP      71.474      76.904      79.610      95.829     116.671     121.517     132.003
    PA             103.169     109.631     113.238     137.236     168.164     174.694     189.648
    NA              57.575      60.709      62.659      76.325      93.504      97.426     105.081
    SPA_PR           0.047       0.052       0.054       0.069       0.089       0.093       0.102
    SNA_PR           0.048       0.054       0.057       0.076       0.100       0.105       0.116


CREDIBILITY INTERVALS OF STANDARDIZED MODEL RESULTS


STDYX Standardization

                  Lower .5%  Lower 2.5%    Lower 5%    Estimate    Upper 5%  Upper 2.5%   Upper .5%

Within Level

 PA       ON
    PA&1             0.000       0.000       0.000       0.000       0.000       0.000       0.000

 NA       ON
    NA&1             0.000       0.000       0.000       0.000       0.000       0.000       0.000

 PER_CODA WITH
    PA               0.000       0.000       0.000       0.000       0.000       0.000       0.000
    NA               0.000       0.000       0.000       0.000       0.000       0.000       0.000

 NA       WITH
    PA               0.000      -0.502       0.000      -0.485       0.000      -0.467       0.000

 Residual Variances
    PER_CODAMP       0.000       0.838       0.000       0.852       0.000       0.864       0.000
    PA               0.000       1.000       0.000       1.000       0.000       1.000       0.000
    NA               0.000       1.000       0.000       1.000       0.000       1.000       0.000

Between Level

 Means
    PER_CODAMP       0.765       0.810       0.843       1.005       1.169       1.197       1.261
    PA               3.258       3.400       3.472       3.870       4.279       4.365       4.499
    NA               1.394       1.470       1.517       1.731       1.953       1.995       2.066
    SPA_PR          -0.065      -0.001       0.030       0.183       0.338       0.370       0.418
    SNA_PR           0.085       0.146       0.176       0.351       0.524       0.558       0.626

 Variances
    PER_CODAMP       1.000       1.000       1.000       1.000       1.000       1.000       1.000
    PA               1.000       1.000       1.000       1.000       1.000       1.000       1.000
    NA               1.000       1.000       1.000       1.000       1.000       1.000       1.000
    SPA_PR           1.000       1.000       1.000       1.000       1.000       1.000       1.000
    SNA_PR           1.000       1.000       1.000       1.000       1.000       1.000       1.000


STDY Standardization

                  Lower .5%  Lower 2.5%    Lower 5%    Estimate    Upper 5%  Upper 2.5%   Upper .5%

Within Level

 PA       ON
    PA&1             0.000       0.000       0.000       0.000       0.000       0.000       0.000

 NA       ON
    NA&1             0.000       0.000       0.000       0.000       0.000       0.000       0.000

 PER_CODA WITH
    PA               0.000       0.000       0.000       0.000       0.000       0.000       0.000
    NA               0.000       0.000       0.000       0.000       0.000       0.000       0.000

 NA       WITH
    PA               0.000      -0.502       0.000      -0.485       0.000      -0.467       0.000

 Residual Variances
    PER_CODAMP       0.000       0.838       0.000       0.852       0.000       0.864       0.000
    PA               0.000       1.000       0.000       1.000       0.000       1.000       0.000
    NA               0.000       1.000       0.000       1.000       0.000       1.000       0.000

Between Level

 Means
    PER_CODAMP       0.765       0.810       0.843       1.005       1.169       1.197       1.261
    PA               3.258       3.400       3.472       3.870       4.279       4.365       4.499
    NA               1.394       1.470       1.517       1.731       1.953       1.995       2.066
    SPA_PR          -0.065      -0.001       0.030       0.183       0.338       0.370       0.418
    SNA_PR           0.085       0.146       0.176       0.351       0.524       0.558       0.626

 Variances
    PER_CODAMP       1.000       1.000       1.000       1.000       1.000       1.000       1.000
    PA               1.000       1.000       1.000       1.000       1.000       1.000       1.000
    NA               1.000       1.000       1.000       1.000       1.000       1.000       1.000
    SPA_PR           1.000       1.000       1.000       1.000       1.000       1.000       1.000
    SNA_PR           1.000       1.000       1.000       1.000       1.000       1.000       1.000


STD Standardization

                  Lower .5%  Lower 2.5%    Lower 5%    Estimate    Upper 5%  Upper 2.5%   Upper .5%

Within Level

 PA       ON
    PA&1             0.000       0.000       0.000       0.000       0.000       0.000       0.000

 NA       ON
    NA&1             0.000       0.000       0.000       0.000       0.000       0.000       0.000

 PER_CODA WITH
    PA               0.000       0.000       0.000       0.000       0.000       0.000       0.000
    NA               0.000       0.000       0.000       0.000       0.000       0.000       0.000

 NA       WITH
    PA               0.000     -64.694       0.000     -61.486       0.000     -58.453       0.000

 Residual Variances
    PER_CODAMP       0.000      64.627       0.000      66.822       0.000      69.350       0.000
    PA               0.000     167.454       0.000     173.151       0.000     178.658       0.000
    NA               0.000      89.698       0.000      92.600       0.000      95.637       0.000

Between Level

 Means
    PER_CODAMP       7.725       8.273       8.566       9.809      11.128      11.360      11.836
    PA              42.940      43.500      43.806      45.359      46.907      47.187      47.854
    NA              13.213      13.691      13.933      15.102      16.276      16.511      16.877
    SPA_PR          -0.065      -0.001       0.030       0.183       0.338       0.370       0.418
    SNA_PR           0.085       0.146       0.176       0.351       0.524       0.558       0.626

 Variances
    PER_CODAMP      71.474      76.904      79.610      95.829     116.671     121.517     132.003
    PA             103.169     109.631     113.238     137.236     168.164     174.694     189.648
    NA              57.575      60.709      62.659      76.325      93.504      97.426     105.081
    SPA_PR           1.000       1.000       1.000       1.000       1.000       1.000       1.000
    SNA_PR           1.000       1.000       1.000       1.000       1.000       1.000       1.000


TECHNICAL 1 OUTPUT


     PARAMETER SPECIFICATION FOR WITHIN


           NU
              PER_CODA      PA            NA            PA&1          NA&1
              ________      ________      ________      ________      ________
                    0             0             0             0             0


           LAMBDA
              PER_CODA      PA            NA            PA&1          NA&1
              ________      ________      ________      ________      ________
 PER_CODA           0             0             0             0             0
 PA                 0             0             0             0             0
 NA                 0             0             0             0             0
 PA&1               0             0             0             0             0
 NA&1               0             0             0             0             0


           THETA
              PER_CODA      PA            NA            PA&1          NA&1
              ________      ________      ________      ________      ________
 PER_CODA           0
 PA                 0             0
 NA                 0             0             0
 PA&1               0             0             0             0
 NA&1               0             0             0             0             0


           ALPHA
              PER_CODA      PA            NA            PA&1          NA&1
              ________      ________      ________      ________      ________
                    0             0             0             0             0


           BETA
              PER_CODA      PA            NA            PA&1          NA&1
              ________      ________      ________      ________      ________
 PER_CODA           0             0             0             0             0
 PA                 0             0             0             0             0
 NA                 0             0             0             0             0
 PA&1               0             0             0             0             0
 NA&1               0             0             0             0             0


           PSI
              PER_CODA      PA            NA            PA&1          NA&1
              ________      ________      ________      ________      ________
 PER_CODA           1
 PA                 0             2
 NA                 0             3             4
 PA&1               0             0             0             0
 NA&1               0             0             0             0             0


     PARAMETER SPECIFICATION FOR BETWEEN


           NU
              PER_CODA      PA            NA
              ________      ________      ________
                    0             0             0


           LAMBDA
              SPA_PR        SNA_PR        PER_CODA      PA            NA
              ________      ________      ________      ________      ________
 PER_CODA           0             0             0             0             0
 PA                 0             0             0             0             0
 NA                 0             0             0             0             0


           THETA
              PER_CODA      PA            NA
              ________      ________      ________
 PER_CODA           0
 PA                 0             0
 NA                 0             0             0


           ALPHA
              SPA_PR        SNA_PR        PER_CODA      PA            NA
              ________      ________      ________      ________      ________
                    5             6             7             8             9


           BETA
              SPA_PR        SNA_PR        PER_CODA      PA            NA
              ________      ________      ________      ________      ________
 SPA_PR             0             0             0             0             0
 SNA_PR             0             0             0             0             0
 PER_CODA           0             0             0             0             0
 PA                 0             0             0             0             0
 NA                 0             0             0             0             0


           PSI
              SPA_PR        SNA_PR        PER_CODA      PA            NA
              ________      ________      ________      ________      ________
 SPA_PR            10
 SNA_PR             0            11
 PER_CODA           0             0            12
 PA                 0             0             0            13
 NA                 0             0             0             0            14


     STARTING VALUES FOR WITHIN


           NU
              PER_CODA      PA            NA            PA&1          NA&1
              ________      ________      ________      ________      ________
                0.000         0.000         0.000         0.000         0.000


           LAMBDA
              PER_CODA      PA            NA            PA&1          NA&1
              ________      ________      ________      ________      ________
 PER_CODA       1.000         0.000         0.000         0.000         0.000
 PA             0.000         1.000         0.000         0.000         0.000
 NA             0.000         0.000         1.000         0.000         0.000
 PA&1           0.000         0.000         0.000         1.000         0.000
 NA&1           0.000         0.000         0.000         0.000         1.000


           THETA
              PER_CODA      PA            NA            PA&1          NA&1
              ________      ________      ________      ________      ________
 PER_CODA       0.000
 PA             0.000         0.000
 NA             0.000         0.000         0.000
 PA&1           0.000         0.000         0.000         0.000
 NA&1           0.000         0.000         0.000         0.000         0.000


           ALPHA
              PER_CODA      PA            NA            PA&1          NA&1
              ________      ________      ________      ________      ________
                0.000         0.000         0.000         0.000         0.000


           BETA
              PER_CODA      PA            NA            PA&1          NA&1
              ________      ________      ________      ________      ________
 PER_CODA       0.000         0.000         0.000         0.000         0.000
 PA             0.000         0.000         0.000         0.000         0.000
 NA             0.000         0.000         0.000         0.000         0.000
 PA&1           0.000         0.000         0.000         0.000         0.000
 NA&1           0.000         0.000         0.000         0.000         0.000


           PSI
              PER_CODA      PA            NA            PA&1          NA&1
              ________      ________      ________      ________      ________
 PER_CODA      87.086
 PA             0.000       150.944
 NA             0.000         0.000        81.427
 PA&1           0.000         0.000         0.000       151.025
 NA&1           0.000         0.000         0.000         0.000        81.335


     STARTING VALUES FOR BETWEEN


           NU
              PER_CODA      PA            NA
              ________      ________      ________
                0.000         0.000         0.000


           LAMBDA
              SPA_PR        SNA_PR        PER_CODA      PA            NA
              ________      ________      ________      ________      ________
 PER_CODA       0.000         0.000         1.000         0.000         0.000
 PA             0.000         0.000         0.000         1.000         0.000
 NA             0.000         0.000         0.000         0.000         1.000


           THETA
              PER_CODA      PA            NA
              ________      ________      ________
 PER_CODA       0.000
 PA             0.000         0.000
 NA             0.000         0.000         0.000


           ALPHA
              SPA_PR        SNA_PR        PER_CODA      PA            NA
              ________      ________      ________      ________      ________
                0.000         0.000         9.669        45.460        14.923


           BETA
              SPA_PR        SNA_PR        PER_CODA      PA            NA
              ________      ________      ________      ________      ________
 SPA_PR         0.000         0.000         0.000         0.000         0.000
 SNA_PR         0.000         0.000         0.000         0.000         0.000
 PER_CODA       0.000         0.000         0.000         0.000         0.000
 PA             0.000         0.000         0.000         0.000         0.000
 NA             0.000         0.000         0.000         0.000         0.000


           PSI
              SPA_PR        SNA_PR        PER_CODA      PA            NA
              ________      ________      ________      ________      ________
 SPA_PR         1.000
 SNA_PR         0.000         1.000
 PER_CODA       0.000         0.000        87.086
 PA             0.000         0.000         0.000       150.944
 NA             0.000         0.000         0.000         0.000        81.427



     PRIORS FOR ALL PARAMETERS            PRIOR MEAN      PRIOR VARIANCE     PRIOR STD. DEV.

     Parameter 1~IG(-1.000,0.000)          infinity            infinity            infinity
     Parameter 2~IW(0.000,-3)              infinity            infinity            infinity
     Parameter 3~IW(0.000,-3)              infinity            infinity            infinity
     Parameter 4~IW(0.000,-3)              infinity            infinity            infinity
     Parameter 5~N(0.000,infinity)           0.0000            infinity            infinity
     Parameter 6~N(0.000,infinity)           0.0000            infinity            infinity
     Parameter 7~N(0.000,infinity)           0.0000            infinity            infinity
     Parameter 8~N(0.000,infinity)           0.0000            infinity            infinity
     Parameter 9~N(0.000,infinity)           0.0000            infinity            infinity
     Parameter 10~IG(-1.000,0.000)         infinity            infinity            infinity
     Parameter 11~IG(-1.000,0.000)         infinity            infinity            infinity
     Parameter 12~IG(-1.000,0.000)         infinity            infinity            infinity
     Parameter 13~IG(-1.000,0.000)         infinity            infinity            infinity
     Parameter 14~IG(-1.000,0.000)         infinity            infinity            infinity


TECHNICAL 8 OUTPUT


   TECHNICAL 8 OUTPUT FOR BAYES ESTIMATION

     PROCESSOR    BSEED
     1            0
     2            285380
     3            253358
     4            93468
     5            608496
     6            903420
     7            195873
     8            462953
     9            939021
     10           127215
     11           415931
     12           533738
     13           107446
     14           399671
     15           650371
     16           27071

                     POTENTIAL       PARAMETER WITH
     ITERATION    SCALE REDUCTION      HIGHEST PSR
     100              1.126               11
     200              1.312               5
     300              1.096               5
     400              1.123               6
     500              1.071               11
     600              1.079               10
     700              1.056               10
     800              1.018               5
     900              1.019               5
     1000             1.024               5
     1100             1.014               5
     1200             1.018               11
     1300             1.029               11
     1400             1.049               11
     1500             1.042               11
     1600             1.046               11
     1700             1.049               6
     1800             1.049               6
     1900             1.062               6
     2000             1.055               6
     2100             1.062               6
     2200             1.054               6
     2300             1.039               6
     2400             1.026               6
     2500             1.020               6
     2600             1.021               6
     2700             1.023               6
     2800             1.026               6
     2900             1.021               6
     3000             1.022               6
     3100             1.018               6
     3200             1.015               6
     3300             1.017               6
     3400             1.012               6
     3500             1.012               6
     3600             1.016               5
     3700             1.019               5
     3800             1.018               5
     3900             1.021               5
     4000             1.020               5
     4100             1.018               5
     4200             1.016               5
     4300             1.014               5
     4400             1.015               5
     4500             1.011               5
     4600             1.010               5
     4700             1.009               5
     4800             1.008               5


PLOT INFORMATION

The following plots are available:

  Histograms (sample values)
  Scatterplots (sample values)
  Between-level histograms (sample values, sample means/variances)
  Between-level scatterplots (sample values, sample means/variances)
  Time series plots (sample values, ACF, PACF)
  Histogram of subjects per time point
  Time interval plots
  Bayesian posterior parameter distributions
  Bayesian posterior parameter trace plots
  Bayesian autocorrelation plots

     Beginning Time:  12:31:19
        Ending Time:  12:33:28
       Elapsed Time:  00:02:09



MUTHEN & MUTHEN
3463 Stoner Ave.
Los Angeles, CA  90066

Tel: (310) 391-9971
Fax: (310) 391-8971
Web: www.StatModel.com
Support: Support@StatModel.com

Copyright (c) 1998-2022 Muthen & Muthen
