Mplus VERSION 8.8
MUTHEN & MUTHEN
08/25/2023   4:17 PM

INPUT INSTRUCTIONS


  DATA:
  FILE IS data14.dat;

  VARIABLE:   NAMES =
  	    Eth_ID Time Time_between Time_inc
  	    PA_enth NA_irri NA_verv PA_tevr PA_ener
       	    PA_kalm NA_nerv PA_daadk NA_verdr
  	    PA_vrol NA_boos PA_dankb NA_somb PER_att
      	    PER_refl PER_self PER_expr PER_damp
  	    PER_codamp PER_capit Sample age_yr gesl BDI
      	    Measures_valid BDI_anh Anhedonia
   	    BDI_sum PA NA day compliance;

              USEVARIABLES are PER_refl PA NA;
              MISSING is .;
              within = ;
              between = ;
              cluster = Eth_ID;
              lagged= PA NA(1);
              tinterval=Time_inc (150);

  ANALYSIS:   type = twolevel random;
              estimator = Bayes;
              biterations=(2000);
              bconvergence=0.005;
              thin=2;
              PROCESSORS=16;
  MODEL:
  %WITHIN%
  sPA_PR | PER_refl on PA&1;
  sNA_PR | PER_refl on NA&1;
  PA on PA&1@0;
  NA on NA&1@0;
  PER_refl with PA@0;
  PER_refl with NA@0;

  %between%



  OUTPUT: standardized tech1 tech8 cinterval patterns;
  PLOT: TYPE = PLOT3;



*** WARNING in MODEL command
  A y-variable has been declared on the within level but not referred to on
  the between level.  Please check that this is what is intended.  If this is not intended,
  specify the variable as a within variable.  Problem with:  PER_REFL
*** WARNING in MODEL command
  A y-variable has been declared on the within level but not referred to on
  the between level.  Please check that this is what is intended.  If this is not intended,
  specify the variable as a within variable.  Problem with:  PA
*** WARNING in MODEL command
  A y-variable has been declared on the within level but not referred to on
  the between level.  Please check that this is what is intended.  If this is not intended,
  specify the variable as a within variable.  Problem with:  NA
*** WARNING
  One or more individual-level variables have no variation within a
  cluster for the following clusters.

     Variable   Cluster IDs with no within-cluster variation

      PER_REFL    165 73

*** WARNING
  Data set contains cases with missing on all variables.  Cases that appeared before the first
  case with observed data and that appeared after the last case with observed data were not
  included in the analysis.  Number of deleted cases:  679
   5 WARNING(S) FOUND IN THE INPUT INSTRUCTIONS




SUMMARY OF ANALYSIS

Number of groups                                                 1
Number of observations                                       20160

Number of dependent variables                                    3
Number of independent variables                                  2
Number of continuous latent variables                            2

Observed dependent variables

  Continuous
   PER_REFL    PA          NA

Observed independent variables
   PA&1        NA&1

Continuous latent variables
   SPA_PR      SNA_PR

Variables with special functions

  Cluster variable      ETH_ID

  Within variables
   PA&1        NA&1


Estimator                                                    BAYES
Specifications for Bayesian Estimation
  Point estimate                                            MEDIAN
  Number of Markov chain Monte Carlo (MCMC) chains               2
  Random seed for the first chain                                0
  Starting value information                           UNPERTURBED
  Algorithm used for Markov chain Monte Carlo           GIBBS(PX1)
  Convergence criterion                                  0.500D-02
  Maximum number of iterations                               50000
  K-th iteration used for thinning                               2

Input data file(s)
  data14.dat
Input data format  FREE


SUMMARY OF DATA

     Number of clusters                        159

       Size (s)    Cluster ID with Size s

         56        28
         80        82
         84        87
         88        72
         97        34
        101        10
        105        52
        108        119
        111        36
        113        182
        115        89 131
        116        15 188 75 77
        117        11
        118        16 66 49 57 195
        119        197 71 48 149 50 92 38 186 163 106
        120        55 168 7 108 148 192 61 98 165
        122        174
        123        127
        124        161 117 103 51
        125        53 54 13 40 44 88 30 68 100 93 105 112 123 73
        126        107 172 173 102 65 109 111 80 76 120
        127        70 177 133 62 139 118 110 25 115 67 46 104 178 126 193
                   32 86 198 147
        128        43 153 59 156 96 180 18 5
        129        141 144 125 3 185 146 135 190 187 39 137 116 69
        130        138 166 97 14
        133        191
        134        2
        135        194 63 60 183 201 200
        136        26 56
        137        95 4 9 22 19 42
        138        132 29 94
        139        45 74 35 37 84 21 79 145 114
        142        27
        143        179
        144        170 24 171
        145        1 124 162 20
        146        151 6 167
        147        142 31
        148        159 176



SUMMARY OF MISSING DATA PATTERNS

     Number of missing data patterns            13


     MISSING DATA PATTERNS (x = not missing)

           1  2  3  4  5  6  7  8  9 10 11 12 13
 PER_REFL  x  x              x     x     x     x
 PA        x  x        x  x     x  x     x  x
 NA        x  x        x  x        x  x  x
 PA&1      x     x        x  x     x        x
 NA&1      x     x        x  x           x  x


     MISSING DATA PATTERN FREQUENCIES

    Pattern   Frequency     Pattern   Frequency     Pattern   Frequency
          1        4888           6          50          11           1
          2        3224           7           3          12           1
          3        3121           8           4          13           1
          4        8808           9           5
          5          53          10           1


COVARIANCE COVERAGE OF DATA

Minimum covariance coverage value   0.100


     PROPORTION OF DATA PRESENT


           Covariance Coverage
              PER_REFL      PA            NA
              ________      ________      ________
 PER_REFL       0.403
 PA             0.403         0.408
 NA             0.403         0.408         0.408



UNIVARIATE SAMPLE STATISTICS


     UNIVARIATE HIGHER-ORDER MOMENT DESCRIPTIVE STATISTICS

         Variable/         Mean/     Skewness/   Minimum/ % with                Percentiles
        Sample Size      Variance    Kurtosis    Maximum  Min/Max      20%/60%    40%/80%    Median

     PER_REFL             28.217       0.692       0.000    9.73%       5.000     14.000     23.000
            8122.000     570.189      -0.419     100.000    0.49%      32.000     51.000
     PA                   45.572      -0.010       0.000    0.29%      30.857     41.571     46.143
            8226.000     302.012      -0.210     100.000    0.07%      50.286     60.286
     NA                   15.022       1.363       0.000    7.88%       5.000      9.400     11.800
            8222.000     159.132       1.947      79.000    0.01%      14.800     23.000


THE MODEL ESTIMATION TERMINATED NORMALLY

     USE THE FBITERATIONS OPTION TO INCREASE THE NUMBER OF ITERATIONS BY A FACTOR
     OF AT LEAST TWO TO CHECK CONVERGENCE AND THAT THE PSR VALUE DOES NOT INCREASE.



MODEL FIT INFORMATION

Number of Free Parameters                              14

Information Criteria

          Deviance (DIC)                       514623.933
          Estimated Number of Parameters (pD)   36332.685



MODEL RESULTS

                                Posterior  One-Tailed         95% C.I.
                    Estimate       S.D.      P-Value   Lower 2.5%  Upper 2.5%  Significance

Within Level

 PA         ON
    PA&1               0.000       0.000      1.000       0.000       0.000

 NA         ON
    NA&1               0.000       0.000      1.000       0.000       0.000

 PER_REFL WITH
    PA                 0.000       0.000      1.000       0.000       0.000
    NA                 0.000       0.000      1.000       0.000       0.000

 NA       WITH
    PA               -57.055       1.535      0.000     -60.062     -54.083      *

 Residual Variances
    PER_REFL         323.629       6.018      0.000     311.994     335.533      *
    PA               170.221       2.693      0.000     165.058     175.619      *
    NA                92.491       1.503      0.000      89.628      95.498      *

Between Level

 Means
    PER_REFL          28.284       1.181      0.000      25.901      30.527      *
    PA                45.683       0.941      0.000      43.832      47.524      *
    NA                15.189       0.692      0.000      13.832      16.548      *
    SPA_PR             0.247       0.034      0.000       0.184       0.316      *
    SNA_PR             0.164       0.043      0.000       0.080       0.247      *

 Variances
    PER_REFL         224.499      26.772      0.000     179.509     283.792      *
    PA               137.715      16.156      0.000     110.773     174.472      *
    NA                72.239       8.576      0.000      57.663      91.055      *
    SPA_PR             0.074       0.017      0.000       0.046       0.112      *
    SNA_PR             0.101       0.037      0.000       0.040       0.181      *


STANDARDIZED MODEL RESULTS


STDYX Standardization

                                Posterior  One-Tailed         95% C.I.
                    Estimate       S.D.      P-Value   Lower 2.5%  Upper 2.5%  Significance

Within-Level Standardized Estimates Averaged Over Clusters

 SPA_PR | PER_REFL ON
    PA&1               0.166       0.017      0.000       0.132       0.200      *

 SNA_PR | PER_REFL ON
    NA&1               0.082       0.018      0.000       0.046       0.115      *

 PA         ON
    PA&1               0.000       0.000      1.000       0.000       0.000

 NA         ON
    NA&1               0.000       0.000      1.000       0.000       0.000

 PER_REFL WITH
    PA                 0.000       0.000      1.000       0.000       0.000
    NA                 0.000       0.000      1.000       0.000       0.000

 NA       WITH
    PA                -0.454       0.009      0.000      -0.472      -0.438      *

 Residual Variances
    PER_REFL           0.925       0.009      0.000       0.907       0.942      *
    PA                 1.000       0.000      0.000       1.000       1.000
    NA                 1.000       0.000      0.000       1.000       1.000

Between Level

 Means
    PER_REFL           1.888       0.135      0.000       1.625       2.156      *
    PA                 3.893       0.239      0.000       3.433       4.375      *
    NA                 1.789       0.133      0.000       1.532       2.050      *
    SPA_PR             0.911       0.165      0.000       0.619       1.270      *
    SNA_PR             0.528       0.181      0.000       0.233       0.945      *

 Variances
    PER_REFL           1.000       0.000      0.000       1.000       1.000
    PA                 1.000       0.000      0.000       1.000       1.000
    NA                 1.000       0.000      0.000       1.000       1.000
    SPA_PR             1.000       0.000      0.000       1.000       1.000
    SNA_PR             1.000       0.000      0.000       1.000       1.000


STDY Standardization

                                Posterior  One-Tailed         95% C.I.
                    Estimate       S.D.      P-Value   Lower 2.5%  Upper 2.5%  Significance

Within-Level Standardized Estimates Averaged Over Clusters

 SPA_PR | PER_REFL ON
    PA&1               0.013       0.001      0.000       0.010       0.015      *

 SNA_PR | PER_REFL ON
    NA&1               0.009       0.002      0.000       0.005       0.012      *

 PA         ON
    PA&1               0.000       0.000      1.000       0.000       0.000

 NA         ON
    NA&1               0.000       0.000      1.000       0.000       0.000

 PER_REFL WITH
    PA                 0.000       0.000      1.000       0.000       0.000
    NA                 0.000       0.000      1.000       0.000       0.000

 NA       WITH
    PA                -0.454       0.009      0.000      -0.472      -0.438      *

 Residual Variances
    PER_REFL           0.925       0.009      0.000       0.907       0.942      *
    PA                 1.000       0.000      0.000       1.000       1.000
    NA                 1.000       0.000      0.000       1.000       1.000

Between Level

 Means
    PER_REFL           1.888       0.135      0.000       1.625       2.156      *
    PA                 3.893       0.239      0.000       3.433       4.375      *
    NA                 1.789       0.133      0.000       1.532       2.050      *
    SPA_PR             0.911       0.165      0.000       0.619       1.270      *
    SNA_PR             0.528       0.181      0.000       0.233       0.945      *

 Variances
    PER_REFL           1.000       0.000      0.000       1.000       1.000
    PA                 1.000       0.000      0.000       1.000       1.000
    NA                 1.000       0.000      0.000       1.000       1.000
    SPA_PR             1.000       0.000      0.000       1.000       1.000
    SNA_PR             1.000       0.000      0.000       1.000       1.000


STD Standardization

                                Posterior  One-Tailed         95% C.I.
                    Estimate       S.D.      P-Value   Lower 2.5%  Upper 2.5%  Significance

Within-Level Standardized Estimates Averaged Over Clusters

 SPA_PR | PER_REFL ON
    PA&1               0.246       0.025      0.000       0.196       0.296      *

 SNA_PR | PER_REFL ON
    NA&1               0.161       0.036      0.000       0.088       0.226      *

 PA         ON
    PA&1               0.000       0.000      1.000       0.000       0.000

 NA         ON
    NA&1               0.000       0.000      1.000       0.000       0.000

 PER_REFL WITH
    PA                 0.000       0.000      1.000       0.000       0.000
    NA                 0.000       0.000      1.000       0.000       0.000

 NA       WITH
    PA               -57.050       1.524      0.000     -59.998     -54.007      *

 Residual Variances
    PER_REFL         324.134       5.969      0.000     311.877     335.751      *
    PA               170.140       2.722      0.000     164.760     175.523      *
    NA                92.511       1.500      0.000      89.492      95.441      *

Between Level

 Means
    PER_REFL          28.284       1.181      0.000      25.901      30.527      *
    PA                45.683       0.941      0.000      43.832      47.524      *
    NA                15.189       0.692      0.000      13.832      16.548      *
    SPA_PR             0.911       0.165      0.000       0.619       1.270      *
    SNA_PR             0.528       0.181      0.000       0.233       0.945      *

 Variances
    PER_REFL         224.499      26.772      0.000     179.509     283.792      *
    PA               137.715      16.156      0.000     110.773     174.472      *
    NA                72.239       8.576      0.000      57.663      91.055      *
    SPA_PR             1.000       0.000      0.000       1.000       1.000
    SNA_PR             1.000       0.000      0.000       1.000       1.000


R-SQUARE

Within-Level R-Square Averaged Across Clusters

                                Posterior  One-Tailed         95% C.I.
    Variable        Estimate       S.D.      P-Value   Lower 2.5%  Upper 2.5%

    PER_REFL           0.075       0.009      0.000       0.058       0.092
    PA                 0.000       0.000      1.000       0.000       0.000
    NA                 0.000       0.000      1.000       0.000       0.000


CREDIBILITY INTERVALS OF MODEL RESULTS

                  Lower .5%  Lower 2.5%    Lower 5%    Estimate    Upper 5%  Upper 2.5%   Upper .5%

Within Level

 PA       ON
    PA&1             0.000       0.000       0.000       0.000       0.000       0.000       0.000

 NA       ON
    NA&1             0.000       0.000       0.000       0.000       0.000       0.000       0.000

 PER_REFL WITH
    PA               0.000       0.000       0.000       0.000       0.000       0.000       0.000
    NA               0.000       0.000       0.000       0.000       0.000       0.000       0.000

 NA       WITH
    PA             -61.261     -60.062     -59.569     -57.055     -54.544     -54.083     -53.012

 Residual Variances
    PER_REFL       308.410     311.994     313.876     323.629     333.498     335.533     339.435
    PA             163.549     165.058     165.865     170.221     174.728     175.619     177.311
    NA              88.479      89.628      90.063      92.491      94.955      95.498      96.472

Between Level

 Means
    PER_REFL        25.262      25.901      26.228      28.284      30.173      30.527      31.275
    PA              43.249      43.832      44.150      45.683      47.238      47.524      48.140
    NA              13.304      13.832      14.070      15.189      16.305      16.548      16.986
    SPA_PR           0.166       0.184       0.194       0.247       0.304       0.316       0.336
    SNA_PR           0.046       0.080       0.093       0.164       0.234       0.247       0.272

 Variances
    PER_REFL       168.954     179.509     185.491     224.499     272.936     283.792     306.171
    PA             103.854     110.773     114.591     137.715     167.518     174.472     185.184
    NA              54.046      57.663      59.664      72.239      87.600      91.055      97.365
    SPA_PR           0.040       0.046       0.051       0.074       0.105       0.112       0.128
    SNA_PR           0.029       0.040       0.047       0.101       0.168       0.181       0.207


CREDIBILITY INTERVALS OF STANDARDIZED MODEL RESULTS


STDYX Standardization

                  Lower .5%  Lower 2.5%    Lower 5%    Estimate    Upper 5%  Upper 2.5%   Upper .5%

Within Level

 PA       ON
    PA&1             0.000       0.000       0.000       0.000       0.000       0.000       0.000

 NA       ON
    NA&1             0.000       0.000       0.000       0.000       0.000       0.000       0.000

 PER_REFL WITH
    PA               0.000       0.000       0.000       0.000       0.000       0.000       0.000
    NA               0.000       0.000       0.000       0.000       0.000       0.000       0.000

 NA       WITH
    PA               0.000      -0.472       0.000      -0.454       0.000      -0.438       0.000

 Residual Variances
    PER_REFL         0.000       0.907       0.000       0.925       0.000       0.942       0.000
    PA               0.000       1.000       0.000       1.000       0.000       1.000       0.000
    NA               0.000       1.000       0.000       1.000       0.000       1.000       0.000

Between Level

 Means
    PER_REFL         1.546       1.625       1.665       1.888       2.109       2.156       2.235
    PA               3.315       3.433       3.507       3.893       4.291       4.375       4.518
    NA               1.445       1.532       1.574       1.789       2.007       2.050       2.142
    SPA_PR           0.539       0.619       0.658       0.911       1.204       1.270       1.390
    SNA_PR           0.146       0.233       0.278       0.528       0.857       0.945       1.135

 Variances
    PER_REFL         1.000       1.000       1.000       1.000       1.000       1.000       1.000
    PA               1.000       1.000       1.000       1.000       1.000       1.000       1.000
    NA               1.000       1.000       1.000       1.000       1.000       1.000       1.000
    SPA_PR           1.000       1.000       1.000       1.000       1.000       1.000       1.000
    SNA_PR           1.000       1.000       1.000       1.000       1.000       1.000       1.000


STDY Standardization

                  Lower .5%  Lower 2.5%    Lower 5%    Estimate    Upper 5%  Upper 2.5%   Upper .5%

Within Level

 PA       ON
    PA&1             0.000       0.000       0.000       0.000       0.000       0.000       0.000

 NA       ON
    NA&1             0.000       0.000       0.000       0.000       0.000       0.000       0.000

 PER_REFL WITH
    PA               0.000       0.000       0.000       0.000       0.000       0.000       0.000
    NA               0.000       0.000       0.000       0.000       0.000       0.000       0.000

 NA       WITH
    PA               0.000      -0.472       0.000      -0.454       0.000      -0.438       0.000

 Residual Variances
    PER_REFL         0.000       0.907       0.000       0.925       0.000       0.942       0.000
    PA               0.000       1.000       0.000       1.000       0.000       1.000       0.000
    NA               0.000       1.000       0.000       1.000       0.000       1.000       0.000

Between Level

 Means
    PER_REFL         1.546       1.625       1.665       1.888       2.109       2.156       2.235
    PA               3.315       3.433       3.507       3.893       4.291       4.375       4.518
    NA               1.445       1.532       1.574       1.789       2.007       2.050       2.142
    SPA_PR           0.539       0.619       0.658       0.911       1.204       1.270       1.390
    SNA_PR           0.146       0.233       0.278       0.528       0.857       0.945       1.135

 Variances
    PER_REFL         1.000       1.000       1.000       1.000       1.000       1.000       1.000
    PA               1.000       1.000       1.000       1.000       1.000       1.000       1.000
    NA               1.000       1.000       1.000       1.000       1.000       1.000       1.000
    SPA_PR           1.000       1.000       1.000       1.000       1.000       1.000       1.000
    SNA_PR           1.000       1.000       1.000       1.000       1.000       1.000       1.000


STD Standardization

                  Lower .5%  Lower 2.5%    Lower 5%    Estimate    Upper 5%  Upper 2.5%   Upper .5%

Within Level

 PA       ON
    PA&1             0.000       0.000       0.000       0.000       0.000       0.000       0.000

 NA       ON
    NA&1             0.000       0.000       0.000       0.000       0.000       0.000       0.000

 PER_REFL WITH
    PA               0.000       0.000       0.000       0.000       0.000       0.000       0.000
    NA               0.000       0.000       0.000       0.000       0.000       0.000       0.000

 NA       WITH
    PA               0.000     -59.998       0.000     -57.050       0.000     -54.007       0.000

 Residual Variances
    PER_REFL         0.000     311.877       0.000     324.134       0.000     335.751       0.000
    PA               0.000     164.760       0.000     170.140       0.000     175.523       0.000
    NA               0.000      89.492       0.000      92.511       0.000      95.441       0.000

Between Level

 Means
    PER_REFL        25.262      25.901      26.228      28.284      30.173      30.527      31.275
    PA              43.249      43.832      44.150      45.683      47.238      47.524      48.140
    NA              13.304      13.832      14.070      15.189      16.305      16.548      16.986
    SPA_PR           0.539       0.619       0.658       0.911       1.204       1.270       1.390
    SNA_PR           0.146       0.233       0.278       0.528       0.857       0.945       1.135

 Variances
    PER_REFL       168.954     179.509     185.491     224.499     272.936     283.792     306.171
    PA             103.854     110.773     114.591     137.715     167.518     174.472     185.184
    NA              54.046      57.663      59.664      72.239      87.600      91.055      97.365
    SPA_PR           1.000       1.000       1.000       1.000       1.000       1.000       1.000
    SNA_PR           1.000       1.000       1.000       1.000       1.000       1.000       1.000


TECHNICAL 1 OUTPUT


     PARAMETER SPECIFICATION FOR WITHIN


           NU
              PER_REFL      PA            NA            PA&1          NA&1
              ________      ________      ________      ________      ________
                    0             0             0             0             0


           LAMBDA
              PER_REFL      PA            NA            PA&1          NA&1
              ________      ________      ________      ________      ________
 PER_REFL           0             0             0             0             0
 PA                 0             0             0             0             0
 NA                 0             0             0             0             0
 PA&1               0             0             0             0             0
 NA&1               0             0             0             0             0


           THETA
              PER_REFL      PA            NA            PA&1          NA&1
              ________      ________      ________      ________      ________
 PER_REFL           0
 PA                 0             0
 NA                 0             0             0
 PA&1               0             0             0             0
 NA&1               0             0             0             0             0


           ALPHA
              PER_REFL      PA            NA            PA&1          NA&1
              ________      ________      ________      ________      ________
                    0             0             0             0             0


           BETA
              PER_REFL      PA            NA            PA&1          NA&1
              ________      ________      ________      ________      ________
 PER_REFL           0             0             0             0             0
 PA                 0             0             0             0             0
 NA                 0             0             0             0             0
 PA&1               0             0             0             0             0
 NA&1               0             0             0             0             0


           PSI
              PER_REFL      PA            NA            PA&1          NA&1
              ________      ________      ________      ________      ________
 PER_REFL           1
 PA                 0             2
 NA                 0             3             4
 PA&1               0             0             0             0
 NA&1               0             0             0             0             0


     PARAMETER SPECIFICATION FOR BETWEEN


           NU
              PER_REFL      PA            NA
              ________      ________      ________
                    0             0             0


           LAMBDA
              SPA_PR        SNA_PR        PER_REFL      PA            NA
              ________      ________      ________      ________      ________
 PER_REFL           0             0             0             0             0
 PA                 0             0             0             0             0
 NA                 0             0             0             0             0


           THETA
              PER_REFL      PA            NA
              ________      ________      ________
 PER_REFL           0
 PA                 0             0
 NA                 0             0             0


           ALPHA
              SPA_PR        SNA_PR        PER_REFL      PA            NA
              ________      ________      ________      ________      ________
                    5             6             7             8             9


           BETA
              SPA_PR        SNA_PR        PER_REFL      PA            NA
              ________      ________      ________      ________      ________
 SPA_PR             0             0             0             0             0
 SNA_PR             0             0             0             0             0
 PER_REFL           0             0             0             0             0
 PA                 0             0             0             0             0
 NA                 0             0             0             0             0


           PSI
              SPA_PR        SNA_PR        PER_REFL      PA            NA
              ________      ________      ________      ________      ________
 SPA_PR            10
 SNA_PR             0            11
 PER_REFL           0             0            12
 PA                 0             0             0            13
 NA                 0             0             0             0            14


     STARTING VALUES FOR WITHIN


           NU
              PER_REFL      PA            NA            PA&1          NA&1
              ________      ________      ________      ________      ________
                0.000         0.000         0.000         0.000         0.000


           LAMBDA
              PER_REFL      PA            NA            PA&1          NA&1
              ________      ________      ________      ________      ________
 PER_REFL       1.000         0.000         0.000         0.000         0.000
 PA             0.000         1.000         0.000         0.000         0.000
 NA             0.000         0.000         1.000         0.000         0.000
 PA&1           0.000         0.000         0.000         1.000         0.000
 NA&1           0.000         0.000         0.000         0.000         1.000


           THETA
              PER_REFL      PA            NA            PA&1          NA&1
              ________      ________      ________      ________      ________
 PER_REFL       0.000
 PA             0.000         0.000
 NA             0.000         0.000         0.000
 PA&1           0.000         0.000         0.000         0.000
 NA&1           0.000         0.000         0.000         0.000         0.000


           ALPHA
              PER_REFL      PA            NA            PA&1          NA&1
              ________      ________      ________      ________      ________
                0.000         0.000         0.000         0.000         0.000


           BETA
              PER_REFL      PA            NA            PA&1          NA&1
              ________      ________      ________      ________      ________
 PER_REFL       0.000         0.000         0.000         0.000         0.000
 PA             0.000         0.000         0.000         0.000         0.000
 NA             0.000         0.000         0.000         0.000         0.000
 PA&1           0.000         0.000         0.000         0.000         0.000
 NA&1           0.000         0.000         0.000         0.000         0.000


           PSI
              PER_REFL      PA            NA            PA&1          NA&1
              ________      ________      ________      ________      ________
 PER_REFL     285.094
 PA             0.000       151.006
 NA             0.000         0.000        79.566
 PA&1           0.000         0.000         0.000       151.126
 NA&1           0.000         0.000         0.000         0.000        79.451


     STARTING VALUES FOR BETWEEN


           NU
              PER_REFL      PA            NA
              ________      ________      ________
                0.000         0.000         0.000


           LAMBDA
              SPA_PR        SNA_PR        PER_REFL      PA            NA
              ________      ________      ________      ________      ________
 PER_REFL       0.000         0.000         1.000         0.000         0.000
 PA             0.000         0.000         0.000         1.000         0.000
 NA             0.000         0.000         0.000         0.000         1.000


           THETA
              PER_REFL      PA            NA
              ________      ________      ________
 PER_REFL       0.000
 PA             0.000         0.000
 NA             0.000         0.000         0.000


           ALPHA
              SPA_PR        SNA_PR        PER_REFL      PA            NA
              ________      ________      ________      ________      ________
                0.000         0.000        28.217        45.572        15.022


           BETA
              SPA_PR        SNA_PR        PER_REFL      PA            NA
              ________      ________      ________      ________      ________
 SPA_PR         0.000         0.000         0.000         0.000         0.000
 SNA_PR         0.000         0.000         0.000         0.000         0.000
 PER_REFL       0.000         0.000         0.000         0.000         0.000
 PA             0.000         0.000         0.000         0.000         0.000
 NA             0.000         0.000         0.000         0.000         0.000


           PSI
              SPA_PR        SNA_PR        PER_REFL      PA            NA
              ________      ________      ________      ________      ________
 SPA_PR         1.000
 SNA_PR         0.000         1.000
 PER_REFL       0.000         0.000       285.094
 PA             0.000         0.000         0.000       151.006
 NA             0.000         0.000         0.000         0.000        79.566



     PRIORS FOR ALL PARAMETERS            PRIOR MEAN      PRIOR VARIANCE     PRIOR STD. DEV.

     Parameter 1~IG(-1.000,0.000)          infinity            infinity            infinity
     Parameter 2~IW(0.000,-3)              infinity            infinity            infinity
     Parameter 3~IW(0.000,-3)              infinity            infinity            infinity
     Parameter 4~IW(0.000,-3)              infinity            infinity            infinity
     Parameter 5~N(0.000,infinity)           0.0000            infinity            infinity
     Parameter 6~N(0.000,infinity)           0.0000            infinity            infinity
     Parameter 7~N(0.000,infinity)           0.0000            infinity            infinity
     Parameter 8~N(0.000,infinity)           0.0000            infinity            infinity
     Parameter 9~N(0.000,infinity)           0.0000            infinity            infinity
     Parameter 10~IG(-1.000,0.000)         infinity            infinity            infinity
     Parameter 11~IG(-1.000,0.000)         infinity            infinity            infinity
     Parameter 12~IG(-1.000,0.000)         infinity            infinity            infinity
     Parameter 13~IG(-1.000,0.000)         infinity            infinity            infinity
     Parameter 14~IG(-1.000,0.000)         infinity            infinity            infinity


TECHNICAL 8 OUTPUT


   TECHNICAL 8 OUTPUT FOR BAYES ESTIMATION

     PROCESSOR    BSEED
     1            0
     2            285380
     3            253358
     4            93468
     5            608496
     6            903420
     7            195873
     8            462953
     9            939021
     10           127215
     11           415931
     12           533738
     13           107446
     14           399671
     15           650371
     16           27071

                     POTENTIAL       PARAMETER WITH
     ITERATION    SCALE REDUCTION      HIGHEST PSR
     100              1.285               11
     200              1.307               11
     300              1.007               12
     400              1.027               10
     500              1.010               10
     600              1.037               11
     700              1.020               11
     800              1.013               10
     900              1.006               10
     1000             1.016               10
     1100             1.007               10
     1200             1.011               10
     1300             1.003               12
     1400             1.013               11
     1500             1.007               11
     1600             1.007               12
     1700             1.005               12
     1800             1.012               11
     1900             1.012               11
     2000             1.031               11
     2100             1.040               11
     2200             1.043               11
     2300             1.066               11
     2400             1.070               11
     2500             1.054               11
     2600             1.053               11
     2700             1.046               11
     2800             1.042               11
     2900             1.026               11
     3000             1.022               11
     3100             1.028               11
     3200             1.026               11
     3300             1.012               11
     3400             1.021               11
     3500             1.015               11
     3600             1.017               11
     3700             1.025               11
     3800             1.017               11
     3900             1.018               11
     4000             1.016               11
     4100             1.009               11
     4200             1.009               11
     4300             1.010               11
     4400             1.010               11
     4500             1.008               11


PLOT INFORMATION

The following plots are available:

  Histograms (sample values)
  Scatterplots (sample values)
  Between-level histograms (sample values, sample means/variances)
  Between-level scatterplots (sample values, sample means/variances)
  Time series plots (sample values, ACF, PACF)
  Histogram of subjects per time point
  Time interval plots
  Bayesian posterior parameter distributions
  Bayesian posterior parameter trace plots
  Bayesian autocorrelation plots

     Beginning Time:  16:17:03
        Ending Time:  16:19:09
       Elapsed Time:  00:02:06



MUTHEN & MUTHEN
3463 Stoner Ave.
Los Angeles, CA  90066

Tel: (310) 391-9971
Fax: (310) 391-8971
Web: www.StatModel.com
Support: Support@StatModel.com

Copyright (c) 1998-2022 Muthen & Muthen
