Mplus VERSION 8.8
MUTHEN & MUTHEN
07/13/2023   4:01 PM

INPUT INSTRUCTIONS


  DATA:
  FILE IS data4.dat;

  VARIABLE:   NAMES =
  	    Eth_ID Time Time_between Time_inc
  	    PA_enth NA_irri NA_verv PA_tevr PA_ener
       	    PA_kalm NA_nerv PA_daadk NA_verdr
  	    PA_vrol NA_boos PA_dankb NA_somb PER_att
      	    PER_refl PER_self PER_expr PER_damp
  	    PER_codamp PER_capit Sample age_yr gesl BDI
      	    Measures_valid BDI_anh Anhedonia
   	    BDI_sum PA NA day compliance;

              USEVARIABLES are PER_codamp Anhedonia BDI_sum;
              MISSING is .;
              within = ;
              between = Anhedonia BDI_sum;
              cluster = Eth_ID;

  DEFINE:     CENTER Anhedonia BDI_sum (grandmean);


  ANALYSIS:   type = twolevel random;
              estimator = Bayes;
              biterations=(2000);
              bconvergence=0.005;
              thin=2;
              PROCESSORS=16;
  MODEL:
  %WITHIN%

  %between%
  PER_codamp on Anhedonia BDI_sum;


  OUTPUT: standardized tech1 tech8 cinterval patterns;
  PLOT: TYPE = PLOT3;



*** WARNING in VARIABLE command
  Note that only the first 8 characters of variable names are used in the output.
  Shorten variable names to avoid any confusion.
*** WARNING in MODEL command
  TYPE=RANDOM is used to declare random effect variables in the model.
  No random effect variables were found.  TYPE=RANDOM will be ignored.
*** WARNING in PLOT command
  Note that only the first 8 characters of variable names are used in plots.
  If variable names are not unique within the first 8 characters, problems
  may occur.
*** WARNING
  One or more individual-level variables have no variation within a
  cluster for the following clusters.

     Variable   Cluster IDs with no within-cluster variation

      PER_CODA    82 127 71 177 89 73 165 148

*** WARNING
  Data set contains cases with missing on all variables except
  x-variables.  These cases were not included in the analysis.
  Number of cases with missing on all variables except x-variables:  3581
   5 WARNING(S) FOUND IN THE INPUT INSTRUCTIONS




SUMMARY OF ANALYSIS

Number of groups                                                 1
Number of observations                                        8401

Number of dependent variables                                    1
Number of independent variables                                  2
Number of continuous latent variables                            0

Observed dependent variables

  Continuous
   PER_CODAMP

Observed independent variables
   ANHEDONI    BDI_SUM

Variables with special functions

  Cluster variable      ETH_ID

  Between variables
   ANHEDONI    BDI_SUM

  Centering (GRANDMEAN)
   ANHEDONI    BDI_SUM


Estimator                                                    BAYES
Specifications for Bayesian Estimation
  Point estimate                                            MEDIAN
  Number of Markov chain Monte Carlo (MCMC) chains               2
  Random seed for the first chain                                0
  Starting value information                           UNPERTURBED
  Algorithm used for Markov chain Monte Carlo           GIBBS(PX1)
  Convergence criterion                                  0.500D-02
  Maximum number of iterations                               50000
  K-th iteration used for thinning                               2

Input data file(s)
  data4.dat
Input data format  FREE


SUMMARY OF DATA

     Number of clusters                        179

       Size (s)    Cluster ID with Size s

         11        157 90
         12        83 78 121
         14        113
         15        134 184 8
         16        196
         17        143
         18        58 189 122
         19        130 41 154
         20        164 155 33
         21        188
         23        125
         25        82
         26        28
         28        52
         30        195
         31        36
         32        131 72
         33        7
         34        117 127 183
         35        87 144 11
         36        86 66 42 16
         37        10 92 107 111 96 120 151
         38        186
         39        51
         40        182 39 15 88 173
         41        139 77 9
         42        105 197 103 106 34 168
         43        119 46
         44        170 116 156 71
         45        75 65 30 177
         46        187 147 89
         47        153
         48        114 201
         49        118 100 57
         50        62 54 112
         51        141 190 49 192 176 163 149
         52        194 80 174 191 32 133 69
         53        43 48 95 60 59
         54        137 21 76 193 50 167 180
         55        166 56 200 67
         56        102 198 109 162 55 70 138 68
         57        73 98 84 45 185 123
         58        25 74 13 24 31 178 161 44
         59        110 172 165 115 53 40
         60        148 124 126 22 94 38 104
         61        135 61 97
         62        3 108
         63        19 20 27 2 5
         64        18 171 1 63
         65        35 132 37 93 145
         66        146
         67        4
         68        142
         69        79 14
         70        179
         72        29
         73        26
         74        159 6



SUMMARY OF MISSING DATA PATTERNS

     Number of missing data patterns             1


     MISSING DATA PATTERNS (x = not missing)

           1
 PER_CODA  x
 ANHEDONI  x
 BDI_SUM   x


     MISSING DATA PATTERN FREQUENCIES

    Pattern   Frequency
          1        8401


COVARIANCE COVERAGE OF DATA

Minimum covariance coverage value   0.100


     PROPORTION OF DATA PRESENT


           Covariance Coverage
              PER_CODA      ANHEDONI      BDI_SUM
              ________      ________      ________
 PER_CODA       1.000
 ANHEDONI       1.000         1.000
 BDI_SUM        1.000         1.000         1.000



UNIVARIATE SAMPLE STATISTICS


     UNIVARIATE HIGHER-ORDER MOMENT DESCRIPTIVE STATISTICS

         Variable/         Mean/     Skewness/   Minimum/ % with                Percentiles
        Sample Size      Variance    Kurtosis    Maximum  Min/Max      20%/60%    40%/80%    Median

     PER_CODAMP           10.034       2.478       0.000   24.28%       0.000      4.000      6.000
            8401.000     185.703       6.867     100.000    0.01%       8.000     14.000
     ANHEDONIA             0.000       0.575     -18.053    0.56%      -7.399     -2.782     -0.678
             179.000      77.664       0.629      30.293    0.56%       1.530      6.218
     BDI_SUM               0.000       1.131      -8.296    5.03%      -5.296     -3.296     -1.296
             179.000      37.694       1.751      27.704    0.56%       0.704      3.704


THE MODEL ESTIMATION TERMINATED NORMALLY

     USE THE FBITERATIONS OPTION TO INCREASE THE NUMBER OF ITERATIONS BY A FACTOR
     OF AT LEAST TWO TO CHECK CONVERGENCE AND THAT THE PSR VALUE DOES NOT INCREASE.



MODEL FIT INFORMATION

Number of Free Parameters                               5

Bayesian Posterior Predictive Checking using Chi-Square

          95% Confidence Interval for the Difference Between
          the Observed and the Replicated Chi-Square Values

                                 -7.571            10.532

          Posterior Predictive P-Value              0.431

Information Criteria

          Deviance (DIC)                        61748.405
          Estimated Number of Parameters (pD)     177.006



MODEL RESULTS

                                Posterior  One-Tailed         95% C.I.
                    Estimate       S.D.      P-Value   Lower 2.5%  Upper 2.5%  Significance

Within Level

 Variances
    PER_CODAMP        89.281       1.412      0.000      86.516      92.017      *

Between Level

 PER_CODAMP ON
    ANHEDONIA          0.005       0.092      0.484      -0.176       0.185
    BDI_SUM            0.327       0.130      0.005       0.064       0.576      *

 Intercepts
    PER_CODAMP        10.824       0.797      0.000       9.260      12.402      *

 Residual Variances
    PER_CODAMP       109.255      12.234      0.000      89.598     136.436      *


STANDARDIZED MODEL RESULTS


STDYX Standardization

                                Posterior  One-Tailed         95% C.I.
                    Estimate       S.D.      P-Value   Lower 2.5%  Upper 2.5%  Significance
Within Level

 Variances
    PER_CODAMP         1.000       0.000      0.000       1.000       1.000

Between Level

 PER_CODAMP ON
    ANHEDONIA          0.003       0.060      0.484      -0.115       0.118
    BDI_SUM            0.238       0.090      0.005       0.050       0.402      *

 Intercepts
    PER_CODAMP         1.000       0.092      0.000       0.819       1.181      *

 Residual Variances
    PER_CODAMP         0.940       0.042      0.000       0.836       0.993      *


STDY Standardization

                                Posterior  One-Tailed         95% C.I.
                    Estimate       S.D.      P-Value   Lower 2.5%  Upper 2.5%  Significance
Within Level

 Variances
    PER_CODAMP         1.000       0.000      0.000       1.000       1.000

Between Level

 PER_CODAMP ON
    ANHEDONIA          0.000       0.008      0.484      -0.016       0.017
    BDI_SUM            0.030       0.011      0.005       0.006       0.051      *

 Intercepts
    PER_CODAMP         1.000       0.092      0.000       0.819       1.181      *

 Residual Variances
    PER_CODAMP         0.940       0.042      0.000       0.836       0.993      *


STD Standardization

                                Posterior  One-Tailed         95% C.I.
                    Estimate       S.D.      P-Value   Lower 2.5%  Upper 2.5%  Significance
Within Level

 Variances
    PER_CODAMP        89.281       1.412      0.000      86.516      92.017      *

Between Level

 PER_CODAMP ON
    ANHEDONIA          0.005       0.092      0.484      -0.176       0.185
    BDI_SUM            0.327       0.130      0.005       0.064       0.576      *

 Intercepts
    PER_CODAMP        10.824       0.797      0.000       9.260      12.402      *

 Residual Variances
    PER_CODAMP       109.255      12.234      0.000      89.598     136.436      *


R-SQUARE

Between Level

                                Posterior  One-Tailed         95% C.I.
    Variable        Estimate       S.D.      P-Value   Lower 2.5%  Upper 2.5%

    PER_CODAMP         0.060       0.042      0.000       0.007       0.164


CREDIBILITY INTERVALS OF MODEL RESULTS

                  Lower .5%  Lower 2.5%    Lower 5%    Estimate    Upper 5%  Upper 2.5%   Upper .5%

Within Level

 Variances
    PER_CODAMP      85.389      86.516      86.996      89.281      91.569      92.017      93.018

Between Level

 PER_CODA ON
    ANHEDONIA       -0.248      -0.176      -0.148       0.005       0.153       0.185       0.258
    BDI_SUM         -0.022       0.064       0.115       0.327       0.544       0.576       0.655

 Intercepts
    PER_CODAMP       8.740       9.260       9.521      10.824      12.083      12.402      12.981

 Residual Variances
    PER_CODAMP      84.297      89.598      92.248     109.255     131.955     136.436     146.835


CREDIBILITY INTERVALS OF STANDARDIZED MODEL RESULTS


STDYX Standardization

                  Lower .5%  Lower 2.5%    Lower 5%    Estimate    Upper 5%  Upper 2.5%   Upper .5%

Within Level

 Variances
    PER_CODAMP       1.000       1.000       1.000       1.000       1.000       1.000       1.000

Between Level

 PER_CODA ON
    ANHEDONIA       -0.153      -0.115      -0.098       0.003       0.101       0.118       0.158
    BDI_SUM         -0.016       0.050       0.087       0.238       0.378       0.402       0.447

 Intercepts
    PER_CODAMP       0.758       0.819       0.850       1.000       1.153       1.181       1.230

 Residual Variances
    PER_CODAMP       0.795       0.836       0.856       0.940       0.989       0.993       0.999


STDY Standardization

                  Lower .5%  Lower 2.5%    Lower 5%    Estimate    Upper 5%  Upper 2.5%   Upper .5%

Within Level

 Variances
    PER_CODAMP       1.000       1.000       1.000       1.000       1.000       1.000       1.000

Between Level

 PER_CODA ON
    ANHEDONIA       -0.022      -0.016      -0.014       0.000       0.014       0.017       0.022
    BDI_SUM         -0.002       0.006       0.011       0.030       0.048       0.051       0.057

 Intercepts
    PER_CODAMP       0.758       0.819       0.850       1.000       1.153       1.181       1.230

 Residual Variances
    PER_CODAMP       0.795       0.836       0.856       0.940       0.989       0.993       0.999


STD Standardization

                  Lower .5%  Lower 2.5%    Lower 5%    Estimate    Upper 5%  Upper 2.5%   Upper .5%

Within Level

 Variances
    PER_CODAMP      85.389      86.516      86.996      89.281      91.569      92.017      93.018

Between Level

 PER_CODA ON
    ANHEDONIA       -0.248      -0.176      -0.148       0.005       0.153       0.185       0.258
    BDI_SUM         -0.022       0.064       0.115       0.327       0.544       0.576       0.655

 Intercepts
    PER_CODAMP       8.740       9.260       9.521      10.824      12.083      12.402      12.981

 Residual Variances
    PER_CODAMP      84.297      89.598      92.248     109.255     131.955     136.436     146.835


TECHNICAL 1 OUTPUT


     PARAMETER SPECIFICATION FOR WITHIN


           NU
              PER_CODA
              ________
                    0


           LAMBDA
              PER_CODA
              ________
 PER_CODA           0


           THETA
              PER_CODA
              ________
 PER_CODA           0


           ALPHA
              PER_CODA
              ________
                    0


           BETA
              PER_CODA
              ________
 PER_CODA           0


           PSI
              PER_CODA
              ________
 PER_CODA           1


     PARAMETER SPECIFICATION FOR BETWEEN


           NU
              PER_CODA      ANHEDONI      BDI_SUM
              ________      ________      ________
                    0             0             0


           LAMBDA
              PER_CODA      ANHEDONI      BDI_SUM
              ________      ________      ________
 PER_CODA           0             0             0
 ANHEDONI           0             0             0
 BDI_SUM            0             0             0


           THETA
              PER_CODA      ANHEDONI      BDI_SUM
              ________      ________      ________
 PER_CODA           0
 ANHEDONI           0             0
 BDI_SUM            0             0             0


           ALPHA
              PER_CODA      ANHEDONI      BDI_SUM
              ________      ________      ________
                    2             0             0


           BETA
              PER_CODA      ANHEDONI      BDI_SUM
              ________      ________      ________
 PER_CODA           0             3             4
 ANHEDONI           0             0             0
 BDI_SUM            0             0             0


           PSI
              PER_CODA      ANHEDONI      BDI_SUM
              ________      ________      ________
 PER_CODA           5
 ANHEDONI           0             0
 BDI_SUM            0             0             0


     STARTING VALUES FOR WITHIN


           NU
              PER_CODA
              ________
                0.000


           LAMBDA
              PER_CODA
              ________
 PER_CODA       1.000


           THETA
              PER_CODA
              ________
 PER_CODA       0.000


           ALPHA
              PER_CODA
              ________
                0.000


           BETA
              PER_CODA
              ________
 PER_CODA       0.000


           PSI
              PER_CODA
              ________
 PER_CODA      92.851


     STARTING VALUES FOR BETWEEN


           NU
              PER_CODA      ANHEDONI      BDI_SUM
              ________      ________      ________
                0.000         0.000         0.000


           LAMBDA
              PER_CODA      ANHEDONI      BDI_SUM
              ________      ________      ________
 PER_CODA       1.000         0.000         0.000
 ANHEDONI       0.000         1.000         0.000
 BDI_SUM        0.000         0.000         1.000


           THETA
              PER_CODA      ANHEDONI      BDI_SUM
              ________      ________      ________
 PER_CODA       0.000
 ANHEDONI       0.000         0.000
 BDI_SUM        0.000         0.000         0.000


           ALPHA
              PER_CODA      ANHEDONI      BDI_SUM
              ________      ________      ________
               10.034         0.000         0.000


           BETA
              PER_CODA      ANHEDONI      BDI_SUM
              ________      ________      ________
 PER_CODA       0.000         0.000         0.000
 ANHEDONI       0.000         0.000         0.000
 BDI_SUM        0.000         0.000         0.000


           PSI
              PER_CODA      ANHEDONI      BDI_SUM
              ________      ________      ________
 PER_CODA      92.851
 ANHEDONI       0.000        39.490
 BDI_SUM        0.000         0.000        16.861



     PRIORS FOR ALL PARAMETERS            PRIOR MEAN      PRIOR VARIANCE     PRIOR STD. DEV.

     Parameter 1~IG(-1.000,0.000)          infinity            infinity            infinity
     Parameter 2~N(0.000,infinity)           0.0000            infinity            infinity
     Parameter 3~N(0.000,infinity)           0.0000            infinity            infinity
     Parameter 4~N(0.000,infinity)           0.0000            infinity            infinity
     Parameter 5~IG(-1.000,0.000)          infinity            infinity            infinity


TECHNICAL 8 OUTPUT


   TECHNICAL 8 OUTPUT FOR BAYES ESTIMATION

     PROCESSOR    BSEED
     1            0
     2            285380
     3            253358
     4            93468
     5            608496
     6            903420
     7            195873
     8            462953
     9            939021
     10           127215
     11           415931
     12           533738
     13           107446
     14           399671
     15           650371
     16           27071

                     POTENTIAL       PARAMETER WITH
     ITERATION    SCALE REDUCTION      HIGHEST PSR
     100              1.006               5
     200              1.005               1
     300              1.003               4
     400              1.007               4
     500              1.002               5
     600              1.003               1
     700              1.000               1
     800              1.001               1
     900              1.000               1
     1000             1.000               1
     1100             1.000               1
     1200             1.000               1
     1300             1.001               1
     1400             1.000               1
     1500             1.000               1
     1600             1.000               1
     1700             1.000               1
     1800             1.001               1
     1900             1.001               1
     2000             1.000               4


PLOT INFORMATION

The following plots are available:

  Histograms (sample values)
  Scatterplots (sample values)
  Between-level histograms (sample values, sample means/variances)
  Between-level scatterplots (sample values, sample means/variances)
  Bayesian posterior parameter distributions
  Bayesian posterior parameter trace plots
  Bayesian autocorrelation plots
  Bayesian posterior predictive checking scatterplots
  Bayesian posterior predictive checking distribution plots

     Beginning Time:  16:01:19
        Ending Time:  16:01:21
       Elapsed Time:  00:00:02



MUTHEN & MUTHEN
3463 Stoner Ave.
Los Angeles, CA  90066

Tel: (310) 391-9971
Fax: (310) 391-8971
Web: www.StatModel.com
Support: Support@StatModel.com

Copyright (c) 1998-2022 Muthen & Muthen
