Mplus VERSION 8.8
MUTHEN & MUTHEN
07/13/2023   4:01 PM

INPUT INSTRUCTIONS


  DATA:
  FILE IS data1.dat;

  VARIABLE:   NAMES =
  	    Eth_ID Time Time_between Time_inc
  	    PA_enth NA_irri NA_verv PA_tevr PA_ener
       	    PA_kalm NA_nerv PA_daadk NA_verdr
  	    PA_vrol NA_boos PA_dankb NA_somb PER_att
      	    PER_refl PER_self PER_expr PER_damp
  	    PER_codamp PER_capit Sample age_yr gesl BDI
      	    Measures_valid BDI_anh Anhedonia
   	    BDI_sum PA NA day compliance;

              USEVARIABLES are PER_damp Anhedonia BDI_sum;
              MISSING is .;
              within = ;
              between = Anhedonia BDI_sum;
              cluster = Eth_ID;

  DEFINE:     CENTER Anhedonia BDI_sum (grandmean);


  ANALYSIS:   type = twolevel random;
              estimator = Bayes;
              biterations=(2000);
              bconvergence=0.005;
              thin=2;
              PROCESSORS=16;
  MODEL:
  %WITHIN%

  %between%
  PER_damp on Anhedonia BDI_sum;


  OUTPUT: standardized tech1 tech8 cinterval patterns;
  PLOT: TYPE = PLOT3;



*** WARNING in VARIABLE command
  Note that only the first 8 characters of variable names are used in the output.
  Shorten variable names to avoid any confusion.
*** WARNING in MODEL command
  TYPE=RANDOM is used to declare random effect variables in the model.
  No random effect variables were found.  TYPE=RANDOM will be ignored.
*** WARNING in PLOT command
  Note that only the first 8 characters of variable names are used in plots.
  If variable names are not unique within the first 8 characters, problems
  may occur.
*** WARNING
  One or more individual-level variables have no variation within a
  cluster for the following clusters.

     Variable   Cluster IDs with no within-cluster variation

      PER_DAMP    64 23 82 127 71 177 180 165 148

*** WARNING
  Data set contains cases with missing on all variables except
  x-variables.  These cases were not included in the analysis.
  Number of cases with missing on all variables except x-variables:  4245
   5 WARNING(S) FOUND IN THE INPUT INSTRUCTIONS




SUMMARY OF ANALYSIS

Number of groups                                                 1
Number of observations                                        8543

Number of dependent variables                                    1
Number of independent variables                                  2
Number of continuous latent variables                            0

Observed dependent variables

  Continuous
   PER_DAMP

Observed independent variables
   ANHEDONI    BDI_SUM

Variables with special functions

  Cluster variable      ETH_ID

  Between variables
   ANHEDONI    BDI_SUM

  Centering (GRANDMEAN)
   ANHEDONI    BDI_SUM


Estimator                                                    BAYES
Specifications for Bayesian Estimation
  Point estimate                                            MEDIAN
  Number of Markov chain Monte Carlo (MCMC) chains               2
  Random seed for the first chain                                0
  Starting value information                           UNPERTURBED
  Algorithm used for Markov chain Monte Carlo           GIBBS(PX1)
  Convergence criterion                                  0.500D-02
  Maximum number of iterations                               50000
  K-th iteration used for thinning                               2

Input data file(s)
  data1.dat
Input data format  FREE


SUMMARY OF DATA

     Number of clusters                        200

       Size (s)    Cluster ID with Size s

          1        129
          3        160 99
          4        64 12 81 47
          5        199 152
          6        128 169 91 136
          7        150 101 23 17 158
          8        175 85
          9        140
         11        90 157
         12        121 78 83
         14        113
         15        8 134 184
         16        196
         17        143
         18        189 58 122
         19        130 41 154
         20        33 155 164
         21        188
         23        125
         25        82
         26        28
         28        52
         30        195
         32        131
         33        7 36 72
         34        127 117 183
         35        11 144
         36        42 66 16 86 87
         37        107 111 96 92 10 151
         38        186
         39        51 120
         40        39 182 88 15 173
         41        77 139
         42        103 105 34 197
         43        168 46 119 170
         44        71 156
         45        116 177 106 65 75 30
         46        89 187 147
         47        153
         48        114 201
         49        118 100
         50        112 57
         51        49 192 176 141 62 190 163 149
         52        194 9 69 32 133 174 191 54 80
         53        60 95 43 48 59
         54        50 76 21 137 193 180 167
         55        56 166 200 67
         56        55 138 68 102 70 109 198 162
         57        123 73 98 84 185 45
         58        44 31 178 25 13 24 161 74
         59        53 110 40 115 172 165
         60        22 38 124 104 148 126 94
         61        61 97 135
         62        108 3
         63        19 2 5 27 20
         64        171 1 18 63
         65        93 132 145 37 35
         66        146
         67        4
         68        142
         69        14 79
         70        179
         72        29
         73        26
         74        159 6



SUMMARY OF MISSING DATA PATTERNS

     Number of missing data patterns             1


     MISSING DATA PATTERNS (x = not missing)

           1
 PER_DAMP  x
 ANHEDONI  x
 BDI_SUM   x


     MISSING DATA PATTERN FREQUENCIES

    Pattern   Frequency
          1        8543


COVARIANCE COVERAGE OF DATA

Minimum covariance coverage value   0.100


     PROPORTION OF DATA PRESENT


           Covariance Coverage
              PER_DAMP      ANHEDONI      BDI_SUM
              ________      ________      ________
 PER_DAMP       1.000
 ANHEDONI       1.000         1.000
 BDI_SUM        1.000         1.000         1.000



UNIVARIATE SAMPLE STATISTICS


     UNIVARIATE HIGHER-ORDER MOMENT DESCRIPTIVE STATISTICS

         Variable/         Mean/     Skewness/   Minimum/ % with                Percentiles
        Sample Size      Variance    Kurtosis    Maximum  Min/Max      20%/60%    40%/80%    Median

     PER_DAMP             11.863       2.092       0.000   21.89%       0.000      5.000      7.000
            8543.000     227.961       4.452     100.000    0.01%       9.000     18.000
     ANHEDONIA             0.000       0.577     -17.906    0.50%      -7.529     -2.635     -0.893
             200.000      74.400       0.657      30.440    0.50%       1.646      6.282
     BDI_SUM               0.000       1.052      -8.485    4.50%      -4.485     -3.485     -1.485
             200.000      37.640       1.419      27.515    0.50%       0.515      4.515


THE MODEL ESTIMATION TERMINATED NORMALLY

     USE THE FBITERATIONS OPTION TO INCREASE THE NUMBER OF ITERATIONS BY A FACTOR
     OF AT LEAST TWO TO CHECK CONVERGENCE AND THAT THE PSR VALUE DOES NOT INCREASE.



MODEL FIT INFORMATION

Number of Free Parameters                               5

Bayesian Posterior Predictive Checking using Chi-Square

          95% Confidence Interval for the Difference Between
          the Observed and the Replicated Chi-Square Values

                                 -8.737            12.066

          Posterior Predictive P-Value              0.446

Information Criteria

          Deviance (DIC)                        65577.995
          Estimated Number of Parameters (pD)     191.322



MODEL RESULTS

                                Posterior  One-Tailed         95% C.I.
                    Estimate       S.D.      P-Value   Lower 2.5%  Upper 2.5%  Significance

Within Level

 Variances
    PER_DAMP         123.443       1.913      0.000     119.912     127.291      *

Between Level

 PER_DAMP   ON
    ANHEDONIA          0.008       0.092      0.470      -0.176       0.194
    BDI_SUM            0.392       0.130      0.002       0.138       0.646      *

 Intercepts
    PER_DAMP          13.028       0.756      0.000      11.514      14.512      *

 Residual Variances
    PER_DAMP         112.234      12.208      0.000      91.386     139.007      *


STANDARDIZED MODEL RESULTS


STDYX Standardization

                                Posterior  One-Tailed         95% C.I.
                    Estimate       S.D.      P-Value   Lower 2.5%  Upper 2.5%  Significance
Within Level

 Variances
    PER_DAMP           1.000       0.000      0.000       1.000       1.000

Between Level

 PER_DAMP   ON
    ANHEDONIA          0.005       0.060      0.470      -0.112       0.123
    BDI_SUM            0.268       0.084      0.002       0.093       0.420      *

 Intercepts
    PER_DAMP           1.176       0.091      0.000       1.001       1.355      *

 Residual Variances
    PER_DAMP           0.924       0.044      0.000       0.823       0.988      *


STDY Standardization

                                Posterior  One-Tailed         95% C.I.
                    Estimate       S.D.      P-Value   Lower 2.5%  Upper 2.5%  Significance
Within Level

 Variances
    PER_DAMP           1.000       0.000      0.000       1.000       1.000

Between Level

 PER_DAMP   ON
    ANHEDONIA          0.001       0.008      0.470      -0.016       0.017
    BDI_SUM            0.036       0.011      0.002       0.012       0.056      *

 Intercepts
    PER_DAMP           1.176       0.091      0.000       1.001       1.355      *

 Residual Variances
    PER_DAMP           0.924       0.044      0.000       0.823       0.988      *


STD Standardization

                                Posterior  One-Tailed         95% C.I.
                    Estimate       S.D.      P-Value   Lower 2.5%  Upper 2.5%  Significance
Within Level

 Variances
    PER_DAMP         123.443       1.913      0.000     119.912     127.291      *

Between Level

 PER_DAMP   ON
    ANHEDONIA          0.008       0.092      0.470      -0.176       0.194
    BDI_SUM            0.392       0.130      0.002       0.138       0.646      *

 Intercepts
    PER_DAMP          13.028       0.756      0.000      11.514      14.512      *

 Residual Variances
    PER_DAMP         112.234      12.208      0.000      91.386     139.007      *


R-SQUARE

Between Level

                                Posterior  One-Tailed         95% C.I.
    Variable        Estimate       S.D.      P-Value   Lower 2.5%  Upper 2.5%

    PER_DAMP           0.076       0.044      0.000       0.012       0.176


CREDIBILITY INTERVALS OF MODEL RESULTS

                  Lower .5%  Lower 2.5%    Lower 5%    Estimate    Upper 5%  Upper 2.5%   Upper .5%

Within Level

 Variances
    PER_DAMP       118.817     119.912     120.412     123.443     126.734     127.291     128.512

Between Level

 PER_DAMP ON
    ANHEDONIA       -0.212      -0.176      -0.148       0.008       0.159       0.194       0.247
    BDI_SUM          0.065       0.138       0.180       0.392       0.612       0.646       0.710

 Intercepts
    PER_DAMP        11.102      11.514      11.772      13.028      14.259      14.512      14.889

 Residual Variances
    PER_DAMP        86.060      91.386      94.103     112.234     134.107     139.007     149.964


CREDIBILITY INTERVALS OF STANDARDIZED MODEL RESULTS


STDYX Standardization

                  Lower .5%  Lower 2.5%    Lower 5%    Estimate    Upper 5%  Upper 2.5%   Upper .5%

Within Level

 Variances
    PER_DAMP         1.000       1.000       1.000       1.000       1.000       1.000       1.000

Between Level

 PER_DAMP ON
    ANHEDONIA       -0.140      -0.112      -0.095       0.005       0.104       0.123       0.161
    BDI_SUM          0.045       0.093       0.124       0.268       0.402       0.420       0.452

 Intercepts
    PER_DAMP         0.952       1.001       1.024       1.176       1.328       1.355       1.422

 Residual Variances
    PER_DAMP         0.789       0.823       0.838       0.924       0.980       0.988       0.997


STDY Standardization

                  Lower .5%  Lower 2.5%    Lower 5%    Estimate    Upper 5%  Upper 2.5%   Upper .5%

Within Level

 Variances
    PER_DAMP         1.000       1.000       1.000       1.000       1.000       1.000       1.000

Between Level

 PER_DAMP ON
    ANHEDONIA       -0.019      -0.016      -0.013       0.001       0.014       0.017       0.022
    BDI_SUM          0.006       0.012       0.017       0.036       0.053       0.056       0.060

 Intercepts
    PER_DAMP         0.952       1.001       1.024       1.176       1.328       1.355       1.422

 Residual Variances
    PER_DAMP         0.789       0.823       0.838       0.924       0.980       0.988       0.997


STD Standardization

                  Lower .5%  Lower 2.5%    Lower 5%    Estimate    Upper 5%  Upper 2.5%   Upper .5%

Within Level

 Variances
    PER_DAMP       118.817     119.912     120.412     123.443     126.734     127.291     128.512

Between Level

 PER_DAMP ON
    ANHEDONIA       -0.212      -0.176      -0.148       0.008       0.159       0.194       0.247
    BDI_SUM          0.065       0.138       0.180       0.392       0.612       0.646       0.710

 Intercepts
    PER_DAMP        11.102      11.514      11.772      13.028      14.259      14.512      14.889

 Residual Variances
    PER_DAMP        86.060      91.386      94.103     112.234     134.107     139.007     149.964


TECHNICAL 1 OUTPUT


     PARAMETER SPECIFICATION FOR WITHIN


           NU
              PER_DAMP
              ________
                    0


           LAMBDA
              PER_DAMP
              ________
 PER_DAMP           0


           THETA
              PER_DAMP
              ________
 PER_DAMP           0


           ALPHA
              PER_DAMP
              ________
                    0


           BETA
              PER_DAMP
              ________
 PER_DAMP           0


           PSI
              PER_DAMP
              ________
 PER_DAMP           1


     PARAMETER SPECIFICATION FOR BETWEEN


           NU
              PER_DAMP      ANHEDONI      BDI_SUM
              ________      ________      ________
                    0             0             0


           LAMBDA
              PER_DAMP      ANHEDONI      BDI_SUM
              ________      ________      ________
 PER_DAMP           0             0             0
 ANHEDONI           0             0             0
 BDI_SUM            0             0             0


           THETA
              PER_DAMP      ANHEDONI      BDI_SUM
              ________      ________      ________
 PER_DAMP           0
 ANHEDONI           0             0
 BDI_SUM            0             0             0


           ALPHA
              PER_DAMP      ANHEDONI      BDI_SUM
              ________      ________      ________
                    2             0             0


           BETA
              PER_DAMP      ANHEDONI      BDI_SUM
              ________      ________      ________
 PER_DAMP           0             3             4
 ANHEDONI           0             0             0
 BDI_SUM            0             0             0


           PSI
              PER_DAMP      ANHEDONI      BDI_SUM
              ________      ________      ________
 PER_DAMP           5
 ANHEDONI           0             0
 BDI_SUM            0             0             0


     STARTING VALUES FOR WITHIN


           NU
              PER_DAMP
              ________
                0.000


           LAMBDA
              PER_DAMP
              ________
 PER_DAMP       1.000


           THETA
              PER_DAMP
              ________
 PER_DAMP       0.000


           ALPHA
              PER_DAMP
              ________
                0.000


           BETA
              PER_DAMP
              ________
 PER_DAMP       0.000


           PSI
              PER_DAMP
              ________
 PER_DAMP     113.981


     STARTING VALUES FOR BETWEEN


           NU
              PER_DAMP      ANHEDONI      BDI_SUM
              ________      ________      ________
                0.000         0.000         0.000


           LAMBDA
              PER_DAMP      ANHEDONI      BDI_SUM
              ________      ________      ________
 PER_DAMP       1.000         0.000         0.000
 ANHEDONI       0.000         1.000         0.000
 BDI_SUM        0.000         0.000         1.000


           THETA
              PER_DAMP      ANHEDONI      BDI_SUM
              ________      ________      ________
 PER_DAMP       0.000
 ANHEDONI       0.000         0.000
 BDI_SUM        0.000         0.000         0.000


           ALPHA
              PER_DAMP      ANHEDONI      BDI_SUM
              ________      ________      ________
               11.863         0.000         0.000


           BETA
              PER_DAMP      ANHEDONI      BDI_SUM
              ________      ________      ________
 PER_DAMP       0.000         0.000         0.000
 ANHEDONI       0.000         0.000         0.000
 BDI_SUM        0.000         0.000         0.000


           PSI
              PER_DAMP      ANHEDONI      BDI_SUM
              ________      ________      ________
 PER_DAMP     113.981
 ANHEDONI       0.000        39.345
 BDI_SUM        0.000         0.000        16.869



     PRIORS FOR ALL PARAMETERS            PRIOR MEAN      PRIOR VARIANCE     PRIOR STD. DEV.

     Parameter 1~IG(-1.000,0.000)          infinity            infinity            infinity
     Parameter 2~N(0.000,infinity)           0.0000            infinity            infinity
     Parameter 3~N(0.000,infinity)           0.0000            infinity            infinity
     Parameter 4~N(0.000,infinity)           0.0000            infinity            infinity
     Parameter 5~IG(-1.000,0.000)          infinity            infinity            infinity


TECHNICAL 8 OUTPUT


   TECHNICAL 8 OUTPUT FOR BAYES ESTIMATION

     PROCESSOR    BSEED
     1            0
     2            285380
     3            253358
     4            93468
     5            608496
     6            903420
     7            195873
     8            462953
     9            939021
     10           127215
     11           415931
     12           533738
     13           107446
     14           399671
     15           650371
     16           27071

                     POTENTIAL       PARAMETER WITH
     ITERATION    SCALE REDUCTION      HIGHEST PSR
     100              1.000               1
     200              1.000               1
     300              1.006               3
     400              1.001               5
     500              1.002               4
     600              1.003               1
     700              1.002               1
     800              1.004               1
     900              1.002               3
     1000             1.002               3
     1100             1.003               3
     1200             1.001               4
     1300             1.000               3
     1400             1.002               3
     1500             1.002               3
     1600             1.002               3
     1700             1.003               3
     1800             1.003               3
     1900             1.002               3
     2000             1.004               3


PLOT INFORMATION

The following plots are available:

  Histograms (sample values)
  Scatterplots (sample values)
  Between-level histograms (sample values, sample means/variances)
  Between-level scatterplots (sample values, sample means/variances)
  Bayesian posterior parameter distributions
  Bayesian posterior parameter trace plots
  Bayesian autocorrelation plots
  Bayesian posterior predictive checking scatterplots
  Bayesian posterior predictive checking distribution plots

     Beginning Time:  16:01:34
        Ending Time:  16:01:35
       Elapsed Time:  00:00:01



MUTHEN & MUTHEN
3463 Stoner Ave.
Los Angeles, CA  90066

Tel: (310) 391-9971
Fax: (310) 391-8971
Web: www.StatModel.com
Support: Support@StatModel.com

Copyright (c) 1998-2022 Muthen & Muthen
