Mplus VERSION 8.8
MUTHEN & MUTHEN
07/13/2023   4:02 PM

INPUT INSTRUCTIONS


  DATA:
  FILE IS data3.dat;

  VARIABLE:   NAMES =
  	    Eth_ID Time Time_between Time_inc
  	    PA_enth NA_irri NA_verv PA_tevr PA_ener
       	    PA_kalm NA_nerv PA_daadk NA_verdr
  	    PA_vrol NA_boos PA_dankb NA_somb PER_att
      	    PER_refl PER_self PER_expr PER_damp
  	    PER_codamp PER_capit Sample age_yr gesl BDI
      	    Measures_valid BDI_anh Anhedonia
   	    BDI_sum PA NA day compliance;

              USEVARIABLES are PER_refl Anhedonia BDI_sum;
              MISSING is .;
              within = ;
              between = Anhedonia BDI_sum;
              cluster = Eth_ID;

  DEFINE:     CENTER Anhedonia BDI_sum (grandmean);


  ANALYSIS:   type = twolevel random;
              estimator = Bayes;
              biterations=(2000);
              bconvergence=0.005;
              thin=2;
              PROCESSORS=16;
  MODEL:
  %WITHIN%

  %between%
  PER_refl on Anhedonia BDI_sum;


  OUTPUT: standardized tech1 tech8 cinterval patterns;
  PLOT: TYPE = PLOT3;



*** WARNING in VARIABLE command
  Note that only the first 8 characters of variable names are used in the output.
  Shorten variable names to avoid any confusion.
*** WARNING in MODEL command
  TYPE=RANDOM is used to declare random effect variables in the model.
  No random effect variables were found.  TYPE=RANDOM will be ignored.
*** WARNING in PLOT command
  Note that only the first 8 characters of variable names are used in plots.
  If variable names are not unique within the first 8 characters, problems
  may occur.
*** WARNING
  One or more individual-level variables have no variation within a
  cluster for the following clusters.

     Variable   Cluster IDs with no within-cluster variation

      PER_REFL    73 165

*** WARNING
  Data set contains cases with missing on all variables except
  x-variables.  These cases were not included in the analysis.
  Number of cases with missing on all variables except x-variables:  3951
   5 WARNING(S) FOUND IN THE INPUT INSTRUCTIONS




SUMMARY OF ANALYSIS

Number of groups                                                 1
Number of observations                                        8515

Number of dependent variables                                    1
Number of independent variables                                  2
Number of continuous latent variables                            0

Observed dependent variables

  Continuous
   PER_REFL

Observed independent variables
   ANHEDONI    BDI_SUM

Variables with special functions

  Cluster variable      ETH_ID

  Between variables
   ANHEDONI    BDI_SUM

  Centering (GRANDMEAN)
   ANHEDONI    BDI_SUM


Estimator                                                    BAYES
Specifications for Bayesian Estimation
  Point estimate                                            MEDIAN
  Number of Markov chain Monte Carlo (MCMC) chains               2
  Random seed for the first chain                                0
  Starting value information                           UNPERTURBED
  Algorithm used for Markov chain Monte Carlo           GIBBS(PX1)
  Convergence criterion                                  0.500D-02
  Maximum number of iterations                               50000
  K-th iteration used for thinning                               2

Input data file(s)
  data3.dat
Input data format  FREE


SUMMARY OF DATA

     Number of clusters                        189

       Size (s)    Cluster ID with Size s

          5        152
          6        91
          7        17 23 101 150 158
          8        175 85
          9        140
         11        157 90
         12        78 121 83
         14        113
         15        134 8
         16        184 196
         17        143
         18        122 189 58
         19        154 130 41
         20        164 33 155
         22        188
         23        125
         25        82
         26        28
         28        52
         30        195
         32        131
         33        36 7 72
         34        127 183 117
         35        11 144
         36        111 66 42 86 16 87
         37        10 107 92 96 151
         38        186
         39        51
         40        88 182 15 39 173
         41        77 139
         42        197 105 120 103 34
         43        46 168 170 119
         44        156 71
         45        65 30 75 116 177
         46        187 89 147
         47        153
         48        106 201 114
         49        100 118
         50        112 57
         51        62 49 141 176 190 192 149
         52        32 191 174 194 163 69 80
         53        48 54 59 43 133 95 60
         54        50 180 76 167 21 137
         55        9 193 67 56 200 166
         56        68 138 162 102 198 55 70 109
         57        45 84 73 123 98 185
         58        24 161 31 74 25 13 178 44
         59        115 53 110 165
         60        22 38 104 126 148 124 172 40 94
         61        61 97
         62        3 135
         63        5 19 20 2 108 27
         64        63 18 171 1
         65        145 132 93 37 35
         66        146
         67        4
         68        142
         69        14 79
         70        179
         72        29
         73        26
         74        159 6



SUMMARY OF MISSING DATA PATTERNS

     Number of missing data patterns             1


     MISSING DATA PATTERNS (x = not missing)

           1
 PER_REFL  x
 ANHEDONI  x
 BDI_SUM   x


     MISSING DATA PATTERN FREQUENCIES

    Pattern   Frequency
          1        8515


COVARIANCE COVERAGE OF DATA

Minimum covariance coverage value   0.100


     PROPORTION OF DATA PRESENT


           Covariance Coverage
              PER_REFL      ANHEDONI      BDI_SUM
              ________      ________      ________
 PER_REFL       1.000
 ANHEDONI       1.000         1.000
 BDI_SUM        1.000         1.000         1.000



UNIVARIATE SAMPLE STATISTICS


     UNIVARIATE HIGHER-ORDER MOMENT DESCRIPTIVE STATISTICS

         Variable/         Mean/     Skewness/   Minimum/ % with                Percentiles
        Sample Size      Variance    Kurtosis    Maximum  Min/Max      20%/60%    40%/80%    Median

     PER_REFL             28.491       0.678       0.000    9.36%       6.000     15.000     23.000
            8515.000     573.246      -0.452     100.000    0.48%      32.000     51.000
     ANHEDONIA             0.000       0.540     -18.101    0.53%      -7.447     -2.612     -0.726
             189.000      76.569       0.578      30.245    0.53%       1.513      6.193
     BDI_SUM               0.000       1.108      -8.418    4.76%      -4.418     -3.418     -1.418
             189.000      38.159       1.546      27.582    0.53%       0.582      4.582


THE MODEL ESTIMATION TERMINATED NORMALLY

     USE THE FBITERATIONS OPTION TO INCREASE THE NUMBER OF ITERATIONS BY A FACTOR
     OF AT LEAST TWO TO CHECK CONVERGENCE AND THAT THE PSR VALUE DOES NOT INCREASE.



MODEL FIT INFORMATION

Number of Free Parameters                               5

Bayesian Posterior Predictive Checking using Chi-Square

          95% Confidence Interval for the Difference Between
          the Observed and the Replicated Chi-Square Values

                                -10.066             9.659

          Posterior Predictive P-Value              0.495

Information Criteria

          Deviance (DIC)                        74470.573
          Estimated Number of Parameters (pD)     178.755



MODEL RESULTS

                                Posterior  One-Tailed         95% C.I.
                    Estimate       S.D.      P-Value   Lower 2.5%  Upper 2.5%  Significance

Within Level

 Variances
    PER_REFL         360.593       5.613      0.000     349.265     371.440      *

Between Level

 PER_REFL   ON
    ANHEDONIA         -0.124       0.134      0.168      -0.388       0.122
    BDI_SUM           -0.050       0.184      0.389      -0.416       0.322

 Intercepts
    PER_REFL          29.335       1.086      0.000      27.229      31.498      *

 Residual Variances
    PER_REFL         220.166      24.622      0.000     177.149     272.682      *


STANDARDIZED MODEL RESULTS


STDYX Standardization

                                Posterior  One-Tailed         95% C.I.
                    Estimate       S.D.      P-Value   Lower 2.5%  Upper 2.5%  Significance
Within Level

 Variances
    PER_REFL           1.000       0.000      0.000       1.000       1.000

Between Level

 PER_REFL   ON
    ANHEDONIA         -0.063       0.067      0.168      -0.193       0.063
    BDI_SUM           -0.027       0.096      0.389      -0.216       0.169

 Intercepts
    PER_REFL           1.961       0.129      0.000       1.703       2.212      *

 Residual Variances
    PER_REFL           0.986       0.017      0.000       0.937       0.999      *


STDY Standardization

                                Posterior  One-Tailed         95% C.I.
                    Estimate       S.D.      P-Value   Lower 2.5%  Upper 2.5%  Significance
Within Level

 Variances
    PER_REFL           1.000       0.000      0.000       1.000       1.000

Between Level

 PER_REFL   ON
    ANHEDONIA         -0.008       0.009      0.168      -0.025       0.008
    BDI_SUM           -0.003       0.012      0.389      -0.027       0.021

 Intercepts
    PER_REFL           1.961       0.129      0.000       1.703       2.212      *

 Residual Variances
    PER_REFL           0.986       0.017      0.000       0.937       0.999      *


STD Standardization

                                Posterior  One-Tailed         95% C.I.
                    Estimate       S.D.      P-Value   Lower 2.5%  Upper 2.5%  Significance
Within Level

 Variances
    PER_REFL         360.593       5.613      0.000     349.265     371.440      *

Between Level

 PER_REFL   ON
    ANHEDONIA         -0.124       0.134      0.168      -0.388       0.122
    BDI_SUM           -0.050       0.184      0.389      -0.416       0.322

 Intercepts
    PER_REFL          29.335       1.086      0.000      27.229      31.498      *

 Residual Variances
    PER_REFL         220.166      24.622      0.000     177.149     272.682      *


R-SQUARE

Between Level

                                Posterior  One-Tailed         95% C.I.
    Variable        Estimate       S.D.      P-Value   Lower 2.5%  Upper 2.5%

    PER_REFL           0.014       0.017      0.000       0.001       0.063


CREDIBILITY INTERVALS OF MODEL RESULTS

                  Lower .5%  Lower 2.5%    Lower 5%    Estimate    Upper 5%  Upper 2.5%   Upper .5%

Within Level

 Variances
    PER_REFL       345.251     349.265     351.373     360.593     369.673     371.440     374.322

Between Level

 PER_REFL ON
    ANHEDONIA       -0.466      -0.388      -0.351      -0.124       0.095       0.122       0.210
    BDI_SUM         -0.535      -0.416      -0.345      -0.050       0.267       0.322       0.440

 Intercepts
    PER_REFL        26.612      27.229      27.517      29.335      31.194      31.498      32.097

 Residual Variances
    PER_REFL       168.516     177.149     184.386     220.166     265.053     272.682     290.562


CREDIBILITY INTERVALS OF STANDARDIZED MODEL RESULTS


STDYX Standardization

                  Lower .5%  Lower 2.5%    Lower 5%    Estimate    Upper 5%  Upper 2.5%   Upper .5%

Within Level

 Variances
    PER_REFL         1.000       1.000       1.000       1.000       1.000       1.000       1.000

Between Level

 PER_REFL ON
    ANHEDONIA       -0.228      -0.193      -0.176      -0.063       0.047       0.063       0.109
    BDI_SUM         -0.262      -0.216      -0.181      -0.027       0.139       0.169       0.227

 Intercepts
    PER_REFL         1.621       1.703       1.747       1.961       2.171       2.212       2.301

 Residual Variances
    PER_REFL         0.912       0.937       0.948       0.986       0.999       0.999       1.000


STDY Standardization

                  Lower .5%  Lower 2.5%    Lower 5%    Estimate    Upper 5%  Upper 2.5%   Upper .5%

Within Level

 Variances
    PER_REFL         1.000       1.000       1.000       1.000       1.000       1.000       1.000

Between Level

 PER_REFL ON
    ANHEDONIA       -0.030      -0.025      -0.023      -0.008       0.006       0.008       0.014
    BDI_SUM         -0.033      -0.027      -0.023      -0.003       0.018       0.021       0.029

 Intercepts
    PER_REFL         1.621       1.703       1.747       1.961       2.171       2.212       2.301

 Residual Variances
    PER_REFL         0.912       0.937       0.948       0.986       0.999       0.999       1.000


STD Standardization

                  Lower .5%  Lower 2.5%    Lower 5%    Estimate    Upper 5%  Upper 2.5%   Upper .5%

Within Level

 Variances
    PER_REFL       345.251     349.265     351.373     360.593     369.673     371.440     374.322

Between Level

 PER_REFL ON
    ANHEDONIA       -0.466      -0.388      -0.351      -0.124       0.095       0.122       0.210
    BDI_SUM         -0.535      -0.416      -0.345      -0.050       0.267       0.322       0.440

 Intercepts
    PER_REFL        26.612      27.229      27.517      29.335      31.194      31.498      32.097

 Residual Variances
    PER_REFL       168.516     177.149     184.386     220.166     265.053     272.682     290.562


TECHNICAL 1 OUTPUT


     PARAMETER SPECIFICATION FOR WITHIN


           NU
              PER_REFL
              ________
                    0


           LAMBDA
              PER_REFL
              ________
 PER_REFL           0


           THETA
              PER_REFL
              ________
 PER_REFL           0


           ALPHA
              PER_REFL
              ________
                    0


           BETA
              PER_REFL
              ________
 PER_REFL           0


           PSI
              PER_REFL
              ________
 PER_REFL           1


     PARAMETER SPECIFICATION FOR BETWEEN


           NU
              PER_REFL      ANHEDONI      BDI_SUM
              ________      ________      ________
                    0             0             0


           LAMBDA
              PER_REFL      ANHEDONI      BDI_SUM
              ________      ________      ________
 PER_REFL           0             0             0
 ANHEDONI           0             0             0
 BDI_SUM            0             0             0


           THETA
              PER_REFL      ANHEDONI      BDI_SUM
              ________      ________      ________
 PER_REFL           0
 ANHEDONI           0             0
 BDI_SUM            0             0             0


           ALPHA
              PER_REFL      ANHEDONI      BDI_SUM
              ________      ________      ________
                    2             0             0


           BETA
              PER_REFL      ANHEDONI      BDI_SUM
              ________      ________      ________
 PER_REFL           0             3             4
 ANHEDONI           0             0             0
 BDI_SUM            0             0             0


           PSI
              PER_REFL      ANHEDONI      BDI_SUM
              ________      ________      ________
 PER_REFL           5
 ANHEDONI           0             0
 BDI_SUM            0             0             0


     STARTING VALUES FOR WITHIN


           NU
              PER_REFL
              ________
                0.000


           LAMBDA
              PER_REFL
              ________
 PER_REFL       1.000


           THETA
              PER_REFL
              ________
 PER_REFL       0.000


           ALPHA
              PER_REFL
              ________
                0.000


           BETA
              PER_REFL
              ________
 PER_REFL       0.000


           PSI
              PER_REFL
              ________
 PER_REFL     286.623


     STARTING VALUES FOR BETWEEN


           NU
              PER_REFL      ANHEDONI      BDI_SUM
              ________      ________      ________
                0.000         0.000         0.000


           LAMBDA
              PER_REFL      ANHEDONI      BDI_SUM
              ________      ________      ________
 PER_REFL       1.000         0.000         0.000
 ANHEDONI       0.000         1.000         0.000
 BDI_SUM        0.000         0.000         1.000


           THETA
              PER_REFL      ANHEDONI      BDI_SUM
              ________      ________      ________
 PER_REFL       0.000
 ANHEDONI       0.000         0.000
 BDI_SUM        0.000         0.000         0.000


           ALPHA
              PER_REFL      ANHEDONI      BDI_SUM
              ________      ________      ________
               28.491         0.000         0.000


           BETA
              PER_REFL      ANHEDONI      BDI_SUM
              ________      ________      ________
 PER_REFL       0.000         0.000         0.000
 ANHEDONI       0.000         0.000         0.000
 BDI_SUM        0.000         0.000         0.000


           PSI
              PER_REFL      ANHEDONI      BDI_SUM
              ________      ________      ________
 PER_REFL     286.623
 ANHEDONI       0.000        39.395
 BDI_SUM        0.000         0.000        16.874



     PRIORS FOR ALL PARAMETERS            PRIOR MEAN      PRIOR VARIANCE     PRIOR STD. DEV.

     Parameter 1~IG(-1.000,0.000)          infinity            infinity            infinity
     Parameter 2~N(0.000,infinity)           0.0000            infinity            infinity
     Parameter 3~N(0.000,infinity)           0.0000            infinity            infinity
     Parameter 4~N(0.000,infinity)           0.0000            infinity            infinity
     Parameter 5~IG(-1.000,0.000)          infinity            infinity            infinity


TECHNICAL 8 OUTPUT


   TECHNICAL 8 OUTPUT FOR BAYES ESTIMATION

     PROCESSOR    BSEED
     1            0
     2            285380
     3            253358
     4            93468
     5            608496
     6            903420
     7            195873
     8            462953
     9            939021
     10           127215
     11           415931
     12           533738
     13           107446
     14           399671
     15           650371
     16           27071

                     POTENTIAL       PARAMETER WITH
     ITERATION    SCALE REDUCTION      HIGHEST PSR
     100              1.031               3
     200              1.013               5
     300              1.028               4
     400              1.006               5
     500              1.006               5
     600              1.004               5
     700              1.000               1
     800              1.000               1
     900              1.000               1
     1000             1.000               1
     1100             1.000               5
     1200             1.000               2
     1300             1.001               3
     1400             1.001               3
     1500             1.002               1
     1600             1.001               1
     1700             1.000               1
     1800             1.000               1
     1900             1.000               1
     2000             1.000               1


PLOT INFORMATION

The following plots are available:

  Histograms (sample values)
  Scatterplots (sample values)
  Between-level histograms (sample values, sample means/variances)
  Between-level scatterplots (sample values, sample means/variances)
  Bayesian posterior parameter distributions
  Bayesian posterior parameter trace plots
  Bayesian autocorrelation plots
  Bayesian posterior predictive checking scatterplots
  Bayesian posterior predictive checking distribution plots

     Beginning Time:  16:02:31
        Ending Time:  16:02:33
       Elapsed Time:  00:00:02



MUTHEN & MUTHEN
3463 Stoner Ave.
Los Angeles, CA  90066

Tel: (310) 391-9971
Fax: (310) 391-8971
Web: www.StatModel.com
Support: Support@StatModel.com

Copyright (c) 1998-2022 Muthen & Muthen
