Mplus VERSION 8.8
MUTHEN & MUTHEN
07/13/2023   4:02 PM

INPUT INSTRUCTIONS


  DATA:
  FILE IS data8.dat;

  VARIABLE:   NAMES =
  	    Eth_ID Time Time_between Time_inc
  	    PA_enth NA_irri NA_verv PA_tevr PA_ener
       	    PA_kalm NA_nerv PA_daadk NA_verdr
  	    PA_vrol NA_boos PA_dankb NA_somb PER_att
      	    PER_refl PER_self PER_expr PER_damp
  	    PER_codamp PER_capit Sample age_yr gesl BDI
      	    Measures_valid BDI_anh Anhedonia
   	    BDI_sum PA NA day compliance;

              USEVARIABLES are PER_refl Anhedonia BDI_sum;
              MISSING is .;
              within = ;
              between = Anhedonia BDI_sum;
              cluster = Eth_ID;

  DEFINE:     CENTER Anhedonia BDI_sum (grandmean);


  ANALYSIS:   type = twolevel random;
              estimator = Bayes;
              biterations=(2000);
              bconvergence=0.005;
              thin=2;
              PROCESSORS=16;
  MODEL:
  %WITHIN%

  %between%
  PER_refl on Anhedonia BDI_sum;


  OUTPUT: standardized tech1 tech8 cinterval patterns;
  PLOT: TYPE = PLOT3;



*** WARNING in VARIABLE command
  Note that only the first 8 characters of variable names are used in the output.
  Shorten variable names to avoid any confusion.
*** WARNING in MODEL command
  TYPE=RANDOM is used to declare random effect variables in the model.
  No random effect variables were found.  TYPE=RANDOM will be ignored.
*** WARNING in PLOT command
  Note that only the first 8 characters of variable names are used in plots.
  If variable names are not unique within the first 8 characters, problems
  may occur.
*** WARNING
  One or more individual-level variables have no variation within a
  cluster for the following clusters.

     Variable   Cluster IDs with no within-cluster variation

      PER_REFL    73 165

*** WARNING
  Data set contains cases with missing on all variables except
  x-variables.  These cases were not included in the analysis.
  Number of cases with missing on all variables except x-variables:  2754
   5 WARNING(S) FOUND IN THE INPUT INSTRUCTIONS




SUMMARY OF ANALYSIS

Number of groups                                                 1
Number of observations                                        8077

Number of dependent variables                                    1
Number of independent variables                                  2
Number of continuous latent variables                            0

Observed dependent variables

  Continuous
   PER_REFL

Observed independent variables
   ANHEDONI    BDI_SUM

Variables with special functions

  Cluster variable      ETH_ID

  Between variables
   ANHEDONI    BDI_SUM

  Centering (GRANDMEAN)
   ANHEDONI    BDI_SUM


Estimator                                                    BAYES
Specifications for Bayesian Estimation
  Point estimate                                            MEDIAN
  Number of Markov chain Monte Carlo (MCMC) chains               2
  Random seed for the first chain                                0
  Starting value information                           UNPERTURBED
  Algorithm used for Markov chain Monte Carlo           GIBBS(PX1)
  Convergence criterion                                  0.500D-02
  Maximum number of iterations                               50000
  K-th iteration used for thinning                               2

Input data file(s)
  data8.dat
Input data format  FREE


SUMMARY OF DATA

     Number of clusters                        157

       Size (s)    Cluster ID with Size s

         25        82
         26        28
         28        52
         30        195
         32        131
         33        72 36 7
         34        117 127 183
         35        11 144
         36        16 86 111 66 87 42
         37        92 10 107 96 151
         38        186
         39        51
         40        173 182 15 39 88
         41        77 139
         42        105 120 103 197 34
         43        168 119 170 46
         44        156 71
         45        75 65 30 177 116
         46        147 89 187
         47        153
         48        114 201 106
         49        100 118
         50        112 57
         51        192 49 190 62 141 176 149
         52        32 194 174 69 80 191 163
         53        133 60 59 54 43 95 48
         54        137 50 76 180 21 167
         55        166 9 56 193 67 200
         56        138 70 198 102 162 55 109 68
         57        185 98 73 45 123 84
         58        74 178 24 44 31 25 161 13
         59        115 53 110 165
         60        38 40 172 22 126 104 94 148 124
         61        97 61
         62        135 3
         63        20 2 27 19 5 108
         64        18 171 63 1
         65        132 35 145 37 93
         66        146
         67        4
         68        142
         69        79 14
         70        179
         72        29
         73        26
         74        159 6



SUMMARY OF MISSING DATA PATTERNS

     Number of missing data patterns             1


     MISSING DATA PATTERNS (x = not missing)

           1
 PER_REFL  x
 ANHEDONI  x
 BDI_SUM   x


     MISSING DATA PATTERN FREQUENCIES

    Pattern   Frequency
          1        8077


COVARIANCE COVERAGE OF DATA

Minimum covariance coverage value   0.100


     PROPORTION OF DATA PRESENT


           Covariance Coverage
              PER_REFL      ANHEDONI      BDI_SUM
              ________      ________      ________
 PER_REFL       1.000
 ANHEDONI       1.000         1.000
 BDI_SUM        1.000         1.000         1.000



UNIVARIATE SAMPLE STATISTICS


     UNIVARIATE HIGHER-ORDER MOMENT DESCRIPTIVE STATISTICS

         Variable/         Mean/     Skewness/   Minimum/ % with                Percentiles
        Sample Size      Variance    Kurtosis    Maximum  Min/Max      20%/60%    40%/80%    Median

     PER_REFL             28.222       0.692       0.000    9.78%       5.000     14.000     23.000
            8077.000     571.085      -0.418     100.000    0.50%      32.000     51.000
     ANHEDONIA             0.000       0.640     -18.384    0.64%      -7.334     -2.928     -0.938
             157.000      78.868       0.647      29.962    0.64%       1.230      6.114
     BDI_SUM               0.000       0.864      -8.013    3.82%      -5.013     -3.013     -1.013
             157.000      31.656       0.336      16.987    1.27%      -0.013      3.987


THE MODEL ESTIMATION TERMINATED NORMALLY

     USE THE FBITERATIONS OPTION TO INCREASE THE NUMBER OF ITERATIONS BY A FACTOR
     OF AT LEAST TWO TO CHECK CONVERGENCE AND THAT THE PSR VALUE DOES NOT INCREASE.



MODEL FIT INFORMATION

Number of Free Parameters                               5

Bayesian Posterior Predictive Checking using Chi-Square

          95% Confidence Interval for the Difference Between
          the Observed and the Replicated Chi-Square Values

                                -10.678            10.706

          Posterior Predictive P-Value              0.505

Information Criteria

          Deviance (DIC)                        70500.569
          Estimated Number of Parameters (pD)     152.857



MODEL RESULTS

                                Posterior  One-Tailed         95% C.I.
                    Estimate       S.D.      P-Value   Lower 2.5%  Upper 2.5%  Significance

Within Level

 Variances
    PER_REFL         355.107       5.536      0.000     344.187     366.371      *

Between Level

 PER_REFL   ON
    ANHEDONIA         -0.087       0.141      0.254      -0.370       0.193
    BDI_SUM           -0.191       0.230      0.204      -0.655       0.242

 Intercepts
    PER_REFL          28.275       1.243      0.000      25.852      30.662      *

 Residual Variances
    PER_REFL         229.197      27.699      0.000     180.896     290.822      *


STANDARDIZED MODEL RESULTS


STDYX Standardization

                                Posterior  One-Tailed         95% C.I.
                    Estimate       S.D.      P-Value   Lower 2.5%  Upper 2.5%  Significance
Within Level

 Variances
    PER_REFL           1.000       0.000      0.000       1.000       1.000

Between Level

 PER_REFL   ON
    ANHEDONIA         -0.041       0.066      0.254      -0.170       0.091
    BDI_SUM           -0.066       0.078      0.204      -0.217       0.082

 Intercepts
    PER_REFL           1.852       0.135      0.000       1.590       2.126      *

 Residual Variances
    PER_REFL           0.987       0.017      0.000       0.938       1.000      *


STDY Standardization

                                Posterior  One-Tailed         95% C.I.
                    Estimate       S.D.      P-Value   Lower 2.5%  Upper 2.5%  Significance
Within Level

 Variances
    PER_REFL           1.000       0.000      0.000       1.000       1.000

Between Level

 PER_REFL   ON
    ANHEDONIA         -0.006       0.009      0.254      -0.024       0.013
    BDI_SUM           -0.013       0.015      0.204      -0.041       0.016

 Intercepts
    PER_REFL           1.852       0.135      0.000       1.590       2.126      *

 Residual Variances
    PER_REFL           0.987       0.017      0.000       0.938       1.000      *


STD Standardization

                                Posterior  One-Tailed         95% C.I.
                    Estimate       S.D.      P-Value   Lower 2.5%  Upper 2.5%  Significance
Within Level

 Variances
    PER_REFL         355.107       5.536      0.000     344.187     366.371      *

Between Level

 PER_REFL   ON
    ANHEDONIA         -0.087       0.141      0.254      -0.370       0.193
    BDI_SUM           -0.191       0.230      0.204      -0.655       0.242

 Intercepts
    PER_REFL          28.275       1.243      0.000      25.852      30.662      *

 Residual Variances
    PER_REFL         229.197      27.699      0.000     180.896     290.822      *


R-SQUARE

Between Level

                                Posterior  One-Tailed         95% C.I.
    Variable        Estimate       S.D.      P-Value   Lower 2.5%  Upper 2.5%

    PER_REFL           0.013       0.017      0.000       0.000       0.061


CREDIBILITY INTERVALS OF MODEL RESULTS

                  Lower .5%  Lower 2.5%    Lower 5%    Estimate    Upper 5%  Upper 2.5%   Upper .5%

Within Level

 Variances
    PER_REFL       340.629     344.187     346.412     355.107     364.424     366.371     369.960

Between Level

 PER_REFL ON
    ANHEDONIA       -0.430      -0.370      -0.321      -0.087       0.153       0.193       0.268
    BDI_SUM         -0.784      -0.655      -0.582      -0.191       0.172       0.242       0.364

 Intercepts
    PER_REFL        25.160      25.852      26.250      28.275      30.299      30.662      31.502

 Residual Variances
    PER_REFL       168.635     180.896     188.238     229.197     278.707     290.822     312.837


CREDIBILITY INTERVALS OF STANDARDIZED MODEL RESULTS


STDYX Standardization

                  Lower .5%  Lower 2.5%    Lower 5%    Estimate    Upper 5%  Upper 2.5%   Upper .5%

Within Level

 Variances
    PER_REFL         1.000       1.000       1.000       1.000       1.000       1.000       1.000

Between Level

 PER_REFL ON
    ANHEDONIA       -0.198      -0.170      -0.150      -0.041       0.069       0.091       0.126
    BDI_SUM         -0.257      -0.217      -0.197      -0.066       0.059       0.082       0.123

 Intercepts
    PER_REFL         1.518       1.590       1.637       1.852       2.082       2.126       2.229

 Residual Variances
    PER_REFL         0.920       0.938       0.949       0.987       0.999       1.000       1.000


STDY Standardization

                  Lower .5%  Lower 2.5%    Lower 5%    Estimate    Upper 5%  Upper 2.5%   Upper .5%

Within Level

 Variances
    PER_REFL         1.000       1.000       1.000       1.000       1.000       1.000       1.000

Between Level

 PER_REFL ON
    ANHEDONIA       -0.028      -0.024      -0.021      -0.006       0.010       0.013       0.018
    BDI_SUM         -0.049      -0.041      -0.037      -0.013       0.011       0.016       0.024

 Intercepts
    PER_REFL         1.518       1.590       1.637       1.852       2.082       2.126       2.229

 Residual Variances
    PER_REFL         0.920       0.938       0.949       0.987       0.999       1.000       1.000


STD Standardization

                  Lower .5%  Lower 2.5%    Lower 5%    Estimate    Upper 5%  Upper 2.5%   Upper .5%

Within Level

 Variances
    PER_REFL       340.629     344.187     346.412     355.107     364.424     366.371     369.960

Between Level

 PER_REFL ON
    ANHEDONIA       -0.430      -0.370      -0.321      -0.087       0.153       0.193       0.268
    BDI_SUM         -0.784      -0.655      -0.582      -0.191       0.172       0.242       0.364

 Intercepts
    PER_REFL        25.160      25.852      26.250      28.275      30.299      30.662      31.502

 Residual Variances
    PER_REFL       168.635     180.896     188.238     229.197     278.707     290.822     312.837


TECHNICAL 1 OUTPUT


     PARAMETER SPECIFICATION FOR WITHIN


           NU
              PER_REFL
              ________
                    0


           LAMBDA
              PER_REFL
              ________
 PER_REFL           0


           THETA
              PER_REFL
              ________
 PER_REFL           0


           ALPHA
              PER_REFL
              ________
                    0


           BETA
              PER_REFL
              ________
 PER_REFL           0


           PSI
              PER_REFL
              ________
 PER_REFL           1


     PARAMETER SPECIFICATION FOR BETWEEN


           NU
              PER_REFL      ANHEDONI      BDI_SUM
              ________      ________      ________
                    0             0             0


           LAMBDA
              PER_REFL      ANHEDONI      BDI_SUM
              ________      ________      ________
 PER_REFL           0             0             0
 ANHEDONI           0             0             0
 BDI_SUM            0             0             0


           THETA
              PER_REFL      ANHEDONI      BDI_SUM
              ________      ________      ________
 PER_REFL           0
 ANHEDONI           0             0
 BDI_SUM            0             0             0


           ALPHA
              PER_REFL      ANHEDONI      BDI_SUM
              ________      ________      ________
                    2             0             0


           BETA
              PER_REFL      ANHEDONI      BDI_SUM
              ________      ________      ________
 PER_REFL           0             3             4
 ANHEDONI           0             0             0
 BDI_SUM            0             0             0


           PSI
              PER_REFL      ANHEDONI      BDI_SUM
              ________      ________      ________
 PER_REFL           5
 ANHEDONI           0             0
 BDI_SUM            0             0             0


     STARTING VALUES FOR WITHIN


           NU
              PER_REFL
              ________
                0.000


           LAMBDA
              PER_REFL
              ________
 PER_REFL       1.000


           THETA
              PER_REFL
              ________
 PER_REFL       0.000


           ALPHA
              PER_REFL
              ________
                0.000


           BETA
              PER_REFL
              ________
 PER_REFL       0.000


           PSI
              PER_REFL
              ________
 PER_REFL     285.543


     STARTING VALUES FOR BETWEEN


           NU
              PER_REFL      ANHEDONI      BDI_SUM
              ________      ________      ________
                0.000         0.000         0.000


           LAMBDA
              PER_REFL      ANHEDONI      BDI_SUM
              ________      ________      ________
 PER_REFL       1.000         0.000         0.000
 ANHEDONI       0.000         1.000         0.000
 BDI_SUM        0.000         0.000         1.000


           THETA
              PER_REFL      ANHEDONI      BDI_SUM
              ________      ________      ________
 PER_REFL       0.000
 ANHEDONI       0.000         0.000
 BDI_SUM        0.000         0.000         0.000


           ALPHA
              PER_REFL      ANHEDONI      BDI_SUM
              ________      ________      ________
               28.222         0.000         0.000


           BETA
              PER_REFL      ANHEDONI      BDI_SUM
              ________      ________      ________
 PER_REFL       0.000         0.000         0.000
 ANHEDONI       0.000         0.000         0.000
 BDI_SUM        0.000         0.000         0.000


           PSI
              PER_REFL      ANHEDONI      BDI_SUM
              ________      ________      ________
 PER_REFL     285.543
 ANHEDONI       0.000        39.678
 BDI_SUM        0.000         0.000        15.836



     PRIORS FOR ALL PARAMETERS            PRIOR MEAN      PRIOR VARIANCE     PRIOR STD. DEV.

     Parameter 1~IG(-1.000,0.000)          infinity            infinity            infinity
     Parameter 2~N(0.000,infinity)           0.0000            infinity            infinity
     Parameter 3~N(0.000,infinity)           0.0000            infinity            infinity
     Parameter 4~N(0.000,infinity)           0.0000            infinity            infinity
     Parameter 5~IG(-1.000,0.000)          infinity            infinity            infinity


TECHNICAL 8 OUTPUT


   TECHNICAL 8 OUTPUT FOR BAYES ESTIMATION

     PROCESSOR    BSEED
     1            0
     2            285380
     3            253358
     4            93468
     5            608496
     6            903420
     7            195873
     8            462953
     9            939021
     10           127215
     11           415931
     12           533738
     13           107446
     14           399671
     15           650371
     16           27071

                     POTENTIAL       PARAMETER WITH
     ITERATION    SCALE REDUCTION      HIGHEST PSR
     100              1.059               4
     200              1.024               4
     300              1.014               4
     400              1.002               5
     500              1.001               5
     600              1.001               2
     700              1.001               2
     800              1.001               2
     900              1.002               2
     1000             1.002               2
     1100             1.001               2
     1200             1.001               1
     1300             1.001               1
     1400             1.001               1
     1500             1.001               5
     1600             1.002               5
     1700             1.002               5
     1800             1.003               5
     1900             1.002               5
     2000             1.002               5


PLOT INFORMATION

The following plots are available:

  Histograms (sample values)
  Scatterplots (sample values)
  Between-level histograms (sample values, sample means/variances)
  Between-level scatterplots (sample values, sample means/variances)
  Bayesian posterior parameter distributions
  Bayesian posterior parameter trace plots
  Bayesian autocorrelation plots
  Bayesian posterior predictive checking scatterplots
  Bayesian posterior predictive checking distribution plots

     Beginning Time:  16:02:42
        Ending Time:  16:02:43
       Elapsed Time:  00:00:01



MUTHEN & MUTHEN
3463 Stoner Ave.
Los Angeles, CA  90066

Tel: (310) 391-9971
Fax: (310) 391-8971
Web: www.StatModel.com
Support: Support@StatModel.com

Copyright (c) 1998-2022 Muthen & Muthen
