Mplus VERSION 8.8
MUTHEN & MUTHEN
07/13/2023   4:00 PM

INPUT INSTRUCTIONS


  DATA:
  FILE IS data1.dat;

  VARIABLE:   NAMES =
  	    Eth_ID Time Time_between Time_inc
  	    PA_enth NA_irri NA_verv PA_tevr PA_ener
       	    PA_kalm NA_nerv PA_daadk NA_verdr
  	    PA_vrol NA_boos PA_dankb NA_somb PER_att
      	    PER_refl PER_self PER_expr PER_damp
  	    PER_codamp PER_capit Sample age_yr gesl BDI
      	    Measures_valid BDI_anh Anhedonia
   	    BDI_sum PA NA day compliance;

              USEVARIABLES are PER_att Anhedonia BDI_sum;
              MISSING is .;
              within = ;
              between = Anhedonia BDI_sum;
              cluster = Eth_ID;

  DEFINE:     CENTER Anhedonia BDI_sum (grandmean);


  ANALYSIS:   type = twolevel random;
              estimator = Bayes;
              biterations=(2000);
              bconvergence=0.005;
              thin=2;
              PROCESSORS=16;
  MODEL:
  %WITHIN%

  %between%
  PER_att on Anhedonia BDI_sum;


  OUTPUT: standardized tech1 tech8 cinterval patterns;
  PLOT: TYPE = PLOT3;



*** WARNING in VARIABLE command
  Note that only the first 8 characters of variable names are used in the output.
  Shorten variable names to avoid any confusion.
*** WARNING in MODEL command
  TYPE=RANDOM is used to declare random effect variables in the model.
  No random effect variables were found.  TYPE=RANDOM will be ignored.
*** WARNING in PLOT command
  Note that only the first 8 characters of variable names are used in plots.
  If variable names are not unique within the first 8 characters, problems
  may occur.
*** WARNING
  One or more individual-level variables have no variation within a
  cluster for the following clusters.

     Variable   Cluster IDs with no within-cluster variation

      PER_ATT     165

*** WARNING
  Data set contains cases with missing on all variables except
  x-variables.  These cases were not included in the analysis.
  Number of cases with missing on all variables except x-variables:  4218
   5 WARNING(S) FOUND IN THE INPUT INSTRUCTIONS




SUMMARY OF ANALYSIS

Number of groups                                                 1
Number of observations                                        8570

Number of dependent variables                                    1
Number of independent variables                                  2
Number of continuous latent variables                            0

Observed dependent variables

  Continuous
   PER_ATT

Observed independent variables
   ANHEDONI    BDI_SUM

Variables with special functions

  Cluster variable      ETH_ID

  Between variables
   ANHEDONI    BDI_SUM

  Centering (GRANDMEAN)
   ANHEDONI    BDI_SUM


Estimator                                                    BAYES
Specifications for Bayesian Estimation
  Point estimate                                            MEDIAN
  Number of Markov chain Monte Carlo (MCMC) chains               2
  Random seed for the first chain                                0
  Starting value information                           UNPERTURBED
  Algorithm used for Markov chain Monte Carlo           GIBBS(PX1)
  Convergence criterion                                  0.500D-02
  Maximum number of iterations                               50000
  K-th iteration used for thinning                               2

Input data file(s)
  data1.dat
Input data format  FREE


SUMMARY OF DATA

     Number of clusters                        200

       Size (s)    Cluster ID with Size s

          1        129
          3        160 99
          4        64 12 81 47
          5        199 152
          6        128 169 91 136
          7        150 101 23 17 158
          8        175 85
          9        140
         11        90 157
         12        121 78 83
         14        113
         15        8 134
         16        196
         17        184
         18        122 143 58 189
         19        130 41 154
         20        33 155 164
         22        188
         23        125
         25        82
         27        28
         28        52
         30        195
         32        131
         33        7 72
         34        127 117 183
         35        11 36 144
         36        42 66 16 86 87
         37        107 111 96 92 10 151
         38        186
         39        51
         40        173 39 182 15 88
         41        77 139
         42        34 197 103 120 105
         43        119 168 46
         44        170 156 71
         45        177 30 116 75 65
         46        89 187 147
         47        153 106
         48        114 201
         49        118 100
         50        112
         51        62 141 57 176 190 49 149 192
         52        69 174 80 194 191 163 32
         53        95 60 59 43 48 133 54
         54        21 180 137 50 76 167
         55        193 9 56 166 200 67
         56        55 138 68 102 70 109 198 162
         57        123 73 98 84 185 45
         58        44 31 178 25 13 24 161 74
         59        110 53 165 115
         60        38 22 40 124 172 126 104 94
         61        148 97 61
         62        135
         63        27 3 5 20 108 19 2
         64        171 1 18 63
         65        93 132 145 37 35
         66        146
         67        4
         68        142
         69        14 79
         70        179
         72        29
         73        26
         74        159 6



SUMMARY OF MISSING DATA PATTERNS

     Number of missing data patterns             1


     MISSING DATA PATTERNS (x = not missing)

           1
 PER_ATT   x
 ANHEDONI  x
 BDI_SUM   x


     MISSING DATA PATTERN FREQUENCIES

    Pattern   Frequency
          1        8570


COVARIANCE COVERAGE OF DATA

Minimum covariance coverage value   0.100


     PROPORTION OF DATA PRESENT


           Covariance Coverage
              PER_ATT       ANHEDONI      BDI_SUM
              ________      ________      ________
 PER_ATT        1.000
 ANHEDONI       1.000         1.000
 BDI_SUM        1.000         1.000         1.000



UNIVARIATE SAMPLE STATISTICS


     UNIVARIATE HIGHER-ORDER MOMENT DESCRIPTIVE STATISTICS

         Variable/         Mean/     Skewness/   Minimum/ % with                Percentiles
        Sample Size      Variance    Kurtosis    Maximum  Min/Max      20%/60%    40%/80%    Median

     PER_ATT              31.303       0.452       0.000    9.33%       6.000     18.000     27.000
            8570.000     623.859      -0.887     100.000    0.47%      38.000     56.000
     ANHEDONIA             0.000       0.577     -17.906    0.50%      -7.529     -2.635     -0.893
             200.000      74.400       0.657      30.440    0.50%       1.646      6.282
     BDI_SUM               0.000       1.052      -8.485    4.50%      -4.485     -3.485     -1.485
             200.000      37.640       1.419      27.515    0.50%       0.515      4.515


THE MODEL ESTIMATION TERMINATED NORMALLY

     USE THE FBITERATIONS OPTION TO INCREASE THE NUMBER OF ITERATIONS BY A FACTOR
     OF AT LEAST TWO TO CHECK CONVERGENCE AND THAT THE PSR VALUE DOES NOT INCREASE.



MODEL FIT INFORMATION

Number of Free Parameters                               5

Bayesian Posterior Predictive Checking using Chi-Square

          95% Confidence Interval for the Difference Between
          the Observed and the Replicated Chi-Square Values

                                 -8.543            11.342

          Posterior Predictive P-Value              0.455

Information Criteria

          Deviance (DIC)                        74864.109
          Estimated Number of Parameters (pD)     189.947



MODEL RESULTS

                                Posterior  One-Tailed         95% C.I.
                    Estimate       S.D.      P-Value   Lower 2.5%  Upper 2.5%  Significance

Within Level

 Variances
    PER_ATT          356.077       5.517      0.000     345.839     367.255      *

Between Level

 PER_ATT    ON
    ANHEDONIA         -0.123       0.145      0.193      -0.414       0.163
    BDI_SUM           -0.031       0.206      0.445      -0.439       0.375

 Intercepts
    PER_ATT           32.426       1.190      0.000      30.057      34.730      *

 Residual Variances
    PER_ATT          276.430      30.154      0.000     224.750     342.818      *


STANDARDIZED MODEL RESULTS


STDYX Standardization

                                Posterior  One-Tailed         95% C.I.
                    Estimate       S.D.      P-Value   Lower 2.5%  Upper 2.5%  Significance
Within Level

 Variances
    PER_ATT            1.000       0.000      0.000       1.000       1.000

Between Level

 PER_ATT    ON
    ANHEDONIA         -0.054       0.062      0.193      -0.176       0.070
    BDI_SUM           -0.014       0.092      0.445      -0.191       0.169

 Intercepts
    PER_ATT            1.935       0.123      0.000       1.689       2.186      *

 Residual Variances
    PER_ATT            0.989       0.014      0.000       0.950       0.999      *


STDY Standardization

                                Posterior  One-Tailed         95% C.I.
                    Estimate       S.D.      P-Value   Lower 2.5%  Upper 2.5%  Significance
Within Level

 Variances
    PER_ATT            1.000       0.000      0.000       1.000       1.000

Between Level

 PER_ATT    ON
    ANHEDONIA         -0.007       0.009      0.193      -0.024       0.010
    BDI_SUM           -0.002       0.012      0.445      -0.025       0.022

 Intercepts
    PER_ATT            1.935       0.123      0.000       1.689       2.186      *

 Residual Variances
    PER_ATT            0.989       0.014      0.000       0.950       0.999      *


STD Standardization

                                Posterior  One-Tailed         95% C.I.
                    Estimate       S.D.      P-Value   Lower 2.5%  Upper 2.5%  Significance
Within Level

 Variances
    PER_ATT          356.077       5.517      0.000     345.839     367.255      *

Between Level

 PER_ATT    ON
    ANHEDONIA         -0.123       0.145      0.193      -0.414       0.163
    BDI_SUM           -0.031       0.206      0.445      -0.439       0.375

 Intercepts
    PER_ATT           32.426       1.190      0.000      30.057      34.730      *

 Residual Variances
    PER_ATT          276.430      30.154      0.000     224.750     342.818      *


R-SQUARE

Between Level

                                Posterior  One-Tailed         95% C.I.
    Variable        Estimate       S.D.      P-Value   Lower 2.5%  Upper 2.5%

    PER_ATT            0.011       0.014      0.000       0.001       0.050


CREDIBILITY INTERVALS OF MODEL RESULTS

                  Lower .5%  Lower 2.5%    Lower 5%    Estimate    Upper 5%  Upper 2.5%   Upper .5%

Within Level

 Variances
    PER_ATT        342.884     345.839     347.443     356.077     365.764     367.255     370.660

Between Level

 PER_ATT  ON
    ANHEDONIA       -0.469      -0.414      -0.365      -0.123       0.120       0.163       0.259
    BDI_SUM         -0.540      -0.439      -0.357      -0.031       0.318       0.375       0.465

 Intercepts
    PER_ATT         29.377      30.057      30.455      32.426      34.378      34.730      35.320

 Residual Variances
    PER_ATT        213.778     224.750     231.862     276.430     329.013     342.818     368.143


CREDIBILITY INTERVALS OF STANDARDIZED MODEL RESULTS


STDYX Standardization

                  Lower .5%  Lower 2.5%    Lower 5%    Estimate    Upper 5%  Upper 2.5%   Upper .5%

Within Level

 Variances
    PER_ATT          1.000       1.000       1.000       1.000       1.000       1.000       1.000

Between Level

 PER_ATT  ON
    ANHEDONIA       -0.200      -0.176      -0.154      -0.054       0.051       0.070       0.109
    BDI_SUM         -0.242      -0.191      -0.159      -0.014       0.143       0.169       0.205

 Intercepts
    PER_ATT          1.632       1.689       1.733       1.935       2.146       2.186       2.270

 Residual Variances
    PER_ATT          0.930       0.950       0.958       0.989       0.999       0.999       1.000


STDY Standardization

                  Lower .5%  Lower 2.5%    Lower 5%    Estimate    Upper 5%  Upper 2.5%   Upper .5%

Within Level

 Variances
    PER_ATT          1.000       1.000       1.000       1.000       1.000       1.000       1.000

Between Level

 PER_ATT  ON
    ANHEDONIA       -0.028      -0.024      -0.021      -0.007       0.007       0.010       0.015
    BDI_SUM         -0.032      -0.025      -0.021      -0.002       0.019       0.022       0.027

 Intercepts
    PER_ATT          1.632       1.689       1.733       1.935       2.146       2.186       2.270

 Residual Variances
    PER_ATT          0.930       0.950       0.958       0.989       0.999       0.999       1.000


STD Standardization

                  Lower .5%  Lower 2.5%    Lower 5%    Estimate    Upper 5%  Upper 2.5%   Upper .5%

Within Level

 Variances
    PER_ATT        342.884     345.839     347.443     356.077     365.764     367.255     370.660

Between Level

 PER_ATT  ON
    ANHEDONIA       -0.469      -0.414      -0.365      -0.123       0.120       0.163       0.259
    BDI_SUM         -0.540      -0.439      -0.357      -0.031       0.318       0.375       0.465

 Intercepts
    PER_ATT         29.377      30.057      30.455      32.426      34.378      34.730      35.320

 Residual Variances
    PER_ATT        213.778     224.750     231.862     276.430     329.013     342.818     368.143


TECHNICAL 1 OUTPUT


     PARAMETER SPECIFICATION FOR WITHIN


           NU
              PER_ATT
              ________
                    0


           LAMBDA
              PER_ATT
              ________
 PER_ATT            0


           THETA
              PER_ATT
              ________
 PER_ATT            0


           ALPHA
              PER_ATT
              ________
                    0


           BETA
              PER_ATT
              ________
 PER_ATT            0


           PSI
              PER_ATT
              ________
 PER_ATT            1


     PARAMETER SPECIFICATION FOR BETWEEN


           NU
              PER_ATT       ANHEDONI      BDI_SUM
              ________      ________      ________
                    0             0             0


           LAMBDA
              PER_ATT       ANHEDONI      BDI_SUM
              ________      ________      ________
 PER_ATT            0             0             0
 ANHEDONI           0             0             0
 BDI_SUM            0             0             0


           THETA
              PER_ATT       ANHEDONI      BDI_SUM
              ________      ________      ________
 PER_ATT            0
 ANHEDONI           0             0
 BDI_SUM            0             0             0


           ALPHA
              PER_ATT       ANHEDONI      BDI_SUM
              ________      ________      ________
                    2             0             0


           BETA
              PER_ATT       ANHEDONI      BDI_SUM
              ________      ________      ________
 PER_ATT            0             3             4
 ANHEDONI           0             0             0
 BDI_SUM            0             0             0


           PSI
              PER_ATT       ANHEDONI      BDI_SUM
              ________      ________      ________
 PER_ATT            5
 ANHEDONI           0             0
 BDI_SUM            0             0             0


     STARTING VALUES FOR WITHIN


           NU
              PER_ATT
              ________
                0.000


           LAMBDA
              PER_ATT
              ________
 PER_ATT        1.000


           THETA
              PER_ATT
              ________
 PER_ATT        0.000


           ALPHA
              PER_ATT
              ________
                0.000


           BETA
              PER_ATT
              ________
 PER_ATT        0.000


           PSI
              PER_ATT
              ________
 PER_ATT      311.930


     STARTING VALUES FOR BETWEEN


           NU
              PER_ATT       ANHEDONI      BDI_SUM
              ________      ________      ________
                0.000         0.000         0.000


           LAMBDA
              PER_ATT       ANHEDONI      BDI_SUM
              ________      ________      ________
 PER_ATT        1.000         0.000         0.000
 ANHEDONI       0.000         1.000         0.000
 BDI_SUM        0.000         0.000         1.000


           THETA
              PER_ATT       ANHEDONI      BDI_SUM
              ________      ________      ________
 PER_ATT        0.000
 ANHEDONI       0.000         0.000
 BDI_SUM        0.000         0.000         0.000


           ALPHA
              PER_ATT       ANHEDONI      BDI_SUM
              ________      ________      ________
               31.303         0.000         0.000


           BETA
              PER_ATT       ANHEDONI      BDI_SUM
              ________      ________      ________
 PER_ATT        0.000         0.000         0.000
 ANHEDONI       0.000         0.000         0.000
 BDI_SUM        0.000         0.000         0.000


           PSI
              PER_ATT       ANHEDONI      BDI_SUM
              ________      ________      ________
 PER_ATT      311.930
 ANHEDONI       0.000        39.305
 BDI_SUM        0.000         0.000        16.848



     PRIORS FOR ALL PARAMETERS            PRIOR MEAN      PRIOR VARIANCE     PRIOR STD. DEV.

     Parameter 1~IG(-1.000,0.000)          infinity            infinity            infinity
     Parameter 2~N(0.000,infinity)           0.0000            infinity            infinity
     Parameter 3~N(0.000,infinity)           0.0000            infinity            infinity
     Parameter 4~N(0.000,infinity)           0.0000            infinity            infinity
     Parameter 5~IG(-1.000,0.000)          infinity            infinity            infinity


TECHNICAL 8 OUTPUT


   TECHNICAL 8 OUTPUT FOR BAYES ESTIMATION

     PROCESSOR    BSEED
     1            0
     2            285380
     3            253358
     4            93468
     5            608496
     6            903420
     7            195873
     8            462953
     9            939021
     10           127215
     11           415931
     12           533738
     13           107446
     14           399671
     15           650371
     16           27071

                     POTENTIAL       PARAMETER WITH
     ITERATION    SCALE REDUCTION      HIGHEST PSR
     100              1.000               1
     200              1.000               5
     300              1.010               5
     400              1.002               5
     500              1.003               4
     600              1.003               1
     700              1.002               1
     800              1.004               1
     900              1.001               3
     1000             1.001               3
     1100             1.002               3
     1200             1.001               4
     1300             1.000               4
     1400             1.002               3
     1500             1.002               3
     1600             1.002               3
     1700             1.003               3
     1800             1.003               3
     1900             1.003               3
     2000             1.004               3


PLOT INFORMATION

The following plots are available:

  Histograms (sample values)
  Scatterplots (sample values)
  Between-level histograms (sample values, sample means/variances)
  Between-level scatterplots (sample values, sample means/variances)
  Bayesian posterior parameter distributions
  Bayesian posterior parameter trace plots
  Bayesian autocorrelation plots
  Bayesian posterior predictive checking scatterplots
  Bayesian posterior predictive checking distribution plots

     Beginning Time:  16:00:19
        Ending Time:  16:00:21
       Elapsed Time:  00:00:02



MUTHEN & MUTHEN
3463 Stoner Ave.
Los Angeles, CA  90066

Tel: (310) 391-9971
Fax: (310) 391-8971
Web: www.StatModel.com
Support: Support@StatModel.com

Copyright (c) 1998-2022 Muthen & Muthen
