Mplus VERSION 8.8
MUTHEN & MUTHEN
07/13/2023   4:03 PM

INPUT INSTRUCTIONS


  DATA:
  FILE IS data9.dat;

  VARIABLE:   NAMES =
  	    Eth_ID Time Time_between Time_inc
  	    PA_enth NA_irri NA_verv PA_tevr PA_ener
       	    PA_kalm NA_nerv PA_daadk NA_verdr
  	    PA_vrol NA_boos PA_dankb NA_somb PER_att
      	    PER_refl PER_self PER_expr PER_damp
  	    PER_codamp PER_capit Sample age_yr gesl BDI
      	    Measures_valid BDI_anh Anhedonia
   	    BDI_sum PA NA day compliance;

              USEVARIABLES are PER_self Anhedonia BDI_sum;
              MISSING is .;
              within = ;
              between = Anhedonia BDI_sum;
              cluster = Eth_ID;

  DEFINE:     CENTER Anhedonia BDI_sum (grandmean);


  ANALYSIS:   type = twolevel random;
              estimator = Bayes;
              biterations=(2000);
              bconvergence=0.005;
              thin=2;
              PROCESSORS=16;
  MODEL:
  %WITHIN%

  %between%
  PER_self on Anhedonia BDI_sum;


  OUTPUT: standardized tech1 tech8 cinterval patterns;
  PLOT: TYPE = PLOT3;



*** WARNING in VARIABLE command
  Note that only the first 8 characters of variable names are used in the output.
  Shorten variable names to avoid any confusion.
*** WARNING in MODEL command
  TYPE=RANDOM is used to declare random effect variables in the model.
  No random effect variables were found.  TYPE=RANDOM will be ignored.
*** WARNING in PLOT command
  Note that only the first 8 characters of variable names are used in plots.
  If variable names are not unique within the first 8 characters, problems
  may occur.
*** WARNING
  One or more individual-level variables have no variation within a
  cluster for the following clusters.

     Variable   Cluster IDs with no within-cluster variation

      PER_SELF    71

*** WARNING
  Data set contains cases with missing on all variables except
  x-variables.  These cases were not included in the analysis.
  Number of cases with missing on all variables except x-variables:  2713
   5 WARNING(S) FOUND IN THE INPUT INSTRUCTIONS




SUMMARY OF ANALYSIS

Number of groups                                                 1
Number of observations                                        8020

Number of dependent variables                                    1
Number of independent variables                                  2
Number of continuous latent variables                            0

Observed dependent variables

  Continuous
   PER_SELF

Observed independent variables
   ANHEDONI    BDI_SUM

Variables with special functions

  Cluster variable      ETH_ID

  Between variables
   ANHEDONI    BDI_SUM

  Centering (GRANDMEAN)
   ANHEDONI    BDI_SUM


Estimator                                                    BAYES
Specifications for Bayesian Estimation
  Point estimate                                            MEDIAN
  Number of Markov chain Monte Carlo (MCMC) chains               2
  Random seed for the first chain                                0
  Starting value information                           UNPERTURBED
  Algorithm used for Markov chain Monte Carlo           GIBBS(PX1)
  Convergence criterion                                  0.500D-02
  Maximum number of iterations                               50000
  K-th iteration used for thinning                               2

Input data file(s)
  data9.dat
Input data format  FREE


SUMMARY OF DATA

     Number of clusters                        155

       Size (s)    Cluster ID with Size s

         28        52
         30        195
         32        131
         33        72 7
         34        117 127 183
         35        11 36 144
         36        86 66 16 87 42
         37        96 92 107 111 10 151
         38        186
         39        51
         40        173 182 15 39 88
         41        77 139
         42        105 197 34 103 106 120
         43        119 168 46
         44        170 71 156
         45        30 75 65 177 116
         46        147 89 187
         47        153
         48        114 201
         49        100 118
         50        112
         51        141 192 190 149 62 57 176 49
         52        80 194 174 32 191 69 163
         53        133 54 60 48 59 95 43
         54        167 137 21 180 193 50 76
         55        67 166 56 9 200
         56        138 198 70 102 162 55 109 68
         57        84 24 73 185 98 123 45
         58        13 44 31 25 178 161 74
         59        40 165 53 110 115
         60        172 94 104 126 38 148 22 124
         61        135 61 97
         62        3 108
         63        27 20 19 2 5
         64        1 171 18 63
         65        37 145 35 93 132
         66        146
         67        4
         68        142
         69        79 14
         70        179
         72        29
         73        26
         74        159 6



SUMMARY OF MISSING DATA PATTERNS

     Number of missing data patterns             1


     MISSING DATA PATTERNS (x = not missing)

           1
 PER_SELF  x
 ANHEDONI  x
 BDI_SUM   x


     MISSING DATA PATTERN FREQUENCIES

    Pattern   Frequency
          1        8020


COVARIANCE COVERAGE OF DATA

Minimum covariance coverage value   0.100


     PROPORTION OF DATA PRESENT


           Covariance Coverage
              PER_SELF      ANHEDONI      BDI_SUM
              ________      ________      ________
 PER_SELF       1.000
 ANHEDONI       1.000         1.000
 BDI_SUM        1.000         1.000         1.000



UNIVARIATE SAMPLE STATISTICS


     UNIVARIATE HIGHER-ORDER MOMENT DESCRIPTIVE STATISTICS

         Variable/         Mean/     Skewness/   Minimum/ % with                Percentiles
        Sample Size      Variance    Kurtosis    Maximum  Min/Max      20%/60%    40%/80%    Median

     PER_SELF             22.558       1.138       0.000   13.55%       3.000      8.000     12.000
            8020.000     560.805       0.384     100.000    0.71%      19.000     45.000
     ANHEDONIA             0.000       0.641     -18.373    0.65%      -7.323     -2.917     -0.927
             155.000      79.674       0.622      29.973    0.65%       1.241      6.125
     BDI_SUM               0.000       0.857      -8.097    3.87%      -5.097     -3.097     -1.097
             155.000      31.507       0.334      16.903    1.29%       0.903      3.903


THE MODEL ESTIMATION TERMINATED NORMALLY

     USE THE FBITERATIONS OPTION TO INCREASE THE NUMBER OF ITERATIONS BY A FACTOR
     OF AT LEAST TWO TO CHECK CONVERGENCE AND THAT THE PSR VALUE DOES NOT INCREASE.



MODEL FIT INFORMATION

Number of Free Parameters                               5

Bayesian Posterior Predictive Checking using Chi-Square

          95% Confidence Interval for the Difference Between
          the Observed and the Replicated Chi-Square Values

                                -10.334             9.848

          Posterior Predictive P-Value              0.465

Information Criteria

          Deviance (DIC)                        69814.430
          Estimated Number of Parameters (pD)     150.286



MODEL RESULTS

                                Posterior  One-Tailed         95% C.I.
                    Estimate       S.D.      P-Value   Lower 2.5%  Upper 2.5%  Significance

Within Level

 Variances
    PER_SELF         346.931       5.429      0.000     336.144     357.969      *

Between Level

 PER_SELF   ON
    ANHEDONIA         -0.149       0.138      0.128      -0.426       0.125
    BDI_SUM            0.054       0.228      0.406      -0.395       0.489

 Intercepts
    PER_SELF          22.497       1.229      0.000      20.122      24.823      *

 Residual Variances
    PER_SELF         220.890      27.095      0.000     174.485     280.554      *


STANDARDIZED MODEL RESULTS


STDYX Standardization

                                Posterior  One-Tailed         95% C.I.
                    Estimate       S.D.      P-Value   Lower 2.5%  Upper 2.5%  Significance
Within Level

 Variances
    PER_SELF           1.000       0.000      0.000       1.000       1.000

Between Level

 PER_SELF   ON
    ANHEDONIA         -0.074       0.068      0.128      -0.210       0.062
    BDI_SUM            0.019       0.078      0.406      -0.132       0.165

 Intercepts
    PER_SELF           1.506       0.121      0.000       1.273       1.749      *

 Residual Variances
    PER_SELF           0.990       0.013      0.000       0.952       1.000      *


STDY Standardization

                                Posterior  One-Tailed         95% C.I.
                    Estimate       S.D.      P-Value   Lower 2.5%  Upper 2.5%  Significance
Within Level

 Variances
    PER_SELF           1.000       0.000      0.000       1.000       1.000

Between Level

 PER_SELF   ON
    ANHEDONIA         -0.010       0.009      0.128      -0.028       0.008
    BDI_SUM            0.004       0.015      0.406      -0.026       0.032

 Intercepts
    PER_SELF           1.506       0.121      0.000       1.273       1.749      *

 Residual Variances
    PER_SELF           0.990       0.013      0.000       0.952       1.000      *


STD Standardization

                                Posterior  One-Tailed         95% C.I.
                    Estimate       S.D.      P-Value   Lower 2.5%  Upper 2.5%  Significance
Within Level

 Variances
    PER_SELF         346.931       5.429      0.000     336.144     357.969      *

Between Level

 PER_SELF   ON
    ANHEDONIA         -0.149       0.138      0.128      -0.426       0.125
    BDI_SUM            0.054       0.228      0.406      -0.395       0.489

 Intercepts
    PER_SELF          22.497       1.229      0.000      20.122      24.823      *

 Residual Variances
    PER_SELF         220.890      27.095      0.000     174.485     280.554      *


R-SQUARE

Between Level

                                Posterior  One-Tailed         95% C.I.
    Variable        Estimate       S.D.      P-Value   Lower 2.5%  Upper 2.5%

    PER_SELF           0.010       0.013      0.000       0.000       0.047


CREDIBILITY INTERVALS OF MODEL RESULTS

                  Lower .5%  Lower 2.5%    Lower 5%    Estimate    Upper 5%  Upper 2.5%   Upper .5%

Within Level

 Variances
    PER_SELF       332.015     336.144     338.356     346.931     356.021     357.969     360.826

Between Level

 PER_SELF ON
    ANHEDONIA       -0.488      -0.426      -0.379      -0.149       0.080       0.125       0.214
    BDI_SUM         -0.548      -0.395      -0.325       0.054       0.421       0.489       0.624

 Intercepts
    PER_SELF        19.435      20.122      20.473      22.497      24.483      24.823      25.623

 Residual Variances
    PER_SELF       161.959     174.485     180.938     220.890     269.402     280.554     306.299


CREDIBILITY INTERVALS OF STANDARDIZED MODEL RESULTS


STDYX Standardization

                  Lower .5%  Lower 2.5%    Lower 5%    Estimate    Upper 5%  Upper 2.5%   Upper .5%

Within Level

 Variances
    PER_SELF         1.000       1.000       1.000       1.000       1.000       1.000       1.000

Between Level

 PER_SELF ON
    ANHEDONIA       -0.235      -0.210      -0.188      -0.074       0.040       0.062       0.105
    BDI_SUM         -0.183      -0.132      -0.111       0.019       0.144       0.165       0.211

 Intercepts
    PER_SELF         1.192       1.273       1.311       1.506       1.710       1.749       1.827

 Residual Variances
    PER_SELF         0.933       0.952       0.961       0.990       0.999       1.000       1.000


STDY Standardization

                  Lower .5%  Lower 2.5%    Lower 5%    Estimate    Upper 5%  Upper 2.5%   Upper .5%

Within Level

 Variances
    PER_SELF         1.000       1.000       1.000       1.000       1.000       1.000       1.000

Between Level

 PER_SELF ON
    ANHEDONIA       -0.032      -0.028      -0.025      -0.010       0.005       0.008       0.014
    BDI_SUM         -0.036      -0.026      -0.022       0.004       0.028       0.032       0.041

 Intercepts
    PER_SELF         1.192       1.273       1.311       1.506       1.710       1.749       1.827

 Residual Variances
    PER_SELF         0.933       0.952       0.961       0.990       0.999       1.000       1.000


STD Standardization

                  Lower .5%  Lower 2.5%    Lower 5%    Estimate    Upper 5%  Upper 2.5%   Upper .5%

Within Level

 Variances
    PER_SELF       332.015     336.144     338.356     346.931     356.021     357.969     360.826

Between Level

 PER_SELF ON
    ANHEDONIA       -0.488      -0.426      -0.379      -0.149       0.080       0.125       0.214
    BDI_SUM         -0.548      -0.395      -0.325       0.054       0.421       0.489       0.624

 Intercepts
    PER_SELF        19.435      20.122      20.473      22.497      24.483      24.823      25.623

 Residual Variances
    PER_SELF       161.959     174.485     180.938     220.890     269.402     280.554     306.299


TECHNICAL 1 OUTPUT


     PARAMETER SPECIFICATION FOR WITHIN


           NU
              PER_SELF
              ________
                    0


           LAMBDA
              PER_SELF
              ________
 PER_SELF           0


           THETA
              PER_SELF
              ________
 PER_SELF           0


           ALPHA
              PER_SELF
              ________
                    0


           BETA
              PER_SELF
              ________
 PER_SELF           0


           PSI
              PER_SELF
              ________
 PER_SELF           1


     PARAMETER SPECIFICATION FOR BETWEEN


           NU
              PER_SELF      ANHEDONI      BDI_SUM
              ________      ________      ________
                    0             0             0


           LAMBDA
              PER_SELF      ANHEDONI      BDI_SUM
              ________      ________      ________
 PER_SELF           0             0             0
 ANHEDONI           0             0             0
 BDI_SUM            0             0             0


           THETA
              PER_SELF      ANHEDONI      BDI_SUM
              ________      ________      ________
 PER_SELF           0
 ANHEDONI           0             0
 BDI_SUM            0             0             0


           ALPHA
              PER_SELF      ANHEDONI      BDI_SUM
              ________      ________      ________
                    2             0             0


           BETA
              PER_SELF      ANHEDONI      BDI_SUM
              ________      ________      ________
 PER_SELF           0             3             4
 ANHEDONI           0             0             0
 BDI_SUM            0             0             0


           PSI
              PER_SELF      ANHEDONI      BDI_SUM
              ________      ________      ________
 PER_SELF           5
 ANHEDONI           0             0
 BDI_SUM            0             0             0


     STARTING VALUES FOR WITHIN


           NU
              PER_SELF
              ________
                0.000


           LAMBDA
              PER_SELF
              ________
 PER_SELF       1.000


           THETA
              PER_SELF
              ________
 PER_SELF       0.000


           ALPHA
              PER_SELF
              ________
                0.000


           BETA
              PER_SELF
              ________
 PER_SELF       0.000


           PSI
              PER_SELF
              ________
 PER_SELF     280.402


     STARTING VALUES FOR BETWEEN


           NU
              PER_SELF      ANHEDONI      BDI_SUM
              ________      ________      ________
                0.000         0.000         0.000


           LAMBDA
              PER_SELF      ANHEDONI      BDI_SUM
              ________      ________      ________
 PER_SELF       1.000         0.000         0.000
 ANHEDONI       0.000         1.000         0.000
 BDI_SUM        0.000         0.000         1.000


           THETA
              PER_SELF      ANHEDONI      BDI_SUM
              ________      ________      ________
 PER_SELF       0.000
 ANHEDONI       0.000         0.000
 BDI_SUM        0.000         0.000         0.000


           ALPHA
              PER_SELF      ANHEDONI      BDI_SUM
              ________      ________      ________
               22.558         0.000         0.000


           BETA
              PER_SELF      ANHEDONI      BDI_SUM
              ________      ________      ________
 PER_SELF       0.000         0.000         0.000
 ANHEDONI       0.000         0.000         0.000
 BDI_SUM        0.000         0.000         0.000


           PSI
              PER_SELF      ANHEDONI      BDI_SUM
              ________      ________      ________
 PER_SELF     280.402
 ANHEDONI       0.000        39.899
 BDI_SUM        0.000         0.000        15.800



     PRIORS FOR ALL PARAMETERS            PRIOR MEAN      PRIOR VARIANCE     PRIOR STD. DEV.

     Parameter 1~IG(-1.000,0.000)          infinity            infinity            infinity
     Parameter 2~N(0.000,infinity)           0.0000            infinity            infinity
     Parameter 3~N(0.000,infinity)           0.0000            infinity            infinity
     Parameter 4~N(0.000,infinity)           0.0000            infinity            infinity
     Parameter 5~IG(-1.000,0.000)          infinity            infinity            infinity


TECHNICAL 8 OUTPUT


   TECHNICAL 8 OUTPUT FOR BAYES ESTIMATION

     PROCESSOR    BSEED
     1            0
     2            285380
     3            253358
     4            93468
     5            608496
     6            903420
     7            195873
     8            462953
     9            939021
     10           127215
     11           415931
     12           533738
     13           107446
     14           399671
     15           650371
     16           27071

                     POTENTIAL       PARAMETER WITH
     ITERATION    SCALE REDUCTION      HIGHEST PSR
     100              1.064               4
     200              1.023               4
     300              1.015               4
     400              1.002               1
     500              1.000               5
     600              1.001               2
     700              1.001               2
     800              1.001               2
     900              1.001               2
     1000             1.002               2
     1100             1.001               2
     1200             1.001               1
     1300             1.001               1
     1400             1.001               1
     1500             1.001               5
     1600             1.001               5
     1700             1.002               5
     1800             1.002               5
     1900             1.001               5
     2000             1.001               5


PLOT INFORMATION

The following plots are available:

  Histograms (sample values)
  Scatterplots (sample values)
  Between-level histograms (sample values, sample means/variances)
  Between-level scatterplots (sample values, sample means/variances)
  Bayesian posterior parameter distributions
  Bayesian posterior parameter trace plots
  Bayesian autocorrelation plots
  Bayesian posterior predictive checking scatterplots
  Bayesian posterior predictive checking distribution plots

     Beginning Time:  16:03:08
        Ending Time:  16:03:09
       Elapsed Time:  00:00:01



MUTHEN & MUTHEN
3463 Stoner Ave.
Los Angeles, CA  90066

Tel: (310) 391-9971
Fax: (310) 391-8971
Web: www.StatModel.com
Support: Support@StatModel.com

Copyright (c) 1998-2022 Muthen & Muthen
