Mplus VERSION 8.8
MUTHEN & MUTHEN
07/13/2023   4:00 PM

INPUT INSTRUCTIONS


  DATA:
  FILE IS data4.dat;

  VARIABLE:   NAMES =
  	    Eth_ID Time Time_between Time_inc
  	    PA_enth NA_irri NA_verv PA_tevr PA_ener
       	    PA_kalm NA_nerv PA_daadk NA_verdr
  	    PA_vrol NA_boos PA_dankb NA_somb PER_att
      	    PER_refl PER_self PER_expr PER_damp
  	    PER_codamp PER_capit Sample age_yr gesl BDI
      	    Measures_valid BDI_anh Anhedonia
   	    BDI_sum PA NA day compliance;

              USEVARIABLES are PER_att Anhedonia BDI_sum;
              MISSING is .;
              within = ;
              between = Anhedonia BDI_sum;
              cluster = Eth_ID;

  DEFINE:     CENTER Anhedonia BDI_sum (grandmean);


  ANALYSIS:   type = twolevel random;
              estimator = Bayes;
              biterations=(2000);
              bconvergence=0.005;
              thin=2;
              PROCESSORS=16;
  MODEL:
  %WITHIN%

  %between%
  PER_att on Anhedonia BDI_sum;


  OUTPUT: standardized tech1 tech8 cinterval patterns;
  PLOT: TYPE = PLOT3;



*** WARNING in VARIABLE command
  Note that only the first 8 characters of variable names are used in the output.
  Shorten variable names to avoid any confusion.
*** WARNING in MODEL command
  TYPE=RANDOM is used to declare random effect variables in the model.
  No random effect variables were found.  TYPE=RANDOM will be ignored.
*** WARNING in PLOT command
  Note that only the first 8 characters of variable names are used in plots.
  If variable names are not unique within the first 8 characters, problems
  may occur.
*** WARNING
  One or more individual-level variables have no variation within a
  cluster for the following clusters.

     Variable   Cluster IDs with no within-cluster variation

      PER_ATT     165

*** WARNING
  Data set contains cases with missing on all variables except
  x-variables.  These cases were not included in the analysis.
  Number of cases with missing on all variables except x-variables:  3529
   5 WARNING(S) FOUND IN THE INPUT INSTRUCTIONS




SUMMARY OF ANALYSIS

Number of groups                                                 1
Number of observations                                        8453

Number of dependent variables                                    1
Number of independent variables                                  2
Number of continuous latent variables                            0

Observed dependent variables

  Continuous
   PER_ATT

Observed independent variables
   ANHEDONI    BDI_SUM

Variables with special functions

  Cluster variable      ETH_ID

  Between variables
   ANHEDONI    BDI_SUM

  Centering (GRANDMEAN)
   ANHEDONI    BDI_SUM


Estimator                                                    BAYES
Specifications for Bayesian Estimation
  Point estimate                                            MEDIAN
  Number of Markov chain Monte Carlo (MCMC) chains               2
  Random seed for the first chain                                0
  Starting value information                           UNPERTURBED
  Algorithm used for Markov chain Monte Carlo           GIBBS(PX1)
  Convergence criterion                                  0.500D-02
  Maximum number of iterations                               50000
  K-th iteration used for thinning                               2

Input data file(s)
  data4.dat
Input data format  FREE


SUMMARY OF DATA

     Number of clusters                        179

       Size (s)    Cluster ID with Size s

         11        157 90
         12        83 78 121
         14        113
         15        134 8
         16        196
         17        184
         18        189 58 143 122
         19        130 41 154
         20        164 155 33
         22        188
         23        125
         25        82
         27        28
         28        52
         30        195
         32        131
         33        72 7
         34        117 127 183
         35        11 144 36
         36        87 16 66 42 86
         37        92 111 96 10 107 151
         38        186
         39        51
         40        173 182 15 39 88
         41        77 139
         42        105 103 120 197 34
         43        168 46 119
         44        71 170 156
         45        177 75 30 65 116
         46        187 89 147
         47        106 153
         48        114 201
         49        100 118
         50        112
         51        62 190 192 57 49 141 176 149
         52        194 80 32 191 163 174 69
         53        60 95 59 48 133 43 54
         54        21 76 50 180 167 137
         55        56 67 166 193 200 9
         56        102 198 109 162 55 70 138 68
         57        73 98 84 45 185 123
         58        25 74 13 24 31 178 161 44
         59        110 115 53 165
         60        172 126 124 38 94 22 104 40
         61        148 61 97
         62        135
         63        3 19 108 20 5 2 27
         64        18 171 1 63
         65        35 132 37 93 145
         66        146
         67        4
         68        142
         69        79 14
         70        179
         72        29
         73        26
         74        159 6



SUMMARY OF MISSING DATA PATTERNS

     Number of missing data patterns             1


     MISSING DATA PATTERNS (x = not missing)

           1
 PER_ATT   x
 ANHEDONI  x
 BDI_SUM   x


     MISSING DATA PATTERN FREQUENCIES

    Pattern   Frequency
          1        8453


COVARIANCE COVERAGE OF DATA

Minimum covariance coverage value   0.100


     PROPORTION OF DATA PRESENT


           Covariance Coverage
              PER_ATT       ANHEDONI      BDI_SUM
              ________      ________      ________
 PER_ATT        1.000
 ANHEDONI       1.000         1.000
 BDI_SUM        1.000         1.000         1.000



UNIVARIATE SAMPLE STATISTICS


     UNIVARIATE HIGHER-ORDER MOMENT DESCRIPTIVE STATISTICS

         Variable/         Mean/     Skewness/   Minimum/ % with                Percentiles
        Sample Size      Variance    Kurtosis    Maximum  Min/Max      20%/60%    40%/80%    Median

     PER_ATT              31.143       0.458       0.000    9.44%       6.000     18.000     27.000
            8453.000     620.912      -0.881     100.000    0.45%      38.000     55.000
     ANHEDONIA             0.000       0.575     -18.053    0.56%      -7.399     -2.782     -0.678
             179.000      77.664       0.629      30.293    0.56%       1.530      6.218
     BDI_SUM               0.000       1.131      -8.296    5.03%      -5.296     -3.296     -1.296
             179.000      37.694       1.751      27.704    0.56%       0.704      3.704


THE MODEL ESTIMATION TERMINATED NORMALLY

     USE THE FBITERATIONS OPTION TO INCREASE THE NUMBER OF ITERATIONS BY A FACTOR
     OF AT LEAST TWO TO CHECK CONVERGENCE AND THAT THE PSR VALUE DOES NOT INCREASE.



MODEL FIT INFORMATION

Number of Free Parameters                               5

Bayesian Posterior Predictive Checking using Chi-Square

          95% Confidence Interval for the Difference Between
          the Observed and the Replicated Chi-Square Values

                                 -8.585             9.944

          Posterior Predictive P-Value              0.450

Information Criteria

          Deviance (DIC)                        73822.829
          Estimated Number of Parameters (pD)     174.685



MODEL RESULTS

                                Posterior  One-Tailed         95% C.I.
                    Estimate       S.D.      P-Value   Lower 2.5%  Upper 2.5%  Significance

Within Level

 Variances
    PER_ATT          356.193       5.617      0.000     345.175     367.224      *

Between Level

 PER_ATT    ON
    ANHEDONIA         -0.060       0.144      0.343      -0.343       0.230
    BDI_SUM           -0.052       0.204      0.406      -0.443       0.348

 Intercepts
    PER_ATT           31.428       1.249      0.000      28.954      33.872      *

 Residual Variances
    PER_ATT          263.986      29.865      0.000     217.010     332.107      *


STANDARDIZED MODEL RESULTS


STDYX Standardization

                                Posterior  One-Tailed         95% C.I.
                    Estimate       S.D.      P-Value   Lower 2.5%  Upper 2.5%  Significance
Within Level

 Variances
    PER_ATT            1.000       0.000      0.000       1.000       1.000

Between Level

 PER_ATT    ON
    ANHEDONIA         -0.026       0.062      0.343      -0.147       0.097
    BDI_SUM           -0.025       0.099      0.406      -0.211       0.169

 Intercepts
    PER_ATT            1.917       0.130      0.000       1.661       2.174      *

 Residual Variances
    PER_ATT            0.990       0.016      0.000       0.941       1.000      *


STDY Standardization

                                Posterior  One-Tailed         95% C.I.
                    Estimate       S.D.      P-Value   Lower 2.5%  Upper 2.5%  Significance
Within Level

 Variances
    PER_ATT            1.000       0.000      0.000       1.000       1.000

Between Level

 PER_ATT    ON
    ANHEDONIA         -0.004       0.009      0.343      -0.021       0.014
    BDI_SUM           -0.003       0.012      0.406      -0.026       0.021

 Intercepts
    PER_ATT            1.917       0.130      0.000       1.661       2.174      *

 Residual Variances
    PER_ATT            0.990       0.016      0.000       0.941       1.000      *


STD Standardization

                                Posterior  One-Tailed         95% C.I.
                    Estimate       S.D.      P-Value   Lower 2.5%  Upper 2.5%  Significance
Within Level

 Variances
    PER_ATT          356.193       5.617      0.000     345.175     367.224      *

Between Level

 PER_ATT    ON
    ANHEDONIA         -0.060       0.144      0.343      -0.343       0.230
    BDI_SUM           -0.052       0.204      0.406      -0.443       0.348

 Intercepts
    PER_ATT           31.428       1.249      0.000      28.954      33.872      *

 Residual Variances
    PER_ATT          263.986      29.865      0.000     217.010     332.107      *


R-SQUARE

Between Level

                                Posterior  One-Tailed         95% C.I.
    Variable        Estimate       S.D.      P-Value   Lower 2.5%  Upper 2.5%

    PER_ATT            0.010       0.016      0.000       0.000       0.058


CREDIBILITY INTERVALS OF MODEL RESULTS

                  Lower .5%  Lower 2.5%    Lower 5%    Estimate    Upper 5%  Upper 2.5%   Upper .5%

Within Level

 Variances
    PER_ATT        340.887     345.175     347.107     356.193     365.274     367.224     370.836

Between Level

 PER_ATT  ON
    ANHEDONIA       -0.457      -0.343      -0.293      -0.060       0.179       0.230       0.331
    BDI_SUM         -0.591      -0.443      -0.379      -0.052       0.285       0.348       0.466

 Intercepts
    PER_ATT         28.162      28.954      29.351      31.428      33.399      33.872      34.776

 Residual Variances
    PER_ATT        203.601     217.010     222.427     263.986     318.877     332.107     357.395


CREDIBILITY INTERVALS OF STANDARDIZED MODEL RESULTS


STDYX Standardization

                  Lower .5%  Lower 2.5%    Lower 5%    Estimate    Upper 5%  Upper 2.5%   Upper .5%

Within Level

 Variances
    PER_ATT          1.000       1.000       1.000       1.000       1.000       1.000       1.000

Between Level

 PER_ATT  ON
    ANHEDONIA       -0.186      -0.147      -0.127      -0.026       0.076       0.097       0.137
    BDI_SUM         -0.280      -0.211      -0.182      -0.025       0.140       0.169       0.225

 Intercepts
    PER_ATT          1.576       1.661       1.710       1.917       2.133       2.174       2.233

 Residual Variances
    PER_ATT          0.915       0.941       0.956       0.990       0.999       1.000       1.000


STDY Standardization

                  Lower .5%  Lower 2.5%    Lower 5%    Estimate    Upper 5%  Upper 2.5%   Upper .5%

Within Level

 Variances
    PER_ATT          1.000       1.000       1.000       1.000       1.000       1.000       1.000

Between Level

 PER_ATT  ON
    ANHEDONIA       -0.026      -0.021      -0.018      -0.004       0.011       0.014       0.019
    BDI_SUM         -0.035      -0.026      -0.023      -0.003       0.017       0.021       0.028

 Intercepts
    PER_ATT          1.576       1.661       1.710       1.917       2.133       2.174       2.233

 Residual Variances
    PER_ATT          0.915       0.941       0.956       0.990       0.999       1.000       1.000


STD Standardization

                  Lower .5%  Lower 2.5%    Lower 5%    Estimate    Upper 5%  Upper 2.5%   Upper .5%

Within Level

 Variances
    PER_ATT        340.887     345.175     347.107     356.193     365.274     367.224     370.836

Between Level

 PER_ATT  ON
    ANHEDONIA       -0.457      -0.343      -0.293      -0.060       0.179       0.230       0.331
    BDI_SUM         -0.591      -0.443      -0.379      -0.052       0.285       0.348       0.466

 Intercepts
    PER_ATT         28.162      28.954      29.351      31.428      33.399      33.872      34.776

 Residual Variances
    PER_ATT        203.601     217.010     222.427     263.986     318.877     332.107     357.395


TECHNICAL 1 OUTPUT


     PARAMETER SPECIFICATION FOR WITHIN


           NU
              PER_ATT
              ________
                    0


           LAMBDA
              PER_ATT
              ________
 PER_ATT            0


           THETA
              PER_ATT
              ________
 PER_ATT            0


           ALPHA
              PER_ATT
              ________
                    0


           BETA
              PER_ATT
              ________
 PER_ATT            0


           PSI
              PER_ATT
              ________
 PER_ATT            1


     PARAMETER SPECIFICATION FOR BETWEEN


           NU
              PER_ATT       ANHEDONI      BDI_SUM
              ________      ________      ________
                    0             0             0


           LAMBDA
              PER_ATT       ANHEDONI      BDI_SUM
              ________      ________      ________
 PER_ATT            0             0             0
 ANHEDONI           0             0             0
 BDI_SUM            0             0             0


           THETA
              PER_ATT       ANHEDONI      BDI_SUM
              ________      ________      ________
 PER_ATT            0
 ANHEDONI           0             0
 BDI_SUM            0             0             0


           ALPHA
              PER_ATT       ANHEDONI      BDI_SUM
              ________      ________      ________
                    2             0             0


           BETA
              PER_ATT       ANHEDONI      BDI_SUM
              ________      ________      ________
 PER_ATT            0             3             4
 ANHEDONI           0             0             0
 BDI_SUM            0             0             0


           PSI
              PER_ATT       ANHEDONI      BDI_SUM
              ________      ________      ________
 PER_ATT            5
 ANHEDONI           0             0
 BDI_SUM            0             0             0


     STARTING VALUES FOR WITHIN


           NU
              PER_ATT
              ________
                0.000


           LAMBDA
              PER_ATT
              ________
 PER_ATT        1.000


           THETA
              PER_ATT
              ________
 PER_ATT        0.000


           ALPHA
              PER_ATT
              ________
                0.000


           BETA
              PER_ATT
              ________
 PER_ATT        0.000


           PSI
              PER_ATT
              ________
 PER_ATT      310.456


     STARTING VALUES FOR BETWEEN


           NU
              PER_ATT       ANHEDONI      BDI_SUM
              ________      ________      ________
                0.000         0.000         0.000


           LAMBDA
              PER_ATT       ANHEDONI      BDI_SUM
              ________      ________      ________
 PER_ATT        1.000         0.000         0.000
 ANHEDONI       0.000         1.000         0.000
 BDI_SUM        0.000         0.000         1.000


           THETA
              PER_ATT       ANHEDONI      BDI_SUM
              ________      ________      ________
 PER_ATT        0.000
 ANHEDONI       0.000         0.000
 BDI_SUM        0.000         0.000         0.000


           ALPHA
              PER_ATT       ANHEDONI      BDI_SUM
              ________      ________      ________
               31.143         0.000         0.000


           BETA
              PER_ATT       ANHEDONI      BDI_SUM
              ________      ________      ________
 PER_ATT        0.000         0.000         0.000
 ANHEDONI       0.000         0.000         0.000
 BDI_SUM        0.000         0.000         0.000


           PSI
              PER_ATT       ANHEDONI      BDI_SUM
              ________      ________      ________
 PER_ATT      310.456
 ANHEDONI       0.000        39.483
 BDI_SUM        0.000         0.000        16.804



     PRIORS FOR ALL PARAMETERS            PRIOR MEAN      PRIOR VARIANCE     PRIOR STD. DEV.

     Parameter 1~IG(-1.000,0.000)          infinity            infinity            infinity
     Parameter 2~N(0.000,infinity)           0.0000            infinity            infinity
     Parameter 3~N(0.000,infinity)           0.0000            infinity            infinity
     Parameter 4~N(0.000,infinity)           0.0000            infinity            infinity
     Parameter 5~IG(-1.000,0.000)          infinity            infinity            infinity


TECHNICAL 8 OUTPUT


   TECHNICAL 8 OUTPUT FOR BAYES ESTIMATION

     PROCESSOR    BSEED
     1            0
     2            285380
     3            253358
     4            93468
     5            608496
     6            903420
     7            195873
     8            462953
     9            939021
     10           127215
     11           415931
     12           533738
     13           107446
     14           399671
     15           650371
     16           27071

                     POTENTIAL       PARAMETER WITH
     ITERATION    SCALE REDUCTION      HIGHEST PSR
     100              1.000               1
     200              1.007               5
     300              1.002               2
     400              1.007               4
     500              1.004               5
     600              1.003               1
     700              1.000               1
     800              1.001               1
     900              1.000               1
     1000             1.001               4
     1100             1.000               1
     1200             1.000               1
     1300             1.001               1
     1400             1.000               1
     1500             1.000               1
     1600             1.000               1
     1700             1.000               1
     1800             1.001               1
     1900             1.001               1
     2000             1.000               4


PLOT INFORMATION

The following plots are available:

  Histograms (sample values)
  Scatterplots (sample values)
  Between-level histograms (sample values, sample means/variances)
  Between-level scatterplots (sample values, sample means/variances)
  Bayesian posterior parameter distributions
  Bayesian posterior parameter trace plots
  Bayesian autocorrelation plots
  Bayesian posterior predictive checking scatterplots
  Bayesian posterior predictive checking distribution plots

     Beginning Time:  16:00:29
        Ending Time:  16:00:31
       Elapsed Time:  00:00:02



MUTHEN & MUTHEN
3463 Stoner Ave.
Los Angeles, CA  90066

Tel: (310) 391-9971
Fax: (310) 391-8971
Web: www.StatModel.com
Support: Support@StatModel.com

Copyright (c) 1998-2022 Muthen & Muthen
