Mplus VERSION 8.8
MUTHEN & MUTHEN
07/13/2023   4:01 PM

INPUT INSTRUCTIONS


  DATA:
  FILE IS data7.dat;

  VARIABLE:   NAMES =
  	    Eth_ID Time Time_between Time_inc
  	    PA_enth NA_irri NA_verv PA_tevr PA_ener
       	    PA_kalm NA_nerv PA_daadk NA_verdr
  	    PA_vrol NA_boos PA_dankb NA_somb PER_att
      	    PER_refl PER_self PER_expr PER_damp
  	    PER_codamp PER_capit Sample age_yr gesl BDI
      	    Measures_valid BDI_anh Anhedonia
   	    BDI_sum PA NA day compliance;

              USEVARIABLES are PER_codamp Anhedonia BDI_sum;
              MISSING is .;
              within = ;
              between = Anhedonia BDI_sum;
              cluster = Eth_ID;

  DEFINE:     CENTER Anhedonia BDI_sum (grandmean);


  ANALYSIS:   type = twolevel random;
              estimator = Bayes;
              biterations=(2000);
              bconvergence=0.005;
              thin=2;
              PROCESSORS=16;
  MODEL:
  %WITHIN%

  %between%
  PER_codamp on Anhedonia BDI_sum;


  OUTPUT: standardized tech1 tech8 cinterval patterns;
  PLOT: TYPE = PLOT3;



*** WARNING in VARIABLE command
  Note that only the first 8 characters of variable names are used in the output.
  Shorten variable names to avoid any confusion.
*** WARNING in MODEL command
  TYPE=RANDOM is used to declare random effect variables in the model.
  No random effect variables were found.  TYPE=RANDOM will be ignored.
*** WARNING in PLOT command
  Note that only the first 8 characters of variable names are used in plots.
  If variable names are not unique within the first 8 characters, problems
  may occur.
*** WARNING
  One or more individual-level variables have no variation within a
  cluster for the following clusters.

     Variable   Cluster IDs with no within-cluster variation

      PER_CODA    82 127 71 177 89 73 165 148

*** WARNING
  Data set contains cases with missing on all variables except
  x-variables.  These cases were not included in the analysis.
  Number of cases with missing on all variables except x-variables:  2898
   5 WARNING(S) FOUND IN THE INPUT INSTRUCTIONS




SUMMARY OF ANALYSIS

Number of groups                                                 1
Number of observations                                        8100

Number of dependent variables                                    1
Number of independent variables                                  2
Number of continuous latent variables                            0

Observed dependent variables

  Continuous
   PER_CODAMP

Observed independent variables
   ANHEDONI    BDI_SUM

Variables with special functions

  Cluster variable      ETH_ID

  Between variables
   ANHEDONI    BDI_SUM

  Centering (GRANDMEAN)
   ANHEDONI    BDI_SUM


Estimator                                                    BAYES
Specifications for Bayesian Estimation
  Point estimate                                            MEDIAN
  Number of Markov chain Monte Carlo (MCMC) chains               2
  Random seed for the first chain                                0
  Starting value information                           UNPERTURBED
  Algorithm used for Markov chain Monte Carlo           GIBBS(PX1)
  Convergence criterion                                  0.500D-02
  Maximum number of iterations                               50000
  K-th iteration used for thinning                               2

Input data file(s)
  data7.dat
Input data format  FREE


SUMMARY OF DATA

     Number of clusters                        160

       Size (s)    Cluster ID with Size s

         20        164
         21        188
         23        125
         25        82
         26        28
         28        52
         30        195
         31        36
         32        131 72
         33        7
         34        127 117 183
         35        11 144 87
         36        86 16 66 42
         37        96 120 111 10 92 107 151
         38        186
         39        51
         40        15 39 88 173 182
         41        9 139 77
         42        197 106 103 34 105 168
         43        46 119
         44        71 156 170 116
         45        65 177 30 75
         46        147 89 187
         47        153
         48        114 201
         49        57 100 118
         50        112 54 62
         51        141 192 190 149 176 49 163
         52        133 194 32 69 174 191 80
         53        95 59 48 43 60
         54        167 76 180 193 21 50 137
         55        67 56 200 166
         56        198 138 102 109 162 68 55 70
         57        123 73 185 45 84 98
         58        178 13 24 44 31 161 25 74
         59        115 40 165 53 110 172
         60        94 104 124 126 22 38 148
         61        135 61 97
         62        3 108
         63        19 27 20 2 5
         64        171 18 63 1
         65        37 145 93 132 35
         66        146
         67        4
         68        142
         69        14 79
         70        179
         72        29
         73        26
         74        159 6



SUMMARY OF MISSING DATA PATTERNS

     Number of missing data patterns             1


     MISSING DATA PATTERNS (x = not missing)

           1
 PER_CODA  x
 ANHEDONI  x
 BDI_SUM   x


     MISSING DATA PATTERN FREQUENCIES

    Pattern   Frequency
          1        8100


COVARIANCE COVERAGE OF DATA

Minimum covariance coverage value   0.100


     PROPORTION OF DATA PRESENT


           Covariance Coverage
              PER_CODA      ANHEDONI      BDI_SUM
              ________      ________      ________
 PER_CODA       1.000
 ANHEDONI       1.000         1.000
 BDI_SUM        1.000         1.000         1.000



UNIVARIATE SAMPLE STATISTICS


     UNIVARIATE HIGHER-ORDER MOMENT DESCRIPTIVE STATISTICS

         Variable/         Mean/     Skewness/   Minimum/ % with                Percentiles
        Sample Size      Variance    Kurtosis    Maximum  Min/Max      20%/60%    40%/80%    Median

     PER_CODAMP            9.804       2.488       0.000   24.96%       0.000      4.000      6.000
            8100.000     179.061       6.914     100.000    0.01%       7.000     14.000
     ANHEDONIA             0.000       0.639     -18.327    0.62%      -7.481     -3.056     -0.916
             160.000      78.970       0.607      30.019    0.62%       1.288      6.171
     BDI_SUM               0.000       0.860      -8.037    3.75%      -5.037     -3.037     -1.037
             160.000      31.649       0.301      16.962    1.25%      -0.037      3.963


THE MODEL ESTIMATION TERMINATED NORMALLY

     USE THE FBITERATIONS OPTION TO INCREASE THE NUMBER OF ITERATIONS BY A FACTOR
     OF AT LEAST TWO TO CHECK CONVERGENCE AND THAT THE PSR VALUE DOES NOT INCREASE.



MODEL FIT INFORMATION

Number of Free Parameters                               5

Bayesian Posterior Predictive Checking using Chi-Square

          95% Confidence Interval for the Difference Between
          the Observed and the Replicated Chi-Square Values

                                 -9.440             9.362

          Posterior Predictive P-Value              0.515

Information Criteria

          Deviance (DIC)                        59186.983
          Estimated Number of Parameters (pD)     156.281



MODEL RESULTS

                                Posterior  One-Tailed         95% C.I.
                    Estimate       S.D.      P-Value   Lower 2.5%  Upper 2.5%  Significance

Within Level

 Variances
    PER_CODAMP        85.590       1.345      0.000      83.144      88.321      *

Between Level

 PER_CODAMP ON
    ANHEDONIA          0.006       0.094      0.474      -0.185       0.184
    BDI_SUM            0.309       0.146      0.021       0.009       0.590      *

 Intercepts
    PER_CODAMP        10.160       0.828      0.000       8.499      11.695      *

 Residual Variances
    PER_CODAMP       104.115      12.566      0.000      84.303     133.276      *


STANDARDIZED MODEL RESULTS


STDYX Standardization

                                Posterior  One-Tailed         95% C.I.
                    Estimate       S.D.      P-Value   Lower 2.5%  Upper 2.5%  Significance
Within Level

 Variances
    PER_CODAMP         1.000       0.000      0.000       1.000       1.000

Between Level

 PER_CODAMP ON
    ANHEDONIA          0.004       0.064      0.474      -0.128       0.128
    BDI_SUM            0.163       0.075      0.021       0.005       0.304      *

 Intercepts
    PER_CODAMP         0.975       0.099      0.000       0.786       1.168      *

 Residual Variances
    PER_CODAMP         0.969       0.025      0.000       0.904       0.998      *


STDY Standardization

                                Posterior  One-Tailed         95% C.I.
                    Estimate       S.D.      P-Value   Lower 2.5%  Upper 2.5%  Significance
Within Level

 Variances
    PER_CODAMP         1.000       0.000      0.000       1.000       1.000

Between Level

 PER_CODAMP ON
    ANHEDONIA          0.001       0.009      0.474      -0.018       0.018
    BDI_SUM            0.030       0.014      0.021       0.001       0.055      *

 Intercepts
    PER_CODAMP         0.975       0.099      0.000       0.786       1.168      *

 Residual Variances
    PER_CODAMP         0.969       0.025      0.000       0.904       0.998      *


STD Standardization

                                Posterior  One-Tailed         95% C.I.
                    Estimate       S.D.      P-Value   Lower 2.5%  Upper 2.5%  Significance
Within Level

 Variances
    PER_CODAMP        85.590       1.345      0.000      83.144      88.321      *

Between Level

 PER_CODAMP ON
    ANHEDONIA          0.006       0.094      0.474      -0.185       0.184
    BDI_SUM            0.309       0.146      0.021       0.009       0.590      *

 Intercepts
    PER_CODAMP        10.160       0.828      0.000       8.499      11.695      *

 Residual Variances
    PER_CODAMP       104.115      12.566      0.000      84.303     133.276      *


R-SQUARE

Between Level

                                Posterior  One-Tailed         95% C.I.
    Variable        Estimate       S.D.      P-Value   Lower 2.5%  Upper 2.5%

    PER_CODAMP         0.031       0.025      0.000       0.002       0.096


CREDIBILITY INTERVALS OF MODEL RESULTS

                  Lower .5%  Lower 2.5%    Lower 5%    Estimate    Upper 5%  Upper 2.5%   Upper .5%

Within Level

 Variances
    PER_CODAMP      82.261      83.144      83.512      85.590      87.860      88.321      89.357

Between Level

 PER_CODA ON
    ANHEDONIA       -0.242      -0.185      -0.151       0.006       0.160       0.184       0.236
    BDI_SUM         -0.055       0.009       0.061       0.309       0.541       0.590       0.706

 Intercepts
    PER_CODAMP       8.025       8.499       8.796      10.160      11.486      11.695      12.185

 Residual Variances
    PER_CODAMP      79.383      84.303      87.171     104.115     128.070     133.276     140.389


CREDIBILITY INTERVALS OF STANDARDIZED MODEL RESULTS


STDYX Standardization

                  Lower .5%  Lower 2.5%    Lower 5%    Estimate    Upper 5%  Upper 2.5%   Upper .5%

Within Level

 Variances
    PER_CODAMP       1.000       1.000       1.000       1.000       1.000       1.000       1.000

Between Level

 PER_CODA ON
    ANHEDONIA       -0.166      -0.128      -0.105       0.004       0.111       0.128       0.162
    BDI_SUM         -0.029       0.005       0.034       0.163       0.282       0.304       0.351

 Intercepts
    PER_CODAMP       0.702       0.786       0.815       0.975       1.136       1.168       1.231

 Residual Variances
    PER_CODAMP       0.876       0.904       0.917       0.969       0.996       0.998       1.000


STDY Standardization

                  Lower .5%  Lower 2.5%    Lower 5%    Estimate    Upper 5%  Upper 2.5%   Upper .5%

Within Level

 Variances
    PER_CODAMP       1.000       1.000       1.000       1.000       1.000       1.000       1.000

Between Level

 PER_CODA ON
    ANHEDONIA       -0.023      -0.018      -0.014       0.001       0.015       0.018       0.022
    BDI_SUM         -0.005       0.001       0.006       0.030       0.051       0.055       0.064

 Intercepts
    PER_CODAMP       0.702       0.786       0.815       0.975       1.136       1.168       1.231

 Residual Variances
    PER_CODAMP       0.876       0.904       0.917       0.969       0.996       0.998       1.000


STD Standardization

                  Lower .5%  Lower 2.5%    Lower 5%    Estimate    Upper 5%  Upper 2.5%   Upper .5%

Within Level

 Variances
    PER_CODAMP      82.261      83.144      83.512      85.590      87.860      88.321      89.357

Between Level

 PER_CODA ON
    ANHEDONIA       -0.242      -0.185      -0.151       0.006       0.160       0.184       0.236
    BDI_SUM         -0.055       0.009       0.061       0.309       0.541       0.590       0.706

 Intercepts
    PER_CODAMP       8.025       8.499       8.796      10.160      11.486      11.695      12.185

 Residual Variances
    PER_CODAMP      79.383      84.303      87.171     104.115     128.070     133.276     140.389


TECHNICAL 1 OUTPUT


     PARAMETER SPECIFICATION FOR WITHIN


           NU
              PER_CODA
              ________
                    0


           LAMBDA
              PER_CODA
              ________
 PER_CODA           0


           THETA
              PER_CODA
              ________
 PER_CODA           0


           ALPHA
              PER_CODA
              ________
                    0


           BETA
              PER_CODA
              ________
 PER_CODA           0


           PSI
              PER_CODA
              ________
 PER_CODA           1


     PARAMETER SPECIFICATION FOR BETWEEN


           NU
              PER_CODA      ANHEDONI      BDI_SUM
              ________      ________      ________
                    0             0             0


           LAMBDA
              PER_CODA      ANHEDONI      BDI_SUM
              ________      ________      ________
 PER_CODA           0             0             0
 ANHEDONI           0             0             0
 BDI_SUM            0             0             0


           THETA
              PER_CODA      ANHEDONI      BDI_SUM
              ________      ________      ________
 PER_CODA           0
 ANHEDONI           0             0
 BDI_SUM            0             0             0


           ALPHA
              PER_CODA      ANHEDONI      BDI_SUM
              ________      ________      ________
                    2             0             0


           BETA
              PER_CODA      ANHEDONI      BDI_SUM
              ________      ________      ________
 PER_CODA           0             3             4
 ANHEDONI           0             0             0
 BDI_SUM            0             0             0


           PSI
              PER_CODA      ANHEDONI      BDI_SUM
              ________      ________      ________
 PER_CODA           5
 ANHEDONI           0             0
 BDI_SUM            0             0             0


     STARTING VALUES FOR WITHIN


           NU
              PER_CODA
              ________
                0.000


           LAMBDA
              PER_CODA
              ________
 PER_CODA       1.000


           THETA
              PER_CODA
              ________
 PER_CODA       0.000


           ALPHA
              PER_CODA
              ________
                0.000


           BETA
              PER_CODA
              ________
 PER_CODA       0.000


           PSI
              PER_CODA
              ________
 PER_CODA      89.531


     STARTING VALUES FOR BETWEEN


           NU
              PER_CODA      ANHEDONI      BDI_SUM
              ________      ________      ________
                0.000         0.000         0.000


           LAMBDA
              PER_CODA      ANHEDONI      BDI_SUM
              ________      ________      ________
 PER_CODA       1.000         0.000         0.000
 ANHEDONI       0.000         1.000         0.000
 BDI_SUM        0.000         0.000         1.000


           THETA
              PER_CODA      ANHEDONI      BDI_SUM
              ________      ________      ________
 PER_CODA       0.000
 ANHEDONI       0.000         0.000
 BDI_SUM        0.000         0.000         0.000


           ALPHA
              PER_CODA      ANHEDONI      BDI_SUM
              ________      ________      ________
                9.804         0.000         0.000


           BETA
              PER_CODA      ANHEDONI      BDI_SUM
              ________      ________      ________
 PER_CODA       0.000         0.000         0.000
 ANHEDONI       0.000         0.000         0.000
 BDI_SUM        0.000         0.000         0.000


           PSI
              PER_CODA      ANHEDONI      BDI_SUM
              ________      ________      ________
 PER_CODA      89.531
 ANHEDONI       0.000        39.708
 BDI_SUM        0.000         0.000        15.891



     PRIORS FOR ALL PARAMETERS            PRIOR MEAN      PRIOR VARIANCE     PRIOR STD. DEV.

     Parameter 1~IG(-1.000,0.000)          infinity            infinity            infinity
     Parameter 2~N(0.000,infinity)           0.0000            infinity            infinity
     Parameter 3~N(0.000,infinity)           0.0000            infinity            infinity
     Parameter 4~N(0.000,infinity)           0.0000            infinity            infinity
     Parameter 5~IG(-1.000,0.000)          infinity            infinity            infinity


TECHNICAL 8 OUTPUT


   TECHNICAL 8 OUTPUT FOR BAYES ESTIMATION

     PROCESSOR    BSEED
     1            0
     2            285380
     3            253358
     4            93468
     5            608496
     6            903420
     7            195873
     8            462953
     9            939021
     10           127215
     11           415931
     12           533738
     13           107446
     14           399671
     15           650371
     16           27071

                     POTENTIAL       PARAMETER WITH
     ITERATION    SCALE REDUCTION      HIGHEST PSR
     100              1.012               1
     200              1.018               4
     300              1.003               1
     400              1.001               3
     500              1.000               1
     600              1.005               1
     700              1.015               1
     800              1.012               1
     900              1.008               1
     1000             1.011               1
     1100             1.009               1
     1200             1.006               1
     1300             1.003               1
     1400             1.002               5
     1500             1.003               5
     1600             1.002               5
     1700             1.001               2
     1800             1.002               2
     1900             1.001               2
     2000             1.000               1


PLOT INFORMATION

The following plots are available:

  Histograms (sample values)
  Scatterplots (sample values)
  Between-level histograms (sample values, sample means/variances)
  Between-level scatterplots (sample values, sample means/variances)
  Bayesian posterior parameter distributions
  Bayesian posterior parameter trace plots
  Bayesian autocorrelation plots
  Bayesian posterior predictive checking scatterplots
  Bayesian posterior predictive checking distribution plots

     Beginning Time:  16:01:25
        Ending Time:  16:01:27
       Elapsed Time:  00:00:02



MUTHEN & MUTHEN
3463 Stoner Ave.
Los Angeles, CA  90066

Tel: (310) 391-9971
Fax: (310) 391-8971
Web: www.StatModel.com
Support: Support@StatModel.com

Copyright (c) 1998-2022 Muthen & Muthen
