Mplus VERSION 8.8
MUTHEN & MUTHEN
08/25/2023   8:12 PM

INPUT INSTRUCTIONS


  DATA:
  FILE IS data14.dat;

  VARIABLE:   NAMES =
  	    Eth_ID Time Time_between Time_inc
  	    PA_enth NA_irri NA_verv PA_tevr PA_ener
       	    PA_kalm NA_nerv PA_daadk NA_verdr
  	    PA_vrol NA_boos PA_dankb NA_somb PER_att
      	    PER_refl PER_self PER_expr PER_damp
  	    PER_codamp PER_capit Sample age_yr gesl BDI
      	    Measures_valid BDI_anh Anhedonia
   	    BDI_sum PA NA day compliance;

              USEVARIABLES are PER_expr Anhedonia BDI_sum;
              MISSING is .;
              within = ;
              between = Anhedonia BDI_sum;
              cluster = Eth_ID;

  DEFINE:     CENTER Anhedonia BDI_sum (grandmean);


  ANALYSIS:   type = twolevel random;
              estimator = Bayes;
              biterations=(2000);
              bconvergence=0.005;
              thin=2;
              PROCESSORS=16;
  MODEL:
  %WITHIN%

  %between%
  PER_expr on Anhedonia BDI_sum;


  OUTPUT: standardized tech1 tech8 cinterval patterns;
  PLOT: TYPE = PLOT3;



*** WARNING in VARIABLE command
  Note that only the first 8 characters of variable names are used in the output.
  Shorten variable names to avoid any confusion.
*** WARNING in MODEL command
  TYPE=RANDOM is used to declare random effect variables in the model.
  No random effect variables were found.  TYPE=RANDOM will be ignored.
*** WARNING in PLOT command
  Note that only the first 8 characters of variable names are used in plots.
  If variable names are not unique within the first 8 characters, problems
  may occur.
*** WARNING
  Data set contains cases with missing on all variables except
  x-variables.  These cases were not included in the analysis.
  Number of cases with missing on all variables except x-variables:  2822
   4 WARNING(S) FOUND IN THE INPUT INSTRUCTIONS




SUMMARY OF ANALYSIS

Number of groups                                                 1
Number of observations                                        8119

Number of dependent variables                                    1
Number of independent variables                                  2
Number of continuous latent variables                            0

Observed dependent variables

  Continuous
   PER_EXPR

Observed independent variables
   ANHEDONI    BDI_SUM

Variables with special functions

  Cluster variable      ETH_ID

  Between variables
   ANHEDONI    BDI_SUM

  Centering (GRANDMEAN)
   ANHEDONI    BDI_SUM


Estimator                                                    BAYES
Specifications for Bayesian Estimation
  Point estimate                                            MEDIAN
  Number of Markov chain Monte Carlo (MCMC) chains               2
  Random seed for the first chain                                0
  Starting value information                           UNPERTURBED
  Algorithm used for Markov chain Monte Carlo           GIBBS(PX1)
  Convergence criterion                                  0.500D-02
  Maximum number of iterations                               50000
  K-th iteration used for thinning                               2

Input data file(s)
  data14.dat
Input data format  FREE


SUMMARY OF DATA

     Number of clusters                        159

       Size (s)    Cluster ID with Size s

         21        188
         23        125
         25        82
         26        28
         28        52
         30        195
         32        131
         33        7 72
         34        127 117 183
         35        36 11 144
         36        66 87 16 86 42
         37        111 10 107 92 96 151
         38        186
         39        51
         40        182 15 39 88 173
         41        139 77
         42        120 34 103 197 105
         43        168 170 119 46
         44        156 71
         45        75 65 177 116 30
         46        89 147 187
         47        153
         48        114 201 106
         49        57 118 100
         50        112
         51        190 192 149 141 49 176 62
         52        174 194 80 69 32 191 163
         53        133 48 43 60 54 95 59
         54        167 137 76 50 180 21 193
         55        9 67 56 200 166
         56        198 138 102 109 162 68 55 70
         57        73 123 185 84 45 98
         58        74 161 24 13 31 25 44 178
         59        110 40 115 53 165
         60        126 148 172 38 124 104 94 22
         61        97 61 135
         62        108 3
         63        2 19 27 5 20
         64        171 1 18 63
         65        35 37 145 93 132
         66        146
         67        4
         68        142
         69        79 14
         70        179
         72        29
         73        26
         74        6 159



SUMMARY OF MISSING DATA PATTERNS

     Number of missing data patterns             1


     MISSING DATA PATTERNS (x = not missing)

           1
 PER_EXPR  x
 ANHEDONI  x
 BDI_SUM   x


     MISSING DATA PATTERN FREQUENCIES

    Pattern   Frequency
          1        8119


COVARIANCE COVERAGE OF DATA

Minimum covariance coverage value   0.100


     PROPORTION OF DATA PRESENT


           Covariance Coverage
              PER_EXPR      ANHEDONI      BDI_SUM
              ________      ________      ________
 PER_EXPR       1.000
 ANHEDONI       1.000         1.000
 BDI_SUM        1.000         1.000         1.000



UNIVARIATE SAMPLE STATISTICS


     UNIVARIATE HIGHER-ORDER MOMENT DESCRIPTIVE STATISTICS

         Variable/         Mean/     Skewness/   Minimum/ % with                Percentiles
        Sample Size      Variance    Kurtosis    Maximum  Min/Max      20%/60%    40%/80%    Median

     PER_EXPR             42.897       0.009       0.000    6.37%       8.000     35.000     47.000
            8119.000     852.491      -1.197     100.000    2.32%      55.000     70.000
     ANHEDONIA             0.000       0.630     -18.380    0.63%      -7.330     -2.924     -0.934
             159.000      79.008       0.606      29.966    0.63%       1.234      6.118
     BDI_SUM               0.000       0.851      -8.050    3.77%      -5.050     -3.050     -1.050
             159.000      31.821       0.278      16.950    1.26%      -0.050      3.950


THE MODEL ESTIMATION TERMINATED NORMALLY

     USE THE FBITERATIONS OPTION TO INCREASE THE NUMBER OF ITERATIONS BY A FACTOR
     OF AT LEAST TWO TO CHECK CONVERGENCE AND THAT THE PSR VALUE DOES NOT INCREASE.



MODEL FIT INFORMATION

Number of Free Parameters                               5

Bayesian Posterior Predictive Checking using Chi-Square

          95% Confidence Interval for the Difference Between
          the Observed and the Replicated Chi-Square Values

                                -10.861             8.919

          Posterior Predictive P-Value              0.475

Information Criteria

          Deviance (DIC)                        73826.416
          Estimated Number of Parameters (pD)     153.047



MODEL RESULTS

                                Posterior  One-Tailed         95% C.I.
                    Estimate       S.D.      P-Value   Lower 2.5%  Upper 2.5%  Significance

Within Level

 Variances
    PER_EXPR         510.875       8.027      0.000     495.970     527.158      *

Between Level

 PER_EXPR   ON
    ANHEDONIA         -0.562       0.161      0.000      -0.887      -0.248      *
    BDI_SUM           -0.674       0.248      0.006      -1.170      -0.194      *

 Intercepts
    PER_EXPR          43.000       1.416      0.000      40.175      45.610      *

 Residual Variances
    PER_EXPR         296.025      37.098      0.000     236.615     380.579      *


STANDARDIZED MODEL RESULTS


STDYX Standardization

                                Posterior  One-Tailed         95% C.I.
                    Estimate       S.D.      P-Value   Lower 2.5%  Upper 2.5%  Significance
Within Level

 Variances
    PER_EXPR           1.000       0.000      0.000       1.000       1.000

Between Level

 PER_EXPR   ON
    ANHEDONIA         -0.229       0.063      0.000      -0.352      -0.104      *
    BDI_SUM           -0.201       0.071      0.006      -0.335      -0.059      *

 Intercepts
    PER_EXPR           2.331       0.156      0.000       2.018       2.622      *

 Residual Variances
    PER_EXPR           0.875       0.044      0.000       0.778       0.953      *


STDY Standardization

                                Posterior  One-Tailed         95% C.I.
                    Estimate       S.D.      P-Value   Lower 2.5%  Upper 2.5%  Significance
Within Level

 Variances
    PER_EXPR           1.000       0.000      0.000       1.000       1.000

Between Level

 PER_EXPR   ON
    ANHEDONIA         -0.030       0.008      0.000      -0.047      -0.014      *
    BDI_SUM           -0.037       0.013      0.006      -0.061      -0.011      *

 Intercepts
    PER_EXPR           2.331       0.156      0.000       2.018       2.622      *

 Residual Variances
    PER_EXPR           0.875       0.044      0.000       0.778       0.953      *


STD Standardization

                                Posterior  One-Tailed         95% C.I.
                    Estimate       S.D.      P-Value   Lower 2.5%  Upper 2.5%  Significance
Within Level

 Variances
    PER_EXPR         510.875       8.027      0.000     495.970     527.158      *

Between Level

 PER_EXPR   ON
    ANHEDONIA         -0.562       0.161      0.000      -0.887      -0.248      *
    BDI_SUM           -0.674       0.248      0.006      -1.170      -0.194      *

 Intercepts
    PER_EXPR          43.000       1.416      0.000      40.175      45.610      *

 Residual Variances
    PER_EXPR         296.025      37.098      0.000     236.615     380.579      *


R-SQUARE

Between Level

                                Posterior  One-Tailed         95% C.I.
    Variable        Estimate       S.D.      P-Value   Lower 2.5%  Upper 2.5%

    PER_EXPR           0.125       0.044      0.000       0.047       0.222


CREDIBILITY INTERVALS OF MODEL RESULTS

                  Lower .5%  Lower 2.5%    Lower 5%    Estimate    Upper 5%  Upper 2.5%   Upper .5%

Within Level

 Variances
    PER_EXPR       490.802     495.970     498.417     510.875     524.382     527.158     532.544

Between Level

 PER_EXPR ON
    ANHEDONIA       -0.975      -0.887      -0.833      -0.562      -0.304      -0.248      -0.179
    BDI_SUM         -1.290      -1.170      -1.095      -0.674      -0.266      -0.194       0.003

 Intercepts
    PER_EXPR        39.094      40.175      40.649      43.000      45.225      45.610      46.536

 Residual Variances
    PER_EXPR       224.965     236.615     246.338     296.025     367.394     380.579     400.884


CREDIBILITY INTERVALS OF STANDARDIZED MODEL RESULTS


STDYX Standardization

                  Lower .5%  Lower 2.5%    Lower 5%    Estimate    Upper 5%  Upper 2.5%   Upper .5%

Within Level

 Variances
    PER_EXPR         1.000       1.000       1.000       1.000       1.000       1.000       1.000

Between Level

 PER_EXPR ON
    ANHEDONIA       -0.388      -0.352      -0.333      -0.229      -0.125      -0.104      -0.073
    BDI_SUM         -0.374      -0.335      -0.317      -0.201      -0.080      -0.059       0.001

 Intercepts
    PER_EXPR         1.933       2.018       2.077       2.331       2.576       2.622       2.734

 Residual Variances
    PER_EXPR         0.742       0.778       0.797       0.875       0.942       0.953       0.970


STDY Standardization

                  Lower .5%  Lower 2.5%    Lower 5%    Estimate    Upper 5%  Upper 2.5%   Upper .5%

Within Level

 Variances
    PER_EXPR         1.000       1.000       1.000       1.000       1.000       1.000       1.000

Between Level

 PER_EXPR ON
    ANHEDONIA       -0.052      -0.047      -0.044      -0.030      -0.017      -0.014      -0.010
    BDI_SUM         -0.068      -0.061      -0.058      -0.037      -0.015      -0.011       0.000

 Intercepts
    PER_EXPR         1.933       2.018       2.077       2.331       2.576       2.622       2.734

 Residual Variances
    PER_EXPR         0.742       0.778       0.797       0.875       0.942       0.953       0.970


STD Standardization

                  Lower .5%  Lower 2.5%    Lower 5%    Estimate    Upper 5%  Upper 2.5%   Upper .5%

Within Level

 Variances
    PER_EXPR       490.802     495.970     498.417     510.875     524.382     527.158     532.544

Between Level

 PER_EXPR ON
    ANHEDONIA       -0.975      -0.887      -0.833      -0.562      -0.304      -0.248      -0.179
    BDI_SUM         -1.290      -1.170      -1.095      -0.674      -0.266      -0.194       0.003

 Intercepts
    PER_EXPR        39.094      40.175      40.649      43.000      45.225      45.610      46.536

 Residual Variances
    PER_EXPR       224.965     236.615     246.338     296.025     367.394     380.579     400.884


TECHNICAL 1 OUTPUT


     PARAMETER SPECIFICATION FOR WITHIN


           NU
              PER_EXPR
              ________
                    0


           LAMBDA
              PER_EXPR
              ________
 PER_EXPR           0


           THETA
              PER_EXPR
              ________
 PER_EXPR           0


           ALPHA
              PER_EXPR
              ________
                    0


           BETA
              PER_EXPR
              ________
 PER_EXPR           0


           PSI
              PER_EXPR
              ________
 PER_EXPR           1


     PARAMETER SPECIFICATION FOR BETWEEN


           NU
              PER_EXPR      ANHEDONI      BDI_SUM
              ________      ________      ________
                    0             0             0


           LAMBDA
              PER_EXPR      ANHEDONI      BDI_SUM
              ________      ________      ________
 PER_EXPR           0             0             0
 ANHEDONI           0             0             0
 BDI_SUM            0             0             0


           THETA
              PER_EXPR      ANHEDONI      BDI_SUM
              ________      ________      ________
 PER_EXPR           0
 ANHEDONI           0             0
 BDI_SUM            0             0             0


           ALPHA
              PER_EXPR      ANHEDONI      BDI_SUM
              ________      ________      ________
                    2             0             0


           BETA
              PER_EXPR      ANHEDONI      BDI_SUM
              ________      ________      ________
 PER_EXPR           0             3             4
 ANHEDONI           0             0             0
 BDI_SUM            0             0             0


           PSI
              PER_EXPR      ANHEDONI      BDI_SUM
              ________      ________      ________
 PER_EXPR           5
 ANHEDONI           0             0
 BDI_SUM            0             0             0


     STARTING VALUES FOR WITHIN


           NU
              PER_EXPR
              ________
                0.000


           LAMBDA
              PER_EXPR
              ________
 PER_EXPR       1.000


           THETA
              PER_EXPR
              ________
 PER_EXPR       0.000


           ALPHA
              PER_EXPR
              ________
                0.000


           BETA
              PER_EXPR
              ________
 PER_EXPR       0.000


           PSI
              PER_EXPR
              ________
 PER_EXPR     426.246


     STARTING VALUES FOR BETWEEN


           NU
              PER_EXPR      ANHEDONI      BDI_SUM
              ________      ________      ________
                0.000         0.000         0.000


           LAMBDA
              PER_EXPR      ANHEDONI      BDI_SUM
              ________      ________      ________
 PER_EXPR       1.000         0.000         0.000
 ANHEDONI       0.000         1.000         0.000
 BDI_SUM        0.000         0.000         1.000


           THETA
              PER_EXPR      ANHEDONI      BDI_SUM
              ________      ________      ________
 PER_EXPR       0.000
 ANHEDONI       0.000         0.000
 BDI_SUM        0.000         0.000         0.000


           ALPHA
              PER_EXPR      ANHEDONI      BDI_SUM
              ________      ________      ________
               42.897         0.000         0.000


           BETA
              PER_EXPR      ANHEDONI      BDI_SUM
              ________      ________      ________
 PER_EXPR       0.000         0.000         0.000
 ANHEDONI       0.000         0.000         0.000
 BDI_SUM        0.000         0.000         0.000


           PSI
              PER_EXPR      ANHEDONI      BDI_SUM
              ________      ________      ________
 PER_EXPR     426.246
 ANHEDONI       0.000        39.709
 BDI_SUM        0.000         0.000        15.876



     PRIORS FOR ALL PARAMETERS            PRIOR MEAN      PRIOR VARIANCE     PRIOR STD. DEV.

     Parameter 1~IG(-1.000,0.000)          infinity            infinity            infinity
     Parameter 2~N(0.000,infinity)           0.0000            infinity            infinity
     Parameter 3~N(0.000,infinity)           0.0000            infinity            infinity
     Parameter 4~N(0.000,infinity)           0.0000            infinity            infinity
     Parameter 5~IG(-1.000,0.000)          infinity            infinity            infinity


TECHNICAL 8 OUTPUT


   TECHNICAL 8 OUTPUT FOR BAYES ESTIMATION

     PROCESSOR    BSEED
     1            0
     2            285380
     3            253358
     4            93468
     5            608496
     6            903420
     7            195873
     8            462953
     9            939021
     10           127215
     11           415931
     12           533738
     13           107446
     14           399671
     15           650371
     16           27071

                     POTENTIAL       PARAMETER WITH
     ITERATION    SCALE REDUCTION      HIGHEST PSR
     100              1.010               1
     200              1.018               4
     300              1.003               1
     400              1.004               3
     500              1.000               1
     600              1.004               1
     700              1.014               1
     800              1.011               1
     900              1.008               1
     1000             1.011               1
     1100             1.009               1
     1200             1.006               1
     1300             1.003               1
     1400             1.002               5
     1500             1.003               5
     1600             1.002               5
     1700             1.001               2
     1800             1.002               2
     1900             1.001               2
     2000             1.000               1


PLOT INFORMATION

The following plots are available:

  Histograms (sample values)
  Scatterplots (sample values)
  Between-level histograms (sample values, sample means/variances)
  Between-level scatterplots (sample values, sample means/variances)
  Bayesian posterior parameter distributions
  Bayesian posterior parameter trace plots
  Bayesian autocorrelation plots
  Bayesian posterior predictive checking scatterplots
  Bayesian posterior predictive checking distribution plots

     Beginning Time:  20:12:42
        Ending Time:  20:12:44
       Elapsed Time:  00:00:02



MUTHEN & MUTHEN
3463 Stoner Ave.
Los Angeles, CA  90066

Tel: (310) 391-9971
Fax: (310) 391-8971
Web: www.StatModel.com
Support: Support@StatModel.com

Copyright (c) 1998-2022 Muthen & Muthen
