Mplus VERSION 8.8
MUTHEN & MUTHEN
07/13/2023   4:01 PM

INPUT INSTRUCTIONS


  DATA:
  FILE IS data10.dat;

  VARIABLE:   NAMES =
  	    Eth_ID Time Time_between Time_inc
  	    PA_enth NA_irri NA_verv PA_tevr PA_ener
       	    PA_kalm NA_nerv PA_daadk NA_verdr
  	    PA_vrol NA_boos PA_dankb NA_somb PER_att
      	    PER_refl PER_self PER_expr PER_damp
  	    PER_codamp PER_capit Sample age_yr gesl BDI
      	    Measures_valid BDI_anh Anhedonia
   	    BDI_sum PA NA day compliance;

              USEVARIABLES are PER_codamp Anhedonia BDI_sum;
              MISSING is .;
              within = ;
              between = Anhedonia BDI_sum;
              cluster = Eth_ID;

  DEFINE:     CENTER Anhedonia BDI_sum (grandmean);


  ANALYSIS:   type = twolevel random;
              estimator = Bayes;
              biterations=(2000);
              bconvergence=0.005;
              thin=2;
              PROCESSORS=16;
  MODEL:
  %WITHIN%

  %between%
  PER_codamp on Anhedonia BDI_sum;


  OUTPUT: standardized tech1 tech8 cinterval patterns;
  PLOT: TYPE = PLOT3;



*** WARNING in VARIABLE command
  Note that only the first 8 characters of variable names are used in the output.
  Shorten variable names to avoid any confusion.
*** WARNING in MODEL command
  TYPE=RANDOM is used to declare random effect variables in the model.
  No random effect variables were found.  TYPE=RANDOM will be ignored.
*** WARNING in PLOT command
  Note that only the first 8 characters of variable names are used in plots.
  If variable names are not unique within the first 8 characters, problems
  may occur.
*** WARNING
  One or more individual-level variables have no variation within a
  cluster for the following clusters.

     Variable   Cluster IDs with no within-cluster variation

      PER_CODA    127 71 177 89 73 165 148

*** WARNING
  Data set contains cases with missing on all variables except
  x-variables.  These cases were not included in the analysis.
  Number of cases with missing on all variables except x-variables:  2690
   5 WARNING(S) FOUND IN THE INPUT INSTRUCTIONS




SUMMARY OF ANALYSIS

Number of groups                                                 1
Number of observations                                        7927

Number of dependent variables                                    1
Number of independent variables                                  2
Number of continuous latent variables                            0

Observed dependent variables

  Continuous
   PER_CODAMP

Observed independent variables
   ANHEDONI    BDI_SUM

Variables with special functions

  Cluster variable      ETH_ID

  Between variables
   ANHEDONI    BDI_SUM

  Centering (GRANDMEAN)
   ANHEDONI    BDI_SUM


Estimator                                                    BAYES
Specifications for Bayesian Estimation
  Point estimate                                            MEDIAN
  Number of Markov chain Monte Carlo (MCMC) chains               2
  Random seed for the first chain                                0
  Starting value information                           UNPERTURBED
  Algorithm used for Markov chain Monte Carlo           GIBBS(PX1)
  Convergence criterion                                  0.500D-02
  Maximum number of iterations                               50000
  K-th iteration used for thinning                               2

Input data file(s)
  data10.dat
Input data format  FREE


SUMMARY OF DATA

     Number of clusters                        153

       Size (s)    Cluster ID with Size s

         31        36
         32        72 131
         33        7
         34        117 127 183
         35        11 87 144
         36        16 66 86 42
         37        107 96 92 111 120 10 151
         38        186
         39        51
         40        173 88 15 182 39
         41        9 77 139
         42        105 197 168 103 34 106
         43        119 46
         44        116 156 170 71
         45        75 65 30 177
         46        89 147 187
         47        153
         48        201 114
         49        57 118 100
         50        112 54 62
         51        141 192 149 190 176 49 163
         52        80 194 133 174 191 69 32
         53        60 48 95 59 43
         54        167 137 180 50 193 21 76
         55        166 56 200 67
         56        138 70 68 162 102 55 198 109
         57        123 185 98 73 45 84
         58        44 161 25 24 31 74 13 178
         59        53 165 172 110 115 40
         60        126 94 124 104 38 148 22
         61        97 135 61
         62        108 3
         63        2 27 20 5 19
         64        18 63 171 1
         65        132 35 37 145 93
         66        146
         67        4
         68        142
         69        14 79
         70        179
         72        29
         73        26
         74        6 159



SUMMARY OF MISSING DATA PATTERNS

     Number of missing data patterns             1


     MISSING DATA PATTERNS (x = not missing)

           1
 PER_CODA  x
 ANHEDONI  x
 BDI_SUM   x


     MISSING DATA PATTERN FREQUENCIES

    Pattern   Frequency
          1        7927


COVARIANCE COVERAGE OF DATA

Minimum covariance coverage value   0.100


     PROPORTION OF DATA PRESENT


           Covariance Coverage
              PER_CODA      ANHEDONI      BDI_SUM
              ________      ________      ________
 PER_CODA       1.000
 ANHEDONI       1.000         1.000
 BDI_SUM        1.000         1.000         1.000



UNIVARIATE SAMPLE STATISTICS


     UNIVARIATE HIGHER-ORDER MOMENT DESCRIPTIVE STATISTICS

         Variable/         Mean/     Skewness/   Minimum/ % with                Percentiles
        Sample Size      Variance    Kurtosis    Maximum  Min/Max      20%/60%    40%/80%    Median

     PER_CODAMP            9.679       2.523       0.000   25.17%       0.000      4.000      6.000
            7927.000     175.272       7.222     100.000    0.01%       7.000     14.000
     ANHEDONIA             0.000       0.640     -18.368    0.65%      -7.318     -2.912     -0.923
             153.000      80.541       0.592      29.977    0.65%       1.246      6.129
     BDI_SUM               0.000       0.886      -8.039    3.92%      -5.039     -3.039     -1.039
             153.000      31.632       0.378      16.961    1.31%      -0.039      3.961


THE MODEL ESTIMATION TERMINATED NORMALLY

     USE THE FBITERATIONS OPTION TO INCREASE THE NUMBER OF ITERATIONS BY A FACTOR
     OF AT LEAST TWO TO CHECK CONVERGENCE AND THAT THE PSR VALUE DOES NOT INCREASE.



MODEL FIT INFORMATION

Number of Free Parameters                               5

Bayesian Posterior Predictive Checking using Chi-Square

          95% Confidence Interval for the Difference Between
          the Observed and the Replicated Chi-Square Values

                                 -9.676            10.603

          Posterior Predictive P-Value              0.510

Information Criteria

          Deviance (DIC)                        57988.342
          Estimated Number of Parameters (pD)     150.579



MODEL RESULTS

                                Posterior  One-Tailed         95% C.I.
                    Estimate       S.D.      P-Value   Lower 2.5%  Upper 2.5%  Significance

Within Level

 Variances
    PER_CODAMP        86.353       1.387      0.000      83.728      89.087      *

Between Level

 PER_CODAMP ON
    ANHEDONIA         -0.026       0.092      0.401      -0.210       0.152
    BDI_SUM            0.371       0.145      0.005       0.100       0.673      *

 Intercepts
    PER_CODAMP         9.905       0.815      0.000       8.256      11.479      *

 Residual Variances
    PER_CODAMP        95.045      11.555      0.000      76.497     122.008      *


STANDARDIZED MODEL RESULTS


STDYX Standardization

                                Posterior  One-Tailed         95% C.I.
                    Estimate       S.D.      P-Value   Lower 2.5%  Upper 2.5%  Significance
Within Level

 Variances
    PER_CODAMP         1.000       0.000      0.000       1.000       1.000

Between Level

 PER_CODAMP ON
    ANHEDONIA         -0.019       0.069      0.401      -0.162       0.110
    BDI_SUM            0.189       0.071      0.005       0.052       0.325      *

 Intercepts
    PER_CODAMP         0.992       0.101      0.000       0.791       1.194      *

 Residual Variances
    PER_CODAMP         0.965       0.026      0.000       0.897       0.996      *


STDY Standardization

                                Posterior  One-Tailed         95% C.I.
                    Estimate       S.D.      P-Value   Lower 2.5%  Upper 2.5%  Significance
Within Level

 Variances
    PER_CODAMP         1.000       0.000      0.000       1.000       1.000

Between Level

 PER_CODAMP ON
    ANHEDONIA         -0.003       0.009      0.401      -0.022       0.015
    BDI_SUM            0.037       0.014      0.005       0.010       0.064      *

 Intercepts
    PER_CODAMP         0.992       0.101      0.000       0.791       1.194      *

 Residual Variances
    PER_CODAMP         0.965       0.026      0.000       0.897       0.996      *


STD Standardization

                                Posterior  One-Tailed         95% C.I.
                    Estimate       S.D.      P-Value   Lower 2.5%  Upper 2.5%  Significance
Within Level

 Variances
    PER_CODAMP        86.353       1.387      0.000      83.728      89.087      *

Between Level

 PER_CODAMP ON
    ANHEDONIA         -0.026       0.092      0.401      -0.210       0.152
    BDI_SUM            0.371       0.145      0.005       0.100       0.673      *

 Intercepts
    PER_CODAMP         9.905       0.815      0.000       8.256      11.479      *

 Residual Variances
    PER_CODAMP        95.045      11.555      0.000      76.497     122.008      *


R-SQUARE

Between Level

                                Posterior  One-Tailed         95% C.I.
    Variable        Estimate       S.D.      P-Value   Lower 2.5%  Upper 2.5%

    PER_CODAMP         0.035       0.026      0.000       0.004       0.102


CREDIBILITY INTERVALS OF MODEL RESULTS

                  Lower .5%  Lower 2.5%    Lower 5%    Estimate    Upper 5%  Upper 2.5%   Upper .5%

Within Level

 Variances
    PER_CODAMP      82.788      83.728      84.125      86.353      88.673      89.087      89.850

Between Level

 PER_CODA ON
    ANHEDONIA       -0.263      -0.210      -0.181      -0.026       0.123       0.152       0.208
    BDI_SUM         -0.007       0.100       0.136       0.371       0.627       0.673       0.734

 Intercepts
    PER_CODAMP       7.696       8.256       8.549       9.905      11.210      11.479      11.962

 Residual Variances
    PER_CODAMP      71.712      76.497      79.232      95.045     116.601     122.008     130.940


CREDIBILITY INTERVALS OF STANDARDIZED MODEL RESULTS


STDYX Standardization

                  Lower .5%  Lower 2.5%    Lower 5%    Estimate    Upper 5%  Upper 2.5%   Upper .5%

Within Level

 Variances
    PER_CODAMP       1.000       1.000       1.000       1.000       1.000       1.000       1.000

Between Level

 PER_CODA ON
    ANHEDONIA       -0.193      -0.162      -0.134      -0.019       0.090       0.110       0.156
    BDI_SUM         -0.003       0.052       0.070       0.189       0.306       0.325       0.358

 Intercepts
    PER_CODAMP       0.733       0.791       0.827       0.992       1.161       1.194       1.240

 Residual Variances
    PER_CODAMP       0.866       0.897       0.907       0.965       0.993       0.996       0.998


STDY Standardization

                  Lower .5%  Lower 2.5%    Lower 5%    Estimate    Upper 5%  Upper 2.5%   Upper .5%

Within Level

 Variances
    PER_CODAMP       1.000       1.000       1.000       1.000       1.000       1.000       1.000

Between Level

 PER_CODA ON
    ANHEDONIA       -0.026      -0.022      -0.018      -0.003       0.012       0.015       0.021
    BDI_SUM         -0.001       0.010       0.014       0.037       0.061       0.064       0.071

 Intercepts
    PER_CODAMP       0.733       0.791       0.827       0.992       1.161       1.194       1.240

 Residual Variances
    PER_CODAMP       0.866       0.897       0.907       0.965       0.993       0.996       0.998


STD Standardization

                  Lower .5%  Lower 2.5%    Lower 5%    Estimate    Upper 5%  Upper 2.5%   Upper .5%

Within Level

 Variances
    PER_CODAMP      82.788      83.728      84.125      86.353      88.673      89.087      89.850

Between Level

 PER_CODA ON
    ANHEDONIA       -0.263      -0.210      -0.181      -0.026       0.123       0.152       0.208
    BDI_SUM         -0.007       0.100       0.136       0.371       0.627       0.673       0.734

 Intercepts
    PER_CODAMP       7.696       8.256       8.549       9.905      11.210      11.479      11.962

 Residual Variances
    PER_CODAMP      71.712      76.497      79.232      95.045     116.601     122.008     130.940


TECHNICAL 1 OUTPUT


     PARAMETER SPECIFICATION FOR WITHIN


           NU
              PER_CODA
              ________
                    0


           LAMBDA
              PER_CODA
              ________
 PER_CODA           0


           THETA
              PER_CODA
              ________
 PER_CODA           0


           ALPHA
              PER_CODA
              ________
                    0


           BETA
              PER_CODA
              ________
 PER_CODA           0


           PSI
              PER_CODA
              ________
 PER_CODA           1


     PARAMETER SPECIFICATION FOR BETWEEN


           NU
              PER_CODA      ANHEDONI      BDI_SUM
              ________      ________      ________
                    0             0             0


           LAMBDA
              PER_CODA      ANHEDONI      BDI_SUM
              ________      ________      ________
 PER_CODA           0             0             0
 ANHEDONI           0             0             0
 BDI_SUM            0             0             0


           THETA
              PER_CODA      ANHEDONI      BDI_SUM
              ________      ________      ________
 PER_CODA           0
 ANHEDONI           0             0
 BDI_SUM            0             0             0


           ALPHA
              PER_CODA      ANHEDONI      BDI_SUM
              ________      ________      ________
                    2             0             0


           BETA
              PER_CODA      ANHEDONI      BDI_SUM
              ________      ________      ________
 PER_CODA           0             3             4
 ANHEDONI           0             0             0
 BDI_SUM            0             0             0


           PSI
              PER_CODA      ANHEDONI      BDI_SUM
              ________      ________      ________
 PER_CODA           5
 ANHEDONI           0             0
 BDI_SUM            0             0             0


     STARTING VALUES FOR WITHIN


           NU
              PER_CODA
              ________
                0.000


           LAMBDA
              PER_CODA
              ________
 PER_CODA       1.000


           THETA
              PER_CODA
              ________
 PER_CODA       0.000


           ALPHA
              PER_CODA
              ________
                0.000


           BETA
              PER_CODA
              ________
 PER_CODA       0.000


           PSI
              PER_CODA
              ________
 PER_CODA      87.636


     STARTING VALUES FOR BETWEEN


           NU
              PER_CODA      ANHEDONI      BDI_SUM
              ________      ________      ________
                0.000         0.000         0.000


           LAMBDA
              PER_CODA      ANHEDONI      BDI_SUM
              ________      ________      ________
 PER_CODA       1.000         0.000         0.000
 ANHEDONI       0.000         1.000         0.000
 BDI_SUM        0.000         0.000         1.000


           THETA
              PER_CODA      ANHEDONI      BDI_SUM
              ________      ________      ________
 PER_CODA       0.000
 ANHEDONI       0.000         0.000
 BDI_SUM        0.000         0.000         0.000


           ALPHA
              PER_CODA      ANHEDONI      BDI_SUM
              ________      ________      ________
                9.679         0.000         0.000


           BETA
              PER_CODA      ANHEDONI      BDI_SUM
              ________      ________      ________
 PER_CODA       0.000         0.000         0.000
 ANHEDONI       0.000         0.000         0.000
 BDI_SUM        0.000         0.000         0.000


           PSI
              PER_CODA      ANHEDONI      BDI_SUM
              ________      ________      ________
 PER_CODA      87.636
 ANHEDONI       0.000        40.128
 BDI_SUM        0.000         0.000        15.884



     PRIORS FOR ALL PARAMETERS            PRIOR MEAN      PRIOR VARIANCE     PRIOR STD. DEV.

     Parameter 1~IG(-1.000,0.000)          infinity            infinity            infinity
     Parameter 2~N(0.000,infinity)           0.0000            infinity            infinity
     Parameter 3~N(0.000,infinity)           0.0000            infinity            infinity
     Parameter 4~N(0.000,infinity)           0.0000            infinity            infinity
     Parameter 5~IG(-1.000,0.000)          infinity            infinity            infinity


TECHNICAL 8 OUTPUT


   TECHNICAL 8 OUTPUT FOR BAYES ESTIMATION

     PROCESSOR    BSEED
     1            0
     2            285380
     3            253358
     4            93468
     5            608496
     6            903420
     7            195873
     8            462953
     9            939021
     10           127215
     11           415931
     12           533738
     13           107446
     14           399671
     15           650371
     16           27071

                     POTENTIAL       PARAMETER WITH
     ITERATION    SCALE REDUCTION      HIGHEST PSR
     100              1.028               3
     200              1.000               1
     300              1.000               1
     400              1.000               1
     500              1.000               1
     600              1.000               1
     700              1.001               2
     800              1.003               4
     900              1.003               4
     1000             1.003               2
     1100             1.001               4
     1200             1.001               5
     1300             1.001               5
     1400             1.001               5
     1500             1.000               1
     1600             1.001               5
     1700             1.000               5
     1800             1.000               5
     1900             1.000               5
     2000             1.000               2


PLOT INFORMATION

The following plots are available:

  Histograms (sample values)
  Scatterplots (sample values)
  Between-level histograms (sample values, sample means/variances)
  Between-level scatterplots (sample values, sample means/variances)
  Bayesian posterior parameter distributions
  Bayesian posterior parameter trace plots
  Bayesian autocorrelation plots
  Bayesian posterior predictive checking scatterplots
  Bayesian posterior predictive checking distribution plots

     Beginning Time:  16:01:11
        Ending Time:  16:01:12
       Elapsed Time:  00:00:01



MUTHEN & MUTHEN
3463 Stoner Ave.
Los Angeles, CA  90066

Tel: (310) 391-9971
Fax: (310) 391-8971
Web: www.StatModel.com
Support: Support@StatModel.com

Copyright (c) 1998-2022 Muthen & Muthen
