Mplus VERSION 8.8
MUTHEN & MUTHEN
08/26/2023   6:46 AM

INPUT INSTRUCTIONS


  DATA:
  FILE IS data8.dat;

  VARIABLE:   NAMES =
  	    Eth_ID Time Time_between Time_inc
  	    PA_enth NA_irri NA_verv PA_tevr PA_ener
       	    PA_kalm NA_nerv PA_daadk NA_verdr
  	    PA_vrol NA_boos PA_dankb NA_somb PER_att
      	    PER_refl PER_self PER_expr PER_damp
  	    PER_codamp PER_capit Sample age_yr gesl BDI
      	    Measures_valid BDI_anh Anhedonia
   	    BDI_sum PA NA day compliance;

              USEVARIABLES are PER_expr PA NA Anhedonia BDI_sum ;
              MISSING is .;
              within = PER_expr;
              between = Anhedonia BDI_sum;
              cluster = Eth_ID;
              lagged= PA NA(1);
              tinterval=Time_inc (150);


  DEFINE:     CENTER Anhedonia BDI_sum (grandmean);

  ANALYSIS:   type = twolevel random;
              estimator = Bayes;
              biterations=(2000);
              bconvergence=0.005;
              thin=2;
              PROCESSORS=16;
  MODEL:
  %WITHIN%
  sPR_PA | PA on PER_expr;
  sPR_NA | NA on PER_expr;
  sPA_PA | PA on PA&1;
  sNA_NA | NA on NA&1;
  [PER_expr];


  %between%
  sPR_PA sPR_NA on Anhedonia BDI_sum ;
  PA NA on Anhedonia BDI_sum ;


  OUTPUT: standardized tech1 tech8 cinterval patterns;
  PLOT: TYPE = PLOT3;



*** WARNING in VARIABLE command
  Note that only the first 8 characters of variable names are used in the output.
  Shorten variable names to avoid any confusion.
*** WARNING in PLOT command
  Note that only the first 8 characters of variable names are used in plots.
  If variable names are not unique within the first 8 characters, problems
  may occur.
*** WARNING
  Data set contains cases with missing on all variables.  Cases that appeared before the first
  case with observed data and that appeared after the last case with observed data were not
  included in the analysis.  Number of deleted cases:  679
   3 WARNING(S) FOUND IN THE INPUT INSTRUCTIONS




SUMMARY OF ANALYSIS

Number of groups                                                 1
Number of observations                                       20160

Number of dependent variables                                    2
Number of independent variables                                  5
Number of continuous latent variables                            4

Observed dependent variables

  Continuous
   PA          NA

Observed independent variables
   PER_EXPR    ANHEDONI    BDI_SUM     PA&1        NA&1

Continuous latent variables
   SPR_PA      SPR_NA      SPA_PA      SNA_NA

Variables with special functions

  Cluster variable      ETH_ID

  Within variables
   PER_EXPR    PA&1        NA&1

  Between variables
   ANHEDONI    BDI_SUM

  Centering (GRANDMEAN)
   ANHEDONI    BDI_SUM


Estimator                                                    BAYES
Specifications for Bayesian Estimation
  Point estimate                                            MEDIAN
  Number of Markov chain Monte Carlo (MCMC) chains               2
  Random seed for the first chain                                0
  Starting value information                           UNPERTURBED
  Algorithm used for Markov chain Monte Carlo           GIBBS(PX1)
  Convergence criterion                                  0.500D-02
  Maximum number of iterations                               50000
  K-th iteration used for thinning                               2

Input data file(s)
  data8.dat
Input data format  FREE


SUMMARY OF DATA

     Number of clusters                        159

       Size (s)    Cluster ID with Size s

         56        28
         80        82
         84        87
         88        72
         97        34
        101        10
        105        52
        108        119
        111        36
        113        182
        115        89 131
        116        15 188 75 77
        117        11
        118        16 66 49 57 195
        119        197 71 48 149 50 92 38 186 163 106
        120        55 168 7 108 148 192 61 98 165
        122        174
        123        127
        124        161 117 103 51
        125        53 54 13 40 44 88 30 68 100 93 105 112 123 73
        126        107 172 173 102 65 109 111 80 76 120
        127        70 177 133 62 139 118 110 25 115 67 46 104 178 126 193
                   32 86 198 147
        128        43 153 59 156 96 180 18 5
        129        141 144 125 3 185 146 135 190 187 39 137 116 69
        130        138 166 97 14
        133        191
        134        2
        135        194 63 60 183 201 200
        136        26 56
        137        95 4 9 22 19 42
        138        132 29 94
        139        45 74 35 37 84 21 79 145 114
        142        27
        143        179
        144        170 24 171
        145        1 124 162 20
        146        151 6 167
        147        142 31
        148        159 176



SUMMARY OF MISSING DATA PATTERNS

     Number of missing data patterns            13


     MISSING DATA PATTERNS (x = not missing)

           1  2  3  4  5  6  7  8  9 10 11 12 13
 PER_EXPR  x  x              x     x     x     x
 PA        x  x        x  x     x  x     x  x
 NA        x  x        x  x        x  x  x
 PA&1      x     x        x  x     x        x
 NA&1      x     x        x  x           x  x
 ANHEDONI  x  x  x  x  x  x  x  x  x  x  x  x  x
 BDI_SUM   x  x  x  x  x  x  x  x  x  x  x  x  x


     MISSING DATA PATTERN FREQUENCIES

    Pattern   Frequency     Pattern   Frequency     Pattern   Frequency
          1        4886           6          52          11           1
          2        3223           7           3          12           1
          3        3121           8           4          13           1
          4        8808           9           5
          5          54          10           1


COVARIANCE COVERAGE OF DATA

Minimum covariance coverage value   0.100


     PROPORTION OF DATA PRESENT


           Covariance Coverage
              PER_EXPR      PA            NA            ANHEDONI      BDI_SUM
              ________      ________      ________      ________      ________
 PER_EXPR       0.403
 PA             0.403         0.408
 NA             0.403         0.408         0.408
 ANHEDONI       0.403         0.408         0.408         1.000
 BDI_SUM        0.403         0.408         0.408         1.000         1.000



UNIVARIATE SAMPLE STATISTICS


     UNIVARIATE HIGHER-ORDER MOMENT DESCRIPTIVE STATISTICS

         Variable/         Mean/     Skewness/   Minimum/ % with                Percentiles
        Sample Size      Variance    Kurtosis    Maximum  Min/Max      20%/60%    40%/80%    Median

     PER_EXPR             42.897       0.009       0.000    6.37%       8.000     35.000     47.000
            8119.000     852.491      -1.197     100.000    2.32%      55.000     70.000
     PA                   46.752      -0.086       0.000    0.33%      32.000     43.167     47.500
            8226.000     301.606      -0.169     100.000    0.07%      51.500     61.167
     NA                   14.975       1.412       0.000    7.26%       5.000      9.167     11.500
            8222.000     164.910       1.997      80.667    0.01%      14.333     23.000
     ANHEDONIA             0.000       0.630     -18.380    0.63%      -7.330     -2.924     -0.934
             159.000      79.008       0.606      29.966    0.63%       1.234      6.118
     BDI_SUM               0.000       0.851      -8.050    3.77%      -5.050     -3.050     -1.050
             159.000      31.821       0.278      16.950    1.26%      -0.050      3.950


THE MODEL ESTIMATION TERMINATED NORMALLY

     USE THE FBITERATIONS OPTION TO INCREASE THE NUMBER OF ITERATIONS BY A FACTOR
     OF AT LEAST TWO TO CHECK CONVERGENCE AND THAT THE PSR VALUE DOES NOT INCREASE.



MODEL FIT INFORMATION

Number of Free Parameters                              26

Information Criteria

          Deviance (DIC)                       519121.799
          Estimated Number of Parameters (pD)   32479.526



MODEL RESULTS

                                Posterior  One-Tailed         95% C.I.
                    Estimate       S.D.      P-Value   Lower 2.5%  Upper 2.5%  Significance

Within Level

 NA       WITH
    PA               -43.626       1.237      0.000     -46.048     -41.291      *

 Means
    PER_EXPR          42.738       0.325      0.000      42.095      43.372      *

 Variances
    PER_EXPR         856.419      13.141      0.000     830.307     882.266      *

 Residual Variances
    PA               124.015       2.171      0.000     119.682     128.297      *
    NA                73.001       1.242      0.000      70.648      75.476      *

Between Level

 SPR_PA     ON
    ANHEDONIA         -0.001       0.001      0.243      -0.003       0.001
    BDI_SUM            0.004       0.001      0.007       0.001       0.007      *

 SPR_NA     ON
    ANHEDONIA          0.001       0.001      0.055       0.000       0.003
    BDI_SUM           -0.003       0.001      0.004      -0.006      -0.001      *

 PA         ON
    ANHEDONIA         -0.181       0.098      0.035      -0.367       0.013
    BDI_SUM           -0.568       0.156      0.000      -0.868      -0.256      *

 NA         ON
    ANHEDONIA         -0.008       0.090      0.462      -0.184       0.169
    BDI_SUM            0.744       0.150      0.000       0.447       1.026      *

 NA       WITH
    PA                -1.348       7.949      0.430     -17.440      13.987

 Means
    SPA_PA             0.295       0.017      0.000       0.262       0.328      *
    SNA_NA             0.298       0.018      0.000       0.261       0.329      *

 Intercepts
    PA                33.876       0.859      0.000      32.142      35.494      *
    NA                20.248       0.863      0.000      18.596      21.933      *
    SPR_PA             0.202       0.008      0.000       0.185       0.217      *
    SPR_NA            -0.078       0.007      0.000      -0.092      -0.065      *

 Variances
    SPA_PA             0.025       0.005      0.000       0.018       0.036      *
    SNA_NA             0.024       0.005      0.000       0.016       0.036      *

 Residual Variances
    PA                85.492      12.224      0.000      64.072     111.719      *
    NA                87.846      12.463      0.000      67.002     115.405      *
    SPR_PA             0.004       0.001      0.000       0.002       0.007      *
    SPR_NA             0.004       0.001      0.000       0.003       0.006      *


STANDARDIZED MODEL RESULTS


STDYX Standardization

                                Posterior  One-Tailed         95% C.I.
                    Estimate       S.D.      P-Value   Lower 2.5%  Upper 2.5%  Significance

Within-Level Standardized Estimates Averaged Over Clusters

 SPR_PA | PA ON
    PER_EXPR           0.428       0.011      0.000       0.407       0.451      *

 SPA_PA | PA ON
    PA&1               0.295       0.012      0.000       0.272       0.318      *

 SPR_NA | NA ON
    PER_EXPR          -0.228       0.014      0.000      -0.255      -0.202      *

 SNA_NA | NA ON
    NA&1               0.297       0.013      0.000       0.273       0.322      *

 NA       WITH
    PA                -0.459       0.009      0.000      -0.476      -0.440      *

 Means
    PER_EXPR           1.461       0.016      0.000       1.429       1.492      *

 Variances
    PER_EXPR           1.000       0.000      0.000       1.000       1.000

 Residual Variances
    PA                 0.689       0.010      0.000       0.669       0.710      *
    NA                 0.801       0.009      0.000       0.784       0.819      *

Between Level

 SPR_PA     ON
    ANHEDONIA         -0.063       0.088      0.243      -0.226       0.115
    BDI_SUM            0.237       0.089      0.007       0.060       0.409      *

 SPR_NA     ON
    ANHEDONIA          0.122       0.076      0.055      -0.027       0.273
    BDI_SUM           -0.208       0.073      0.004      -0.343      -0.054      *

 PA         ON
    ANHEDONIA         -0.119       0.064      0.035      -0.239       0.008
    BDI_SUM           -0.237       0.063      0.000      -0.351      -0.109      *

 NA         ON
    ANHEDONIA         -0.005       0.058      0.462      -0.116       0.110
    BDI_SUM            0.301       0.058      0.000       0.183       0.405      *

 NA       WITH
    PA                -0.015       0.090      0.430      -0.194       0.161

 Means
    SPA_PA             1.864       0.216      0.000       1.496       2.342      *
    SNA_NA             1.903       0.247      0.000       1.479       2.451      *

 Intercepts
    PA                 3.525       0.253      0.000       3.051       4.048      *
    NA                 2.053       0.152      0.000       1.767       2.371      *
    SPR_PA             2.955       0.383      0.000       2.364       3.834      *
    SPR_NA            -1.169       0.153      0.000      -1.496      -0.887      *

 Variances
    SPA_PA             1.000       0.000      0.000       1.000       1.000
    SNA_NA             1.000       0.000      0.000       1.000       1.000

 Residual Variances
    PA                 0.926       0.031      0.000       0.856       0.975      *
    NA                 0.906       0.035      0.000       0.829       0.963      *
    SPR_PA             0.932       0.047      0.000       0.813       0.991      *
    SPR_NA             0.937       0.038      0.000       0.846       0.992      *


STDY Standardization

                                Posterior  One-Tailed         95% C.I.
                    Estimate       S.D.      P-Value   Lower 2.5%  Upper 2.5%  Significance

Within-Level Standardized Estimates Averaged Over Clusters

 SPR_PA | PA ON
    PER_EXPR           0.428       0.011      0.000       0.407       0.451      *

 SPA_PA | PA ON
    PA&1               0.021       0.001      0.000       0.020       0.023      *

 SPR_NA | NA ON
    PER_EXPR          -0.228       0.014      0.000      -0.255      -0.202      *

 SNA_NA | NA ON
    NA&1               0.030       0.001      0.000       0.028       0.033      *

 NA       WITH
    PA                -0.459       0.009      0.000      -0.476      -0.440      *

 Means
    PER_EXPR           1.461       0.016      0.000       1.429       1.492      *

 Variances
    PER_EXPR           1.000       0.000      0.000       1.000       1.000

 Residual Variances
    PA                 0.689       0.010      0.000       0.669       0.710      *
    NA                 0.801       0.009      0.000       0.784       0.819      *

Between Level

 SPR_PA     ON
    ANHEDONIA         -0.010       0.014      0.243      -0.036       0.018
    BDI_SUM            0.059       0.022      0.007       0.015       0.102      *

 SPR_NA     ON
    ANHEDONIA          0.019       0.012      0.055      -0.004       0.043
    BDI_SUM           -0.052       0.018      0.004      -0.086      -0.014      *

 PA         ON
    ANHEDONIA         -0.019       0.010      0.035      -0.038       0.001
    BDI_SUM           -0.059       0.016      0.000      -0.088      -0.027      *

 NA         ON
    ANHEDONIA         -0.001       0.009      0.462      -0.018       0.017
    BDI_SUM            0.076       0.015      0.000       0.046       0.102      *

 NA       WITH
    PA                -0.015       0.090      0.430      -0.194       0.161

 Means
    SPA_PA             1.864       0.216      0.000       1.496       2.342      *
    SNA_NA             1.903       0.247      0.000       1.479       2.451      *

 Intercepts
    PA                 3.525       0.253      0.000       3.051       4.048      *
    NA                 2.053       0.152      0.000       1.767       2.371      *
    SPR_PA             2.955       0.383      0.000       2.364       3.834      *
    SPR_NA            -1.169       0.153      0.000      -1.496      -0.887      *

 Variances
    SPA_PA             1.000       0.000      0.000       1.000       1.000
    SNA_NA             1.000       0.000      0.000       1.000       1.000

 Residual Variances
    PA                 0.926       0.031      0.000       0.856       0.975      *
    NA                 0.906       0.035      0.000       0.829       0.963      *
    SPR_PA             0.932       0.047      0.000       0.813       0.991      *
    SPR_NA             0.937       0.038      0.000       0.846       0.992      *


STD Standardization

                                Posterior  One-Tailed         95% C.I.
                    Estimate       S.D.      P-Value   Lower 2.5%  Upper 2.5%  Significance

Within-Level Standardized Estimates Averaged Over Clusters

 SPR_PA | PA ON
    PER_EXPR           0.201       0.006      0.000       0.189       0.213      *

 SPA_PA | PA ON
    PA&1               0.295       0.012      0.000       0.272       0.318      *

 SPR_NA | NA ON
    PER_EXPR          -0.078       0.005      0.000      -0.088      -0.069      *

 SNA_NA | NA ON
    NA&1               0.297       0.013      0.000       0.273       0.322      *

 NA       WITH
    PA               -43.626       1.237      0.000     -46.048     -41.291      *

 Means
    PER_EXPR          42.738       0.325      0.000      42.095      43.372      *

 Variances
    PER_EXPR         856.419      13.141      0.000     830.307     882.266      *

 Residual Variances
    PA               124.015       2.171      0.000     119.682     128.297      *
    NA                73.001       1.242      0.000      70.648      75.476      *

Between Level

 SPR_PA     ON
    ANHEDONIA         -0.010       0.014      0.243      -0.036       0.018
    BDI_SUM            0.059       0.022      0.007       0.015       0.102      *

 SPR_NA     ON
    ANHEDONIA          0.019       0.012      0.055      -0.004       0.043
    BDI_SUM           -0.052       0.018      0.004      -0.086      -0.014      *

 PA         ON
    ANHEDONIA         -0.181       0.098      0.035      -0.367       0.013
    BDI_SUM           -0.568       0.156      0.000      -0.868      -0.256      *

 NA         ON
    ANHEDONIA         -0.008       0.090      0.462      -0.184       0.169
    BDI_SUM            0.744       0.150      0.000       0.447       1.026      *

 NA       WITH
    PA                -1.348       7.949      0.430     -17.440      13.987

 Means
    SPA_PA             1.864       0.216      0.000       1.496       2.342      *
    SNA_NA             1.903       0.247      0.000       1.479       2.451      *

 Intercepts
    PA                33.876       0.859      0.000      32.142      35.494      *
    NA                20.248       0.863      0.000      18.596      21.933      *
    SPR_PA             2.955       0.383      0.000       2.364       3.834      *
    SPR_NA            -1.169       0.153      0.000      -1.496      -0.887      *

 Variances
    SPA_PA             1.000       0.000      0.000       1.000       1.000
    SNA_NA             1.000       0.000      0.000       1.000       1.000

 Residual Variances
    PA                85.492      12.224      0.000      64.072     111.719      *
    NA                87.846      12.463      0.000      67.002     115.405      *
    SPR_PA             0.932       0.047      0.000       0.813       0.991      *
    SPR_NA             0.937       0.038      0.000       0.846       0.992      *


R-SQUARE

Within-Level R-Square Averaged Across Clusters

                                Posterior  One-Tailed         95% C.I.
    Variable        Estimate       S.D.      P-Value   Lower 2.5%  Upper 2.5%

    PA                 0.311       0.010      0.000       0.290       0.330
    NA                 0.199       0.009      0.000       0.181       0.216

Between Level

                                Posterior  One-Tailed         95% C.I.
    Variable        Estimate       S.D.      P-Value   Lower 2.5%  Upper 2.5%

    PA                 0.074       0.031      0.000       0.025       0.143
    NA                 0.094       0.035      0.000       0.037       0.170

                                Posterior  One-Tailed         95% C.I.
    Variable        Estimate       S.D.      P-Value   Lower 2.5%  Upper 2.5%

    SPR_PA             0.068       0.047      0.000       0.009       0.187
    SPR_NA             0.063       0.038      0.000       0.008       0.154


CREDIBILITY INTERVALS OF MODEL RESULTS

                  Lower .5%  Lower 2.5%    Lower 5%    Estimate    Upper 5%  Upper 2.5%   Upper .5%

Within Level

 NA       WITH
    PA             -46.841     -46.048     -45.676     -43.626     -41.613     -41.291     -40.307

 Means
    PER_EXPR        41.890      42.095      42.207      42.738      43.267      43.372      43.587

 Variances
    PER_EXPR       821.110     830.307     834.482     856.419     878.355     882.266     891.280

 Residual Variances
    PA             118.816     119.682     120.415     124.015     127.579     128.297     130.105
    NA              69.982      70.648      71.008      73.001      75.141      75.476      76.495

Between Level

 SPR_PA   ON
    ANHEDONIA       -0.003      -0.003      -0.002      -0.001       0.001       0.001       0.002
    BDI_SUM          0.000       0.001       0.002       0.004       0.006       0.007       0.008

 SPR_NA   ON
    ANHEDONIA       -0.001       0.000       0.000       0.001       0.003       0.003       0.003
    BDI_SUM         -0.006      -0.006      -0.005      -0.003      -0.001      -0.001       0.000

 PA       ON
    ANHEDONIA       -0.440      -0.367      -0.335      -0.181      -0.015       0.013       0.054
    BDI_SUM         -0.969      -0.868      -0.819      -0.568      -0.305      -0.256      -0.143

 NA       ON
    ANHEDONIA       -0.244      -0.184      -0.152      -0.008       0.141       0.169       0.218
    BDI_SUM          0.348       0.447       0.492       0.744       0.984       1.026       1.154

 NA       WITH
    PA             -24.105     -17.440     -15.184      -1.348      11.514      13.987      19.529

 Means
    SPA_PA           0.252       0.262       0.268       0.295       0.324       0.328       0.335
    SNA_NA           0.249       0.261       0.267       0.298       0.325       0.329       0.340

 Intercepts
    PA              31.627      32.142      32.401      33.876      35.237      35.494      35.975
    NA              17.901      18.596      18.862      20.248      21.671      21.933      22.520
    SPR_PA           0.180       0.185       0.188       0.202       0.215       0.217       0.222
    SPR_NA          -0.097      -0.092      -0.090      -0.078      -0.067      -0.065      -0.061

 Variances
    SPA_PA           0.015       0.018       0.019       0.025       0.034       0.036       0.040
    SNA_NA           0.014       0.016       0.017       0.024       0.034       0.036       0.038

 Residual Variances
    PA              59.618      64.072      67.510      85.492     107.223     111.719     122.581
    NA              62.128      67.002      70.001      87.846     109.513     115.405     129.109
    SPR_PA           0.002       0.002       0.003       0.004       0.006       0.007       0.008
    SPR_NA           0.002       0.003       0.003       0.004       0.006       0.006       0.007


CREDIBILITY INTERVALS OF STANDARDIZED MODEL RESULTS


STDYX Standardization

                  Lower .5%  Lower 2.5%    Lower 5%    Estimate    Upper 5%  Upper 2.5%   Upper .5%

Within Level

 NA       WITH
    PA               0.000      -0.476       0.000      -0.459       0.000      -0.440       0.000

 Means
    PER_EXPR         0.000       1.429       0.000       1.461       0.000       1.492       0.000

 Variances
    PER_EXPR         0.000       1.000       0.000       1.000       0.000       1.000       0.000

 Residual Variances
    PA               0.000       0.669       0.000       0.689       0.000       0.710       0.000
    NA               0.000       0.784       0.000       0.801       0.000       0.819       0.000

Between Level

 SPR_PA   ON
    ANHEDONIA       -0.277      -0.226      -0.203      -0.063       0.090       0.115       0.174
    BDI_SUM         -0.010       0.060       0.092       0.237       0.387       0.409       0.469

 SPR_NA   ON
    ANHEDONIA       -0.071      -0.027      -0.003       0.122       0.248       0.273       0.315
    BDI_SUM         -0.371      -0.343      -0.321      -0.208      -0.085      -0.054      -0.013

 PA       ON
    ANHEDONIA       -0.284      -0.239      -0.219      -0.119      -0.010       0.008       0.036
    BDI_SUM         -0.389      -0.351      -0.334      -0.237      -0.128      -0.109      -0.060

 NA       ON
    ANHEDONIA       -0.153      -0.116      -0.096      -0.005       0.091       0.110       0.138
    BDI_SUM          0.141       0.183       0.201       0.301       0.392       0.405       0.444

 NA       WITH
    PA              -0.253      -0.194      -0.166      -0.015       0.137       0.161       0.222

 Means
    SPA_PA           1.358       1.496       1.547       1.864       2.258       2.342       2.506
    SNA_NA           1.354       1.479       1.544       1.903       2.336       2.451       2.634

 Intercepts
    PA               2.902       3.051       3.120       3.525       3.957       4.048       4.240
    NA               1.643       1.767       1.813       2.053       2.310       2.371       2.453
    SPR_PA           2.156       2.364       2.461       2.955       3.664       3.834       4.348
    SPR_NA          -1.582      -1.496      -1.442      -1.169      -0.936      -0.887      -0.811

 Variances
    SPA_PA           1.000       1.000       1.000       1.000       1.000       1.000       1.000
    SNA_NA           1.000       1.000       1.000       1.000       1.000       1.000       1.000

 Residual Variances
    PA               0.836       0.856       0.869       0.926       0.969       0.975       0.984
    NA               0.794       0.829       0.841       0.906       0.956       0.963       0.976
    SPR_PA           0.758       0.813       0.836       0.932       0.985       0.991       0.997
    SPR_NA           0.808       0.846       0.862       0.937       0.986       0.992       0.996


STDY Standardization

                  Lower .5%  Lower 2.5%    Lower 5%    Estimate    Upper 5%  Upper 2.5%   Upper .5%

Within Level

 NA       WITH
    PA               0.000      -0.476       0.000      -0.459       0.000      -0.440       0.000

 Means
    PER_EXPR         0.000       1.429       0.000       1.461       0.000       1.492       0.000

 Variances
    PER_EXPR         0.000       1.000       0.000       1.000       0.000       1.000       0.000

 Residual Variances
    PA               0.000       0.669       0.000       0.689       0.000       0.710       0.000
    NA               0.000       0.784       0.000       0.801       0.000       0.819       0.000

Between Level

 SPR_PA   ON
    ANHEDONIA       -0.044      -0.036      -0.032      -0.010       0.014       0.018       0.028
    BDI_SUM         -0.002       0.015       0.023       0.059       0.097       0.102       0.118

 SPR_NA   ON
    ANHEDONIA       -0.011      -0.004       0.000       0.019       0.039       0.043       0.050
    BDI_SUM         -0.093      -0.086      -0.080      -0.052      -0.021      -0.014      -0.003

 PA       ON
    ANHEDONIA       -0.045      -0.038      -0.034      -0.019      -0.002       0.001       0.006
    BDI_SUM         -0.097      -0.088      -0.084      -0.059      -0.032      -0.027      -0.015

 NA       ON
    ANHEDONIA       -0.024      -0.018      -0.015      -0.001       0.014       0.017       0.022
    BDI_SUM          0.035       0.046       0.051       0.076       0.098       0.102       0.111

 NA       WITH
    PA              -0.253      -0.194      -0.166      -0.015       0.137       0.161       0.222

 Means
    SPA_PA           1.358       1.496       1.547       1.864       2.258       2.342       2.506
    SNA_NA           1.354       1.479       1.544       1.903       2.336       2.451       2.634

 Intercepts
    PA               2.902       3.051       3.120       3.525       3.957       4.048       4.240
    NA               1.643       1.767       1.813       2.053       2.310       2.371       2.453
    SPR_PA           2.156       2.364       2.461       2.955       3.664       3.834       4.348
    SPR_NA          -1.582      -1.496      -1.442      -1.169      -0.936      -0.887      -0.811

 Variances
    SPA_PA           1.000       1.000       1.000       1.000       1.000       1.000       1.000
    SNA_NA           1.000       1.000       1.000       1.000       1.000       1.000       1.000

 Residual Variances
    PA               0.836       0.856       0.869       0.926       0.969       0.975       0.984
    NA               0.794       0.829       0.841       0.906       0.956       0.963       0.976
    SPR_PA           0.758       0.813       0.836       0.932       0.985       0.991       0.997
    SPR_NA           0.808       0.846       0.862       0.937       0.986       0.992       0.996


STD Standardization

                  Lower .5%  Lower 2.5%    Lower 5%    Estimate    Upper 5%  Upper 2.5%   Upper .5%

Within Level

 NA       WITH
    PA               0.000     -46.048       0.000     -43.626       0.000     -41.291       0.000

 Means
    PER_EXPR         0.000      42.095       0.000      42.738       0.000      43.372       0.000

 Variances
    PER_EXPR         0.000     830.307       0.000     856.419       0.000     882.266       0.000

 Residual Variances
    PA               0.000     119.682       0.000     124.015       0.000     128.297       0.000
    NA               0.000      70.648       0.000      73.001       0.000      75.476       0.000

Between Level

 SPR_PA   ON
    ANHEDONIA       -0.044      -0.036      -0.032      -0.010       0.014       0.018       0.028
    BDI_SUM         -0.002       0.015       0.023       0.059       0.097       0.102       0.118

 SPR_NA   ON
    ANHEDONIA       -0.011      -0.004       0.000       0.019       0.039       0.043       0.050
    BDI_SUM         -0.093      -0.086      -0.080      -0.052      -0.021      -0.014      -0.003

 PA       ON
    ANHEDONIA       -0.440      -0.367      -0.335      -0.181      -0.015       0.013       0.054
    BDI_SUM         -0.969      -0.868      -0.819      -0.568      -0.305      -0.256      -0.143

 NA       ON
    ANHEDONIA       -0.244      -0.184      -0.152      -0.008       0.141       0.169       0.218
    BDI_SUM          0.348       0.447       0.492       0.744       0.984       1.026       1.154

 NA       WITH
    PA             -24.105     -17.440     -15.184      -1.348      11.514      13.987      19.529

 Means
    SPA_PA           1.358       1.496       1.547       1.864       2.258       2.342       2.506
    SNA_NA           1.354       1.479       1.544       1.903       2.336       2.451       2.634

 Intercepts
    PA              31.627      32.142      32.401      33.876      35.237      35.494      35.975
    NA              17.901      18.596      18.862      20.248      21.671      21.933      22.520
    SPR_PA           2.156       2.364       2.461       2.955       3.664       3.834       4.348
    SPR_NA          -1.582      -1.496      -1.442      -1.169      -0.936      -0.887      -0.811

 Variances
    SPA_PA           1.000       1.000       1.000       1.000       1.000       1.000       1.000
    SNA_NA           1.000       1.000       1.000       1.000       1.000       1.000       1.000

 Residual Variances
    PA              59.618      64.072      67.510      85.492     107.223     111.719     122.581
    NA              62.128      67.002      70.001      87.846     109.513     115.405     129.109
    SPR_PA           0.758       0.813       0.836       0.932       0.985       0.991       0.997
    SPR_NA           0.808       0.846       0.862       0.937       0.986       0.992       0.996


TECHNICAL 1 OUTPUT


     PARAMETER SPECIFICATION FOR WITHIN


           NU
              PER_EXPR      PA            NA            PA&1          NA&1
              ________      ________      ________      ________      ________
                    0             0             0             0             0


           LAMBDA
              PER_EXPR      PA            NA            PA&1          NA&1
              ________      ________      ________      ________      ________
 PER_EXPR           0             0             0             0             0
 PA                 0             0             0             0             0
 NA                 0             0             0             0             0
 PA&1               0             0             0             0             0
 NA&1               0             0             0             0             0


           THETA
              PER_EXPR      PA            NA            PA&1          NA&1
              ________      ________      ________      ________      ________
 PER_EXPR           0
 PA                 0             0
 NA                 0             0             0
 PA&1               0             0             0             0
 NA&1               0             0             0             0             0


           ALPHA
              PER_EXPR      PA            NA            PA&1          NA&1
              ________      ________      ________      ________      ________
                    1             0             0             0             0


           BETA
              PER_EXPR      PA            NA            PA&1          NA&1
              ________      ________      ________      ________      ________
 PER_EXPR           0             0             0             0             0
 PA                 0             0             0             0             0
 NA                 0             0             0             0             0
 PA&1               0             0             0             0             0
 NA&1               0             0             0             0             0


           PSI
              PER_EXPR      PA            NA            PA&1          NA&1
              ________      ________      ________      ________      ________
 PER_EXPR           2
 PA                 0             3
 NA                 0             4             5
 PA&1               0             0             0             0
 NA&1               0             0             0             0             0


     PARAMETER SPECIFICATION FOR BETWEEN


           NU
              PA            NA            ANHEDONI      BDI_SUM
              ________      ________      ________      ________
                    0             0             0             0


           LAMBDA
              SPR_PA        SPR_NA        SPA_PA        SNA_NA        PA
              ________      ________      ________      ________      ________
 PA                 0             0             0             0             0
 NA                 0             0             0             0             0
 ANHEDONI           0             0             0             0             0
 BDI_SUM            0             0             0             0             0


           LAMBDA
              NA            ANHEDONI      BDI_SUM
              ________      ________      ________
 PA                 0             0             0
 NA                 0             0             0
 ANHEDONI           0             0             0
 BDI_SUM            0             0             0


           THETA
              PA            NA            ANHEDONI      BDI_SUM
              ________      ________      ________      ________
 PA                 0
 NA                 0             0
 ANHEDONI           0             0             0
 BDI_SUM            0             0             0             0


           ALPHA
              SPR_PA        SPR_NA        SPA_PA        SNA_NA        PA
              ________      ________      ________      ________      ________
                    6             7             8             9            10


           ALPHA
              NA            ANHEDONI      BDI_SUM
              ________      ________      ________
                   11             0             0


           BETA
              SPR_PA        SPR_NA        SPA_PA        SNA_NA        PA
              ________      ________      ________      ________      ________
 SPR_PA             0             0             0             0             0
 SPR_NA             0             0             0             0             0
 SPA_PA             0             0             0             0             0
 SNA_NA             0             0             0             0             0
 PA                 0             0             0             0             0
 NA                 0             0             0             0             0
 ANHEDONI           0             0             0             0             0
 BDI_SUM            0             0             0             0             0


           BETA
              NA            ANHEDONI      BDI_SUM
              ________      ________      ________
 SPR_PA             0            12            13
 SPR_NA             0            14            15
 SPA_PA             0             0             0
 SNA_NA             0             0             0
 PA                 0            16            17
 NA                 0            18            19
 ANHEDONI           0             0             0
 BDI_SUM            0             0             0


           PSI
              SPR_PA        SPR_NA        SPA_PA        SNA_NA        PA
              ________      ________      ________      ________      ________
 SPR_PA            20
 SPR_NA             0            21
 SPA_PA             0             0            22
 SNA_NA             0             0             0            23
 PA                 0             0             0             0            24
 NA                 0             0             0             0            25
 ANHEDONI           0             0             0             0             0
 BDI_SUM            0             0             0             0             0


           PSI
              NA            ANHEDONI      BDI_SUM
              ________      ________      ________
 NA                26
 ANHEDONI           0             0
 BDI_SUM            0             0             0


     STARTING VALUES FOR WITHIN


           NU
              PER_EXPR      PA            NA            PA&1          NA&1
              ________      ________      ________      ________      ________
                0.000         0.000         0.000         0.000         0.000


           LAMBDA
              PER_EXPR      PA            NA            PA&1          NA&1
              ________      ________      ________      ________      ________
 PER_EXPR       1.000         0.000         0.000         0.000         0.000
 PA             0.000         1.000         0.000         0.000         0.000
 NA             0.000         0.000         1.000         0.000         0.000
 PA&1           0.000         0.000         0.000         1.000         0.000
 NA&1           0.000         0.000         0.000         0.000         1.000


           THETA
              PER_EXPR      PA            NA            PA&1          NA&1
              ________      ________      ________      ________      ________
 PER_EXPR       0.000
 PA             0.000         0.000
 NA             0.000         0.000         0.000
 PA&1           0.000         0.000         0.000         0.000
 NA&1           0.000         0.000         0.000         0.000         0.000


           ALPHA
              PER_EXPR      PA            NA            PA&1          NA&1
              ________      ________      ________      ________      ________
                0.000         0.000         0.000         0.000         0.000


           BETA
              PER_EXPR      PA            NA            PA&1          NA&1
              ________      ________      ________      ________      ________
 PER_EXPR       0.000         0.000         0.000         0.000         0.000
 PA             0.000         0.000         0.000         0.000         0.000
 NA             0.000         0.000         0.000         0.000         0.000
 PA&1           0.000         0.000         0.000         0.000         0.000
 NA&1           0.000         0.000         0.000         0.000         0.000


           PSI
              PER_EXPR      PA            NA            PA&1          NA&1
              ________      ________      ________      ________      ________
 PER_EXPR     426.246
 PA             0.000       150.803
 NA             0.000         0.000        82.455
 PA&1           0.000         0.000         0.000       150.883
 NA&1           0.000         0.000         0.000         0.000        82.346


     STARTING VALUES FOR BETWEEN


           NU
              PA            NA            ANHEDONI      BDI_SUM
              ________      ________      ________      ________
                0.000         0.000         0.000         0.000


           LAMBDA
              SPR_PA        SPR_NA        SPA_PA        SNA_NA        PA
              ________      ________      ________      ________      ________
 PA             0.000         0.000         0.000         0.000         1.000
 NA             0.000         0.000         0.000         0.000         0.000
 ANHEDONI       0.000         0.000         0.000         0.000         0.000
 BDI_SUM        0.000         0.000         0.000         0.000         0.000


           LAMBDA
              NA            ANHEDONI      BDI_SUM
              ________      ________      ________
 PA             0.000         0.000         0.000
 NA             1.000         0.000         0.000
 ANHEDONI       0.000         1.000         0.000
 BDI_SUM        0.000         0.000         1.000


           THETA
              PA            NA            ANHEDONI      BDI_SUM
              ________      ________      ________      ________
 PA             0.000
 NA             0.000         0.000
 ANHEDONI       0.000         0.000         0.000
 BDI_SUM        0.000         0.000         0.000         0.000


           ALPHA
              SPR_PA        SPR_NA        SPA_PA        SNA_NA        PA
              ________      ________      ________      ________      ________
                0.000         0.000         0.000         0.000        46.752


           ALPHA
              NA            ANHEDONI      BDI_SUM
              ________      ________      ________
               14.975         0.000         0.000


           BETA
              SPR_PA        SPR_NA        SPA_PA        SNA_NA        PA
              ________      ________      ________      ________      ________
 SPR_PA         0.000         0.000         0.000         0.000         0.000
 SPR_NA         0.000         0.000         0.000         0.000         0.000
 SPA_PA         0.000         0.000         0.000         0.000         0.000
 SNA_NA         0.000         0.000         0.000         0.000         0.000
 PA             0.000         0.000         0.000         0.000         0.000
 NA             0.000         0.000         0.000         0.000         0.000
 ANHEDONI       0.000         0.000         0.000         0.000         0.000
 BDI_SUM        0.000         0.000         0.000         0.000         0.000


           BETA
              NA            ANHEDONI      BDI_SUM
              ________      ________      ________
 SPR_PA         0.000         0.000         0.000
 SPR_NA         0.000         0.000         0.000
 SPA_PA         0.000         0.000         0.000
 SNA_NA         0.000         0.000         0.000
 PA             0.000         0.000         0.000
 NA             0.000         0.000         0.000
 ANHEDONI       0.000         0.000         0.000
 BDI_SUM        0.000         0.000         0.000


           PSI
              SPR_PA        SPR_NA        SPA_PA        SNA_NA        PA
              ________      ________      ________      ________      ________
 SPR_PA         1.000
 SPR_NA         0.000         1.000
 SPA_PA         0.000         0.000         1.000
 SNA_NA         0.000         0.000         0.000         1.000
 PA             0.000         0.000         0.000         0.000       150.803
 NA             0.000         0.000         0.000         0.000         0.000
 ANHEDONI       0.000         0.000         0.000         0.000         0.000
 BDI_SUM        0.000         0.000         0.000         0.000         0.000


           PSI
              NA            ANHEDONI      BDI_SUM
              ________      ________      ________
 NA            82.455
 ANHEDONI       0.000        40.163
 BDI_SUM        0.000         0.000        15.903



     PRIORS FOR ALL PARAMETERS            PRIOR MEAN      PRIOR VARIANCE     PRIOR STD. DEV.

     Parameter 1~N(0.000,infinity)           0.0000            infinity            infinity
     Parameter 2~IG(-1.000,0.000)          infinity            infinity            infinity
     Parameter 3~IW(0.000,-3)              infinity            infinity            infinity
     Parameter 4~IW(0.000,-3)              infinity            infinity            infinity
     Parameter 5~IW(0.000,-3)              infinity            infinity            infinity
     Parameter 6~N(0.000,infinity)           0.0000            infinity            infinity
     Parameter 7~N(0.000,infinity)           0.0000            infinity            infinity
     Parameter 8~N(0.000,infinity)           0.0000            infinity            infinity
     Parameter 9~N(0.000,infinity)           0.0000            infinity            infinity
     Parameter 10~N(0.000,infinity)          0.0000            infinity            infinity
     Parameter 11~N(0.000,infinity)          0.0000            infinity            infinity
     Parameter 12~N(0.000,infinity)          0.0000            infinity            infinity
     Parameter 13~N(0.000,infinity)          0.0000            infinity            infinity
     Parameter 14~N(0.000,infinity)          0.0000            infinity            infinity
     Parameter 15~N(0.000,infinity)          0.0000            infinity            infinity
     Parameter 16~N(0.000,infinity)          0.0000            infinity            infinity
     Parameter 17~N(0.000,infinity)          0.0000            infinity            infinity
     Parameter 18~N(0.000,infinity)          0.0000            infinity            infinity
     Parameter 19~N(0.000,infinity)          0.0000            infinity            infinity
     Parameter 20~IG(-1.000,0.000)         infinity            infinity            infinity
     Parameter 21~IG(-1.000,0.000)         infinity            infinity            infinity
     Parameter 22~IG(-1.000,0.000)         infinity            infinity            infinity
     Parameter 23~IG(-1.000,0.000)         infinity            infinity            infinity
     Parameter 24~IW(0.000,-3)             infinity            infinity            infinity
     Parameter 25~IW(0.000,-3)             infinity            infinity            infinity
     Parameter 26~IW(0.000,-3)             infinity            infinity            infinity


TECHNICAL 8 OUTPUT


   TECHNICAL 8 OUTPUT FOR BAYES ESTIMATION

     PROCESSOR    BSEED
     1            0
     2            285380
     3            253358
     4            93468
     5            608496
     6            903420
     7            195873
     8            462953
     9            939021
     10           127215
     11           415931
     12           533738
     13           107446
     14           399671
     15           650371
     16           27071

                     POTENTIAL       PARAMETER WITH
     ITERATION    SCALE REDUCTION      HIGHEST PSR
     100              1.218               6
     200              1.170               8
     300              1.055               6
     400              1.056               8
     500              1.022               9
     600              1.009               23
     700              1.023               8
     800              1.024               8
     900              1.010               10
     1000             1.012               6
     1100             1.005               16
     1200             1.007               16
     1300             1.005               16
     1400             1.004               1
     1500             1.007               16
     1600             1.003               16
     1700             1.002               24
     1800             1.003               24
     1900             1.002               6
     2000             1.006               6


PLOT INFORMATION

The following plots are available:

  Histograms (sample values)
  Scatterplots (sample values)
  Between-level histograms (sample values, sample means/variances)
  Between-level scatterplots (sample values, sample means/variances)
  Time series plots (sample values, ACF, PACF)
  Histogram of subjects per time point
  Time interval plots
  Bayesian posterior parameter distributions
  Bayesian posterior parameter trace plots
  Bayesian autocorrelation plots

     Beginning Time:  06:46:04
        Ending Time:  06:47:37
       Elapsed Time:  00:01:33



MUTHEN & MUTHEN
3463 Stoner Ave.
Los Angeles, CA  90066

Tel: (310) 391-9971
Fax: (310) 391-8971
Web: www.StatModel.com
Support: Support@StatModel.com

Copyright (c) 1998-2022 Muthen & Muthen
