Mplus VERSION 8.8
MUTHEN & MUTHEN
08/26/2023   6:30 AM

INPUT INSTRUCTIONS


  DATA:
  FILE IS data11.dat;

  VARIABLE:   NAMES =
  	    Eth_ID Time Time_between Time_inc
  	    PA_enth NA_irri NA_verv PA_tevr PA_ener
       	    PA_kalm NA_nerv PA_daadk NA_verdr
  	    PA_vrol NA_boos PA_dankb NA_somb PER_att
      	    PER_refl PER_self PER_expr PER_damp
  	    PER_codamp PER_capit Sample age_yr gesl BDI
      	    Measures_valid BDI_anh Anhedonia
   	    BDI_sum PA NA day compliance;

              USEVARIABLES are PER_expr PA NA Anhedonia BDI_sum ;
              MISSING is .;
              within = PER_expr;
              between = Anhedonia BDI_sum;
              cluster = Eth_ID;
              lagged= PA NA(1);
              tinterval=Time_inc (150);


  DEFINE:     CENTER Anhedonia BDI_sum (grandmean);

  ANALYSIS:   type = twolevel random;
              estimator = Bayes;
              biterations=(2000);
              bconvergence=0.005;
              thin=2;
              PROCESSORS=16;
  MODEL:
  %WITHIN%
  sPR_PA | PA on PER_expr;
  sPR_NA | NA on PER_expr;
  sPA_PA | PA on PA&1;
  sNA_NA | NA on NA&1;
  [PER_expr];


  %between%
  sPR_PA sPR_NA on Anhedonia BDI_sum ;
  PA NA on Anhedonia BDI_sum ;


  OUTPUT: standardized tech1 tech8 cinterval patterns;
  PLOT: TYPE = PLOT3;



*** WARNING in VARIABLE command
  Note that only the first 8 characters of variable names are used in the output.
  Shorten variable names to avoid any confusion.
*** WARNING in PLOT command
  Note that only the first 8 characters of variable names are used in plots.
  If variable names are not unique within the first 8 characters, problems
  may occur.
*** WARNING
  Data set contains cases with missing on all variables.  Cases that appeared before the first
  case with observed data and that appeared after the last case with observed data were not
  included in the analysis.  Number of deleted cases:  679
   3 WARNING(S) FOUND IN THE INPUT INSTRUCTIONS




SUMMARY OF ANALYSIS

Number of groups                                                 1
Number of observations                                       20160

Number of dependent variables                                    2
Number of independent variables                                  5
Number of continuous latent variables                            4

Observed dependent variables

  Continuous
   PA          NA

Observed independent variables
   PER_EXPR    ANHEDONI    BDI_SUM     PA&1        NA&1

Continuous latent variables
   SPR_PA      SPR_NA      SPA_PA      SNA_NA

Variables with special functions

  Cluster variable      ETH_ID

  Within variables
   PER_EXPR    PA&1        NA&1

  Between variables
   ANHEDONI    BDI_SUM

  Centering (GRANDMEAN)
   ANHEDONI    BDI_SUM


Estimator                                                    BAYES
Specifications for Bayesian Estimation
  Point estimate                                            MEDIAN
  Number of Markov chain Monte Carlo (MCMC) chains               2
  Random seed for the first chain                                0
  Starting value information                           UNPERTURBED
  Algorithm used for Markov chain Monte Carlo           GIBBS(PX1)
  Convergence criterion                                  0.500D-02
  Maximum number of iterations                               50000
  K-th iteration used for thinning                               2

Input data file(s)
  data11.dat
Input data format  FREE


SUMMARY OF DATA

     Number of clusters                        159

       Size (s)    Cluster ID with Size s

         56        28
         80        82
         84        87
         88        72
         97        34
        101        10
        105        52
        108        119
        111        36
        113        182
        115        89 131
        116        15 188 75 77
        117        11
        118        16 66 49 57 195
        119        197 71 48 149 50 92 38 186 163 106
        120        55 168 7 108 148 192 61 98 165
        122        174
        123        127
        124        161 117 103 51
        125        53 54 13 40 44 88 30 68 100 93 105 112 123 73
        126        107 172 173 102 65 109 111 80 76 120
        127        70 177 133 62 139 118 110 25 115 67 46 104 178 126 193
                   32 86 198 147
        128        43 153 59 156 96 180 18 5
        129        141 144 125 3 185 146 135 190 187 39 137 116 69
        130        138 166 97 14
        133        191
        134        2
        135        194 63 60 183 201 200
        136        26 56
        137        95 4 9 22 19 42
        138        132 29 94
        139        45 74 35 37 84 21 79 145 114
        142        27
        143        179
        144        170 24 171
        145        1 124 162 20
        146        151 6 167
        147        142 31
        148        159 176



SUMMARY OF MISSING DATA PATTERNS

     Number of missing data patterns            13


     MISSING DATA PATTERNS (x = not missing)

           1  2  3  4  5  6  7  8  9 10 11 12 13
 PER_EXPR  x  x              x     x     x     x
 PA        x  x        x  x     x  x     x  x
 NA        x  x        x  x        x  x  x
 PA&1      x     x        x  x     x        x
 NA&1      x     x        x  x           x  x
 ANHEDONI  x  x  x  x  x  x  x  x  x  x  x  x  x
 BDI_SUM   x  x  x  x  x  x  x  x  x  x  x  x  x


     MISSING DATA PATTERN FREQUENCIES

    Pattern   Frequency     Pattern   Frequency     Pattern   Frequency
          1        4886           6          52          11           1
          2        3223           7           3          12           1
          3        3121           8           4          13           1
          4        8808           9           5
          5          54          10           1


COVARIANCE COVERAGE OF DATA

Minimum covariance coverage value   0.100


     PROPORTION OF DATA PRESENT


           Covariance Coverage
              PER_EXPR      PA            NA            ANHEDONI      BDI_SUM
              ________      ________      ________      ________      ________
 PER_EXPR       0.403
 PA             0.403         0.408
 NA             0.403         0.408         0.408
 ANHEDONI       0.403         0.408         0.408         1.000
 BDI_SUM        0.403         0.408         0.408         1.000         1.000



UNIVARIATE SAMPLE STATISTICS


     UNIVARIATE HIGHER-ORDER MOMENT DESCRIPTIVE STATISTICS

         Variable/         Mean/     Skewness/   Minimum/ % with                Percentiles
        Sample Size      Variance    Kurtosis    Maximum  Min/Max      20%/60%    40%/80%    Median

     PER_EXPR             42.897       0.009       0.000    6.37%       8.000     35.000     47.000
            8119.000     852.491      -1.197     100.000    2.32%      55.000     70.000
     PA                   45.572      -0.010       0.000    0.29%      30.857     41.571     46.143
            8226.000     302.012      -0.210     100.000    0.07%      50.286     60.286
     NA                   15.167       1.446       0.000    8.12%       4.800      9.000     11.400
            8222.000     179.158       2.137      89.400    0.01%      14.400     23.400
     ANHEDONIA             0.000       0.630     -18.380    0.63%      -7.330     -2.924     -0.934
             159.000      79.008       0.606      29.966    0.63%       1.234      6.118
     BDI_SUM               0.000       0.851      -8.050    3.77%      -5.050     -3.050     -1.050
             159.000      31.821       0.278      16.950    1.26%      -0.050      3.950


THE MODEL ESTIMATION TERMINATED NORMALLY

     USE THE FBITERATIONS OPTION TO INCREASE THE NUMBER OF ITERATIONS BY A FACTOR
     OF AT LEAST TWO TO CHECK CONVERGENCE AND THAT THE PSR VALUE DOES NOT INCREASE.



MODEL FIT INFORMATION

Number of Free Parameters                              26

Information Criteria

          Deviance (DIC)                       520136.190
          Estimated Number of Parameters (pD)   32165.564



MODEL RESULTS

                                Posterior  One-Tailed         95% C.I.
                    Estimate       S.D.      P-Value   Lower 2.5%  Upper 2.5%  Significance

Within Level

 NA       WITH
    PA               -45.567       1.286      0.000     -48.151     -43.132      *

 Means
    PER_EXPR          42.751       0.325      0.000      42.112      43.385      *

 Variances
    PER_EXPR         856.102      13.114      0.000     829.939     881.942      *

 Residual Variances
    PA               116.916       2.043      0.000     112.841     120.938      *
    NA                83.092       1.411      0.000      80.401      85.896      *

Between Level

 SPR_PA     ON
    ANHEDONIA         -0.001       0.001      0.194      -0.003       0.001
    BDI_SUM            0.003       0.001      0.015       0.000       0.006      *

 SPR_NA     ON
    ANHEDONIA          0.002       0.001      0.032       0.000       0.003
    BDI_SUM           -0.004       0.001      0.001      -0.007      -0.001      *

 PA         ON
    ANHEDONIA         -0.166       0.100      0.056      -0.357       0.031
    BDI_SUM           -0.517       0.161      0.000      -0.821      -0.196      *

 NA         ON
    ANHEDONIA         -0.047       0.094      0.310      -0.229       0.136
    BDI_SUM            0.784       0.154      0.000       0.475       1.072      *

 NA       WITH
    PA                -1.159       8.527      0.449     -18.812      15.294

 Means
    SPA_PA             0.296       0.017      0.000       0.263       0.329      *
    SNA_NA             0.289       0.017      0.000       0.253       0.319      *

 Intercepts
    PA                32.554       0.883      0.000      30.760      34.228      *
    NA                20.886       0.890      0.000      19.189      22.660      *
    SPR_PA             0.204       0.008      0.000       0.188       0.219      *
    SPR_NA            -0.087       0.008      0.000      -0.102      -0.073      *

 Variances
    SPA_PA             0.024       0.004      0.000       0.017       0.034      *
    SNA_NA             0.023       0.005      0.000       0.015       0.034      *

 Residual Variances
    PA                93.255      13.223      0.000      70.208     120.566      *
    NA                92.902      13.221      0.000      70.983     122.579      *
    SPR_PA             0.004       0.001      0.000       0.003       0.007      *
    SPR_NA             0.005       0.001      0.000       0.003       0.007      *


STANDARDIZED MODEL RESULTS


STDYX Standardization

                                Posterior  One-Tailed         95% C.I.
                    Estimate       S.D.      P-Value   Lower 2.5%  Upper 2.5%  Significance

Within-Level Standardized Estimates Averaged Over Clusters

 SPR_PA | PA ON
    PER_EXPR           0.442       0.011      0.000       0.421       0.464      *

 SPA_PA | PA ON
    PA&1               0.297       0.012      0.000       0.274       0.318      *

 SPR_NA | NA ON
    PER_EXPR          -0.238       0.014      0.000      -0.264      -0.211      *

 SNA_NA | NA ON
    NA&1               0.288       0.012      0.000       0.263       0.312      *

 NA       WITH
    PA                -0.463       0.009      0.000      -0.480      -0.444      *

 Means
    PER_EXPR           1.461       0.016      0.000       1.430       1.492      *

 Variances
    PER_EXPR           1.000       0.000      0.000       1.000       1.000

 Residual Variances
    PA                 0.677       0.010      0.000       0.657       0.698      *
    NA                 0.803       0.009      0.000       0.785       0.820      *

Between Level

 SPR_PA     ON
    ANHEDONIA         -0.080       0.087      0.194      -0.239       0.099
    BDI_SUM            0.200       0.088      0.015       0.024       0.366      *

 SPR_NA     ON
    ANHEDONIA          0.138       0.075      0.032      -0.007       0.288
    BDI_SUM           -0.223       0.072      0.001      -0.358      -0.072      *

 PA         ON
    ANHEDONIA         -0.106       0.063      0.056      -0.225       0.018
    BDI_SUM           -0.208       0.063      0.000      -0.323      -0.079      *

 NA         ON
    ANHEDONIA         -0.029       0.058      0.310      -0.141       0.087
    BDI_SUM            0.308       0.058      0.000       0.189       0.412      *

 NA       WITH
    PA                -0.012       0.090      0.449      -0.188       0.166

 Means
    SPA_PA             1.892       0.220      0.000       1.517       2.374      *
    SNA_NA             1.896       0.251      0.000       1.482       2.456      *

 Intercepts
    PA                 3.276       0.237      0.000       2.840       3.754      *
    NA                 2.057       0.153      0.000       1.769       2.366      *
    SPR_PA             2.987       0.376      0.000       2.402       3.825      *
    SPR_NA            -1.205       0.153      0.000      -1.527      -0.923      *

 Variances
    SPA_PA             1.000       0.000      0.000       1.000       1.000
    SNA_NA             1.000       0.000      0.000       1.000       1.000

 Residual Variances
    PA                 0.942       0.027      0.000       0.878       0.983      *
    NA                 0.901       0.036      0.000       0.822       0.961      *
    SPR_PA             0.947       0.041      0.000       0.838       0.994      *
    SPR_NA             0.925       0.041      0.000       0.832       0.987      *


STDY Standardization

                                Posterior  One-Tailed         95% C.I.
                    Estimate       S.D.      P-Value   Lower 2.5%  Upper 2.5%  Significance

Within-Level Standardized Estimates Averaged Over Clusters

 SPR_PA | PA ON
    PER_EXPR           0.442       0.011      0.000       0.421       0.464      *

 SPA_PA | PA ON
    PA&1               0.022       0.001      0.000       0.020       0.024      *

 SPR_NA | NA ON
    PER_EXPR          -0.238       0.014      0.000      -0.264      -0.211      *

 SNA_NA | NA ON
    NA&1               0.027       0.001      0.000       0.025       0.030      *

 NA       WITH
    PA                -0.463       0.009      0.000      -0.480      -0.444      *

 Means
    PER_EXPR           1.461       0.016      0.000       1.430       1.492      *

 Variances
    PER_EXPR           1.000       0.000      0.000       1.000       1.000

 Residual Variances
    PA                 0.677       0.010      0.000       0.657       0.698      *
    NA                 0.803       0.009      0.000       0.785       0.820      *

Between Level

 SPR_PA     ON
    ANHEDONIA         -0.013       0.014      0.194      -0.038       0.016
    BDI_SUM            0.050       0.022      0.015       0.006       0.092      *

 SPR_NA     ON
    ANHEDONIA          0.022       0.012      0.032      -0.001       0.045
    BDI_SUM           -0.056       0.018      0.001      -0.090      -0.018      *

 PA         ON
    ANHEDONIA         -0.017       0.010      0.056      -0.036       0.003
    BDI_SUM           -0.052       0.016      0.000      -0.081      -0.020      *

 NA         ON
    ANHEDONIA         -0.005       0.009      0.310      -0.022       0.014
    BDI_SUM            0.077       0.015      0.000       0.047       0.103      *

 NA       WITH
    PA                -0.012       0.090      0.449      -0.188       0.166

 Means
    SPA_PA             1.892       0.220      0.000       1.517       2.374      *
    SNA_NA             1.896       0.251      0.000       1.482       2.456      *

 Intercepts
    PA                 3.276       0.237      0.000       2.840       3.754      *
    NA                 2.057       0.153      0.000       1.769       2.366      *
    SPR_PA             2.987       0.376      0.000       2.402       3.825      *
    SPR_NA            -1.205       0.153      0.000      -1.527      -0.923      *

 Variances
    SPA_PA             1.000       0.000      0.000       1.000       1.000
    SNA_NA             1.000       0.000      0.000       1.000       1.000

 Residual Variances
    PA                 0.942       0.027      0.000       0.878       0.983      *
    NA                 0.901       0.036      0.000       0.822       0.961      *
    SPR_PA             0.947       0.041      0.000       0.838       0.994      *
    SPR_NA             0.925       0.041      0.000       0.832       0.987      *


STD Standardization

                                Posterior  One-Tailed         95% C.I.
                    Estimate       S.D.      P-Value   Lower 2.5%  Upper 2.5%  Significance

Within-Level Standardized Estimates Averaged Over Clusters

 SPR_PA | PA ON
    PER_EXPR           0.204       0.006      0.000       0.192       0.216      *

 SPA_PA | PA ON
    PA&1               0.297       0.012      0.000       0.274       0.318      *

 SPR_NA | NA ON
    PER_EXPR          -0.087       0.005      0.000      -0.097      -0.077      *

 SNA_NA | NA ON
    NA&1               0.288       0.012      0.000       0.263       0.312      *

 NA       WITH
    PA               -45.567       1.286      0.000     -48.151     -43.132      *

 Means
    PER_EXPR          42.751       0.325      0.000      42.112      43.385      *

 Variances
    PER_EXPR         856.102      13.114      0.000     829.939     881.942      *

 Residual Variances
    PA               116.916       2.043      0.000     112.841     120.938      *
    NA                83.092       1.411      0.000      80.401      85.896      *

Between Level

 SPR_PA     ON
    ANHEDONIA         -0.013       0.014      0.194      -0.038       0.016
    BDI_SUM            0.050       0.022      0.015       0.006       0.092      *

 SPR_NA     ON
    ANHEDONIA          0.022       0.012      0.032      -0.001       0.045
    BDI_SUM           -0.056       0.018      0.001      -0.090      -0.018      *

 PA         ON
    ANHEDONIA         -0.166       0.100      0.056      -0.357       0.031
    BDI_SUM           -0.517       0.161      0.000      -0.821      -0.196      *

 NA         ON
    ANHEDONIA         -0.047       0.094      0.310      -0.229       0.136
    BDI_SUM            0.784       0.154      0.000       0.475       1.072      *

 NA       WITH
    PA                -1.159       8.527      0.449     -18.812      15.294

 Means
    SPA_PA             1.892       0.220      0.000       1.517       2.374      *
    SNA_NA             1.896       0.251      0.000       1.482       2.456      *

 Intercepts
    PA                32.554       0.883      0.000      30.760      34.228      *
    NA                20.886       0.890      0.000      19.189      22.660      *
    SPR_PA             2.987       0.376      0.000       2.402       3.825      *
    SPR_NA            -1.205       0.153      0.000      -1.527      -0.923      *

 Variances
    SPA_PA             1.000       0.000      0.000       1.000       1.000
    SNA_NA             1.000       0.000      0.000       1.000       1.000

 Residual Variances
    PA                93.255      13.223      0.000      70.208     120.566      *
    NA                92.902      13.221      0.000      70.983     122.579      *
    SPR_PA             0.947       0.041      0.000       0.838       0.994      *
    SPR_NA             0.925       0.041      0.000       0.832       0.987      *


R-SQUARE

Within-Level R-Square Averaged Across Clusters

                                Posterior  One-Tailed         95% C.I.
    Variable        Estimate       S.D.      P-Value   Lower 2.5%  Upper 2.5%

    PA                 0.323       0.010      0.000       0.302       0.343
    NA                 0.197       0.009      0.000       0.180       0.215

Between Level

                                Posterior  One-Tailed         95% C.I.
    Variable        Estimate       S.D.      P-Value   Lower 2.5%  Upper 2.5%

    PA                 0.058       0.027      0.000       0.017       0.122
    NA                 0.099       0.036      0.000       0.039       0.177

                                Posterior  One-Tailed         95% C.I.
    Variable        Estimate       S.D.      P-Value   Lower 2.5%  Upper 2.5%

    SPR_PA             0.053       0.041      0.000       0.005       0.160
    SPR_NA             0.075       0.041      0.000       0.013       0.168


CREDIBILITY INTERVALS OF MODEL RESULTS

                  Lower .5%  Lower 2.5%    Lower 5%    Estimate    Upper 5%  Upper 2.5%   Upper .5%

Within Level

 NA       WITH
    PA             -48.950     -48.151     -47.701     -45.567     -43.502     -43.132     -42.116

 Means
    PER_EXPR        41.903      42.112      42.217      42.751      43.271      43.385      43.606

 Variances
    PER_EXPR       821.120     829.939     834.202     856.102     877.894     881.942     891.357

 Residual Variances
    PA             111.972     112.841     113.510     116.916     120.292     120.938     122.717
    NA              79.654      80.401      80.839      83.092      85.576      85.896      87.011

Between Level

 SPR_PA   ON
    ANHEDONIA       -0.003      -0.003      -0.002      -0.001       0.001       0.001       0.002
    BDI_SUM         -0.001       0.000       0.001       0.003       0.006       0.006       0.007

 SPR_NA   ON
    ANHEDONIA       -0.001       0.000       0.000       0.002       0.003       0.003       0.004
    BDI_SUM         -0.007      -0.007      -0.006      -0.004      -0.002      -0.001       0.000

 PA       ON
    ANHEDONIA       -0.429      -0.357      -0.325      -0.166       0.004       0.031       0.073
    BDI_SUM         -0.936      -0.821      -0.774      -0.517      -0.245      -0.196      -0.077

 NA       ON
    ANHEDONIA       -0.295      -0.229      -0.198      -0.047       0.106       0.136       0.183
    BDI_SUM          0.375       0.475       0.525       0.784       1.033       1.072       1.207

 NA       WITH
    PA             -25.277     -18.812     -16.088      -1.159      12.744      15.294      21.311

 Means
    SPA_PA           0.254       0.263       0.269       0.296       0.324       0.329       0.335
    SNA_NA           0.241       0.253       0.259       0.289       0.315       0.319       0.329

 Intercepts
    PA              30.215      30.760      31.047      32.554      33.957      34.228      34.729
    NA              18.467      19.189      19.476      20.886      22.364      22.660      23.206
    SPR_PA           0.182       0.188       0.190       0.204       0.217       0.219       0.225
    SPR_NA          -0.107      -0.102      -0.099      -0.087      -0.075      -0.073      -0.068

 Variances
    SPA_PA           0.015       0.017       0.018       0.024       0.033       0.034       0.039
    SNA_NA           0.013       0.015       0.016       0.023       0.032       0.034       0.037

 Residual Variances
    PA              65.641      70.208      73.684      93.255     116.597     120.566     133.316
    NA              65.393      70.983      74.096      92.902     115.831     122.579     136.758
    SPR_PA           0.002       0.003       0.003       0.004       0.006       0.007       0.008
    SPR_NA           0.003       0.003       0.003       0.005       0.007       0.007       0.008


CREDIBILITY INTERVALS OF STANDARDIZED MODEL RESULTS


STDYX Standardization

                  Lower .5%  Lower 2.5%    Lower 5%    Estimate    Upper 5%  Upper 2.5%   Upper .5%

Within Level

 NA       WITH
    PA               0.000      -0.480       0.000      -0.463       0.000      -0.444       0.000

 Means
    PER_EXPR         0.000       1.430       0.000       1.461       0.000       1.492       0.000

 Variances
    PER_EXPR         0.000       1.000       0.000       1.000       0.000       1.000       0.000

 Residual Variances
    PA               0.000       0.657       0.000       0.677       0.000       0.698       0.000
    NA               0.000       0.785       0.000       0.803       0.000       0.820       0.000

Between Level

 SPR_PA   ON
    ANHEDONIA       -0.293      -0.239      -0.217      -0.080       0.072       0.099       0.156
    BDI_SUM         -0.045       0.024       0.057       0.200       0.342       0.366       0.417

 SPR_NA   ON
    ANHEDONIA       -0.049      -0.007       0.016       0.138       0.262       0.288       0.330
    BDI_SUM         -0.392      -0.358      -0.339      -0.223      -0.101      -0.072      -0.024

 PA       ON
    ANHEDONIA       -0.268      -0.225      -0.206      -0.106       0.002       0.018       0.047
    BDI_SUM         -0.362      -0.323      -0.306      -0.208      -0.099      -0.079      -0.032

 NA       ON
    ANHEDONIA       -0.173      -0.141      -0.121      -0.029       0.067       0.087       0.111
    BDI_SUM          0.152       0.189       0.209       0.308       0.398       0.412       0.449

 NA       WITH
    PA              -0.249      -0.188      -0.164      -0.012       0.140       0.166       0.224

 Means
    SPA_PA           1.389       1.517       1.576       1.892       2.292       2.374       2.556
    SNA_NA           1.332       1.482       1.538       1.896       2.344       2.456       2.693

 Intercepts
    PA               2.695       2.840       2.897       3.276       3.681       3.754       3.928
    NA               1.648       1.769       1.815       2.057       2.311       2.366       2.459
    SPR_PA           2.182       2.402       2.490       2.987       3.696       3.825       4.375
    SPR_NA          -1.636      -1.527      -1.468      -1.205      -0.969      -0.923      -0.844

 Variances
    SPA_PA           1.000       1.000       1.000       1.000       1.000       1.000       1.000
    SNA_NA           1.000       1.000       1.000       1.000       1.000       1.000       1.000

 Residual Variances
    PA               0.860       0.878       0.890       0.942       0.978       0.983       0.989
    NA               0.787       0.822       0.834       0.901       0.953       0.961       0.976
    SPR_PA           0.796       0.838       0.861       0.947       0.991       0.994       0.999
    SPR_NA           0.790       0.832       0.846       0.925       0.982       0.987       0.993


STDY Standardization

                  Lower .5%  Lower 2.5%    Lower 5%    Estimate    Upper 5%  Upper 2.5%   Upper .5%

Within Level

 NA       WITH
    PA               0.000      -0.480       0.000      -0.463       0.000      -0.444       0.000

 Means
    PER_EXPR         0.000       1.430       0.000       1.461       0.000       1.492       0.000

 Variances
    PER_EXPR         0.000       1.000       0.000       1.000       0.000       1.000       0.000

 Residual Variances
    PA               0.000       0.657       0.000       0.677       0.000       0.698       0.000
    NA               0.000       0.785       0.000       0.803       0.000       0.820       0.000

Between Level

 SPR_PA   ON
    ANHEDONIA       -0.046      -0.038      -0.034      -0.013       0.011       0.016       0.025
    BDI_SUM         -0.011       0.006       0.014       0.050       0.086       0.092       0.105

 SPR_NA   ON
    ANHEDONIA       -0.008      -0.001       0.003       0.022       0.041       0.045       0.052
    BDI_SUM         -0.098      -0.090      -0.085      -0.056      -0.025      -0.018      -0.006

 PA       ON
    ANHEDONIA       -0.042      -0.036      -0.032      -0.017       0.000       0.003       0.007
    BDI_SUM         -0.091      -0.081      -0.077      -0.052      -0.025      -0.020      -0.008

 NA       ON
    ANHEDONIA       -0.027      -0.022      -0.019      -0.005       0.011       0.014       0.018
    BDI_SUM          0.038       0.047       0.052       0.077       0.100       0.103       0.113

 NA       WITH
    PA              -0.249      -0.188      -0.164      -0.012       0.140       0.166       0.224

 Means
    SPA_PA           1.389       1.517       1.576       1.892       2.292       2.374       2.556
    SNA_NA           1.332       1.482       1.538       1.896       2.344       2.456       2.693

 Intercepts
    PA               2.695       2.840       2.897       3.276       3.681       3.754       3.928
    NA               1.648       1.769       1.815       2.057       2.311       2.366       2.459
    SPR_PA           2.182       2.402       2.490       2.987       3.696       3.825       4.375
    SPR_NA          -1.636      -1.527      -1.468      -1.205      -0.969      -0.923      -0.844

 Variances
    SPA_PA           1.000       1.000       1.000       1.000       1.000       1.000       1.000
    SNA_NA           1.000       1.000       1.000       1.000       1.000       1.000       1.000

 Residual Variances
    PA               0.860       0.878       0.890       0.942       0.978       0.983       0.989
    NA               0.787       0.822       0.834       0.901       0.953       0.961       0.976
    SPR_PA           0.796       0.838       0.861       0.947       0.991       0.994       0.999
    SPR_NA           0.790       0.832       0.846       0.925       0.982       0.987       0.993


STD Standardization

                  Lower .5%  Lower 2.5%    Lower 5%    Estimate    Upper 5%  Upper 2.5%   Upper .5%

Within Level

 NA       WITH
    PA               0.000     -48.151       0.000     -45.567       0.000     -43.132       0.000

 Means
    PER_EXPR         0.000      42.112       0.000      42.751       0.000      43.385       0.000

 Variances
    PER_EXPR         0.000     829.939       0.000     856.102       0.000     881.942       0.000

 Residual Variances
    PA               0.000     112.841       0.000     116.916       0.000     120.938       0.000
    NA               0.000      80.401       0.000      83.092       0.000      85.896       0.000

Between Level

 SPR_PA   ON
    ANHEDONIA       -0.046      -0.038      -0.034      -0.013       0.011       0.016       0.025
    BDI_SUM         -0.011       0.006       0.014       0.050       0.086       0.092       0.105

 SPR_NA   ON
    ANHEDONIA       -0.008      -0.001       0.003       0.022       0.041       0.045       0.052
    BDI_SUM         -0.098      -0.090      -0.085      -0.056      -0.025      -0.018      -0.006

 PA       ON
    ANHEDONIA       -0.429      -0.357      -0.325      -0.166       0.004       0.031       0.073
    BDI_SUM         -0.936      -0.821      -0.774      -0.517      -0.245      -0.196      -0.077

 NA       ON
    ANHEDONIA       -0.295      -0.229      -0.198      -0.047       0.106       0.136       0.183
    BDI_SUM          0.375       0.475       0.525       0.784       1.033       1.072       1.207

 NA       WITH
    PA             -25.277     -18.812     -16.088      -1.159      12.744      15.294      21.311

 Means
    SPA_PA           1.389       1.517       1.576       1.892       2.292       2.374       2.556
    SNA_NA           1.332       1.482       1.538       1.896       2.344       2.456       2.693

 Intercepts
    PA              30.215      30.760      31.047      32.554      33.957      34.228      34.729
    NA              18.467      19.189      19.476      20.886      22.364      22.660      23.206
    SPR_PA           2.182       2.402       2.490       2.987       3.696       3.825       4.375
    SPR_NA          -1.636      -1.527      -1.468      -1.205      -0.969      -0.923      -0.844

 Variances
    SPA_PA           1.000       1.000       1.000       1.000       1.000       1.000       1.000
    SNA_NA           1.000       1.000       1.000       1.000       1.000       1.000       1.000

 Residual Variances
    PA              65.641      70.208      73.684      93.255     116.597     120.566     133.316
    NA              65.393      70.983      74.096      92.902     115.831     122.579     136.758
    SPR_PA           0.796       0.838       0.861       0.947       0.991       0.994       0.999
    SPR_NA           0.790       0.832       0.846       0.925       0.982       0.987       0.993


TECHNICAL 1 OUTPUT


     PARAMETER SPECIFICATION FOR WITHIN


           NU
              PER_EXPR      PA            NA            PA&1          NA&1
              ________      ________      ________      ________      ________
                    0             0             0             0             0


           LAMBDA
              PER_EXPR      PA            NA            PA&1          NA&1
              ________      ________      ________      ________      ________
 PER_EXPR           0             0             0             0             0
 PA                 0             0             0             0             0
 NA                 0             0             0             0             0
 PA&1               0             0             0             0             0
 NA&1               0             0             0             0             0


           THETA
              PER_EXPR      PA            NA            PA&1          NA&1
              ________      ________      ________      ________      ________
 PER_EXPR           0
 PA                 0             0
 NA                 0             0             0
 PA&1               0             0             0             0
 NA&1               0             0             0             0             0


           ALPHA
              PER_EXPR      PA            NA            PA&1          NA&1
              ________      ________      ________      ________      ________
                    1             0             0             0             0


           BETA
              PER_EXPR      PA            NA            PA&1          NA&1
              ________      ________      ________      ________      ________
 PER_EXPR           0             0             0             0             0
 PA                 0             0             0             0             0
 NA                 0             0             0             0             0
 PA&1               0             0             0             0             0
 NA&1               0             0             0             0             0


           PSI
              PER_EXPR      PA            NA            PA&1          NA&1
              ________      ________      ________      ________      ________
 PER_EXPR           2
 PA                 0             3
 NA                 0             4             5
 PA&1               0             0             0             0
 NA&1               0             0             0             0             0


     PARAMETER SPECIFICATION FOR BETWEEN


           NU
              PA            NA            ANHEDONI      BDI_SUM
              ________      ________      ________      ________
                    0             0             0             0


           LAMBDA
              SPR_PA        SPR_NA        SPA_PA        SNA_NA        PA
              ________      ________      ________      ________      ________
 PA                 0             0             0             0             0
 NA                 0             0             0             0             0
 ANHEDONI           0             0             0             0             0
 BDI_SUM            0             0             0             0             0


           LAMBDA
              NA            ANHEDONI      BDI_SUM
              ________      ________      ________
 PA                 0             0             0
 NA                 0             0             0
 ANHEDONI           0             0             0
 BDI_SUM            0             0             0


           THETA
              PA            NA            ANHEDONI      BDI_SUM
              ________      ________      ________      ________
 PA                 0
 NA                 0             0
 ANHEDONI           0             0             0
 BDI_SUM            0             0             0             0


           ALPHA
              SPR_PA        SPR_NA        SPA_PA        SNA_NA        PA
              ________      ________      ________      ________      ________
                    6             7             8             9            10


           ALPHA
              NA            ANHEDONI      BDI_SUM
              ________      ________      ________
                   11             0             0


           BETA
              SPR_PA        SPR_NA        SPA_PA        SNA_NA        PA
              ________      ________      ________      ________      ________
 SPR_PA             0             0             0             0             0
 SPR_NA             0             0             0             0             0
 SPA_PA             0             0             0             0             0
 SNA_NA             0             0             0             0             0
 PA                 0             0             0             0             0
 NA                 0             0             0             0             0
 ANHEDONI           0             0             0             0             0
 BDI_SUM            0             0             0             0             0


           BETA
              NA            ANHEDONI      BDI_SUM
              ________      ________      ________
 SPR_PA             0            12            13
 SPR_NA             0            14            15
 SPA_PA             0             0             0
 SNA_NA             0             0             0
 PA                 0            16            17
 NA                 0            18            19
 ANHEDONI           0             0             0
 BDI_SUM            0             0             0


           PSI
              SPR_PA        SPR_NA        SPA_PA        SNA_NA        PA
              ________      ________      ________      ________      ________
 SPR_PA            20
 SPR_NA             0            21
 SPA_PA             0             0            22
 SNA_NA             0             0             0            23
 PA                 0             0             0             0            24
 NA                 0             0             0             0            25
 ANHEDONI           0             0             0             0             0
 BDI_SUM            0             0             0             0             0


           PSI
              NA            ANHEDONI      BDI_SUM
              ________      ________      ________
 NA                26
 ANHEDONI           0             0
 BDI_SUM            0             0             0


     STARTING VALUES FOR WITHIN


           NU
              PER_EXPR      PA            NA            PA&1          NA&1
              ________      ________      ________      ________      ________
                0.000         0.000         0.000         0.000         0.000


           LAMBDA
              PER_EXPR      PA            NA            PA&1          NA&1
              ________      ________      ________      ________      ________
 PER_EXPR       1.000         0.000         0.000         0.000         0.000
 PA             0.000         1.000         0.000         0.000         0.000
 NA             0.000         0.000         1.000         0.000         0.000
 PA&1           0.000         0.000         0.000         1.000         0.000
 NA&1           0.000         0.000         0.000         0.000         1.000


           THETA
              PER_EXPR      PA            NA            PA&1          NA&1
              ________      ________      ________      ________      ________
 PER_EXPR       0.000
 PA             0.000         0.000
 NA             0.000         0.000         0.000
 PA&1           0.000         0.000         0.000         0.000
 NA&1           0.000         0.000         0.000         0.000         0.000


           ALPHA
              PER_EXPR      PA            NA            PA&1          NA&1
              ________      ________      ________      ________      ________
                0.000         0.000         0.000         0.000         0.000


           BETA
              PER_EXPR      PA            NA            PA&1          NA&1
              ________      ________      ________      ________      ________
 PER_EXPR       0.000         0.000         0.000         0.000         0.000
 PA             0.000         0.000         0.000         0.000         0.000
 NA             0.000         0.000         0.000         0.000         0.000
 PA&1           0.000         0.000         0.000         0.000         0.000
 NA&1           0.000         0.000         0.000         0.000         0.000


           PSI
              PER_EXPR      PA            NA            PA&1          NA&1
              ________      ________      ________      ________      ________
 PER_EXPR     426.246
 PA             0.000       151.006
 NA             0.000         0.000        89.579
 PA&1           0.000         0.000         0.000       151.126
 NA&1           0.000         0.000         0.000         0.000        89.443


     STARTING VALUES FOR BETWEEN


           NU
              PA            NA            ANHEDONI      BDI_SUM
              ________      ________      ________      ________
                0.000         0.000         0.000         0.000


           LAMBDA
              SPR_PA        SPR_NA        SPA_PA        SNA_NA        PA
              ________      ________      ________      ________      ________
 PA             0.000         0.000         0.000         0.000         1.000
 NA             0.000         0.000         0.000         0.000         0.000
 ANHEDONI       0.000         0.000         0.000         0.000         0.000
 BDI_SUM        0.000         0.000         0.000         0.000         0.000


           LAMBDA
              NA            ANHEDONI      BDI_SUM
              ________      ________      ________
 PA             0.000         0.000         0.000
 NA             1.000         0.000         0.000
 ANHEDONI       0.000         1.000         0.000
 BDI_SUM        0.000         0.000         1.000


           THETA
              PA            NA            ANHEDONI      BDI_SUM
              ________      ________      ________      ________
 PA             0.000
 NA             0.000         0.000
 ANHEDONI       0.000         0.000         0.000
 BDI_SUM        0.000         0.000         0.000         0.000


           ALPHA
              SPR_PA        SPR_NA        SPA_PA        SNA_NA        PA
              ________      ________      ________      ________      ________
                0.000         0.000         0.000         0.000        45.572


           ALPHA
              NA            ANHEDONI      BDI_SUM
              ________      ________      ________
               15.167         0.000         0.000


           BETA
              SPR_PA        SPR_NA        SPA_PA        SNA_NA        PA
              ________      ________      ________      ________      ________
 SPR_PA         0.000         0.000         0.000         0.000         0.000
 SPR_NA         0.000         0.000         0.000         0.000         0.000
 SPA_PA         0.000         0.000         0.000         0.000         0.000
 SNA_NA         0.000         0.000         0.000         0.000         0.000
 PA             0.000         0.000         0.000         0.000         0.000
 NA             0.000         0.000         0.000         0.000         0.000
 ANHEDONI       0.000         0.000         0.000         0.000         0.000
 BDI_SUM        0.000         0.000         0.000         0.000         0.000


           BETA
              NA            ANHEDONI      BDI_SUM
              ________      ________      ________
 SPR_PA         0.000         0.000         0.000
 SPR_NA         0.000         0.000         0.000
 SPA_PA         0.000         0.000         0.000
 SNA_NA         0.000         0.000         0.000
 PA             0.000         0.000         0.000
 NA             0.000         0.000         0.000
 ANHEDONI       0.000         0.000         0.000
 BDI_SUM        0.000         0.000         0.000


           PSI
              SPR_PA        SPR_NA        SPA_PA        SNA_NA        PA
              ________      ________      ________      ________      ________
 SPR_PA         1.000
 SPR_NA         0.000         1.000
 SPA_PA         0.000         0.000         1.000
 SNA_NA         0.000         0.000         0.000         1.000
 PA             0.000         0.000         0.000         0.000       151.006
 NA             0.000         0.000         0.000         0.000         0.000
 ANHEDONI       0.000         0.000         0.000         0.000         0.000
 BDI_SUM        0.000         0.000         0.000         0.000         0.000


           PSI
              NA            ANHEDONI      BDI_SUM
              ________      ________      ________
 NA            89.579
 ANHEDONI       0.000        40.163
 BDI_SUM        0.000         0.000        15.903



     PRIORS FOR ALL PARAMETERS            PRIOR MEAN      PRIOR VARIANCE     PRIOR STD. DEV.

     Parameter 1~N(0.000,infinity)           0.0000            infinity            infinity
     Parameter 2~IG(-1.000,0.000)          infinity            infinity            infinity
     Parameter 3~IW(0.000,-3)              infinity            infinity            infinity
     Parameter 4~IW(0.000,-3)              infinity            infinity            infinity
     Parameter 5~IW(0.000,-3)              infinity            infinity            infinity
     Parameter 6~N(0.000,infinity)           0.0000            infinity            infinity
     Parameter 7~N(0.000,infinity)           0.0000            infinity            infinity
     Parameter 8~N(0.000,infinity)           0.0000            infinity            infinity
     Parameter 9~N(0.000,infinity)           0.0000            infinity            infinity
     Parameter 10~N(0.000,infinity)          0.0000            infinity            infinity
     Parameter 11~N(0.000,infinity)          0.0000            infinity            infinity
     Parameter 12~N(0.000,infinity)          0.0000            infinity            infinity
     Parameter 13~N(0.000,infinity)          0.0000            infinity            infinity
     Parameter 14~N(0.000,infinity)          0.0000            infinity            infinity
     Parameter 15~N(0.000,infinity)          0.0000            infinity            infinity
     Parameter 16~N(0.000,infinity)          0.0000            infinity            infinity
     Parameter 17~N(0.000,infinity)          0.0000            infinity            infinity
     Parameter 18~N(0.000,infinity)          0.0000            infinity            infinity
     Parameter 19~N(0.000,infinity)          0.0000            infinity            infinity
     Parameter 20~IG(-1.000,0.000)         infinity            infinity            infinity
     Parameter 21~IG(-1.000,0.000)         infinity            infinity            infinity
     Parameter 22~IG(-1.000,0.000)         infinity            infinity            infinity
     Parameter 23~IG(-1.000,0.000)         infinity            infinity            infinity
     Parameter 24~IW(0.000,-3)             infinity            infinity            infinity
     Parameter 25~IW(0.000,-3)             infinity            infinity            infinity
     Parameter 26~IW(0.000,-3)             infinity            infinity            infinity


TECHNICAL 8 OUTPUT


   TECHNICAL 8 OUTPUT FOR BAYES ESTIMATION

     PROCESSOR    BSEED
     1            0
     2            285380
     3            253358
     4            93468
     5            608496
     6            903420
     7            195873
     8            462953
     9            939021
     10           127215
     11           415931
     12           533738
     13           107446
     14           399671
     15           650371
     16           27071

                     POTENTIAL       PARAMETER WITH
     ITERATION    SCALE REDUCTION      HIGHEST PSR
     100              1.211               6
     200              1.190               8
     300              1.048               6
     400              1.075               8
     500              1.015               6
     600              1.007               7
     700              1.019               8
     800              1.021               8
     900              1.009               10
     1000             1.011               6
     1100             1.004               16
     1200             1.006               16
     1300             1.005               1
     1400             1.004               1
     1500             1.006               16
     1600             1.002               16
     1700             1.002               24
     1800             1.003               24
     1900             1.001               6
     2000             1.005               6


PLOT INFORMATION

The following plots are available:

  Histograms (sample values)
  Scatterplots (sample values)
  Between-level histograms (sample values, sample means/variances)
  Between-level scatterplots (sample values, sample means/variances)
  Time series plots (sample values, ACF, PACF)
  Histogram of subjects per time point
  Time interval plots
  Bayesian posterior parameter distributions
  Bayesian posterior parameter trace plots
  Bayesian autocorrelation plots

     Beginning Time:  06:30:27
        Ending Time:  06:32:00
       Elapsed Time:  00:01:33



MUTHEN & MUTHEN
3463 Stoner Ave.
Los Angeles, CA  90066

Tel: (310) 391-9971
Fax: (310) 391-8971
Web: www.StatModel.com
Support: Support@StatModel.com

Copyright (c) 1998-2022 Muthen & Muthen
