Mplus VERSION 8.8
MUTHEN & MUTHEN
08/26/2023   5:16 AM

INPUT INSTRUCTIONS


  DATA:
  FILE IS data4.dat;

  VARIABLE:   NAMES =
  	    Eth_ID Time Time_between Time_inc
  	    PA_enth NA_irri NA_verv PA_tevr PA_ener
       	    PA_kalm NA_nerv PA_daadk NA_verdr
  	    PA_vrol NA_boos PA_dankb NA_somb PER_att
      	    PER_refl PER_self PER_expr PER_damp
  	    PER_codamp PER_capit Sample age_yr gesl BDI
      	    Measures_valid BDI_anh Anhedonia
   	    BDI_sum PA NA day compliance;

              USEVARIABLES are PER_capit PA NA Anhedonia BDI_sum ;
              MISSING is .;
              within = PER_capit;
              between = Anhedonia BDI_sum;
              cluster = Eth_ID;
              lagged= PA NA(1);
              tinterval=Time_inc (150);


  DEFINE:     CENTER Anhedonia BDI_sum (grandmean);

  ANALYSIS:   type = twolevel random;
              estimator = Bayes;
              biterations=(2000);
              bconvergence=0.005;
              thin=2;
              PROCESSORS=16;
  MODEL:
  %WITHIN%
  sPR_PA | PA on PER_capit;
  sPR_NA | NA on PER_capit;
  sPA_PA | PA on PA&1;
  sNA_NA | NA on NA&1;
  [PER_capit];


  %between%
  sPR_PA sPR_NA on Anhedonia BDI_sum ;
  PA NA on Anhedonia BDI_sum ;


  OUTPUT: standardized tech1 tech8 cinterval patterns;
  PLOT: TYPE = PLOT3;



*** WARNING in VARIABLE command
  Note that only the first 8 characters of variable names are used in the output.
  Shorten variable names to avoid any confusion.
*** WARNING in PLOT command
  Note that only the first 8 characters of variable names are used in plots.
  If variable names are not unique within the first 8 characters, problems
  may occur.
*** WARNING
  One or more individual-level variables have no variation within a
  cluster for the following clusters.

     Variable   Cluster IDs with no within-cluster variation

      PER_CAPI    165 127 73 177

*** WARNING
  Data set contains cases with missing on all variables.  Cases that appeared before the first
  case with observed data and that appeared after the last case with observed data were not
  included in the analysis.  Number of deleted cases:  679
   4 WARNING(S) FOUND IN THE INPUT INSTRUCTIONS




SUMMARY OF ANALYSIS

Number of groups                                                 1
Number of observations                                       20160

Number of dependent variables                                    2
Number of independent variables                                  5
Number of continuous latent variables                            4

Observed dependent variables

  Continuous
   PA          NA

Observed independent variables
   PER_CAPI    ANHEDONI    BDI_SUM     PA&1        NA&1

Continuous latent variables
   SPR_PA      SPR_NA      SPA_PA      SNA_NA

Variables with special functions

  Cluster variable      ETH_ID

  Within variables
   PER_CAPI    PA&1        NA&1

  Between variables
   ANHEDONI    BDI_SUM

  Centering (GRANDMEAN)
   ANHEDONI    BDI_SUM


Estimator                                                    BAYES
Specifications for Bayesian Estimation
  Point estimate                                            MEDIAN
  Number of Markov chain Monte Carlo (MCMC) chains               2
  Random seed for the first chain                                0
  Starting value information                           UNPERTURBED
  Algorithm used for Markov chain Monte Carlo           GIBBS(PX1)
  Convergence criterion                                  0.500D-02
  Maximum number of iterations                               50000
  K-th iteration used for thinning                               2

Input data file(s)
  data4.dat
Input data format  FREE


SUMMARY OF DATA

     Number of clusters                        159

       Size (s)    Cluster ID with Size s

         56        28
         80        82
         84        87
         88        72
         97        34
        101        10
        105        52
        108        119
        111        36
        113        182
        115        89 131
        116        15 188 75 77
        117        11
        118        16 66 49 57 195
        119        197 71 48 149 50 92 38 186 163 106
        120        55 168 7 108 148 192 61 98 165
        122        174
        123        127
        124        161 117 103 51
        125        53 54 13 40 44 88 30 68 100 93 105 112 123 73
        126        107 172 173 102 65 109 111 80 76 120
        127        70 177 133 62 139 118 110 25 115 67 46 104 178 126 193
                   32 86 198 147
        128        43 153 59 156 96 180 18 5
        129        141 144 125 3 185 146 135 190 187 39 137 116 69
        130        138 166 97 14
        133        191
        134        2
        135        194 63 60 183 201 200
        136        26 56
        137        95 4 9 22 19 42
        138        132 29 94
        139        45 74 35 37 84 21 79 145 114
        142        27
        143        179
        144        170 24 171
        145        1 124 162 20
        146        151 6 167
        147        142 31
        148        159 176



SUMMARY OF MISSING DATA PATTERNS

     Number of missing data patterns            13


     MISSING DATA PATTERNS (x = not missing)

           1  2  3  4  5  6  7  8  9 10 11 12 13
 PER_CAPI  x  x              x     x     x     x
 PA        x  x        x  x     x  x     x  x
 NA        x  x        x  x        x  x  x
 PA&1      x     x        x  x     x        x
 NA&1      x     x        x  x           x  x
 ANHEDONI  x  x  x  x  x  x  x  x  x  x  x  x  x
 BDI_SUM   x  x  x  x  x  x  x  x  x  x  x  x  x


     MISSING DATA PATTERN FREQUENCIES

    Pattern   Frequency     Pattern   Frequency     Pattern   Frequency
          1        4875           6          63          11           1
          2        3209           7           3          12           1
          3        3121           8           4          13           1
          4        8808           9           5
          5          68          10           1


COVARIANCE COVERAGE OF DATA

Minimum covariance coverage value   0.100


     PROPORTION OF DATA PRESENT


           Covariance Coverage
              PER_CAPI      PA            NA            ANHEDONI      BDI_SUM
              ________      ________      ________      ________      ________
 PER_CAPI       0.401
 PA             0.401         0.408
 NA             0.401         0.408         0.408
 ANHEDONI       0.401         0.408         0.408         1.000
 BDI_SUM        0.401         0.408         0.408         1.000         1.000



UNIVARIATE SAMPLE STATISTICS


     UNIVARIATE HIGHER-ORDER MOMENT DESCRIPTIVE STATISTICS

         Variable/         Mean/     Skewness/   Minimum/ % with                Percentiles
        Sample Size      Variance    Kurtosis    Maximum  Min/Max      20%/60%    40%/80%    Median

     PER_CAPIT            23.940       1.000       0.000   16.79%       2.000      7.000     11.000
            8094.000     670.135      -0.150     100.000    1.03%      20.000     51.000
     PA                   46.383      -0.035       0.000    0.30%      31.500     42.333     47.000
            8226.000     303.472      -0.189     100.000    0.10%      51.000     61.000
     NA                   14.975       1.412       0.000    7.26%       5.000      9.167     11.500
            8222.000     164.910       1.997      80.667    0.01%      14.333     23.000
     ANHEDONIA             0.000       0.630     -18.380    0.63%      -7.330     -2.924     -0.934
             159.000      79.008       0.606      29.966    0.63%       1.234      6.118
     BDI_SUM               0.000       0.851      -8.050    3.77%      -5.050     -3.050     -1.050
             159.000      31.821       0.278      16.950    1.26%      -0.050      3.950


THE MODEL ESTIMATION TERMINATED NORMALLY

     USE THE FBITERATIONS OPTION TO INCREASE THE NUMBER OF ITERATIONS BY A FACTOR
     OF AT LEAST TWO TO CHECK CONVERGENCE AND THAT THE PSR VALUE DOES NOT INCREASE.



MODEL FIT INFORMATION

Number of Free Parameters                              26

Information Criteria

          Deviance (DIC)                       517393.293
          Estimated Number of Parameters (pD)   34469.604



MODEL RESULTS

                                Posterior  One-Tailed         95% C.I.
                    Estimate       S.D.      P-Value   Lower 2.5%  Upper 2.5%  Significance

Within Level

 NA       WITH
    PA               -51.000       1.339      0.000     -53.677     -48.383      *

 Means
    PER_CAPIT         23.891       0.283      0.000      23.311      24.424      *

 Variances
    PER_CAPIT        672.714      10.034      0.000     652.871     691.828      *

 Residual Variances
    PA               133.574       2.237      0.000     129.339     138.220      *
    NA                75.930       1.234      0.000      73.575      78.479      *

Between Level

 SPR_PA     ON
    ANHEDONIA         -0.002       0.001      0.029      -0.004       0.000
    BDI_SUM            0.003       0.002      0.014       0.000       0.006      *

 SPR_NA     ON
    ANHEDONIA          0.001       0.001      0.065      -0.001       0.004
    BDI_SUM           -0.003       0.002      0.022      -0.006       0.000      *

 PA         ON
    ANHEDONIA         -0.232       0.101      0.013      -0.430      -0.032      *
    BDI_SUM           -0.648       0.163      0.000      -0.951      -0.314      *

 NA         ON
    ANHEDONIA          0.063       0.077      0.205      -0.085       0.215
    BDI_SUM            0.701       0.121      0.000       0.468       0.943      *

 NA       WITH
    PA                -4.516       7.263      0.264     -19.438       9.157

 Means
    SPA_PA             0.334       0.017      0.000       0.299       0.366      *
    SNA_NA             0.315       0.017      0.000       0.281       0.347      *

 Intercepts
    PA                41.468       0.899      0.000      39.675      43.216      *
    NA                15.756       0.668      0.000      14.465      17.076      *
    SPR_PA             0.123       0.009      0.000       0.106       0.140      *
    SPR_NA            -0.013       0.009      0.072      -0.031       0.005

 Variances
    SPA_PA             0.025       0.005      0.000       0.017       0.034      *
    SNA_NA             0.027       0.005      0.000       0.019       0.038      *

 Residual Variances
    PA               108.215      13.806      0.000      84.968     140.564      *
    NA                59.134       7.902      0.000      45.782      75.808      *
    SPR_PA             0.003       0.001      0.000       0.001       0.006      *
    SPR_NA             0.006       0.001      0.000       0.004       0.010      *


STANDARDIZED MODEL RESULTS


STDYX Standardization

                                Posterior  One-Tailed         95% C.I.
                    Estimate       S.D.      P-Value   Lower 2.5%  Upper 2.5%  Significance

Within-Level Standardized Estimates Averaged Over Clusters

 SPR_PA | PA ON
    PER_CAPIT          0.242       0.015      0.000       0.211       0.269      *

 SPA_PA | PA ON
    PA&1               0.334       0.012      0.000       0.308       0.355      *

 SPR_NA | NA ON
    PER_CAPIT         -0.038       0.016      0.011      -0.069      -0.004      *

 SNA_NA | NA ON
    NA&1               0.315       0.012      0.000       0.292       0.337      *

 NA       WITH
    PA                -0.507       0.009      0.000      -0.523      -0.489      *

 Means
    PER_CAPIT          0.921       0.013      0.000       0.896       0.946      *

 Variances
    PER_CAPIT          1.000       0.000      0.000       1.000       1.000

 Residual Variances
    PA                 0.793       0.009      0.000       0.774       0.810      *
    NA                 0.831       0.009      0.000       0.814       0.848      *

Between Level

 SPR_PA     ON
    ANHEDONIA         -0.211       0.113      0.029      -0.417       0.009
    BDI_SUM            0.217       0.101      0.014       0.017       0.409      *

 SPR_NA     ON
    ANHEDONIA          0.117       0.079      0.065      -0.039       0.276
    BDI_SUM           -0.154       0.074      0.022      -0.297      -0.006      *

 PA         ON
    ANHEDONIA         -0.136       0.058      0.013      -0.245      -0.019      *
    BDI_SUM           -0.239       0.059      0.000      -0.345      -0.118      *

 NA         ON
    ANHEDONIA          0.048       0.059      0.205      -0.065       0.167
    BDI_SUM            0.342       0.056      0.000       0.232       0.446      *

 NA       WITH
    PA                -0.057       0.089      0.264      -0.228       0.118

 Means
    SPA_PA             2.128       0.245      0.000       1.705       2.640      *
    SNA_NA             1.908       0.219      0.000       1.536       2.385      *

 Intercepts
    PA                 3.820       0.238      0.000       3.341       4.312      *
    NA                 1.921       0.138      0.000       1.658       2.193      *
    SPR_PA             2.025       0.412      0.000       1.408       3.034      *
    SPR_NA            -0.164       0.119      0.072      -0.410       0.053

 Variances
    SPA_PA             1.000       0.000      0.000       1.000       1.000
    SNA_NA             1.000       0.000      0.000       1.000       1.000

 Residual Variances
    PA                 0.921       0.028      0.000       0.861       0.968      *
    NA                 0.877       0.037      0.000       0.797       0.941      *
    SPR_PA             0.900       0.072      0.000       0.710       0.987      *
    SPR_NA             0.958       0.033      0.000       0.874       0.996      *


STDY Standardization

                                Posterior  One-Tailed         95% C.I.
                    Estimate       S.D.      P-Value   Lower 2.5%  Upper 2.5%  Significance

Within-Level Standardized Estimates Averaged Over Clusters

 SPR_PA | PA ON
    PER_CAPIT          0.242       0.015      0.000       0.211       0.269      *

 SPA_PA | PA ON
    PA&1               0.025       0.001      0.000       0.023       0.026      *

 SPR_NA | NA ON
    PER_CAPIT         -0.038       0.016      0.011      -0.069      -0.004      *

 SNA_NA | NA ON
    NA&1               0.032       0.001      0.000       0.029       0.034      *

 NA       WITH
    PA                -0.507       0.009      0.000      -0.523      -0.489      *

 Means
    PER_CAPIT          0.921       0.013      0.000       0.896       0.946      *

 Variances
    PER_CAPIT          1.000       0.000      0.000       1.000       1.000

 Residual Variances
    PA                 0.793       0.009      0.000       0.774       0.810      *
    NA                 0.831       0.009      0.000       0.814       0.848      *

Between Level

 SPR_PA     ON
    ANHEDONIA         -0.033       0.018      0.029      -0.066       0.001
    BDI_SUM            0.055       0.025      0.014       0.004       0.102      *

 SPR_NA     ON
    ANHEDONIA          0.019       0.012      0.065      -0.006       0.044
    BDI_SUM           -0.039       0.019      0.022      -0.074      -0.001      *

 PA         ON
    ANHEDONIA         -0.022       0.009      0.013      -0.039      -0.003      *
    BDI_SUM           -0.060       0.015      0.000      -0.087      -0.029      *

 NA         ON
    ANHEDONIA          0.008       0.009      0.205      -0.010       0.026
    BDI_SUM            0.086       0.014      0.000       0.058       0.112      *

 NA       WITH
    PA                -0.057       0.089      0.264      -0.228       0.118

 Means
    SPA_PA             2.128       0.245      0.000       1.705       2.640      *
    SNA_NA             1.908       0.219      0.000       1.536       2.385      *

 Intercepts
    PA                 3.820       0.238      0.000       3.341       4.312      *
    NA                 1.921       0.138      0.000       1.658       2.193      *
    SPR_PA             2.025       0.412      0.000       1.408       3.034      *
    SPR_NA            -0.164       0.119      0.072      -0.410       0.053

 Variances
    SPA_PA             1.000       0.000      0.000       1.000       1.000
    SNA_NA             1.000       0.000      0.000       1.000       1.000

 Residual Variances
    PA                 0.921       0.028      0.000       0.861       0.968      *
    NA                 0.877       0.037      0.000       0.797       0.941      *
    SPR_PA             0.900       0.072      0.000       0.710       0.987      *
    SPR_NA             0.958       0.033      0.000       0.874       0.996      *


STD Standardization

                                Posterior  One-Tailed         95% C.I.
                    Estimate       S.D.      P-Value   Lower 2.5%  Upper 2.5%  Significance

Within-Level Standardized Estimates Averaged Over Clusters

 SPR_PA | PA ON
    PER_CAPIT          0.123       0.008      0.000       0.108       0.137      *

 SPA_PA | PA ON
    PA&1               0.334       0.012      0.000       0.308       0.355      *

 SPR_NA | NA ON
    PER_CAPIT         -0.014       0.006      0.023      -0.026      -0.001      *

 SNA_NA | NA ON
    NA&1               0.315       0.012      0.000       0.292       0.337      *

 NA       WITH
    PA               -51.000       1.339      0.000     -53.677     -48.383      *

 Means
    PER_CAPIT         23.891       0.283      0.000      23.311      24.424      *

 Variances
    PER_CAPIT        672.714      10.034      0.000     652.871     691.828      *

 Residual Variances
    PA               133.574       2.237      0.000     129.339     138.220      *
    NA                75.930       1.234      0.000      73.575      78.479      *

Between Level

 SPR_PA     ON
    ANHEDONIA         -0.033       0.018      0.029      -0.066       0.001
    BDI_SUM            0.055       0.025      0.014       0.004       0.102      *

 SPR_NA     ON
    ANHEDONIA          0.019       0.012      0.065      -0.006       0.044
    BDI_SUM           -0.039       0.019      0.022      -0.074      -0.001      *

 PA         ON
    ANHEDONIA         -0.232       0.101      0.013      -0.430      -0.032      *
    BDI_SUM           -0.648       0.163      0.000      -0.951      -0.314      *

 NA         ON
    ANHEDONIA          0.063       0.077      0.205      -0.085       0.215
    BDI_SUM            0.701       0.121      0.000       0.468       0.943      *

 NA       WITH
    PA                -4.516       7.263      0.264     -19.438       9.157

 Means
    SPA_PA             2.128       0.245      0.000       1.705       2.640      *
    SNA_NA             1.908       0.219      0.000       1.536       2.385      *

 Intercepts
    PA                41.468       0.899      0.000      39.675      43.216      *
    NA                15.756       0.668      0.000      14.465      17.076      *
    SPR_PA             2.025       0.412      0.000       1.408       3.034      *
    SPR_NA            -0.164       0.119      0.072      -0.410       0.053

 Variances
    SPA_PA             1.000       0.000      0.000       1.000       1.000
    SNA_NA             1.000       0.000      0.000       1.000       1.000

 Residual Variances
    PA               108.215      13.806      0.000      84.968     140.564      *
    NA                59.134       7.902      0.000      45.782      75.808      *
    SPR_PA             0.900       0.072      0.000       0.710       0.987      *
    SPR_NA             0.958       0.033      0.000       0.874       0.996      *


R-SQUARE

Within-Level R-Square Averaged Across Clusters

                                Posterior  One-Tailed         95% C.I.
    Variable        Estimate       S.D.      P-Value   Lower 2.5%  Upper 2.5%

    PA                 0.207       0.009      0.000       0.190       0.226
    NA                 0.169       0.009      0.000       0.152       0.186

Between Level

                                Posterior  One-Tailed         95% C.I.
    Variable        Estimate       S.D.      P-Value   Lower 2.5%  Upper 2.5%

    PA                 0.079       0.028      0.000       0.032       0.139
    NA                 0.123       0.037      0.000       0.058       0.203

                                Posterior  One-Tailed         95% C.I.
    Variable        Estimate       S.D.      P-Value   Lower 2.5%  Upper 2.5%

    SPR_PA             0.100       0.072      0.000       0.013       0.289
    SPR_NA             0.042       0.033      0.000       0.004       0.125


CREDIBILITY INTERVALS OF MODEL RESULTS

                  Lower .5%  Lower 2.5%    Lower 5%    Estimate    Upper 5%  Upper 2.5%   Upper .5%

Within Level

 NA       WITH
    PA             -54.619     -53.677     -53.168     -51.000     -48.777     -48.383     -47.726

 Means
    PER_CAPIT       23.123      23.311      23.399      23.891      24.331      24.424      24.567

 Variances
    PER_CAPIT      643.766     652.871     655.802     672.714     688.628     691.828     698.212

 Residual Variances
    PA             128.102     129.339     129.958     133.574     137.368     138.220     139.063
    NA              72.732      73.575      73.917      75.930      77.969      78.479      79.080

Between Level

 SPR_PA   ON
    ANHEDONIA       -0.005      -0.004      -0.004      -0.002       0.000       0.000       0.001
    BDI_SUM         -0.001       0.000       0.001       0.003       0.006       0.006       0.007

 SPR_NA   ON
    ANHEDONIA       -0.001      -0.001       0.000       0.001       0.003       0.004       0.004
    BDI_SUM         -0.007      -0.006      -0.006      -0.003      -0.001       0.000       0.001

 PA       ON
    ANHEDONIA       -0.478      -0.430      -0.395      -0.232      -0.069      -0.032       0.041
    BDI_SUM         -1.061      -0.951      -0.903      -0.648      -0.361      -0.314      -0.181

 NA       ON
    ANHEDONIA       -0.143      -0.085      -0.059       0.063       0.191       0.215       0.268
    BDI_SUM          0.402       0.468       0.501       0.701       0.894       0.943       1.016

 NA       WITH
    PA             -24.517     -19.438     -16.775      -4.516       7.202       9.157      13.856

 Means
    SPA_PA           0.288       0.299       0.305       0.334       0.362       0.366       0.375
    SNA_NA           0.271       0.281       0.287       0.315       0.343       0.347       0.359

 Intercepts
    PA              39.025      39.675      39.950      41.468      42.953      43.216      43.745
    NA              14.006      14.465      14.687      15.756      16.888      17.076      17.704
    SPR_PA           0.100       0.106       0.109       0.123       0.137       0.140       0.146
    SPR_NA          -0.037      -0.031      -0.028      -0.013       0.002       0.005       0.012

 Variances
    SPA_PA           0.015       0.017       0.018       0.025       0.033       0.034       0.039
    SNA_NA           0.017       0.019       0.020       0.027       0.036       0.038       0.042

 Residual Variances
    PA              78.141      84.968      88.672     108.215     132.897     140.564     155.236
    NA              42.258      45.782      47.584      59.134      73.209      75.808      81.101
    SPR_PA           0.001       0.001       0.002       0.003       0.006       0.006       0.008
    SPR_NA           0.003       0.004       0.004       0.006       0.009       0.010       0.010


CREDIBILITY INTERVALS OF STANDARDIZED MODEL RESULTS


STDYX Standardization

                  Lower .5%  Lower 2.5%    Lower 5%    Estimate    Upper 5%  Upper 2.5%   Upper .5%

Within Level

 NA       WITH
    PA               0.000      -0.523       0.000      -0.507       0.000      -0.489       0.000

 Means
    PER_CAPIT        0.000       0.896       0.000       0.921       0.000       0.946       0.000

 Variances
    PER_CAPIT        0.000       1.000       0.000       1.000       0.000       1.000       0.000

 Residual Variances
    PA               0.000       0.774       0.000       0.793       0.000       0.810       0.000
    NA               0.000       0.814       0.000       0.831       0.000       0.848       0.000

Between Level

 SPR_PA   ON
    ANHEDONIA       -0.471      -0.417      -0.392      -0.211      -0.025       0.009       0.094
    BDI_SUM         -0.042       0.017       0.049       0.217       0.379       0.409       0.489

 SPR_NA   ON
    ANHEDONIA       -0.088      -0.039      -0.012       0.117       0.245       0.276       0.317
    BDI_SUM         -0.334      -0.297      -0.274      -0.154      -0.028      -0.006       0.047

 PA       ON
    ANHEDONIA       -0.273      -0.245      -0.229      -0.136      -0.039      -0.019       0.024
    BDI_SUM         -0.381      -0.345      -0.330      -0.239      -0.135      -0.118      -0.070

 NA       ON
    ANHEDONIA       -0.103      -0.065      -0.046       0.048       0.147       0.167       0.204
    BDI_SUM          0.192       0.232       0.245       0.342       0.430       0.446       0.478

 NA       WITH
    PA              -0.285      -0.228      -0.203      -0.057       0.088       0.118       0.169

 Means
    SPA_PA           1.576       1.705       1.763       2.128       2.564       2.640       2.831
    SNA_NA           1.406       1.536       1.589       1.908       2.292       2.385       2.562

 Intercepts
    PA               3.212       3.341       3.448       3.820       4.224       4.312       4.442
    NA               1.590       1.658       1.698       1.921       2.149       2.193       2.280
    SPR_PA           1.262       1.408       1.483       2.025       2.835       3.034       3.414
    SPR_NA          -0.516      -0.410      -0.362      -0.164       0.020       0.053       0.124

 Variances
    SPA_PA           1.000       1.000       1.000       1.000       1.000       1.000       1.000
    SNA_NA           1.000       1.000       1.000       1.000       1.000       1.000       1.000

 Residual Variances
    PA               0.834       0.861       0.870       0.921       0.962       0.968       0.981
    NA               0.767       0.797       0.810       0.877       0.933       0.941       0.959
    SPR_PA           0.653       0.710       0.750       0.900       0.979       0.987       0.996
    SPR_NA           0.839       0.874       0.886       0.958       0.993       0.996       0.999


STDY Standardization

                  Lower .5%  Lower 2.5%    Lower 5%    Estimate    Upper 5%  Upper 2.5%   Upper .5%

Within Level

 NA       WITH
    PA               0.000      -0.523       0.000      -0.507       0.000      -0.489       0.000

 Means
    PER_CAPIT        0.000       0.896       0.000       0.921       0.000       0.946       0.000

 Variances
    PER_CAPIT        0.000       1.000       0.000       1.000       0.000       1.000       0.000

 Residual Variances
    PA               0.000       0.774       0.000       0.793       0.000       0.810       0.000
    NA               0.000       0.814       0.000       0.831       0.000       0.848       0.000

Between Level

 SPR_PA   ON
    ANHEDONIA       -0.074      -0.066      -0.062      -0.033      -0.004       0.001       0.015
    BDI_SUM         -0.011       0.004       0.012       0.055       0.095       0.102       0.123

 SPR_NA   ON
    ANHEDONIA       -0.014      -0.006      -0.002       0.019       0.039       0.044       0.050
    BDI_SUM         -0.084      -0.074      -0.069      -0.039      -0.007      -0.001       0.012

 PA       ON
    ANHEDONIA       -0.043      -0.039      -0.036      -0.022      -0.006      -0.003       0.004
    BDI_SUM         -0.095      -0.087      -0.083      -0.060      -0.034      -0.029      -0.018

 NA       ON
    ANHEDONIA       -0.016      -0.010      -0.007       0.008       0.023       0.026       0.032
    BDI_SUM          0.048       0.058       0.061       0.086       0.108       0.112       0.120

 NA       WITH
    PA              -0.285      -0.228      -0.203      -0.057       0.088       0.118       0.169

 Means
    SPA_PA           1.576       1.705       1.763       2.128       2.564       2.640       2.831
    SNA_NA           1.406       1.536       1.589       1.908       2.292       2.385       2.562

 Intercepts
    PA               3.212       3.341       3.448       3.820       4.224       4.312       4.442
    NA               1.590       1.658       1.698       1.921       2.149       2.193       2.280
    SPR_PA           1.262       1.408       1.483       2.025       2.835       3.034       3.414
    SPR_NA          -0.516      -0.410      -0.362      -0.164       0.020       0.053       0.124

 Variances
    SPA_PA           1.000       1.000       1.000       1.000       1.000       1.000       1.000
    SNA_NA           1.000       1.000       1.000       1.000       1.000       1.000       1.000

 Residual Variances
    PA               0.834       0.861       0.870       0.921       0.962       0.968       0.981
    NA               0.767       0.797       0.810       0.877       0.933       0.941       0.959
    SPR_PA           0.653       0.710       0.750       0.900       0.979       0.987       0.996
    SPR_NA           0.839       0.874       0.886       0.958       0.993       0.996       0.999


STD Standardization

                  Lower .5%  Lower 2.5%    Lower 5%    Estimate    Upper 5%  Upper 2.5%   Upper .5%

Within Level

 NA       WITH
    PA               0.000     -53.677       0.000     -51.000       0.000     -48.383       0.000

 Means
    PER_CAPIT        0.000      23.311       0.000      23.891       0.000      24.424       0.000

 Variances
    PER_CAPIT        0.000     652.871       0.000     672.714       0.000     691.828       0.000

 Residual Variances
    PA               0.000     129.339       0.000     133.574       0.000     138.220       0.000
    NA               0.000      73.575       0.000      75.930       0.000      78.479       0.000

Between Level

 SPR_PA   ON
    ANHEDONIA       -0.074      -0.066      -0.062      -0.033      -0.004       0.001       0.015
    BDI_SUM         -0.011       0.004       0.012       0.055       0.095       0.102       0.123

 SPR_NA   ON
    ANHEDONIA       -0.014      -0.006      -0.002       0.019       0.039       0.044       0.050
    BDI_SUM         -0.084      -0.074      -0.069      -0.039      -0.007      -0.001       0.012

 PA       ON
    ANHEDONIA       -0.478      -0.430      -0.395      -0.232      -0.069      -0.032       0.041
    BDI_SUM         -1.061      -0.951      -0.903      -0.648      -0.361      -0.314      -0.181

 NA       ON
    ANHEDONIA       -0.143      -0.085      -0.059       0.063       0.191       0.215       0.268
    BDI_SUM          0.402       0.468       0.501       0.701       0.894       0.943       1.016

 NA       WITH
    PA             -24.517     -19.438     -16.775      -4.516       7.202       9.157      13.856

 Means
    SPA_PA           1.576       1.705       1.763       2.128       2.564       2.640       2.831
    SNA_NA           1.406       1.536       1.589       1.908       2.292       2.385       2.562

 Intercepts
    PA              39.025      39.675      39.950      41.468      42.953      43.216      43.745
    NA              14.006      14.465      14.687      15.756      16.888      17.076      17.704
    SPR_PA           1.262       1.408       1.483       2.025       2.835       3.034       3.414
    SPR_NA          -0.516      -0.410      -0.362      -0.164       0.020       0.053       0.124

 Variances
    SPA_PA           1.000       1.000       1.000       1.000       1.000       1.000       1.000
    SNA_NA           1.000       1.000       1.000       1.000       1.000       1.000       1.000

 Residual Variances
    PA              78.141      84.968      88.672     108.215     132.897     140.564     155.236
    NA              42.258      45.782      47.584      59.134      73.209      75.808      81.101
    SPR_PA           0.653       0.710       0.750       0.900       0.979       0.987       0.996
    SPR_NA           0.839       0.874       0.886       0.958       0.993       0.996       0.999


TECHNICAL 1 OUTPUT


     PARAMETER SPECIFICATION FOR WITHIN


           NU
              PER_CAPI      PA            NA            PA&1          NA&1
              ________      ________      ________      ________      ________
                    0             0             0             0             0


           LAMBDA
              PER_CAPI      PA            NA            PA&1          NA&1
              ________      ________      ________      ________      ________
 PER_CAPI           0             0             0             0             0
 PA                 0             0             0             0             0
 NA                 0             0             0             0             0
 PA&1               0             0             0             0             0
 NA&1               0             0             0             0             0


           THETA
              PER_CAPI      PA            NA            PA&1          NA&1
              ________      ________      ________      ________      ________
 PER_CAPI           0
 PA                 0             0
 NA                 0             0             0
 PA&1               0             0             0             0
 NA&1               0             0             0             0             0


           ALPHA
              PER_CAPI      PA            NA            PA&1          NA&1
              ________      ________      ________      ________      ________
                    1             0             0             0             0


           BETA
              PER_CAPI      PA            NA            PA&1          NA&1
              ________      ________      ________      ________      ________
 PER_CAPI           0             0             0             0             0
 PA                 0             0             0             0             0
 NA                 0             0             0             0             0
 PA&1               0             0             0             0             0
 NA&1               0             0             0             0             0


           PSI
              PER_CAPI      PA            NA            PA&1          NA&1
              ________      ________      ________      ________      ________
 PER_CAPI           2
 PA                 0             3
 NA                 0             4             5
 PA&1               0             0             0             0
 NA&1               0             0             0             0             0


     PARAMETER SPECIFICATION FOR BETWEEN


           NU
              PA            NA            ANHEDONI      BDI_SUM
              ________      ________      ________      ________
                    0             0             0             0


           LAMBDA
              SPR_PA        SPR_NA        SPA_PA        SNA_NA        PA
              ________      ________      ________      ________      ________
 PA                 0             0             0             0             0
 NA                 0             0             0             0             0
 ANHEDONI           0             0             0             0             0
 BDI_SUM            0             0             0             0             0


           LAMBDA
              NA            ANHEDONI      BDI_SUM
              ________      ________      ________
 PA                 0             0             0
 NA                 0             0             0
 ANHEDONI           0             0             0
 BDI_SUM            0             0             0


           THETA
              PA            NA            ANHEDONI      BDI_SUM
              ________      ________      ________      ________
 PA                 0
 NA                 0             0
 ANHEDONI           0             0             0
 BDI_SUM            0             0             0             0


           ALPHA
              SPR_PA        SPR_NA        SPA_PA        SNA_NA        PA
              ________      ________      ________      ________      ________
                    6             7             8             9            10


           ALPHA
              NA            ANHEDONI      BDI_SUM
              ________      ________      ________
                   11             0             0


           BETA
              SPR_PA        SPR_NA        SPA_PA        SNA_NA        PA
              ________      ________      ________      ________      ________
 SPR_PA             0             0             0             0             0
 SPR_NA             0             0             0             0             0
 SPA_PA             0             0             0             0             0
 SNA_NA             0             0             0             0             0
 PA                 0             0             0             0             0
 NA                 0             0             0             0             0
 ANHEDONI           0             0             0             0             0
 BDI_SUM            0             0             0             0             0


           BETA
              NA            ANHEDONI      BDI_SUM
              ________      ________      ________
 SPR_PA             0            12            13
 SPR_NA             0            14            15
 SPA_PA             0             0             0
 SNA_NA             0             0             0
 PA                 0            16            17
 NA                 0            18            19
 ANHEDONI           0             0             0
 BDI_SUM            0             0             0


           PSI
              SPR_PA        SPR_NA        SPA_PA        SNA_NA        PA
              ________      ________      ________      ________      ________
 SPR_PA            20
 SPR_NA             0            21
 SPA_PA             0             0            22
 SNA_NA             0             0             0            23
 PA                 0             0             0             0            24
 NA                 0             0             0             0            25
 ANHEDONI           0             0             0             0             0
 BDI_SUM            0             0             0             0             0


           PSI
              NA            ANHEDONI      BDI_SUM
              ________      ________      ________
 NA                26
 ANHEDONI           0             0
 BDI_SUM            0             0             0


     STARTING VALUES FOR WITHIN


           NU
              PER_CAPI      PA            NA            PA&1          NA&1
              ________      ________      ________      ________      ________
                0.000         0.000         0.000         0.000         0.000


           LAMBDA
              PER_CAPI      PA            NA            PA&1          NA&1
              ________      ________      ________      ________      ________
 PER_CAPI       1.000         0.000         0.000         0.000         0.000
 PA             0.000         1.000         0.000         0.000         0.000
 NA             0.000         0.000         1.000         0.000         0.000
 PA&1           0.000         0.000         0.000         1.000         0.000
 NA&1           0.000         0.000         0.000         0.000         1.000


           THETA
              PER_CAPI      PA            NA            PA&1          NA&1
              ________      ________      ________      ________      ________
 PER_CAPI       0.000
 PA             0.000         0.000
 NA             0.000         0.000         0.000
 PA&1           0.000         0.000         0.000         0.000
 NA&1           0.000         0.000         0.000         0.000         0.000


           ALPHA
              PER_CAPI      PA            NA            PA&1          NA&1
              ________      ________      ________      ________      ________
                0.000         0.000         0.000         0.000         0.000


           BETA
              PER_CAPI      PA            NA            PA&1          NA&1
              ________      ________      ________      ________      ________
 PER_CAPI       0.000         0.000         0.000         0.000         0.000
 PA             0.000         0.000         0.000         0.000         0.000
 NA             0.000         0.000         0.000         0.000         0.000
 PA&1           0.000         0.000         0.000         0.000         0.000
 NA&1           0.000         0.000         0.000         0.000         0.000


           PSI
              PER_CAPI      PA            NA            PA&1          NA&1
              ________      ________      ________      ________      ________
 PER_CAPI     335.068
 PA             0.000       151.736
 NA             0.000         0.000        82.455
 PA&1           0.000         0.000         0.000       151.854
 NA&1           0.000         0.000         0.000         0.000        82.346


     STARTING VALUES FOR BETWEEN


           NU
              PA            NA            ANHEDONI      BDI_SUM
              ________      ________      ________      ________
                0.000         0.000         0.000         0.000


           LAMBDA
              SPR_PA        SPR_NA        SPA_PA        SNA_NA        PA
              ________      ________      ________      ________      ________
 PA             0.000         0.000         0.000         0.000         1.000
 NA             0.000         0.000         0.000         0.000         0.000
 ANHEDONI       0.000         0.000         0.000         0.000         0.000
 BDI_SUM        0.000         0.000         0.000         0.000         0.000


           LAMBDA
              NA            ANHEDONI      BDI_SUM
              ________      ________      ________
 PA             0.000         0.000         0.000
 NA             1.000         0.000         0.000
 ANHEDONI       0.000         1.000         0.000
 BDI_SUM        0.000         0.000         1.000


           THETA
              PA            NA            ANHEDONI      BDI_SUM
              ________      ________      ________      ________
 PA             0.000
 NA             0.000         0.000
 ANHEDONI       0.000         0.000         0.000
 BDI_SUM        0.000         0.000         0.000         0.000


           ALPHA
              SPR_PA        SPR_NA        SPA_PA        SNA_NA        PA
              ________      ________      ________      ________      ________
                0.000         0.000         0.000         0.000        46.383


           ALPHA
              NA            ANHEDONI      BDI_SUM
              ________      ________      ________
               14.975         0.000         0.000


           BETA
              SPR_PA        SPR_NA        SPA_PA        SNA_NA        PA
              ________      ________      ________      ________      ________
 SPR_PA         0.000         0.000         0.000         0.000         0.000
 SPR_NA         0.000         0.000         0.000         0.000         0.000
 SPA_PA         0.000         0.000         0.000         0.000         0.000
 SNA_NA         0.000         0.000         0.000         0.000         0.000
 PA             0.000         0.000         0.000         0.000         0.000
 NA             0.000         0.000         0.000         0.000         0.000
 ANHEDONI       0.000         0.000         0.000         0.000         0.000
 BDI_SUM        0.000         0.000         0.000         0.000         0.000


           BETA
              NA            ANHEDONI      BDI_SUM
              ________      ________      ________
 SPR_PA         0.000         0.000         0.000
 SPR_NA         0.000         0.000         0.000
 SPA_PA         0.000         0.000         0.000
 SNA_NA         0.000         0.000         0.000
 PA             0.000         0.000         0.000
 NA             0.000         0.000         0.000
 ANHEDONI       0.000         0.000         0.000
 BDI_SUM        0.000         0.000         0.000


           PSI
              SPR_PA        SPR_NA        SPA_PA        SNA_NA        PA
              ________      ________      ________      ________      ________
 SPR_PA         1.000
 SPR_NA         0.000         1.000
 SPA_PA         0.000         0.000         1.000
 SNA_NA         0.000         0.000         0.000         1.000
 PA             0.000         0.000         0.000         0.000       151.736
 NA             0.000         0.000         0.000         0.000         0.000
 ANHEDONI       0.000         0.000         0.000         0.000         0.000
 BDI_SUM        0.000         0.000         0.000         0.000         0.000


           PSI
              NA            ANHEDONI      BDI_SUM
              ________      ________      ________
 NA            82.455
 ANHEDONI       0.000        40.163
 BDI_SUM        0.000         0.000        15.903



     PRIORS FOR ALL PARAMETERS            PRIOR MEAN      PRIOR VARIANCE     PRIOR STD. DEV.

     Parameter 1~N(0.000,infinity)           0.0000            infinity            infinity
     Parameter 2~IG(-1.000,0.000)          infinity            infinity            infinity
     Parameter 3~IW(0.000,-3)              infinity            infinity            infinity
     Parameter 4~IW(0.000,-3)              infinity            infinity            infinity
     Parameter 5~IW(0.000,-3)              infinity            infinity            infinity
     Parameter 6~N(0.000,infinity)           0.0000            infinity            infinity
     Parameter 7~N(0.000,infinity)           0.0000            infinity            infinity
     Parameter 8~N(0.000,infinity)           0.0000            infinity            infinity
     Parameter 9~N(0.000,infinity)           0.0000            infinity            infinity
     Parameter 10~N(0.000,infinity)          0.0000            infinity            infinity
     Parameter 11~N(0.000,infinity)          0.0000            infinity            infinity
     Parameter 12~N(0.000,infinity)          0.0000            infinity            infinity
     Parameter 13~N(0.000,infinity)          0.0000            infinity            infinity
     Parameter 14~N(0.000,infinity)          0.0000            infinity            infinity
     Parameter 15~N(0.000,infinity)          0.0000            infinity            infinity
     Parameter 16~N(0.000,infinity)          0.0000            infinity            infinity
     Parameter 17~N(0.000,infinity)          0.0000            infinity            infinity
     Parameter 18~N(0.000,infinity)          0.0000            infinity            infinity
     Parameter 19~N(0.000,infinity)          0.0000            infinity            infinity
     Parameter 20~IG(-1.000,0.000)         infinity            infinity            infinity
     Parameter 21~IG(-1.000,0.000)         infinity            infinity            infinity
     Parameter 22~IG(-1.000,0.000)         infinity            infinity            infinity
     Parameter 23~IG(-1.000,0.000)         infinity            infinity            infinity
     Parameter 24~IW(0.000,-3)             infinity            infinity            infinity
     Parameter 25~IW(0.000,-3)             infinity            infinity            infinity
     Parameter 26~IW(0.000,-3)             infinity            infinity            infinity


TECHNICAL 8 OUTPUT


   TECHNICAL 8 OUTPUT FOR BAYES ESTIMATION

     PROCESSOR    BSEED
     1            0
     2            285380
     3            253358
     4            93468
     5            608496
     6            903420
     7            195873
     8            462953
     9            939021
     10           127215
     11           415931
     12           533738
     13           107446
     14           399671
     15           650371
     16           27071

                     POTENTIAL       PARAMETER WITH
     ITERATION    SCALE REDUCTION      HIGHEST PSR
     100              1.262               9
     200              1.038               24
     300              1.058               18
     400              1.071               6
     500              1.014               8
     600              1.027               8
     700              1.038               8
     800              1.043               8
     900              1.029               8
     1000             1.043               8
     1100             1.026               8
     1200             1.025               8
     1300             1.015               8
     1400             1.005               8
     1500             1.005               5
     1600             1.006               5
     1700             1.004               5
     1800             1.006               6
     1900             1.008               7
     2000             1.008               7


PLOT INFORMATION

The following plots are available:

  Histograms (sample values)
  Scatterplots (sample values)
  Between-level histograms (sample values, sample means/variances)
  Between-level scatterplots (sample values, sample means/variances)
  Time series plots (sample values, ACF, PACF)
  Histogram of subjects per time point
  Time interval plots
  Bayesian posterior parameter distributions
  Bayesian posterior parameter trace plots
  Bayesian autocorrelation plots

     Beginning Time:  05:16:07
        Ending Time:  05:17:40
       Elapsed Time:  00:01:33



MUTHEN & MUTHEN
3463 Stoner Ave.
Los Angeles, CA  90066

Tel: (310) 391-9971
Fax: (310) 391-8971
Web: www.StatModel.com
Support: Support@StatModel.com

Copyright (c) 1998-2022 Muthen & Muthen
