Mplus VERSION 8.8
MUTHEN & MUTHEN
08/26/2023   5:14 AM

INPUT INSTRUCTIONS


  DATA:
  FILE IS data3.dat;

  VARIABLE:   NAMES =
  	    Eth_ID Time Time_between Time_inc
  	    PA_enth NA_irri NA_verv PA_tevr PA_ener
       	    PA_kalm NA_nerv PA_daadk NA_verdr
  	    PA_vrol NA_boos PA_dankb NA_somb PER_att
      	    PER_refl PER_self PER_expr PER_damp
  	    PER_codamp PER_capit Sample age_yr gesl BDI
      	    Measures_valid BDI_anh Anhedonia
   	    BDI_sum PA NA day compliance;

              USEVARIABLES are PER_capit PA NA Anhedonia BDI_sum ;
              MISSING is .;
              within = PER_capit;
              between = Anhedonia BDI_sum;
              cluster = Eth_ID;
              lagged= PA NA(1);
              tinterval=Time_inc (150);


  DEFINE:     CENTER Anhedonia BDI_sum (grandmean);

  ANALYSIS:   type = twolevel random;
              estimator = Bayes;
              biterations=(2000);
              bconvergence=0.005;
              thin=2;
              PROCESSORS=16;
  MODEL:
  %WITHIN%
  sPR_PA | PA on PER_capit;
  sPR_NA | NA on PER_capit;
  sPA_PA | PA on PA&1;
  sNA_NA | NA on NA&1;
  [PER_capit];


  %between%
  sPR_PA sPR_NA on Anhedonia BDI_sum ;
  PA NA on Anhedonia BDI_sum ;


  OUTPUT: standardized tech1 tech8 cinterval patterns;
  PLOT: TYPE = PLOT3;



*** WARNING in VARIABLE command
  Note that only the first 8 characters of variable names are used in the output.
  Shorten variable names to avoid any confusion.
*** WARNING in PLOT command
  Note that only the first 8 characters of variable names are used in plots.
  If variable names are not unique within the first 8 characters, problems
  may occur.
*** WARNING
  One or more individual-level variables have no variation within a
  cluster for the following clusters.

     Variable   Cluster IDs with no within-cluster variation

      PER_CAPI    165 127 73 177

*** WARNING
  Data set contains cases with missing on all variables.  Cases that appeared before the first
  case with observed data and that appeared after the last case with observed data were not
  included in the analysis.  Number of deleted cases:  679
   4 WARNING(S) FOUND IN THE INPUT INSTRUCTIONS




SUMMARY OF ANALYSIS

Number of groups                                                 1
Number of observations                                       20160

Number of dependent variables                                    2
Number of independent variables                                  5
Number of continuous latent variables                            4

Observed dependent variables

  Continuous
   PA          NA

Observed independent variables
   PER_CAPI    ANHEDONI    BDI_SUM     PA&1        NA&1

Continuous latent variables
   SPR_PA      SPR_NA      SPA_PA      SNA_NA

Variables with special functions

  Cluster variable      ETH_ID

  Within variables
   PER_CAPI    PA&1        NA&1

  Between variables
   ANHEDONI    BDI_SUM

  Centering (GRANDMEAN)
   ANHEDONI    BDI_SUM


Estimator                                                    BAYES
Specifications for Bayesian Estimation
  Point estimate                                            MEDIAN
  Number of Markov chain Monte Carlo (MCMC) chains               2
  Random seed for the first chain                                0
  Starting value information                           UNPERTURBED
  Algorithm used for Markov chain Monte Carlo           GIBBS(PX1)
  Convergence criterion                                  0.500D-02
  Maximum number of iterations                               50000
  K-th iteration used for thinning                               2

Input data file(s)
  data3.dat
Input data format  FREE


SUMMARY OF DATA

     Number of clusters                        159

       Size (s)    Cluster ID with Size s

         56        28
         80        82
         84        87
         88        72
         97        34
        101        10
        105        52
        108        119
        111        36
        113        182
        115        89 131
        116        15 188 75 77
        117        11
        118        16 66 49 57 195
        119        197 71 48 149 50 92 38 186 163 106
        120        55 168 7 108 148 192 61 98 165
        122        174
        123        127
        124        161 117 103 51
        125        53 54 13 40 44 88 30 68 100 93 105 112 123 73
        126        107 172 173 102 65 109 111 80 76 120
        127        70 177 133 62 139 118 110 25 115 67 46 104 178 126 193
                   32 86 198 147
        128        43 153 59 156 96 180 18 5
        129        141 144 125 3 185 146 135 190 187 39 137 116 69
        130        138 166 97 14
        133        191
        134        2
        135        194 63 60 183 201 200
        136        26 56
        137        95 4 9 22 19 42
        138        132 29 94
        139        45 74 35 37 84 21 79 145 114
        142        27
        143        179
        144        170 24 171
        145        1 124 162 20
        146        151 6 167
        147        142 31
        148        159 176



SUMMARY OF MISSING DATA PATTERNS

     Number of missing data patterns            13


     MISSING DATA PATTERNS (x = not missing)

           1  2  3  4  5  6  7  8  9 10 11 12 13
 PER_CAPI  x  x              x     x     x     x
 PA        x  x        x  x     x  x     x  x
 NA        x  x        x  x        x  x  x
 PA&1      x     x        x  x     x        x
 NA&1      x     x        x  x           x  x
 ANHEDONI  x  x  x  x  x  x  x  x  x  x  x  x  x
 BDI_SUM   x  x  x  x  x  x  x  x  x  x  x  x  x


     MISSING DATA PATTERN FREQUENCIES

    Pattern   Frequency     Pattern   Frequency     Pattern   Frequency
          1        4875           6          63          11           1
          2        3209           7           3          12           1
          3        3121           8           4          13           1
          4        8808           9           5
          5          68          10           1


COVARIANCE COVERAGE OF DATA

Minimum covariance coverage value   0.100


     PROPORTION OF DATA PRESENT


           Covariance Coverage
              PER_CAPI      PA            NA            ANHEDONI      BDI_SUM
              ________      ________      ________      ________      ________
 PER_CAPI       0.401
 PA             0.401         0.408
 NA             0.401         0.408         0.408
 ANHEDONI       0.401         0.408         0.408         1.000
 BDI_SUM        0.401         0.408         0.408         1.000         1.000



UNIVARIATE SAMPLE STATISTICS


     UNIVARIATE HIGHER-ORDER MOMENT DESCRIPTIVE STATISTICS

         Variable/         Mean/     Skewness/   Minimum/ % with                Percentiles
        Sample Size      Variance    Kurtosis    Maximum  Min/Max      20%/60%    40%/80%    Median

     PER_CAPIT            23.940       1.000       0.000   16.79%       2.000      7.000     11.000
            8094.000     670.135      -0.150     100.000    1.03%      20.000     51.000
     PA                   44.345       0.056       0.000    0.32%      29.000     40.000     44.667
            8226.000     301.997      -0.250     100.000    0.07%      49.167     59.167
     NA                   14.975       1.412       0.000    7.26%       5.000      9.167     11.500
            8222.000     164.910       1.997      80.667    0.01%      14.333     23.000
     ANHEDONIA             0.000       0.630     -18.380    0.63%      -7.330     -2.924     -0.934
             159.000      79.008       0.606      29.966    0.63%       1.234      6.118
     BDI_SUM               0.000       0.851      -8.050    3.77%      -5.050     -3.050     -1.050
             159.000      31.821       0.278      16.950    1.26%      -0.050      3.950


THE MODEL ESTIMATION TERMINATED NORMALLY

     USE THE FBITERATIONS OPTION TO INCREASE THE NUMBER OF ITERATIONS BY A FACTOR
     OF AT LEAST TWO TO CHECK CONVERGENCE AND THAT THE PSR VALUE DOES NOT INCREASE.



MODEL FIT INFORMATION

Number of Free Parameters                              26

Information Criteria

          Deviance (DIC)                       517635.387
          Estimated Number of Parameters (pD)   34476.714



MODEL RESULTS

                                Posterior  One-Tailed         95% C.I.
                    Estimate       S.D.      P-Value   Lower 2.5%  Upper 2.5%  Significance

Within Level

 NA       WITH
    PA               -45.364       1.289      0.000     -47.924     -42.865      *

 Means
    PER_CAPIT         23.905       0.282      0.000      23.330      24.434      *

 Variances
    PER_CAPIT        672.601      10.037      0.000     652.759     691.890      *

 Residual Variances
    PA               127.961       2.141      0.000     123.924     132.424      *
    NA                75.705       1.228      0.000      73.357      78.260      *

Between Level

 SPR_PA     ON
    ANHEDONIA         -0.002       0.001      0.079      -0.004       0.001
    BDI_SUM            0.002       0.002      0.073      -0.001       0.005

 SPR_NA     ON
    ANHEDONIA          0.001       0.001      0.074      -0.001       0.003
    BDI_SUM           -0.003       0.002      0.024      -0.006       0.000      *

 PA         ON
    ANHEDONIA         -0.241       0.102      0.012      -0.445      -0.034      *
    BDI_SUM           -0.565       0.166      0.001      -0.875      -0.229      *

 NA         ON
    ANHEDONIA          0.064       0.076      0.200      -0.084       0.214
    BDI_SUM            0.699       0.121      0.000       0.467       0.938      *

 NA       WITH
    PA                -1.704       7.410      0.407     -16.739      12.769

 Means
    SPA_PA             0.337       0.018      0.000       0.301       0.371      *
    SNA_NA             0.312       0.018      0.000       0.278       0.346      *

 Intercepts
    PA                39.393       0.916      0.000      37.566      41.158      *
    NA                15.718       0.667      0.000      14.447      17.043      *
    SPR_PA             0.124       0.009      0.000       0.106       0.142      *
    SPR_NA            -0.012       0.009      0.086      -0.031       0.006

 Variances
    SPA_PA             0.027       0.005      0.000       0.019       0.038      *
    SNA_NA             0.030       0.005      0.000       0.021       0.042      *

 Residual Variances
    PA               113.394      14.490      0.000      89.053     145.614      *
    NA                58.771       7.893      0.000      45.501      75.581      *
    SPR_PA             0.004       0.001      0.000       0.002       0.008      *
    SPR_NA             0.007       0.002      0.000       0.004       0.010      *


STANDARDIZED MODEL RESULTS


STDYX Standardization

                                Posterior  One-Tailed         95% C.I.
                    Estimate       S.D.      P-Value   Lower 2.5%  Upper 2.5%  Significance

Within-Level Standardized Estimates Averaged Over Clusters

 SPR_PA | PA ON
    PER_CAPIT          0.246       0.015      0.000       0.215       0.273      *

 SPA_PA | PA ON
    PA&1               0.337       0.012      0.000       0.311       0.359      *

 SPR_NA | NA ON
    PER_CAPIT         -0.036       0.016      0.019      -0.067      -0.002      *

 SNA_NA | NA ON
    NA&1               0.312       0.012      0.000       0.289       0.334      *

 NA       WITH
    PA                -0.461       0.009      0.000      -0.478      -0.442      *

 Means
    PER_CAPIT          0.922       0.013      0.000       0.896       0.946      *

 Variances
    PER_CAPIT          1.000       0.000      0.000       1.000       1.000

 Residual Variances
    PA                 0.782       0.010      0.000       0.763       0.801      *
    NA                 0.829       0.009      0.000       0.811       0.846      *

Between Level

 SPR_PA     ON
    ANHEDONIA         -0.150       0.102      0.079      -0.339       0.050
    BDI_SUM            0.138       0.092      0.073      -0.044       0.311

 SPR_NA     ON
    ANHEDONIA          0.108       0.079      0.074      -0.051       0.267
    BDI_SUM           -0.149       0.074      0.024      -0.290      -0.001      *

 PA         ON
    ANHEDONIA         -0.139       0.058      0.012      -0.249      -0.021      *
    BDI_SUM           -0.206       0.059      0.001      -0.314      -0.083      *

 NA         ON
    ANHEDONIA          0.049       0.059      0.200      -0.065       0.168
    BDI_SUM            0.343       0.056      0.000       0.231       0.447      *

 NA       WITH
    PA                -0.022       0.089      0.407      -0.193       0.153

 Means
    SPA_PA             2.060       0.238      0.000       1.629       2.555      *
    SNA_NA             1.804       0.204      0.000       1.454       2.241      *

 Intercepts
    PA                 3.568       0.226      0.000       3.139       4.042      *
    NA                 1.924       0.138      0.000       1.657       2.198      *
    SPR_PA             1.800       0.320      0.000       1.283       2.521      *
    SPR_NA            -0.149       0.117      0.086      -0.392       0.067

 Variances
    SPA_PA             1.000       0.000      0.000       1.000       1.000
    SNA_NA             1.000       0.000      0.000       1.000       1.000

 Residual Variances
    PA                 0.935       0.026      0.000       0.879       0.976      *
    NA                 0.877       0.037      0.000       0.795       0.941      *
    SPR_PA             0.951       0.045      0.000       0.828       0.998      *
    SPR_NA             0.962       0.031      0.000       0.882       0.996      *


STDY Standardization

                                Posterior  One-Tailed         95% C.I.
                    Estimate       S.D.      P-Value   Lower 2.5%  Upper 2.5%  Significance

Within-Level Standardized Estimates Averaged Over Clusters

 SPR_PA | PA ON
    PER_CAPIT          0.246       0.015      0.000       0.215       0.273      *

 SPA_PA | PA ON
    PA&1               0.025       0.001      0.000       0.023       0.027      *

 SPR_NA | NA ON
    PER_CAPIT         -0.036       0.016      0.019      -0.067      -0.002      *

 SNA_NA | NA ON
    NA&1               0.031       0.001      0.000       0.029       0.034      *

 NA       WITH
    PA                -0.461       0.009      0.000      -0.478      -0.442      *

 Means
    PER_CAPIT          0.922       0.013      0.000       0.896       0.946      *

 Variances
    PER_CAPIT          1.000       0.000      0.000       1.000       1.000

 Residual Variances
    PA                 0.782       0.010      0.000       0.763       0.801      *
    NA                 0.829       0.009      0.000       0.811       0.846      *

Between Level

 SPR_PA     ON
    ANHEDONIA         -0.024       0.016      0.079      -0.054       0.008
    BDI_SUM            0.035       0.023      0.073      -0.011       0.078

 SPR_NA     ON
    ANHEDONIA          0.017       0.012      0.074      -0.008       0.042
    BDI_SUM           -0.037       0.019      0.024      -0.073       0.000      *

 PA         ON
    ANHEDONIA         -0.022       0.009      0.012      -0.039      -0.003      *
    BDI_SUM           -0.052       0.015      0.001      -0.079      -0.021      *

 NA         ON
    ANHEDONIA          0.008       0.009      0.200      -0.010       0.026
    BDI_SUM            0.086       0.014      0.000       0.058       0.112      *

 NA       WITH
    PA                -0.022       0.089      0.407      -0.193       0.153

 Means
    SPA_PA             2.060       0.238      0.000       1.629       2.555      *
    SNA_NA             1.804       0.204      0.000       1.454       2.241      *

 Intercepts
    PA                 3.568       0.226      0.000       3.139       4.042      *
    NA                 1.924       0.138      0.000       1.657       2.198      *
    SPR_PA             1.800       0.320      0.000       1.283       2.521      *
    SPR_NA            -0.149       0.117      0.086      -0.392       0.067

 Variances
    SPA_PA             1.000       0.000      0.000       1.000       1.000
    SNA_NA             1.000       0.000      0.000       1.000       1.000

 Residual Variances
    PA                 0.935       0.026      0.000       0.879       0.976      *
    NA                 0.877       0.037      0.000       0.795       0.941      *
    SPR_PA             0.951       0.045      0.000       0.828       0.998      *
    SPR_NA             0.962       0.031      0.000       0.882       0.996      *


STD Standardization

                                Posterior  One-Tailed         95% C.I.
                    Estimate       S.D.      P-Value   Lower 2.5%  Upper 2.5%  Significance

Within-Level Standardized Estimates Averaged Over Clusters

 SPR_PA | PA ON
    PER_CAPIT          0.124       0.008      0.000       0.109       0.139      *

 SPA_PA | PA ON
    PA&1               0.337       0.012      0.000       0.311       0.359      *

 SPR_NA | NA ON
    PER_CAPIT         -0.013       0.006      0.027      -0.025       0.000

 SNA_NA | NA ON
    NA&1               0.312       0.012      0.000       0.289       0.334      *

 NA       WITH
    PA               -45.364       1.289      0.000     -47.924     -42.865      *

 Means
    PER_CAPIT         23.905       0.282      0.000      23.330      24.434      *

 Variances
    PER_CAPIT        672.601      10.037      0.000     652.759     691.890      *

 Residual Variances
    PA               127.961       2.141      0.000     123.924     132.424      *
    NA                75.705       1.228      0.000      73.357      78.260      *

Between Level

 SPR_PA     ON
    ANHEDONIA         -0.024       0.016      0.079      -0.054       0.008
    BDI_SUM            0.035       0.023      0.073      -0.011       0.078

 SPR_NA     ON
    ANHEDONIA          0.017       0.012      0.074      -0.008       0.042
    BDI_SUM           -0.037       0.019      0.024      -0.073       0.000      *

 PA         ON
    ANHEDONIA         -0.241       0.102      0.012      -0.445      -0.034      *
    BDI_SUM           -0.565       0.166      0.001      -0.875      -0.229      *

 NA         ON
    ANHEDONIA          0.064       0.076      0.200      -0.084       0.214
    BDI_SUM            0.699       0.121      0.000       0.467       0.938      *

 NA       WITH
    PA                -1.704       7.410      0.407     -16.739      12.769

 Means
    SPA_PA             2.060       0.238      0.000       1.629       2.555      *
    SNA_NA             1.804       0.204      0.000       1.454       2.241      *

 Intercepts
    PA                39.393       0.916      0.000      37.566      41.158      *
    NA                15.718       0.667      0.000      14.447      17.043      *
    SPR_PA             1.800       0.320      0.000       1.283       2.521      *
    SPR_NA            -0.149       0.117      0.086      -0.392       0.067

 Variances
    SPA_PA             1.000       0.000      0.000       1.000       1.000
    SNA_NA             1.000       0.000      0.000       1.000       1.000

 Residual Variances
    PA               113.394      14.490      0.000      89.053     145.614      *
    NA                58.771       7.893      0.000      45.501      75.581      *
    SPR_PA             0.951       0.045      0.000       0.828       0.998      *
    SPR_NA             0.962       0.031      0.000       0.882       0.996      *


R-SQUARE

Within-Level R-Square Averaged Across Clusters

                                Posterior  One-Tailed         95% C.I.
    Variable        Estimate       S.D.      P-Value   Lower 2.5%  Upper 2.5%

    PA                 0.218       0.010      0.000       0.199       0.237
    NA                 0.171       0.009      0.000       0.154       0.189

Between Level

                                Posterior  One-Tailed         95% C.I.
    Variable        Estimate       S.D.      P-Value   Lower 2.5%  Upper 2.5%

    PA                 0.065       0.026      0.000       0.023       0.120
    NA                 0.123       0.037      0.000       0.059       0.204

                                Posterior  One-Tailed         95% C.I.
    Variable        Estimate       S.D.      P-Value   Lower 2.5%  Upper 2.5%

    SPR_PA             0.049       0.045      0.000       0.002       0.172
    SPR_NA             0.038       0.031      0.000       0.004       0.118


CREDIBILITY INTERVALS OF MODEL RESULTS

                  Lower .5%  Lower 2.5%    Lower 5%    Estimate    Upper 5%  Upper 2.5%   Upper .5%

Within Level

 NA       WITH
    PA             -48.779     -47.924     -47.490     -45.364     -43.202     -42.865     -42.220

 Means
    PER_CAPIT       23.132      23.330      23.415      23.905      24.341      24.434      24.584

 Variances
    PER_CAPIT      644.192     652.759     655.923     672.601     688.736     691.890     698.259

 Residual Variances
    PA             122.913     123.924     124.524     127.961     131.618     132.424     133.171
    NA              72.591      73.357      73.671      75.705      77.788      78.260      78.855

Between Level

 SPR_PA   ON
    ANHEDONIA       -0.004      -0.004      -0.003      -0.002       0.000       0.001       0.001
    BDI_SUM         -0.002      -0.001       0.000       0.002       0.005       0.005       0.006

 SPR_NA   ON
    ANHEDONIA       -0.001      -0.001       0.000       0.001       0.003       0.003       0.004
    BDI_SUM         -0.007      -0.006      -0.006      -0.003       0.000       0.000       0.001

 PA       ON
    ANHEDONIA       -0.494      -0.445      -0.408      -0.241      -0.077      -0.034       0.036
    BDI_SUM         -0.992      -0.875      -0.825      -0.565      -0.278      -0.229      -0.086

 NA       ON
    ANHEDONIA       -0.143      -0.084      -0.059       0.064       0.194       0.214       0.269
    BDI_SUM          0.394       0.467       0.501       0.699       0.892       0.938       1.011

 NA       WITH
    PA             -21.994     -16.739     -14.070      -1.704      10.408      12.769      17.532

 Means
    SPA_PA           0.290       0.301       0.306       0.337       0.366       0.371       0.381
    SNA_NA           0.267       0.278       0.283       0.312       0.341       0.346       0.358

 Intercepts
    PA              36.882      37.566      37.834      39.393      40.895      41.158      41.689
    NA              13.986      14.447      14.642      15.718      16.850      17.043      17.662
    SPR_PA           0.098       0.106       0.109       0.124       0.139       0.142       0.149
    SPR_NA          -0.037      -0.031      -0.028      -0.012       0.003       0.006       0.013

 Variances
    SPA_PA           0.016       0.019       0.020       0.027       0.036       0.038       0.043
    SNA_NA           0.019       0.021       0.022       0.030       0.039       0.042       0.047

 Residual Variances
    PA              81.994      89.053      92.737     113.394     139.121     145.614     161.622
    NA              41.919      45.501      47.232      58.771      72.824      75.581      80.435
    SPR_PA           0.002       0.002       0.003       0.004       0.007       0.008       0.009
    SPR_NA           0.003       0.004       0.004       0.007       0.009       0.010       0.011


CREDIBILITY INTERVALS OF STANDARDIZED MODEL RESULTS


STDYX Standardization

                  Lower .5%  Lower 2.5%    Lower 5%    Estimate    Upper 5%  Upper 2.5%   Upper .5%

Within Level

 NA       WITH
    PA               0.000      -0.478       0.000      -0.461       0.000      -0.442       0.000

 Means
    PER_CAPIT        0.000       0.896       0.000       0.922       0.000       0.946       0.000

 Variances
    PER_CAPIT        0.000       1.000       0.000       1.000       0.000       1.000       0.000

 Residual Variances
    PA               0.000       0.763       0.000       0.782       0.000       0.801       0.000
    NA               0.000       0.811       0.000       0.829       0.000       0.846       0.000

Between Level

 SPR_PA   ON
    ANHEDONIA       -0.393      -0.339      -0.317      -0.150       0.022       0.050       0.127
    BDI_SUM         -0.101      -0.044      -0.016       0.138       0.282       0.311       0.380

 SPR_NA   ON
    ANHEDONIA       -0.098      -0.051      -0.020       0.108       0.238       0.267       0.307
    BDI_SUM         -0.330      -0.290      -0.268      -0.149      -0.023      -0.001       0.050

 PA       ON
    ANHEDONIA       -0.277      -0.249      -0.233      -0.139      -0.043      -0.021       0.020
    BDI_SUM         -0.348      -0.314      -0.297      -0.206      -0.102      -0.083      -0.032

 NA       ON
    ANHEDONIA       -0.102      -0.065      -0.046       0.049       0.148       0.168       0.200
    BDI_SUM          0.193       0.231       0.246       0.343       0.431       0.447       0.478

 NA       WITH
    PA              -0.248      -0.193      -0.169      -0.022       0.127       0.153       0.203

 Means
    SPA_PA           1.516       1.629       1.682       2.060       2.483       2.555       2.764
    SNA_NA           1.336       1.454       1.501       1.804       2.158       2.241       2.420

 Intercepts
    PA               2.996       3.139       3.213       3.568       3.964       4.042       4.163
    NA               1.592       1.657       1.700       1.924       2.153       2.198       2.278
    SPR_PA           1.173       1.283       1.358       1.800       2.403       2.521       2.796
    SPR_NA          -0.487      -0.392      -0.349      -0.149       0.030       0.067       0.137

 Variances
    SPA_PA           1.000       1.000       1.000       1.000       1.000       1.000       1.000
    SNA_NA           1.000       1.000       1.000       1.000       1.000       1.000       1.000

 Residual Variances
    PA               0.855       0.879       0.888       0.935       0.971       0.976       0.986
    NA               0.767       0.795       0.810       0.877       0.933       0.941       0.958
    SPR_PA           0.788       0.828       0.854       0.951       0.995       0.998       0.999
    SPR_NA           0.844       0.882       0.893       0.962       0.994       0.996       0.999


STDY Standardization

                  Lower .5%  Lower 2.5%    Lower 5%    Estimate    Upper 5%  Upper 2.5%   Upper .5%

Within Level

 NA       WITH
    PA               0.000      -0.478       0.000      -0.461       0.000      -0.442       0.000

 Means
    PER_CAPIT        0.000       0.896       0.000       0.922       0.000       0.946       0.000

 Variances
    PER_CAPIT        0.000       1.000       0.000       1.000       0.000       1.000       0.000

 Residual Variances
    PA               0.000       0.763       0.000       0.782       0.000       0.801       0.000
    NA               0.000       0.811       0.000       0.829       0.000       0.846       0.000

Between Level

 SPR_PA   ON
    ANHEDONIA       -0.062      -0.054      -0.050      -0.024       0.003       0.008       0.020
    BDI_SUM         -0.025      -0.011      -0.004       0.035       0.071       0.078       0.095

 SPR_NA   ON
    ANHEDONIA       -0.015      -0.008      -0.003       0.017       0.037       0.042       0.048
    BDI_SUM         -0.083      -0.073      -0.067      -0.037      -0.006       0.000       0.013

 PA       ON
    ANHEDONIA       -0.044      -0.039      -0.037      -0.022      -0.007      -0.003       0.003
    BDI_SUM         -0.087      -0.079      -0.075      -0.052      -0.026      -0.021      -0.008

 NA       ON
    ANHEDONIA       -0.016      -0.010      -0.007       0.008       0.023       0.026       0.032
    BDI_SUM          0.048       0.058       0.062       0.086       0.108       0.112       0.120

 NA       WITH
    PA              -0.248      -0.193      -0.169      -0.022       0.127       0.153       0.203

 Means
    SPA_PA           1.516       1.629       1.682       2.060       2.483       2.555       2.764
    SNA_NA           1.336       1.454       1.501       1.804       2.158       2.241       2.420

 Intercepts
    PA               2.996       3.139       3.213       3.568       3.964       4.042       4.163
    NA               1.592       1.657       1.700       1.924       2.153       2.198       2.278
    SPR_PA           1.173       1.283       1.358       1.800       2.403       2.521       2.796
    SPR_NA          -0.487      -0.392      -0.349      -0.149       0.030       0.067       0.137

 Variances
    SPA_PA           1.000       1.000       1.000       1.000       1.000       1.000       1.000
    SNA_NA           1.000       1.000       1.000       1.000       1.000       1.000       1.000

 Residual Variances
    PA               0.855       0.879       0.888       0.935       0.971       0.976       0.986
    NA               0.767       0.795       0.810       0.877       0.933       0.941       0.958
    SPR_PA           0.788       0.828       0.854       0.951       0.995       0.998       0.999
    SPR_NA           0.844       0.882       0.893       0.962       0.994       0.996       0.999


STD Standardization

                  Lower .5%  Lower 2.5%    Lower 5%    Estimate    Upper 5%  Upper 2.5%   Upper .5%

Within Level

 NA       WITH
    PA               0.000     -47.924       0.000     -45.364       0.000     -42.865       0.000

 Means
    PER_CAPIT        0.000      23.330       0.000      23.905       0.000      24.434       0.000

 Variances
    PER_CAPIT        0.000     652.759       0.000     672.601       0.000     691.890       0.000

 Residual Variances
    PA               0.000     123.924       0.000     127.961       0.000     132.424       0.000
    NA               0.000      73.357       0.000      75.705       0.000      78.260       0.000

Between Level

 SPR_PA   ON
    ANHEDONIA       -0.062      -0.054      -0.050      -0.024       0.003       0.008       0.020
    BDI_SUM         -0.025      -0.011      -0.004       0.035       0.071       0.078       0.095

 SPR_NA   ON
    ANHEDONIA       -0.015      -0.008      -0.003       0.017       0.037       0.042       0.048
    BDI_SUM         -0.083      -0.073      -0.067      -0.037      -0.006       0.000       0.013

 PA       ON
    ANHEDONIA       -0.494      -0.445      -0.408      -0.241      -0.077      -0.034       0.036
    BDI_SUM         -0.992      -0.875      -0.825      -0.565      -0.278      -0.229      -0.086

 NA       ON
    ANHEDONIA       -0.143      -0.084      -0.059       0.064       0.194       0.214       0.269
    BDI_SUM          0.394       0.467       0.501       0.699       0.892       0.938       1.011

 NA       WITH
    PA             -21.994     -16.739     -14.070      -1.704      10.408      12.769      17.532

 Means
    SPA_PA           1.516       1.629       1.682       2.060       2.483       2.555       2.764
    SNA_NA           1.336       1.454       1.501       1.804       2.158       2.241       2.420

 Intercepts
    PA              36.882      37.566      37.834      39.393      40.895      41.158      41.689
    NA              13.986      14.447      14.642      15.718      16.850      17.043      17.662
    SPR_PA           1.173       1.283       1.358       1.800       2.403       2.521       2.796
    SPR_NA          -0.487      -0.392      -0.349      -0.149       0.030       0.067       0.137

 Variances
    SPA_PA           1.000       1.000       1.000       1.000       1.000       1.000       1.000
    SNA_NA           1.000       1.000       1.000       1.000       1.000       1.000       1.000

 Residual Variances
    PA              81.994      89.053      92.737     113.394     139.121     145.614     161.622
    NA              41.919      45.501      47.232      58.771      72.824      75.581      80.435
    SPR_PA           0.788       0.828       0.854       0.951       0.995       0.998       0.999
    SPR_NA           0.844       0.882       0.893       0.962       0.994       0.996       0.999


TECHNICAL 1 OUTPUT


     PARAMETER SPECIFICATION FOR WITHIN


           NU
              PER_CAPI      PA            NA            PA&1          NA&1
              ________      ________      ________      ________      ________
                    0             0             0             0             0


           LAMBDA
              PER_CAPI      PA            NA            PA&1          NA&1
              ________      ________      ________      ________      ________
 PER_CAPI           0             0             0             0             0
 PA                 0             0             0             0             0
 NA                 0             0             0             0             0
 PA&1               0             0             0             0             0
 NA&1               0             0             0             0             0


           THETA
              PER_CAPI      PA            NA            PA&1          NA&1
              ________      ________      ________      ________      ________
 PER_CAPI           0
 PA                 0             0
 NA                 0             0             0
 PA&1               0             0             0             0
 NA&1               0             0             0             0             0


           ALPHA
              PER_CAPI      PA            NA            PA&1          NA&1
              ________      ________      ________      ________      ________
                    1             0             0             0             0


           BETA
              PER_CAPI      PA            NA            PA&1          NA&1
              ________      ________      ________      ________      ________
 PER_CAPI           0             0             0             0             0
 PA                 0             0             0             0             0
 NA                 0             0             0             0             0
 PA&1               0             0             0             0             0
 NA&1               0             0             0             0             0


           PSI
              PER_CAPI      PA            NA            PA&1          NA&1
              ________      ________      ________      ________      ________
 PER_CAPI           2
 PA                 0             3
 NA                 0             4             5
 PA&1               0             0             0             0
 NA&1               0             0             0             0             0


     PARAMETER SPECIFICATION FOR BETWEEN


           NU
              PA            NA            ANHEDONI      BDI_SUM
              ________      ________      ________      ________
                    0             0             0             0


           LAMBDA
              SPR_PA        SPR_NA        SPA_PA        SNA_NA        PA
              ________      ________      ________      ________      ________
 PA                 0             0             0             0             0
 NA                 0             0             0             0             0
 ANHEDONI           0             0             0             0             0
 BDI_SUM            0             0             0             0             0


           LAMBDA
              NA            ANHEDONI      BDI_SUM
              ________      ________      ________
 PA                 0             0             0
 NA                 0             0             0
 ANHEDONI           0             0             0
 BDI_SUM            0             0             0


           THETA
              PA            NA            ANHEDONI      BDI_SUM
              ________      ________      ________      ________
 PA                 0
 NA                 0             0
 ANHEDONI           0             0             0
 BDI_SUM            0             0             0             0


           ALPHA
              SPR_PA        SPR_NA        SPA_PA        SNA_NA        PA
              ________      ________      ________      ________      ________
                    6             7             8             9            10


           ALPHA
              NA            ANHEDONI      BDI_SUM
              ________      ________      ________
                   11             0             0


           BETA
              SPR_PA        SPR_NA        SPA_PA        SNA_NA        PA
              ________      ________      ________      ________      ________
 SPR_PA             0             0             0             0             0
 SPR_NA             0             0             0             0             0
 SPA_PA             0             0             0             0             0
 SNA_NA             0             0             0             0             0
 PA                 0             0             0             0             0
 NA                 0             0             0             0             0
 ANHEDONI           0             0             0             0             0
 BDI_SUM            0             0             0             0             0


           BETA
              NA            ANHEDONI      BDI_SUM
              ________      ________      ________
 SPR_PA             0            12            13
 SPR_NA             0            14            15
 SPA_PA             0             0             0
 SNA_NA             0             0             0
 PA                 0            16            17
 NA                 0            18            19
 ANHEDONI           0             0             0
 BDI_SUM            0             0             0


           PSI
              SPR_PA        SPR_NA        SPA_PA        SNA_NA        PA
              ________      ________      ________      ________      ________
 SPR_PA            20
 SPR_NA             0            21
 SPA_PA             0             0            22
 SNA_NA             0             0             0            23
 PA                 0             0             0             0            24
 NA                 0             0             0             0            25
 ANHEDONI           0             0             0             0             0
 BDI_SUM            0             0             0             0             0


           PSI
              NA            ANHEDONI      BDI_SUM
              ________      ________      ________
 NA                26
 ANHEDONI           0             0
 BDI_SUM            0             0             0


     STARTING VALUES FOR WITHIN


           NU
              PER_CAPI      PA            NA            PA&1          NA&1
              ________      ________      ________      ________      ________
                0.000         0.000         0.000         0.000         0.000


           LAMBDA
              PER_CAPI      PA            NA            PA&1          NA&1
              ________      ________      ________      ________      ________
 PER_CAPI       1.000         0.000         0.000         0.000         0.000
 PA             0.000         1.000         0.000         0.000         0.000
 NA             0.000         0.000         1.000         0.000         0.000
 PA&1           0.000         0.000         0.000         1.000         0.000
 NA&1           0.000         0.000         0.000         0.000         1.000


           THETA
              PER_CAPI      PA            NA            PA&1          NA&1
              ________      ________      ________      ________      ________
 PER_CAPI       0.000
 PA             0.000         0.000
 NA             0.000         0.000         0.000
 PA&1           0.000         0.000         0.000         0.000
 NA&1           0.000         0.000         0.000         0.000         0.000


           ALPHA
              PER_CAPI      PA            NA            PA&1          NA&1
              ________      ________      ________      ________      ________
                0.000         0.000         0.000         0.000         0.000


           BETA
              PER_CAPI      PA            NA            PA&1          NA&1
              ________      ________      ________      ________      ________
 PER_CAPI       0.000         0.000         0.000         0.000         0.000
 PA             0.000         0.000         0.000         0.000         0.000
 NA             0.000         0.000         0.000         0.000         0.000
 PA&1           0.000         0.000         0.000         0.000         0.000
 NA&1           0.000         0.000         0.000         0.000         0.000


           PSI
              PER_CAPI      PA            NA            PA&1          NA&1
              ________      ________      ________      ________      ________
 PER_CAPI     335.068
 PA             0.000       150.998
 NA             0.000         0.000        82.455
 PA&1           0.000         0.000         0.000       151.182
 NA&1           0.000         0.000         0.000         0.000        82.346


     STARTING VALUES FOR BETWEEN


           NU
              PA            NA            ANHEDONI      BDI_SUM
              ________      ________      ________      ________
                0.000         0.000         0.000         0.000


           LAMBDA
              SPR_PA        SPR_NA        SPA_PA        SNA_NA        PA
              ________      ________      ________      ________      ________
 PA             0.000         0.000         0.000         0.000         1.000
 NA             0.000         0.000         0.000         0.000         0.000
 ANHEDONI       0.000         0.000         0.000         0.000         0.000
 BDI_SUM        0.000         0.000         0.000         0.000         0.000


           LAMBDA
              NA            ANHEDONI      BDI_SUM
              ________      ________      ________
 PA             0.000         0.000         0.000
 NA             1.000         0.000         0.000
 ANHEDONI       0.000         1.000         0.000
 BDI_SUM        0.000         0.000         1.000


           THETA
              PA            NA            ANHEDONI      BDI_SUM
              ________      ________      ________      ________
 PA             0.000
 NA             0.000         0.000
 ANHEDONI       0.000         0.000         0.000
 BDI_SUM        0.000         0.000         0.000         0.000


           ALPHA
              SPR_PA        SPR_NA        SPA_PA        SNA_NA        PA
              ________      ________      ________      ________      ________
                0.000         0.000         0.000         0.000        44.345


           ALPHA
              NA            ANHEDONI      BDI_SUM
              ________      ________      ________
               14.975         0.000         0.000


           BETA
              SPR_PA        SPR_NA        SPA_PA        SNA_NA        PA
              ________      ________      ________      ________      ________
 SPR_PA         0.000         0.000         0.000         0.000         0.000
 SPR_NA         0.000         0.000         0.000         0.000         0.000
 SPA_PA         0.000         0.000         0.000         0.000         0.000
 SNA_NA         0.000         0.000         0.000         0.000         0.000
 PA             0.000         0.000         0.000         0.000         0.000
 NA             0.000         0.000         0.000         0.000         0.000
 ANHEDONI       0.000         0.000         0.000         0.000         0.000
 BDI_SUM        0.000         0.000         0.000         0.000         0.000


           BETA
              NA            ANHEDONI      BDI_SUM
              ________      ________      ________
 SPR_PA         0.000         0.000         0.000
 SPR_NA         0.000         0.000         0.000
 SPA_PA         0.000         0.000         0.000
 SNA_NA         0.000         0.000         0.000
 PA             0.000         0.000         0.000
 NA             0.000         0.000         0.000
 ANHEDONI       0.000         0.000         0.000
 BDI_SUM        0.000         0.000         0.000


           PSI
              SPR_PA        SPR_NA        SPA_PA        SNA_NA        PA
              ________      ________      ________      ________      ________
 SPR_PA         1.000
 SPR_NA         0.000         1.000
 SPA_PA         0.000         0.000         1.000
 SNA_NA         0.000         0.000         0.000         1.000
 PA             0.000         0.000         0.000         0.000       150.998
 NA             0.000         0.000         0.000         0.000         0.000
 ANHEDONI       0.000         0.000         0.000         0.000         0.000
 BDI_SUM        0.000         0.000         0.000         0.000         0.000


           PSI
              NA            ANHEDONI      BDI_SUM
              ________      ________      ________
 NA            82.455
 ANHEDONI       0.000        40.163
 BDI_SUM        0.000         0.000        15.903



     PRIORS FOR ALL PARAMETERS            PRIOR MEAN      PRIOR VARIANCE     PRIOR STD. DEV.

     Parameter 1~N(0.000,infinity)           0.0000            infinity            infinity
     Parameter 2~IG(-1.000,0.000)          infinity            infinity            infinity
     Parameter 3~IW(0.000,-3)              infinity            infinity            infinity
     Parameter 4~IW(0.000,-3)              infinity            infinity            infinity
     Parameter 5~IW(0.000,-3)              infinity            infinity            infinity
     Parameter 6~N(0.000,infinity)           0.0000            infinity            infinity
     Parameter 7~N(0.000,infinity)           0.0000            infinity            infinity
     Parameter 8~N(0.000,infinity)           0.0000            infinity            infinity
     Parameter 9~N(0.000,infinity)           0.0000            infinity            infinity
     Parameter 10~N(0.000,infinity)          0.0000            infinity            infinity
     Parameter 11~N(0.000,infinity)          0.0000            infinity            infinity
     Parameter 12~N(0.000,infinity)          0.0000            infinity            infinity
     Parameter 13~N(0.000,infinity)          0.0000            infinity            infinity
     Parameter 14~N(0.000,infinity)          0.0000            infinity            infinity
     Parameter 15~N(0.000,infinity)          0.0000            infinity            infinity
     Parameter 16~N(0.000,infinity)          0.0000            infinity            infinity
     Parameter 17~N(0.000,infinity)          0.0000            infinity            infinity
     Parameter 18~N(0.000,infinity)          0.0000            infinity            infinity
     Parameter 19~N(0.000,infinity)          0.0000            infinity            infinity
     Parameter 20~IG(-1.000,0.000)         infinity            infinity            infinity
     Parameter 21~IG(-1.000,0.000)         infinity            infinity            infinity
     Parameter 22~IG(-1.000,0.000)         infinity            infinity            infinity
     Parameter 23~IG(-1.000,0.000)         infinity            infinity            infinity
     Parameter 24~IW(0.000,-3)             infinity            infinity            infinity
     Parameter 25~IW(0.000,-3)             infinity            infinity            infinity
     Parameter 26~IW(0.000,-3)             infinity            infinity            infinity


TECHNICAL 8 OUTPUT


   TECHNICAL 8 OUTPUT FOR BAYES ESTIMATION

     PROCESSOR    BSEED
     1            0
     2            285380
     3            253358
     4            93468
     5            608496
     6            903420
     7            195873
     8            462953
     9            939021
     10           127215
     11           415931
     12           533738
     13           107446
     14           399671
     15           650371
     16           27071

                     POTENTIAL       PARAMETER WITH
     ITERATION    SCALE REDUCTION      HIGHEST PSR
     100              1.241               9
     200              1.031               19
     300              1.054               18
     400              1.077               6
     500              1.011               8
     600              1.027               8
     700              1.042               8
     800              1.041               8
     900              1.030               8
     1000             1.047               8
     1100             1.030               8
     1200             1.026               8
     1300             1.015               8
     1400             1.005               8
     1500             1.004               5
     1600             1.005               5
     1700             1.004               5
     1800             1.005               7
     1900             1.008               7
     2000             1.009               7


PLOT INFORMATION

The following plots are available:

  Histograms (sample values)
  Scatterplots (sample values)
  Between-level histograms (sample values, sample means/variances)
  Between-level scatterplots (sample values, sample means/variances)
  Time series plots (sample values, ACF, PACF)
  Histogram of subjects per time point
  Time interval plots
  Bayesian posterior parameter distributions
  Bayesian posterior parameter trace plots
  Bayesian autocorrelation plots

     Beginning Time:  05:14:34
        Ending Time:  05:16:07
       Elapsed Time:  00:01:33



MUTHEN & MUTHEN
3463 Stoner Ave.
Los Angeles, CA  90066

Tel: (310) 391-9971
Fax: (310) 391-8971
Web: www.StatModel.com
Support: Support@StatModel.com

Copyright (c) 1998-2022 Muthen & Muthen
