Mplus VERSION 8.8
MUTHEN & MUTHEN
07/14/2023  12:49 AM

INPUT INSTRUCTIONS


  DATA:
  FILE IS data5.dat;

  VARIABLE:   NAMES =
  	    Eth_ID Time Time_between Time_inc
  	    PA_enth NA_irri NA_verv PA_tevr PA_ener
       	    PA_kalm NA_nerv PA_daadk NA_verdr
  	    PA_vrol NA_boos PA_dankb NA_somb PER_att
      	    PER_refl PER_self PER_expr PER_damp
  	    PER_codamp PER_capit Sample age_yr gesl BDI
      	    Measures_valid BDI_anh Anhedonia
   	    BDI_sum PA NA day compliance;

              USEVARIABLES are PER_att PA NA Anhedonia BDI_sum ;
              MISSING is .;
              within = PER_att;
              between = Anhedonia BDI_sum;
              cluster = Eth_ID;
              lagged= PA NA(1);
              tinterval=Time_inc (150);


  DEFINE:     CENTER Anhedonia BDI_sum (grandmean);

  ANALYSIS:   type = twolevel random;
              estimator = Bayes;
              biterations=(2000);
              bconvergence=0.005;
              thin=2;
              PROCESSORS=16;
  MODEL:
  %WITHIN%
  sPR_PA | PA on PER_att;
  sPR_NA | NA on PER_att;
  sPA_PA | PA on PA&1;
  sNA_NA | NA on NA&1;
  [PER_att];


  %between%
  sPR_PA sPR_NA on Anhedonia BDI_sum ;
  PA NA on Anhedonia BDI_sum ;


  OUTPUT: standardized tech1 tech8 cinterval patterns;
  PLOT: TYPE = PLOT3;



*** WARNING in VARIABLE command
  Note that only the first 8 characters of variable names are used in the output.
  Shorten variable names to avoid any confusion.
*** WARNING in PLOT command
  Note that only the first 8 characters of variable names are used in plots.
  If variable names are not unique within the first 8 characters, problems
  may occur.
*** WARNING
  One or more individual-level variables have no variation within a
  cluster for the following clusters.

     Variable   Cluster IDs with no within-cluster variation

      PER_ATT     165

*** WARNING
  Data set contains cases with missing on all variables.  Cases that appeared before the first
  case with observed data and that appeared after the last case with observed data were not
  included in the analysis.  Number of deleted cases:  721
   4 WARNING(S) FOUND IN THE INPUT INSTRUCTIONS




SUMMARY OF ANALYSIS

Number of groups                                                 1
Number of observations                                       21602

Number of dependent variables                                    2
Number of independent variables                                  5
Number of continuous latent variables                            4

Observed dependent variables

  Continuous
   PA          NA

Observed independent variables
   PER_ATT     ANHEDONI    BDI_SUM     PA&1        NA&1

Continuous latent variables
   SPR_PA      SPR_NA      SPA_PA      SNA_NA

Variables with special functions

  Cluster variable      ETH_ID

  Within variables
   PER_ATT     PA&1        NA&1

  Between variables
   ANHEDONI    BDI_SUM

  Centering (GRANDMEAN)
   ANHEDONI    BDI_SUM


Estimator                                                    BAYES
Specifications for Bayesian Estimation
  Point estimate                                            MEDIAN
  Number of Markov chain Monte Carlo (MCMC) chains               2
  Random seed for the first chain                                0
  Starting value information                           UNPERTURBED
  Algorithm used for Markov chain Monte Carlo           GIBBS(PX1)
  Convergence criterion                                  0.500D-02
  Maximum number of iterations                               50000
  K-th iteration used for thinning                               2

Input data file(s)
  data5.dat
Input data format  FREE


SUMMARY OF DATA

     Number of clusters                        174

       Size (s)    Cluster ID with Size s

         33        8
         41        58
         43        41
         56        28
         58        33
         80        82
         84        87
         88        72
         89        143
         96        113
         97        34
        100        134
        101        10
        103        164
        105        52
        106        154
        108        119
        111        36
        113        182
        115        89 131
        116        15 77 188 75
        117        11
        118        57 16 49 66 195
        119        197 106 149 50 71 92 38 186 163 48
        120        55 168 108 61 7 192 98 148 165
        121        189
        122        174
        123        127
        124        161 51 117 184 103
        125        100 123 105 40 88 53 112 73 54 93 30 44 13 68
        126        173 109 111 120 80 107 102 65 76 172
        127        147 177 133 110 62 118 139 25 115 67 46 104 178 193
                   32 130 126 198 70 86
        128        59 5 153 96 156 180 43 196 18
        129        144 125 141 39 3 190 146 116 187 137 185 135 69
        130        14 138 97 166
        133        191
        134        2
        135        194 63 201 60 183 200
        136        56 122 26
        137        155 9 42 4 19 22 95
        138        29 132 94
        139        45 145 37 84 21 74 79 114 35
        142        27
        143        179
        144        24 170 171
        145        20 124 162 1
        146        151 6 167
        147        142 31
        148        176 159



SUMMARY OF MISSING DATA PATTERNS

     Number of missing data patterns            13


     MISSING DATA PATTERNS (x = not missing)

           1  2  3  4  5  6  7  8  9 10 11 12 13
 PER_ATT   x  x              x     x     x     x
 PA        x  x        x  x     x  x     x  x
 NA        x  x        x  x        x  x  x
 PA&1      x     x     x     x     x        x
 NA&1      x     x     x     x           x  x
 ANHEDONI  x  x  x  x  x  x  x  x  x  x  x  x  x
 BDI_SUM   x  x  x  x  x  x  x  x  x  x  x  x  x


     MISSING DATA PATTERN FREQUENCIES

    Pattern   Frequency     Pattern   Frequency     Pattern   Frequency
          1        4984           6          57          11           1
          2        3401           7           3          12           1
          3        3287           8           4          13           1
          4        9811           9           5
          5          46          10           1


COVARIANCE COVERAGE OF DATA

Minimum covariance coverage value   0.100


     PROPORTION OF DATA PRESENT


           Covariance Coverage
              PER_ATT       PA            NA            ANHEDONI      BDI_SUM
              ________      ________      ________      ________      ________
 PER_ATT        0.389
 PA             0.388         0.393
 NA             0.388         0.393         0.393
 ANHEDONI       0.389         0.393         0.393         1.000
 BDI_SUM        0.389         0.393         0.393         1.000         1.000



UNIVARIATE SAMPLE STATISTICS


     UNIVARIATE HIGHER-ORDER MOMENT DESCRIPTIVE STATISTICS

         Variable/         Mean/     Skewness/   Minimum/ % with                Percentiles
        Sample Size      Variance    Kurtosis    Maximum  Min/Max      20%/60%    40%/80%    Median

     PER_ATT              31.061       0.464       0.000    9.51%       6.000     17.000     27.000
            8395.000     621.260      -0.875     100.000    0.45%      38.000     55.000
     PA                   45.662      -0.013       0.000    0.28%      30.857     41.571     46.143
            8499.000     302.336      -0.230     100.000    0.07%      50.429     60.429
     NA                   15.113       1.405       0.000    7.03%       5.167      9.333     11.667
            8495.000     166.005       1.975      80.667    0.01%      14.500     23.167
     ANHEDONIA             0.000       0.594     -18.144    0.57%      -7.490     -2.873     -0.734
             174.000      78.072       0.597      30.202    0.57%       1.439      6.150
     BDI_SUM               0.000       1.160      -8.138    5.17%      -5.138     -3.138     -1.138
             174.000      36.625       1.944      27.862    0.57%      -0.138      3.862


     WARNING: PROBLEMS OCCURRED IN SEVERAL ITERATIONS IN THE COMPUTATION OF THE STANDARDIZED ESTIMATES FOR SEVERAL
     CLUSTERS. THIS IS MOST LIKELY DUE TO AR COEFFICIENTS GREATER THAN 1 OR PARAMETERS GIVING NON-STATIONARY MODELS.
     SUCH POSTERIOR DRAWS ARE REMOVED. THE FOLLOWING CLUSTERS HAD SUCH PROBLEMS:
          33

THE MODEL ESTIMATION TERMINATED NORMALLY

     USE THE FBITERATIONS OPTION TO INCREASE THE NUMBER OF ITERATIONS BY A FACTOR
     OF AT LEAST TWO TO CHECK CONVERGENCE AND THAT THE PSR VALUE DOES NOT INCREASE.



MODEL FIT INFORMATION

Number of Free Parameters                              26

Information Criteria

          Deviance (DIC)                       553124.735
          Estimated Number of Parameters (pD)   37612.323



MODEL RESULTS

                                Posterior  One-Tailed         95% C.I.
                    Estimate       S.D.      P-Value   Lower 2.5%  Upper 2.5%  Significance

Within Level

 NA       WITH
    PA               -48.543       1.308      0.000     -51.138     -46.028      *

 Means
    PER_ATT           30.984       0.271      0.000      30.435      31.516      *

 Variances
    PER_ATT          623.361       9.570      0.000     604.832     643.017      *

 Residual Variances
    PA               128.004       2.094      0.000     123.928     132.293      *
    NA                76.527       1.298      0.000      74.094      79.124      *

Between Level

 SPR_PA     ON
    ANHEDONIA          0.000       0.001      0.496      -0.002       0.002
    BDI_SUM            0.003       0.002      0.066      -0.001       0.006

 SPR_NA     ON
    ANHEDONIA          0.001       0.001      0.169      -0.001       0.003
    BDI_SUM           -0.002       0.001      0.080      -0.005       0.001

 PA         ON
    ANHEDONIA         -0.348       0.104      0.000      -0.550      -0.149      *
    BDI_SUM           -0.525       0.154      0.001      -0.829      -0.236      *

 NA         ON
    ANHEDONIA          0.079       0.074      0.139      -0.068       0.223
    BDI_SUM            0.635       0.113      0.000       0.410       0.853      *

 NA       WITH
    PA                -7.039       7.200      0.158     -21.292       6.642

 Means
    SPA_PA             0.349       0.017      0.000       0.315       0.383      *
    SNA_NA             0.300       0.019      0.000       0.262       0.337      *

 Intercepts
    PA                38.562       0.888      0.000      36.756      40.259      *
    NA                15.764       0.661      0.000      14.515      17.101      *
    SPR_PA             0.136       0.010      0.000       0.115       0.156      *
    SPR_NA            -0.003       0.009      0.373      -0.020       0.015

 Variances
    SPA_PA             0.027       0.005      0.000       0.019       0.038      *
    SNA_NA             0.032       0.006      0.000       0.022       0.046      *

 Residual Variances
    PA               104.878      13.652      0.000      81.515     134.914      *
    NA                57.525       7.727      0.000      44.368      74.491      *
    SPR_PA             0.010       0.002      0.000       0.007       0.014      *
    SPR_NA             0.008       0.001      0.000       0.005       0.011      *


STANDARDIZED MODEL RESULTS


STDYX Standardization

                                Posterior  One-Tailed         95% C.I.
                    Estimate       S.D.      P-Value   Lower 2.5%  Upper 2.5%  Significance

Within-Level Standardized Estimates Averaged Over Clusters

 SPR_PA | PA ON
    PER_ATT            0.253       0.014      0.000       0.225       0.278      *

 SPA_PA | PA ON
    PA&1               0.349       0.012      0.000       0.325       0.371      *

 SPR_NA | NA ON
    PER_ATT           -0.009       0.015      0.278      -0.040       0.021

 SNA_NA | NA ON
    NA&1               0.300       0.013      0.000       0.276       0.325      *

 NA       WITH
    PA                -0.490       0.009      0.000      -0.507      -0.474      *

 Means
    PER_ATT            1.242       0.015      0.000       1.212       1.270      *

 Variances
    PER_ATT            1.000       0.000      0.000       1.000       1.000

 Residual Variances
    PA                 0.757       0.009      0.000       0.739       0.774      *
    NA                 0.833       0.008      0.000       0.818       0.849      *

Between Level

 SPR_PA     ON
    ANHEDONIA         -0.001       0.077      0.496      -0.156       0.147
    BDI_SUM            0.117       0.077      0.066      -0.038       0.266

 SPR_NA     ON
    ANHEDONIA          0.069       0.072      0.169      -0.074       0.210
    BDI_SUM           -0.103       0.071      0.080      -0.242       0.037

 PA         ON
    ANHEDONIA         -0.205       0.059      0.000      -0.318      -0.087      *
    BDI_SUM           -0.209       0.060      0.001      -0.322      -0.093      *

 NA         ON
    ANHEDONIA          0.061       0.058      0.139      -0.053       0.172
    BDI_SUM            0.335       0.057      0.000       0.217       0.441      *

 NA       WITH
    PA                -0.091       0.089      0.158      -0.262       0.085

 Means
    SPA_PA             2.108       0.231      0.000       1.711       2.621      *
    SNA_NA             1.675       0.202      0.000       1.307       2.098      *

 Intercepts
    PA                 3.589       0.233      0.000       3.144       4.066      *
    NA                 1.945       0.139      0.000       1.693       2.246      *
    SPR_PA             1.364       0.172      0.000       1.049       1.733      *
    SPR_NA            -0.033       0.103      0.373      -0.239       0.165

 Variances
    SPA_PA             1.000       0.000      0.000       1.000       1.000
    SNA_NA             1.000       0.000      0.000       1.000       1.000

 Residual Variances
    PA                 0.909       0.031      0.000       0.841       0.963      *
    NA                 0.880       0.037      0.000       0.800       0.945      *
    SPR_PA             0.980       0.021      0.000       0.919       0.999      *
    SPR_NA             0.980       0.021      0.000       0.921       0.999      *


STDY Standardization

                                Posterior  One-Tailed         95% C.I.
                    Estimate       S.D.      P-Value   Lower 2.5%  Upper 2.5%  Significance

Within-Level Standardized Estimates Averaged Over Clusters

 SPR_PA | PA ON
    PER_ATT            0.253       0.014      0.000       0.225       0.278      *

 SPA_PA | PA ON
    PA&1               0.026       0.001      0.000       0.024       0.028      *

 SPR_NA | NA ON
    PER_ATT           -0.009       0.015      0.278      -0.040       0.021

 SNA_NA | NA ON
    NA&1               0.030       0.001      0.000       0.028       0.033      *

 NA       WITH
    PA                -0.490       0.009      0.000      -0.507      -0.474      *

 Means
    PER_ATT            1.242       0.015      0.000       1.212       1.270      *

 Variances
    PER_ATT            1.000       0.000      0.000       1.000       1.000

 Residual Variances
    PA                 0.757       0.009      0.000       0.739       0.774      *
    NA                 0.833       0.008      0.000       0.818       0.849      *

Between Level

 SPR_PA     ON
    ANHEDONIA          0.000       0.012      0.496      -0.025       0.023
    BDI_SUM            0.028       0.018      0.066      -0.009       0.062

 SPR_NA     ON
    ANHEDONIA          0.011       0.011      0.169      -0.012       0.033
    BDI_SUM           -0.024       0.017      0.080      -0.057       0.009

 PA         ON
    ANHEDONIA         -0.032       0.009      0.000      -0.050      -0.014      *
    BDI_SUM           -0.049       0.014      0.001      -0.076      -0.022      *

 NA         ON
    ANHEDONIA          0.010       0.009      0.139      -0.008       0.027
    BDI_SUM            0.079       0.013      0.000       0.051       0.103      *

 NA       WITH
    PA                -0.091       0.089      0.158      -0.262       0.085

 Means
    SPA_PA             2.108       0.231      0.000       1.711       2.621      *
    SNA_NA             1.675       0.202      0.000       1.307       2.098      *

 Intercepts
    PA                 3.589       0.233      0.000       3.144       4.066      *
    NA                 1.945       0.139      0.000       1.693       2.246      *
    SPR_PA             1.364       0.172      0.000       1.049       1.733      *
    SPR_NA            -0.033       0.103      0.373      -0.239       0.165

 Variances
    SPA_PA             1.000       0.000      0.000       1.000       1.000
    SNA_NA             1.000       0.000      0.000       1.000       1.000

 Residual Variances
    PA                 0.909       0.031      0.000       0.841       0.963      *
    NA                 0.880       0.037      0.000       0.800       0.945      *
    SPR_PA             0.980       0.021      0.000       0.919       0.999      *
    SPR_NA             0.980       0.021      0.000       0.921       0.999      *


STD Standardization

                                Posterior  One-Tailed         95% C.I.
                    Estimate       S.D.      P-Value   Lower 2.5%  Upper 2.5%  Significance

Within-Level Standardized Estimates Averaged Over Clusters

 SPR_PA | PA ON
    PER_ATT            0.136       0.008      0.000       0.121       0.151      *

 SPA_PA | PA ON
    PA&1               0.349       0.012      0.000       0.325       0.371      *

 SPR_NA | NA ON
    PER_ATT           -0.003       0.006      0.331      -0.015       0.009

 SNA_NA | NA ON
    NA&1               0.300       0.013      0.000       0.276       0.325      *

 NA       WITH
    PA               -48.524       1.262      0.000     -51.075     -46.093      *

 Means
    PER_ATT           30.992       0.276      0.000      30.427      31.530      *

 Variances
    PER_ATT          623.279       9.671      0.000     605.341     643.611      *

 Residual Variances
    PA               127.897       2.030      0.000     124.042     131.945      *
    NA                76.528       1.280      0.000      74.117      79.121      *

Between Level

 SPR_PA     ON
    ANHEDONIA          0.000       0.012      0.496      -0.025       0.023
    BDI_SUM            0.028       0.018      0.066      -0.009       0.062

 SPR_NA     ON
    ANHEDONIA          0.011       0.011      0.169      -0.012       0.033
    BDI_SUM           -0.024       0.017      0.080      -0.057       0.009

 PA         ON
    ANHEDONIA         -0.348       0.104      0.000      -0.550      -0.149      *
    BDI_SUM           -0.525       0.154      0.001      -0.829      -0.236      *

 NA         ON
    ANHEDONIA          0.079       0.074      0.139      -0.068       0.223
    BDI_SUM            0.635       0.113      0.000       0.410       0.853      *

 NA       WITH
    PA                -7.039       7.200      0.158     -21.292       6.642

 Means
    SPA_PA             2.108       0.231      0.000       1.711       2.621      *
    SNA_NA             1.675       0.202      0.000       1.307       2.098      *

 Intercepts
    PA                38.562       0.888      0.000      36.756      40.259      *
    NA                15.764       0.661      0.000      14.515      17.101      *
    SPR_PA             1.364       0.172      0.000       1.049       1.733      *
    SPR_NA            -0.033       0.103      0.373      -0.239       0.165

 Variances
    SPA_PA             1.000       0.000      0.000       1.000       1.000
    SNA_NA             1.000       0.000      0.000       1.000       1.000

 Residual Variances
    PA               104.878      13.652      0.000      81.515     134.914      *
    NA                57.525       7.727      0.000      44.368      74.491      *
    SPR_PA             0.980       0.021      0.000       0.919       0.999      *
    SPR_NA             0.980       0.021      0.000       0.921       0.999      *


R-SQUARE

Within-Level R-Square Averaged Across Clusters

                                Posterior  One-Tailed         95% C.I.
    Variable        Estimate       S.D.      P-Value   Lower 2.5%  Upper 2.5%

    PA                 0.243       0.009      0.000       0.225       0.261
    NA                 0.167       0.008      0.000       0.151       0.182

Between Level

                                Posterior  One-Tailed         95% C.I.
    Variable        Estimate       S.D.      P-Value   Lower 2.5%  Upper 2.5%

    PA                 0.091       0.031      0.000       0.037       0.159
    NA                 0.120       0.037      0.000       0.055       0.199

                                Posterior  One-Tailed         95% C.I.
    Variable        Estimate       S.D.      P-Value   Lower 2.5%  Upper 2.5%

    SPR_PA             0.020       0.021      0.000       0.001       0.080
    SPR_NA             0.020       0.021      0.000       0.001       0.079


CREDIBILITY INTERVALS OF MODEL RESULTS

                  Lower .5%  Lower 2.5%    Lower 5%    Estimate    Upper 5%  Upper 2.5%   Upper .5%

Within Level

 NA       WITH
    PA             -51.992     -51.138     -50.730     -48.543     -46.466     -46.028     -45.336

 Means
    PER_ATT         30.288      30.435      30.526      30.984      31.425      31.516      31.689

 Variances
    PER_ATT        600.077     604.832     607.640     623.361     639.478     643.017     649.013

 Residual Variances
    PA             122.691     123.928     124.506     128.004     131.400     132.293     133.506
    NA              73.399      74.094      74.452      76.527      78.764      79.124      79.986

Between Level

 SPR_PA   ON
    ANHEDONIA       -0.003      -0.002      -0.002       0.000       0.002       0.002       0.003
    BDI_SUM         -0.002      -0.001       0.000       0.003       0.006       0.006       0.007

 SPR_NA   ON
    ANHEDONIA       -0.002      -0.001      -0.001       0.001       0.003       0.003       0.004
    BDI_SUM         -0.006      -0.005      -0.005      -0.002       0.000       0.001       0.002

 PA       ON
    ANHEDONIA       -0.626      -0.550      -0.521      -0.348      -0.184      -0.149      -0.091
    BDI_SUM         -0.932      -0.829      -0.780      -0.525      -0.279      -0.236      -0.145

 NA       ON
    ANHEDONIA       -0.124      -0.068      -0.044       0.079       0.198       0.223       0.270
    BDI_SUM          0.339       0.410       0.451       0.635       0.821       0.853       0.942

 NA       WITH
    PA             -28.178     -21.292     -18.837      -7.039       4.358       6.642      11.470

 Means
    SPA_PA           0.303       0.315       0.321       0.349       0.377       0.383       0.391
    SNA_NA           0.250       0.262       0.269       0.300       0.331       0.337       0.347

 Intercepts
    PA              36.189      36.756      37.090      38.562      39.985      40.259      40.892
    NA              13.995      14.515      14.690      15.764      16.860      17.101      17.452
    SPR_PA           0.110       0.115       0.119       0.136       0.153       0.156       0.164
    SPR_NA          -0.027      -0.020      -0.018      -0.003       0.012       0.015       0.021

 Variances
    SPA_PA           0.017       0.019       0.020       0.027       0.036       0.038       0.042
    SNA_NA           0.020       0.022       0.024       0.032       0.043       0.046       0.052

 Residual Variances
    PA              75.991      81.515      85.315     104.878     129.960     134.914     146.087
    NA              40.355      44.368      46.218      57.525      72.021      74.491      80.051
    SPR_PA           0.006       0.007       0.007       0.010       0.013       0.014       0.016
    SPR_NA           0.005       0.005       0.006       0.008       0.010       0.011       0.012


CREDIBILITY INTERVALS OF STANDARDIZED MODEL RESULTS


STDYX Standardization

                  Lower .5%  Lower 2.5%    Lower 5%    Estimate    Upper 5%  Upper 2.5%   Upper .5%

Within Level

 NA       WITH
    PA               0.000      -0.507       0.000      -0.490       0.000      -0.474       0.000

 Means
    PER_ATT          0.000       1.212       0.000       1.242       0.000       1.270       0.000

 Variances
    PER_ATT          0.000       1.000       0.000       1.000       0.000       1.000       0.000

 Residual Variances
    PA               0.000       0.739       0.000       0.757       0.000       0.774       0.000
    NA               0.000       0.818       0.000       0.833       0.000       0.849       0.000

Between Level

 SPR_PA   ON
    ANHEDONIA       -0.201      -0.156      -0.130      -0.001       0.123       0.147       0.188
    BDI_SUM         -0.084      -0.038      -0.012       0.117       0.240       0.266       0.312

 SPR_NA   ON
    ANHEDONIA       -0.115      -0.074      -0.052       0.069       0.187       0.210       0.251
    BDI_SUM         -0.283      -0.242      -0.217      -0.103       0.019       0.037       0.081

 PA       ON
    ANHEDONIA       -0.357      -0.318      -0.303      -0.205      -0.108      -0.087      -0.052
    BDI_SUM         -0.364      -0.322      -0.305      -0.209      -0.111      -0.093      -0.057

 NA       ON
    ANHEDONIA       -0.093      -0.053      -0.035       0.061       0.154       0.172       0.212
    BDI_SUM          0.178       0.217       0.239       0.335       0.424       0.441       0.470

 NA       WITH
    PA              -0.334      -0.262      -0.233      -0.091       0.058       0.085       0.143

 Means
    SPA_PA           1.583       1.711       1.767       2.108       2.530       2.621       2.776
    SNA_NA           1.208       1.307       1.358       1.675       2.025       2.098       2.249

 Intercepts
    PA               3.018       3.144       3.214       3.589       3.979       4.066       4.204
    NA               1.604       1.693       1.734       1.945       2.188       2.246       2.328
    SPR_PA           0.974       1.049       1.097       1.364       1.666       1.733       1.862
    SPR_NA          -0.301      -0.239      -0.206      -0.033       0.133       0.165       0.229

 Variances
    SPA_PA           1.000       1.000       1.000       1.000       1.000       1.000       1.000
    SNA_NA           1.000       1.000       1.000       1.000       1.000       1.000       1.000

 Residual Variances
    PA               0.818       0.841       0.853       0.909       0.955       0.963       0.976
    NA               0.772       0.800       0.814       0.880       0.935       0.945       0.959
    SPR_PA           0.892       0.919       0.935       0.980       0.998       0.999       1.000
    SPR_NA           0.891       0.921       0.934       0.980       0.998       0.999       1.000


STDY Standardization

                  Lower .5%  Lower 2.5%    Lower 5%    Estimate    Upper 5%  Upper 2.5%   Upper .5%

Within Level

 NA       WITH
    PA               0.000      -0.507       0.000      -0.490       0.000      -0.474       0.000

 Means
    PER_ATT          0.000       1.212       0.000       1.242       0.000       1.270       0.000

 Variances
    PER_ATT          0.000       1.000       0.000       1.000       0.000       1.000       0.000

 Residual Variances
    PA               0.000       0.739       0.000       0.757       0.000       0.774       0.000
    NA               0.000       0.818       0.000       0.833       0.000       0.849       0.000

Between Level

 SPR_PA   ON
    ANHEDONIA       -0.032      -0.025      -0.021       0.000       0.020       0.023       0.030
    BDI_SUM         -0.020      -0.009      -0.003       0.028       0.056       0.062       0.073

 SPR_NA   ON
    ANHEDONIA       -0.018      -0.012      -0.008       0.011       0.030       0.033       0.040
    BDI_SUM         -0.066      -0.057      -0.051      -0.024       0.004       0.009       0.019

 PA       ON
    ANHEDONIA       -0.057      -0.050      -0.048      -0.032      -0.017      -0.014      -0.008
    BDI_SUM         -0.085      -0.076      -0.072      -0.049      -0.026      -0.022      -0.013

 NA       ON
    ANHEDONIA       -0.015      -0.008      -0.005       0.010       0.024       0.027       0.034
    BDI_SUM          0.042       0.051       0.056       0.079       0.099       0.103       0.110

 NA       WITH
    PA              -0.334      -0.262      -0.233      -0.091       0.058       0.085       0.143

 Means
    SPA_PA           1.583       1.711       1.767       2.108       2.530       2.621       2.776
    SNA_NA           1.208       1.307       1.358       1.675       2.025       2.098       2.249

 Intercepts
    PA               3.018       3.144       3.214       3.589       3.979       4.066       4.204
    NA               1.604       1.693       1.734       1.945       2.188       2.246       2.328
    SPR_PA           0.974       1.049       1.097       1.364       1.666       1.733       1.862
    SPR_NA          -0.301      -0.239      -0.206      -0.033       0.133       0.165       0.229

 Variances
    SPA_PA           1.000       1.000       1.000       1.000       1.000       1.000       1.000
    SNA_NA           1.000       1.000       1.000       1.000       1.000       1.000       1.000

 Residual Variances
    PA               0.818       0.841       0.853       0.909       0.955       0.963       0.976
    NA               0.772       0.800       0.814       0.880       0.935       0.945       0.959
    SPR_PA           0.892       0.919       0.935       0.980       0.998       0.999       1.000
    SPR_NA           0.891       0.921       0.934       0.980       0.998       0.999       1.000


STD Standardization

                  Lower .5%  Lower 2.5%    Lower 5%    Estimate    Upper 5%  Upper 2.5%   Upper .5%

Within Level

 NA       WITH
    PA               0.000     -51.075       0.000     -48.524       0.000     -46.093       0.000

 Means
    PER_ATT          0.000      30.427       0.000      30.992       0.000      31.530       0.000

 Variances
    PER_ATT          0.000     605.341       0.000     623.279       0.000     643.611       0.000

 Residual Variances
    PA               0.000     124.042       0.000     127.897       0.000     131.945       0.000
    NA               0.000      74.117       0.000      76.528       0.000      79.121       0.000

Between Level

 SPR_PA   ON
    ANHEDONIA       -0.032      -0.025      -0.021       0.000       0.020       0.023       0.030
    BDI_SUM         -0.020      -0.009      -0.003       0.028       0.056       0.062       0.073

 SPR_NA   ON
    ANHEDONIA       -0.018      -0.012      -0.008       0.011       0.030       0.033       0.040
    BDI_SUM         -0.066      -0.057      -0.051      -0.024       0.004       0.009       0.019

 PA       ON
    ANHEDONIA       -0.626      -0.550      -0.521      -0.348      -0.184      -0.149      -0.091
    BDI_SUM         -0.932      -0.829      -0.780      -0.525      -0.279      -0.236      -0.145

 NA       ON
    ANHEDONIA       -0.124      -0.068      -0.044       0.079       0.198       0.223       0.270
    BDI_SUM          0.339       0.410       0.451       0.635       0.821       0.853       0.942

 NA       WITH
    PA             -28.178     -21.292     -18.837      -7.039       4.358       6.642      11.470

 Means
    SPA_PA           1.583       1.711       1.767       2.108       2.530       2.621       2.776
    SNA_NA           1.208       1.307       1.358       1.675       2.025       2.098       2.249

 Intercepts
    PA              36.189      36.756      37.090      38.562      39.985      40.259      40.892
    NA              13.995      14.515      14.690      15.764      16.860      17.101      17.452
    SPR_PA           0.974       1.049       1.097       1.364       1.666       1.733       1.862
    SPR_NA          -0.301      -0.239      -0.206      -0.033       0.133       0.165       0.229

 Variances
    SPA_PA           1.000       1.000       1.000       1.000       1.000       1.000       1.000
    SNA_NA           1.000       1.000       1.000       1.000       1.000       1.000       1.000

 Residual Variances
    PA              75.991      81.515      85.315     104.878     129.960     134.914     146.087
    NA              40.355      44.368      46.218      57.525      72.021      74.491      80.051
    SPR_PA           0.892       0.919       0.935       0.980       0.998       0.999       1.000
    SPR_NA           0.891       0.921       0.934       0.980       0.998       0.999       1.000


TECHNICAL 1 OUTPUT


     PARAMETER SPECIFICATION FOR WITHIN


           NU
              PER_ATT       PA            NA            PA&1          NA&1
              ________      ________      ________      ________      ________
                    0             0             0             0             0


           LAMBDA
              PER_ATT       PA            NA            PA&1          NA&1
              ________      ________      ________      ________      ________
 PER_ATT            0             0             0             0             0
 PA                 0             0             0             0             0
 NA                 0             0             0             0             0
 PA&1               0             0             0             0             0
 NA&1               0             0             0             0             0


           THETA
              PER_ATT       PA            NA            PA&1          NA&1
              ________      ________      ________      ________      ________
 PER_ATT            0
 PA                 0             0
 NA                 0             0             0
 PA&1               0             0             0             0
 NA&1               0             0             0             0             0


           ALPHA
              PER_ATT       PA            NA            PA&1          NA&1
              ________      ________      ________      ________      ________
                    1             0             0             0             0


           BETA
              PER_ATT       PA            NA            PA&1          NA&1
              ________      ________      ________      ________      ________
 PER_ATT            0             0             0             0             0
 PA                 0             0             0             0             0
 NA                 0             0             0             0             0
 PA&1               0             0             0             0             0
 NA&1               0             0             0             0             0


           PSI
              PER_ATT       PA            NA            PA&1          NA&1
              ________      ________      ________      ________      ________
 PER_ATT            2
 PA                 0             3
 NA                 0             4             5
 PA&1               0             0             0             0
 NA&1               0             0             0             0             0


     PARAMETER SPECIFICATION FOR BETWEEN


           NU
              PA            NA            ANHEDONI      BDI_SUM
              ________      ________      ________      ________
                    0             0             0             0


           LAMBDA
              SPR_PA        SPR_NA        SPA_PA        SNA_NA        PA
              ________      ________      ________      ________      ________
 PA                 0             0             0             0             0
 NA                 0             0             0             0             0
 ANHEDONI           0             0             0             0             0
 BDI_SUM            0             0             0             0             0


           LAMBDA
              NA            ANHEDONI      BDI_SUM
              ________      ________      ________
 PA                 0             0             0
 NA                 0             0             0
 ANHEDONI           0             0             0
 BDI_SUM            0             0             0


           THETA
              PA            NA            ANHEDONI      BDI_SUM
              ________      ________      ________      ________
 PA                 0
 NA                 0             0
 ANHEDONI           0             0             0
 BDI_SUM            0             0             0             0


           ALPHA
              SPR_PA        SPR_NA        SPA_PA        SNA_NA        PA
              ________      ________      ________      ________      ________
                    6             7             8             9            10


           ALPHA
              NA            ANHEDONI      BDI_SUM
              ________      ________      ________
                   11             0             0


           BETA
              SPR_PA        SPR_NA        SPA_PA        SNA_NA        PA
              ________      ________      ________      ________      ________
 SPR_PA             0             0             0             0             0
 SPR_NA             0             0             0             0             0
 SPA_PA             0             0             0             0             0
 SNA_NA             0             0             0             0             0
 PA                 0             0             0             0             0
 NA                 0             0             0             0             0
 ANHEDONI           0             0             0             0             0
 BDI_SUM            0             0             0             0             0


           BETA
              NA            ANHEDONI      BDI_SUM
              ________      ________      ________
 SPR_PA             0            12            13
 SPR_NA             0            14            15
 SPA_PA             0             0             0
 SNA_NA             0             0             0
 PA                 0            16            17
 NA                 0            18            19
 ANHEDONI           0             0             0
 BDI_SUM            0             0             0


           PSI
              SPR_PA        SPR_NA        SPA_PA        SNA_NA        PA
              ________      ________      ________      ________      ________
 SPR_PA            20
 SPR_NA             0            21
 SPA_PA             0             0            22
 SNA_NA             0             0             0            23
 PA                 0             0             0             0            24
 NA                 0             0             0             0            25
 ANHEDONI           0             0             0             0             0
 BDI_SUM            0             0             0             0             0


           PSI
              NA            ANHEDONI      BDI_SUM
              ________      ________      ________
 NA                26
 ANHEDONI           0             0
 BDI_SUM            0             0             0


     STARTING VALUES FOR WITHIN


           NU
              PER_ATT       PA            NA            PA&1          NA&1
              ________      ________      ________      ________      ________
                0.000         0.000         0.000         0.000         0.000


           LAMBDA
              PER_ATT       PA            NA            PA&1          NA&1
              ________      ________      ________      ________      ________
 PER_ATT        1.000         0.000         0.000         0.000         0.000
 PA             0.000         1.000         0.000         0.000         0.000
 NA             0.000         0.000         1.000         0.000         0.000
 PA&1           0.000         0.000         0.000         1.000         0.000
 NA&1           0.000         0.000         0.000         0.000         1.000


           THETA
              PER_ATT       PA            NA            PA&1          NA&1
              ________      ________      ________      ________      ________
 PER_ATT        0.000
 PA             0.000         0.000
 NA             0.000         0.000         0.000
 PA&1           0.000         0.000         0.000         0.000
 NA&1           0.000         0.000         0.000         0.000         0.000


           ALPHA
              PER_ATT       PA            NA            PA&1          NA&1
              ________      ________      ________      ________      ________
                0.000         0.000         0.000         0.000         0.000


           BETA
              PER_ATT       PA            NA            PA&1          NA&1
              ________      ________      ________      ________      ________
 PER_ATT        0.000         0.000         0.000         0.000         0.000
 PA             0.000         0.000         0.000         0.000         0.000
 NA             0.000         0.000         0.000         0.000         0.000
 PA&1           0.000         0.000         0.000         0.000         0.000
 NA&1           0.000         0.000         0.000         0.000         0.000


           PSI
              PER_ATT       PA            NA            PA&1          NA&1
              ________      ________      ________      ________      ________
 PER_ATT      310.630
 PA             0.000       151.168
 NA             0.000         0.000        83.003
 PA&1           0.000         0.000         0.000       151.307
 NA&1           0.000         0.000         0.000         0.000        82.922


     STARTING VALUES FOR BETWEEN


           NU
              PA            NA            ANHEDONI      BDI_SUM
              ________      ________      ________      ________
                0.000         0.000         0.000         0.000


           LAMBDA
              SPR_PA        SPR_NA        SPA_PA        SNA_NA        PA
              ________      ________      ________      ________      ________
 PA             0.000         0.000         0.000         0.000         1.000
 NA             0.000         0.000         0.000         0.000         0.000
 ANHEDONI       0.000         0.000         0.000         0.000         0.000
 BDI_SUM        0.000         0.000         0.000         0.000         0.000


           LAMBDA
              NA            ANHEDONI      BDI_SUM
              ________      ________      ________
 PA             0.000         0.000         0.000
 NA             1.000         0.000         0.000
 ANHEDONI       0.000         1.000         0.000
 BDI_SUM        0.000         0.000         1.000


           THETA
              PA            NA            ANHEDONI      BDI_SUM
              ________      ________      ________      ________
 PA             0.000
 NA             0.000         0.000
 ANHEDONI       0.000         0.000         0.000
 BDI_SUM        0.000         0.000         0.000         0.000


           ALPHA
              SPR_PA        SPR_NA        SPA_PA        SNA_NA        PA
              ________      ________      ________      ________      ________
                0.000         0.000         0.000         0.000        45.662


           ALPHA
              NA            ANHEDONI      BDI_SUM
              ________      ________      ________
               15.113         0.000         0.000


           BETA
              SPR_PA        SPR_NA        SPA_PA        SNA_NA        PA
              ________      ________      ________      ________      ________
 SPR_PA         0.000         0.000         0.000         0.000         0.000
 SPR_NA         0.000         0.000         0.000         0.000         0.000
 SPA_PA         0.000         0.000         0.000         0.000         0.000
 SNA_NA         0.000         0.000         0.000         0.000         0.000
 PA             0.000         0.000         0.000         0.000         0.000
 NA             0.000         0.000         0.000         0.000         0.000
 ANHEDONI       0.000         0.000         0.000         0.000         0.000
 BDI_SUM        0.000         0.000         0.000         0.000         0.000


           BETA
              NA            ANHEDONI      BDI_SUM
              ________      ________      ________
 SPR_PA         0.000         0.000         0.000
 SPR_NA         0.000         0.000         0.000
 SPA_PA         0.000         0.000         0.000
 SNA_NA         0.000         0.000         0.000
 PA             0.000         0.000         0.000
 NA             0.000         0.000         0.000
 ANHEDONI       0.000         0.000         0.000
 BDI_SUM        0.000         0.000         0.000


           PSI
              SPR_PA        SPR_NA        SPA_PA        SNA_NA        PA
              ________      ________      ________      ________      ________
 SPR_PA         1.000
 SPR_NA         0.000         1.000
 SPA_PA         0.000         0.000         1.000
 SNA_NA         0.000         0.000         0.000         1.000
 PA             0.000         0.000         0.000         0.000       151.168
 NA             0.000         0.000         0.000         0.000         0.000
 ANHEDONI       0.000         0.000         0.000         0.000         0.000
 BDI_SUM        0.000         0.000         0.000         0.000         0.000


           PSI
              NA            ANHEDONI      BDI_SUM
              ________      ________      ________
 NA            83.003
 ANHEDONI       0.000        39.798
 BDI_SUM        0.000         0.000        18.159



     PRIORS FOR ALL PARAMETERS            PRIOR MEAN      PRIOR VARIANCE     PRIOR STD. DEV.

     Parameter 1~N(0.000,infinity)           0.0000            infinity            infinity
     Parameter 2~IG(-1.000,0.000)          infinity            infinity            infinity
     Parameter 3~IW(0.000,-3)              infinity            infinity            infinity
     Parameter 4~IW(0.000,-3)              infinity            infinity            infinity
     Parameter 5~IW(0.000,-3)              infinity            infinity            infinity
     Parameter 6~N(0.000,infinity)           0.0000            infinity            infinity
     Parameter 7~N(0.000,infinity)           0.0000            infinity            infinity
     Parameter 8~N(0.000,infinity)           0.0000            infinity            infinity
     Parameter 9~N(0.000,infinity)           0.0000            infinity            infinity
     Parameter 10~N(0.000,infinity)          0.0000            infinity            infinity
     Parameter 11~N(0.000,infinity)          0.0000            infinity            infinity
     Parameter 12~N(0.000,infinity)          0.0000            infinity            infinity
     Parameter 13~N(0.000,infinity)          0.0000            infinity            infinity
     Parameter 14~N(0.000,infinity)          0.0000            infinity            infinity
     Parameter 15~N(0.000,infinity)          0.0000            infinity            infinity
     Parameter 16~N(0.000,infinity)          0.0000            infinity            infinity
     Parameter 17~N(0.000,infinity)          0.0000            infinity            infinity
     Parameter 18~N(0.000,infinity)          0.0000            infinity            infinity
     Parameter 19~N(0.000,infinity)          0.0000            infinity            infinity
     Parameter 20~IG(-1.000,0.000)         infinity            infinity            infinity
     Parameter 21~IG(-1.000,0.000)         infinity            infinity            infinity
     Parameter 22~IG(-1.000,0.000)         infinity            infinity            infinity
     Parameter 23~IG(-1.000,0.000)         infinity            infinity            infinity
     Parameter 24~IW(0.000,-3)             infinity            infinity            infinity
     Parameter 25~IW(0.000,-3)             infinity            infinity            infinity
     Parameter 26~IW(0.000,-3)             infinity            infinity            infinity


TECHNICAL 8 OUTPUT


   TECHNICAL 8 OUTPUT FOR BAYES ESTIMATION

     PROCESSOR    BSEED
     1            0
     2            285380
     3            253358
     4            93468
     5            608496
     6            903420
     7            195873
     8            462953
     9            939021
     10           127215
     11           415931
     12           533738
     13           107446
     14           399671
     15           650371
     16           27071

                     POTENTIAL       PARAMETER WITH
     ITERATION    SCALE REDUCTION      HIGHEST PSR
     100              1.157               24
     200              1.066               3
     300              1.025               8
     400              1.032               2
     500              1.038               4
     600              1.024               4
     700              1.012               18
     800              1.015               8
     900              1.017               8
     1000             1.006               8
     1100             1.007               8
     1200             1.005               8
     1300             1.006               1
     1400             1.004               1
     1500             1.003               1
     1600             1.004               16
     1700             1.004               8
     1800             1.007               8
     1900             1.012               8
     2000             1.020               8
     2100             1.020               8
     2200             1.026               8
     2300             1.022               8
     2400             1.019               8
     2500             1.017               8
     2600             1.017               8
     2700             1.022               8
     2800             1.024               8
     2900             1.019               8
     3000             1.020               8
     3100             1.014               8
     3200             1.012               8
     3300             1.009               8
     3400             1.006               8


PLOT INFORMATION

The following plots are available:

  Histograms (sample values)
  Scatterplots (sample values)
  Between-level histograms (sample values, sample means/variances)
  Between-level scatterplots (sample values, sample means/variances)
  Time series plots (sample values, ACF, PACF)
  Histogram of subjects per time point
  Time interval plots
  Bayesian posterior parameter distributions
  Bayesian posterior parameter trace plots
  Bayesian autocorrelation plots

     Beginning Time:  00:49:44
        Ending Time:  00:52:22
       Elapsed Time:  00:02:38



MUTHEN & MUTHEN
3463 Stoner Ave.
Los Angeles, CA  90066

Tel: (310) 391-9971
Fax: (310) 391-8971
Web: www.StatModel.com
Support: Support@StatModel.com

Copyright (c) 1998-2022 Muthen & Muthen
