Mplus VERSION 8.8
MUTHEN & MUTHEN
08/26/2023   6:50 AM

INPUT INSTRUCTIONS


  DATA:
  FILE IS data1.dat;

  VARIABLE:   NAMES =
  	    Eth_ID Time Time_between Time_inc
  	    PA_enth NA_irri NA_verv PA_tevr PA_ener
       	    PA_kalm NA_nerv PA_daadk NA_verdr
  	    PA_vrol NA_boos PA_dankb NA_somb PER_att
      	    PER_refl PER_self PER_expr PER_damp
  	    PER_codamp PER_capit Sample age_yr gesl BDI
      	    Measures_valid BDI_anh Anhedonia
   	    BDI_sum PA NA day compliance;

              USEVARIABLES are PER_refl PA NA Anhedonia BDI_sum ;
              MISSING is .;
              within = PER_refl;
              between = Anhedonia BDI_sum;
              cluster = Eth_ID;
              lagged= PA NA(1);
              tinterval=Time_inc (150);


  DEFINE:     CENTER Anhedonia BDI_sum (grandmean);

  ANALYSIS:   type = twolevel random;
              estimator = Bayes;
              biterations=(2000);
              bconvergence=0.005;
              thin=2;
              PROCESSORS=16;
  MODEL:
  %WITHIN%
  sPR_PA | PA on PER_refl;
  sPR_NA | NA on PER_refl;
  sPA_PA | PA on PA&1;
  sNA_NA | NA on NA&1;
  [PER_refl];


  %between%
  sPR_PA sPR_NA on Anhedonia BDI_sum ;
  PA NA on Anhedonia BDI_sum ;


  OUTPUT: standardized tech1 tech8 cinterval patterns;
  PLOT: TYPE = PLOT3;



*** WARNING in VARIABLE command
  Note that only the first 8 characters of variable names are used in the output.
  Shorten variable names to avoid any confusion.
*** WARNING in PLOT command
  Note that only the first 8 characters of variable names are used in plots.
  If variable names are not unique within the first 8 characters, problems
  may occur.
*** WARNING
  One or more individual-level variables have no variation within a
  cluster for the following clusters.

     Variable   Cluster IDs with no within-cluster variation

      PER_REFL    165 73

*** WARNING
  Data set contains cases with missing on all variables.  Cases that appeared before the first
  case with observed data and that appeared after the last case with observed data were not
  included in the analysis.  Number of deleted cases:  1504
   4 WARNING(S) FOUND IN THE INPUT INSTRUCTIONS




SUMMARY OF ANALYSIS

Number of groups                                                 1
Number of observations                                       22812

Number of dependent variables                                    2
Number of independent variables                                  5
Number of continuous latent variables                            4

Observed dependent variables

  Continuous
   PA          NA

Observed independent variables
   PER_REFL    ANHEDONI    BDI_SUM     PA&1        NA&1

Continuous latent variables
   SPR_PA      SPR_NA      SPA_PA      SNA_NA

Variables with special functions

  Cluster variable      ETH_ID

  Within variables
   PER_REFL    PA&1        NA&1

  Between variables
   ANHEDONI    BDI_SUM

  Centering (GRANDMEAN)
   ANHEDONI    BDI_SUM


Estimator                                                    BAYES
Specifications for Bayesian Estimation
  Point estimate                                            MEDIAN
  Number of Markov chain Monte Carlo (MCMC) chains               2
  Random seed for the first chain                                0
  Starting value information                           UNPERTURBED
  Algorithm used for Markov chain Monte Carlo           GIBBS(PX1)
  Convergence criterion                                  0.500D-02
  Maximum number of iterations                               50000
  K-th iteration used for thinning                               2

Input data file(s)
  data1.dat
Input data format  FREE


SUMMARY OF DATA

     Number of clusters                        200

       Size (s)    Cluster ID with Size s

          1        129
          9        81
         11        128
         12        99
         13        64 150
         14        47 23 158
         19        169
         21        160
         22        175
         30        83
         33        8
         41        58
         43        41 199
         48        85 12
         51        17
         53        152
         56        28
         58        33
         67        121
         69        136
         80        82
         84        87
         88        72
         89        143
         91        140
         96        113
         97        34
        100        157 134
        101        10
        103        164
        105        52
        106        154
        107        101
        108        119
        109        90
        111        36
        113        182
        115        91 131 89
        116        188 15 75 77 78
        117        11
        118        195 57 49 16 66
        119        197 48 92 38 71 163 149 186 106 50
        120        148 108 61 98 55 165 7 192 168
        121        189
        122        174
        123        127
        124        184 161 117 51 103
        125        100 68 105 40 53 13 93 88 54 112 123 73 30 44
        126        120 102 173 76 107 109 111 80 65 172
        127        32 126 25 115 46 67 193 110 178 130 118 198 104 86 177
                   133 70 147 139 62
        128        196 156 180 18 59 5 153 96 43
        129        146 125 135 185 116 187 144 137 39 69 141 3 190
        130        138 14 166 97
        133        191
        134        2
        135        60 183 194 200 63 201
        136        122 56 26
        137        9 22 19 42 155 95 4
        138        29 94 132
        139        37 74 21 84 114 79 145 45 35
        142        27
        143        179
        144        171 170 24
        145        162 1 124 20
        146        6 151 167
        147        142 31
        148        176 159



SUMMARY OF MISSING DATA PATTERNS

     Number of missing data patterns            14


     MISSING DATA PATTERNS (x = not missing)

           1  2  3  4  5  6  7  8  9 10 11 12 13 14
 PER_REFL  x  x              x  x           x     x
 PA        x  x        x  x        x     x  x     x
 NA        x  x        x  x                 x  x  x
 PA&1      x     x     x        x  x  x     x
 NA&1      x     x     x        x  x              x
 ANHEDONI  x  x  x  x  x  x  x  x  x  x  x  x  x  x
 BDI_SUM   x  x  x  x  x  x  x  x  x  x  x  x  x  x


     MISSING DATA PATTERN FREQUENCIES

    Pattern   Frequency     Pattern   Frequency     Pattern   Frequency
          1        5028           6          69          11           4
          2        3522           7           2          12           5
          3        3393           8           3          13           1
          4       10730           9           2          14           1
          5          51          10           1


COVARIANCE COVERAGE OF DATA

Minimum covariance coverage value   0.100


     PROPORTION OF DATA PRESENT


           Covariance Coverage
              PER_REFL      PA            NA            ANHEDONI      BDI_SUM
              ________      ________      ________      ________      ________
 PER_REFL       0.375
 PA             0.375         0.381
 NA             0.375         0.380         0.380
 ANHEDONI       0.375         0.381         0.380         1.000
 BDI_SUM        0.375         0.381         0.380         1.000         1.000



UNIVARIATE SAMPLE STATISTICS


     UNIVARIATE HIGHER-ORDER MOMENT DESCRIPTIVE STATISTICS

         Variable/         Mean/     Skewness/   Minimum/ % with                Percentiles
        Sample Size      Variance    Kurtosis    Maximum  Min/Max      20%/60%    40%/80%    Median

     PER_REFL             28.591       0.675       0.000    9.31%       6.000     15.000     23.000
            8561.000     575.941      -0.461     100.000    0.49%      32.000     51.000
     PA                   45.712      -0.024       0.000    0.28%      31.000     41.714     46.143
            8682.000     302.283      -0.228     100.000    0.07%      50.429     60.429
     NA                   15.187       1.394       0.000    6.91%       5.167      9.333     11.667
            8677.000     166.739       1.923      80.667    0.01%      14.500     23.333
     ANHEDONIA             0.000       0.577     -17.906    0.50%      -7.529     -2.635     -0.893
             200.000      74.400       0.657      30.440    0.50%       1.646      6.282
     BDI_SUM               0.000       1.052      -8.485    4.50%      -4.485     -3.485     -1.485
             200.000      37.640       1.419      27.515    0.50%       0.515      4.515


     WARNING: PROBLEMS OCCURRED IN SEVERAL ITERATIONS IN THE COMPUTATION OF THE STANDARDIZED ESTIMATES FOR SEVERAL
     CLUSTERS. THIS IS MOST LIKELY DUE TO AR COEFFICIENTS GREATER THAN 1 OR PARAMETERS GIVING NON-STATIONARY MODELS.
     SUCH POSTERIOR DRAWS ARE REMOVED. THE FOLLOWING CLUSTERS HAD SUCH PROBLEMS:
          150 33

THE MODEL ESTIMATION TERMINATED NORMALLY

     USE THE FBITERATIONS OPTION TO INCREASE THE NUMBER OF ITERATIONS BY A FACTOR
     OF AT LEAST TWO TO CHECK CONVERGENCE AND THAT THE PSR VALUE DOES NOT INCREASE.



MODEL FIT INFORMATION

Number of Free Parameters                              26

Information Criteria

          Deviance (DIC)                       582861.052
          Estimated Number of Parameters (pD)   40264.880



MODEL RESULTS

                                Posterior  One-Tailed         95% C.I.
                    Estimate       S.D.      P-Value   Lower 2.5%  Upper 2.5%  Significance

Within Level

 NA       WITH
    PA               -48.049       1.227      0.000     -50.501     -45.716      *

 Means
    PER_REFL          28.496       0.259      0.000      27.994      29.019      *

 Variances
    PER_REFL         578.248       8.818      0.000     561.231     596.297      *

 Residual Variances
    PA               126.807       2.110      0.000     122.856     130.931      *
    NA                76.850       1.231      0.000      74.388      79.322      *

Between Level

 SPR_PA     ON
    ANHEDONIA          0.000       0.001      0.398      -0.003       0.002
    BDI_SUM            0.003       0.002      0.021       0.000       0.007      *

 SPR_NA     ON
    ANHEDONIA          0.002       0.001      0.007       0.001       0.004      *
    BDI_SUM           -0.002       0.001      0.058      -0.005       0.000

 PA         ON
    ANHEDONIA         -0.321       0.097      0.001      -0.505      -0.128      *
    BDI_SUM           -0.516       0.140      0.000      -0.799      -0.239      *

 NA         ON
    ANHEDONIA         -0.007       0.074      0.462      -0.153       0.137
    BDI_SUM            0.666       0.112      0.000       0.448       0.886      *

 NA       WITH
    PA                -7.435       7.121      0.146     -21.681       6.123

 Means
    SPA_PA             0.340       0.018      0.000       0.304       0.373      *
    SNA_NA             0.301       0.019      0.000       0.264       0.336      *

 Intercepts
    PA                38.096       0.825      0.000      36.460      39.744      *
    NA                16.964       0.647      0.000      15.699      18.273      *
    SPR_PA             0.165       0.010      0.000       0.145       0.185      *
    SPR_NA            -0.025       0.008      0.000      -0.042      -0.009      *

 Variances
    SPA_PA             0.029       0.005      0.000       0.020       0.040      *
    SNA_NA             0.033       0.006      0.000       0.022       0.048      *

 Residual Variances
    PA               101.707      12.726      0.000      80.347     131.083      *
    NA                64.004       8.124      0.000      50.340      82.259      *
    SPR_PA             0.009       0.002      0.000       0.006       0.012      *
    SPR_NA             0.007       0.001      0.000       0.005       0.010      *


STANDARDIZED MODEL RESULTS


STDYX Standardization

                                Posterior  One-Tailed         95% C.I.
                    Estimate       S.D.      P-Value   Lower 2.5%  Upper 2.5%  Significance

Within-Level Standardized Estimates Averaged Over Clusters

 SPR_PA | PA ON
    PER_REFL           0.294       0.013      0.000       0.267       0.321      *

 SPA_PA | PA ON
    PA&1               0.340       0.013      0.000       0.315       0.365      *

 SPR_NA | NA ON
    PER_REFL          -0.061       0.015      0.000      -0.089      -0.033      *

 SNA_NA | NA ON
    NA&1               0.302       0.013      0.000       0.274       0.327      *

 NA       WITH
    PA                -0.487       0.008      0.000      -0.504      -0.471      *

 Means
    PER_REFL           1.185       0.014      0.000       1.157       1.213      *

 Variances
    PER_REFL           1.000       0.000      0.000       1.000       1.000

 Residual Variances
    PA                 0.745       0.010      0.000       0.724       0.764      *
    NA                 0.833       0.009      0.000       0.816       0.850      *

Between Level

 SPR_PA     ON
    ANHEDONIA         -0.019       0.078      0.398      -0.178       0.134
    BDI_SUM            0.152       0.078      0.021       0.004       0.308      *

 SPR_NA     ON
    ANHEDONIA          0.184       0.072      0.007       0.038       0.317      *
    BDI_SUM           -0.117       0.073      0.058      -0.257       0.024

 PA         ON
    ANHEDONIA         -0.191       0.057      0.001      -0.298      -0.074      *
    BDI_SUM           -0.210       0.056      0.000      -0.321      -0.096      *

 NA         ON
    ANHEDONIA         -0.005       0.054      0.462      -0.109       0.101
    BDI_SUM            0.335       0.053      0.000       0.226       0.432      *

 NA       WITH
    PA                -0.093       0.085      0.146      -0.258       0.076

 Means
    SPA_PA             2.003       0.218      0.000       1.607       2.472      *
    SNA_NA             1.657       0.213      0.000       1.268       2.120      *

 Intercepts
    PA                 3.612       0.218      0.000       3.180       4.048      *
    NA                 1.993       0.131      0.000       1.741       2.250      *
    SPR_PA             1.740       0.207      0.000       1.392       2.202      *
    SPR_NA            -0.297       0.105      0.000      -0.507      -0.102      *

 Variances
    SPA_PA             1.000       0.000      0.000       1.000       1.000
    SNA_NA             1.000       0.000      0.000       1.000       1.000

 Residual Variances
    PA                 0.915       0.029      0.000       0.852       0.964      *
    NA                 0.885       0.035      0.000       0.811       0.946      *
    SPR_PA             0.970       0.028      0.000       0.894       0.998      *
    SPR_NA             0.948       0.034      0.000       0.865       0.993      *


STDY Standardization

                                Posterior  One-Tailed         95% C.I.
                    Estimate       S.D.      P-Value   Lower 2.5%  Upper 2.5%  Significance

Within-Level Standardized Estimates Averaged Over Clusters

 SPR_PA | PA ON
    PER_REFL           0.294       0.013      0.000       0.267       0.321      *

 SPA_PA | PA ON
    PA&1               0.025       0.001      0.000       0.023       0.027      *

 SPR_NA | NA ON
    PER_REFL          -0.061       0.015      0.000      -0.089      -0.033      *

 SNA_NA | NA ON
    NA&1               0.030       0.001      0.000       0.027       0.033      *

 NA       WITH
    PA                -0.487       0.008      0.000      -0.504      -0.471      *

 Means
    PER_REFL           1.185       0.014      0.000       1.157       1.213      *

 Variances
    PER_REFL           1.000       0.000      0.000       1.000       1.000

 Residual Variances
    PA                 0.745       0.010      0.000       0.724       0.764      *
    NA                 0.833       0.009      0.000       0.816       0.850      *

Between Level

 SPR_PA     ON
    ANHEDONIA         -0.003       0.012      0.398      -0.028       0.021
    BDI_SUM            0.035       0.018      0.021       0.001       0.072      *

 SPR_NA     ON
    ANHEDONIA          0.029       0.011      0.007       0.006       0.050      *
    BDI_SUM           -0.027       0.017      0.058      -0.060       0.006

 PA         ON
    ANHEDONIA         -0.030       0.009      0.001      -0.047      -0.012      *
    BDI_SUM           -0.049       0.013      0.000      -0.075      -0.022      *

 NA         ON
    ANHEDONIA         -0.001       0.009      0.462      -0.017       0.016
    BDI_SUM            0.078       0.012      0.000       0.053       0.101      *

 NA       WITH
    PA                -0.093       0.085      0.146      -0.258       0.076

 Means
    SPA_PA             2.003       0.218      0.000       1.607       2.472      *
    SNA_NA             1.657       0.213      0.000       1.268       2.120      *

 Intercepts
    PA                 3.612       0.218      0.000       3.180       4.048      *
    NA                 1.993       0.131      0.000       1.741       2.250      *
    SPR_PA             1.740       0.207      0.000       1.392       2.202      *
    SPR_NA            -0.297       0.105      0.000      -0.507      -0.102      *

 Variances
    SPA_PA             1.000       0.000      0.000       1.000       1.000
    SNA_NA             1.000       0.000      0.000       1.000       1.000

 Residual Variances
    PA                 0.915       0.029      0.000       0.852       0.964      *
    NA                 0.885       0.035      0.000       0.811       0.946      *
    SPR_PA             0.970       0.028      0.000       0.894       0.998      *
    SPR_NA             0.948       0.034      0.000       0.865       0.993      *


STD Standardization

                                Posterior  One-Tailed         95% C.I.
                    Estimate       S.D.      P-Value   Lower 2.5%  Upper 2.5%  Significance

Within-Level Standardized Estimates Averaged Over Clusters

 SPR_PA | PA ON
    PER_REFL           0.165       0.008      0.000       0.149       0.180      *

 SPA_PA | PA ON
    PA&1               0.340       0.013      0.000       0.315       0.365      *

 SPR_NA | NA ON
    PER_REFL          -0.025       0.006      0.000      -0.037      -0.013      *

 SNA_NA | NA ON
    NA&1               0.302       0.013      0.000       0.274       0.327      *

 NA       WITH
    PA               -48.105       1.212      0.000     -50.530     -45.810      *

 Means
    PER_REFL          28.488       0.258      0.000      27.969      29.003      *

 Variances
    PER_REFL         578.315       8.865      0.000     561.231     596.445      *

 Residual Variances
    PA               126.817       2.124      0.000     122.779     130.948      *
    NA                76.840       1.206      0.000      74.481      79.144      *

Between Level

 SPR_PA     ON
    ANHEDONIA         -0.003       0.012      0.398      -0.028       0.021
    BDI_SUM            0.035       0.018      0.021       0.001       0.072      *

 SPR_NA     ON
    ANHEDONIA          0.029       0.011      0.007       0.006       0.050      *
    BDI_SUM           -0.027       0.017      0.058      -0.060       0.006

 PA         ON
    ANHEDONIA         -0.321       0.097      0.001      -0.505      -0.128      *
    BDI_SUM           -0.516       0.140      0.000      -0.799      -0.239      *

 NA         ON
    ANHEDONIA         -0.007       0.074      0.462      -0.153       0.137
    BDI_SUM            0.666       0.112      0.000       0.448       0.886      *

 NA       WITH
    PA                -7.435       7.121      0.146     -21.681       6.123

 Means
    SPA_PA             2.003       0.218      0.000       1.607       2.472      *
    SNA_NA             1.657       0.213      0.000       1.268       2.120      *

 Intercepts
    PA                38.096       0.825      0.000      36.460      39.744      *
    NA                16.964       0.647      0.000      15.699      18.273      *
    SPR_PA             1.740       0.207      0.000       1.392       2.202      *
    SPR_NA            -0.297       0.105      0.000      -0.507      -0.102      *

 Variances
    SPA_PA             1.000       0.000      0.000       1.000       1.000
    SNA_NA             1.000       0.000      0.000       1.000       1.000

 Residual Variances
    PA               101.707      12.726      0.000      80.347     131.083      *
    NA                64.004       8.124      0.000      50.340      82.259      *
    SPR_PA             0.970       0.028      0.000       0.894       0.998      *
    SPR_NA             0.948       0.034      0.000       0.865       0.993      *


R-SQUARE

Within-Level R-Square Averaged Across Clusters

                                Posterior  One-Tailed         95% C.I.
    Variable        Estimate       S.D.      P-Value   Lower 2.5%  Upper 2.5%

    PA                 0.255       0.010      0.000       0.236       0.276
    NA                 0.167       0.009      0.000       0.150       0.184

Between Level

                                Posterior  One-Tailed         95% C.I.
    Variable        Estimate       S.D.      P-Value   Lower 2.5%  Upper 2.5%

    PA                 0.085       0.029      0.000       0.035       0.147
    NA                 0.115       0.035      0.000       0.054       0.189

                                Posterior  One-Tailed         95% C.I.
    Variable        Estimate       S.D.      P-Value   Lower 2.5%  Upper 2.5%

    SPR_PA             0.030       0.028      0.000       0.002       0.106
    SPR_NA             0.052       0.034      0.000       0.007       0.135


CREDIBILITY INTERVALS OF MODEL RESULTS

                  Lower .5%  Lower 2.5%    Lower 5%    Estimate    Upper 5%  Upper 2.5%   Upper .5%

Within Level

 NA       WITH
    PA             -51.283     -50.501     -50.074     -48.049     -46.067     -45.716     -44.914

 Means
    PER_REFL        27.817      27.994      28.071      28.496      28.928      29.019      29.157

 Variances
    PER_REFL       555.761     561.231     564.216     578.248     593.076     596.297     601.718

 Residual Variances
    PA             121.316     122.856     123.430     126.807     130.316     130.931     132.558
    NA              73.715      74.388      74.802      76.850      78.855      79.322      80.239

Between Level

 SPR_PA   ON
    ANHEDONIA       -0.003      -0.003      -0.002       0.000       0.002       0.002       0.003
    BDI_SUM         -0.001       0.000       0.001       0.003       0.006       0.007       0.008

 SPR_NA   ON
    ANHEDONIA        0.000       0.001       0.001       0.002       0.004       0.004       0.005
    BDI_SUM         -0.006      -0.005      -0.005      -0.002       0.000       0.000       0.001

 PA       ON
    ANHEDONIA       -0.562      -0.505      -0.474      -0.321      -0.157      -0.128      -0.054
    BDI_SUM         -0.873      -0.799      -0.754      -0.516      -0.285      -0.239      -0.167

 NA       ON
    ANHEDONIA       -0.197      -0.153      -0.129      -0.007       0.114       0.137       0.184
    BDI_SUM          0.375       0.448       0.482       0.666       0.849       0.886       0.953

 NA       WITH
    PA             -27.534     -21.681     -19.495      -7.435       3.816       6.123      10.218

 Means
    SPA_PA           0.295       0.304       0.311       0.340       0.368       0.373       0.382
    SNA_NA           0.250       0.264       0.270       0.301       0.330       0.336       0.346

 Intercepts
    PA              36.029      36.460      36.769      38.096      39.477      39.744      40.259
    NA              15.301      15.699      15.914      16.964      18.049      18.273      18.671
    SPR_PA           0.139       0.145       0.148       0.165       0.182       0.185       0.192
    SPR_NA          -0.046      -0.042      -0.039      -0.025      -0.011      -0.009      -0.005

 Variances
    SPA_PA           0.018       0.020       0.022       0.029       0.038       0.040       0.044
    SNA_NA           0.020       0.022       0.024       0.033       0.045       0.048       0.054

 Residual Variances
    PA              74.686      80.347      83.287     101.707     125.400     131.083     139.679
    NA              47.056      50.340      52.122      64.004      78.886      82.259      88.073
    SPR_PA           0.005       0.006       0.006       0.009       0.012       0.012       0.013
    SPR_NA           0.004       0.005       0.005       0.007       0.009       0.010       0.011


CREDIBILITY INTERVALS OF STANDARDIZED MODEL RESULTS


STDYX Standardization

                  Lower .5%  Lower 2.5%    Lower 5%    Estimate    Upper 5%  Upper 2.5%   Upper .5%

Within Level

 NA       WITH
    PA               0.000      -0.504       0.000      -0.487       0.000      -0.471       0.000

 Means
    PER_REFL         0.000       1.157       0.000       1.185       0.000       1.213       0.000

 Variances
    PER_REFL         0.000       1.000       0.000       1.000       0.000       1.000       0.000

 Residual Variances
    PA               0.000       0.724       0.000       0.745       0.000       0.764       0.000
    NA               0.000       0.816       0.000       0.833       0.000       0.850       0.000

Between Level

 SPR_PA   ON
    ANHEDONIA       -0.219      -0.178      -0.150      -0.019       0.108       0.134       0.192
    BDI_SUM         -0.045       0.004       0.028       0.152       0.283       0.308       0.358

 SPR_NA   ON
    ANHEDONIA       -0.005       0.038       0.062       0.184       0.297       0.317       0.363
    BDI_SUM         -0.308      -0.257      -0.236      -0.117       0.006       0.024       0.064

 PA       ON
    ANHEDONIA       -0.329      -0.298      -0.281      -0.191      -0.093      -0.074      -0.032
    BDI_SUM         -0.350      -0.321      -0.305      -0.210      -0.116      -0.096      -0.066

 NA       ON
    ANHEDONIA       -0.142      -0.109      -0.094      -0.005       0.084       0.101       0.135
    BDI_SUM          0.196       0.226       0.244       0.335       0.417       0.432       0.460

 NA       WITH
    PA              -0.302      -0.258      -0.231      -0.093       0.046       0.076       0.131

 Means
    SPA_PA           1.502       1.607       1.670       2.003       2.397       2.472       2.605
    SNA_NA           1.131       1.268       1.325       1.657       2.030       2.120       2.265

 Intercepts
    PA               3.060       3.180       3.248       3.612       3.969       4.048       4.201
    NA               1.667       1.741       1.783       1.993       2.210       2.250       2.345
    SPR_PA           1.293       1.392       1.439       1.740       2.126       2.202       2.385
    SPR_NA          -0.585      -0.507      -0.472      -0.297      -0.128      -0.102      -0.051

 Variances
    SPA_PA           1.000       1.000       1.000       1.000       1.000       1.000       1.000
    SNA_NA           1.000       1.000       1.000       1.000       1.000       1.000       1.000

 Residual Variances
    PA               0.831       0.852       0.863       0.915       0.958       0.964       0.977
    NA               0.785       0.811       0.822       0.885       0.938       0.946       0.960
    SPR_PA           0.859       0.894       0.910       0.970       0.996       0.998       1.000
    SPR_NA           0.826       0.865       0.881       0.948       0.990       0.993       0.998


STDY Standardization

                  Lower .5%  Lower 2.5%    Lower 5%    Estimate    Upper 5%  Upper 2.5%   Upper .5%

Within Level

 NA       WITH
    PA               0.000      -0.504       0.000      -0.487       0.000      -0.471       0.000

 Means
    PER_REFL         0.000       1.157       0.000       1.185       0.000       1.213       0.000

 Variances
    PER_REFL         0.000       1.000       0.000       1.000       0.000       1.000       0.000

 Residual Variances
    PA               0.000       0.724       0.000       0.745       0.000       0.764       0.000
    NA               0.000       0.816       0.000       0.833       0.000       0.850       0.000

Between Level

 SPR_PA   ON
    ANHEDONIA       -0.035      -0.028      -0.024      -0.003       0.017       0.021       0.031
    BDI_SUM         -0.011       0.001       0.007       0.035       0.066       0.072       0.084

 SPR_NA   ON
    ANHEDONIA       -0.001       0.006       0.010       0.029       0.047       0.050       0.058
    BDI_SUM         -0.072      -0.060      -0.055      -0.027       0.001       0.006       0.015

 PA       ON
    ANHEDONIA       -0.052      -0.047      -0.045      -0.030      -0.015      -0.012      -0.005
    BDI_SUM         -0.082      -0.075      -0.071      -0.049      -0.027      -0.022      -0.015

 NA       ON
    ANHEDONIA       -0.023      -0.017      -0.015      -0.001       0.013       0.016       0.021
    BDI_SUM          0.046       0.053       0.057       0.078       0.097       0.101       0.108

 NA       WITH
    PA              -0.302      -0.258      -0.231      -0.093       0.046       0.076       0.131

 Means
    SPA_PA           1.502       1.607       1.670       2.003       2.397       2.472       2.605
    SNA_NA           1.131       1.268       1.325       1.657       2.030       2.120       2.265

 Intercepts
    PA               3.060       3.180       3.248       3.612       3.969       4.048       4.201
    NA               1.667       1.741       1.783       1.993       2.210       2.250       2.345
    SPR_PA           1.293       1.392       1.439       1.740       2.126       2.202       2.385
    SPR_NA          -0.585      -0.507      -0.472      -0.297      -0.128      -0.102      -0.051

 Variances
    SPA_PA           1.000       1.000       1.000       1.000       1.000       1.000       1.000
    SNA_NA           1.000       1.000       1.000       1.000       1.000       1.000       1.000

 Residual Variances
    PA               0.831       0.852       0.863       0.915       0.958       0.964       0.977
    NA               0.785       0.811       0.822       0.885       0.938       0.946       0.960
    SPR_PA           0.859       0.894       0.910       0.970       0.996       0.998       1.000
    SPR_NA           0.826       0.865       0.881       0.948       0.990       0.993       0.998


STD Standardization

                  Lower .5%  Lower 2.5%    Lower 5%    Estimate    Upper 5%  Upper 2.5%   Upper .5%

Within Level

 NA       WITH
    PA               0.000     -50.530       0.000     -48.105       0.000     -45.810       0.000

 Means
    PER_REFL         0.000      27.969       0.000      28.488       0.000      29.003       0.000

 Variances
    PER_REFL         0.000     561.231       0.000     578.315       0.000     596.445       0.000

 Residual Variances
    PA               0.000     122.779       0.000     126.817       0.000     130.948       0.000
    NA               0.000      74.481       0.000      76.840       0.000      79.144       0.000

Between Level

 SPR_PA   ON
    ANHEDONIA       -0.035      -0.028      -0.024      -0.003       0.017       0.021       0.031
    BDI_SUM         -0.011       0.001       0.007       0.035       0.066       0.072       0.084

 SPR_NA   ON
    ANHEDONIA       -0.001       0.006       0.010       0.029       0.047       0.050       0.058
    BDI_SUM         -0.072      -0.060      -0.055      -0.027       0.001       0.006       0.015

 PA       ON
    ANHEDONIA       -0.562      -0.505      -0.474      -0.321      -0.157      -0.128      -0.054
    BDI_SUM         -0.873      -0.799      -0.754      -0.516      -0.285      -0.239      -0.167

 NA       ON
    ANHEDONIA       -0.197      -0.153      -0.129      -0.007       0.114       0.137       0.184
    BDI_SUM          0.375       0.448       0.482       0.666       0.849       0.886       0.953

 NA       WITH
    PA             -27.534     -21.681     -19.495      -7.435       3.816       6.123      10.218

 Means
    SPA_PA           1.502       1.607       1.670       2.003       2.397       2.472       2.605
    SNA_NA           1.131       1.268       1.325       1.657       2.030       2.120       2.265

 Intercepts
    PA              36.029      36.460      36.769      38.096      39.477      39.744      40.259
    NA              15.301      15.699      15.914      16.964      18.049      18.273      18.671
    SPR_PA           1.293       1.392       1.439       1.740       2.126       2.202       2.385
    SPR_NA          -0.585      -0.507      -0.472      -0.297      -0.128      -0.102      -0.051

 Variances
    SPA_PA           1.000       1.000       1.000       1.000       1.000       1.000       1.000
    SNA_NA           1.000       1.000       1.000       1.000       1.000       1.000       1.000

 Residual Variances
    PA              74.686      80.347      83.287     101.707     125.400     131.083     139.679
    NA              47.056      50.340      52.122      64.004      78.886      82.259      88.073
    SPR_PA           0.859       0.894       0.910       0.970       0.996       0.998       1.000
    SPR_NA           0.826       0.865       0.881       0.948       0.990       0.993       0.998


TECHNICAL 1 OUTPUT


     PARAMETER SPECIFICATION FOR WITHIN


           NU
              PER_REFL      PA            NA            PA&1          NA&1
              ________      ________      ________      ________      ________
                    0             0             0             0             0


           LAMBDA
              PER_REFL      PA            NA            PA&1          NA&1
              ________      ________      ________      ________      ________
 PER_REFL           0             0             0             0             0
 PA                 0             0             0             0             0
 NA                 0             0             0             0             0
 PA&1               0             0             0             0             0
 NA&1               0             0             0             0             0


           THETA
              PER_REFL      PA            NA            PA&1          NA&1
              ________      ________      ________      ________      ________
 PER_REFL           0
 PA                 0             0
 NA                 0             0             0
 PA&1               0             0             0             0
 NA&1               0             0             0             0             0


           ALPHA
              PER_REFL      PA            NA            PA&1          NA&1
              ________      ________      ________      ________      ________
                    1             0             0             0             0


           BETA
              PER_REFL      PA            NA            PA&1          NA&1
              ________      ________      ________      ________      ________
 PER_REFL           0             0             0             0             0
 PA                 0             0             0             0             0
 NA                 0             0             0             0             0
 PA&1               0             0             0             0             0
 NA&1               0             0             0             0             0


           PSI
              PER_REFL      PA            NA            PA&1          NA&1
              ________      ________      ________      ________      ________
 PER_REFL           2
 PA                 0             3
 NA                 0             4             5
 PA&1               0             0             0             0
 NA&1               0             0             0             0             0


     PARAMETER SPECIFICATION FOR BETWEEN


           NU
              PA            NA            ANHEDONI      BDI_SUM
              ________      ________      ________      ________
                    0             0             0             0


           LAMBDA
              SPR_PA        SPR_NA        SPA_PA        SNA_NA        PA
              ________      ________      ________      ________      ________
 PA                 0             0             0             0             0
 NA                 0             0             0             0             0
 ANHEDONI           0             0             0             0             0
 BDI_SUM            0             0             0             0             0


           LAMBDA
              NA            ANHEDONI      BDI_SUM
              ________      ________      ________
 PA                 0             0             0
 NA                 0             0             0
 ANHEDONI           0             0             0
 BDI_SUM            0             0             0


           THETA
              PA            NA            ANHEDONI      BDI_SUM
              ________      ________      ________      ________
 PA                 0
 NA                 0             0
 ANHEDONI           0             0             0
 BDI_SUM            0             0             0             0


           ALPHA
              SPR_PA        SPR_NA        SPA_PA        SNA_NA        PA
              ________      ________      ________      ________      ________
                    6             7             8             9            10


           ALPHA
              NA            ANHEDONI      BDI_SUM
              ________      ________      ________
                   11             0             0


           BETA
              SPR_PA        SPR_NA        SPA_PA        SNA_NA        PA
              ________      ________      ________      ________      ________
 SPR_PA             0             0             0             0             0
 SPR_NA             0             0             0             0             0
 SPA_PA             0             0             0             0             0
 SNA_NA             0             0             0             0             0
 PA                 0             0             0             0             0
 NA                 0             0             0             0             0
 ANHEDONI           0             0             0             0             0
 BDI_SUM            0             0             0             0             0


           BETA
              NA            ANHEDONI      BDI_SUM
              ________      ________      ________
 SPR_PA             0            12            13
 SPR_NA             0            14            15
 SPA_PA             0             0             0
 SNA_NA             0             0             0
 PA                 0            16            17
 NA                 0            18            19
 ANHEDONI           0             0             0
 BDI_SUM            0             0             0


           PSI
              SPR_PA        SPR_NA        SPA_PA        SNA_NA        PA
              ________      ________      ________      ________      ________
 SPR_PA            20
 SPR_NA             0            21
 SPA_PA             0             0            22
 SNA_NA             0             0             0            23
 PA                 0             0             0             0            24
 NA                 0             0             0             0            25
 ANHEDONI           0             0             0             0             0
 BDI_SUM            0             0             0             0             0


           PSI
              NA            ANHEDONI      BDI_SUM
              ________      ________      ________
 NA                26
 ANHEDONI           0             0
 BDI_SUM            0             0             0


     STARTING VALUES FOR WITHIN


           NU
              PER_REFL      PA            NA            PA&1          NA&1
              ________      ________      ________      ________      ________
                0.000         0.000         0.000         0.000         0.000


           LAMBDA
              PER_REFL      PA            NA            PA&1          NA&1
              ________      ________      ________      ________      ________
 PER_REFL       1.000         0.000         0.000         0.000         0.000
 PA             0.000         1.000         0.000         0.000         0.000
 NA             0.000         0.000         1.000         0.000         0.000
 PA&1           0.000         0.000         0.000         1.000         0.000
 NA&1           0.000         0.000         0.000         0.000         1.000


           THETA
              PER_REFL      PA            NA            PA&1          NA&1
              ________      ________      ________      ________      ________
 PER_REFL       0.000
 PA             0.000         0.000
 NA             0.000         0.000         0.000
 PA&1           0.000         0.000         0.000         0.000
 NA&1           0.000         0.000         0.000         0.000         0.000


           ALPHA
              PER_REFL      PA            NA            PA&1          NA&1
              ________      ________      ________      ________      ________
                0.000         0.000         0.000         0.000         0.000


           BETA
              PER_REFL      PA            NA            PA&1          NA&1
              ________      ________      ________      ________      ________
 PER_REFL       0.000         0.000         0.000         0.000         0.000
 PA             0.000         0.000         0.000         0.000         0.000
 NA             0.000         0.000         0.000         0.000         0.000
 PA&1           0.000         0.000         0.000         0.000         0.000
 NA&1           0.000         0.000         0.000         0.000         0.000


           PSI
              PER_REFL      PA            NA            PA&1          NA&1
              ________      ________      ________      ________      ________
 PER_REFL     287.971
 PA             0.000       151.142
 NA             0.000         0.000        83.369
 PA&1           0.000         0.000         0.000       151.154
 NA&1           0.000         0.000         0.000         0.000        83.284


     STARTING VALUES FOR BETWEEN


           NU
              PA            NA            ANHEDONI      BDI_SUM
              ________      ________      ________      ________
                0.000         0.000         0.000         0.000


           LAMBDA
              SPR_PA        SPR_NA        SPA_PA        SNA_NA        PA
              ________      ________      ________      ________      ________
 PA             0.000         0.000         0.000         0.000         1.000
 NA             0.000         0.000         0.000         0.000         0.000
 ANHEDONI       0.000         0.000         0.000         0.000         0.000
 BDI_SUM        0.000         0.000         0.000         0.000         0.000


           LAMBDA
              NA            ANHEDONI      BDI_SUM
              ________      ________      ________
 PA             0.000         0.000         0.000
 NA             1.000         0.000         0.000
 ANHEDONI       0.000         1.000         0.000
 BDI_SUM        0.000         0.000         1.000


           THETA
              PA            NA            ANHEDONI      BDI_SUM
              ________      ________      ________      ________
 PA             0.000
 NA             0.000         0.000
 ANHEDONI       0.000         0.000         0.000
 BDI_SUM        0.000         0.000         0.000         0.000


           ALPHA
              SPR_PA        SPR_NA        SPA_PA        SNA_NA        PA
              ________      ________      ________      ________      ________
                0.000         0.000         0.000         0.000        45.712


           ALPHA
              NA            ANHEDONI      BDI_SUM
              ________      ________      ________
               15.187         0.000         0.000


           BETA
              SPR_PA        SPR_NA        SPA_PA        SNA_NA        PA
              ________      ________      ________      ________      ________
 SPR_PA         0.000         0.000         0.000         0.000         0.000
 SPR_NA         0.000         0.000         0.000         0.000         0.000
 SPA_PA         0.000         0.000         0.000         0.000         0.000
 SNA_NA         0.000         0.000         0.000         0.000         0.000
 PA             0.000         0.000         0.000         0.000         0.000
 NA             0.000         0.000         0.000         0.000         0.000
 ANHEDONI       0.000         0.000         0.000         0.000         0.000
 BDI_SUM        0.000         0.000         0.000         0.000         0.000


           BETA
              NA            ANHEDONI      BDI_SUM
              ________      ________      ________
 SPR_PA         0.000         0.000         0.000
 SPR_NA         0.000         0.000         0.000
 SPA_PA         0.000         0.000         0.000
 SNA_NA         0.000         0.000         0.000
 PA             0.000         0.000         0.000
 NA             0.000         0.000         0.000
 ANHEDONI       0.000         0.000         0.000
 BDI_SUM        0.000         0.000         0.000


           PSI
              SPR_PA        SPR_NA        SPA_PA        SNA_NA        PA
              ________      ________      ________      ________      ________
 SPR_PA         1.000
 SPR_NA         0.000         1.000
 SPA_PA         0.000         0.000         1.000
 SNA_NA         0.000         0.000         0.000         1.000
 PA             0.000         0.000         0.000         0.000       151.142
 NA             0.000         0.000         0.000         0.000         0.000
 ANHEDONI       0.000         0.000         0.000         0.000         0.000
 BDI_SUM        0.000         0.000         0.000         0.000         0.000


           PSI
              NA            ANHEDONI      BDI_SUM
              ________      ________      ________
 NA            83.369
 ANHEDONI       0.000        39.493
 BDI_SUM        0.000         0.000        18.288



     PRIORS FOR ALL PARAMETERS            PRIOR MEAN      PRIOR VARIANCE     PRIOR STD. DEV.

     Parameter 1~N(0.000,infinity)           0.0000            infinity            infinity
     Parameter 2~IG(-1.000,0.000)          infinity            infinity            infinity
     Parameter 3~IW(0.000,-3)              infinity            infinity            infinity
     Parameter 4~IW(0.000,-3)              infinity            infinity            infinity
     Parameter 5~IW(0.000,-3)              infinity            infinity            infinity
     Parameter 6~N(0.000,infinity)           0.0000            infinity            infinity
     Parameter 7~N(0.000,infinity)           0.0000            infinity            infinity
     Parameter 8~N(0.000,infinity)           0.0000            infinity            infinity
     Parameter 9~N(0.000,infinity)           0.0000            infinity            infinity
     Parameter 10~N(0.000,infinity)          0.0000            infinity            infinity
     Parameter 11~N(0.000,infinity)          0.0000            infinity            infinity
     Parameter 12~N(0.000,infinity)          0.0000            infinity            infinity
     Parameter 13~N(0.000,infinity)          0.0000            infinity            infinity
     Parameter 14~N(0.000,infinity)          0.0000            infinity            infinity
     Parameter 15~N(0.000,infinity)          0.0000            infinity            infinity
     Parameter 16~N(0.000,infinity)          0.0000            infinity            infinity
     Parameter 17~N(0.000,infinity)          0.0000            infinity            infinity
     Parameter 18~N(0.000,infinity)          0.0000            infinity            infinity
     Parameter 19~N(0.000,infinity)          0.0000            infinity            infinity
     Parameter 20~IG(-1.000,0.000)         infinity            infinity            infinity
     Parameter 21~IG(-1.000,0.000)         infinity            infinity            infinity
     Parameter 22~IG(-1.000,0.000)         infinity            infinity            infinity
     Parameter 23~IG(-1.000,0.000)         infinity            infinity            infinity
     Parameter 24~IW(0.000,-3)             infinity            infinity            infinity
     Parameter 25~IW(0.000,-3)             infinity            infinity            infinity
     Parameter 26~IW(0.000,-3)             infinity            infinity            infinity


TECHNICAL 8 OUTPUT


   TECHNICAL 8 OUTPUT FOR BAYES ESTIMATION

     PROCESSOR    BSEED
     1            0
     2            285380
     3            253358
     4            93468
     5            608496
     6            903420
     7            195873
     8            462953
     9            939021
     10           127215
     11           415931
     12           533738
     13           107446
     14           399671
     15           650371
     16           27071

                     POTENTIAL       PARAMETER WITH
     ITERATION    SCALE REDUCTION      HIGHEST PSR
     100              1.103               6
     200              1.047               9
     300              1.043               3
     400              1.040               1
     500              1.034               9
     600              1.043               3
     700              1.082               3
     800              1.060               3
     900              1.048               3
     1000             1.043               9
     1100             1.040               9
     1200             1.043               9
     1300             1.040               9
     1400             1.039               9
     1500             1.021               9
     1600             1.031               9
     1700             1.021               9
     1800             1.019               9
     1900             1.024               9
     2000             1.019               9
     2100             1.023               9
     2200             1.022               9
     2300             1.015               9
     2400             1.017               9
     2500             1.012               9
     2600             1.011               9
     2700             1.012               9
     2800             1.013               9
     2900             1.010               9
     3000             1.010               9
     3100             1.011               9
     3200             1.012               9
     3300             1.012               23
     3400             1.012               23
     3500             1.010               23
     3600             1.006               23


PLOT INFORMATION

The following plots are available:

  Histograms (sample values)
  Scatterplots (sample values)
  Between-level histograms (sample values, sample means/variances)
  Between-level scatterplots (sample values, sample means/variances)
  Time series plots (sample values, ACF, PACF)
  Histogram of subjects per time point
  Time interval plots
  Bayesian posterior parameter distributions
  Bayesian posterior parameter trace plots
  Bayesian autocorrelation plots

     Beginning Time:  06:50:56
        Ending Time:  06:53:55
       Elapsed Time:  00:02:59



MUTHEN & MUTHEN
3463 Stoner Ave.
Los Angeles, CA  90066

Tel: (310) 391-9971
Fax: (310) 391-8971
Web: www.StatModel.com
Support: Support@StatModel.com

Copyright (c) 1998-2022 Muthen & Muthen
