Mplus VERSION 8.8
MUTHEN & MUTHEN
07/14/2023   1:13 AM

INPUT INSTRUCTIONS


  DATA:
  FILE IS data5.dat;

  VARIABLE:   NAMES =
  	    Eth_ID Time Time_between Time_inc
  	    PA_enth NA_irri NA_verv PA_tevr PA_ener
       	    PA_kalm NA_nerv PA_daadk NA_verdr
  	    PA_vrol NA_boos PA_dankb NA_somb PER_att
      	    PER_refl PER_self PER_expr PER_damp
  	    PER_codamp PER_capit Sample age_yr gesl BDI
      	    Measures_valid BDI_anh Anhedonia
   	    BDI_sum PA NA day compliance;

              USEVARIABLES are PER_capit PA NA Anhedonia BDI_sum ;
              MISSING is .;
              within = PER_capit;
              between = Anhedonia BDI_sum;
              cluster = Eth_ID;
              lagged= PA NA(1);
              tinterval=Time_inc (150);


  DEFINE:     CENTER Anhedonia BDI_sum (grandmean);

  ANALYSIS:   type = twolevel random;
              estimator = Bayes;
              biterations=(2000);
              bconvergence=0.005;
              thin=2;
              PROCESSORS=16;
  MODEL:
  %WITHIN%
  sPR_PA | PA on PER_capit;
  sPR_NA | NA on PER_capit;
  sPA_PA | PA on PA&1;
  sNA_NA | NA on NA&1;
  [PER_capit];


  %between%
  sPR_PA sPR_NA on Anhedonia BDI_sum ;
  PA NA on Anhedonia BDI_sum ;


  OUTPUT: standardized tech1 tech8 cinterval patterns;
  PLOT: TYPE = PLOT3;



*** WARNING in VARIABLE command
  Note that only the first 8 characters of variable names are used in the output.
  Shorten variable names to avoid any confusion.
*** WARNING in PLOT command
  Note that only the first 8 characters of variable names are used in plots.
  If variable names are not unique within the first 8 characters, problems
  may occur.
*** WARNING
  One or more individual-level variables have no variation within a
  cluster for the following clusters.

     Variable   Cluster IDs with no within-cluster variation

      PER_CAPI    165 127 73 177

*** WARNING
  Data set contains cases with missing on all variables.  Cases that appeared before the first
  case with observed data and that appeared after the last case with observed data were not
  included in the analysis.  Number of deleted cases:  721
   4 WARNING(S) FOUND IN THE INPUT INSTRUCTIONS




SUMMARY OF ANALYSIS

Number of groups                                                 1
Number of observations                                       21602

Number of dependent variables                                    2
Number of independent variables                                  5
Number of continuous latent variables                            4

Observed dependent variables

  Continuous
   PA          NA

Observed independent variables
   PER_CAPI    ANHEDONI    BDI_SUM     PA&1        NA&1

Continuous latent variables
   SPR_PA      SPR_NA      SPA_PA      SNA_NA

Variables with special functions

  Cluster variable      ETH_ID

  Within variables
   PER_CAPI    PA&1        NA&1

  Between variables
   ANHEDONI    BDI_SUM

  Centering (GRANDMEAN)
   ANHEDONI    BDI_SUM


Estimator                                                    BAYES
Specifications for Bayesian Estimation
  Point estimate                                            MEDIAN
  Number of Markov chain Monte Carlo (MCMC) chains               2
  Random seed for the first chain                                0
  Starting value information                           UNPERTURBED
  Algorithm used for Markov chain Monte Carlo           GIBBS(PX1)
  Convergence criterion                                  0.500D-02
  Maximum number of iterations                               50000
  K-th iteration used for thinning                               2

Input data file(s)
  data5.dat
Input data format  FREE


SUMMARY OF DATA

     Number of clusters                        174

       Size (s)    Cluster ID with Size s

         33        8
         41        58
         43        41
         56        28
         58        33
         80        82
         84        87
         88        72
         89        143
         96        113
         97        34
        100        134
        101        10
        103        164
        105        52
        106        154
        108        119
        111        36
        113        182
        115        89 131
        116        15 77 188 75
        117        11
        118        57 16 49 66 195
        119        197 106 149 50 71 92 38 186 163 48
        120        55 168 108 61 7 192 98 148 165
        121        189
        122        174
        123        127
        124        161 51 117 184 103
        125        100 123 105 40 88 53 112 73 54 93 30 44 13 68
        126        173 109 111 120 80 107 102 65 76 172
        127        147 177 133 110 62 118 139 25 115 67 46 104 178 193
                   32 130 126 198 70 86
        128        59 5 153 96 156 180 43 196 18
        129        144 125 141 39 3 190 146 116 187 137 185 135 69
        130        14 138 97 166
        133        191
        134        2
        135        194 63 201 60 183 200
        136        56 122 26
        137        155 9 42 4 19 22 95
        138        29 132 94
        139        45 145 37 84 21 74 79 114 35
        142        27
        143        179
        144        24 170 171
        145        20 124 162 1
        146        151 6 167
        147        142 31
        148        176 159



SUMMARY OF MISSING DATA PATTERNS

     Number of missing data patterns            13


     MISSING DATA PATTERNS (x = not missing)

           1  2  3  4  5  6  7  8  9 10 11 12 13
 PER_CAPI  x  x              x     x     x     x
 PA        x  x        x  x     x  x     x  x
 NA        x  x        x  x        x  x  x
 PA&1      x     x        x  x     x        x
 NA&1      x     x        x  x           x  x
 ANHEDONI  x  x  x  x  x  x  x  x  x  x  x  x  x
 BDI_SUM   x  x  x  x  x  x  x  x  x  x  x  x  x


     MISSING DATA PATTERN FREQUENCIES

    Pattern   Frequency     Pattern   Frequency     Pattern   Frequency
          1        4966           6          64          11           1
          2        3381           7           3          12           1
          3        3287           8           4          13           1
          4        9811           9           5
          5          77          10           1


COVARIANCE COVERAGE OF DATA

Minimum covariance coverage value   0.100


     PROPORTION OF DATA PRESENT


           Covariance Coverage
              PER_CAPI      PA            NA            ANHEDONI      BDI_SUM
              ________      ________      ________      ________      ________
 PER_CAPI       0.387
 PA             0.387         0.393
 NA             0.387         0.393         0.393
 ANHEDONI       0.387         0.393         0.393         1.000
 BDI_SUM        0.387         0.393         0.393         1.000         1.000



UNIVARIATE SAMPLE STATISTICS


     UNIVARIATE HIGHER-ORDER MOMENT DESCRIPTIVE STATISTICS

         Variable/         Mean/     Skewness/   Minimum/ % with                Percentiles
        Sample Size      Variance    Kurtosis    Maximum  Min/Max      20%/60%    40%/80%    Median

     PER_CAPIT            24.046       0.991       0.000   16.48%       2.000      7.000     11.000
            8357.000     669.047      -0.172     100.000    0.99%      20.000     51.000
     PA                   45.662      -0.013       0.000    0.28%      30.857     41.571     46.143
            8499.000     302.336      -0.230     100.000    0.07%      50.429     60.429
     NA                   15.113       1.405       0.000    7.03%       5.167      9.333     11.667
            8495.000     166.005       1.975      80.667    0.01%      14.500     23.167
     ANHEDONIA             0.000       0.594     -18.144    0.57%      -7.490     -2.873     -0.734
             174.000      78.072       0.597      30.202    0.57%       1.439      6.150
     BDI_SUM               0.000       1.160      -8.138    5.17%      -5.138     -3.138     -1.138
             174.000      36.625       1.944      27.862    0.57%      -0.138      3.862


     WARNING: PROBLEMS OCCURRED IN SEVERAL ITERATIONS IN THE COMPUTATION OF THE STANDARDIZED ESTIMATES FOR SEVERAL
     CLUSTERS. THIS IS MOST LIKELY DUE TO AR COEFFICIENTS GREATER THAN 1 OR PARAMETERS GIVING NON-STATIONARY MODELS.
     SUCH POSTERIOR DRAWS ARE REMOVED. THE FOLLOWING CLUSTERS HAD SUCH PROBLEMS:
          33

THE MODEL ESTIMATION TERMINATED NORMALLY

     USE THE FBITERATIONS OPTION TO INCREASE THE NUMBER OF ITERATIONS BY A FACTOR
     OF AT LEAST TWO TO CHECK CONVERGENCE AND THAT THE PSR VALUE DOES NOT INCREASE.



MODEL FIT INFORMATION

Number of Free Parameters                              26

Information Criteria

          Deviance (DIC)                       555765.338
          Estimated Number of Parameters (pD)   37889.430



MODEL RESULTS

                                Posterior  One-Tailed         95% C.I.
                    Estimate       S.D.      P-Value   Lower 2.5%  Upper 2.5%  Significance

Within Level

 NA       WITH
    PA               -49.297       1.271      0.000     -51.744     -46.871      *

 Means
    PER_CAPIT         23.987       0.283      0.000      23.458      24.553      *

 Variances
    PER_CAPIT        671.407      10.068      0.000     651.479     690.709      *

 Residual Variances
    PA               131.843       2.100      0.000     127.850     135.993      *
    NA                76.981       1.240      0.000      74.561      79.529      *

Between Level

 SPR_PA     ON
    ANHEDONIA         -0.002       0.001      0.023      -0.004       0.000      *
    BDI_SUM            0.003       0.001      0.027       0.000       0.006

 SPR_NA     ON
    ANHEDONIA          0.001       0.001      0.106      -0.001       0.003
    BDI_SUM           -0.003       0.001      0.045      -0.005       0.000

 PA         ON
    ANHEDONIA         -0.239       0.096      0.007      -0.427      -0.051      *
    BDI_SUM           -0.600       0.149      0.000      -0.886      -0.304      *

 NA         ON
    ANHEDONIA          0.063       0.072      0.190      -0.081       0.206
    BDI_SUM            0.627       0.111      0.000       0.415       0.843      *

 NA       WITH
    PA                -4.425       6.777      0.259     -18.075       8.527

 Means
    SPA_PA             0.350       0.016      0.000       0.317       0.381      *
    SNA_NA             0.314       0.018      0.000       0.279       0.349      *

 Intercepts
    PA                40.750       0.875      0.000      39.034      42.496      *
    NA                15.904       0.636      0.000      14.633      17.129      *
    SPR_PA             0.123       0.009      0.000       0.106       0.140      *
    SPR_NA            -0.009       0.009      0.153      -0.025       0.008

 Variances
    SPA_PA             0.025       0.005      0.000       0.017       0.036      *
    SNA_NA             0.029       0.006      0.000       0.020       0.042      *

 Residual Variances
    PA               105.616      13.295      0.000      83.500     135.268      *
    NA                57.373       7.353      0.000      44.903      73.994      *
    SPR_PA             0.004       0.001      0.000       0.002       0.006      *
    SPR_NA             0.006       0.001      0.000       0.004       0.009      *


STANDARDIZED MODEL RESULTS


STDYX Standardization

                                Posterior  One-Tailed         95% C.I.
                    Estimate       S.D.      P-Value   Lower 2.5%  Upper 2.5%  Significance

Within-Level Standardized Estimates Averaged Over Clusters

 SPR_PA | PA ON
    PER_CAPIT          0.241       0.014      0.000       0.212       0.269      *

 SPA_PA | PA ON
    PA&1               0.350       0.011      0.000       0.327       0.371      *

 SPR_NA | NA ON
    PER_CAPIT         -0.026       0.016      0.047      -0.056       0.005

 SNA_NA | NA ON
    NA&1               0.315       0.013      0.000       0.291       0.340      *

 NA       WITH
    PA                -0.489       0.009      0.000      -0.506      -0.471      *

 Means
    PER_CAPIT          0.926       0.013      0.000       0.901       0.952      *

 Variances
    PER_CAPIT          1.000       0.000      0.000       1.000       1.000

 Residual Variances
    PA                 0.779       0.009      0.000       0.760       0.797      *
    NA                 0.829       0.009      0.000       0.812       0.846      *

Between Level

 SPR_PA     ON
    ANHEDONIA         -0.204       0.101      0.023      -0.398      -0.005      *
    BDI_SUM            0.202       0.098      0.027      -0.001       0.392

 SPR_NA     ON
    ANHEDONIA          0.100       0.080      0.106      -0.057       0.258
    BDI_SUM           -0.132       0.077      0.045      -0.278       0.021

 PA         ON
    ANHEDONIA         -0.141       0.056      0.007      -0.251      -0.030      *
    BDI_SUM           -0.238       0.057      0.000      -0.345      -0.120      *

 NA         ON
    ANHEDONIA          0.049       0.056      0.190      -0.064       0.156
    BDI_SUM            0.333       0.056      0.000       0.217       0.432      *

 NA       WITH
    PA                -0.058       0.085      0.259      -0.219       0.109

 Means
    SPA_PA             2.198       0.245      0.000       1.777       2.744      *
    SNA_NA             1.831       0.235      0.000       1.449       2.358      *

 Intercepts
    PA                 3.797       0.239      0.000       3.354       4.275      *
    NA                 1.970       0.134      0.000       1.717       2.238      *
    SPR_PA             1.919       0.320      0.000       1.396       2.641      *
    SPR_NA            -0.113       0.109      0.153      -0.325       0.096

 Variances
    SPA_PA             1.000       0.000      0.000       1.000       1.000
    SNA_NA             1.000       0.000      0.000       1.000       1.000

 Residual Variances
    PA                 0.920       0.028      0.000       0.859       0.966      *
    NA                 0.884       0.036      0.000       0.808       0.947      *
    SPR_PA             0.909       0.064      0.000       0.746       0.990      *
    SPR_NA             0.967       0.030      0.000       0.888       0.998      *


STDY Standardization

                                Posterior  One-Tailed         95% C.I.
                    Estimate       S.D.      P-Value   Lower 2.5%  Upper 2.5%  Significance

Within-Level Standardized Estimates Averaged Over Clusters

 SPR_PA | PA ON
    PER_CAPIT          0.241       0.014      0.000       0.212       0.269      *

 SPA_PA | PA ON
    PA&1               0.026       0.001      0.000       0.024       0.028      *

 SPR_NA | NA ON
    PER_CAPIT         -0.026       0.016      0.047      -0.056       0.005

 SNA_NA | NA ON
    NA&1               0.031       0.001      0.000       0.029       0.034      *

 NA       WITH
    PA                -0.489       0.009      0.000      -0.506      -0.471      *

 Means
    PER_CAPIT          0.926       0.013      0.000       0.901       0.952      *

 Variances
    PER_CAPIT          1.000       0.000      0.000       1.000       1.000

 Residual Variances
    PA                 0.779       0.009      0.000       0.760       0.797      *
    NA                 0.829       0.009      0.000       0.812       0.846      *

Between Level

 SPR_PA     ON
    ANHEDONIA         -0.032       0.016      0.023      -0.063      -0.001      *
    BDI_SUM            0.048       0.023      0.027       0.000       0.092

 SPR_NA     ON
    ANHEDONIA          0.016       0.013      0.106      -0.009       0.041
    BDI_SUM           -0.031       0.018      0.045      -0.065       0.005

 PA         ON
    ANHEDONIA         -0.022       0.009      0.007      -0.040      -0.005      *
    BDI_SUM           -0.056       0.013      0.000      -0.081      -0.028      *

 NA         ON
    ANHEDONIA          0.008       0.009      0.190      -0.010       0.025
    BDI_SUM            0.078       0.013      0.000       0.051       0.101      *

 NA       WITH
    PA                -0.058       0.085      0.259      -0.219       0.109

 Means
    SPA_PA             2.198       0.245      0.000       1.777       2.744      *
    SNA_NA             1.831       0.235      0.000       1.449       2.358      *

 Intercepts
    PA                 3.797       0.239      0.000       3.354       4.275      *
    NA                 1.970       0.134      0.000       1.717       2.238      *
    SPR_PA             1.919       0.320      0.000       1.396       2.641      *
    SPR_NA            -0.113       0.109      0.153      -0.325       0.096

 Variances
    SPA_PA             1.000       0.000      0.000       1.000       1.000
    SNA_NA             1.000       0.000      0.000       1.000       1.000

 Residual Variances
    PA                 0.920       0.028      0.000       0.859       0.966      *
    NA                 0.884       0.036      0.000       0.808       0.947      *
    SPR_PA             0.909       0.064      0.000       0.746       0.990      *
    SPR_NA             0.967       0.030      0.000       0.888       0.998      *


STD Standardization

                                Posterior  One-Tailed         95% C.I.
                    Estimate       S.D.      P-Value   Lower 2.5%  Upper 2.5%  Significance

Within-Level Standardized Estimates Averaged Over Clusters

 SPR_PA | PA ON
    PER_CAPIT          0.123       0.008      0.000       0.108       0.138      *

 SPA_PA | PA ON
    PA&1               0.350       0.011      0.000       0.327       0.371      *

 SPR_NA | NA ON
    PER_CAPIT         -0.009       0.006      0.072      -0.021       0.003

 SNA_NA | NA ON
    NA&1               0.315       0.013      0.000       0.291       0.340      *

 NA       WITH
    PA               -49.260       1.262      0.000     -51.743     -46.907      *

 Means
    PER_CAPIT         23.979       0.278      0.000      23.458      24.542      *

 Variances
    PER_CAPIT        671.356      10.141      0.000     650.928     690.385      *

 Residual Variances
    PA               131.804       2.091      0.000     127.938     135.972      *
    NA                76.977       1.230      0.000      74.585      79.529      *

Between Level

 SPR_PA     ON
    ANHEDONIA         -0.032       0.016      0.023      -0.063      -0.001      *
    BDI_SUM            0.048       0.023      0.027       0.000       0.092

 SPR_NA     ON
    ANHEDONIA          0.016       0.013      0.106      -0.009       0.041
    BDI_SUM           -0.031       0.018      0.045      -0.065       0.005

 PA         ON
    ANHEDONIA         -0.239       0.096      0.007      -0.427      -0.051      *
    BDI_SUM           -0.600       0.149      0.000      -0.886      -0.304      *

 NA         ON
    ANHEDONIA          0.063       0.072      0.190      -0.081       0.206
    BDI_SUM            0.627       0.111      0.000       0.415       0.843      *

 NA       WITH
    PA                -4.425       6.777      0.259     -18.075       8.527

 Means
    SPA_PA             2.198       0.245      0.000       1.777       2.744      *
    SNA_NA             1.831       0.235      0.000       1.449       2.358      *

 Intercepts
    PA                40.750       0.875      0.000      39.034      42.496      *
    NA                15.904       0.636      0.000      14.633      17.129      *
    SPR_PA             1.919       0.320      0.000       1.396       2.641      *
    SPR_NA            -0.113       0.109      0.153      -0.325       0.096

 Variances
    SPA_PA             1.000       0.000      0.000       1.000       1.000
    SNA_NA             1.000       0.000      0.000       1.000       1.000

 Residual Variances
    PA               105.616      13.295      0.000      83.500     135.268      *
    NA                57.373       7.353      0.000      44.903      73.994      *
    SPR_PA             0.909       0.064      0.000       0.746       0.990      *
    SPR_NA             0.967       0.030      0.000       0.888       0.998      *


R-SQUARE

Within-Level R-Square Averaged Across Clusters

                                Posterior  One-Tailed         95% C.I.
    Variable        Estimate       S.D.      P-Value   Lower 2.5%  Upper 2.5%

    PA                 0.221       0.009      0.000       0.203       0.239
    NA                 0.171       0.009      0.000       0.154       0.188

Between Level

                                Posterior  One-Tailed         95% C.I.
    Variable        Estimate       S.D.      P-Value   Lower 2.5%  Upper 2.5%

    PA                 0.080       0.028      0.000       0.034       0.141
    NA                 0.116       0.036      0.000       0.053       0.192

                                Posterior  One-Tailed         95% C.I.
    Variable        Estimate       S.D.      P-Value   Lower 2.5%  Upper 2.5%

    SPR_PA             0.091       0.064      0.000       0.010       0.254
    SPR_NA             0.033       0.030      0.000       0.002       0.112


CREDIBILITY INTERVALS OF MODEL RESULTS

                  Lower .5%  Lower 2.5%    Lower 5%    Estimate    Upper 5%  Upper 2.5%   Upper .5%

Within Level

 NA       WITH
    PA             -52.445     -51.744     -51.427     -49.297     -47.243     -46.871     -46.030

 Means
    PER_CAPIT       23.256      23.458      23.538      23.987      24.474      24.553      24.713

 Variances
    PER_CAPIT      645.502     651.479     654.512     671.407     687.598     690.709     698.092

 Residual Variances
    PA             126.635     127.850     128.480     131.843     135.386     135.993     137.497
    NA              73.831      74.561      74.986      76.981      79.051      79.529      80.132

Between Level

 SPR_PA   ON
    ANHEDONIA       -0.005      -0.004      -0.004      -0.002       0.000       0.000       0.001
    BDI_SUM         -0.001       0.000       0.001       0.003       0.005       0.006       0.007

 SPR_NA   ON
    ANHEDONIA       -0.001      -0.001       0.000       0.001       0.003       0.003       0.004
    BDI_SUM         -0.006      -0.005      -0.005      -0.003       0.000       0.000       0.001

 PA       ON
    ANHEDONIA       -0.487      -0.427      -0.398      -0.239      -0.081      -0.051       0.017
    BDI_SUM         -0.981      -0.886      -0.847      -0.600      -0.355      -0.304      -0.198

 NA       ON
    ANHEDONIA       -0.113      -0.081      -0.056       0.063       0.179       0.206       0.246
    BDI_SUM          0.332       0.415       0.446       0.627       0.811       0.843       0.908

 NA       WITH
    PA             -21.321     -18.075     -15.915      -4.425       6.201       8.527      13.450

 Means
    SPA_PA           0.307       0.317       0.324       0.350       0.376       0.381       0.392
    SNA_NA           0.267       0.279       0.284       0.314       0.345       0.349       0.361

 Intercepts
    PA              38.559      39.034      39.306      40.750      42.166      42.496      43.100
    NA              14.293      14.633      14.889      15.904      16.941      17.129      17.491
    SPR_PA           0.100       0.106       0.109       0.123       0.138       0.140       0.145
    SPR_NA          -0.031      -0.025      -0.023      -0.009       0.006       0.008       0.015

 Variances
    SPA_PA           0.015       0.017       0.019       0.025       0.034       0.036       0.040
    SNA_NA           0.017       0.020       0.021       0.029       0.040       0.042       0.046

 Residual Variances
    PA              77.847      83.500      86.255     105.616     130.063     135.268     146.457
    NA              41.955      44.903      46.537      57.373      70.817      73.994      79.593
    SPR_PA           0.001       0.002       0.002       0.004       0.006       0.006       0.007
    SPR_NA           0.004       0.004       0.005       0.006       0.009       0.009       0.010


CREDIBILITY INTERVALS OF STANDARDIZED MODEL RESULTS


STDYX Standardization

                  Lower .5%  Lower 2.5%    Lower 5%    Estimate    Upper 5%  Upper 2.5%   Upper .5%

Within Level

 NA       WITH
    PA               0.000      -0.506       0.000      -0.489       0.000      -0.471       0.000

 Means
    PER_CAPIT        0.000       0.901       0.000       0.926       0.000       0.952       0.000

 Variances
    PER_CAPIT        0.000       1.000       0.000       1.000       0.000       1.000       0.000

 Residual Variances
    PA               0.000       0.760       0.000       0.779       0.000       0.797       0.000
    NA               0.000       0.812       0.000       0.829       0.000       0.846       0.000

Between Level

 SPR_PA   ON
    ANHEDONIA       -0.452      -0.398      -0.369      -0.204      -0.036      -0.005       0.053
    BDI_SUM         -0.056      -0.001       0.035       0.202       0.361       0.392       0.447

 SPR_NA   ON
    ANHEDONIA       -0.101      -0.057      -0.031       0.100       0.233       0.258       0.307
    BDI_SUM         -0.320      -0.278      -0.255      -0.132      -0.004       0.021       0.071

 PA       ON
    ANHEDONIA       -0.286      -0.251      -0.234      -0.141      -0.048      -0.030       0.011
    BDI_SUM         -0.377      -0.345      -0.330      -0.238      -0.140      -0.120      -0.082

 NA       ON
    ANHEDONIA       -0.091      -0.064      -0.045       0.049       0.141       0.156       0.192
    BDI_SUM          0.174       0.217       0.238       0.333       0.419       0.432       0.467

 NA       WITH
    PA              -0.254      -0.219      -0.199      -0.058       0.083       0.109       0.169

 Means
    SPA_PA           1.627       1.777       1.841       2.198       2.640       2.744       2.952
    SNA_NA           1.336       1.449       1.496       1.831       2.259       2.358       2.597

 Intercepts
    PA               3.215       3.354       3.422       3.797       4.200       4.275       4.416
    NA               1.651       1.717       1.754       1.970       2.196       2.238       2.348
    SPR_PA           1.251       1.396       1.471       1.919       2.486       2.641       3.011
    SPR_NA          -0.396      -0.325      -0.286      -0.113       0.068       0.096       0.164

 Variances
    SPA_PA           1.000       1.000       1.000       1.000       1.000       1.000       1.000
    SNA_NA           1.000       1.000       1.000       1.000       1.000       1.000       1.000

 Residual Variances
    PA               0.839       0.859       0.869       0.920       0.960       0.966       0.977
    NA               0.780       0.808       0.820       0.884       0.937       0.947       0.963
    SPR_PA           0.685       0.746       0.775       0.909       0.983       0.990       0.997
    SPR_NA           0.850       0.888       0.904       0.967       0.996       0.998       0.999


STDY Standardization

                  Lower .5%  Lower 2.5%    Lower 5%    Estimate    Upper 5%  Upper 2.5%   Upper .5%

Within Level

 NA       WITH
    PA               0.000      -0.506       0.000      -0.489       0.000      -0.471       0.000

 Means
    PER_CAPIT        0.000       0.901       0.000       0.926       0.000       0.952       0.000

 Variances
    PER_CAPIT        0.000       1.000       0.000       1.000       0.000       1.000       0.000

 Residual Variances
    PA               0.000       0.760       0.000       0.779       0.000       0.797       0.000
    NA               0.000       0.812       0.000       0.829       0.000       0.846       0.000

Between Level

 SPR_PA   ON
    ANHEDONIA       -0.072      -0.063      -0.059      -0.032      -0.006      -0.001       0.008
    BDI_SUM         -0.013       0.000       0.008       0.048       0.085       0.092       0.105

 SPR_NA   ON
    ANHEDONIA       -0.016      -0.009      -0.005       0.016       0.037       0.041       0.049
    BDI_SUM         -0.075      -0.065      -0.060      -0.031      -0.001       0.005       0.017

 PA       ON
    ANHEDONIA       -0.045      -0.040      -0.037      -0.022      -0.008      -0.005       0.002
    BDI_SUM         -0.088      -0.081      -0.078      -0.056      -0.033      -0.028      -0.019

 NA       ON
    ANHEDONIA       -0.014      -0.010      -0.007       0.008       0.022       0.025       0.030
    BDI_SUM          0.041       0.051       0.056       0.078       0.098       0.101       0.110

 NA       WITH
    PA              -0.254      -0.219      -0.199      -0.058       0.083       0.109       0.169

 Means
    SPA_PA           1.627       1.777       1.841       2.198       2.640       2.744       2.952
    SNA_NA           1.336       1.449       1.496       1.831       2.259       2.358       2.597

 Intercepts
    PA               3.215       3.354       3.422       3.797       4.200       4.275       4.416
    NA               1.651       1.717       1.754       1.970       2.196       2.238       2.348
    SPR_PA           1.251       1.396       1.471       1.919       2.486       2.641       3.011
    SPR_NA          -0.396      -0.325      -0.286      -0.113       0.068       0.096       0.164

 Variances
    SPA_PA           1.000       1.000       1.000       1.000       1.000       1.000       1.000
    SNA_NA           1.000       1.000       1.000       1.000       1.000       1.000       1.000

 Residual Variances
    PA               0.839       0.859       0.869       0.920       0.960       0.966       0.977
    NA               0.780       0.808       0.820       0.884       0.937       0.947       0.963
    SPR_PA           0.685       0.746       0.775       0.909       0.983       0.990       0.997
    SPR_NA           0.850       0.888       0.904       0.967       0.996       0.998       0.999


STD Standardization

                  Lower .5%  Lower 2.5%    Lower 5%    Estimate    Upper 5%  Upper 2.5%   Upper .5%

Within Level

 NA       WITH
    PA               0.000     -51.743       0.000     -49.260       0.000     -46.907       0.000

 Means
    PER_CAPIT        0.000      23.458       0.000      23.979       0.000      24.542       0.000

 Variances
    PER_CAPIT        0.000     650.928       0.000     671.356       0.000     690.385       0.000

 Residual Variances
    PA               0.000     127.938       0.000     131.804       0.000     135.972       0.000
    NA               0.000      74.585       0.000      76.977       0.000      79.529       0.000

Between Level

 SPR_PA   ON
    ANHEDONIA       -0.072      -0.063      -0.059      -0.032      -0.006      -0.001       0.008
    BDI_SUM         -0.013       0.000       0.008       0.048       0.085       0.092       0.105

 SPR_NA   ON
    ANHEDONIA       -0.016      -0.009      -0.005       0.016       0.037       0.041       0.049
    BDI_SUM         -0.075      -0.065      -0.060      -0.031      -0.001       0.005       0.017

 PA       ON
    ANHEDONIA       -0.487      -0.427      -0.398      -0.239      -0.081      -0.051       0.017
    BDI_SUM         -0.981      -0.886      -0.847      -0.600      -0.355      -0.304      -0.198

 NA       ON
    ANHEDONIA       -0.113      -0.081      -0.056       0.063       0.179       0.206       0.246
    BDI_SUM          0.332       0.415       0.446       0.627       0.811       0.843       0.908

 NA       WITH
    PA             -21.321     -18.075     -15.915      -4.425       6.201       8.527      13.450

 Means
    SPA_PA           1.627       1.777       1.841       2.198       2.640       2.744       2.952
    SNA_NA           1.336       1.449       1.496       1.831       2.259       2.358       2.597

 Intercepts
    PA              38.559      39.034      39.306      40.750      42.166      42.496      43.100
    NA              14.293      14.633      14.889      15.904      16.941      17.129      17.491
    SPR_PA           1.251       1.396       1.471       1.919       2.486       2.641       3.011
    SPR_NA          -0.396      -0.325      -0.286      -0.113       0.068       0.096       0.164

 Variances
    SPA_PA           1.000       1.000       1.000       1.000       1.000       1.000       1.000
    SNA_NA           1.000       1.000       1.000       1.000       1.000       1.000       1.000

 Residual Variances
    PA              77.847      83.500      86.255     105.616     130.063     135.268     146.457
    NA              41.955      44.903      46.537      57.373      70.817      73.994      79.593
    SPR_PA           0.685       0.746       0.775       0.909       0.983       0.990       0.997
    SPR_NA           0.850       0.888       0.904       0.967       0.996       0.998       0.999


TECHNICAL 1 OUTPUT


     PARAMETER SPECIFICATION FOR WITHIN


           NU
              PER_CAPI      PA            NA            PA&1          NA&1
              ________      ________      ________      ________      ________
                    0             0             0             0             0


           LAMBDA
              PER_CAPI      PA            NA            PA&1          NA&1
              ________      ________      ________      ________      ________
 PER_CAPI           0             0             0             0             0
 PA                 0             0             0             0             0
 NA                 0             0             0             0             0
 PA&1               0             0             0             0             0
 NA&1               0             0             0             0             0


           THETA
              PER_CAPI      PA            NA            PA&1          NA&1
              ________      ________      ________      ________      ________
 PER_CAPI           0
 PA                 0             0
 NA                 0             0             0
 PA&1               0             0             0             0
 NA&1               0             0             0             0             0


           ALPHA
              PER_CAPI      PA            NA            PA&1          NA&1
              ________      ________      ________      ________      ________
                    1             0             0             0             0


           BETA
              PER_CAPI      PA            NA            PA&1          NA&1
              ________      ________      ________      ________      ________
 PER_CAPI           0             0             0             0             0
 PA                 0             0             0             0             0
 NA                 0             0             0             0             0
 PA&1               0             0             0             0             0
 NA&1               0             0             0             0             0


           PSI
              PER_CAPI      PA            NA            PA&1          NA&1
              ________      ________      ________      ________      ________
 PER_CAPI           2
 PA                 0             3
 NA                 0             4             5
 PA&1               0             0             0             0
 NA&1               0             0             0             0             0


     PARAMETER SPECIFICATION FOR BETWEEN


           NU
              PA            NA            ANHEDONI      BDI_SUM
              ________      ________      ________      ________
                    0             0             0             0


           LAMBDA
              SPR_PA        SPR_NA        SPA_PA        SNA_NA        PA
              ________      ________      ________      ________      ________
 PA                 0             0             0             0             0
 NA                 0             0             0             0             0
 ANHEDONI           0             0             0             0             0
 BDI_SUM            0             0             0             0             0


           LAMBDA
              NA            ANHEDONI      BDI_SUM
              ________      ________      ________
 PA                 0             0             0
 NA                 0             0             0
 ANHEDONI           0             0             0
 BDI_SUM            0             0             0


           THETA
              PA            NA            ANHEDONI      BDI_SUM
              ________      ________      ________      ________
 PA                 0
 NA                 0             0
 ANHEDONI           0             0             0
 BDI_SUM            0             0             0             0


           ALPHA
              SPR_PA        SPR_NA        SPA_PA        SNA_NA        PA
              ________      ________      ________      ________      ________
                    6             7             8             9            10


           ALPHA
              NA            ANHEDONI      BDI_SUM
              ________      ________      ________
                   11             0             0


           BETA
              SPR_PA        SPR_NA        SPA_PA        SNA_NA        PA
              ________      ________      ________      ________      ________
 SPR_PA             0             0             0             0             0
 SPR_NA             0             0             0             0             0
 SPA_PA             0             0             0             0             0
 SNA_NA             0             0             0             0             0
 PA                 0             0             0             0             0
 NA                 0             0             0             0             0
 ANHEDONI           0             0             0             0             0
 BDI_SUM            0             0             0             0             0


           BETA
              NA            ANHEDONI      BDI_SUM
              ________      ________      ________
 SPR_PA             0            12            13
 SPR_NA             0            14            15
 SPA_PA             0             0             0
 SNA_NA             0             0             0
 PA                 0            16            17
 NA                 0            18            19
 ANHEDONI           0             0             0
 BDI_SUM            0             0             0


           PSI
              SPR_PA        SPR_NA        SPA_PA        SNA_NA        PA
              ________      ________      ________      ________      ________
 SPR_PA            20
 SPR_NA             0            21
 SPA_PA             0             0            22
 SNA_NA             0             0             0            23
 PA                 0             0             0             0            24
 NA                 0             0             0             0            25
 ANHEDONI           0             0             0             0             0
 BDI_SUM            0             0             0             0             0


           PSI
              NA            ANHEDONI      BDI_SUM
              ________      ________      ________
 NA                26
 ANHEDONI           0             0
 BDI_SUM            0             0             0


     STARTING VALUES FOR WITHIN


           NU
              PER_CAPI      PA            NA            PA&1          NA&1
              ________      ________      ________      ________      ________
                0.000         0.000         0.000         0.000         0.000


           LAMBDA
              PER_CAPI      PA            NA            PA&1          NA&1
              ________      ________      ________      ________      ________
 PER_CAPI       1.000         0.000         0.000         0.000         0.000
 PA             0.000         1.000         0.000         0.000         0.000
 NA             0.000         0.000         1.000         0.000         0.000
 PA&1           0.000         0.000         0.000         1.000         0.000
 NA&1           0.000         0.000         0.000         0.000         1.000


           THETA
              PER_CAPI      PA            NA            PA&1          NA&1
              ________      ________      ________      ________      ________
 PER_CAPI       0.000
 PA             0.000         0.000
 NA             0.000         0.000         0.000
 PA&1           0.000         0.000         0.000         0.000
 NA&1           0.000         0.000         0.000         0.000         0.000


           ALPHA
              PER_CAPI      PA            NA            PA&1          NA&1
              ________      ________      ________      ________      ________
                0.000         0.000         0.000         0.000         0.000


           BETA
              PER_CAPI      PA            NA            PA&1          NA&1
              ________      ________      ________      ________      ________
 PER_CAPI       0.000         0.000         0.000         0.000         0.000
 PA             0.000         0.000         0.000         0.000         0.000
 NA             0.000         0.000         0.000         0.000         0.000
 PA&1           0.000         0.000         0.000         0.000         0.000
 NA&1           0.000         0.000         0.000         0.000         0.000


           PSI
              PER_CAPI      PA            NA            PA&1          NA&1
              ________      ________      ________      ________      ________
 PER_CAPI     334.524
 PA             0.000       151.168
 NA             0.000         0.000        83.003
 PA&1           0.000         0.000         0.000       151.307
 NA&1           0.000         0.000         0.000         0.000        82.922


     STARTING VALUES FOR BETWEEN


           NU
              PA            NA            ANHEDONI      BDI_SUM
              ________      ________      ________      ________
                0.000         0.000         0.000         0.000


           LAMBDA
              SPR_PA        SPR_NA        SPA_PA        SNA_NA        PA
              ________      ________      ________      ________      ________
 PA             0.000         0.000         0.000         0.000         1.000
 NA             0.000         0.000         0.000         0.000         0.000
 ANHEDONI       0.000         0.000         0.000         0.000         0.000
 BDI_SUM        0.000         0.000         0.000         0.000         0.000


           LAMBDA
              NA            ANHEDONI      BDI_SUM
              ________      ________      ________
 PA             0.000         0.000         0.000
 NA             1.000         0.000         0.000
 ANHEDONI       0.000         1.000         0.000
 BDI_SUM        0.000         0.000         1.000


           THETA
              PA            NA            ANHEDONI      BDI_SUM
              ________      ________      ________      ________
 PA             0.000
 NA             0.000         0.000
 ANHEDONI       0.000         0.000         0.000
 BDI_SUM        0.000         0.000         0.000         0.000


           ALPHA
              SPR_PA        SPR_NA        SPA_PA        SNA_NA        PA
              ________      ________      ________      ________      ________
                0.000         0.000         0.000         0.000        45.662


           ALPHA
              NA            ANHEDONI      BDI_SUM
              ________      ________      ________
               15.113         0.000         0.000


           BETA
              SPR_PA        SPR_NA        SPA_PA        SNA_NA        PA
              ________      ________      ________      ________      ________
 SPR_PA         0.000         0.000         0.000         0.000         0.000
 SPR_NA         0.000         0.000         0.000         0.000         0.000
 SPA_PA         0.000         0.000         0.000         0.000         0.000
 SNA_NA         0.000         0.000         0.000         0.000         0.000
 PA             0.000         0.000         0.000         0.000         0.000
 NA             0.000         0.000         0.000         0.000         0.000
 ANHEDONI       0.000         0.000         0.000         0.000         0.000
 BDI_SUM        0.000         0.000         0.000         0.000         0.000


           BETA
              NA            ANHEDONI      BDI_SUM
              ________      ________      ________
 SPR_PA         0.000         0.000         0.000
 SPR_NA         0.000         0.000         0.000
 SPA_PA         0.000         0.000         0.000
 SNA_NA         0.000         0.000         0.000
 PA             0.000         0.000         0.000
 NA             0.000         0.000         0.000
 ANHEDONI       0.000         0.000         0.000
 BDI_SUM        0.000         0.000         0.000


           PSI
              SPR_PA        SPR_NA        SPA_PA        SNA_NA        PA
              ________      ________      ________      ________      ________
 SPR_PA         1.000
 SPR_NA         0.000         1.000
 SPA_PA         0.000         0.000         1.000
 SNA_NA         0.000         0.000         0.000         1.000
 PA             0.000         0.000         0.000         0.000       151.168
 NA             0.000         0.000         0.000         0.000         0.000
 ANHEDONI       0.000         0.000         0.000         0.000         0.000
 BDI_SUM        0.000         0.000         0.000         0.000         0.000


           PSI
              NA            ANHEDONI      BDI_SUM
              ________      ________      ________
 NA            83.003
 ANHEDONI       0.000        39.798
 BDI_SUM        0.000         0.000        18.159



     PRIORS FOR ALL PARAMETERS            PRIOR MEAN      PRIOR VARIANCE     PRIOR STD. DEV.

     Parameter 1~N(0.000,infinity)           0.0000            infinity            infinity
     Parameter 2~IG(-1.000,0.000)          infinity            infinity            infinity
     Parameter 3~IW(0.000,-3)              infinity            infinity            infinity
     Parameter 4~IW(0.000,-3)              infinity            infinity            infinity
     Parameter 5~IW(0.000,-3)              infinity            infinity            infinity
     Parameter 6~N(0.000,infinity)           0.0000            infinity            infinity
     Parameter 7~N(0.000,infinity)           0.0000            infinity            infinity
     Parameter 8~N(0.000,infinity)           0.0000            infinity            infinity
     Parameter 9~N(0.000,infinity)           0.0000            infinity            infinity
     Parameter 10~N(0.000,infinity)          0.0000            infinity            infinity
     Parameter 11~N(0.000,infinity)          0.0000            infinity            infinity
     Parameter 12~N(0.000,infinity)          0.0000            infinity            infinity
     Parameter 13~N(0.000,infinity)          0.0000            infinity            infinity
     Parameter 14~N(0.000,infinity)          0.0000            infinity            infinity
     Parameter 15~N(0.000,infinity)          0.0000            infinity            infinity
     Parameter 16~N(0.000,infinity)          0.0000            infinity            infinity
     Parameter 17~N(0.000,infinity)          0.0000            infinity            infinity
     Parameter 18~N(0.000,infinity)          0.0000            infinity            infinity
     Parameter 19~N(0.000,infinity)          0.0000            infinity            infinity
     Parameter 20~IG(-1.000,0.000)         infinity            infinity            infinity
     Parameter 21~IG(-1.000,0.000)         infinity            infinity            infinity
     Parameter 22~IG(-1.000,0.000)         infinity            infinity            infinity
     Parameter 23~IG(-1.000,0.000)         infinity            infinity            infinity
     Parameter 24~IW(0.000,-3)             infinity            infinity            infinity
     Parameter 25~IW(0.000,-3)             infinity            infinity            infinity
     Parameter 26~IW(0.000,-3)             infinity            infinity            infinity


TECHNICAL 8 OUTPUT


   TECHNICAL 8 OUTPUT FOR BAYES ESTIMATION

     PROCESSOR    BSEED
     1            0
     2            285380
     3            253358
     4            93468
     5            608496
     6            903420
     7            195873
     8            462953
     9            939021
     10           127215
     11           415931
     12           533738
     13           107446
     14           399671
     15           650371
     16           27071

                     POTENTIAL       PARAMETER WITH
     ITERATION    SCALE REDUCTION      HIGHEST PSR
     100              1.142               19
     200              1.049               2
     300              1.017               3
     400              1.047               4
     500              1.027               23
     600              1.025               23
     700              1.023               7
     800              1.063               7
     900              1.075               7
     1000             1.056               7
     1100             1.022               7
     1200             1.014               7
     1300             1.021               7
     1400             1.014               7
     1500             1.004               3
     1600             1.004               3
     1700             1.006               3
     1800             1.006               3
     1900             1.010               6
     2000             1.016               6
     2100             1.021               6
     2200             1.021               6
     2300             1.015               6
     2400             1.010               7
     2500             1.010               6
     2600             1.009               7
     2700             1.007               7


PLOT INFORMATION

The following plots are available:

  Histograms (sample values)
  Scatterplots (sample values)
  Between-level histograms (sample values, sample means/variances)
  Between-level scatterplots (sample values, sample means/variances)
  Time series plots (sample values, ACF, PACF)
  Histogram of subjects per time point
  Time interval plots
  Bayesian posterior parameter distributions
  Bayesian posterior parameter trace plots
  Bayesian autocorrelation plots

     Beginning Time:  01:13:32
        Ending Time:  01:15:42
       Elapsed Time:  00:02:10



MUTHEN & MUTHEN
3463 Stoner Ave.
Los Angeles, CA  90066

Tel: (310) 391-9971
Fax: (310) 391-8971
Web: www.StatModel.com
Support: Support@StatModel.com

Copyright (c) 1998-2022 Muthen & Muthen
