Mplus VERSION 8.8
MUTHEN & MUTHEN
08/26/2023   5:22 AM

INPUT INSTRUCTIONS


  DATA:
  FILE IS data8.dat;

  VARIABLE:   NAMES =
  	    Eth_ID Time Time_between Time_inc
  	    PA_enth NA_irri NA_verv PA_tevr PA_ener
       	    PA_kalm NA_nerv PA_daadk NA_verdr
  	    PA_vrol NA_boos PA_dankb NA_somb PER_att
      	    PER_refl PER_self PER_expr PER_damp
  	    PER_codamp PER_capit Sample age_yr gesl BDI
      	    Measures_valid BDI_anh Anhedonia
   	    BDI_sum PA NA day compliance;

              USEVARIABLES are PER_capit PA NA Anhedonia BDI_sum ;
              MISSING is .;
              within = PER_capit;
              between = Anhedonia BDI_sum;
              cluster = Eth_ID;
              lagged= PA NA(1);
              tinterval=Time_inc (150);


  DEFINE:     CENTER Anhedonia BDI_sum (grandmean);

  ANALYSIS:   type = twolevel random;
              estimator = Bayes;
              biterations=(2000);
              bconvergence=0.005;
              thin=2;
              PROCESSORS=16;
  MODEL:
  %WITHIN%
  sPR_PA | PA on PER_capit;
  sPR_NA | NA on PER_capit;
  sPA_PA | PA on PA&1;
  sNA_NA | NA on NA&1;
  [PER_capit];


  %between%
  sPR_PA sPR_NA on Anhedonia BDI_sum ;
  PA NA on Anhedonia BDI_sum ;


  OUTPUT: standardized tech1 tech8 cinterval patterns;
  PLOT: TYPE = PLOT3;



*** WARNING in VARIABLE command
  Note that only the first 8 characters of variable names are used in the output.
  Shorten variable names to avoid any confusion.
*** WARNING in PLOT command
  Note that only the first 8 characters of variable names are used in plots.
  If variable names are not unique within the first 8 characters, problems
  may occur.
*** WARNING
  One or more individual-level variables have no variation within a
  cluster for the following clusters.

     Variable   Cluster IDs with no within-cluster variation

      PER_CAPI    165 127 73 177

*** WARNING
  Data set contains cases with missing on all variables.  Cases that appeared before the first
  case with observed data and that appeared after the last case with observed data were not
  included in the analysis.  Number of deleted cases:  679
   4 WARNING(S) FOUND IN THE INPUT INSTRUCTIONS




SUMMARY OF ANALYSIS

Number of groups                                                 1
Number of observations                                       20160

Number of dependent variables                                    2
Number of independent variables                                  5
Number of continuous latent variables                            4

Observed dependent variables

  Continuous
   PA          NA

Observed independent variables
   PER_CAPI    ANHEDONI    BDI_SUM     PA&1        NA&1

Continuous latent variables
   SPR_PA      SPR_NA      SPA_PA      SNA_NA

Variables with special functions

  Cluster variable      ETH_ID

  Within variables
   PER_CAPI    PA&1        NA&1

  Between variables
   ANHEDONI    BDI_SUM

  Centering (GRANDMEAN)
   ANHEDONI    BDI_SUM


Estimator                                                    BAYES
Specifications for Bayesian Estimation
  Point estimate                                            MEDIAN
  Number of Markov chain Monte Carlo (MCMC) chains               2
  Random seed for the first chain                                0
  Starting value information                           UNPERTURBED
  Algorithm used for Markov chain Monte Carlo           GIBBS(PX1)
  Convergence criterion                                  0.500D-02
  Maximum number of iterations                               50000
  K-th iteration used for thinning                               2

Input data file(s)
  data8.dat
Input data format  FREE


SUMMARY OF DATA

     Number of clusters                        159

       Size (s)    Cluster ID with Size s

         56        28
         80        82
         84        87
         88        72
         97        34
        101        10
        105        52
        108        119
        111        36
        113        182
        115        89 131
        116        15 188 75 77
        117        11
        118        16 66 49 57 195
        119        197 71 48 149 50 92 38 186 163 106
        120        55 168 7 108 148 192 61 98 165
        122        174
        123        127
        124        161 117 103 51
        125        53 54 13 40 44 88 30 68 100 93 105 112 123 73
        126        107 172 173 102 65 109 111 80 76 120
        127        70 177 133 62 139 118 110 25 115 67 46 104 178 126 193
                   32 86 198 147
        128        43 153 59 156 96 180 18 5
        129        141 144 125 3 185 146 135 190 187 39 137 116 69
        130        138 166 97 14
        133        191
        134        2
        135        194 63 60 183 201 200
        136        26 56
        137        95 4 9 22 19 42
        138        132 29 94
        139        45 74 35 37 84 21 79 145 114
        142        27
        143        179
        144        170 24 171
        145        1 124 162 20
        146        151 6 167
        147        142 31
        148        159 176



SUMMARY OF MISSING DATA PATTERNS

     Number of missing data patterns            13


     MISSING DATA PATTERNS (x = not missing)

           1  2  3  4  5  6  7  8  9 10 11 12 13
 PER_CAPI  x  x              x     x     x     x
 PA        x  x        x  x     x  x     x  x
 NA        x  x        x  x        x  x  x
 PA&1      x     x        x  x     x        x
 NA&1      x     x        x  x           x  x
 ANHEDONI  x  x  x  x  x  x  x  x  x  x  x  x  x
 BDI_SUM   x  x  x  x  x  x  x  x  x  x  x  x  x


     MISSING DATA PATTERN FREQUENCIES

    Pattern   Frequency     Pattern   Frequency     Pattern   Frequency
          1        4875           6          63          11           1
          2        3209           7           3          12           1
          3        3121           8           4          13           1
          4        8808           9           5
          5          68          10           1


COVARIANCE COVERAGE OF DATA

Minimum covariance coverage value   0.100


     PROPORTION OF DATA PRESENT


           Covariance Coverage
              PER_CAPI      PA            NA            ANHEDONI      BDI_SUM
              ________      ________      ________      ________      ________
 PER_CAPI       0.401
 PA             0.401         0.408
 NA             0.401         0.408         0.408
 ANHEDONI       0.401         0.408         0.408         1.000
 BDI_SUM        0.401         0.408         0.408         1.000         1.000



UNIVARIATE SAMPLE STATISTICS


     UNIVARIATE HIGHER-ORDER MOMENT DESCRIPTIVE STATISTICS

         Variable/         Mean/     Skewness/   Minimum/ % with                Percentiles
        Sample Size      Variance    Kurtosis    Maximum  Min/Max      20%/60%    40%/80%    Median

     PER_CAPIT            23.940       1.000       0.000   16.79%       2.000      7.000     11.000
            8094.000     670.135      -0.150     100.000    1.03%      20.000     51.000
     PA                   46.752      -0.086       0.000    0.33%      32.000     43.167     47.500
            8226.000     301.606      -0.169     100.000    0.07%      51.500     61.167
     NA                   14.975       1.412       0.000    7.26%       5.000      9.167     11.500
            8222.000     164.910       1.997      80.667    0.01%      14.333     23.000
     ANHEDONIA             0.000       0.630     -18.380    0.63%      -7.330     -2.924     -0.934
             159.000      79.008       0.606      29.966    0.63%       1.234      6.118
     BDI_SUM               0.000       0.851      -8.050    3.77%      -5.050     -3.050     -1.050
             159.000      31.821       0.278      16.950    1.26%      -0.050      3.950


THE MODEL ESTIMATION TERMINATED NORMALLY

     USE THE FBITERATIONS OPTION TO INCREASE THE NUMBER OF ITERATIONS BY A FACTOR
     OF AT LEAST TWO TO CHECK CONVERGENCE AND THAT THE PSR VALUE DOES NOT INCREASE.



MODEL FIT INFORMATION

Number of Free Parameters                              26

Information Criteria

          Deviance (DIC)                       518515.757
          Estimated Number of Parameters (pD)   34653.702



MODEL RESULTS

                                Posterior  One-Tailed         95% C.I.
                    Estimate       S.D.      P-Value   Lower 2.5%  Upper 2.5%  Significance

Within Level

 NA       WITH
    PA               -50.725       1.360      0.000     -53.437     -48.066      *

 Means
    PER_CAPIT         23.901       0.283      0.000      23.321      24.439      *

 Variances
    PER_CAPIT        672.528      10.036      0.000     652.786     691.777      *

 Residual Variances
    PA               137.812       2.315      0.000     133.460     142.630      *
    NA                76.018       1.235      0.000      73.645      78.545      *

Between Level

 SPR_PA     ON
    ANHEDONIA         -0.002       0.001      0.026      -0.004       0.000
    BDI_SUM            0.004       0.002      0.009       0.001       0.007      *

 SPR_NA     ON
    ANHEDONIA          0.001       0.001      0.072      -0.001       0.003
    BDI_SUM           -0.003       0.002      0.021      -0.006       0.000      *

 PA         ON
    ANHEDONIA         -0.247       0.098      0.009      -0.438      -0.053      *
    BDI_SUM           -0.663       0.158      0.000      -0.952      -0.340      *

 NA         ON
    ANHEDONIA          0.063       0.077      0.208      -0.085       0.216
    BDI_SUM            0.698       0.121      0.000       0.467       0.944      *

 NA       WITH
    PA                -6.004       6.995      0.187     -20.527       7.135

 Means
    SPA_PA             0.339       0.018      0.000       0.302       0.372      *
    SNA_NA             0.312       0.017      0.000       0.278       0.345      *

 Intercepts
    PA                41.940       0.871      0.000      40.194      43.639      *
    NA                15.758       0.668      0.000      14.465      17.079      *
    SPR_PA             0.117       0.009      0.000       0.099       0.135      *
    SPR_NA            -0.014       0.009      0.063      -0.032       0.004

 Variances
    SPA_PA             0.026       0.005      0.000       0.019       0.037      *
    SNA_NA             0.028       0.005      0.000       0.019       0.039      *

 Residual Variances
    PA                99.823      12.826      0.000      78.590     129.067      *
    NA                59.266       7.922      0.000      45.879      75.788      *
    SPR_PA             0.004       0.001      0.000       0.002       0.007      *
    SPR_NA             0.006       0.001      0.000       0.004       0.009      *


STANDARDIZED MODEL RESULTS


STDYX Standardization

                                Posterior  One-Tailed         95% C.I.
                    Estimate       S.D.      P-Value   Lower 2.5%  Upper 2.5%  Significance

Within-Level Standardized Estimates Averaged Over Clusters

 SPR_PA | PA ON
    PER_CAPIT          0.227       0.015      0.000       0.195       0.253      *

 SPA_PA | PA ON
    PA&1               0.339       0.012      0.000       0.313       0.360      *

 SPR_NA | NA ON
    PER_CAPIT         -0.039       0.016      0.010      -0.070      -0.005      *

 SNA_NA | NA ON
    NA&1               0.312       0.012      0.000       0.290       0.334      *

 NA       WITH
    PA                -0.496       0.009      0.000      -0.512      -0.478      *

 Means
    PER_CAPIT          0.921       0.013      0.000       0.896       0.946      *

 Variances
    PER_CAPIT          1.000       0.000      0.000       1.000       1.000

 Residual Variances
    PA                 0.793       0.009      0.000       0.776       0.811      *
    NA                 0.833       0.009      0.000       0.815       0.849      *

Between Level

 SPR_PA     ON
    ANHEDONIA         -0.208       0.109      0.026      -0.405       0.001
    BDI_SUM            0.231       0.098      0.009       0.036       0.415      *

 SPR_NA     ON
    ANHEDONIA          0.112       0.079      0.072      -0.047       0.272
    BDI_SUM           -0.156       0.075      0.021      -0.298      -0.006      *

 PA         ON
    ANHEDONIA         -0.150       0.058      0.009      -0.259      -0.031      *
    BDI_SUM           -0.252       0.059      0.000      -0.359      -0.131      *

 NA         ON
    ANHEDONIA          0.048       0.059      0.208      -0.064       0.166
    BDI_SUM            0.341       0.056      0.000       0.230       0.445      *

 NA       WITH
    PA                -0.079       0.088      0.187      -0.250       0.093

 Means
    SPA_PA             2.086       0.237      0.000       1.651       2.569      *
    SNA_NA             1.879       0.216      0.000       1.509       2.349      *

 Intercepts
    PA                 3.997       0.248      0.000       3.502       4.501      *
    NA                 1.921       0.138      0.000       1.658       2.193      *
    SPR_PA             1.818       0.371      0.000       1.260       2.754      *
    SPR_NA            -0.171       0.119      0.063      -0.420       0.047

 Variances
    SPA_PA             1.000       0.000      0.000       1.000       1.000
    SNA_NA             1.000       0.000      0.000       1.000       1.000

 Residual Variances
    PA                 0.911       0.030      0.000       0.847       0.961      *
    NA                 0.878       0.037      0.000       0.797       0.942      *
    SPR_PA             0.895       0.070      0.000       0.715       0.984      *
    SPR_NA             0.959       0.033      0.000       0.875       0.996      *


STDY Standardization

                                Posterior  One-Tailed         95% C.I.
                    Estimate       S.D.      P-Value   Lower 2.5%  Upper 2.5%  Significance

Within-Level Standardized Estimates Averaged Over Clusters

 SPR_PA | PA ON
    PER_CAPIT          0.227       0.015      0.000       0.195       0.253      *

 SPA_PA | PA ON
    PA&1               0.025       0.001      0.000       0.023       0.026      *

 SPR_NA | NA ON
    PER_CAPIT         -0.039       0.016      0.010      -0.070      -0.005      *

 SNA_NA | NA ON
    NA&1               0.031       0.001      0.000       0.029       0.034      *

 NA       WITH
    PA                -0.496       0.009      0.000      -0.512      -0.478      *

 Means
    PER_CAPIT          0.921       0.013      0.000       0.896       0.946      *

 Variances
    PER_CAPIT          1.000       0.000      0.000       1.000       1.000

 Residual Variances
    PA                 0.793       0.009      0.000       0.776       0.811      *
    NA                 0.833       0.009      0.000       0.815       0.849      *

Between Level

 SPR_PA     ON
    ANHEDONIA         -0.033       0.017      0.026      -0.064       0.000
    BDI_SUM            0.058       0.025      0.009       0.009       0.104      *

 SPR_NA     ON
    ANHEDONIA          0.018       0.012      0.072      -0.007       0.043
    BDI_SUM           -0.039       0.019      0.021      -0.075      -0.001      *

 PA         ON
    ANHEDONIA         -0.024       0.009      0.009      -0.041      -0.005      *
    BDI_SUM           -0.063       0.015      0.000      -0.090      -0.033      *

 NA         ON
    ANHEDONIA          0.008       0.009      0.208      -0.010       0.026
    BDI_SUM            0.086       0.014      0.000       0.058       0.111      *

 NA       WITH
    PA                -0.079       0.088      0.187      -0.250       0.093

 Means
    SPA_PA             2.086       0.237      0.000       1.651       2.569      *
    SNA_NA             1.879       0.216      0.000       1.509       2.349      *

 Intercepts
    PA                 3.997       0.248      0.000       3.502       4.501      *
    NA                 1.921       0.138      0.000       1.658       2.193      *
    SPR_PA             1.818       0.371      0.000       1.260       2.754      *
    SPR_NA            -0.171       0.119      0.063      -0.420       0.047

 Variances
    SPA_PA             1.000       0.000      0.000       1.000       1.000
    SNA_NA             1.000       0.000      0.000       1.000       1.000

 Residual Variances
    PA                 0.911       0.030      0.000       0.847       0.961      *
    NA                 0.878       0.037      0.000       0.797       0.942      *
    SPR_PA             0.895       0.070      0.000       0.715       0.984      *
    SPR_NA             0.959       0.033      0.000       0.875       0.996      *


STD Standardization

                                Posterior  One-Tailed         95% C.I.
                    Estimate       S.D.      P-Value   Lower 2.5%  Upper 2.5%  Significance

Within-Level Standardized Estimates Averaged Over Clusters

 SPR_PA | PA ON
    PER_CAPIT          0.117       0.008      0.000       0.102       0.132      *

 SPA_PA | PA ON
    PA&1               0.339       0.012      0.000       0.313       0.360      *

 SPR_NA | NA ON
    PER_CAPIT         -0.014       0.006      0.019      -0.026      -0.001      *

 SNA_NA | NA ON
    NA&1               0.312       0.012      0.000       0.290       0.334      *

 NA       WITH
    PA               -50.725       1.360      0.000     -53.437     -48.066      *

 Means
    PER_CAPIT         23.901       0.283      0.000      23.321      24.439      *

 Variances
    PER_CAPIT        672.528      10.036      0.000     652.786     691.777      *

 Residual Variances
    PA               137.812       2.315      0.000     133.460     142.630      *
    NA                76.018       1.235      0.000      73.645      78.545      *

Between Level

 SPR_PA     ON
    ANHEDONIA         -0.033       0.017      0.026      -0.064       0.000
    BDI_SUM            0.058       0.025      0.009       0.009       0.104      *

 SPR_NA     ON
    ANHEDONIA          0.018       0.012      0.072      -0.007       0.043
    BDI_SUM           -0.039       0.019      0.021      -0.075      -0.001      *

 PA         ON
    ANHEDONIA         -0.247       0.098      0.009      -0.438      -0.053      *
    BDI_SUM           -0.663       0.158      0.000      -0.952      -0.340      *

 NA         ON
    ANHEDONIA          0.063       0.077      0.208      -0.085       0.216
    BDI_SUM            0.698       0.121      0.000       0.467       0.944      *

 NA       WITH
    PA                -6.004       6.995      0.187     -20.527       7.135

 Means
    SPA_PA             2.086       0.237      0.000       1.651       2.569      *
    SNA_NA             1.879       0.216      0.000       1.509       2.349      *

 Intercepts
    PA                41.940       0.871      0.000      40.194      43.639      *
    NA                15.758       0.668      0.000      14.465      17.079      *
    SPR_PA             1.818       0.371      0.000       1.260       2.754      *
    SPR_NA            -0.171       0.119      0.063      -0.420       0.047

 Variances
    SPA_PA             1.000       0.000      0.000       1.000       1.000
    SNA_NA             1.000       0.000      0.000       1.000       1.000

 Residual Variances
    PA                99.823      12.826      0.000      78.590     129.067      *
    NA                59.266       7.922      0.000      45.879      75.788      *
    SPR_PA             0.895       0.070      0.000       0.715       0.984      *
    SPR_NA             0.959       0.033      0.000       0.875       0.996      *


R-SQUARE

Within-Level R-Square Averaged Across Clusters

                                Posterior  One-Tailed         95% C.I.
    Variable        Estimate       S.D.      P-Value   Lower 2.5%  Upper 2.5%

    PA                 0.207       0.009      0.000       0.189       0.224
    NA                 0.167       0.009      0.000       0.151       0.185

Between Level

                                Posterior  One-Tailed         95% C.I.
    Variable        Estimate       S.D.      P-Value   Lower 2.5%  Upper 2.5%

    PA                 0.089       0.030      0.000       0.039       0.153
    NA                 0.122       0.037      0.000       0.058       0.203

                                Posterior  One-Tailed         95% C.I.
    Variable        Estimate       S.D.      P-Value   Lower 2.5%  Upper 2.5%

    SPR_PA             0.105       0.070      0.000       0.016       0.285
    SPR_NA             0.041       0.033      0.000       0.004       0.125


CREDIBILITY INTERVALS OF MODEL RESULTS

                  Lower .5%  Lower 2.5%    Lower 5%    Estimate    Upper 5%  Upper 2.5%   Upper .5%

Within Level

 NA       WITH
    PA             -54.365     -53.437     -52.977     -50.725     -48.455     -48.066     -47.340

 Means
    PER_CAPIT       23.135      23.321      23.410      23.901      24.340      24.439      24.585

 Variances
    PER_CAPIT      644.386     652.786     655.633     672.528     688.624     691.777     698.431

 Residual Variances
    PA             132.160     133.460     134.067     137.812     141.744     142.630     143.684
    NA              72.821      73.645      73.986      76.018      78.063      78.545      79.174

Between Level

 SPR_PA   ON
    ANHEDONIA       -0.005      -0.004      -0.004      -0.002       0.000       0.000       0.001
    BDI_SUM          0.000       0.001       0.001       0.004       0.006       0.007       0.008

 SPR_NA   ON
    ANHEDONIA       -0.001      -0.001       0.000       0.001       0.003       0.003       0.004
    BDI_SUM         -0.007      -0.006      -0.006      -0.003      -0.001       0.000       0.001

 PA       ON
    ANHEDONIA       -0.487      -0.438      -0.405      -0.247      -0.090      -0.053       0.018
    BDI_SUM         -1.061      -0.952      -0.910      -0.663      -0.384      -0.340      -0.208

 NA       ON
    ANHEDONIA       -0.143      -0.085      -0.060       0.063       0.192       0.216       0.269
    BDI_SUM          0.398       0.467       0.499       0.698       0.894       0.944       1.018

 NA       WITH
    PA             -25.921     -20.527     -17.944      -6.004       5.232       7.135      10.987

 Means
    SPA_PA           0.291       0.302       0.308       0.339       0.367       0.372       0.382
    SNA_NA           0.268       0.278       0.284       0.312       0.340       0.345       0.357

 Intercepts
    PA              39.526      40.194      40.462      41.940      43.351      43.639      44.094
    NA              14.038      14.465      14.684      15.758      16.894      17.079      17.698
    SPR_PA           0.092       0.099       0.102       0.117       0.132       0.135       0.141
    SPR_NA          -0.037      -0.032      -0.029      -0.014       0.001       0.004       0.011

 Variances
    SPA_PA           0.016       0.019       0.020       0.026       0.035       0.037       0.042
    SNA_NA           0.017       0.019       0.020       0.028       0.037       0.039       0.043

 Residual Variances
    PA              71.742      78.590      81.045      99.823     122.641     129.067     142.335
    NA              42.190      45.879      47.621      59.266      73.307      75.788      81.203
    SPR_PA           0.001       0.002       0.002       0.004       0.006       0.007       0.008
    SPR_NA           0.003       0.004       0.004       0.006       0.009       0.009       0.011


CREDIBILITY INTERVALS OF STANDARDIZED MODEL RESULTS


STDYX Standardization

                  Lower .5%  Lower 2.5%    Lower 5%    Estimate    Upper 5%  Upper 2.5%   Upper .5%

Within Level

 NA       WITH
    PA               0.000      -0.512       0.000      -0.496       0.000      -0.478       0.000

 Means
    PER_CAPIT        0.000       0.896       0.000       0.921       0.000       0.946       0.000

 Variances
    PER_CAPIT        0.000       1.000       0.000       1.000       0.000       1.000       0.000

 Residual Variances
    PA               0.000       0.776       0.000       0.793       0.000       0.811       0.000
    NA               0.000       0.815       0.000       0.833       0.000       0.849       0.000

Between Level

 SPR_PA   ON
    ANHEDONIA       -0.459      -0.405      -0.380      -0.208      -0.027       0.001       0.082
    BDI_SUM         -0.021       0.036       0.066       0.231       0.386       0.415       0.484

 SPR_NA   ON
    ANHEDONIA       -0.094      -0.047      -0.017       0.112       0.241       0.272       0.314
    BDI_SUM         -0.338      -0.298      -0.275      -0.156      -0.029      -0.006       0.047

 PA       ON
    ANHEDONIA       -0.288      -0.259      -0.244      -0.150      -0.054      -0.031       0.011
    BDI_SUM         -0.395      -0.359      -0.343      -0.252      -0.148      -0.131      -0.082

 NA       ON
    ANHEDONIA       -0.098      -0.064      -0.046       0.048       0.147       0.166       0.203
    BDI_SUM          0.191       0.230       0.243       0.341       0.430       0.445       0.476

 NA       WITH
    PA              -0.299      -0.250      -0.224      -0.079       0.066       0.093       0.145

 Means
    SPA_PA           1.545       1.651       1.715       2.086       2.495       2.569       2.784
    SNA_NA           1.381       1.509       1.565       1.879       2.258       2.349       2.532

 Intercepts
    PA               3.359       3.502       3.616       3.997       4.424       4.501       4.654
    NA               1.588       1.658       1.699       1.921       2.147       2.193       2.278
    SPR_PA           1.142       1.260       1.330       1.818       2.528       2.754       3.074
    SPR_NA          -0.527      -0.420      -0.373      -0.171       0.012       0.047       0.120

 Variances
    SPA_PA           1.000       1.000       1.000       1.000       1.000       1.000       1.000
    SNA_NA           1.000       1.000       1.000       1.000       1.000       1.000       1.000

 Residual Variances
    PA               0.820       0.847       0.857       0.911       0.954       0.961       0.975
    NA               0.767       0.797       0.812       0.878       0.934       0.942       0.959
    SPR_PA           0.652       0.715       0.753       0.895       0.976       0.984       0.996
    SPR_NA           0.841       0.875       0.888       0.959       0.993       0.996       0.999


STDY Standardization

                  Lower .5%  Lower 2.5%    Lower 5%    Estimate    Upper 5%  Upper 2.5%   Upper .5%

Within Level

 NA       WITH
    PA               0.000      -0.512       0.000      -0.496       0.000      -0.478       0.000

 Means
    PER_CAPIT        0.000       0.896       0.000       0.921       0.000       0.946       0.000

 Variances
    PER_CAPIT        0.000       1.000       0.000       1.000       0.000       1.000       0.000

 Residual Variances
    PA               0.000       0.776       0.000       0.793       0.000       0.811       0.000
    NA               0.000       0.815       0.000       0.833       0.000       0.849       0.000

Between Level

 SPR_PA   ON
    ANHEDONIA       -0.072      -0.064      -0.060      -0.033      -0.004       0.000       0.013
    BDI_SUM         -0.005       0.009       0.017       0.058       0.097       0.104       0.121

 SPR_NA   ON
    ANHEDONIA       -0.015      -0.007      -0.003       0.018       0.038       0.043       0.050
    BDI_SUM         -0.085      -0.075      -0.069      -0.039      -0.007      -0.001       0.012

 PA       ON
    ANHEDONIA       -0.045      -0.041      -0.038      -0.024      -0.008      -0.005       0.002
    BDI_SUM         -0.099      -0.090      -0.086      -0.063      -0.037      -0.033      -0.021

 NA       ON
    ANHEDONIA       -0.015      -0.010      -0.007       0.008       0.023       0.026       0.032
    BDI_SUM          0.048       0.058       0.061       0.086       0.108       0.111       0.119

 NA       WITH
    PA              -0.299      -0.250      -0.224      -0.079       0.066       0.093       0.145

 Means
    SPA_PA           1.545       1.651       1.715       2.086       2.495       2.569       2.784
    SNA_NA           1.381       1.509       1.565       1.879       2.258       2.349       2.532

 Intercepts
    PA               3.359       3.502       3.616       3.997       4.424       4.501       4.654
    NA               1.588       1.658       1.699       1.921       2.147       2.193       2.278
    SPR_PA           1.142       1.260       1.330       1.818       2.528       2.754       3.074
    SPR_NA          -0.527      -0.420      -0.373      -0.171       0.012       0.047       0.120

 Variances
    SPA_PA           1.000       1.000       1.000       1.000       1.000       1.000       1.000
    SNA_NA           1.000       1.000       1.000       1.000       1.000       1.000       1.000

 Residual Variances
    PA               0.820       0.847       0.857       0.911       0.954       0.961       0.975
    NA               0.767       0.797       0.812       0.878       0.934       0.942       0.959
    SPR_PA           0.652       0.715       0.753       0.895       0.976       0.984       0.996
    SPR_NA           0.841       0.875       0.888       0.959       0.993       0.996       0.999


STD Standardization

                  Lower .5%  Lower 2.5%    Lower 5%    Estimate    Upper 5%  Upper 2.5%   Upper .5%

Within Level

 NA       WITH
    PA               0.000     -53.437       0.000     -50.725       0.000     -48.066       0.000

 Means
    PER_CAPIT        0.000      23.321       0.000      23.901       0.000      24.439       0.000

 Variances
    PER_CAPIT        0.000     652.786       0.000     672.528       0.000     691.777       0.000

 Residual Variances
    PA               0.000     133.460       0.000     137.812       0.000     142.630       0.000
    NA               0.000      73.645       0.000      76.018       0.000      78.545       0.000

Between Level

 SPR_PA   ON
    ANHEDONIA       -0.072      -0.064      -0.060      -0.033      -0.004       0.000       0.013
    BDI_SUM         -0.005       0.009       0.017       0.058       0.097       0.104       0.121

 SPR_NA   ON
    ANHEDONIA       -0.015      -0.007      -0.003       0.018       0.038       0.043       0.050
    BDI_SUM         -0.085      -0.075      -0.069      -0.039      -0.007      -0.001       0.012

 PA       ON
    ANHEDONIA       -0.487      -0.438      -0.405      -0.247      -0.090      -0.053       0.018
    BDI_SUM         -1.061      -0.952      -0.910      -0.663      -0.384      -0.340      -0.208

 NA       ON
    ANHEDONIA       -0.143      -0.085      -0.060       0.063       0.192       0.216       0.269
    BDI_SUM          0.398       0.467       0.499       0.698       0.894       0.944       1.018

 NA       WITH
    PA             -25.921     -20.527     -17.944      -6.004       5.232       7.135      10.987

 Means
    SPA_PA           1.545       1.651       1.715       2.086       2.495       2.569       2.784
    SNA_NA           1.381       1.509       1.565       1.879       2.258       2.349       2.532

 Intercepts
    PA              39.526      40.194      40.462      41.940      43.351      43.639      44.094
    NA              14.038      14.465      14.684      15.758      16.894      17.079      17.698
    SPR_PA           1.142       1.260       1.330       1.818       2.528       2.754       3.074
    SPR_NA          -0.527      -0.420      -0.373      -0.171       0.012       0.047       0.120

 Variances
    SPA_PA           1.000       1.000       1.000       1.000       1.000       1.000       1.000
    SNA_NA           1.000       1.000       1.000       1.000       1.000       1.000       1.000

 Residual Variances
    PA              71.742      78.590      81.045      99.823     122.641     129.067     142.335
    NA              42.190      45.879      47.621      59.266      73.307      75.788      81.203
    SPR_PA           0.652       0.715       0.753       0.895       0.976       0.984       0.996
    SPR_NA           0.841       0.875       0.888       0.959       0.993       0.996       0.999


TECHNICAL 1 OUTPUT


     PARAMETER SPECIFICATION FOR WITHIN


           NU
              PER_CAPI      PA            NA            PA&1          NA&1
              ________      ________      ________      ________      ________
                    0             0             0             0             0


           LAMBDA
              PER_CAPI      PA            NA            PA&1          NA&1
              ________      ________      ________      ________      ________
 PER_CAPI           0             0             0             0             0
 PA                 0             0             0             0             0
 NA                 0             0             0             0             0
 PA&1               0             0             0             0             0
 NA&1               0             0             0             0             0


           THETA
              PER_CAPI      PA            NA            PA&1          NA&1
              ________      ________      ________      ________      ________
 PER_CAPI           0
 PA                 0             0
 NA                 0             0             0
 PA&1               0             0             0             0
 NA&1               0             0             0             0             0


           ALPHA
              PER_CAPI      PA            NA            PA&1          NA&1
              ________      ________      ________      ________      ________
                    1             0             0             0             0


           BETA
              PER_CAPI      PA            NA            PA&1          NA&1
              ________      ________      ________      ________      ________
 PER_CAPI           0             0             0             0             0
 PA                 0             0             0             0             0
 NA                 0             0             0             0             0
 PA&1               0             0             0             0             0
 NA&1               0             0             0             0             0


           PSI
              PER_CAPI      PA            NA            PA&1          NA&1
              ________      ________      ________      ________      ________
 PER_CAPI           2
 PA                 0             3
 NA                 0             4             5
 PA&1               0             0             0             0
 NA&1               0             0             0             0             0


     PARAMETER SPECIFICATION FOR BETWEEN


           NU
              PA            NA            ANHEDONI      BDI_SUM
              ________      ________      ________      ________
                    0             0             0             0


           LAMBDA
              SPR_PA        SPR_NA        SPA_PA        SNA_NA        PA
              ________      ________      ________      ________      ________
 PA                 0             0             0             0             0
 NA                 0             0             0             0             0
 ANHEDONI           0             0             0             0             0
 BDI_SUM            0             0             0             0             0


           LAMBDA
              NA            ANHEDONI      BDI_SUM
              ________      ________      ________
 PA                 0             0             0
 NA                 0             0             0
 ANHEDONI           0             0             0
 BDI_SUM            0             0             0


           THETA
              PA            NA            ANHEDONI      BDI_SUM
              ________      ________      ________      ________
 PA                 0
 NA                 0             0
 ANHEDONI           0             0             0
 BDI_SUM            0             0             0             0


           ALPHA
              SPR_PA        SPR_NA        SPA_PA        SNA_NA        PA
              ________      ________      ________      ________      ________
                    6             7             8             9            10


           ALPHA
              NA            ANHEDONI      BDI_SUM
              ________      ________      ________
                   11             0             0


           BETA
              SPR_PA        SPR_NA        SPA_PA        SNA_NA        PA
              ________      ________      ________      ________      ________
 SPR_PA             0             0             0             0             0
 SPR_NA             0             0             0             0             0
 SPA_PA             0             0             0             0             0
 SNA_NA             0             0             0             0             0
 PA                 0             0             0             0             0
 NA                 0             0             0             0             0
 ANHEDONI           0             0             0             0             0
 BDI_SUM            0             0             0             0             0


           BETA
              NA            ANHEDONI      BDI_SUM
              ________      ________      ________
 SPR_PA             0            12            13
 SPR_NA             0            14            15
 SPA_PA             0             0             0
 SNA_NA             0             0             0
 PA                 0            16            17
 NA                 0            18            19
 ANHEDONI           0             0             0
 BDI_SUM            0             0             0


           PSI
              SPR_PA        SPR_NA        SPA_PA        SNA_NA        PA
              ________      ________      ________      ________      ________
 SPR_PA            20
 SPR_NA             0            21
 SPA_PA             0             0            22
 SNA_NA             0             0             0            23
 PA                 0             0             0             0            24
 NA                 0             0             0             0            25
 ANHEDONI           0             0             0             0             0
 BDI_SUM            0             0             0             0             0


           PSI
              NA            ANHEDONI      BDI_SUM
              ________      ________      ________
 NA                26
 ANHEDONI           0             0
 BDI_SUM            0             0             0


     STARTING VALUES FOR WITHIN


           NU
              PER_CAPI      PA            NA            PA&1          NA&1
              ________      ________      ________      ________      ________
                0.000         0.000         0.000         0.000         0.000


           LAMBDA
              PER_CAPI      PA            NA            PA&1          NA&1
              ________      ________      ________      ________      ________
 PER_CAPI       1.000         0.000         0.000         0.000         0.000
 PA             0.000         1.000         0.000         0.000         0.000
 NA             0.000         0.000         1.000         0.000         0.000
 PA&1           0.000         0.000         0.000         1.000         0.000
 NA&1           0.000         0.000         0.000         0.000         1.000


           THETA
              PER_CAPI      PA            NA            PA&1          NA&1
              ________      ________      ________      ________      ________
 PER_CAPI       0.000
 PA             0.000         0.000
 NA             0.000         0.000         0.000
 PA&1           0.000         0.000         0.000         0.000
 NA&1           0.000         0.000         0.000         0.000         0.000


           ALPHA
              PER_CAPI      PA            NA            PA&1          NA&1
              ________      ________      ________      ________      ________
                0.000         0.000         0.000         0.000         0.000


           BETA
              PER_CAPI      PA            NA            PA&1          NA&1
              ________      ________      ________      ________      ________
 PER_CAPI       0.000         0.000         0.000         0.000         0.000
 PA             0.000         0.000         0.000         0.000         0.000
 NA             0.000         0.000         0.000         0.000         0.000
 PA&1           0.000         0.000         0.000         0.000         0.000
 NA&1           0.000         0.000         0.000         0.000         0.000


           PSI
              PER_CAPI      PA            NA            PA&1          NA&1
              ________      ________      ________      ________      ________
 PER_CAPI     335.068
 PA             0.000       150.803
 NA             0.000         0.000        82.455
 PA&1           0.000         0.000         0.000       150.883
 NA&1           0.000         0.000         0.000         0.000        82.346


     STARTING VALUES FOR BETWEEN


           NU
              PA            NA            ANHEDONI      BDI_SUM
              ________      ________      ________      ________
                0.000         0.000         0.000         0.000


           LAMBDA
              SPR_PA        SPR_NA        SPA_PA        SNA_NA        PA
              ________      ________      ________      ________      ________
 PA             0.000         0.000         0.000         0.000         1.000
 NA             0.000         0.000         0.000         0.000         0.000
 ANHEDONI       0.000         0.000         0.000         0.000         0.000
 BDI_SUM        0.000         0.000         0.000         0.000         0.000


           LAMBDA
              NA            ANHEDONI      BDI_SUM
              ________      ________      ________
 PA             0.000         0.000         0.000
 NA             1.000         0.000         0.000
 ANHEDONI       0.000         1.000         0.000
 BDI_SUM        0.000         0.000         1.000


           THETA
              PA            NA            ANHEDONI      BDI_SUM
              ________      ________      ________      ________
 PA             0.000
 NA             0.000         0.000
 ANHEDONI       0.000         0.000         0.000
 BDI_SUM        0.000         0.000         0.000         0.000


           ALPHA
              SPR_PA        SPR_NA        SPA_PA        SNA_NA        PA
              ________      ________      ________      ________      ________
                0.000         0.000         0.000         0.000        46.752


           ALPHA
              NA            ANHEDONI      BDI_SUM
              ________      ________      ________
               14.975         0.000         0.000


           BETA
              SPR_PA        SPR_NA        SPA_PA        SNA_NA        PA
              ________      ________      ________      ________      ________
 SPR_PA         0.000         0.000         0.000         0.000         0.000
 SPR_NA         0.000         0.000         0.000         0.000         0.000
 SPA_PA         0.000         0.000         0.000         0.000         0.000
 SNA_NA         0.000         0.000         0.000         0.000         0.000
 PA             0.000         0.000         0.000         0.000         0.000
 NA             0.000         0.000         0.000         0.000         0.000
 ANHEDONI       0.000         0.000         0.000         0.000         0.000
 BDI_SUM        0.000         0.000         0.000         0.000         0.000


           BETA
              NA            ANHEDONI      BDI_SUM
              ________      ________      ________
 SPR_PA         0.000         0.000         0.000
 SPR_NA         0.000         0.000         0.000
 SPA_PA         0.000         0.000         0.000
 SNA_NA         0.000         0.000         0.000
 PA             0.000         0.000         0.000
 NA             0.000         0.000         0.000
 ANHEDONI       0.000         0.000         0.000
 BDI_SUM        0.000         0.000         0.000


           PSI
              SPR_PA        SPR_NA        SPA_PA        SNA_NA        PA
              ________      ________      ________      ________      ________
 SPR_PA         1.000
 SPR_NA         0.000         1.000
 SPA_PA         0.000         0.000         1.000
 SNA_NA         0.000         0.000         0.000         1.000
 PA             0.000         0.000         0.000         0.000       150.803
 NA             0.000         0.000         0.000         0.000         0.000
 ANHEDONI       0.000         0.000         0.000         0.000         0.000
 BDI_SUM        0.000         0.000         0.000         0.000         0.000


           PSI
              NA            ANHEDONI      BDI_SUM
              ________      ________      ________
 NA            82.455
 ANHEDONI       0.000        40.163
 BDI_SUM        0.000         0.000        15.903



     PRIORS FOR ALL PARAMETERS            PRIOR MEAN      PRIOR VARIANCE     PRIOR STD. DEV.

     Parameter 1~N(0.000,infinity)           0.0000            infinity            infinity
     Parameter 2~IG(-1.000,0.000)          infinity            infinity            infinity
     Parameter 3~IW(0.000,-3)              infinity            infinity            infinity
     Parameter 4~IW(0.000,-3)              infinity            infinity            infinity
     Parameter 5~IW(0.000,-3)              infinity            infinity            infinity
     Parameter 6~N(0.000,infinity)           0.0000            infinity            infinity
     Parameter 7~N(0.000,infinity)           0.0000            infinity            infinity
     Parameter 8~N(0.000,infinity)           0.0000            infinity            infinity
     Parameter 9~N(0.000,infinity)           0.0000            infinity            infinity
     Parameter 10~N(0.000,infinity)          0.0000            infinity            infinity
     Parameter 11~N(0.000,infinity)          0.0000            infinity            infinity
     Parameter 12~N(0.000,infinity)          0.0000            infinity            infinity
     Parameter 13~N(0.000,infinity)          0.0000            infinity            infinity
     Parameter 14~N(0.000,infinity)          0.0000            infinity            infinity
     Parameter 15~N(0.000,infinity)          0.0000            infinity            infinity
     Parameter 16~N(0.000,infinity)          0.0000            infinity            infinity
     Parameter 17~N(0.000,infinity)          0.0000            infinity            infinity
     Parameter 18~N(0.000,infinity)          0.0000            infinity            infinity
     Parameter 19~N(0.000,infinity)          0.0000            infinity            infinity
     Parameter 20~IG(-1.000,0.000)         infinity            infinity            infinity
     Parameter 21~IG(-1.000,0.000)         infinity            infinity            infinity
     Parameter 22~IG(-1.000,0.000)         infinity            infinity            infinity
     Parameter 23~IG(-1.000,0.000)         infinity            infinity            infinity
     Parameter 24~IW(0.000,-3)             infinity            infinity            infinity
     Parameter 25~IW(0.000,-3)             infinity            infinity            infinity
     Parameter 26~IW(0.000,-3)             infinity            infinity            infinity


TECHNICAL 8 OUTPUT


   TECHNICAL 8 OUTPUT FOR BAYES ESTIMATION

     PROCESSOR    BSEED
     1            0
     2            285380
     3            253358
     4            93468
     5            608496
     6            903420
     7            195873
     8            462953
     9            939021
     10           127215
     11           415931
     12           533738
     13           107446
     14           399671
     15           650371
     16           27071

                     POTENTIAL       PARAMETER WITH
     ITERATION    SCALE REDUCTION      HIGHEST PSR
     100              1.099               20
     200              1.039               19
     300              1.054               18
     400              1.075               6
     500              1.008               8
     600              1.022               8
     700              1.033               8
     800              1.039               8
     900              1.027               8
     1000             1.039               8
     1100             1.025               8
     1200             1.022               8
     1300             1.013               8
     1400             1.005               10
     1500             1.004               5
     1600             1.005               5
     1700             1.004               5
     1800             1.005               6
     1900             1.006               7
     2000             1.007               7


PLOT INFORMATION

The following plots are available:

  Histograms (sample values)
  Scatterplots (sample values)
  Between-level histograms (sample values, sample means/variances)
  Between-level scatterplots (sample values, sample means/variances)
  Time series plots (sample values, ACF, PACF)
  Histogram of subjects per time point
  Time interval plots
  Bayesian posterior parameter distributions
  Bayesian posterior parameter trace plots
  Bayesian autocorrelation plots

     Beginning Time:  05:22:21
        Ending Time:  05:23:54
       Elapsed Time:  00:01:33



MUTHEN & MUTHEN
3463 Stoner Ave.
Los Angeles, CA  90066

Tel: (310) 391-9971
Fax: (310) 391-8971
Web: www.StatModel.com
Support: Support@StatModel.com

Copyright (c) 1998-2022 Muthen & Muthen
