Mplus VERSION 8.8
MUTHEN & MUTHEN
07/14/2023   1:00 AM

INPUT INSTRUCTIONS


  DATA:
  FILE IS data1.dat;

  VARIABLE:   NAMES =
  	    Eth_ID Time Time_between Time_inc
  	    PA_enth NA_irri NA_verv PA_tevr PA_ener
       	    PA_kalm NA_nerv PA_daadk NA_verdr
  	    PA_vrol NA_boos PA_dankb NA_somb PER_att
      	    PER_refl PER_self PER_expr PER_damp
  	    PER_codamp PER_capit Sample age_yr gesl BDI
      	    Measures_valid BDI_anh Anhedonia
   	    BDI_sum PA NA day compliance;

              USEVARIABLES are PER_capit PA NA Anhedonia BDI_sum ;
              MISSING is .;
              within = PER_capit;
              between = Anhedonia BDI_sum;
              cluster = Eth_ID;
              lagged= PA NA(1);
              tinterval=Time_inc (150);


  DEFINE:     CENTER Anhedonia BDI_sum (grandmean);

  ANALYSIS:   type = twolevel random;
              estimator = Bayes;
              biterations=(2000);
              bconvergence=0.005;
              thin=2;
              PROCESSORS=16;
  MODEL:
  %WITHIN%
  sPR_PA | PA on PER_capit;
  sPR_NA | NA on PER_capit;
  sPA_PA | PA on PA&1;
  sNA_NA | NA on NA&1;
  [PER_capit];


  %between%
  sPR_PA sPR_NA on Anhedonia BDI_sum ;
  PA NA on Anhedonia BDI_sum ;


  OUTPUT: standardized tech1 tech8 cinterval patterns;
  PLOT: TYPE = PLOT3;



*** WARNING in VARIABLE command
  Note that only the first 8 characters of variable names are used in the output.
  Shorten variable names to avoid any confusion.
*** WARNING in PLOT command
  Note that only the first 8 characters of variable names are used in plots.
  If variable names are not unique within the first 8 characters, problems
  may occur.
*** WARNING
  One or more individual-level variables have no variation within a
  cluster for the following clusters.

     Variable   Cluster IDs with no within-cluster variation

      PER_CAPI    165 127 73 177

*** WARNING
  Data set contains cases with missing on all variables.  Cases that appeared before the first
  case with observed data and that appeared after the last case with observed data were not
  included in the analysis.  Number of deleted cases:  1504
   4 WARNING(S) FOUND IN THE INPUT INSTRUCTIONS




SUMMARY OF ANALYSIS

Number of groups                                                 1
Number of observations                                       22812

Number of dependent variables                                    2
Number of independent variables                                  5
Number of continuous latent variables                            4

Observed dependent variables

  Continuous
   PA          NA

Observed independent variables
   PER_CAPI    ANHEDONI    BDI_SUM     PA&1        NA&1

Continuous latent variables
   SPR_PA      SPR_NA      SPA_PA      SNA_NA

Variables with special functions

  Cluster variable      ETH_ID

  Within variables
   PER_CAPI    PA&1        NA&1

  Between variables
   ANHEDONI    BDI_SUM

  Centering (GRANDMEAN)
   ANHEDONI    BDI_SUM


Estimator                                                    BAYES
Specifications for Bayesian Estimation
  Point estimate                                            MEDIAN
  Number of Markov chain Monte Carlo (MCMC) chains               2
  Random seed for the first chain                                0
  Starting value information                           UNPERTURBED
  Algorithm used for Markov chain Monte Carlo           GIBBS(PX1)
  Convergence criterion                                  0.500D-02
  Maximum number of iterations                               50000
  K-th iteration used for thinning                               2

Input data file(s)
  data1.dat
Input data format  FREE


SUMMARY OF DATA

     Number of clusters                        200

       Size (s)    Cluster ID with Size s

          1        129
          9        81
         11        128
         12        99
         13        64 150
         14        47 23 158
         19        169
         21        160
         22        175
         30        83
         33        8
         41        58
         43        41 199
         48        85 12
         51        17
         53        152
         56        28
         58        33
         67        121
         69        136
         80        82
         84        87
         88        72
         89        143
         91        140
         96        113
         97        34
        100        157 134
        101        10
        103        164
        105        52
        106        154
        107        101
        108        119
        109        90
        111        36
        113        182
        115        91 131 89
        116        188 15 75 77 78
        117        11
        118        195 57 49 16 66
        119        197 48 92 38 71 163 149 186 106 50
        120        148 108 61 98 55 165 7 192 168
        121        189
        122        174
        123        127
        124        184 161 117 51 103
        125        100 68 105 40 53 13 93 88 54 112 123 73 30 44
        126        120 102 173 76 107 109 111 80 65 172
        127        32 126 25 115 46 67 193 110 178 130 118 198 104 86 177
                   133 70 147 139 62
        128        196 156 180 18 59 5 153 96 43
        129        146 125 135 185 116 187 144 137 39 69 141 3 190
        130        138 14 166 97
        133        191
        134        2
        135        60 183 194 200 63 201
        136        122 56 26
        137        9 22 19 42 155 95 4
        138        29 94 132
        139        37 74 21 84 114 79 145 45 35
        142        27
        143        179
        144        171 170 24
        145        162 1 124 20
        146        6 151 167
        147        142 31
        148        176 159



SUMMARY OF MISSING DATA PATTERNS

     Number of missing data patterns            14


     MISSING DATA PATTERNS (x = not missing)

           1  2  3  4  5  6  7  8  9 10 11 12 13 14
 PER_CAPI  x  x              x  x           x     x
 PA        x  x        x  x        x     x  x     x
 NA        x  x        x  x                 x  x  x
 PA&1      x     x     x        x  x  x     x
 NA&1      x     x     x        x  x              x
 ANHEDONI  x  x  x  x  x  x  x  x  x  x  x  x  x  x
 BDI_SUM   x  x  x  x  x  x  x  x  x  x  x  x  x  x


     MISSING DATA PATTERN FREQUENCIES

    Pattern   Frequency     Pattern   Frequency     Pattern   Frequency
          1        5014           6          85          11           4
          2        3506           7           2          12           5
          3        3393           8           3          13           1
          4       10730           9           2          14           1
          5          65          10           1


COVARIANCE COVERAGE OF DATA

Minimum covariance coverage value   0.100


     PROPORTION OF DATA PRESENT


           Covariance Coverage
              PER_CAPI      PA            NA            ANHEDONI      BDI_SUM
              ________      ________      ________      ________      ________
 PER_CAPI       0.374
 PA             0.374         0.381
 NA             0.374         0.380         0.380
 ANHEDONI       0.374         0.381         0.380         1.000
 BDI_SUM        0.374         0.381         0.380         1.000         1.000



UNIVARIATE SAMPLE STATISTICS


     UNIVARIATE HIGHER-ORDER MOMENT DESCRIPTIVE STATISTICS

         Variable/         Mean/     Skewness/   Minimum/ % with                Percentiles
        Sample Size      Variance    Kurtosis    Maximum  Min/Max      20%/60%    40%/80%    Median

     PER_CAPIT            24.233       0.982       0.000   16.25%       3.000      8.000     11.000
            8531.000     672.756      -0.194     100.000    1.00%      20.000     51.000
     PA                   45.712      -0.024       0.000    0.28%      31.000     41.714     46.143
            8682.000     302.283      -0.228     100.000    0.07%      50.429     60.429
     NA                   15.187       1.394       0.000    6.91%       5.167      9.333     11.667
            8677.000     166.739       1.923      80.667    0.01%      14.500     23.333
     ANHEDONIA             0.000       0.577     -17.906    0.50%      -7.529     -2.635     -0.893
             200.000      74.400       0.657      30.440    0.50%       1.646      6.282
     BDI_SUM               0.000       1.052      -8.485    4.50%      -4.485     -3.485     -1.485
             200.000      37.640       1.419      27.515    0.50%       0.515      4.515


     WARNING: PROBLEMS OCCURRED IN SEVERAL ITERATIONS IN THE COMPUTATION OF THE STANDARDIZED ESTIMATES FOR SEVERAL
     CLUSTERS. THIS IS MOST LIKELY DUE TO AR COEFFICIENTS GREATER THAN 1 OR PARAMETERS GIVING NON-STATIONARY MODELS.
     SUCH POSTERIOR DRAWS ARE REMOVED. THE FOLLOWING CLUSTERS HAD SUCH PROBLEMS:
          33

THE MODEL ESTIMATION TERMINATED NORMALLY

     USE THE FBITERATIONS OPTION TO INCREASE THE NUMBER OF ITERATIONS BY A FACTOR
     OF AT LEAST TWO TO CHECK CONVERGENCE AND THAT THE PSR VALUE DOES NOT INCREASE.



MODEL FIT INFORMATION

Number of Free Parameters                              26

Information Criteria

          Deviance (DIC)                       588106.502
          Estimated Number of Parameters (pD)   40900.837



MODEL RESULTS

                                Posterior  One-Tailed         95% C.I.
                    Estimate       S.D.      P-Value   Lower 2.5%  Upper 2.5%  Significance

Within Level

 NA       WITH
    PA               -50.052       1.311      0.000     -52.641     -47.475      *

 Means
    PER_CAPIT         24.183       0.282      0.000      23.637      24.735      *

 Variances
    PER_CAPIT        674.996      10.525      0.000     654.529     694.940      *

 Residual Variances
    PA               132.522       2.197      0.000     128.247     136.930      *
    NA                77.669       1.241      0.000      75.303      80.185      *

Between Level

 SPR_PA     ON
    ANHEDONIA         -0.002       0.001      0.026      -0.004       0.000
    BDI_SUM            0.004       0.001      0.006       0.001       0.007      *

 SPR_NA     ON
    ANHEDONIA          0.001       0.001      0.068       0.000       0.003
    BDI_SUM           -0.002       0.001      0.052      -0.005       0.001

 PA         ON
    ANHEDONIA         -0.248       0.090      0.002      -0.424      -0.080      *
    BDI_SUM           -0.594       0.134      0.000      -0.850      -0.323      *

 NA         ON
    ANHEDONIA          0.037       0.069      0.280      -0.098       0.174
    BDI_SUM            0.662       0.100      0.000       0.469       0.857      *

 NA       WITH
    PA                -3.170       6.203      0.307     -15.646       8.720

 Means
    SPA_PA             0.350       0.017      0.000       0.315       0.383      *
    SNA_NA             0.312       0.018      0.000       0.275       0.346      *

 Intercepts
    PA                40.694       0.795      0.000      39.166      42.300      *
    NA                16.211       0.610      0.000      15.050      17.465      *
    SPR_PA             0.126       0.008      0.000       0.110       0.143      *
    SPR_NA            -0.009       0.008      0.136      -0.025       0.007

 Variances
    SPA_PA             0.027       0.005      0.000       0.019       0.038      *
    SNA_NA             0.030       0.006      0.000       0.021       0.043      *

 Residual Variances
    PA                99.922      11.850      0.000      80.675     127.393      *
    NA                56.321       6.869      0.000      45.147      71.611      *
    SPR_PA             0.004       0.001      0.000       0.002       0.007      *
    SPR_NA             0.006       0.001      0.000       0.004       0.009      *


STANDARDIZED MODEL RESULTS


STDYX Standardization

                                Posterior  One-Tailed         95% C.I.
                    Estimate       S.D.      P-Value   Lower 2.5%  Upper 2.5%  Significance

Within-Level Standardized Estimates Averaged Over Clusters

 SPR_PA | PA ON
    PER_CAPIT          0.244       0.014      0.000       0.218       0.271      *

 SPA_PA | PA ON
    PA&1               0.350       0.012      0.000       0.326       0.374      *

 SPR_NA | NA ON
    PER_CAPIT         -0.023       0.015      0.052      -0.055       0.007

 SNA_NA | NA ON
    NA&1               0.310       0.013      0.000       0.284       0.336      *

 NA       WITH
    PA                -0.493       0.009      0.000      -0.510      -0.476      *

 Means
    PER_CAPIT          0.931       0.013      0.000       0.905       0.957      *

 Variances
    PER_CAPIT          1.000       0.000      0.000       1.000       1.000

 Residual Variances
    PA                 0.774       0.010      0.000       0.756       0.793      *
    NA                 0.832       0.009      0.000       0.814       0.849      *

Between Level

 SPR_PA     ON
    ANHEDONIA         -0.187       0.096      0.026      -0.378       0.002
    BDI_SUM            0.248       0.093      0.006       0.061       0.420      *

 SPR_NA     ON
    ANHEDONIA          0.114       0.076      0.068      -0.032       0.263
    BDI_SUM           -0.125       0.073      0.052      -0.258       0.029

 PA         ON
    ANHEDONIA         -0.149       0.054      0.002      -0.256      -0.047      *
    BDI_SUM           -0.243       0.053      0.000      -0.341      -0.135      *

 NA         ON
    ANHEDONIA          0.029       0.053      0.280      -0.075       0.134
    BDI_SUM            0.352       0.051      0.000       0.248       0.449      *

 NA       WITH
    PA                -0.043       0.081      0.307      -0.200       0.115

 Means
    SPA_PA             2.133       0.239      0.000       1.704       2.628      *
    SNA_NA             1.789       0.211      0.000       1.417       2.241      *

 Intercepts
    PA                 3.889       0.228      0.000       3.448       4.340      *
    NA                 2.015       0.128      0.000       1.766       2.273      *
    SPR_PA             1.904       0.306      0.000       1.405       2.608      *
    SPR_NA            -0.109       0.104      0.136      -0.319       0.087

 Variances
    SPA_PA             1.000       0.000      0.000       1.000       1.000
    SNA_NA             1.000       0.000      0.000       1.000       1.000

 Residual Variances
    PA                 0.915       0.028      0.000       0.856       0.964      *
    NA                 0.873       0.035      0.000       0.795       0.934      *
    SPR_PA             0.896       0.065      0.000       0.738       0.984      *
    SPR_NA             0.966       0.029      0.000       0.892       0.998      *


STDY Standardization

                                Posterior  One-Tailed         95% C.I.
                    Estimate       S.D.      P-Value   Lower 2.5%  Upper 2.5%  Significance

Within-Level Standardized Estimates Averaged Over Clusters

 SPR_PA | PA ON
    PER_CAPIT          0.244       0.014      0.000       0.218       0.271      *

 SPA_PA | PA ON
    PA&1               0.026       0.001      0.000       0.024       0.028      *

 SPR_NA | NA ON
    PER_CAPIT         -0.023       0.015      0.052      -0.055       0.007

 SNA_NA | NA ON
    NA&1               0.031       0.001      0.000       0.028       0.033      *

 NA       WITH
    PA                -0.493       0.009      0.000      -0.510      -0.476      *

 Means
    PER_CAPIT          0.931       0.013      0.000       0.905       0.957      *

 Variances
    PER_CAPIT          1.000       0.000      0.000       1.000       1.000

 Residual Variances
    PA                 0.774       0.010      0.000       0.756       0.793      *
    NA                 0.832       0.009      0.000       0.814       0.849      *

Between Level

 SPR_PA     ON
    ANHEDONIA         -0.030       0.015      0.026      -0.060       0.000
    BDI_SUM            0.058       0.022      0.006       0.014       0.098      *

 SPR_NA     ON
    ANHEDONIA          0.018       0.012      0.068      -0.005       0.042
    BDI_SUM           -0.029       0.017      0.052      -0.060       0.007

 PA         ON
    ANHEDONIA         -0.024       0.009      0.002      -0.041      -0.007      *
    BDI_SUM           -0.057       0.012      0.000      -0.080      -0.031      *

 NA         ON
    ANHEDONIA          0.005       0.008      0.280      -0.012       0.021
    BDI_SUM            0.082       0.012      0.000       0.058       0.105      *

 NA       WITH
    PA                -0.043       0.081      0.307      -0.200       0.115

 Means
    SPA_PA             2.133       0.239      0.000       1.704       2.628      *
    SNA_NA             1.789       0.211      0.000       1.417       2.241      *

 Intercepts
    PA                 3.889       0.228      0.000       3.448       4.340      *
    NA                 2.015       0.128      0.000       1.766       2.273      *
    SPR_PA             1.904       0.306      0.000       1.405       2.608      *
    SPR_NA            -0.109       0.104      0.136      -0.319       0.087

 Variances
    SPA_PA             1.000       0.000      0.000       1.000       1.000
    SNA_NA             1.000       0.000      0.000       1.000       1.000

 Residual Variances
    PA                 0.915       0.028      0.000       0.856       0.964      *
    NA                 0.873       0.035      0.000       0.795       0.934      *
    SPR_PA             0.896       0.065      0.000       0.738       0.984      *
    SPR_NA             0.966       0.029      0.000       0.892       0.998      *


STD Standardization

                                Posterior  One-Tailed         95% C.I.
                    Estimate       S.D.      P-Value   Lower 2.5%  Upper 2.5%  Significance

Within-Level Standardized Estimates Averaged Over Clusters

 SPR_PA | PA ON
    PER_CAPIT          0.126       0.007      0.000       0.112       0.140      *

 SPA_PA | PA ON
    PA&1               0.350       0.012      0.000       0.326       0.374      *

 SPR_NA | NA ON
    PER_CAPIT         -0.008       0.006      0.078      -0.020       0.004

 SNA_NA | NA ON
    NA&1               0.310       0.013      0.000       0.284       0.336      *

 NA       WITH
    PA               -50.052       1.306      0.000     -52.706     -47.503      *

 Means
    PER_CAPIT         24.185       0.283      0.000      23.638      24.739      *

 Variances
    PER_CAPIT        674.917      10.596      0.000     654.630     695.224      *

 Residual Variances
    PA               132.482       2.194      0.000     128.298     136.902      *
    NA                77.667       1.252      0.000      75.213      80.192      *

Between Level

 SPR_PA     ON
    ANHEDONIA         -0.030       0.015      0.026      -0.060       0.000
    BDI_SUM            0.058       0.022      0.006       0.014       0.098      *

 SPR_NA     ON
    ANHEDONIA          0.018       0.012      0.068      -0.005       0.042
    BDI_SUM           -0.029       0.017      0.052      -0.060       0.007

 PA         ON
    ANHEDONIA         -0.248       0.090      0.002      -0.424      -0.080      *
    BDI_SUM           -0.594       0.134      0.000      -0.850      -0.323      *

 NA         ON
    ANHEDONIA          0.037       0.069      0.280      -0.098       0.174
    BDI_SUM            0.662       0.100      0.000       0.469       0.857      *

 NA       WITH
    PA                -3.170       6.203      0.307     -15.646       8.720

 Means
    SPA_PA             2.133       0.239      0.000       1.704       2.628      *
    SNA_NA             1.789       0.211      0.000       1.417       2.241      *

 Intercepts
    PA                40.694       0.795      0.000      39.166      42.300      *
    NA                16.211       0.610      0.000      15.050      17.465      *
    SPR_PA             1.904       0.306      0.000       1.405       2.608      *
    SPR_NA            -0.109       0.104      0.136      -0.319       0.087

 Variances
    SPA_PA             1.000       0.000      0.000       1.000       1.000
    SNA_NA             1.000       0.000      0.000       1.000       1.000

 Residual Variances
    PA                99.922      11.850      0.000      80.675     127.393      *
    NA                56.321       6.869      0.000      45.147      71.611      *
    SPR_PA             0.896       0.065      0.000       0.738       0.984      *
    SPR_NA             0.966       0.029      0.000       0.892       0.998      *


R-SQUARE

Within-Level R-Square Averaged Across Clusters

                                Posterior  One-Tailed         95% C.I.
    Variable        Estimate       S.D.      P-Value   Lower 2.5%  Upper 2.5%

    PA                 0.226       0.010      0.000       0.207       0.244
    NA                 0.168       0.009      0.000       0.151       0.186

Between Level

                                Posterior  One-Tailed         95% C.I.
    Variable        Estimate       S.D.      P-Value   Lower 2.5%  Upper 2.5%

    PA                 0.085       0.028      0.000       0.036       0.144
    NA                 0.127       0.035      0.000       0.066       0.205

                                Posterior  One-Tailed         95% C.I.
    Variable        Estimate       S.D.      P-Value   Lower 2.5%  Upper 2.5%

    SPR_PA             0.104       0.065      0.000       0.016       0.262
    SPR_NA             0.034       0.029      0.000       0.002       0.108


CREDIBILITY INTERVALS OF MODEL RESULTS

                  Lower .5%  Lower 2.5%    Lower 5%    Estimate    Upper 5%  Upper 2.5%   Upper .5%

Within Level

 NA       WITH
    PA             -53.463     -52.641     -52.237     -50.052     -47.901     -47.475     -46.750

 Means
    PER_CAPIT       23.476      23.637      23.728      24.183      24.647      24.735      24.921

 Variances
    PER_CAPIT      647.731     654.529     657.778     674.996     692.146     694.940     702.838

 Residual Variances
    PA             126.905     128.247     128.893     132.522     136.187     136.930     138.234
    NA              74.590      75.303      75.621      77.669      79.730      80.185      80.939

Between Level

 SPR_PA   ON
    ANHEDONIA       -0.004      -0.004      -0.004      -0.002       0.000       0.000       0.001
    BDI_SUM          0.000       0.001       0.001       0.004       0.006       0.007       0.008

 SPR_NA   ON
    ANHEDONIA       -0.001       0.000       0.000       0.001       0.003       0.003       0.004
    BDI_SUM         -0.006      -0.005      -0.005      -0.002       0.000       0.001       0.001

 PA       ON
    ANHEDONIA       -0.488      -0.424      -0.401      -0.248      -0.101      -0.080      -0.025
    BDI_SUM         -0.947      -0.850      -0.807      -0.594      -0.371      -0.323      -0.238

 NA       ON
    ANHEDONIA       -0.139      -0.098      -0.075       0.037       0.150       0.174       0.219
    BDI_SUM          0.414       0.469       0.497       0.662       0.822       0.857       0.920

 NA       WITH
    PA             -19.221     -15.646     -13.744      -3.170       6.965       8.720      11.468

 Means
    SPA_PA           0.305       0.315       0.321       0.350       0.379       0.383       0.393
    SNA_NA           0.263       0.275       0.280       0.312       0.340       0.346       0.355

 Intercepts
    PA              38.668      39.166      39.415      40.694      42.019      42.300      42.807
    NA              14.679      15.050      15.210      16.211      17.231      17.465      17.835
    SPR_PA           0.107       0.110       0.113       0.126       0.140       0.143       0.150
    SPR_NA          -0.030      -0.025      -0.023      -0.009       0.005       0.007       0.012

 Variances
    SPA_PA           0.017       0.019       0.020       0.027       0.036       0.038       0.041
    SNA_NA           0.019       0.021       0.022       0.030       0.040       0.043       0.048

 Residual Variances
    PA              75.445      80.675      83.188      99.922     122.244     127.393     135.462
    NA              42.105      45.147      46.646      56.321      69.150      71.611      76.765
    SPR_PA           0.002       0.002       0.002       0.004       0.006       0.007       0.008
    SPR_NA           0.004       0.004       0.005       0.006       0.009       0.009       0.010


CREDIBILITY INTERVALS OF STANDARDIZED MODEL RESULTS


STDYX Standardization

                  Lower .5%  Lower 2.5%    Lower 5%    Estimate    Upper 5%  Upper 2.5%   Upper .5%

Within Level

 NA       WITH
    PA               0.000      -0.510       0.000      -0.493       0.000      -0.476       0.000

 Means
    PER_CAPIT        0.000       0.905       0.000       0.931       0.000       0.957       0.000

 Variances
    PER_CAPIT        0.000       1.000       0.000       1.000       0.000       1.000       0.000

 Residual Variances
    PA               0.000       0.756       0.000       0.774       0.000       0.793       0.000
    NA               0.000       0.814       0.000       0.832       0.000       0.849       0.000

Between Level

 SPR_PA   ON
    ANHEDONIA       -0.453      -0.378      -0.345      -0.187      -0.030       0.002       0.055
    BDI_SUM         -0.009       0.061       0.091       0.248       0.394       0.420       0.479

 SPR_NA   ON
    ANHEDONIA       -0.091      -0.032      -0.010       0.114       0.237       0.263       0.318
    BDI_SUM         -0.306      -0.258      -0.239      -0.125       0.001       0.029       0.068

 PA       ON
    ANHEDONIA       -0.285      -0.256      -0.237      -0.149      -0.061      -0.047      -0.015
    BDI_SUM         -0.374      -0.341      -0.326      -0.243      -0.151      -0.135      -0.100

 NA       ON
    ANHEDONIA       -0.106      -0.075      -0.058       0.029       0.117       0.134       0.169
    BDI_SUM          0.220       0.248       0.264       0.352       0.433       0.449       0.474

 NA       WITH
    PA              -0.248      -0.200      -0.176      -0.043       0.093       0.115       0.156

 Means
    SPA_PA           1.593       1.704       1.771       2.133       2.548       2.628       2.799
    SNA_NA           1.304       1.417       1.467       1.789       2.162       2.241       2.389

 Intercepts
    PA               3.320       3.448       3.520       3.889       4.264       4.340       4.495
    NA               1.671       1.766       1.807       2.015       2.229       2.273       2.358
    SPR_PA           1.297       1.405       1.482       1.904       2.466       2.608       2.891
    SPR_NA          -0.384      -0.319      -0.289      -0.109       0.058       0.087       0.140

 Variances
    SPA_PA           1.000       1.000       1.000       1.000       1.000       1.000       1.000
    SNA_NA           1.000       1.000       1.000       1.000       1.000       1.000       1.000

 Residual Variances
    PA               0.834       0.856       0.867       0.915       0.957       0.964       0.975
    NA               0.774       0.795       0.810       0.873       0.925       0.934       0.947
    SPR_PA           0.668       0.738       0.770       0.896       0.974       0.984       0.996
    SPR_NA           0.860       0.892       0.906       0.966       0.996       0.998       1.000


STDY Standardization

                  Lower .5%  Lower 2.5%    Lower 5%    Estimate    Upper 5%  Upper 2.5%   Upper .5%

Within Level

 NA       WITH
    PA               0.000      -0.510       0.000      -0.493       0.000      -0.476       0.000

 Means
    PER_CAPIT        0.000       0.905       0.000       0.931       0.000       0.957       0.000

 Variances
    PER_CAPIT        0.000       1.000       0.000       1.000       0.000       1.000       0.000

 Residual Variances
    PA               0.000       0.756       0.000       0.774       0.000       0.793       0.000
    NA               0.000       0.814       0.000       0.832       0.000       0.849       0.000

Between Level

 SPR_PA   ON
    ANHEDONIA       -0.072      -0.060      -0.055      -0.030      -0.005       0.000       0.009
    BDI_SUM         -0.002       0.014       0.021       0.058       0.092       0.098       0.112

 SPR_NA   ON
    ANHEDONIA       -0.014      -0.005      -0.002       0.018       0.038       0.042       0.051
    BDI_SUM         -0.072      -0.060      -0.056      -0.029       0.000       0.007       0.016

 PA       ON
    ANHEDONIA       -0.045      -0.041      -0.038      -0.024      -0.010      -0.007      -0.002
    BDI_SUM         -0.087      -0.080      -0.076      -0.057      -0.035      -0.031      -0.023

 NA       ON
    ANHEDONIA       -0.017      -0.012      -0.009       0.005       0.019       0.021       0.027
    BDI_SUM          0.052       0.058       0.062       0.082       0.101       0.105       0.111

 NA       WITH
    PA              -0.248      -0.200      -0.176      -0.043       0.093       0.115       0.156

 Means
    SPA_PA           1.593       1.704       1.771       2.133       2.548       2.628       2.799
    SNA_NA           1.304       1.417       1.467       1.789       2.162       2.241       2.389

 Intercepts
    PA               3.320       3.448       3.520       3.889       4.264       4.340       4.495
    NA               1.671       1.766       1.807       2.015       2.229       2.273       2.358
    SPR_PA           1.297       1.405       1.482       1.904       2.466       2.608       2.891
    SPR_NA          -0.384      -0.319      -0.289      -0.109       0.058       0.087       0.140

 Variances
    SPA_PA           1.000       1.000       1.000       1.000       1.000       1.000       1.000
    SNA_NA           1.000       1.000       1.000       1.000       1.000       1.000       1.000

 Residual Variances
    PA               0.834       0.856       0.867       0.915       0.957       0.964       0.975
    NA               0.774       0.795       0.810       0.873       0.925       0.934       0.947
    SPR_PA           0.668       0.738       0.770       0.896       0.974       0.984       0.996
    SPR_NA           0.860       0.892       0.906       0.966       0.996       0.998       1.000


STD Standardization

                  Lower .5%  Lower 2.5%    Lower 5%    Estimate    Upper 5%  Upper 2.5%   Upper .5%

Within Level

 NA       WITH
    PA               0.000     -52.706       0.000     -50.052       0.000     -47.503       0.000

 Means
    PER_CAPIT        0.000      23.638       0.000      24.185       0.000      24.739       0.000

 Variances
    PER_CAPIT        0.000     654.630       0.000     674.917       0.000     695.224       0.000

 Residual Variances
    PA               0.000     128.298       0.000     132.482       0.000     136.902       0.000
    NA               0.000      75.213       0.000      77.667       0.000      80.192       0.000

Between Level

 SPR_PA   ON
    ANHEDONIA       -0.072      -0.060      -0.055      -0.030      -0.005       0.000       0.009
    BDI_SUM         -0.002       0.014       0.021       0.058       0.092       0.098       0.112

 SPR_NA   ON
    ANHEDONIA       -0.014      -0.005      -0.002       0.018       0.038       0.042       0.051
    BDI_SUM         -0.072      -0.060      -0.056      -0.029       0.000       0.007       0.016

 PA       ON
    ANHEDONIA       -0.488      -0.424      -0.401      -0.248      -0.101      -0.080      -0.025
    BDI_SUM         -0.947      -0.850      -0.807      -0.594      -0.371      -0.323      -0.238

 NA       ON
    ANHEDONIA       -0.139      -0.098      -0.075       0.037       0.150       0.174       0.219
    BDI_SUM          0.414       0.469       0.497       0.662       0.822       0.857       0.920

 NA       WITH
    PA             -19.221     -15.646     -13.744      -3.170       6.965       8.720      11.468

 Means
    SPA_PA           1.593       1.704       1.771       2.133       2.548       2.628       2.799
    SNA_NA           1.304       1.417       1.467       1.789       2.162       2.241       2.389

 Intercepts
    PA              38.668      39.166      39.415      40.694      42.019      42.300      42.807
    NA              14.679      15.050      15.210      16.211      17.231      17.465      17.835
    SPR_PA           1.297       1.405       1.482       1.904       2.466       2.608       2.891
    SPR_NA          -0.384      -0.319      -0.289      -0.109       0.058       0.087       0.140

 Variances
    SPA_PA           1.000       1.000       1.000       1.000       1.000       1.000       1.000
    SNA_NA           1.000       1.000       1.000       1.000       1.000       1.000       1.000

 Residual Variances
    PA              75.445      80.675      83.188      99.922     122.244     127.393     135.462
    NA              42.105      45.147      46.646      56.321      69.150      71.611      76.765
    SPR_PA           0.668       0.738       0.770       0.896       0.974       0.984       0.996
    SPR_NA           0.860       0.892       0.906       0.966       0.996       0.998       1.000


TECHNICAL 1 OUTPUT


     PARAMETER SPECIFICATION FOR WITHIN


           NU
              PER_CAPI      PA            NA            PA&1          NA&1
              ________      ________      ________      ________      ________
                    0             0             0             0             0


           LAMBDA
              PER_CAPI      PA            NA            PA&1          NA&1
              ________      ________      ________      ________      ________
 PER_CAPI           0             0             0             0             0
 PA                 0             0             0             0             0
 NA                 0             0             0             0             0
 PA&1               0             0             0             0             0
 NA&1               0             0             0             0             0


           THETA
              PER_CAPI      PA            NA            PA&1          NA&1
              ________      ________      ________      ________      ________
 PER_CAPI           0
 PA                 0             0
 NA                 0             0             0
 PA&1               0             0             0             0
 NA&1               0             0             0             0             0


           ALPHA
              PER_CAPI      PA            NA            PA&1          NA&1
              ________      ________      ________      ________      ________
                    1             0             0             0             0


           BETA
              PER_CAPI      PA            NA            PA&1          NA&1
              ________      ________      ________      ________      ________
 PER_CAPI           0             0             0             0             0
 PA                 0             0             0             0             0
 NA                 0             0             0             0             0
 PA&1               0             0             0             0             0
 NA&1               0             0             0             0             0


           PSI
              PER_CAPI      PA            NA            PA&1          NA&1
              ________      ________      ________      ________      ________
 PER_CAPI           2
 PA                 0             3
 NA                 0             4             5
 PA&1               0             0             0             0
 NA&1               0             0             0             0             0


     PARAMETER SPECIFICATION FOR BETWEEN


           NU
              PA            NA            ANHEDONI      BDI_SUM
              ________      ________      ________      ________
                    0             0             0             0


           LAMBDA
              SPR_PA        SPR_NA        SPA_PA        SNA_NA        PA
              ________      ________      ________      ________      ________
 PA                 0             0             0             0             0
 NA                 0             0             0             0             0
 ANHEDONI           0             0             0             0             0
 BDI_SUM            0             0             0             0             0


           LAMBDA
              NA            ANHEDONI      BDI_SUM
              ________      ________      ________
 PA                 0             0             0
 NA                 0             0             0
 ANHEDONI           0             0             0
 BDI_SUM            0             0             0


           THETA
              PA            NA            ANHEDONI      BDI_SUM
              ________      ________      ________      ________
 PA                 0
 NA                 0             0
 ANHEDONI           0             0             0
 BDI_SUM            0             0             0             0


           ALPHA
              SPR_PA        SPR_NA        SPA_PA        SNA_NA        PA
              ________      ________      ________      ________      ________
                    6             7             8             9            10


           ALPHA
              NA            ANHEDONI      BDI_SUM
              ________      ________      ________
                   11             0             0


           BETA
              SPR_PA        SPR_NA        SPA_PA        SNA_NA        PA
              ________      ________      ________      ________      ________
 SPR_PA             0             0             0             0             0
 SPR_NA             0             0             0             0             0
 SPA_PA             0             0             0             0             0
 SNA_NA             0             0             0             0             0
 PA                 0             0             0             0             0
 NA                 0             0             0             0             0
 ANHEDONI           0             0             0             0             0
 BDI_SUM            0             0             0             0             0


           BETA
              NA            ANHEDONI      BDI_SUM
              ________      ________      ________
 SPR_PA             0            12            13
 SPR_NA             0            14            15
 SPA_PA             0             0             0
 SNA_NA             0             0             0
 PA                 0            16            17
 NA                 0            18            19
 ANHEDONI           0             0             0
 BDI_SUM            0             0             0


           PSI
              SPR_PA        SPR_NA        SPA_PA        SNA_NA        PA
              ________      ________      ________      ________      ________
 SPR_PA            20
 SPR_NA             0            21
 SPA_PA             0             0            22
 SNA_NA             0             0             0            23
 PA                 0             0             0             0            24
 NA                 0             0             0             0            25
 ANHEDONI           0             0             0             0             0
 BDI_SUM            0             0             0             0             0


           PSI
              NA            ANHEDONI      BDI_SUM
              ________      ________      ________
 NA                26
 ANHEDONI           0             0
 BDI_SUM            0             0             0


     STARTING VALUES FOR WITHIN


           NU
              PER_CAPI      PA            NA            PA&1          NA&1
              ________      ________      ________      ________      ________
                0.000         0.000         0.000         0.000         0.000


           LAMBDA
              PER_CAPI      PA            NA            PA&1          NA&1
              ________      ________      ________      ________      ________
 PER_CAPI       1.000         0.000         0.000         0.000         0.000
 PA             0.000         1.000         0.000         0.000         0.000
 NA             0.000         0.000         1.000         0.000         0.000
 PA&1           0.000         0.000         0.000         1.000         0.000
 NA&1           0.000         0.000         0.000         0.000         1.000


           THETA
              PER_CAPI      PA            NA            PA&1          NA&1
              ________      ________      ________      ________      ________
 PER_CAPI       0.000
 PA             0.000         0.000
 NA             0.000         0.000         0.000
 PA&1           0.000         0.000         0.000         0.000
 NA&1           0.000         0.000         0.000         0.000         0.000


           ALPHA
              PER_CAPI      PA            NA            PA&1          NA&1
              ________      ________      ________      ________      ________
                0.000         0.000         0.000         0.000         0.000


           BETA
              PER_CAPI      PA            NA            PA&1          NA&1
              ________      ________      ________      ________      ________
 PER_CAPI       0.000         0.000         0.000         0.000         0.000
 PA             0.000         0.000         0.000         0.000         0.000
 NA             0.000         0.000         0.000         0.000         0.000
 PA&1           0.000         0.000         0.000         0.000         0.000
 NA&1           0.000         0.000         0.000         0.000         0.000


           PSI
              PER_CAPI      PA            NA            PA&1          NA&1
              ________      ________      ________      ________      ________
 PER_CAPI     336.378
 PA             0.000       151.142
 NA             0.000         0.000        83.369
 PA&1           0.000         0.000         0.000       151.154
 NA&1           0.000         0.000         0.000         0.000        83.284


     STARTING VALUES FOR BETWEEN


           NU
              PA            NA            ANHEDONI      BDI_SUM
              ________      ________      ________      ________
                0.000         0.000         0.000         0.000


           LAMBDA
              SPR_PA        SPR_NA        SPA_PA        SNA_NA        PA
              ________      ________      ________      ________      ________
 PA             0.000         0.000         0.000         0.000         1.000
 NA             0.000         0.000         0.000         0.000         0.000
 ANHEDONI       0.000         0.000         0.000         0.000         0.000
 BDI_SUM        0.000         0.000         0.000         0.000         0.000


           LAMBDA
              NA            ANHEDONI      BDI_SUM
              ________      ________      ________
 PA             0.000         0.000         0.000
 NA             1.000         0.000         0.000
 ANHEDONI       0.000         1.000         0.000
 BDI_SUM        0.000         0.000         1.000


           THETA
              PA            NA            ANHEDONI      BDI_SUM
              ________      ________      ________      ________
 PA             0.000
 NA             0.000         0.000
 ANHEDONI       0.000         0.000         0.000
 BDI_SUM        0.000         0.000         0.000         0.000


           ALPHA
              SPR_PA        SPR_NA        SPA_PA        SNA_NA        PA
              ________      ________      ________      ________      ________
                0.000         0.000         0.000         0.000        45.712


           ALPHA
              NA            ANHEDONI      BDI_SUM
              ________      ________      ________
               15.187         0.000         0.000


           BETA
              SPR_PA        SPR_NA        SPA_PA        SNA_NA        PA
              ________      ________      ________      ________      ________
 SPR_PA         0.000         0.000         0.000         0.000         0.000
 SPR_NA         0.000         0.000         0.000         0.000         0.000
 SPA_PA         0.000         0.000         0.000         0.000         0.000
 SNA_NA         0.000         0.000         0.000         0.000         0.000
 PA             0.000         0.000         0.000         0.000         0.000
 NA             0.000         0.000         0.000         0.000         0.000
 ANHEDONI       0.000         0.000         0.000         0.000         0.000
 BDI_SUM        0.000         0.000         0.000         0.000         0.000


           BETA
              NA            ANHEDONI      BDI_SUM
              ________      ________      ________
 SPR_PA         0.000         0.000         0.000
 SPR_NA         0.000         0.000         0.000
 SPA_PA         0.000         0.000         0.000
 SNA_NA         0.000         0.000         0.000
 PA             0.000         0.000         0.000
 NA             0.000         0.000         0.000
 ANHEDONI       0.000         0.000         0.000
 BDI_SUM        0.000         0.000         0.000


           PSI
              SPR_PA        SPR_NA        SPA_PA        SNA_NA        PA
              ________      ________      ________      ________      ________
 SPR_PA         1.000
 SPR_NA         0.000         1.000
 SPA_PA         0.000         0.000         1.000
 SNA_NA         0.000         0.000         0.000         1.000
 PA             0.000         0.000         0.000         0.000       151.142
 NA             0.000         0.000         0.000         0.000         0.000
 ANHEDONI       0.000         0.000         0.000         0.000         0.000
 BDI_SUM        0.000         0.000         0.000         0.000         0.000


           PSI
              NA            ANHEDONI      BDI_SUM
              ________      ________      ________
 NA            83.369
 ANHEDONI       0.000        39.493
 BDI_SUM        0.000         0.000        18.288



     PRIORS FOR ALL PARAMETERS            PRIOR MEAN      PRIOR VARIANCE     PRIOR STD. DEV.

     Parameter 1~N(0.000,infinity)           0.0000            infinity            infinity
     Parameter 2~IG(-1.000,0.000)          infinity            infinity            infinity
     Parameter 3~IW(0.000,-3)              infinity            infinity            infinity
     Parameter 4~IW(0.000,-3)              infinity            infinity            infinity
     Parameter 5~IW(0.000,-3)              infinity            infinity            infinity
     Parameter 6~N(0.000,infinity)           0.0000            infinity            infinity
     Parameter 7~N(0.000,infinity)           0.0000            infinity            infinity
     Parameter 8~N(0.000,infinity)           0.0000            infinity            infinity
     Parameter 9~N(0.000,infinity)           0.0000            infinity            infinity
     Parameter 10~N(0.000,infinity)          0.0000            infinity            infinity
     Parameter 11~N(0.000,infinity)          0.0000            infinity            infinity
     Parameter 12~N(0.000,infinity)          0.0000            infinity            infinity
     Parameter 13~N(0.000,infinity)          0.0000            infinity            infinity
     Parameter 14~N(0.000,infinity)          0.0000            infinity            infinity
     Parameter 15~N(0.000,infinity)          0.0000            infinity            infinity
     Parameter 16~N(0.000,infinity)          0.0000            infinity            infinity
     Parameter 17~N(0.000,infinity)          0.0000            infinity            infinity
     Parameter 18~N(0.000,infinity)          0.0000            infinity            infinity
     Parameter 19~N(0.000,infinity)          0.0000            infinity            infinity
     Parameter 20~IG(-1.000,0.000)         infinity            infinity            infinity
     Parameter 21~IG(-1.000,0.000)         infinity            infinity            infinity
     Parameter 22~IG(-1.000,0.000)         infinity            infinity            infinity
     Parameter 23~IG(-1.000,0.000)         infinity            infinity            infinity
     Parameter 24~IW(0.000,-3)             infinity            infinity            infinity
     Parameter 25~IW(0.000,-3)             infinity            infinity            infinity
     Parameter 26~IW(0.000,-3)             infinity            infinity            infinity


TECHNICAL 8 OUTPUT


   TECHNICAL 8 OUTPUT FOR BAYES ESTIMATION

     PROCESSOR    BSEED
     1            0
     2            285380
     3            253358
     4            93468
     5            608496
     6            903420
     7            195873
     8            462953
     9            939021
     10           127215
     11           415931
     12           533738
     13           107446
     14           399671
     15           650371
     16           27071

                     POTENTIAL       PARAMETER WITH
     ITERATION    SCALE REDUCTION      HIGHEST PSR
     100              1.301               20
     200              1.099               8
     300              1.046               6
     400              1.034               3
     500              1.021               9
     600              1.030               9
     700              1.052               9
     800              1.056               9
     900              1.054               9
     1000             1.032               9
     1100             1.061               9
     1200             1.044               9
     1300             1.047               9
     1400             1.036               9
     1500             1.016               9
     1600             1.012               3
     1700             1.008               3
     1800             1.012               3
     1900             1.014               3
     2000             1.013               3
     2100             1.017               7
     2200             1.021               7
     2300             1.024               7
     2400             1.015               7
     2500             1.015               3
     2600             1.013               3
     2700             1.007               1


PLOT INFORMATION

The following plots are available:

  Histograms (sample values)
  Scatterplots (sample values)
  Between-level histograms (sample values, sample means/variances)
  Between-level scatterplots (sample values, sample means/variances)
  Time series plots (sample values, ACF, PACF)
  Histogram of subjects per time point
  Time interval plots
  Bayesian posterior parameter distributions
  Bayesian posterior parameter trace plots
  Bayesian autocorrelation plots

     Beginning Time:  01:00:28
        Ending Time:  01:02:52
       Elapsed Time:  00:02:24



MUTHEN & MUTHEN
3463 Stoner Ave.
Los Angeles, CA  90066

Tel: (310) 391-9971
Fax: (310) 391-8971
Web: www.StatModel.com
Support: Support@StatModel.com

Copyright (c) 1998-2022 Muthen & Muthen
